size of data: (753,)
size of train size: 602
GBDT parameter
Namespace(n_estimators=10000, dataset='CHEMBL1836', max_depth=7, learning_rate=0.01, criterion='friedman_mse', subsample=0.7, max_features='sqrt', min_samples_split=3, loss='ls', n_iter_no_change=None, random_seed=0)
fold= 1
>>>>>>>>>>>>>training.............
###############################################GBDT#####################################################
GBDT_BET的BA值：-11.899892893572726
GBDT_BET:RMSD: 1.155502, P: 0.747239, R^2: 0.543087
GBDT_AE的BA值 ：-11.647858464023903
GBDT_AE :RMSD: 1.073034, P: 0.788629, R^2: 0.605979
GBDT_ECFP的BA值 ：-12.095274853573246
GBDT_ECFP :RMSD: 1.029970, P: 0.801717, R^2: 0.636971
GBDT_AE_BET的BA值    ：-11.594420201643597
GBDT_AE_BET    :RMSD: 1.099533, P: 0.776919, R^2: 0.586277
GBDT_AE_ECFP的BA值    ：-11.812091660137868
GBDT_AE_ECFP    :RMSD: 1.008851, P: 0.809657, R^2: 0.651705
GBDT_BET_ECFP的BA值    ：-11.957013734253628
GBDT_BET_ECFP    :RMSD: 1.055143, P: 0.789616, R^2: 0.619009
GBDT_AE_BET_ECFP的BA值    ：-11.734324992740575
GBDT_AE_BET_ECFP    :RMSD: 1.044185, P: 0.796813, R^2: 0.626881
fold= 2
>>>>>>>>>>>>>training.............
###############################################GBDT#####################################################
GBDT_BET的BA值：-12.26485807198946
GBDT_BET:RMSD: 1.179378, P: 0.770097, R^2: 0.570583
GBDT_AE的BA值 ：-11.780544982441336
GBDT_AE :RMSD: 1.176676, P: 0.775045, R^2: 0.572548
GBDT_ECFP的BA值 ：-12.494646745623687
GBDT_ECFP :RMSD: 1.136442, P: 0.776861, R^2: 0.601280
GBDT_AE_BET的BA值    ：-11.903141790042461
GBDT_AE_BET    :RMSD: 1.164635, P: 0.782329, R^2: 0.581252
GBDT_AE_ECFP的BA值    ：-11.948873821689322
GBDT_AE_ECFP    :RMSD: 1.097849, P: 0.801852, R^2: 0.627901
GBDT_BET_ECFP的BA值    ：-12.289286807714294
GBDT_BET_ECFP    :RMSD: 1.104210, P: 0.797578, R^2: 0.623577
GBDT_AE_BET_ECFP的BA值    ：-12.039999707841352
GBDT_AE_BET_ECFP    :RMSD: 1.108388, P: 0.802095, R^2: 0.620723
fold= 3
>>>>>>>>>>>>>training.............
###############################################GBDT#####################################################
GBDT_BET的BA值：-12.216100322103511
GBDT_BET:RMSD: 1.022559, P: 0.829371, R^2: 0.658515
GBDT_AE的BA值 ：-11.776216753055424
GBDT_AE :RMSD: 1.038498, P: 0.837088, R^2: 0.647786
GBDT_ECFP的BA值 ：-12.04614685276514
GBDT_ECFP :RMSD: 0.885240, P: 0.863527, R^2: 0.744072
GBDT_AE_BET的BA值    ：-11.90543281315418
GBDT_AE_BET    :RMSD: 1.017470, P: 0.841215, R^2: 0.661905
GBDT_AE_ECFP的BA值    ：-11.860157673582826
GBDT_AE_ECFP    :RMSD: 0.914117, P: 0.864229, R^2: 0.727103
GBDT_BET_ECFP的BA值    ：-12.131123587434326
GBDT_BET_ECFP    :RMSD: 0.912465, P: 0.861191, R^2: 0.728088
GBDT_AE_BET_ECFP的BA值    ：-11.952337493024501
GBDT_AE_BET_ECFP    :RMSD: 0.937256, P: 0.860207, R^2: 0.713113
fold= 4
>>>>>>>>>>>>>training.............
###############################################GBDT#####################################################
GBDT_BET的BA值：-11.736782953835704
GBDT_BET:RMSD: 1.101788, P: 0.845100, R^2: 0.643042
GBDT_AE的BA值 ：-11.748926835159011
GBDT_AE :RMSD: 1.181667, P: 0.805535, R^2: 0.589407
GBDT_ECFP的BA值 ：-13.09024741031316
GBDT_ECFP :RMSD: 1.002413, P: 0.861942, R^2: 0.704529
GBDT_AE_BET的BA值    ：-11.72870117020777
GBDT_AE_BET    :RMSD: 1.130956, P: 0.834546, R^2: 0.623891
GBDT_AE_ECFP的BA值    ：-12.15868532270559
GBDT_AE_ECFP    :RMSD: 1.047629, P: 0.851635, R^2: 0.677272
GBDT_BET_ECFP的BA值    ：-12.067876107087011
GBDT_BET_ECFP    :RMSD: 1.009599, P: 0.868876, R^2: 0.700277
GBDT_AE_BET_ECFP的BA值    ：-11.818320079400948
GBDT_AE_BET_ECFP    :RMSD: 1.052426, P: 0.857124, R^2: 0.674310
fold= 5
>>>>>>>>>>>>>training.............
###############################################GBDT#####################################################
GBDT_BET的BA值：-12.632003805819568
GBDT_BET:RMSD: 1.045184, P: 0.841816, R^2: 0.678963
GBDT_AE的BA值 ：-12.359276564671664
GBDT_AE :RMSD: 1.049926, P: 0.855133, R^2: 0.676044
GBDT_ECFP的BA值 ：-13.795701209832767
GBDT_ECFP :RMSD: 0.857250, P: 0.891977, R^2: 0.784035
GBDT_AE_BET的BA值    ：-12.495640185245616
GBDT_AE_BET    :RMSD: 1.024401, P: 0.858838, R^2: 0.691604
GBDT_AE_ECFP的BA值    ：-13.077488887252215
GBDT_AE_ECFP    :RMSD: 0.896375, P: 0.892738, R^2: 0.763871
GBDT_BET_ECFP的BA值    ：-13.213852507826168
GBDT_BET_ECFP    :RMSD: 0.900751, P: 0.885805, R^2: 0.761561
GBDT_AE_BET_ECFP的BA值    ：-12.928993860108
GBDT_AE_BET_ECFP    :RMSD: 0.926602, P: 0.885146, R^2: 0.747678
fold= 6
>>>>>>>>>>>>>training.............
###############################################GBDT#####################################################
GBDT_BET的BA值：-12.009106914822441
GBDT_BET:RMSD: 0.920626, P: 0.862759, R^2: 0.688959
GBDT_AE的BA值 ：-11.938026606861289
GBDT_AE :RMSD: 0.999781, P: 0.836396, R^2: 0.633174
GBDT_ECFP的BA值 ：-12.81806953126857
GBDT_ECFP :RMSD: 1.024939, P: 0.797795, R^2: 0.614480
GBDT_AE_BET的BA值    ：-11.973566760841866
GBDT_AE_BET    :RMSD: 0.950575, P: 0.857082, R^2: 0.668393
GBDT_AE_ECFP的BA值    ：-12.37804806906493
GBDT_AE_ECFP    :RMSD: 0.971179, P: 0.833100, R^2: 0.653862
GBDT_BET_ECFP的BA值    ：-12.413588223045505
GBDT_BET_ECFP    :RMSD: 0.938565, P: 0.843875, R^2: 0.676720
GBDT_AE_BET_ECFP的BA值    ：-12.255067684317433
GBDT_AE_BET_ECFP    :RMSD: 0.943582, P: 0.849644, R^2: 0.673254
fold= 7
>>>>>>>>>>>>>training.............
###############################################GBDT#####################################################
GBDT_BET的BA值：-12.441344732904076
GBDT_BET:RMSD: 1.159098, P: 0.797428, R^2: 0.585115
GBDT_AE的BA值 ：-11.8038312751421
GBDT_AE :RMSD: 1.114094, P: 0.816019, R^2: 0.616707
GBDT_ECFP的BA值 ：-12.32572320417556
GBDT_ECFP :RMSD: 1.183659, P: 0.766627, R^2: 0.567346
GBDT_AE_BET的BA值    ：-12.122588004023088
GBDT_AE_BET    :RMSD: 1.125741, P: 0.812827, R^2: 0.608650
GBDT_AE_ECFP的BA值    ：-11.91835845900212
GBDT_AE_ECFP    :RMSD: 1.074869, P: 0.813959, R^2: 0.643221
GBDT_BET_ECFP的BA值    ：-12.237115187883107
GBDT_BET_ECFP    :RMSD: 1.113329, P: 0.800120, R^2: 0.617233
GBDT_AE_BET_ECFP的BA值    ：-12.092687216969438
GBDT_AE_BET_ECFP    :RMSD: 1.088464, P: 0.816211, R^2: 0.634139
fold= 8
>>>>>>>>>>>>>training.............
###############################################GBDT#####################################################
GBDT_BET的BA值：-12.434346621783185
GBDT_BET:RMSD: 1.110009, P: 0.836490, R^2: 0.649548
GBDT_AE的BA值 ：-11.8365038042899
GBDT_AE :RMSD: 1.214992, P: 0.822791, R^2: 0.580123
GBDT_ECFP的BA值 ：-13.755203222440684
GBDT_ECFP :RMSD: 0.878725, P: 0.888537, R^2: 0.780376
GBDT_AE_BET的BA值    ：-12.135425213036541
GBDT_AE_BET    :RMSD: 1.150222, P: 0.836285, R^2: 0.623696
GBDT_AE_ECFP的BA值    ：-12.614381249088662
GBDT_AE_ECFP    :RMSD: 0.958808, P: 0.878036, R^2: 0.738520
GBDT_BET_ECFP的BA值    ：-12.80390914965148
GBDT_BET_ECFP    :RMSD: 0.931116, P: 0.879685, R^2: 0.753406
GBDT_AE_BET_ECFP的BA值    ：-12.48144070119762
GBDT_AE_BET_ECFP    :RMSD: 0.997593, P: 0.870741, R^2: 0.716938
fold= 9
>>>>>>>>>>>>>training.............
###############################################GBDT#####################################################
GBDT_BET的BA值：-12.345983112899672
GBDT_BET:RMSD: 0.956539, P: 0.835115, R^2: 0.661905
GBDT_AE的BA值 ：-11.70609626030908
GBDT_AE :RMSD: 1.021891, P: 0.825858, R^2: 0.614128
GBDT_ECFP的BA值 ：-12.189637454411601
GBDT_ECFP :RMSD: 0.925951, P: 0.834621, R^2: 0.683181
GBDT_AE_BET的BA值    ：-12.026039686604376
GBDT_AE_BET    :RMSD: 0.977188, P: 0.838232, R^2: 0.647149
GBDT_AE_ECFP的BA值    ：-11.909815160233773
GBDT_AE_ECFP    :RMSD: 0.939820, P: 0.845955, R^2: 0.673620
GBDT_BET_ECFP的BA值    ：-11.96835347918956
GBDT_BET_ECFP    :RMSD: 0.911694, P: 0.848983, R^2: 0.692863
GBDT_AE_BET_ECFP的BA值    ：-11.870758261507126
GBDT_AE_BET_ECFP    :RMSD: 0.934568, P: 0.849079, R^2: 0.677257
fold= 10
>>>>>>>>>>>>>training.............
###############################################GBDT#####################################################
GBDT_BET的BA值：-11.995789441583598
GBDT_BET:RMSD: 1.035899, P: 0.791305, R^2: 0.593916
GBDT_AE的BA值 ：-11.949793710737044
GBDT_AE :RMSD: 1.095752, P: 0.749916, R^2: 0.545635
GBDT_ECFP的BA值 ：-12.076465112171975
GBDT_ECFP :RMSD: 1.099761, P: 0.740031, R^2: 0.542304
GBDT_AE_BET的BA值    ：-11.972791576160322
GBDT_AE_BET    :RMSD: 1.054961, P: 0.779780, R^2: 0.578834
GBDT_AE_ECFP的BA值    ：-11.803202050408181
GBDT_AE_ECFP    :RMSD: 1.039628, P: 0.774903, R^2: 0.590987
GBDT_BET_ECFP的BA值    ：-11.81762883471423
GBDT_BET_ECFP    :RMSD: 1.020989, P: 0.784986, R^2: 0.605522
GBDT_AE_BET_ECFP的BA值    ：-11.72546778762136
GBDT_AE_BET_ECFP    :RMSD: 1.025319, P: 0.788209, R^2: 0.602169
@@@@@@@@@@@@@@@@@@@@@@@@@@@@@@@@@@@@@@@@@@@最终结果@@@@@@@@@@@@@@@@@@@@@@@@@@@@@@@@@@@@@@@@@@@@@@@@@@
@@@@@@@@@@@@@@@@@@@@@@@@@@@@@@@@@@@@@@@@@@@最终结果@@@@@@@@@@@@@@@@@@@@@@@@@@@@@@@@@@@@@@@@@@@@@@@@@@
%%%%%%%%%%%%%%%%%%%%%%%%%%%%%%%%%%%%%%%%%%%GBDT%%%%%%%%%%%%%%%%%%%%%%%%%%%%%%%%%%%%%%%%%%%%%%%%%%%%%%
GBDT_BET:0-th Final RMSD: 1.072084, Final P: 0.810656, Final R^2: 0.632931
GBDT_AE :0-th Final RMSD: 1.098860, Final P: 0.805266, Final R^2: 0.614367
GBDT_ECFP :0-th Final RMSD: 1.008336, Final P: 0.823738, Final R^2: 0.675287
GBDT_AE_BET    :0-th Final RMSD: 1.072046, Final P: 0.816888, Final R^2: 0.632957
GBDT_AE_ECFP    :0-th Final RMSD: 0.997127, Final P: 0.836259, Final R^2: 0.682465
GBDT_BET_ECFP    :0-th Final RMSD: 0.992955, Final P: 0.835505, Final R^2: 0.685117
GBDT_AE_BET_ECFP    :0-th Final RMSD: 1.007991, Final P: 0.836024, Final R^2: 0.675508
0-th GBDT_AE的BA值 ：-12.359277
0-th GBDT_BET的BA值：-12.632004
0-th GBDT_ECFP的BA值 ：-13.795701
0-th GBDT_AE_BET的BA值：-12.495640
0-th GBDT_AE_ECFP的BA值    ：-13.077489
0-th GBDT_BET_ECFP的BA值    ：-13.213853
0-th GBDT_AE_BET_ECFP的BA值    ：-12.928994
total time: 0.34836870690186816 h
