size of data: (353,)
size of train size: 282
GBDT parameter
Namespace(n_estimators=10000, dataset='CHEMBL2593', max_depth=7, learning_rate=0.01, criterion='friedman_mse', subsample=0.7, max_features='sqrt', min_samples_split=3, loss='ls', n_iter_no_change=None, random_seed=0)
fold= 1
>>>>>>>>>>>>>training.............
###############################################GBDT#####################################################
GBDT_BET的BA值：-10.821365670724617
GBDT_BET:RMSD: 0.793530, P: 0.848965, R^2: 0.661923
GBDT_AE的BA值 ：-10.532512287531082
GBDT_AE :RMSD: 0.882245, P: 0.818232, R^2: 0.582104
GBDT_ECFP的BA值 ：-11.462495640062167
GBDT_ECFP :RMSD: 0.802602, P: 0.816448, R^2: 0.654149
GBDT_AE_BET的BA值    ：-10.560636542251494
GBDT_AE_BET    :RMSD: 0.814820, P: 0.855545, R^2: 0.643538
GBDT_AE_ECFP的BA值    ：-10.921327548249252
GBDT_AE_ECFP    :RMSD: 0.766002, P: 0.849330, R^2: 0.684972
GBDT_BET_ECFP的BA值    ：-11.141930655393391
GBDT_BET_ECFP    :RMSD: 0.745793, P: 0.853516, R^2: 0.701375
GBDT_AE_BET_ECFP的BA值    ：-10.810471964490135
GBDT_AE_BET_ECFP    :RMSD: 0.758315, P: 0.861966, R^2: 0.691263
fold= 2
>>>>>>>>>>>>>training.............
###############################################GBDT#####################################################
GBDT_BET的BA值：-10.86622791002878
GBDT_BET:RMSD: 0.865985, P: 0.832485, R^2: 0.684136
GBDT_AE的BA值 ：-10.762747640232146
GBDT_AE :RMSD: 0.871933, P: 0.839428, R^2: 0.679782
GBDT_ECFP的BA值 ：-11.19883112097314
GBDT_ECFP :RMSD: 0.859442, P: 0.832032, R^2: 0.688891
GBDT_AE_BET的BA值    ：-10.814487775130463
GBDT_AE_BET    :RMSD: 0.856126, P: 0.842876, R^2: 0.691287
GBDT_AE_ECFP的BA值    ：-10.952010610150063
GBDT_AE_ECFP    :RMSD: 0.827506, P: 0.846556, R^2: 0.711582
GBDT_BET_ECFP的BA值    ：-10.940745748969537
GBDT_BET_ECFP    :RMSD: 0.827156, P: 0.844891, R^2: 0.711826
GBDT_AE_BET_ECFP的BA值    ：-10.862227199088688
GBDT_AE_BET_ECFP    :RMSD: 0.827230, P: 0.848619, R^2: 0.711775
fold= 3
>>>>>>>>>>>>>training.............
###############################################GBDT#####################################################
GBDT_BET的BA值：-10.520678560184539
GBDT_BET:RMSD: 1.088800, P: 0.629438, R^2: 0.286433
GBDT_AE的BA值 ：-10.28569213546547
GBDT_AE :RMSD: 1.049893, P: 0.658916, R^2: 0.336519
GBDT_ECFP的BA值 ：-10.709059101129574
GBDT_ECFP :RMSD: 1.140933, P: 0.618606, R^2: 0.216463
GBDT_AE_BET的BA值    ：-10.364832361695337
GBDT_AE_BET    :RMSD: 1.060350, P: 0.650159, R^2: 0.323236
GBDT_AE_ECFP的BA值    ：-10.497375618297522
GBDT_AE_ECFP    :RMSD: 1.074768, P: 0.649618, R^2: 0.304707
GBDT_BET_ECFP的BA值    ：-10.576515844527389
GBDT_BET_ECFP    :RMSD: 1.093959, P: 0.636109, R^2: 0.279654
GBDT_AE_BET_ECFP的BA值    ：-10.479574608173415
GBDT_AE_BET_ECFP    :RMSD: 1.070585, P: 0.648876, R^2: 0.310108
fold= 4
>>>>>>>>>>>>>training.............
###############################################GBDT#####################################################
GBDT_BET的BA值：-10.535190056728258
GBDT_BET:RMSD: 1.047613, P: 0.744894, R^2: 0.525643
GBDT_AE的BA值 ：-10.464126421349633
GBDT_AE :RMSD: 1.054336, P: 0.769817, R^2: 0.519535
GBDT_ECFP的BA值 ：-11.319724835723937
GBDT_ECFP :RMSD: 0.847235, P: 0.833856, R^2: 0.689751
GBDT_AE_BET的BA值    ：-10.366315854042973
GBDT_AE_BET    :RMSD: 1.037710, P: 0.766258, R^2: 0.534569
GBDT_AE_ECFP的BA值    ：-10.704405113953044
GBDT_AE_ECFP    :RMSD: 0.884729, P: 0.841202, R^2: 0.661683
GBDT_BET_ECFP的BA值    ：-10.873279316638328
GBDT_BET_ECFP    :RMSD: 0.889036, P: 0.830997, R^2: 0.658381
GBDT_AE_BET_ECFP的BA值    ：-10.648000094878116
GBDT_AE_BET_ECFP    :RMSD: 0.923337, P: 0.824343, R^2: 0.631511
fold= 5
>>>>>>>>>>>>>training.............
###############################################GBDT#####################################################
GBDT_BET的BA值：-10.857081349594434
GBDT_BET:RMSD: 1.059488, P: 0.715204, R^2: 0.383000
GBDT_AE的BA值 ：-10.654792998094873
GBDT_AE :RMSD: 1.052256, P: 0.750913, R^2: 0.391394
GBDT_ECFP的BA值 ：-11.737053059577102
GBDT_ECFP :RMSD: 0.842622, P: 0.811136, R^2: 0.609736
GBDT_AE_BET的BA值    ：-10.501970232842261
GBDT_AE_BET    :RMSD: 1.028541, P: 0.752244, R^2: 0.418518
GBDT_AE_ECFP的BA值    ：-11.195923028835988
GBDT_AE_ECFP    :RMSD: 0.870470, P: 0.818551, R^2: 0.583514
GBDT_BET_ECFP的BA值    ：-11.036416859971798
GBDT_BET_ECFP    :RMSD: 0.894047, P: 0.794750, R^2: 0.560648
GBDT_AE_BET_ECFP的BA值    ：-10.909208906012822
GBDT_AE_BET_ECFP    :RMSD: 0.914085, P: 0.799754, R^2: 0.540732
fold= 6
>>>>>>>>>>>>>training.............
###############################################GBDT#####################################################
GBDT_BET的BA值：-11.114825786581497
GBDT_BET:RMSD: 1.099725, P: 0.860119, R^2: 0.615722
GBDT_AE的BA值 ：-10.645120280614737
GBDT_AE :RMSD: 1.095385, P: 0.857606, R^2: 0.618749
GBDT_ECFP的BA值 ：-11.478103089319307
GBDT_ECFP :RMSD: 0.985846, P: 0.854054, R^2: 0.691187
GBDT_AE_BET的BA值    ：-10.879973033598116
GBDT_AE_BET    :RMSD: 1.080358, P: 0.872820, R^2: 0.629138
GBDT_AE_ECFP的BA值    ：-10.961855883110278
GBDT_AE_ECFP    :RMSD: 0.992651, P: 0.882113, R^2: 0.686909
GBDT_BET_ECFP的BA值    ：-11.056267986649015
GBDT_BET_ECFP    :RMSD: 1.001849, P: 0.878534, R^2: 0.681080
GBDT_AE_BET_ECFP的BA值    ：-10.919218751304257
GBDT_AE_BET_ECFP    :RMSD: 1.013452, P: 0.885742, R^2: 0.673650
fold= 7
>>>>>>>>>>>>>training.............
###############################################GBDT#####################################################
GBDT_BET的BA值：-10.810328058467626
GBDT_BET:RMSD: 0.964735, P: 0.834516, R^2: 0.661420
GBDT_AE的BA值 ：-10.596014799762965
GBDT_AE :RMSD: 1.073059, P: 0.781010, R^2: 0.581118
GBDT_ECFP的BA值 ：-11.851830724324024
GBDT_ECFP :RMSD: 0.898434, P: 0.845333, R^2: 0.706358
GBDT_AE_BET的BA值    ：-10.703171429115296
GBDT_AE_BET    :RMSD: 1.004653, P: 0.819939, R^2: 0.632821
GBDT_AE_ECFP的BA值    ：-11.223922762043495
GBDT_AE_ECFP    :RMSD: 0.933898, P: 0.839410, R^2: 0.682719
GBDT_BET_ECFP的BA值    ：-11.331079391395825
GBDT_BET_ECFP    :RMSD: 0.880383, P: 0.859230, R^2: 0.718039
GBDT_AE_BET_ECFP的BA值    ：-11.08605786085154
GBDT_AE_BET_ECFP    :RMSD: 0.927177, P: 0.846901, R^2: 0.687269
fold= 8
>>>>>>>>>>>>>training.............
###############################################GBDT#####################################################
GBDT_BET的BA值：-11.040434072453088
GBDT_BET:RMSD: 1.055025, P: 0.826422, R^2: 0.640004
GBDT_AE的BA值 ：-10.701667564191053
GBDT_AE :RMSD: 1.027876, P: 0.853032, R^2: 0.658293
GBDT_ECFP的BA值 ：-11.27858652220235
GBDT_ECFP :RMSD: 0.860627, P: 0.888957, R^2: 0.760446
GBDT_AE_BET的BA值    ：-10.818995782773094
GBDT_AE_BET    :RMSD: 1.027013, P: 0.847387, R^2: 0.658866
GBDT_AE_ECFP的BA值    ：-10.947515878705557
GBDT_AE_ECFP    :RMSD: 0.914495, P: 0.888314, R^2: 0.729520
GBDT_BET_ECFP的BA值    ：-11.129630711686744
GBDT_BET_ECFP    :RMSD: 0.919627, P: 0.878285, R^2: 0.726475
GBDT_AE_BET_ECFP的BA值    ：-10.958568886194085
GBDT_AE_BET_ECFP    :RMSD: 0.944975, P: 0.876962, R^2: 0.711189
fold= 9
>>>>>>>>>>>>>training.............
###############################################GBDT#####################################################
GBDT_BET的BA值：-11.095713503885355
GBDT_BET:RMSD: 1.257082, P: 0.561867, R^2: 0.284486
GBDT_AE的BA值 ：-10.217313322385543
GBDT_AE :RMSD: 1.279361, P: 0.592855, R^2: 0.258899
GBDT_ECFP的BA值 ：-12.547755874136127
GBDT_ECFP :RMSD: 1.137833, P: 0.661182, R^2: 0.413796
GBDT_AE_BET的BA值    ：-10.647325356817223
GBDT_AE_BET    :RMSD: 1.245431, P: 0.588635, R^2: 0.297687
GBDT_AE_ECFP的BA值    ：-11.37334654194261
GBDT_AE_ECFP    :RMSD: 1.144112, P: 0.670104, R^2: 0.407309
GBDT_BET_ECFP的BA值    ：-11.821734689010741
GBDT_BET_ECFP    :RMSD: 1.158684, P: 0.639706, R^2: 0.392115
GBDT_AE_BET_ECFP的BA值    ：-11.280802195923526
GBDT_AE_BET_ECFP    :RMSD: 1.168992, P: 0.642890, R^2: 0.381251
fold= 10
>>>>>>>>>>>>>training.............
###############################################GBDT#####################################################
GBDT_BET的BA值：-10.931728216309578
GBDT_BET:RMSD: 0.861957, P: 0.844194, R^2: 0.691019
GBDT_AE的BA值 ：-10.553881094520705
GBDT_AE :RMSD: 0.949886, P: 0.805976, R^2: 0.624765
GBDT_ECFP的BA值 ：-11.583900130488972
GBDT_ECFP :RMSD: 0.896926, P: 0.831818, R^2: 0.665440
GBDT_AE_BET的BA值    ：-10.742804655415142
GBDT_AE_BET    :RMSD: 0.896507, P: 0.831618, R^2: 0.665753
GBDT_AE_ECFP的BA值    ：-11.068890612504838
GBDT_AE_ECFP    :RMSD: 0.859397, P: 0.834393, R^2: 0.692852
GBDT_BET_ECFP的BA值    ：-11.257814173399275
GBDT_BET_ECFP    :RMSD: 0.822007, P: 0.848926, R^2: 0.718997
GBDT_AE_BET_ECFP的BA值    ：-11.023169813773086
GBDT_AE_BET_ECFP    :RMSD: 0.844735, P: 0.842803, R^2: 0.703242
@@@@@@@@@@@@@@@@@@@@@@@@@@@@@@@@@@@@@@@@@@@最终结果@@@@@@@@@@@@@@@@@@@@@@@@@@@@@@@@@@@@@@@@@@@@@@@@@@
@@@@@@@@@@@@@@@@@@@@@@@@@@@@@@@@@@@@@@@@@@@最终结果@@@@@@@@@@@@@@@@@@@@@@@@@@@@@@@@@@@@@@@@@@@@@@@@@@
%%%%%%%%%%%%%%%%%%%%%%%%%%%%%%%%%%%%%%%%%%%GBDT%%%%%%%%%%%%%%%%%%%%%%%%%%%%%%%%%%%%%%%%%%%%%%%%%%%%%%
GBDT_BET:0-th Final RMSD: 1.017159, Final P: 0.764038, Final R^2: 0.575338
GBDT_AE :0-th Final RMSD: 1.038732, Final P: 0.760605, Final R^2: 0.557134
GBDT_ECFP :0-th Final RMSD: 0.934511, Final P: 0.801727, Final R^2: 0.641546
GBDT_AE_BET    :0-th Final RMSD: 1.011258, Final P: 0.774255, Final R^2: 0.580252
GBDT_AE_ECFP    :0-th Final RMSD: 0.932911, Final P: 0.809296, Final R^2: 0.642772
GBDT_BET_ECFP    :0-th Final RMSD: 0.930857, Final P: 0.806989, Final R^2: 0.644343
GBDT_AE_BET_ECFP    :0-th Final RMSD: 0.945807, Final P: 0.805096, Final R^2: 0.632828
0-th GBDT_AE的BA值 ：-10.762748
0-th GBDT_BET的BA值：-11.114826
0-th GBDT_ECFP的BA值 ：-12.547756
0-th GBDT_AE_BET的BA值：-10.879973
0-th GBDT_AE_ECFP的BA值    ：-11.373347
0-th GBDT_BET_ECFP的BA值    ：-11.821735
0-th GBDT_AE_BET_ECFP的BA值    ：-11.280802
total time: 0.161626877784729 h
