size of data: (313,)
size of train size: 250
GBDT parameter
Namespace(n_estimators=10000, dataset='CHEMBL1293255', max_depth=7, learning_rate=0.01, criterion='friedman_mse', subsample=0.7, max_features='sqrt', min_samples_split=3, loss='ls', n_iter_no_change=None, random_seed=0)
fold= 1
>>>>>>>>>>>>>training.............
###############################################GBDT#####################################################
GBDT_BET的BA值：-12.017128186617196
GBDT_BET:RMSD: 0.734282, P: 0.806091, R^2: 0.632989
GBDT_AE的BA值 ：-11.691998546770069
GBDT_AE :RMSD: 0.859840, P: 0.730064, R^2: 0.496744
GBDT_ECFP的BA值 ：-12.038232084580466
GBDT_ECFP :RMSD: 0.676189, P: 0.830183, R^2: 0.688764
GBDT_AE_BET的BA值    ：-11.854563366693633
GBDT_AE_BET    :RMSD: 0.787915, P: 0.777506, R^2: 0.577417
GBDT_AE_ECFP的BA值    ：-11.865115315675268
GBDT_AE_ECFP    :RMSD: 0.710516, P: 0.820887, R^2: 0.656362
GBDT_BET_ECFP的BA值    ：-12.027680135598832
GBDT_BET_ECFP    :RMSD: 0.653569, P: 0.847946, R^2: 0.709239
GBDT_AE_BET_ECFP的BA值    ：-11.915786272655913
GBDT_AE_BET_ECFP    :RMSD: 0.705176, P: 0.824972, R^2: 0.661508
fold= 2
>>>>>>>>>>>>>training.............
###############################################GBDT#####################################################
GBDT_BET的BA值：-12.401830987759553
GBDT_BET:RMSD: 0.800348, P: 0.825434, R^2: 0.658754
GBDT_AE的BA值 ：-11.793925452807404
GBDT_AE :RMSD: 0.780788, P: 0.827890, R^2: 0.675230
GBDT_ECFP的BA值 ：-12.703734439979348
GBDT_ECFP :RMSD: 0.893037, P: 0.808650, R^2: 0.575137
GBDT_AE_BET的BA值    ：-12.097878220283478
GBDT_AE_BET    :RMSD: 0.778855, P: 0.832720, R^2: 0.676836
GBDT_AE_ECFP的BA值    ：-12.248829946393375
GBDT_AE_ECFP    :RMSD: 0.808055, P: 0.825304, R^2: 0.652150
GBDT_BET_ECFP的BA值    ：-12.552782713869451
GBDT_BET_ECFP    :RMSD: 0.822331, P: 0.825635, R^2: 0.639750
GBDT_AE_BET_ECFP的BA值    ：-12.299830293515436
GBDT_AE_BET_ECFP    :RMSD: 0.795507, P: 0.830471, R^2: 0.662870
fold= 3
>>>>>>>>>>>>>training.............
###############################################GBDT#####################################################
GBDT_BET的BA值：-12.210028026875097
GBDT_BET:RMSD: 0.937642, P: 0.620036, R^2: 0.334982
GBDT_AE的BA值 ：-12.025305572295224
GBDT_AE :RMSD: 0.975250, P: 0.614212, R^2: 0.280565
GBDT_ECFP的BA值 ：-12.814520731568303
GBDT_ECFP :RMSD: 1.015404, P: 0.625417, R^2: 0.220102
GBDT_AE_BET的BA值    ：-12.11766679958516
GBDT_AE_BET    :RMSD: 0.942084, P: 0.625110, R^2: 0.328665
GBDT_AE_ECFP的BA值    ：-12.419913151931762
GBDT_AE_ECFP    :RMSD: 0.963518, P: 0.632474, R^2: 0.297769
GBDT_BET_ECFP的BA值    ：-12.5122743792217
GBDT_BET_ECFP    :RMSD: 0.950159, P: 0.631734, R^2: 0.317107
GBDT_AE_BET_ECFP的BA值    ：-12.349951443579542
GBDT_AE_BET_ECFP    :RMSD: 0.943601, P: 0.633405, R^2: 0.326502
fold= 4
>>>>>>>>>>>>>training.............
###############################################GBDT#####################################################
GBDT_BET的BA值：-11.904138827353687
GBDT_BET:RMSD: 0.917946, P: 0.800695, R^2: 0.605778
GBDT_AE的BA值 ：-11.834446953801741
GBDT_AE :RMSD: 0.892318, P: 0.824672, R^2: 0.627483
GBDT_ECFP的BA值 ：-12.141507807335781
GBDT_ECFP :RMSD: 0.877415, P: 0.806792, R^2: 0.639822
GBDT_AE_BET的BA值    ：-11.77370591118424
GBDT_AE_BET    :RMSD: 0.889791, P: 0.826358, R^2: 0.629590
GBDT_AE_ECFP的BA值    ：-11.86279424576831
GBDT_AE_ECFP    :RMSD: 0.854889, P: 0.834006, R^2: 0.658079
GBDT_BET_ECFP的BA值    ：-11.986237504879707
GBDT_BET_ECFP    :RMSD: 0.870057, P: 0.820807, R^2: 0.645838
GBDT_AE_BET_ECFP的BA值    ：-11.812851120034452
GBDT_AE_BET_ECFP    :RMSD: 0.863426, P: 0.832906, R^2: 0.651216
fold= 5
>>>>>>>>>>>>>training.............
###############################################GBDT#####################################################
GBDT_BET的BA值：-11.791855184862733
GBDT_BET:RMSD: 0.931686, P: 0.823021, R^2: 0.616151
GBDT_AE的BA值 ：-11.875470813543501
GBDT_AE :RMSD: 0.919787, P: 0.806059, R^2: 0.625893
GBDT_ECFP的BA值 ：-12.111410859145815
GBDT_ECFP :RMSD: 0.877906, P: 0.841559, R^2: 0.659186
GBDT_AE_BET的BA值    ：-11.771689797217368
GBDT_AE_BET    :RMSD: 0.917618, P: 0.819013, R^2: 0.627655
GBDT_AE_ECFP的BA值    ：-11.993440836344657
GBDT_AE_ECFP    :RMSD: 0.875746, P: 0.834392, R^2: 0.660861
GBDT_BET_ECFP的BA值    ：-11.87920768512399
GBDT_BET_ECFP    :RMSD: 0.885504, P: 0.840808, R^2: 0.653262
GBDT_AE_BET_ECFP的BA值    ：-11.83664659327333
GBDT_AE_BET_ECFP    :RMSD: 0.887413, P: 0.834332, R^2: 0.651765
fold= 6
>>>>>>>>>>>>>training.............
###############################################GBDT#####################################################
GBDT_BET的BA值：-11.86333357597221
GBDT_BET:RMSD: 0.843225, P: 0.885547, R^2: 0.667557
GBDT_AE的BA值 ：-11.868215281380223
GBDT_AE :RMSD: 0.907135, P: 0.880697, R^2: 0.615253
GBDT_ECFP的BA值 ：-12.133557748062941
GBDT_ECFP :RMSD: 0.812114, P: 0.840663, R^2: 0.691635
GBDT_AE_BET的BA值    ：-11.852673674750521
GBDT_AE_BET    :RMSD: 0.858970, P: 0.895276, R^2: 0.655026
GBDT_AE_ECFP的BA值    ：-11.964428958940099
GBDT_AE_ECFP    :RMSD: 0.789942, P: 0.888421, R^2: 0.708243
GBDT_BET_ECFP的BA值    ：-11.998445662017575
GBDT_BET_ECFP    :RMSD: 0.771720, P: 0.887748, R^2: 0.721548
GBDT_AE_BET_ECFP的BA值    ：-11.930730497950803
GBDT_AE_BET_ECFP    :RMSD: 0.791350, P: 0.898333, R^2: 0.707202
fold= 7
>>>>>>>>>>>>>training.............
###############################################GBDT#####################################################
GBDT_BET的BA值：-12.043096108953787
GBDT_BET:RMSD: 0.991903, P: 0.847814, R^2: 0.632261
GBDT_AE的BA值 ：-11.89740469393115
GBDT_AE :RMSD: 0.969197, P: 0.859127, R^2: 0.648904
GBDT_ECFP的BA值 ：-11.974271680368576
GBDT_ECFP :RMSD: 0.967557, P: 0.836202, R^2: 0.650092
GBDT_AE_BET的BA值    ：-11.970250401442469
GBDT_AE_BET    :RMSD: 0.969836, P: 0.862191, R^2: 0.648441
GBDT_AE_ECFP的BA值    ：-11.767842390888163
GBDT_AE_ECFP    :RMSD: 0.939190, P: 0.863123, R^2: 0.670307
GBDT_BET_ECFP的BA值    ：-11.928547799751488
GBDT_BET_ECFP    :RMSD: 0.953716, P: 0.856513, R^2: 0.660031
GBDT_AE_BET_ECFP的BA值    ：-11.822253802928927
GBDT_AE_BET_ECFP    :RMSD: 0.946899, P: 0.865417, R^2: 0.664873
fold= 8
>>>>>>>>>>>>>training.............
###############################################GBDT#####################################################
GBDT_BET的BA值：-11.840304923980845
GBDT_BET:RMSD: 0.981746, P: 0.834762, R^2: 0.651001
GBDT_AE的BA值 ：-11.742790748688403
GBDT_AE :RMSD: 0.913484, P: 0.865667, R^2: 0.697846
GBDT_ECFP的BA值 ：-12.21576942457183
GBDT_ECFP :RMSD: 1.032650, P: 0.804723, R^2: 0.613871
GBDT_AE_BET的BA值    ：-11.71682882098437
GBDT_AE_BET    :RMSD: 0.940028, P: 0.855877, R^2: 0.680032
GBDT_AE_ECFP的BA值    ：-11.891236227278544
GBDT_AE_ECFP    :RMSD: 0.941814, P: 0.851833, R^2: 0.678815
GBDT_BET_ECFP的BA值    ：-11.952447818096516
GBDT_BET_ECFP    :RMSD: 0.978077, P: 0.836667, R^2: 0.653605
GBDT_AE_BET_ECFP的BA值    ：-11.82386622205943
GBDT_AE_BET_ECFP    :RMSD: 0.945431, P: 0.852999, R^2: 0.676343
fold= 9
>>>>>>>>>>>>>training.............
###############################################GBDT#####################################################
GBDT_BET的BA值：-12.229700108673079
GBDT_BET:RMSD: 0.724962, P: 0.776833, R^2: 0.547506
GBDT_AE的BA值 ：-11.926868814877544
GBDT_AE :RMSD: 0.708696, P: 0.798202, R^2: 0.567583
GBDT_ECFP的BA值 ：-12.214261798966085
GBDT_ECFP :RMSD: 0.851731, P: 0.675424, R^2: 0.375419
GBDT_AE_BET的BA值    ：-12.078284461775311
GBDT_AE_BET    :RMSD: 0.702201, P: 0.794760, R^2: 0.575472
GBDT_AE_ECFP的BA值    ：-12.070565306921814
GBDT_AE_ECFP    :RMSD: 0.752506, P: 0.750990, R^2: 0.512467
GBDT_BET_ECFP的BA值    ：-12.221980953819582
GBDT_BET_ECFP    :RMSD: 0.770486, P: 0.737281, R^2: 0.488891
GBDT_AE_BET_ECFP的BA值    ：-12.123610240838902
GBDT_AE_BET_ECFP    :RMSD: 0.734752, P: 0.764863, R^2: 0.535202
fold= 10
>>>>>>>>>>>>>training.............
###############################################GBDT#####################################################
GBDT_BET的BA值：-11.736739236622121
GBDT_BET:RMSD: 0.876770, P: 0.743231, R^2: 0.537763
GBDT_AE的BA值 ：-11.51220150228096
GBDT_AE :RMSD: 0.924280, P: 0.714763, R^2: 0.486311
GBDT_ECFP的BA值 ：-12.015213686755116
GBDT_ECFP :RMSD: 0.897858, P: 0.724961, R^2: 0.515260
GBDT_AE_BET的BA值    ：-11.46112108819178
GBDT_AE_BET    :RMSD: 0.887948, P: 0.741364, R^2: 0.525901
GBDT_AE_ECFP的BA值    ：-11.726012224144883
GBDT_AE_ECFP    :RMSD: 0.865044, P: 0.745155, R^2: 0.550045
GBDT_BET_ECFP的BA值    ：-11.779488419226551
GBDT_BET_ECFP    :RMSD: 0.849404, P: 0.754164, R^2: 0.566168
GBDT_AE_BET_ECFP的BA值    ：-11.596746852467687
GBDT_AE_BET_ECFP    :RMSD: 0.856595, P: 0.754739, R^2: 0.558791
@@@@@@@@@@@@@@@@@@@@@@@@@@@@@@@@@@@@@@@@@@@最终结果@@@@@@@@@@@@@@@@@@@@@@@@@@@@@@@@@@@@@@@@@@@@@@@@@@
@@@@@@@@@@@@@@@@@@@@@@@@@@@@@@@@@@@@@@@@@@@最终结果@@@@@@@@@@@@@@@@@@@@@@@@@@@@@@@@@@@@@@@@@@@@@@@@@@
%%%%%%%%%%%%%%%%%%%%%%%%%%%%%%%%%%%%%%%%%%%GBDT%%%%%%%%%%%%%%%%%%%%%%%%%%%%%%%%%%%%%%%%%%%%%%%%%%%%%%
GBDT_BET:0-th Final RMSD: 0.878313, Final P: 0.788229, Final R^2: 0.611660
GBDT_AE :0-th Final RMSD: 0.888445, Final P: 0.784874, Final R^2: 0.602649
GBDT_ECFP :0-th Final RMSD: 0.895332, Final P: 0.777404, Final R^2: 0.596466
GBDT_AE_BET    :0-th Final RMSD: 0.871040, Final P: 0.795316, Final R^2: 0.618066
GBDT_AE_ECFP    :0-th Final RMSD: 0.853718, Final P: 0.799511, Final R^2: 0.633105
GBDT_BET_ECFP    :0-th Final RMSD: 0.855459, Final P: 0.798822, Final R^2: 0.631608
GBDT_AE_BET_ECFP    :0-th Final RMSD: 0.850819, Final P: 0.803242, Final R^2: 0.635593
0-th GBDT_AE的BA值 ：-12.025306
0-th GBDT_BET的BA值：-12.401831
0-th GBDT_ECFP的BA值 ：-12.814521
0-th GBDT_AE_BET的BA值：-12.117667
0-th GBDT_AE_ECFP的BA值    ：-12.419913
0-th GBDT_BET_ECFP的BA值    ：-12.552783
0-th GBDT_AE_BET_ECFP的BA值    ：-12.349951
total time: 0.14538114097383287 h
