size of data: (465,)
size of train size: 372
GBDT parameter
Namespace(n_estimators=10000, dataset='CHEMBL3018', max_depth=7, learning_rate=0.01, criterion='friedman_mse', subsample=0.7, max_features='sqrt', min_samples_split=3, loss='ls', n_iter_no_change=None, random_seed=0)
fold= 1
>>>>>>>>>>>>>training.............
###############################################GBDT#####################################################
GBDT_BET的BA值：-11.76182782652421
GBDT_BET:RMSD: 1.184802, P: 0.832342, R^2: 0.598986
GBDT_AE的BA值 ：-11.343844505799987
GBDT_AE :RMSD: 1.281948, P: 0.780133, R^2: 0.530529
GBDT_ECFP的BA值 ：-13.768925323018166
GBDT_ECFP :RMSD: 1.029177, P: 0.850952, R^2: 0.697415
GBDT_AE_BET的BA值    ：-11.480081546204989
GBDT_AE_BET    :RMSD: 1.211637, P: 0.829485, R^2: 0.580615
GBDT_AE_ECFP的BA值    ：-12.519201478064756
GBDT_AE_ECFP    :RMSD: 1.088671, P: 0.866154, R^2: 0.661420
GBDT_BET_ECFP的BA值    ：-12.11668116237567
GBDT_BET_ECFP    :RMSD: 1.040464, P: 0.883192, R^2: 0.690741
GBDT_AE_BET_ECFP的BA值    ：-11.83427998595423
GBDT_AE_BET_ECFP    :RMSD: 1.097319, P: 0.875462, R^2: 0.656020
fold= 2
>>>>>>>>>>>>>training.............
###############################################GBDT#####################################################
GBDT_BET的BA值：-11.936905793799506
GBDT_BET:RMSD: 1.371914, P: 0.685090, R^2: 0.444306
GBDT_AE的BA值 ：-12.442230901489928
GBDT_AE :RMSD: 1.424007, P: 0.660558, R^2: 0.401304
GBDT_ECFP的BA值 ：-13.588543699979521
GBDT_ECFP :RMSD: 1.333736, P: 0.704369, R^2: 0.474803
GBDT_AE_BET的BA值    ：-12.189568347644716
GBDT_AE_BET    :RMSD: 1.384495, P: 0.683784, R^2: 0.434067
GBDT_AE_ECFP的BA值    ：-12.549846467488472
GBDT_AE_ECFP    :RMSD: 1.326835, P: 0.708128, R^2: 0.480224
GBDT_BET_ECFP的BA值    ：-12.322761285910182
GBDT_BET_ECFP    :RMSD: 1.304214, P: 0.716212, R^2: 0.497796
GBDT_AE_BET_ECFP的BA值    ：-12.345532909592151
GBDT_AE_BET_ECFP    :RMSD: 1.325996, P: 0.710640, R^2: 0.480882
fold= 3
>>>>>>>>>>>>>training.............
###############################################GBDT#####################################################
GBDT_BET的BA值：-12.121999181157053
GBDT_BET:RMSD: 1.141545, P: 0.717481, R^2: 0.413351
GBDT_AE的BA值 ：-11.353993632710772
GBDT_AE :RMSD: 1.201301, P: 0.663121, R^2: 0.350324
GBDT_ECFP的BA值 ：-12.383157759248023
GBDT_ECFP :RMSD: 0.968041, P: 0.787617, R^2: 0.578129
GBDT_AE_BET的BA值    ：-11.73666918535286
GBDT_AE_BET    :RMSD: 1.147446, P: 0.705283, R^2: 0.407270
GBDT_AE_ECFP的BA值    ：-11.867248474398345
GBDT_AE_ECFP    :RMSD: 1.028690, P: 0.756925, R^2: 0.523611
GBDT_BET_ECFP的BA值    ：-12.252578470202538
GBDT_BET_ECFP    :RMSD: 1.022701, P: 0.766810, R^2: 0.529142
GBDT_AE_BET_ECFP的BA值    ：-11.952165376651246
GBDT_AE_BET_ECFP    :RMSD: 1.054074, P: 0.749815, R^2: 0.499810
fold= 4
>>>>>>>>>>>>>training.............
###############################################GBDT#####################################################
GBDT_BET的BA值：-12.929195203788275
GBDT_BET:RMSD: 0.873348, P: 0.743986, R^2: 0.527957
GBDT_AE的BA值 ：-11.732900525633532
GBDT_AE :RMSD: 0.966385, P: 0.701013, R^2: 0.422027
GBDT_ECFP的BA值 ：-14.869598512620652
GBDT_ECFP :RMSD: 1.161304, P: 0.657005, R^2: 0.165361
GBDT_AE_BET的BA值    ：-12.075791946779479
GBDT_AE_BET    :RMSD: 0.878675, P: 0.742880, R^2: 0.522181
GBDT_AE_ECFP的BA值    ：-13.142317789696957
GBDT_AE_ECFP    :RMSD: 0.930517, P: 0.696222, R^2: 0.464134
GBDT_BET_ECFP的BA值    ：-13.803072669703173
GBDT_BET_ECFP    :RMSD: 0.956017, P: 0.711726, R^2: 0.434363
GBDT_AE_BET_ECFP的BA值    ：-13.007060802059868
GBDT_AE_BET_ECFP    :RMSD: 0.892085, P: 0.722487, R^2: 0.507485
fold= 5
>>>>>>>>>>>>>training.............
###############################################GBDT#####################################################
GBDT_BET的BA值：-12.02958842874984
GBDT_BET:RMSD: 1.147027, P: 0.805599, R^2: 0.624189
GBDT_AE的BA值 ：-11.693448386408457
GBDT_AE :RMSD: 1.192183, P: 0.798398, R^2: 0.594017
GBDT_ECFP的BA值 ：-13.463842195399238
GBDT_ECFP :RMSD: 1.067212, P: 0.843714, R^2: 0.674670
GBDT_AE_BET的BA值    ：-11.843801019218432
GBDT_AE_BET    :RMSD: 1.148687, P: 0.814281, R^2: 0.623100
GBDT_AE_ECFP的BA值    ：-12.4054622744225
GBDT_AE_ECFP    :RMSD: 1.047530, P: 0.855473, R^2: 0.686560
GBDT_BET_ECFP的BA值    ：-12.621060411495538
GBDT_BET_ECFP    :RMSD: 1.033041, P: 0.852795, R^2: 0.695170
GBDT_AE_BET_ECFP的BA值    ：-12.268359400291137
GBDT_AE_BET_ECFP    :RMSD: 1.057249, P: 0.850805, R^2: 0.680716
fold= 6
>>>>>>>>>>>>>training.............
###############################################GBDT#####################################################
GBDT_BET的BA值：-12.7886587554157
GBDT_BET:RMSD: 0.970966, P: 0.894868, R^2: 0.734854
GBDT_AE的BA值 ：-12.425533536658648
GBDT_AE :RMSD: 1.001565, P: 0.876717, R^2: 0.717879
GBDT_ECFP的BA值 ：-13.579994746468243
GBDT_ECFP :RMSD: 0.879737, P: 0.884856, R^2: 0.782338
GBDT_AE_BET的BA值    ：-12.451709139575389
GBDT_AE_BET    :RMSD: 0.964507, P: 0.896507, R^2: 0.738370
GBDT_AE_ECFP的BA值    ：-13.002764141563446
GBDT_AE_ECFP    :RMSD: 0.866315, P: 0.901431, R^2: 0.788929
GBDT_BET_ECFP的BA值    ：-12.973342851281483
GBDT_BET_ECFP    :RMSD: 0.836202, P: 0.911611, R^2: 0.803348
GBDT_AE_BET_ECFP的BA值    ：-12.77244720336349
GBDT_AE_BET_ECFP    :RMSD: 0.869239, P: 0.910150, R^2: 0.787502
fold= 7
>>>>>>>>>>>>>training.............
###############################################GBDT#####################################################
GBDT_BET的BA值：-13.011017231941912
GBDT_BET:RMSD: 1.209101, P: 0.779277, R^2: 0.543880
GBDT_AE的BA值 ：-11.335366738808284
GBDT_AE :RMSD: 1.435166, P: 0.771449, R^2: 0.357374
GBDT_ECFP的BA值 ：-13.118864892324256
GBDT_ECFP :RMSD: 1.093243, P: 0.806071, R^2: 0.627104
GBDT_AE_BET的BA值    ：-12.173191985375098
GBDT_AE_BET    :RMSD: 1.296756, P: 0.788358, R^2: 0.475349
GBDT_AE_ECFP的BA值    ：-12.22711581556627
GBDT_AE_ECFP    :RMSD: 1.199840, P: 0.824986, R^2: 0.550840
GBDT_BET_ECFP的BA值    ：-13.064941062133084
GBDT_BET_ECFP    :RMSD: 1.088943, P: 0.831544, R^2: 0.630031
GBDT_AE_BET_ECFP的BA值    ：-12.488416287691484
GBDT_AE_BET_ECFP    :RMSD: 1.179037, P: 0.827222, R^2: 0.566280
fold= 8
>>>>>>>>>>>>>training.............
###############################################GBDT#####################################################
GBDT_BET的BA值：-12.145334846892784
GBDT_BET:RMSD: 0.888720, P: 0.885139, R^2: 0.750696
GBDT_AE的BA值 ：-12.04970233108178
GBDT_AE :RMSD: 1.058600, P: 0.847880, R^2: 0.646277
GBDT_ECFP的BA值 ：-12.959356062498813
GBDT_ECFP :RMSD: 1.062607, P: 0.820903, R^2: 0.643594
GBDT_AE_BET的BA值    ：-12.097518588987281
GBDT_AE_BET    :RMSD: 0.956550, P: 0.876663, R^2: 0.711188
GBDT_AE_ECFP的BA值    ：-12.08798128381024
GBDT_AE_ECFP    :RMSD: 1.001819, P: 0.847055, R^2: 0.683205
GBDT_BET_ECFP的BA值    ：-12.175173254299029
GBDT_BET_ECFP    :RMSD: 0.926645, P: 0.864597, R^2: 0.728964
GBDT_AE_BET_ECFP的BA值    ：-11.85840545441576
GBDT_AE_BET_ECFP    :RMSD: 0.946902, P: 0.867223, R^2: 0.716985
fold= 9
>>>>>>>>>>>>>training.............
###############################################GBDT#####################################################
GBDT_BET的BA值：-11.749403994537841
GBDT_BET:RMSD: 1.174933, P: 0.738865, R^2: 0.535749
GBDT_AE的BA值 ：-11.327515684659335
GBDT_AE :RMSD: 1.253588, P: 0.694515, R^2: 0.471511
GBDT_ECFP的BA值 ：-11.591764035205792
GBDT_ECFP :RMSD: 1.250688, P: 0.704132, R^2: 0.473953
GBDT_AE_BET的BA值    ：-11.482496518304767
GBDT_AE_BET    :RMSD: 1.198778, P: 0.727238, R^2: 0.516714
GBDT_AE_ECFP的BA值    ：-11.459639859932564
GBDT_AE_ECFP    :RMSD: 1.214104, P: 0.714950, R^2: 0.504278
GBDT_BET_ECFP的BA值    ：-11.602368267210982
GBDT_BET_ECFP    :RMSD: 1.182738, P: 0.733730, R^2: 0.529561
GBDT_AE_BET_ECFP的BA值    ：-11.510750739693767
GBDT_AE_BET_ECFP    :RMSD: 1.189014, P: 0.729992, R^2: 0.524555
fold= 10
>>>>>>>>>>>>>training.............
###############################################GBDT#####################################################
GBDT_BET的BA值：-11.745025945235652
GBDT_BET:RMSD: 1.151637, P: 0.808714, R^2: 0.597684
GBDT_AE的BA值 ：-10.87704766682412
GBDT_AE :RMSD: 1.379013, P: 0.732321, R^2: 0.423137
GBDT_ECFP的BA值 ：-13.314198544587619
GBDT_ECFP :RMSD: 1.199693, P: 0.773075, R^2: 0.563407
GBDT_AE_BET的BA值    ：-11.311036806029886
GBDT_AE_BET    :RMSD: 1.243121, P: 0.799954, R^2: 0.531227
GBDT_AE_ECFP的BA值    ：-11.91570445916945
GBDT_AE_ECFP    :RMSD: 1.222637, P: 0.798200, R^2: 0.546548
GBDT_BET_ECFP的BA值    ：-12.446400377707352
GBDT_BET_ECFP    :RMSD: 1.115879, P: 0.827313, R^2: 0.622280
GBDT_AE_BET_ECFP的BA值    ：-11.803337043055329
GBDT_AE_BET_ECFP    :RMSD: 1.177299, P: 0.823218, R^2: 0.579554
@@@@@@@@@@@@@@@@@@@@@@@@@@@@@@@@@@@@@@@@@@@最终结果@@@@@@@@@@@@@@@@@@@@@@@@@@@@@@@@@@@@@@@@@@@@@@@@@@
@@@@@@@@@@@@@@@@@@@@@@@@@@@@@@@@@@@@@@@@@@@最终结果@@@@@@@@@@@@@@@@@@@@@@@@@@@@@@@@@@@@@@@@@@@@@@@@@@
%%%%%%%%%%%%%%%%%%%%%%%%%%%%%%%%%%%%%%%%%%%GBDT%%%%%%%%%%%%%%%%%%%%%%%%%%%%%%%%%%%%%%%%%%%%%%%%%%%%%%
GBDT_BET:0-th Final RMSD: 1.121469, Final P: 0.778921, Final R^2: 0.594113
GBDT_AE :0-th Final RMSD: 1.229802, Final P: 0.730191, Final R^2: 0.511910
GBDT_ECFP :0-th Final RMSD: 1.112034, Final P: 0.781483, Final R^2: 0.600914
GBDT_AE_BET    :0-th Final RMSD: 1.153490, Final P: 0.772000, Final R^2: 0.570605
GBDT_AE_ECFP    :0-th Final RMSD: 1.101255, Final P: 0.789835, Final R^2: 0.608614
GBDT_BET_ECFP    :0-th Final RMSD: 1.058438, Final P: 0.804776, Final R^2: 0.638457
GBDT_AE_BET_ECFP    :0-th Final RMSD: 1.087691, Final P: 0.798625, Final R^2: 0.618196
0-th GBDT_AE的BA值 ：-12.442231
0-th GBDT_BET的BA值：-13.011017
0-th GBDT_ECFP的BA值 ：-14.869599
0-th GBDT_AE_BET的BA值：-12.451709
0-th GBDT_AE_ECFP的BA值    ：-13.142318
0-th GBDT_BET_ECFP的BA值    ：-13.803073
0-th GBDT_AE_BET_ECFP的BA值    ：-13.007061
total time: 0.21275506801075406 h
