size of data: (261,)
size of train size: 208
GBDT parameter
Namespace(n_estimators=10000, dataset='CHEMBL1250348', max_depth=7, learning_rate=0.01, criterion='friedman_mse', subsample=0.7, max_features='sqrt', min_samples_split=3, loss='ls', n_iter_no_change=None, random_seed=0)
fold= 1
>>>>>>>>>>>>>training.............
###############################################GBDT#####################################################
GBDT_BET的BA值：-10.709540639145029
GBDT_BET:RMSD: 0.810307, P: 0.908753, R^2: 0.725198
GBDT_AE的BA值 ：-10.308931848845678
GBDT_AE :RMSD: 0.883928, P: 0.884334, R^2: 0.672996
GBDT_ECFP的BA值 ：-12.74478673183499
GBDT_ECFP :RMSD: 0.782303, P: 0.871855, R^2: 0.743864
GBDT_AE_BET的BA值    ：-10.509236243995353
GBDT_AE_BET    :RMSD: 0.842241, P: 0.901665, R^2: 0.703112
GBDT_AE_ECFP的BA值    ：-11.526859290340333
GBDT_AE_ECFP    :RMSD: 0.752225, P: 0.890862, R^2: 0.763182
GBDT_BET_ECFP的BA值    ：-11.727163685490009
GBDT_BET_ECFP    :RMSD: 0.721663, P: 0.898937, R^2: 0.782034
GBDT_AE_BET_ECFP的BA值    ：-11.2544197399419
GBDT_AE_BET_ECFP    :RMSD: 0.755286, P: 0.901174, R^2: 0.761250
fold= 2
>>>>>>>>>>>>>training.............
###############################################GBDT#####################################################
GBDT_BET的BA值：-9.053262826946458
GBDT_BET:RMSD: 0.818108, P: 0.816628, R^2: 0.409641
GBDT_AE的BA值 ：-9.081704923499077
GBDT_AE :RMSD: 0.843026, P: 0.837058, R^2: 0.373131
GBDT_ECFP的BA值 ：-9.058713768663031
GBDT_ECFP :RMSD: 0.730391, P: 0.762588, R^2: 0.529451
GBDT_AE_BET的BA值    ：-9.049961429726785
GBDT_AE_BET    :RMSD: 0.819221, P: 0.847036, R^2: 0.408034
GBDT_AE_ECFP的BA值    ：-9.070209346081054
GBDT_AE_ECFP    :RMSD: 0.744115, P: 0.830799, R^2: 0.511601
GBDT_BET_ECFP的BA值    ：-9.038465852308764
GBDT_BET_ECFP    :RMSD: 0.745929, P: 0.808015, R^2: 0.509217
GBDT_AE_BET_ECFP的BA值    ：-9.052878876038868
GBDT_AE_BET_ECFP    :RMSD: 0.760957, P: 0.837342, R^2: 0.489243
fold= 3
>>>>>>>>>>>>>training.............
###############################################GBDT#####################################################
GBDT_BET的BA值：-10.509689196105516
GBDT_BET:RMSD: 0.853765, P: 0.766826, R^2: 0.523229
GBDT_AE的BA值 ：-11.004879445170719
GBDT_AE :RMSD: 0.781379, P: 0.816984, R^2: 0.600647
GBDT_ECFP的BA值 ：-11.41145575036271
GBDT_ECFP :RMSD: 0.752918, P: 0.810998, R^2: 0.629210
GBDT_AE_BET的BA值    ：-10.757284320638117
GBDT_AE_BET    :RMSD: 0.810866, P: 0.803426, R^2: 0.569938
GBDT_AE_ECFP的BA值    ：-11.208167597766714
GBDT_AE_ECFP    :RMSD: 0.751875, P: 0.827530, R^2: 0.630236
GBDT_BET_ECFP的BA值    ：-10.960572473234112
GBDT_BET_ECFP    :RMSD: 0.782932, P: 0.811470, R^2: 0.599058
GBDT_AE_BET_ECFP的BA值    ：-10.97534146387965
GBDT_AE_BET_ECFP    :RMSD: 0.777236, P: 0.819910, R^2: 0.604871
fold= 4
>>>>>>>>>>>>>training.............
###############################################GBDT#####################################################
GBDT_BET的BA值：-8.912706576570091
GBDT_BET:RMSD: 0.701957, P: 0.728524, R^2: 0.470561
GBDT_AE的BA值 ：-8.451379225805912
GBDT_AE :RMSD: 0.689215, P: 0.772792, R^2: 0.489606
GBDT_ECFP的BA值 ：-9.126038014371039
GBDT_ECFP :RMSD: 0.647678, P: 0.756449, R^2: 0.549272
GBDT_AE_BET的BA值    ：-8.664046233293636
GBDT_AE_BET    :RMSD: 0.683910, P: 0.770185, R^2: 0.497434
GBDT_AE_ECFP的BA值    ：-8.788708620088475
GBDT_AE_ECFP    :RMSD: 0.638021, P: 0.781047, R^2: 0.562614
GBDT_BET_ECFP的BA值    ：-8.987347008103214
GBDT_BET_ECFP    :RMSD: 0.652874, P: 0.765104, R^2: 0.542012
GBDT_AE_BET_ECFP的BA值    ：-8.80869108067078
GBDT_AE_BET_ECFP    :RMSD: 0.651233, P: 0.779299, R^2: 0.544311
fold= 5
>>>>>>>>>>>>>training.............
###############################################GBDT#####################################################
GBDT_BET的BA值：-9.317791585122603
GBDT_BET:RMSD: 1.498226, P: 0.722870, R^2: 0.349146
GBDT_AE的BA值 ：-10.038052361875064
GBDT_AE :RMSD: 1.219774, P: 0.878010, R^2: 0.568593
GBDT_ECFP的BA值 ：-10.90389091387112
GBDT_ECFP :RMSD: 1.000566, P: 0.883769, R^2: 0.709718
GBDT_AE_BET的BA值    ：-9.677921973498833
GBDT_AE_BET    :RMSD: 1.352730, P: 0.826127, R^2: 0.469420
GBDT_AE_ECFP的BA值    ：-10.37823236309482
GBDT_AE_ECFP    :RMSD: 1.085506, P: 0.894851, R^2: 0.658341
GBDT_BET_ECFP的BA值    ：-10.01810197471859
GBDT_BET_ECFP    :RMSD: 1.211601, P: 0.861235, R^2: 0.574354
GBDT_AE_BET_ECFP的BA值    ：-10.024752103770748
GBDT_AE_BET_ECFP    :RMSD: 1.209731, P: 0.872021, R^2: 0.575667
fold= 6
>>>>>>>>>>>>>training.............
###############################################GBDT#####################################################
GBDT_BET的BA值：-11.420450655595605
GBDT_BET:RMSD: 0.850394, P: 0.902417, R^2: 0.736270
GBDT_AE的BA值 ：-10.527670677384593
GBDT_AE :RMSD: 1.107985, P: 0.852355, R^2: 0.552300
GBDT_ECFP的BA值 ：-12.938409888001143
GBDT_ECFP :RMSD: 0.786428, P: 0.880417, R^2: 0.774453
GBDT_AE_BET的BA值    ：-10.9740606664901
GBDT_AE_BET    :RMSD: 0.967067, P: 0.889234, R^2: 0.658939
GBDT_AE_ECFP的BA值    ：-11.21014638731548
GBDT_AE_ECFP    :RMSD: 0.864621, P: 0.889035, R^2: 0.727372
GBDT_BET_ECFP的BA值    ：-11.952668734533962
GBDT_BET_ECFP    :RMSD: 0.774556, P: 0.898931, R^2: 0.781211
GBDT_AE_BET_ECFP的BA值    ：-11.28024781007552
GBDT_AE_BET_ECFP    :RMSD: 0.853856, P: 0.897197, R^2: 0.734118
fold= 7
>>>>>>>>>>>>>training.............
###############################################GBDT#####################################################
GBDT_BET的BA值：-8.878212503850754
GBDT_BET:RMSD: 0.682956, P: 0.739569, R^2: 0.473128
GBDT_AE的BA值 ：-8.813284051923077
GBDT_AE :RMSD: 0.783950, P: 0.577752, R^2: 0.305779
GBDT_ECFP的BA值 ：-8.946751715559994
GBDT_ECFP :RMSD: 0.585566, P: 0.790554, R^2: 0.612677
GBDT_AE_BET的BA值    ：-8.758329931947886
GBDT_AE_BET    :RMSD: 0.722296, P: 0.682634, R^2: 0.410680
GBDT_AE_ECFP的BA值    ：-8.832122242314403
GBDT_AE_ECFP    :RMSD: 0.650459, P: 0.749817, R^2: 0.522074
GBDT_BET_ECFP的BA值    ：-8.912482109705374
GBDT_BET_ECFP    :RMSD: 0.608252, P: 0.797718, R^2: 0.582086
GBDT_AE_BET_ECFP的BA值    ：-8.8100375935884
GBDT_AE_BET_ECFP    :RMSD: 0.652791, P: 0.759750, R^2: 0.518641
fold= 8
>>>>>>>>>>>>>training.............
###############################################GBDT#####################################################
GBDT_BET的BA值：-11.935711032601557
GBDT_BET:RMSD: 0.692346, P: 0.798907, R^2: 0.622754
GBDT_AE的BA值 ：-11.185769033674886
GBDT_AE :RMSD: 0.651377, P: 0.825623, R^2: 0.666079
GBDT_ECFP的BA值 ：-12.483411693859914
GBDT_ECFP :RMSD: 0.745550, P: 0.803671, R^2: 0.562547
GBDT_AE_BET的BA值    ：-11.56074003313822
GBDT_AE_BET    :RMSD: 0.661396, P: 0.815971, R^2: 0.655729
GBDT_AE_ECFP的BA值    ：-11.8345903637674
GBDT_AE_ECFP    :RMSD: 0.669199, P: 0.821633, R^2: 0.647557
GBDT_BET_ECFP的BA值    ：-12.209561363230735
GBDT_BET_ECFP    :RMSD: 0.699817, P: 0.808377, R^2: 0.614569
GBDT_AE_BET_ECFP的BA值    ：-11.868297253378785
GBDT_AE_BET_ECFP    :RMSD: 0.670040, P: 0.817530, R^2: 0.646671
fold= 9
>>>>>>>>>>>>>training.............
###############################################GBDT#####################################################
GBDT_BET的BA值：-12.049051044093684
GBDT_BET:RMSD: 0.668272, P: 0.871646, R^2: 0.755033
GBDT_AE的BA值 ：-11.532000781822415
GBDT_AE :RMSD: 0.666092, P: 0.879934, R^2: 0.756629
GBDT_ECFP的BA值 ：-12.688798623834542
GBDT_ECFP :RMSD: 0.651570, P: 0.879731, R^2: 0.767125
GBDT_AE_BET的BA值    ：-11.79052591295805
GBDT_AE_BET    :RMSD: 0.652192, P: 0.882372, R^2: 0.766680
GBDT_AE_ECFP的BA值    ：-12.110399702828477
GBDT_AE_ECFP    :RMSD: 0.611979, P: 0.892819, R^2: 0.794565
GBDT_BET_ECFP的BA值    ：-12.368924833964112
GBDT_BET_ECFP    :RMSD: 0.633032, P: 0.883612, R^2: 0.780188
GBDT_AE_BET_ECFP的BA值    ：-12.089950149916879
GBDT_AE_BET_ECFP    :RMSD: 0.622504, P: 0.889543, R^2: 0.787438
fold= 10
>>>>>>>>>>>>>training.............
###############################################GBDT#####################################################
GBDT_BET的BA值：-11.810106845487464
GBDT_BET:RMSD: 0.817653, P: 0.799709, R^2: 0.638834
GBDT_AE的BA值 ：-11.43736218297284
GBDT_AE :RMSD: 0.809977, P: 0.806702, R^2: 0.645584
GBDT_ECFP的BA值 ：-12.423657518294542
GBDT_ECFP :RMSD: 0.752336, P: 0.840448, R^2: 0.694232
GBDT_AE_BET的BA值    ：-11.623734514230152
GBDT_AE_BET    :RMSD: 0.801870, P: 0.810121, R^2: 0.652643
GBDT_AE_ECFP的BA值    ：-11.93050985063369
GBDT_AE_ECFP    :RMSD: 0.753150, P: 0.833482, R^2: 0.693570
GBDT_BET_ECFP的BA值    ：-12.116882181891004
GBDT_BET_ECFP    :RMSD: 0.758920, P: 0.830939, R^2: 0.688856
GBDT_AE_BET_ECFP的BA值    ：-11.89037551558495
GBDT_AE_BET_ECFP    :RMSD: 0.764063, P: 0.828162, R^2: 0.684625
@@@@@@@@@@@@@@@@@@@@@@@@@@@@@@@@@@@@@@@@@@@最终结果@@@@@@@@@@@@@@@@@@@@@@@@@@@@@@@@@@@@@@@@@@@@@@@@@@
@@@@@@@@@@@@@@@@@@@@@@@@@@@@@@@@@@@@@@@@@@@最终结果@@@@@@@@@@@@@@@@@@@@@@@@@@@@@@@@@@@@@@@@@@@@@@@@@@
%%%%%%%%%%%%%%%%%%%%%%%%%%%%%%%%%%%%%%%%%%%GBDT%%%%%%%%%%%%%%%%%%%%%%%%%%%%%%%%%%%%%%%%%%%%%%%%%%%%%%
GBDT_BET:0-th Final RMSD: 0.870198, Final P: 0.791310, Final R^2: 0.596897
GBDT_AE :0-th Final RMSD: 0.862157, Final P: 0.809289, Final R^2: 0.604313
GBDT_ECFP :0-th Final RMSD: 0.751170, Final P: 0.837072, Final R^2: 0.699631
GBDT_AE_BET    :0-th Final RMSD: 0.854257, Final P: 0.811963, Final R^2: 0.611531
GBDT_AE_ECFP    :0-th Final RMSD: 0.763534, Final P: 0.845878, Final R^2: 0.689661
GBDT_BET_ECFP    :0-th Final RMSD: 0.775734, Final P: 0.834606, Final R^2: 0.679664
GBDT_AE_BET_ECFP    :0-th Final RMSD: 0.788331, Final P: 0.837931, Final R^2: 0.669176
0-th GBDT_AE的BA值 ：-11.532001
0-th GBDT_BET的BA值：-12.049051
0-th GBDT_ECFP的BA值 ：-12.938410
0-th GBDT_AE_BET的BA值：-11.790526
0-th GBDT_AE_ECFP的BA值    ：-12.110400
0-th GBDT_BET_ECFP的BA值    ：-12.368925
0-th GBDT_AE_BET_ECFP的BA值    ：-12.089950
total time: 0.12497091326448652 h
