size of data: (469,)
size of train size: 375
GBDT parameter
Namespace(n_estimators=10000, dataset='CHEMBL1741179', max_depth=7, learning_rate=0.01, criterion='friedman_mse', subsample=0.7, max_features='sqrt', min_samples_split=3, loss='ls', n_iter_no_change=None, random_seed=0)
fold= 1
>>>>>>>>>>>>>training.............
###############################################GBDT#####################################################
GBDT_BET的BA值：-8.15343894638617
GBDT_BET:RMSD: 0.484720, P: 0.577916, R^2: 0.286996
GBDT_AE的BA值 ：-8.08254697426148
GBDT_AE :RMSD: 0.470026, P: 0.595874, R^2: 0.329570
GBDT_ECFP的BA值 ：-8.25202584395379
GBDT_ECFP :RMSD: 0.531809, P: 0.435886, R^2: 0.141735
GBDT_AE_BET的BA值    ：-8.083159039335456
GBDT_AE_BET    :RMSD: 0.472839, P: 0.604540, R^2: 0.321520
GBDT_AE_ECFP的BA值    ：-8.167286409107636
GBDT_AE_ECFP    :RMSD: 0.493382, P: 0.532675, R^2: 0.261284
GBDT_BET_ECFP的BA值    ：-8.167898474181612
GBDT_BET_ECFP    :RMSD: 0.497966, P: 0.531427, R^2: 0.247494
GBDT_AE_BET_ECFP的BA值    ：-8.139447974208235
GBDT_AE_BET_ECFP    :RMSD: 0.485477, P: 0.564451, R^2: 0.284766
fold= 2
>>>>>>>>>>>>>training.............
###############################################GBDT#####################################################
GBDT_BET的BA值：-8.073206175438653
GBDT_BET:RMSD: 0.381399, P: 0.663438, R^2: 0.414951
GBDT_AE的BA值 ：-8.087203217638404
GBDT_AE :RMSD: 0.412116, P: 0.577090, R^2: 0.316921
GBDT_ECFP的BA值 ：-8.178302628519846
GBDT_ECFP :RMSD: 0.389653, P: 0.625851, R^2: 0.389355
GBDT_AE_BET的BA值    ：-8.0719505505815
GBDT_AE_BET    :RMSD: 0.391907, P: 0.639757, R^2: 0.382271
GBDT_AE_ECFP的BA值    ：-8.068216889634307
GBDT_AE_ECFP    :RMSD: 0.386099, P: 0.649205, R^2: 0.400446
GBDT_BET_ECFP的BA值    ：-8.110611446384612
GBDT_BET_ECFP    :RMSD: 0.374422, P: 0.678508, R^2: 0.436160
GBDT_AE_BET_ECFP的BA值    ：-8.069879984902423
GBDT_AE_BET_ECFP    :RMSD: 0.380684, P: 0.668877, R^2: 0.417142
fold= 3
>>>>>>>>>>>>>training.............
###############################################GBDT#####################################################
GBDT_BET的BA值：-8.08578450992616
GBDT_BET:RMSD: 0.490861, P: 0.581625, R^2: 0.312847
GBDT_AE的BA值 ：-8.095499576878401
GBDT_AE :RMSD: 0.496077, P: 0.549234, R^2: 0.298166
GBDT_ECFP的BA值 ：-8.117016070557591
GBDT_ECFP :RMSD: 0.505622, P: 0.556846, R^2: 0.270899
GBDT_AE_BET的BA值    ：-8.081959635485891
GBDT_AE_BET    :RMSD: 0.489881, P: 0.573696, R^2: 0.315587
GBDT_AE_ECFP的BA值    ：-8.064479380795737
GBDT_AE_ECFP    :RMSD: 0.490318, P: 0.583164, R^2: 0.314367
GBDT_BET_ECFP的BA值    ：-8.095359704802007
GBDT_BET_ECFP    :RMSD: 0.491111, P: 0.596637, R^2: 0.312147
GBDT_AE_BET_ECFP的BA值    ：-8.056506960465667
GBDT_AE_BET_ECFP    :RMSD: 0.488040, P: 0.591555, R^2: 0.320722
fold= 4
>>>>>>>>>>>>>training.............
###############################################GBDT#####################################################
GBDT_BET的BA值：-8.049304022105304
GBDT_BET:RMSD: 0.418458, P: 0.507650, R^2: 0.249083
GBDT_AE的BA值 ：-7.996580173810979
GBDT_AE :RMSD: 0.413347, P: 0.528867, R^2: 0.267311
GBDT_ECFP的BA值 ：-8.213257273355763
GBDT_ECFP :RMSD: 0.402909, P: 0.563379, R^2: 0.303850
GBDT_AE_BET的BA值    ：-7.984635202168262
GBDT_AE_BET    :RMSD: 0.413289, P: 0.526477, R^2: 0.267517
GBDT_AE_ECFP的BA值    ：-8.078428792154849
GBDT_AE_ECFP    :RMSD: 0.395623, P: 0.574144, R^2: 0.328801
GBDT_BET_ECFP的BA值    ：-8.086110654616261
GBDT_BET_ECFP    :RMSD: 0.397307, P: 0.569564, R^2: 0.323074
GBDT_AE_BET_ECFP的BA值    ：-8.03860720672882
GBDT_AE_BET_ECFP    :RMSD: 0.398945, P: 0.565117, R^2: 0.317481
fold= 5
>>>>>>>>>>>>>training.............
###############################################GBDT#####################################################
GBDT_BET的BA值：-8.046797723539274
GBDT_BET:RMSD: 0.415414, P: 0.713401, R^2: 0.460228
GBDT_AE的BA值 ：-7.994440627360307
GBDT_AE :RMSD: 0.415826, P: 0.723684, R^2: 0.459156
GBDT_ECFP的BA值 ：-8.195015751504283
GBDT_ECFP :RMSD: 0.413152, P: 0.684253, R^2: 0.466089
GBDT_AE_BET的BA值    ：-8.009196060193998
GBDT_AE_BET    :RMSD: 0.411700, P: 0.731416, R^2: 0.469835
GBDT_AE_ECFP的BA值    ：-8.089869572301163
GBDT_AE_ECFP    :RMSD: 0.402897, P: 0.718660, R^2: 0.492266
GBDT_BET_ECFP的BA值    ：-8.084408164193341
GBDT_BET_ECFP    :RMSD: 0.405564, P: 0.711120, R^2: 0.485520
GBDT_AE_BET_ECFP的BA值    ：-8.043850822441883
GBDT_AE_BET_ECFP    :RMSD: 0.404014, P: 0.725364, R^2: 0.489446
fold= 6
>>>>>>>>>>>>>training.............
###############################################GBDT#####################################################
GBDT_BET的BA值：-8.140767871678497
GBDT_BET:RMSD: 0.384757, P: 0.628260, R^2: 0.388315
GBDT_AE的BA值 ：-8.165384950832374
GBDT_AE :RMSD: 0.369875, P: 0.665805, R^2: 0.434719
GBDT_ECFP的BA值 ：-8.167788103474265
GBDT_ECFP :RMSD: 0.386141, P: 0.623912, R^2: 0.383905
GBDT_AE_BET的BA值    ：-8.153076411255435
GBDT_AE_BET    :RMSD: 0.374558, P: 0.656096, R^2: 0.420313
GBDT_AE_ECFP的BA值    ：-8.146921032179096
GBDT_AE_ECFP    :RMSD: 0.369454, P: 0.668427, R^2: 0.436006
GBDT_BET_ECFP的BA值    ：-8.139098679262409
GBDT_BET_ECFP    :RMSD: 0.377952, P: 0.645401, R^2: 0.409760
GBDT_AE_BET_ECFP的BA值    ：-8.1411314294523
GBDT_AE_BET_ECFP    :RMSD: 0.371872, P: 0.662934, R^2: 0.428597
fold= 7
>>>>>>>>>>>>>training.............
###############################################GBDT#####################################################
GBDT_BET的BA值：-8.074343080047168
GBDT_BET:RMSD: 0.496033, P: 0.438413, R^2: 0.186213
GBDT_AE的BA值 ：-8.087855423047703
GBDT_AE :RMSD: 0.491174, P: 0.467828, R^2: 0.202077
GBDT_ECFP的BA值 ：-8.20803630469902
GBDT_ECFP :RMSD: 0.482885, P: 0.514319, R^2: 0.228783
GBDT_AE_BET的BA值    ：-8.07484443839032
GBDT_AE_BET    :RMSD: 0.489518, P: 0.462224, R^2: 0.207448
GBDT_AE_ECFP的BA值    ：-8.132323671644592
GBDT_AE_ECFP    :RMSD: 0.475710, P: 0.512174, R^2: 0.251530
GBDT_BET_ECFP的BA值    ：-8.122870987234453
GBDT_BET_ECFP    :RMSD: 0.476435, P: 0.507081, R^2: 0.249249
GBDT_AE_BET_ECFP的BA值    ：-8.093015145484179
GBDT_AE_BET_ECFP    :RMSD: 0.477400, P: 0.501366, R^2: 0.246204
fold= 8
>>>>>>>>>>>>>training.............
###############################################GBDT#####################################################
GBDT_BET的BA值：-8.267488192304445
GBDT_BET:RMSD: 0.409314, P: 0.573015, R^2: 0.322094
GBDT_AE的BA值 ：-8.160469007633052
GBDT_AE :RMSD: 0.442558, P: 0.456085, R^2: 0.207504
GBDT_ECFP的BA值 ：-8.220503985384573
GBDT_ECFP :RMSD: 0.499386, P: 0.334914, R^2: -0.009087
GBDT_AE_BET的BA值    ：-8.213978599968748
GBDT_AE_BET    :RMSD: 0.421117, P: 0.537284, R^2: 0.282435
GBDT_AE_ECFP的BA值    ：-8.190486496508813
GBDT_AE_ECFP    :RMSD: 0.460730, P: 0.402260, R^2: 0.141089
GBDT_BET_ECFP的BA值    ：-8.243996088844508
GBDT_BET_ECFP    :RMSD: 0.442151, P: 0.466110, R^2: 0.208962
GBDT_AE_BET_ECFP的BA值    ：-8.21615372844069
GBDT_AE_BET_ECFP    :RMSD: 0.438134, P: 0.474122, R^2: 0.223270
fold= 9
>>>>>>>>>>>>>training.............
###############################################GBDT#####################################################
GBDT_BET的BA值：-8.202237372560269
GBDT_BET:RMSD: 0.428543, P: 0.652708, R^2: 0.407623
GBDT_AE的BA值 ：-8.106319321585623
GBDT_AE :RMSD: 0.437140, P: 0.639213, R^2: 0.383618
GBDT_ECFP的BA值 ：-8.285113456434486
GBDT_ECFP :RMSD: 0.479299, P: 0.536852, R^2: 0.258994
GBDT_AE_BET的BA值    ：-8.119269663045065
GBDT_AE_BET    :RMSD: 0.426907, P: 0.667826, R^2: 0.412138
GBDT_AE_ECFP的BA值    ：-8.174671068287392
GBDT_AE_ECFP    :RMSD: 0.447053, P: 0.601223, R^2: 0.355345
GBDT_BET_ECFP的BA值    ：-8.241613629793783
GBDT_BET_ECFP    :RMSD: 0.441125, P: 0.615260, R^2: 0.372328
GBDT_AE_BET_ECFP的BA值    ：-8.151747381393607
GBDT_AE_BET_ECFP    :RMSD: 0.434910, P: 0.635347, R^2: 0.389890
fold= 10
>>>>>>>>>>>>>training.............
###############################################GBDT#####################################################
GBDT_BET的BA值：-8.095204826571967
GBDT_BET:RMSD: 0.403892, P: 0.532363, R^2: 0.184096
GBDT_AE的BA值 ：-8.00810063801545
GBDT_AE :RMSD: 0.418338, P: 0.517158, R^2: 0.124686
GBDT_ECFP的BA值 ：-8.25434702798394
GBDT_ECFP :RMSD: 0.424311, P: 0.447133, R^2: 0.099512
GBDT_AE_BET的BA值    ：-8.039064947060165
GBDT_AE_BET    :RMSD: 0.405725, P: 0.539235, R^2: 0.176674
GBDT_AE_ECFP的BA值    ：-8.131223832999694
GBDT_AE_ECFP    :RMSD: 0.409260, P: 0.509286, R^2: 0.162262
GBDT_BET_ECFP的BA值    ：-8.16218814204441
GBDT_BET_ECFP    :RMSD: 0.405455, P: 0.509777, R^2: 0.177767
GBDT_AE_BET_ECFP的BA值    ：-8.110825640701423
GBDT_AE_BET_ECFP    :RMSD: 0.403846, P: 0.527222, R^2: 0.184280
@@@@@@@@@@@@@@@@@@@@@@@@@@@@@@@@@@@@@@@@@@@最终结果@@@@@@@@@@@@@@@@@@@@@@@@@@@@@@@@@@@@@@@@@@@@@@@@@@
@@@@@@@@@@@@@@@@@@@@@@@@@@@@@@@@@@@@@@@@@@@最终结果@@@@@@@@@@@@@@@@@@@@@@@@@@@@@@@@@@@@@@@@@@@@@@@@@@
%%%%%%%%%%%%%%%%%%%%%%%%%%%%%%%%%%%%%%%%%%%GBDT%%%%%%%%%%%%%%%%%%%%%%%%%%%%%%%%%%%%%%%%%%%%%%%%%%%%%%
GBDT_BET:0-th Final RMSD: 0.433355, Final P: 0.580596, Final R^2: 0.332699
GBDT_AE :0-th Final RMSD: 0.438292, Final P: 0.566185, Final R^2: 0.317407
GBDT_ECFP :0-th Final RMSD: 0.454459, Final P: 0.526505, Final R^2: 0.266121
GBDT_AE_BET    :0-th Final RMSD: 0.431514, Final P: 0.587359, Final R^2: 0.338358
GBDT_AE_ECFP    :0-th Final RMSD: 0.435274, Final P: 0.572303, Final R^2: 0.326775
GBDT_BET_ECFP    :0-th Final RMSD: 0.433186, Final P: 0.579256, Final R^2: 0.333219
GBDT_AE_BET_ECFP    :0-th Final RMSD: 0.430354, Final P: 0.588397, Final R^2: 0.341909
0-th GBDT_AE的BA值 ：-8.165385
0-th GBDT_BET的BA值：-8.267488
0-th GBDT_ECFP的BA值 ：-8.285113
0-th GBDT_AE_BET的BA值：-8.213979
0-th GBDT_AE_ECFP的BA值    ：-8.190486
0-th GBDT_BET_ECFP的BA值    ：-8.243996
0-th GBDT_AE_BET_ECFP的BA值    ：-8.216154
total time: 0.21626292082998488 h
