size of data: (141,)
size of train size: 112
GBDT parameter
Namespace(n_estimators=10000, dataset='CHEMBL3060', max_depth=7, learning_rate=0.01, criterion='friedman_mse', subsample=0.7, max_features='sqrt', min_samples_split=3, loss='ls', n_iter_no_change=None, random_seed=0)
fold= 1
>>>>>>>>>>>>>training.............
###############################################GBDT#####################################################
GBDT_BET的BA值：-9.869219497271757
GBDT_BET:RMSD: 0.655607, P: 0.830034, R^2: 0.577449
GBDT_AE的BA值 ：-9.863178299288762
GBDT_AE :RMSD: 0.726458, P: 0.796832, R^2: 0.481185
GBDT_ECFP的BA值 ：-10.157226105056386
GBDT_ECFP :RMSD: 0.690521, P: 0.746245, R^2: 0.531245
GBDT_AE_BET的BA值    ：-9.86619889828026
GBDT_AE_BET    :RMSD: 0.680770, P: 0.829788, R^2: 0.544391
GBDT_AE_ECFP的BA值    ：-9.844813512840453
GBDT_AE_ECFP    :RMSD: 0.665806, P: 0.792881, R^2: 0.564200
GBDT_BET_ECFP的BA值    ：-9.84783411183195
GBDT_BET_ECFP    :RMSD: 0.649026, P: 0.796459, R^2: 0.585889
GBDT_AE_BET_ECFP的BA值    ：-9.85294884098422
GBDT_AE_BET_ECFP    :RMSD: 0.656382, P: 0.811785, R^2: 0.576449
fold= 2
>>>>>>>>>>>>>training.............
###############################################GBDT#####################################################
GBDT_BET的BA值：-9.740096888510237
GBDT_BET:RMSD: 0.561658, P: 0.885245, R^2: 0.656593
GBDT_AE的BA值 ：-9.908957489391168
GBDT_AE :RMSD: 0.517813, P: 0.917754, R^2: 0.708115
GBDT_ECFP的BA值 ：-10.112523349716882
GBDT_ECFP :RMSD: 0.660287, P: 0.726377, R^2: 0.525397
GBDT_AE_BET的BA值    ：-9.738814949667274
GBDT_AE_BET    :RMSD: 0.530145, P: 0.917894, R^2: 0.694047
GBDT_AE_ECFP的BA值    ：-9.986246774299246
GBDT_AE_ECFP    :RMSD: 0.561684, P: 0.839067, R^2: 0.656561
GBDT_BET_ECFP的BA值    ：-9.897312142070318
GBDT_BET_ECFP    :RMSD: 0.571419, P: 0.834395, R^2: 0.644553
GBDT_AE_BET_ECFP的BA值    ：-9.844052431654982
GBDT_AE_BET_ECFP    :RMSD: 0.544945, P: 0.873435, R^2: 0.676726
fold= 3
>>>>>>>>>>>>>training.............
###############################################GBDT#####################################################
GBDT_BET的BA值：-9.905523209986242
GBDT_BET:RMSD: 0.671853, P: 0.789298, R^2: 0.527054
GBDT_AE的BA值 ：-9.927834299845426
GBDT_AE :RMSD: 0.737022, P: 0.708049, R^2: 0.430854
GBDT_ECFP的BA值 ：-10.540028209428193
GBDT_ECFP :RMSD: 0.661235, P: 0.824870, R^2: 0.541885
GBDT_AE_BET的BA值    ：-9.916678754915834
GBDT_AE_BET    :RMSD: 0.701748, P: 0.752198, R^2: 0.484029
GBDT_AE_ECFP的BA值    ：-10.23393125463681
GBDT_AE_ECFP    :RMSD: 0.656226, P: 0.817442, R^2: 0.548800
GBDT_BET_ECFP的BA值    ：-10.222775709707218
GBDT_BET_ECFP    :RMSD: 0.633584, P: 0.833838, R^2: 0.579398
GBDT_AE_BET_ECFP的BA值    ：-10.124461906419954
GBDT_AE_BET_ECFP    :RMSD: 0.655424, P: 0.813385, R^2: 0.549901
fold= 4
>>>>>>>>>>>>>training.............
###############################################GBDT#####################################################
GBDT_BET的BA值：-9.439254454970758
GBDT_BET:RMSD: 0.937234, P: 0.662796, R^2: 0.320548
GBDT_AE的BA值 ：-9.660391314659643
GBDT_AE :RMSD: 0.988421, P: 0.518854, R^2: 0.244306
GBDT_ECFP的BA值 ：-9.898252169138537
GBDT_ECFP :RMSD: 0.784262, P: 0.796440, R^2: 0.524243
GBDT_AE_BET的BA值    ：-9.47830112232283
GBDT_AE_BET    :RMSD: 0.956981, P: 0.609571, R^2: 0.291616
GBDT_AE_ECFP的BA值    ：-9.728888584686455
GBDT_AE_ECFP    :RMSD: 0.861444, P: 0.764325, R^2: 0.425994
GBDT_BET_ECFP的BA值    ：-9.639981344260196
GBDT_BET_ECFP    :RMSD: 0.846141, P: 0.787010, R^2: 0.446207
GBDT_AE_BET_ECFP的BA值    ：-9.584662699786309
GBDT_AE_BET_ECFP    :RMSD: 0.883488, P: 0.747908, R^2: 0.396241
fold= 5
>>>>>>>>>>>>>training.............
###############################################GBDT#####################################################
GBDT_BET的BA值：-10.096508497212607
GBDT_BET:RMSD: 0.965720, P: 0.628423, R^2: 0.393124
GBDT_AE的BA值 ：-10.030534487724218
GBDT_AE :RMSD: 0.889716, P: 0.718712, R^2: 0.484890
GBDT_ECFP的BA值 ：-10.529247634078441
GBDT_ECFP :RMSD: 1.054773, P: 0.557184, R^2: 0.276039
GBDT_AE_BET的BA值    ：-10.063521492468412
GBDT_AE_BET    :RMSD: 0.921421, P: 0.679631, R^2: 0.447524
GBDT_AE_ECFP的BA值    ：-10.083900364811978
GBDT_AE_ECFP    :RMSD: 0.958363, P: 0.635306, R^2: 0.402335
GBDT_BET_ECFP的BA值    ：-10.215638186146196
GBDT_BET_ECFP    :RMSD: 1.000469, P: 0.595207, R^2: 0.348664
GBDT_AE_BET_ECFP的BA值    ：-10.088103075612189
GBDT_AE_BET_ECFP    :RMSD: 0.956667, P: 0.637226, R^2: 0.404449
fold= 6
>>>>>>>>>>>>>training.............
###############################################GBDT#####################################################
GBDT_BET的BA值：-9.326711853828947
GBDT_BET:RMSD: 0.921172, P: 0.776345, R^2: 0.232024
GBDT_AE的BA值 ：-9.720118673551351
GBDT_AE :RMSD: 0.860026, P: 0.715518, R^2: 0.330594
GBDT_ECFP的BA值 ：-9.986180040474187
GBDT_ECFP :RMSD: 0.912251, P: 0.543238, R^2: 0.246826
GBDT_AE_BET的BA值    ：-9.490576431971945
GBDT_AE_BET    :RMSD: 0.884978, P: 0.755346, R^2: 0.291187
GBDT_AE_ECFP的BA值    ：-9.853149357012768
GBDT_AE_ECFP    :RMSD: 0.858646, P: 0.648929, R^2: 0.332741
GBDT_BET_ECFP的BA值    ：-9.623607115433362
GBDT_BET_ECFP    :RMSD: 0.883774, P: 0.647352, R^2: 0.293115
GBDT_AE_BET_ECFP的BA值    ：-9.655777634806025
GBDT_AE_BET_ECFP    :RMSD: 0.868310, P: 0.690917, R^2: 0.317637
fold= 7
>>>>>>>>>>>>>training.............
###############################################GBDT#####################################################
GBDT_BET的BA值：-9.734603111956925
GBDT_BET:RMSD: 0.627136, P: 0.828516, R^2: 0.596855
GBDT_AE的BA值 ：-9.66762707685671
GBDT_AE :RMSD: 0.674027, P: 0.813039, R^2: 0.534316
GBDT_ECFP的BA值 ：-9.65095243012002
GBDT_ECFP :RMSD: 0.821269, P: 0.580633, R^2: 0.308635
GBDT_AE_BET的BA值    ：-9.669274714200164
GBDT_AE_BET    :RMSD: 0.644902, P: 0.827909, R^2: 0.573691
GBDT_AE_ECFP的BA值    ：-9.62744937328171
GBDT_AE_ECFP    :RMSD: 0.682848, P: 0.737675, R^2: 0.522047
GBDT_BET_ECFP的BA值    ：-9.692777771038472
GBDT_BET_ECFP    :RMSD: 0.673428, P: 0.741587, R^2: 0.535143
GBDT_AE_BET_ECFP的BA值    ：-9.663167286173447
GBDT_AE_BET_ECFP    :RMSD: 0.651549, P: 0.781956, R^2: 0.564858
fold= 8
>>>>>>>>>>>>>training.............
###############################################GBDT#####################################################
GBDT_BET的BA值：-9.885069415007315
GBDT_BET:RMSD: 0.500782, P: 0.812917, R^2: 0.643893
GBDT_AE的BA值 ：-9.959528577709364
GBDT_AE :RMSD: 0.512658, P: 0.804638, R^2: 0.626803
GBDT_ECFP的BA值 ：-10.296924127014753
GBDT_ECFP :RMSD: 0.557284, P: 0.767869, R^2: 0.559002
GBDT_AE_BET的BA值    ：-9.92229899635834
GBDT_AE_BET    :RMSD: 0.504460, P: 0.811506, R^2: 0.638643
GBDT_AE_ECFP的BA值    ：-9.959630804459131
GBDT_AE_ECFP    :RMSD: 0.502636, P: 0.806122, R^2: 0.641252
GBDT_BET_ECFP的BA值    ：-9.955727336894117
GBDT_BET_ECFP    :RMSD: 0.497556, P: 0.810830, R^2: 0.648467
GBDT_AE_BET_ECFP的BA值    ：-9.934777007975192
GBDT_AE_BET_ECFP    :RMSD: 0.493803, P: 0.815259, R^2: 0.653750
fold= 9
>>>>>>>>>>>>>training.............
###############################################GBDT#####################################################
GBDT_BET的BA值：-10.040857467028637
GBDT_BET:RMSD: 0.738574, P: 0.453732, R^2: 0.094808
GBDT_AE的BA值 ：-9.57127997961634
GBDT_AE :RMSD: 0.650491, P: 0.547822, R^2: 0.297841
GBDT_ECFP的BA值 ：-9.798102001802306
GBDT_ECFP :RMSD: 0.807999, P: 0.415168, R^2: -0.083363
GBDT_AE_BET的BA值    ：-9.80606872332249
GBDT_AE_BET    :RMSD: 0.685620, P: 0.498594, R^2: 0.219956
GBDT_AE_ECFP的BA值    ：-9.684690990709324
GBDT_AE_ECFP    :RMSD: 0.709833, P: 0.478250, R^2: 0.163889
GBDT_BET_ECFP的BA值    ：-9.919479734415471
GBDT_BET_ECFP    :RMSD: 0.760363, P: 0.440938, R^2: 0.040611
GBDT_AE_BET_ECFP的BA值    ：-9.803413149482429
GBDT_AE_BET_ECFP    :RMSD: 0.713899, P: 0.473510, R^2: 0.154282
fold= 10
>>>>>>>>>>>>>training.............
###############################################GBDT#####################################################
GBDT_BET的BA值：-9.963759050266614
GBDT_BET:RMSD: 0.941366, P: 0.768685, R^2: 0.400569
GBDT_AE的BA值 ：-9.819314335453472
GBDT_AE :RMSD: 0.957231, P: 0.772255, R^2: 0.380194
GBDT_ECFP的BA值 ：-10.192553945134286
GBDT_ECFP :RMSD: 0.790479, P: 0.769388, R^2: 0.577329
GBDT_AE_BET的BA值    ：-9.891536692860043
GBDT_AE_BET    :RMSD: 0.946232, P: 0.776063, R^2: 0.394355
GBDT_AE_ECFP的BA值    ：-10.005934140293878
GBDT_AE_ECFP    :RMSD: 0.841677, P: 0.783671, R^2: 0.520804
GBDT_BET_ECFP的BA值    ：-10.07815649770045
GBDT_BET_ECFP    :RMSD: 0.839101, P: 0.778799, R^2: 0.523732
GBDT_AE_BET_ECFP的BA值    ：-9.991875776951458
GBDT_AE_BET_ECFP    :RMSD: 0.869492, P: 0.783481, R^2: 0.488608
@@@@@@@@@@@@@@@@@@@@@@@@@@@@@@@@@@@@@@@@@@@最终结果@@@@@@@@@@@@@@@@@@@@@@@@@@@@@@@@@@@@@@@@@@@@@@@@@@
@@@@@@@@@@@@@@@@@@@@@@@@@@@@@@@@@@@@@@@@@@@最终结果@@@@@@@@@@@@@@@@@@@@@@@@@@@@@@@@@@@@@@@@@@@@@@@@@@
%%%%%%%%%%%%%%%%%%%%%%%%%%%%%%%%%%%%%%%%%%%GBDT%%%%%%%%%%%%%%%%%%%%%%%%%%%%%%%%%%%%%%%%%%%%%%%%%%%%%%
GBDT_BET:0-th Final RMSD: 0.769442, Final P: 0.707287, Final R^2: 0.472446
GBDT_AE :0-th Final RMSD: 0.768076, Final P: 0.715411, Final R^2: 0.474317
GBDT_ECFP :0-th Final RMSD: 0.785025, Final P: 0.674647, Final R^2: 0.450860
GBDT_AE_BET    :0-th Final RMSD: 0.762389, Final P: 0.722291, Final R^2: 0.482074
GBDT_AE_ECFP    :0-th Final RMSD: 0.742344, Final P: 0.724187, Final R^2: 0.508950
GBDT_BET_ECFP    :0-th Final RMSD: 0.749692, Final P: 0.713168, Final R^2: 0.499180
GBDT_AE_BET_ECFP    :0-th Final RMSD: 0.743800, Final P: 0.729070, Final R^2: 0.507021
0-th GBDT_AE的BA值 ：-10.030534
0-th GBDT_BET的BA值：-10.096508
0-th GBDT_ECFP的BA值 ：-10.540028
0-th GBDT_AE_BET的BA值：-10.063521
0-th GBDT_AE_ECFP的BA值    ：-10.233931
0-th GBDT_BET_ECFP的BA值    ：-10.222776
0-th GBDT_AE_BET_ECFP的BA值    ：-10.124462
total time: 0.07245727267530229 h
