size of data: (238,)
size of train size: 190
GBDT parameter
Namespace(n_estimators=10000, dataset='CHEMBL5319', max_depth=7, learning_rate=0.01, criterion='friedman_mse', subsample=0.7, max_features='sqrt', min_samples_split=3, loss='ls', n_iter_no_change=None, random_seed=0)
fold= 1
>>>>>>>>>>>>>training.............
###############################################GBDT#####################################################
GBDT_BET的BA值：-11.304326198025958
GBDT_BET:RMSD: 0.957349, P: 0.653181, R^2: 0.208794
GBDT_AE的BA值 ：-11.030548833519862
GBDT_AE :RMSD: 0.965196, P: 0.671557, R^2: 0.195770
GBDT_ECFP的BA值 ：-11.463532338467058
GBDT_ECFP :RMSD: 0.893712, P: 0.598177, R^2: 0.310485
GBDT_AE_BET的BA值    ：-11.16743751577291
GBDT_AE_BET    :RMSD: 0.953190, P: 0.668006, R^2: 0.215653
GBDT_AE_ECFP的BA值    ：-11.244041580059985
GBDT_AE_ECFP    :RMSD: 0.881247, P: 0.656335, R^2: 0.329584
GBDT_BET_ECFP的BA值    ：-11.380930262313033
GBDT_BET_ECFP    :RMSD: 0.883515, P: 0.648911, R^2: 0.326129
GBDT_AE_BET_ECFP的BA值    ：-11.264136452715311
GBDT_AE_BET_ECFP    :RMSD: 0.895434, P: 0.664925, R^2: 0.307824
fold= 2
>>>>>>>>>>>>>training.............
###############################################GBDT#####################################################
GBDT_BET的BA值：-11.35773582125718
GBDT_BET:RMSD: 1.041807, P: 0.618622, R^2: 0.288716
GBDT_AE的BA值 ：-11.11441793749027
GBDT_AE :RMSD: 1.077720, P: 0.537001, R^2: 0.238831
GBDT_ECFP的BA值 ：-11.885530449047017
GBDT_ECFP :RMSD: 1.142923, P: 0.567958, R^2: 0.143943
GBDT_AE_BET的BA值    ：-11.211070136644688
GBDT_AE_BET    :RMSD: 1.055108, P: 0.584082, R^2: 0.270437
GBDT_AE_ECFP的BA值    ：-11.499974193268644
GBDT_AE_ECFP    :RMSD: 1.086723, P: 0.565542, R^2: 0.226062
GBDT_BET_ECFP的BA值    ：-11.596626392423062
GBDT_BET_ECFP    :RMSD: 1.076139, P: 0.598671, R^2: 0.241064
GBDT_AE_BET_ECFP的BA值    ：-11.435890240778798
GBDT_AE_BET_ECFP    :RMSD: 1.067503, P: 0.586037, R^2: 0.253196
fold= 3
>>>>>>>>>>>>>training.............
###############################################GBDT#####################################################
GBDT_BET的BA值：-11.532800816796666
GBDT_BET:RMSD: 1.081111, P: 0.775626, R^2: 0.528016
GBDT_AE的BA值 ：-11.23918843802105
GBDT_AE :RMSD: 1.053798, P: 0.805548, R^2: 0.551563
GBDT_ECFP的BA值 ：-11.69652150578892
GBDT_ECFP :RMSD: 0.972581, P: 0.788498, R^2: 0.618022
GBDT_AE_BET的BA值    ：-11.285144349309364
GBDT_AE_BET    :RMSD: 1.060036, P: 0.799554, R^2: 0.546238
GBDT_AE_ECFP的BA值    ：-11.467854971904984
GBDT_AE_ECFP    :RMSD: 0.979108, P: 0.809138, R^2: 0.612878
GBDT_BET_ECFP的BA值    ：-11.471561862178943
GBDT_BET_ECFP    :RMSD: 0.980907, P: 0.809611, R^2: 0.611454
GBDT_AE_BET_ECFP的BA值    ：-11.356336009813356
GBDT_AE_BET_ECFP    :RMSD: 0.997376, P: 0.813271, R^2: 0.598298
fold= 4
>>>>>>>>>>>>>training.............
###############################################GBDT#####################################################
GBDT_BET的BA值：-11.064269301119616
GBDT_BET:RMSD: 0.881127, P: 0.677692, R^2: 0.450696
GBDT_AE的BA值 ：-11.095598373182941
GBDT_AE :RMSD: 0.877739, P: 0.679895, R^2: 0.454912
GBDT_ECFP的BA值 ：-11.287617336016906
GBDT_ECFP :RMSD: 0.822680, P: 0.726308, R^2: 0.521153
GBDT_AE_BET的BA值    ：-11.079933837151279
GBDT_AE_BET    :RMSD: 0.874668, P: 0.682525, R^2: 0.458721
GBDT_AE_ECFP的BA值    ：-11.191607854599923
GBDT_AE_ECFP    :RMSD: 0.827813, P: 0.719799, R^2: 0.515159
GBDT_BET_ECFP的BA值    ：-11.175943318568262
GBDT_BET_ECFP    :RMSD: 0.835887, P: 0.715592, R^2: 0.505655
GBDT_AE_BET_ECFP的BA值    ：-11.149161670106489
GBDT_AE_BET_ECFP    :RMSD: 0.841460, P: 0.710370, R^2: 0.499042
fold= 5
>>>>>>>>>>>>>training.............
###############################################GBDT#####################################################
GBDT_BET的BA值：-11.452350205679359
GBDT_BET:RMSD: 1.082558, P: 0.610088, R^2: 0.369661
GBDT_AE的BA值 ：-11.177736976113188
GBDT_AE :RMSD: 1.039447, P: 0.661890, R^2: 0.418865
GBDT_ECFP的BA值 ：-11.722023064867285
GBDT_ECFP :RMSD: 1.031485, P: 0.661129, R^2: 0.427735
GBDT_AE_BET的BA值    ：-11.315043590896273
GBDT_AE_BET    :RMSD: 1.052097, P: 0.641841, R^2: 0.404635
GBDT_AE_ECFP的BA值    ：-11.449880020490237
GBDT_AE_ECFP    :RMSD: 1.010567, P: 0.673538, R^2: 0.450710
GBDT_BET_ECFP的BA值    ：-11.587186635273323
GBDT_BET_ECFP    :RMSD: 1.034479, P: 0.652293, R^2: 0.424407
GBDT_AE_BET_ECFP的BA值    ：-11.450703415553278
GBDT_AE_BET_ECFP    :RMSD: 1.026150, P: 0.660306, R^2: 0.433639
fold= 6
>>>>>>>>>>>>>training.............
###############################################GBDT#####################################################
GBDT_BET的BA值：-11.194398794318577
GBDT_BET:RMSD: 0.990950, P: 0.679782, R^2: 0.388277
GBDT_AE的BA值 ：-10.96436142842435
GBDT_AE :RMSD: 1.034555, P: 0.616954, R^2: 0.333256
GBDT_ECFP的BA值 ：-11.523374831692689
GBDT_ECFP :RMSD: 1.199121, P: 0.381561, R^2: 0.104269
GBDT_AE_BET的BA值    ：-11.018195945844989
GBDT_AE_BET    :RMSD: 1.005058, P: 0.663339, R^2: 0.370735
GBDT_AE_ECFP的BA值    ：-11.185777936364081
GBDT_AE_ECFP    :RMSD: 1.083999, P: 0.519760, R^2: 0.268004
GBDT_BET_ECFP的BA值    ：-11.355792841173596
GBDT_BET_ECFP    :RMSD: 1.062631, P: 0.550187, R^2: 0.296577
GBDT_AE_BET_ECFP的BA值    ：-11.186588907794222
GBDT_AE_BET_ECFP    :RMSD: 1.041758, P: 0.586973, R^2: 0.323940
fold= 7
>>>>>>>>>>>>>training.............
###############################################GBDT#####################################################
GBDT_BET的BA值：-11.281805257691314
GBDT_BET:RMSD: 1.079269, P: 0.447856, R^2: 0.117313
GBDT_AE的BA值 ：-11.14336473674059
GBDT_AE :RMSD: 1.015663, P: 0.524992, R^2: 0.218288
GBDT_ECFP的BA值 ：-11.755722799259434
GBDT_ECFP :RMSD: 0.949081, P: 0.594161, R^2: 0.317420
GBDT_AE_BET的BA值    ：-11.212584997215952
GBDT_AE_BET    :RMSD: 1.042594, P: 0.490403, R^2: 0.176284
GBDT_AE_ECFP的BA值    ：-11.327059935894301
GBDT_AE_ECFP    :RMSD: 0.946512, P: 0.583034, R^2: 0.321110
GBDT_BET_ECFP的BA值    ：-11.396280196369663
GBDT_BET_ECFP    :RMSD: 0.981655, P: 0.546731, R^2: 0.269761
GBDT_AE_BET_ECFP的BA值    ：-11.31197504315997
GBDT_AE_BET_ECFP    :RMSD: 0.982570, P: 0.546710, R^2: 0.268400
fold= 8
>>>>>>>>>>>>>training.............
###############################################GBDT#####################################################
GBDT_BET的BA值：-11.336871668525198
GBDT_BET:RMSD: 1.113786, P: 0.593444, R^2: 0.342066
GBDT_AE的BA值 ：-11.333107137330991
GBDT_AE :RMSD: 1.044079, P: 0.658173, R^2: 0.421844
GBDT_ECFP的BA值 ：-11.622057505408657
GBDT_ECFP :RMSD: 1.058928, P: 0.671338, R^2: 0.405281
GBDT_AE_BET的BA值    ：-11.334989402928095
GBDT_AE_BET    :RMSD: 1.070076, P: 0.634976, R^2: 0.392694
GBDT_AE_ECFP的BA值    ：-11.432194258118518
GBDT_AE_ECFP    :RMSD: 1.021109, P: 0.680337, R^2: 0.447003
GBDT_BET_ECFP的BA值    ：-11.434076523715621
GBDT_BET_ECFP    :RMSD: 1.047052, P: 0.657692, R^2: 0.418546
GBDT_AE_BET_ECFP的BA值    ：-11.400420061587411
GBDT_AE_BET_ECFP    :RMSD: 1.037316, P: 0.664182, R^2: 0.429309
fold= 9
>>>>>>>>>>>>>training.............
###############################################GBDT#####################################################
GBDT_BET的BA值：-11.049043464380343
GBDT_BET:RMSD: 1.362198, P: 0.355116, R^2: 0.088390
GBDT_AE的BA值 ：-10.91968242090233
GBDT_AE :RMSD: 1.337953, P: 0.394882, R^2: 0.120551
GBDT_ECFP的BA值 ：-11.030396840647498
GBDT_ECFP :RMSD: 1.190988, P: 0.581789, R^2: 0.303143
GBDT_AE_BET的BA值    ：-10.984362942641337
GBDT_AE_BET    :RMSD: 1.345827, P: 0.380084, R^2: 0.110169
GBDT_AE_ECFP的BA值    ：-10.924415456762002
GBDT_AE_ECFP    :RMSD: 1.221753, P: 0.528780, R^2: 0.266677
GBDT_BET_ECFP的BA值    ：-10.989095978501009
GBDT_BET_ECFP    :RMSD: 1.236383, P: 0.512755, R^2: 0.249009
GBDT_AE_BET_ECFP的BA值    ：-10.965958125968115
GBDT_AE_BET_ECFP    :RMSD: 1.259018, P: 0.486992, R^2: 0.221260
fold= 10
>>>>>>>>>>>>>training.............
###############################################GBDT#####################################################
GBDT_BET的BA值：-11.113199296836996
GBDT_BET:RMSD: 1.084376, P: 0.584911, R^2: 0.341922
GBDT_AE的BA值 ：-10.853720906953793
GBDT_AE :RMSD: 1.037649, P: 0.648276, R^2: 0.397415
GBDT_ECFP的BA值 ：-11.367146663520028
GBDT_ECFP :RMSD: 1.111576, P: 0.577174, R^2: 0.308494
GBDT_AE_BET的BA值    ：-10.90985468328332
GBDT_AE_BET    :RMSD: 1.051186, P: 0.623792, R^2: 0.381589
GBDT_AE_ECFP的BA值    ：-10.991343322957995
GBDT_AE_ECFP    :RMSD: 1.045908, P: 0.628597, R^2: 0.387784
GBDT_BET_ECFP的BA值    ：-11.210377491163095
GBDT_BET_ECFP    :RMSD: 1.076125, P: 0.595568, R^2: 0.351898
GBDT_AE_BET_ECFP的BA值    ：-11.01209832157405
GBDT_AE_BET_ECFP    :RMSD: 1.050908, P: 0.621013, R^2: 0.381917
@@@@@@@@@@@@@@@@@@@@@@@@@@@@@@@@@@@@@@@@@@@最终结果@@@@@@@@@@@@@@@@@@@@@@@@@@@@@@@@@@@@@@@@@@@@@@@@@@
@@@@@@@@@@@@@@@@@@@@@@@@@@@@@@@@@@@@@@@@@@@最终结果@@@@@@@@@@@@@@@@@@@@@@@@@@@@@@@@@@@@@@@@@@@@@@@@@@
%%%%%%%%%%%%%%%%%%%%%%%%%%%%%%%%%%%%%%%%%%%GBDT%%%%%%%%%%%%%%%%%%%%%%%%%%%%%%%%%%%%%%%%%%%%%%%%%%%%%%
GBDT_BET:0-th Final RMSD: 1.072723, Final P: 0.586730, Final R^2: 0.343894
GBDT_AE :0-th Final RMSD: 1.052910, Final P: 0.611181, Final R^2: 0.367907
GBDT_ECFP :0-th Final RMSD: 1.043352, Final P: 0.629802, Final R^2: 0.379331
GBDT_AE_BET    :0-th Final RMSD: 1.055807, Final P: 0.606598, Final R^2: 0.364424
GBDT_AE_ECFP    :0-th Final RMSD: 1.014939, Final P: 0.642517, Final R^2: 0.412675
GBDT_BET_ECFP    :0-th Final RMSD: 1.025733, Final P: 0.632965, Final R^2: 0.400117
GBDT_AE_BET_ECFP    :0-th Final RMSD: 1.024147, Final P: 0.634930, Final R^2: 0.401970
0-th GBDT_AE的BA值 ：-11.333107
0-th GBDT_BET的BA值：-11.532801
0-th GBDT_ECFP的BA值 ：-11.885530
0-th GBDT_AE_BET的BA值：-11.334989
0-th GBDT_AE_ECFP的BA值    ：-11.499974
0-th GBDT_BET_ECFP的BA值    ：-11.596626
0-th GBDT_AE_BET_ECFP的BA值    ：-11.450703
total time: 0.11503759596082899 h
