size of data: (2960,)
size of train size: 2368
GBDT parameter
Namespace(n_estimators=10000, dataset='CHEMBL3650', max_depth=8, learning_rate=0.01, criterion='friedman_mse', subsample=0.5, max_features='sqrt', min_samples_split=4, loss='ls', n_iter_no_change=None, random_seed=0)
fold= 1
>>>>>>>>>>>>>training.............
###############################################GBDT#####################################################
GBDT_BET的BA值：-12.353063666569279
GBDT_BET:RMSD: 0.980279, P: 0.823154, R^2: 0.667135
GBDT_AE的BA值 ：-12.317372132326025
GBDT_AE :RMSD: 0.986728, P: 0.831476, R^2: 0.662741
GBDT_ECFP的BA值 ：-12.87935142317866
GBDT_ECFP :RMSD: 0.897172, P: 0.849400, R^2: 0.721183
GBDT_AE_BET的BA值    ：-12.205723023623943
GBDT_AE_BET    :RMSD: 0.966748, P: 0.835635, R^2: 0.676261
GBDT_AE_ECFP的BA值    ：-12.558802684074038
GBDT_AE_ECFP    :RMSD: 0.897040, P: 0.857571, R^2: 0.721265
GBDT_BET_ECFP的BA值    ：-12.552640218545537
GBDT_BET_ECFP    :RMSD: 0.899534, P: 0.852756, R^2: 0.719713
GBDT_AE_BET_ECFP的BA值    ：-12.373391518372495
GBDT_AE_BET_ECFP    :RMSD: 0.910084, P: 0.853823, R^2: 0.713099
fold= 2
>>>>>>>>>>>>>training.............
###############################################GBDT#####################################################
GBDT_BET的BA值：-12.90065112163075
GBDT_BET:RMSD: 0.932376, P: 0.845662, R^2: 0.699161
GBDT_AE的BA值 ：-12.797862495205614
GBDT_AE :RMSD: 0.959698, P: 0.836370, R^2: 0.681272
GBDT_ECFP的BA值 ：-13.424137080057216
GBDT_ECFP :RMSD: 0.821511, P: 0.876849, R^2: 0.766451
GBDT_AE_BET的BA值    ：-12.849256808418183
GBDT_AE_BET    :RMSD: 0.925181, P: 0.849445, R^2: 0.703787
GBDT_AE_ECFP的BA值    ：-13.110999787631414
GBDT_AE_ECFP    :RMSD: 0.839129, P: 0.876358, R^2: 0.756326
GBDT_BET_ECFP的BA值    ：-13.162394100843983
GBDT_BET_ECFP    :RMSD: 0.838758, P: 0.876162, R^2: 0.756542
GBDT_AE_BET_ECFP的BA值    ：-13.040883565631193
GBDT_AE_BET_ECFP    :RMSD: 0.855649, P: 0.872587, R^2: 0.746637
fold= 3
>>>>>>>>>>>>>training.............
###############################################GBDT#####################################################
GBDT_BET的BA值：-13.275176605778807
GBDT_BET:RMSD: 0.912756, P: 0.845696, R^2: 0.697769
GBDT_AE的BA值 ：-12.105265083710792
GBDT_AE :RMSD: 0.974617, P: 0.842517, R^2: 0.655415
GBDT_ECFP的BA值 ：-13.26478022794483
GBDT_ECFP :RMSD: 0.780457, P: 0.884115, R^2: 0.779033
GBDT_AE_BET的BA值    ：-12.599875917774146
GBDT_AE_BET    :RMSD: 0.921352, P: 0.853415, R^2: 0.692050
GBDT_AE_ECFP的BA值    ：-12.594677728857157
GBDT_AE_ECFP    :RMSD: 0.814063, P: 0.884669, R^2: 0.759594
GBDT_BET_ECFP的BA值    ：-13.269978416861818
GBDT_BET_ECFP    :RMSD: 0.800982, P: 0.883464, R^2: 0.767258
GBDT_AE_BET_ECFP的BA值    ：-12.821510687831042
GBDT_AE_BET_ECFP    :RMSD: 0.831366, P: 0.880030, R^2: 0.749266
fold= 4
>>>>>>>>>>>>>training.............
###############################################GBDT#####################################################
GBDT_BET的BA值：-12.621751053900608
GBDT_BET:RMSD: 0.880932, P: 0.828760, R^2: 0.686025
GBDT_AE的BA值 ：-12.680313446924428
GBDT_AE :RMSD: 0.898534, P: 0.829775, R^2: 0.673353
GBDT_ECFP的BA值 ：-12.993015317991906
GBDT_ECFP :RMSD: 0.868372, P: 0.837592, R^2: 0.694915
GBDT_AE_BET的BA值    ：-12.651032250412518
GBDT_AE_BET    :RMSD: 0.874957, P: 0.834870, R^2: 0.690270
GBDT_AE_ECFP的BA值    ：-12.815479590213737
GBDT_AE_ECFP    :RMSD: 0.825331, P: 0.853089, R^2: 0.724408
GBDT_BET_ECFP的BA值    ：-12.786198393701827
GBDT_BET_ECFP    :RMSD: 0.828734, P: 0.849823, R^2: 0.722131
GBDT_AE_BET_ECFP的BA值    ：-12.750903411442694
GBDT_AE_BET_ECFP    :RMSD: 0.829767, P: 0.851291, R^2: 0.721438
fold= 5
>>>>>>>>>>>>>training.............
###############################################GBDT#####################################################
GBDT_BET的BA值：-12.656459692825198
GBDT_BET:RMSD: 0.886927, P: 0.864141, R^2: 0.721273
GBDT_AE的BA值 ：-11.82895482411692
GBDT_AE :RMSD: 0.944700, P: 0.856743, R^2: 0.683779
GBDT_ECFP的BA值 ：-13.002040877003532
GBDT_ECFP :RMSD: 0.813375, P: 0.877527, R^2: 0.765586
GBDT_AE_BET的BA值    ：-12.242707258471059
GBDT_AE_BET    :RMSD: 0.888021, P: 0.870090, R^2: 0.720586
GBDT_AE_ECFP的BA值    ：-12.306548949412775
GBDT_AE_ECFP    :RMSD: 0.817881, P: 0.884646, R^2: 0.762981
GBDT_BET_ECFP的BA值    ：-12.720301383766916
GBDT_BET_ECFP    :RMSD: 0.810006, P: 0.884761, R^2: 0.767524
GBDT_AE_BET_ECFP的BA值    ：-12.423185863883583
GBDT_AE_BET_ECFP    :RMSD: 0.824204, P: 0.884891, R^2: 0.759303
fold= 6
>>>>>>>>>>>>>training.............
###############################################GBDT#####################################################
GBDT_BET的BA值：-12.941414000229905
GBDT_BET:RMSD: 0.835952, P: 0.852504, R^2: 0.711018
GBDT_AE的BA值 ：-11.92335117636382
GBDT_AE :RMSD: 0.998663, P: 0.844480, R^2: 0.587575
GBDT_ECFP的BA值 ：-13.433691431257046
GBDT_ECFP :RMSD: 0.751133, P: 0.875884, R^2: 0.766686
GBDT_AE_BET的BA值    ：-12.432382588296862
GBDT_AE_BET    :RMSD: 0.884367, P: 0.859298, R^2: 0.676576
GBDT_AE_ECFP的BA值    ：-12.665462813398136
GBDT_AE_ECFP    :RMSD: 0.786085, P: 0.884069, R^2: 0.744468
GBDT_BET_ECFP的BA值    ：-13.163142037561482
GBDT_BET_ECFP    :RMSD: 0.745334, P: 0.881733, R^2: 0.770275
GBDT_AE_BET_ECFP的BA值    ：-12.699053400905717
GBDT_AE_BET_ECFP    :RMSD: 0.786121, P: 0.881492, R^2: 0.744444
fold= 7
>>>>>>>>>>>>>training.............
###############################################GBDT#####################################################
GBDT_BET的BA值：-12.601621569977995
GBDT_BET:RMSD: 0.875734, P: 0.837209, R^2: 0.693530
GBDT_AE的BA值 ：-11.985736260115438
GBDT_AE :RMSD: 0.899332, P: 0.836255, R^2: 0.676791
GBDT_ECFP的BA值 ：-12.99228191729073
GBDT_ECFP :RMSD: 0.769930, P: 0.873831, R^2: 0.763110
GBDT_AE_BET的BA值    ：-12.206694455487902
GBDT_AE_BET    :RMSD: 0.871167, P: 0.844057, R^2: 0.696718
GBDT_AE_ECFP的BA值    ：-12.330633786481096
GBDT_AE_ECFP    :RMSD: 0.787074, P: 0.875093, R^2: 0.752443
GBDT_BET_ECFP的BA值    ：-12.525196653003714
GBDT_BET_ECFP    :RMSD: 0.776653, P: 0.875890, R^2: 0.758955
GBDT_AE_BET_ECFP的BA值    ：-12.290500797743121
GBDT_AE_BET_ECFP    :RMSD: 0.799856, P: 0.870985, R^2: 0.744337
fold= 8
>>>>>>>>>>>>>training.............
###############################################GBDT#####################################################
GBDT_BET的BA值：-13.202349730399856
GBDT_BET:RMSD: 0.874246, P: 0.878463, R^2: 0.751794
GBDT_AE的BA值 ：-12.906911174159525
GBDT_AE :RMSD: 0.887626, P: 0.872756, R^2: 0.744139
GBDT_ECFP的BA值 ：-13.500928814819321
GBDT_ECFP :RMSD: 0.757253, P: 0.903157, R^2: 0.813780
GBDT_AE_BET的BA值    ：-12.986925281537252
GBDT_AE_BET    :RMSD: 0.865537, P: 0.881911, R^2: 0.756715
GBDT_AE_ECFP的BA值    ：-13.09932070548254
GBDT_AE_ECFP    :RMSD: 0.769561, P: 0.905219, R^2: 0.807677
GBDT_BET_ECFP的BA值    ：-13.337923672867845
GBDT_BET_ECFP    :RMSD: 0.767752, P: 0.905964, R^2: 0.808580
GBDT_AE_BET_ECFP的BA值    ：-13.088526933293354
GBDT_AE_BET_ECFP    :RMSD: 0.788646, P: 0.902522, R^2: 0.798020
fold= 9
>>>>>>>>>>>>>training.............
###############################################GBDT#####################################################
GBDT_BET的BA值：-12.73589184404247
GBDT_BET:RMSD: 0.888931, P: 0.865230, R^2: 0.724139
GBDT_AE的BA值 ：-12.589763104676448
GBDT_AE :RMSD: 0.870648, P: 0.870052, R^2: 0.735370
GBDT_ECFP的BA值 ：-13.549659375098024
GBDT_ECFP :RMSD: 0.721684, P: 0.905011, R^2: 0.818178
GBDT_AE_BET的BA值    ：-12.66282747435946
GBDT_AE_BET    :RMSD: 0.866645, P: 0.874332, R^2: 0.737798
GBDT_AE_ECFP的BA值    ：-13.069711239887237
GBDT_AE_ECFP    :RMSD: 0.750034, P: 0.904097, R^2: 0.803612
GBDT_BET_ECFP的BA值    ：-13.142775609570247
GBDT_BET_ECFP    :RMSD: 0.760561, P: 0.901421, R^2: 0.798060
GBDT_AE_BET_ECFP的BA值    ：-12.958438107938981
GBDT_AE_BET_ECFP    :RMSD: 0.781683, P: 0.898257, R^2: 0.786688
fold= 10
>>>>>>>>>>>>>training.............
###############################################GBDT#####################################################
GBDT_BET的BA值：-12.962032758028815
GBDT_BET:RMSD: 0.932232, P: 0.872786, R^2: 0.733937
GBDT_AE的BA值 ：-12.62507789780393
GBDT_AE :RMSD: 0.986440, P: 0.863044, R^2: 0.702095
GBDT_ECFP的BA值 ：-13.514616543658553
GBDT_ECFP :RMSD: 0.904835, P: 0.865658, R^2: 0.749345
GBDT_AE_BET的BA值    ：-12.793555327916373
GBDT_AE_BET    :RMSD: 0.945377, P: 0.875201, R^2: 0.726381
GBDT_AE_ECFP的BA值    ：-13.06984722073124
GBDT_AE_ECFP    :RMSD: 0.889841, P: 0.880708, R^2: 0.757584
GBDT_BET_ECFP的BA值    ：-13.238324650843683
GBDT_BET_ECFP    :RMSD: 0.870146, P: 0.883409, R^2: 0.768195
GBDT_AE_BET_ECFP的BA值    ：-13.033909066497097
GBDT_AE_BET_ECFP    :RMSD: 0.888819, P: 0.884677, R^2: 0.758140
@@@@@@@@@@@@@@@@@@@@@@@@@@@@@@@@@@@@@@@@@@@最终结果@@@@@@@@@@@@@@@@@@@@@@@@@@@@@@@@@@@@@@@@@@@@@@@@@@
@@@@@@@@@@@@@@@@@@@@@@@@@@@@@@@@@@@@@@@@@@@最终结果@@@@@@@@@@@@@@@@@@@@@@@@@@@@@@@@@@@@@@@@@@@@@@@@@@
%%%%%%%%%%%%%%%%%%%%%%%%%%%%%%%%%%%%%%%%%%%GBDT%%%%%%%%%%%%%%%%%%%%%%%%%%%%%%%%%%%%%%%%%%%%%%%%%%%%%%
GBDT_BET:0-th Final RMSD: 0.900853, Final P: 0.850347, Final R^2: 0.710599
GBDT_AE :0-th Final RMSD: 0.941777, Final P: 0.843298, Final R^2: 0.683708
GBDT_ECFP :0-th Final RMSD: 0.810835, Final P: 0.875224, Final R^2: 0.765546
GBDT_AE_BET    :0-th Final RMSD: 0.901587, Final P: 0.855754, Final R^2: 0.710128
GBDT_AE_ECFP    :0-th Final RMSD: 0.818879, Final P: 0.880069, Final R^2: 0.760872
GBDT_BET_ECFP    :0-th Final RMSD: 0.811229, Final P: 0.879496, Final R^2: 0.765319
GBDT_AE_BET_ECFP    :0-th Final RMSD: 0.830670, Final P: 0.877555, Final R^2: 0.753935
0-th GBDT_AE的BA值 ：-12.906911
0-th GBDT_BET的BA值：-13.275177
0-th GBDT_ECFP的BA值 ：-13.549659
0-th GBDT_AE_BET的BA值：-12.986925
0-th GBDT_AE_ECFP的BA值    ：-13.111000
0-th GBDT_BET_ECFP的BA值    ：-13.337924
0-th GBDT_AE_BET_ECFP的BA值    ：-13.088527
total time: 1.1600353778070873 h
