size of data: (330,)
size of train size: 264
GBDT parameter
Namespace(n_estimators=10000, dataset='CHEMBL2424504', max_depth=7, learning_rate=0.01, criterion='friedman_mse', subsample=0.7, max_features='sqrt', min_samples_split=3, loss='ls', n_iter_no_change=None, random_seed=0)
fold= 1
>>>>>>>>>>>>>training.............
###############################################GBDT#####################################################
GBDT_BET的BA值：-10.872655265775212
GBDT_BET:RMSD: 0.914799, P: 0.878729, R^2: 0.710500
GBDT_AE的BA值 ：-10.785862927123642
GBDT_AE :RMSD: 0.972497, P: 0.864742, R^2: 0.672830
GBDT_ECFP的BA值 ：-11.140389132122086
GBDT_ECFP :RMSD: 0.916743, P: 0.845429, R^2: 0.709269
GBDT_AE_BET的BA值    ：-10.828638394748905
GBDT_AE_BET    :RMSD: 0.930858, P: 0.881115, R^2: 0.700247
GBDT_AE_ECFP的BA值    ：-10.890333351062495
GBDT_AE_ECFP    :RMSD: 0.893338, P: 0.873227, R^2: 0.723924
GBDT_BET_ECFP的BA值    ：-10.936024691406416
GBDT_BET_ECFP    :RMSD: 0.876735, P: 0.873907, R^2: 0.734091
GBDT_AE_BET_ECFP的BA值    ：-10.83938424560399
GBDT_AE_BET_ECFP    :RMSD: 0.888809, P: 0.881018, R^2: 0.726716
fold= 2
>>>>>>>>>>>>>training.............
###############################################GBDT#####################################################
GBDT_BET的BA值：-10.999477334243933
GBDT_BET:RMSD: 1.267282, P: 0.714732, R^2: 0.503378
GBDT_AE的BA值 ：-10.835987295744424
GBDT_AE :RMSD: 1.135705, P: 0.822020, R^2: 0.601149
GBDT_ECFP的BA值 ：-11.324408663103648
GBDT_ECFP :RMSD: 1.150854, P: 0.769083, R^2: 0.590438
GBDT_AE_BET的BA值    ：-10.91773231499418
GBDT_AE_BET    :RMSD: 1.188114, P: 0.774353, R^2: 0.563488
GBDT_AE_ECFP的BA值    ：-11.027937370780421
GBDT_AE_ECFP    :RMSD: 1.098525, P: 0.804135, R^2: 0.626836
GBDT_BET_ECFP的BA值    ：-11.109682390030176
GBDT_BET_ECFP    :RMSD: 1.176723, P: 0.758186, R^2: 0.571818
GBDT_AE_BET_ECFP的BA值    ：-11.018450691934925
GBDT_AE_BET_ECFP    :RMSD: 1.144645, P: 0.783036, R^2: 0.594845
fold= 3
>>>>>>>>>>>>>training.............
###############################################GBDT#####################################################
GBDT_BET的BA值：-11.088785933766971
GBDT_BET:RMSD: 0.813359, P: 0.831854, R^2: 0.680197
GBDT_AE的BA值 ：-10.913741863439736
GBDT_AE :RMSD: 0.878008, P: 0.815290, R^2: 0.627338
GBDT_ECFP的BA值 ：-11.314805978696139
GBDT_ECFP :RMSD: 0.824932, P: 0.822985, R^2: 0.671032
GBDT_AE_BET的BA值    ：-11.001263898603353
GBDT_AE_BET    :RMSD: 0.837184, P: 0.827624, R^2: 0.661187
GBDT_AE_ECFP的BA值    ：-11.081063021169374
GBDT_AE_ECFP    :RMSD: 0.800513, P: 0.835104, R^2: 0.690219
GBDT_BET_ECFP的BA值    ：-11.190700997466044
GBDT_BET_ECFP    :RMSD: 0.787649, P: 0.838314, R^2: 0.700095
GBDT_AE_BET_ECFP的BA值    ：-11.083637325368576
GBDT_AE_BET_ECFP    :RMSD: 0.798289, P: 0.837704, R^2: 0.691938
fold= 4
>>>>>>>>>>>>>training.............
###############################################GBDT#####################################################
GBDT_BET的BA值：-11.106054311598122
GBDT_BET:RMSD: 1.162763, P: 0.661284, R^2: 0.433574
GBDT_AE的BA值 ：-10.702677664119008
GBDT_AE :RMSD: 1.203060, P: 0.628954, R^2: 0.393633
GBDT_ECFP的BA值 ：-11.805068294034529
GBDT_ECFP :RMSD: 1.202552, P: 0.656872, R^2: 0.394144
GBDT_AE_BET的BA值    ：-10.893397360471551
GBDT_AE_BET    :RMSD: 1.172898, P: 0.650922, R^2: 0.423656
GBDT_AE_ECFP的BA值    ：-11.198459559962739
GBDT_AE_ECFP    :RMSD: 1.171715, P: 0.655041, R^2: 0.424818
GBDT_BET_ECFP的BA值    ：-11.455561302816324
GBDT_BET_ECFP    :RMSD: 1.160028, P: 0.669386, R^2: 0.436235
GBDT_AE_BET_ECFP的BA值    ：-11.167657810507867
GBDT_AE_BET_ECFP    :RMSD: 1.161014, P: 0.661997, R^2: 0.435276
fold= 5
>>>>>>>>>>>>>training.............
###############################################GBDT#####################################################
GBDT_BET的BA值：-11.148378406594476
GBDT_BET:RMSD: 1.067211, P: 0.477158, R^2: -0.305121
GBDT_AE的BA值 ：-10.584556346596823
GBDT_AE :RMSD: 1.147196, P: 0.407977, R^2: -0.508083
GBDT_ECFP的BA值 ：-11.258245169486923
GBDT_ECFP :RMSD: 1.001574, P: 0.507249, R^2: -0.149520
GBDT_AE_BET的BA值    ：-10.86646737659565
GBDT_AE_BET    :RMSD: 1.094220, P: 0.452339, R^2: -0.372017
GBDT_AE_ECFP的BA值    ：-10.921400758041873
GBDT_AE_ECFP    :RMSD: 1.046390, P: 0.473222, R^2: -0.254694
GBDT_BET_ECFP的BA值    ：-11.2033117880407
GBDT_BET_ECFP    :RMSD: 1.023025, P: 0.497792, R^2: -0.199285
GBDT_AE_BET_ECFP的BA值    ：-10.997059974226076
GBDT_AE_BET_ECFP    :RMSD: 1.048659, P: 0.477748, R^2: -0.260140
fold= 6
>>>>>>>>>>>>>training.............
###############################################GBDT#####################################################
GBDT_BET的BA值：-10.302640365564159
GBDT_BET:RMSD: 0.808642, P: 0.723229, R^2: 0.496134
GBDT_AE的BA值 ：-10.180696925199037
GBDT_AE :RMSD: 0.805453, P: 0.721175, R^2: 0.500101
GBDT_ECFP的BA值 ：-10.92421931035453
GBDT_ECFP :RMSD: 0.801760, P: 0.756648, R^2: 0.504674
GBDT_AE_BET的BA值    ：-10.241668645381598
GBDT_AE_BET    :RMSD: 0.792033, P: 0.732786, R^2: 0.516620
GBDT_AE_ECFP的BA值    ：-10.552458117776784
GBDT_AE_ECFP    :RMSD: 0.781987, P: 0.748890, R^2: 0.528805
GBDT_BET_ECFP的BA值    ：-10.613429837959345
GBDT_BET_ECFP    :RMSD: 0.775162, P: 0.756194, R^2: 0.536994
GBDT_AE_BET_ECFP的BA值    ：-10.46918553370591
GBDT_AE_BET_ECFP    :RMSD: 0.775550, P: 0.750375, R^2: 0.536530
fold= 7
>>>>>>>>>>>>>training.............
###############################################GBDT#####################################################
GBDT_BET的BA值：-11.082696950786218
GBDT_BET:RMSD: 1.000377, P: 0.834752, R^2: 0.638131
GBDT_AE的BA值 ：-10.777089427151363
GBDT_AE :RMSD: 1.023019, P: 0.817824, R^2: 0.621565
GBDT_ECFP的BA值 ：-11.342451381143771
GBDT_ECFP :RMSD: 0.996840, P: 0.840034, R^2: 0.640685
GBDT_AE_BET的BA值    ：-10.92989318896879
GBDT_AE_BET    :RMSD: 0.998778, P: 0.834334, R^2: 0.639287
GBDT_AE_ECFP的BA值    ：-11.044644872133262
GBDT_AE_ECFP    :RMSD: 0.978797, P: 0.842425, R^2: 0.653575
GBDT_BET_ECFP的BA值    ：-11.197448633950689
GBDT_BET_ECFP    :RMSD: 0.979983, P: 0.845106, R^2: 0.652735
GBDT_AE_BET_ECFP的BA值    ：-11.057328898350912
GBDT_AE_BET_ECFP    :RMSD: 0.978824, P: 0.844017, R^2: 0.653556
fold= 8
>>>>>>>>>>>>>training.............
###############################################GBDT#####################################################
GBDT_BET的BA值：-10.317964779120945
GBDT_BET:RMSD: 1.093018, P: 0.538916, R^2: 0.255535
GBDT_AE的BA值 ：-10.67796124361865
GBDT_AE :RMSD: 1.137362, P: 0.488467, R^2: 0.193903
GBDT_ECFP的BA值 ：-10.985956064415557
GBDT_ECFP :RMSD: 1.067809, P: 0.541181, R^2: 0.289480
GBDT_AE_BET的BA值    ：-10.476564932612535
GBDT_AE_BET    :RMSD: 1.099921, P: 0.533200, R^2: 0.246103
GBDT_AE_ECFP的BA值    ：-10.831958654017104
GBDT_AE_ECFP    :RMSD: 1.073991, P: 0.536674, R^2: 0.281229
GBDT_BET_ECFP的BA值    ：-10.630562343010988
GBDT_BET_ECFP    :RMSD: 1.053131, P: 0.565892, R^2: 0.308879
GBDT_AE_BET_ECFP的BA值    ：-10.646361976546876
GBDT_AE_BET_ECFP    :RMSD: 1.067758, P: 0.553300, R^2: 0.289547
fold= 9
>>>>>>>>>>>>>training.............
###############################################GBDT#####################################################
GBDT_BET的BA值：-10.433772076772094
GBDT_BET:RMSD: 0.868023, P: 0.932349, R^2: 0.744282
GBDT_AE的BA值 ：-10.6025075468656
GBDT_AE :RMSD: 0.892216, P: 0.925948, R^2: 0.729829
GBDT_ECFP的BA值 ：-10.950572110813287
GBDT_ECFP :RMSD: 0.738948, P: 0.929985, R^2: 0.814678
GBDT_AE_BET的BA值    ：-10.42800395213428
GBDT_AE_BET    :RMSD: 0.871320, P: 0.936259, R^2: 0.742336
GBDT_AE_ECFP的BA值    ：-10.776539828839443
GBDT_AE_ECFP    :RMSD: 0.792408, P: 0.935976, R^2: 0.786894
GBDT_BET_ECFP的BA值    ：-10.555513530556095
GBDT_BET_ECFP    :RMSD: 0.775288, P: 0.942701, R^2: 0.796003
GBDT_AE_BET_ECFP的BA值    ：-10.571178202659263
GBDT_AE_BET_ECFP    :RMSD: 0.806719, P: 0.941504, R^2: 0.779127
fold= 10
>>>>>>>>>>>>>training.............
###############################################GBDT#####################################################
GBDT_BET的BA值：-11.017400598703933
GBDT_BET:RMSD: 0.811341, P: 0.901176, R^2: 0.768641
GBDT_AE的BA值 ：-10.852055424047826
GBDT_AE :RMSD: 0.840887, P: 0.894038, R^2: 0.751483
GBDT_ECFP的BA值 ：-11.218962007905615
GBDT_ECFP :RMSD: 0.681186, P: 0.918462, R^2: 0.836916
GBDT_AE_BET的BA值    ：-10.93472801137588
GBDT_AE_BET    :RMSD: 0.814258, P: 0.903155, R^2: 0.766974
GBDT_AE_ECFP的BA值    ：-11.035508715976722
GBDT_AE_ECFP    :RMSD: 0.713356, P: 0.918633, R^2: 0.821148
GBDT_BET_ECFP的BA值    ：-11.118181303304773
GBDT_BET_ECFP    :RMSD: 0.694699, P: 0.924954, R^2: 0.830381
GBDT_AE_BET_ECFP的BA值    ：-11.02947267688579
GBDT_AE_BET_ECFP    :RMSD: 0.729431, P: 0.919922, R^2: 0.812997
@@@@@@@@@@@@@@@@@@@@@@@@@@@@@@@@@@@@@@@@@@@最终结果@@@@@@@@@@@@@@@@@@@@@@@@@@@@@@@@@@@@@@@@@@@@@@@@@@
@@@@@@@@@@@@@@@@@@@@@@@@@@@@@@@@@@@@@@@@@@@最终结果@@@@@@@@@@@@@@@@@@@@@@@@@@@@@@@@@@@@@@@@@@@@@@@@@@
%%%%%%%%%%%%%%%%%%%%%%%%%%%%%%%%%%%%%%%%%%%GBDT%%%%%%%%%%%%%%%%%%%%%%%%%%%%%%%%%%%%%%%%%%%%%%%%%%%%%%
GBDT_BET:0-th Final RMSD: 0.992797, Final P: 0.769530, Final R^2: 0.582534
GBDT_AE :0-th Final RMSD: 1.013012, Final P: 0.767414, Final R^2: 0.565360
GBDT_ECFP :0-th Final RMSD: 0.952967, Final P: 0.785845, Final R^2: 0.615359
GBDT_AE_BET    :0-th Final RMSD: 0.990399, Final P: 0.777161, Final R^2: 0.584548
GBDT_AE_ECFP    :0-th Final RMSD: 0.947273, Final P: 0.792258, Final R^2: 0.619941
GBDT_BET_ECFP    :0-th Final RMSD: 0.944457, Final P: 0.791533, Final R^2: 0.622198
GBDT_AE_BET_ECFP    :0-th Final RMSD: 0.952242, Final P: 0.791703, Final R^2: 0.615944
0-th GBDT_AE的BA值 ：-10.913742
0-th GBDT_BET的BA值：-11.148378
0-th GBDT_ECFP的BA值 ：-11.805068
0-th GBDT_AE_BET的BA值：-11.001264
0-th GBDT_AE_ECFP的BA值    ：-11.198460
0-th GBDT_BET_ECFP的BA值    ：-11.455561
0-th GBDT_AE_BET_ECFP的BA值    ：-11.167658
total time: 0.1522715014881558 h
