size of data: (26,)
size of train size: 20
GBDT parameter
Namespace(n_estimators=10000, dataset='CHEMBL4507', max_depth=7, learning_rate=0.01, criterion='friedman_mse', subsample=0.7, max_features='sqrt', min_samples_split=3, loss='ls', n_iter_no_change=None, random_seed=0)
fold= 1
>>>>>>>>>>>>>training.............
###############################################GBDT#####################################################
GBDT_BET的BA值：-8.64606168031273
GBDT_BET:RMSD: 0.615759, P: 0.458734, R^2: -0.264914
GBDT_AE的BA值 ：-8.894566413552912
GBDT_AE :RMSD: 0.816964, P: -0.825454, R^2: -1.226613
GBDT_ECFP的BA值 ：-8.18828278666634
GBDT_ECFP :RMSD: 0.559725, P: 0.086719, R^2: -0.045175
GBDT_AE_BET的BA值    ：-8.770314046932821
GBDT_AE_BET    :RMSD: 0.714911, P: -0.637285, R^2: -0.705077
GBDT_AE_ECFP的BA值    ：-8.541424600109625
GBDT_AE_ECFP    :RMSD: 0.650760, P: -0.734038, R^2: -0.412801
GBDT_BET_ECFP的BA值    ：-8.417172233489534
GBDT_BET_ECFP    :RMSD: 0.542594, P: 0.322704, R^2: 0.017823
GBDT_AE_BET_ECFP的BA值    ：-8.576303626843993
GBDT_AE_BET_ECFP    :RMSD: 0.628588, P: -0.551471, R^2: -0.318169
fold= 2
>>>>>>>>>>>>>training.............
###############################################GBDT#####################################################
GBDT_BET的BA值：-8.783931524866247
GBDT_BET:RMSD: 0.644112, P: 0.766979, R^2: 0.287071
GBDT_AE的BA值 ：-8.880498861508755
GBDT_AE :RMSD: 0.611447, P: 0.745890, R^2: 0.357546
GBDT_ECFP的BA值 ：-9.119131707331285
GBDT_ECFP :RMSD: 0.446899, P: 0.940377, R^2: 0.656804
GBDT_AE_BET的BA值    ：-8.832215193187501
GBDT_AE_BET    :RMSD: 0.626218, P: 0.756332, R^2: 0.326133
GBDT_AE_ECFP的BA值    ：-8.99981528442002
GBDT_AE_ECFP    :RMSD: 0.523507, P: 0.880455, R^2: 0.529057
GBDT_BET_ECFP的BA值    ：-8.951531616098766
GBDT_BET_ECFP    :RMSD: 0.543414, P: 0.887699, R^2: 0.492560
GBDT_AE_BET_ECFP的BA值    ：-8.927854031235428
GBDT_AE_BET_ECFP    :RMSD: 0.563477, P: 0.852802, R^2: 0.454398
fold= 3
>>>>>>>>>>>>>training.............
###############################################GBDT#####################################################
GBDT_BET的BA值：-8.651447644960644
GBDT_BET:RMSD: 0.934017, P: -0.841483, R^2: -0.149739
GBDT_AE的BA值 ：-8.627883021163594
GBDT_AE :RMSD: 0.795154, P: 0.983777, R^2: 0.166718
GBDT_ECFP的BA值 ：-8.381790474959091
GBDT_ECFP :RMSD: 1.079293, P: -0.818015, R^2: -0.535213
GBDT_AE_BET的BA值    ：-8.563482114362072
GBDT_AE_BET    :RMSD: 0.863625, P: 0.546504, R^2: 0.017030
GBDT_AE_ECFP的BA值    ：-8.397311279135394
GBDT_AE_ECFP    :RMSD: 0.930569, P: -0.145114, R^2: -0.141266
GBDT_BET_ECFP的BA值    ：-8.516619059959869
GBDT_BET_ECFP    :RMSD: 0.993015, P: -0.826281, R^2: -0.299574
GBDT_AE_BET_ECFP的BA值    ：-8.482023401077145
GBDT_AE_BET_ECFP    :RMSD: 0.926284, P: -0.483560, R^2: -0.130778
fold= 4
>>>>>>>>>>>>>training.............
###############################################GBDT#####################################################
GBDT_BET的BA值：-8.888808183089488
GBDT_BET:RMSD: 0.848087, P: -0.048191, R^2: -0.285393
GBDT_AE的BA值 ：-8.814260478474665
GBDT_AE :RMSD: 0.794108, P: 0.294257, R^2: -0.126974
GBDT_ECFP的BA值 ：-8.971247904016947
GBDT_ECFP :RMSD: 0.445568, P: 0.967823, R^2: 0.645200
GBDT_AE_BET的BA值    ：-8.851534330782076
GBDT_AE_BET    :RMSD: 0.819892, P: 0.102425, R^2: -0.201345
GBDT_AE_ECFP的BA值    ：-8.863563131142335
GBDT_AE_ECFP    :RMSD: 0.619414, P: 0.831953, R^2: 0.314328
GBDT_BET_ECFP的BA值    ：-8.795949265921578
GBDT_BET_ECFP    :RMSD: 0.646305, P: 0.711719, R^2: 0.253499
GBDT_AE_BET_ECFP的BA值    ：-8.782592296703628
GBDT_AE_BET_ECFP    :RMSD: 0.694905, P: 0.608510, R^2: 0.137011
fold= 5
>>>>>>>>>>>>>training.............
###############################################GBDT#####################################################
GBDT_BET的BA值：-8.80690199377085
GBDT_BET:RMSD: 0.573338, P: 0.133742, R^2: -0.846324
GBDT_AE的BA值 ：-9.086743215318092
GBDT_AE :RMSD: 0.740092, P: -0.257504, R^2: -2.076510
GBDT_ECFP的BA值 ：-9.716565101093462
GBDT_ECFP :RMSD: 1.045179, P: -0.223618, R^2: -5.135756
GBDT_AE_BET的BA值    ：-8.946822604544472
GBDT_AE_BET    :RMSD: 0.655618, P: -0.117688, R^2: -1.414287
GBDT_AE_ECFP的BA值    ：-9.401654158205776
GBDT_AE_ECFP    :RMSD: 0.882992, P: -0.234170, R^2: -3.379259
GBDT_BET_ECFP的BA值    ：-9.261733547432156
GBDT_BET_ECFP    :RMSD: 0.793631, P: -0.152292, R^2: -2.537721
GBDT_AE_BET_ECFP的BA值    ：-9.203403436727468
GBDT_AE_BET_ECFP    :RMSD: 0.773778, P: -0.180472, R^2: -2.362942
fold= 6
>>>>>>>>>>>>>training.............
###############################################GBDT#####################################################
GBDT_BET的BA值：-8.730546440667766
GBDT_BET:RMSD: 0.637970, P: 0.956416, R^2: 0.140469
GBDT_AE的BA值 ：-8.645731920648583
GBDT_AE :RMSD: 0.691285, P: 0.931652, R^2: -0.009197
GBDT_ECFP的BA值 ：-8.843925921795373
GBDT_ECFP :RMSD: 0.578387, P: 0.990056, R^2: 0.293522
GBDT_AE_BET的BA值    ：-8.688139180658174
GBDT_AE_BET    :RMSD: 0.663256, P: 0.948819, R^2: 0.070982
GBDT_AE_ECFP的BA值    ：-8.744828921221977
GBDT_AE_ECFP    :RMSD: 0.621262, P: 0.982202, R^2: 0.184900
GBDT_BET_ECFP的BA值    ：-8.78723618123157
GBDT_BET_ECFP    :RMSD: 0.601784, P: 0.981062, R^2: 0.235208
GBDT_AE_BET_ECFP的BA值    ：-8.740068094370574
GBDT_AE_BET_ECFP    :RMSD: 0.626513, P: 0.975718, R^2: 0.171063
fold= 7
>>>>>>>>>>>>>training.............
###############################################GBDT#####################################################
GBDT_BET的BA值：-8.82114388572262
GBDT_BET:RMSD: 0.881709, P: -1.000000, R^2: -132.437932
GBDT_AE的BA值 ：-8.868841195452863
GBDT_AE :RMSD: 0.851083, P: -1.000000, R^2: -123.329051
GBDT_ECFP的BA值 ：-8.260331328512015
GBDT_ECFP :RMSD: 0.430560, P: -1.000000, R^2: -30.819757
GBDT_AE_BET的BA值    ：-8.844992540587741
GBDT_AE_BET    :RMSD: 0.863603, P: -1.000000, R^2: -127.013903
GBDT_AE_ECFP的BA值    ：-8.564586261982438
GBDT_AE_ECFP    :RMSD: 0.638006, P: -1.000000, R^2: -68.868093
GBDT_BET_ECFP的BA值    ：-8.540737607117318
GBDT_BET_ECFP    :RMSD: 0.656030, P: -1.000000, R^2: -72.871540
GBDT_AE_BET_ECFP的BA值    ：-8.650105469895832
GBDT_AE_BET_ECFP    :RMSD: 0.718472, P: -1.000000, R^2: -87.603045
fold= 8
>>>>>>>>>>>>>training.............
###############################################GBDT#####################################################
GBDT_BET的BA值：-8.805574982061355
GBDT_BET:RMSD: 0.473674, P: 1.000000, R^2: -12.514081
GBDT_AE的BA值 ：-8.925955982372507
GBDT_AE :RMSD: 0.578327, P: 1.000000, R^2: -19.145334
GBDT_ECFP的BA值 ：-8.900531758485936
GBDT_ECFP :RMSD: 0.537525, P: 1.000000, R^2: -16.403011
GBDT_AE_BET的BA值    ：-8.865765482216931
GBDT_AE_BET    :RMSD: 0.525983, P: 1.000000, R^2: -15.663666
GBDT_AE_ECFP的BA值    ：-8.913243870429222
GBDT_AE_ECFP    :RMSD: 0.557651, P: 1.000000, R^2: -17.730597
GBDT_BET_ECFP的BA值    ：-8.853053370273646
GBDT_BET_ECFP    :RMSD: 0.505464, P: 1.000000, R^2: -14.388906
GBDT_AE_BET_ECFP的BA值    ：-8.877354240973267
GBDT_AE_BET_ECFP    :RMSD: 0.529648, P: 1.000000, R^2: -15.896694
fold= 9
>>>>>>>>>>>>>training.............
###############################################GBDT#####################################################
GBDT_BET的BA值：-8.611515052247636
GBDT_BET:RMSD: 0.486068, P: 1.000000, R^2: 0.023314
GBDT_AE的BA值 ：-8.766816044415027
GBDT_AE :RMSD: 0.643822, P: -1.000000, R^2: -0.713533
GBDT_ECFP的BA值 ：-9.02250088934643
GBDT_ECFP :RMSD: 0.260324, P: 1.000000, R^2: 0.719851
GBDT_AE_BET的BA值    ：-8.651538111803122
GBDT_AE_BET    :RMSD: 0.564506, P: -1.000000, R^2: -0.317343
GBDT_AE_ECFP的BA值    ：-8.804997607704758
GBDT_AE_ECFP    :RMSD: 0.429583, P: 1.000000, R^2: 0.237120
GBDT_BET_ECFP的BA值    ：-8.817007970797032
GBDT_BET_ECFP    :RMSD: 0.347713, P: 1.000000, R^2: 0.500191
GBDT_AE_BET_ECFP的BA值    ：-8.740503422552385
GBDT_AE_BET_ECFP    :RMSD: 0.444462, P: 1.000000, R^2: 0.183360
fold= 10
>>>>>>>>>>>>>training.............
###############################################GBDT#####################################################
GBDT_BET的BA值：-8.763430334994904
GBDT_BET:RMSD: 0.075835, P: 1.000000, R^2: 0.833527
GBDT_AE的BA值 ：-8.768270770086716
GBDT_AE :RMSD: 0.178850, P: 1.000000, R^2: 0.074065
GBDT_ECFP的BA值 ：-8.72318321055084
GBDT_ECFP :RMSD: 0.276761, P: 1.000000, R^2: -1.217242
GBDT_AE_BET的BA值    ：-8.76585055254081
GBDT_AE_BET    :RMSD: 0.089557, P: 1.000000, R^2: 0.767832
GBDT_AE_ECFP的BA值    ：-8.745726990318778
GBDT_AE_ECFP    :RMSD: 0.089727, P: 1.000000, R^2: 0.766947
GBDT_BET_ECFP的BA值    ：-8.743306772772872
GBDT_BET_ECFP    :RMSD: 0.169719, P: 1.000000, R^2: 0.166192
GBDT_AE_BET_ECFP的BA值    ：-8.75162810521082
GBDT_AE_BET_ECFP    :RMSD: 0.085094, P: 1.000000, R^2: 0.790393
@@@@@@@@@@@@@@@@@@@@@@@@@@@@@@@@@@@@@@@@@@@最终结果@@@@@@@@@@@@@@@@@@@@@@@@@@@@@@@@@@@@@@@@@@@@@@@@@@
@@@@@@@@@@@@@@@@@@@@@@@@@@@@@@@@@@@@@@@@@@@最终结果@@@@@@@@@@@@@@@@@@@@@@@@@@@@@@@@@@@@@@@@@@@@@@@@@@
%%%%%%%%%%%%%%%%%%%%%%%%%%%%%%%%%%%%%%%%%%%GBDT%%%%%%%%%%%%%%%%%%%%%%%%%%%%%%%%%%%%%%%%%%%%%%%%%%%%%%
GBDT_BET:0-th Final RMSD: 0.675158, Final P: 0.167509, Final R^2: -0.027029
GBDT_AE :0-th Final RMSD: 0.707105, Final P: 0.089148, Final R^2: -0.126525
GBDT_ECFP :0-th Final RMSD: 0.654787, Final P: 0.338779, Final R^2: 0.034010
GBDT_AE_BET    :0-th Final RMSD: 0.687008, Final P: 0.133627, Final R^2: -0.063400
GBDT_AE_ECFP    :0-th Final RMSD: 0.655148, Final P: 0.276901, Final R^2: 0.032944
GBDT_BET_ECFP    :0-th Final RMSD: 0.639339, Final P: 0.314382, Final R^2: 0.079052
GBDT_AE_BET_ECFP    :0-th Final RMSD: 0.654492, Final P: 0.264640, Final R^2: 0.034881
0-th GBDT_AE的BA值 ：-9.086743
0-th GBDT_BET的BA值：-8.888808
0-th GBDT_ECFP的BA值 ：-9.716565
0-th GBDT_AE_BET的BA值：-8.946823
0-th GBDT_AE_ECFP的BA值    ：-9.401654
0-th GBDT_BET_ECFP的BA值    ：-9.261734
0-th GBDT_AE_BET_ECFP的BA值    ：-9.203403
total time: 0.02565688795513577 h
