size of data: (259,)
size of train size: 207
GBDT parameter
Namespace(n_estimators=10000, dataset='CHEMBL5480', max_depth=7, learning_rate=0.01, criterion='friedman_mse', subsample=0.7, max_features='sqrt', min_samples_split=3, loss='ls', n_iter_no_change=None, random_seed=0)
fold= 1
>>>>>>>>>>>>>training.............
###############################################GBDT#####################################################
GBDT_BET的BA值：-8.31219623575094
GBDT_BET:RMSD: 0.450033, P: 0.522106, R^2: 0.236839
GBDT_AE的BA值 ：-8.37578400468519
GBDT_AE :RMSD: 0.446452, P: 0.520975, R^2: 0.248934
GBDT_ECFP的BA值 ：-8.577415237533577
GBDT_ECFP :RMSD: 0.454636, P: 0.545901, R^2: 0.221145
GBDT_AE_BET的BA值    ：-8.343990120218066
GBDT_AE_BET    :RMSD: 0.444464, P: 0.533486, R^2: 0.255607
GBDT_AE_ECFP的BA值    ：-8.476599621109383
GBDT_AE_ECFP    :RMSD: 0.428297, P: 0.574199, R^2: 0.308776
GBDT_BET_ECFP的BA值    ：-8.444805736642259
GBDT_BET_ECFP    :RMSD: 0.428933, P: 0.577925, R^2: 0.306723
GBDT_AE_BET_ECFP的BA值    ：-8.421798492656569
GBDT_AE_BET_ECFP    :RMSD: 0.428348, P: 0.577431, R^2: 0.308612
fold= 2
>>>>>>>>>>>>>training.............
###############################################GBDT#####################################################
GBDT_BET的BA值：-8.422050556301963
GBDT_BET:RMSD: 0.506620, P: 0.417445, R^2: 0.085697
GBDT_AE的BA值 ：-8.27572947171141
GBDT_AE :RMSD: 0.493620, P: 0.421358, R^2: 0.132020
GBDT_ECFP的BA值 ：-8.576331777659938
GBDT_ECFP :RMSD: 0.501967, P: 0.418519, R^2: 0.102416
GBDT_AE_BET的BA值    ：-8.332217569797159
GBDT_AE_BET    :RMSD: 0.497784, P: 0.424258, R^2: 0.117311
GBDT_AE_ECFP的BA值    ：-8.426030624685673
GBDT_AE_ECFP    :RMSD: 0.488959, P: 0.435719, R^2: 0.148335
GBDT_BET_ECFP的BA值    ：-8.462258458095526
GBDT_BET_ECFP    :RMSD: 0.494375, P: 0.435020, R^2: 0.129360
GBDT_AE_BET_ECFP的BA值    ：-8.40008212930082
GBDT_AE_BET_ECFP    :RMSD: 0.491349, P: 0.436787, R^2: 0.139988
fold= 3
>>>>>>>>>>>>>training.............
###############################################GBDT#####################################################
GBDT_BET的BA值：-8.409810745735921
GBDT_BET:RMSD: 0.456582, P: 0.480105, R^2: 0.200354
GBDT_AE的BA值 ：-8.389186166609807
GBDT_AE :RMSD: 0.401559, P: 0.656150, R^2: 0.381471
GBDT_ECFP的BA值 ：-9.160057984788091
GBDT_ECFP :RMSD: 0.499387, P: 0.461222, R^2: 0.043389
GBDT_AE_BET的BA值    ：-8.399498456172864
GBDT_AE_BET    :RMSD: 0.425377, P: 0.582600, R^2: 0.305922
GBDT_AE_ECFP的BA值    ：-8.572893783729365
GBDT_AE_ECFP    :RMSD: 0.427474, P: 0.569093, R^2: 0.299062
GBDT_BET_ECFP的BA值    ：-8.467196497192106
GBDT_BET_ECFP    :RMSD: 0.451265, P: 0.501744, R^2: 0.218871
GBDT_AE_BET_ECFP的BA值    ：-8.42636480417168
GBDT_AE_BET_ECFP    :RMSD: 0.428197, P: 0.560974, R^2: 0.296689
fold= 4
>>>>>>>>>>>>>training.............
###############################################GBDT#####################################################
GBDT_BET的BA值：-8.33549876365745
GBDT_BET:RMSD: 0.565378, P: 0.406792, R^2: 0.128231
GBDT_AE的BA值 ：-8.368965584022412
GBDT_AE :RMSD: 0.497543, P: 0.576285, R^2: 0.324875
GBDT_ECFP的BA值 ：-8.509549178852092
GBDT_ECFP :RMSD: 0.493391, P: 0.590255, R^2: 0.336096
GBDT_AE_BET的BA值    ：-8.310271324962937
GBDT_AE_BET    :RMSD: 0.527851, P: 0.502472, R^2: 0.240118
GBDT_AE_ECFP的BA值    ：-8.439257381437251
GBDT_AE_ECFP    :RMSD: 0.485989, P: 0.602670, R^2: 0.355867
GBDT_BET_ECFP的BA值    ：-8.380563122377776
GBDT_BET_ECFP    :RMSD: 0.520823, P: 0.524473, R^2: 0.260220
GBDT_AE_BET_ECFP的BA值    ：-8.376697276259321
GBDT_AE_BET_ECFP    :RMSD: 0.509208, P: 0.550137, R^2: 0.292846
fold= 5
>>>>>>>>>>>>>training.............
###############################################GBDT#####################################################
GBDT_BET的BA值：-8.74165345705812
GBDT_BET:RMSD: 0.542903, P: 0.574282, R^2: 0.328301
GBDT_AE的BA值 ：-8.685446959522285
GBDT_AE :RMSD: 0.512531, P: 0.649924, R^2: 0.401353
GBDT_ECFP的BA值 ：-8.786122190593813
GBDT_ECFP :RMSD: 0.552078, P: 0.558097, R^2: 0.305407
GBDT_AE_BET的BA值    ：-8.647988294403646
GBDT_AE_BET    :RMSD: 0.523737, P: 0.621885, R^2: 0.374891
GBDT_AE_ECFP的BA值    ：-8.735784575058048
GBDT_AE_ECFP    :RMSD: 0.517246, P: 0.637653, R^2: 0.390289
GBDT_BET_ECFP的BA值    ：-8.61300551165412
GBDT_BET_ECFP    :RMSD: 0.532588, P: 0.601545, R^2: 0.353583
GBDT_AE_BET_ECFP的BA值    ：-8.637152660943508
GBDT_AE_BET_ECFP    :RMSD: 0.520657, P: 0.630568, R^2: 0.382222
fold= 6
>>>>>>>>>>>>>training.............
###############################################GBDT#####################################################
GBDT_BET的BA值：-8.782767871337349
GBDT_BET:RMSD: 0.402162, P: 0.635718, R^2: 0.339365
GBDT_AE的BA值 ：-8.596465633244193
GBDT_AE :RMSD: 0.359654, P: 0.703909, R^2: 0.471641
GBDT_ECFP的BA值 ：-8.97165338353902
GBDT_ECFP :RMSD: 0.409555, P: 0.659705, R^2: 0.314851
GBDT_AE_BET的BA值    ：-8.689616752290771
GBDT_AE_BET    :RMSD: 0.374854, P: 0.676338, R^2: 0.426035
GBDT_AE_ECFP的BA值    ：-8.71120884470345
GBDT_AE_ECFP    :RMSD: 0.372123, P: 0.689011, R^2: 0.434369
GBDT_BET_ECFP的BA值    ：-8.824477282633802
GBDT_BET_ECFP    :RMSD: 0.393442, P: 0.664884, R^2: 0.367703
GBDT_AE_BET_ECFP的BA值    ：-8.72042431375269
GBDT_AE_BET_ECFP    :RMSD: 0.376583, P: 0.681167, R^2: 0.420730
fold= 7
>>>>>>>>>>>>>training.............
###############################################GBDT#####################################################
GBDT_BET的BA值：-8.48671860805812
GBDT_BET:RMSD: 0.459563, P: 0.835189, R^2: 0.458609
GBDT_AE的BA值 ：-8.428011412965802
GBDT_AE :RMSD: 0.430565, P: 0.863049, R^2: 0.524778
GBDT_ECFP的BA值 ：-8.529139872736161
GBDT_ECFP :RMSD: 0.373612, P: 0.892945, R^2: 0.642183
GBDT_AE_BET的BA值    ：-8.45736501051196
GBDT_AE_BET    :RMSD: 0.441267, P: 0.870468, R^2: 0.500859
GBDT_AE_ECFP的BA值    ：-8.440668953971953
GBDT_AE_ECFP    :RMSD: 0.395588, P: 0.902978, R^2: 0.598850
GBDT_BET_ECFP的BA值    ：-8.470022551518111
GBDT_BET_ECFP    :RMSD: 0.406234, P: 0.913426, R^2: 0.576968
GBDT_AE_BET_ECFP的BA值    ：-8.456018838667342
GBDT_AE_BET_ECFP    :RMSD: 0.412144, P: 0.907208, R^2: 0.564571
fold= 8
>>>>>>>>>>>>>training.............
###############################################GBDT#####################################################
GBDT_BET的BA值：-8.540927440069392
GBDT_BET:RMSD: 0.458766, P: 0.659749, R^2: 0.432248
GBDT_AE的BA值 ：-8.405196500128472
GBDT_AE :RMSD: 0.486114, P: 0.621900, R^2: 0.362540
GBDT_ECFP的BA值 ：-8.934808950114077
GBDT_ECFP :RMSD: 0.483753, P: 0.612238, R^2: 0.368717
GBDT_AE_BET的BA值    ：-8.442013621648012
GBDT_AE_BET    :RMSD: 0.468990, P: 0.647790, R^2: 0.406660
GBDT_AE_ECFP的BA值    ：-8.670002725121275
GBDT_AE_ECFP    :RMSD: 0.472601, P: 0.634047, R^2: 0.397488
GBDT_BET_ECFP的BA值    ：-8.682773216597404
GBDT_BET_ECFP    :RMSD: 0.456174, P: 0.663431, R^2: 0.438644
GBDT_AE_BET_ECFP的BA值    ：-8.590247644441094
GBDT_AE_BET_ECFP    :RMSD: 0.462457, P: 0.655870, R^2: 0.423074
fold= 9
>>>>>>>>>>>>>training.............
###############################################GBDT#####################################################
GBDT_BET的BA值：-8.57219095837032
GBDT_BET:RMSD: 0.569744, P: 0.578035, R^2: 0.314751
GBDT_AE的BA值 ：-8.337754901206711
GBDT_AE :RMSD: 0.635499, P: 0.385406, R^2: 0.147451
GBDT_ECFP的BA值 ：-8.661664739658761
GBDT_ECFP :RMSD: 0.609718, P: 0.478983, R^2: 0.215221
GBDT_AE_BET的BA值    ：-8.442501237236792
GBDT_AE_BET    :RMSD: 0.600462, P: 0.495139, R^2: 0.238868
GBDT_AE_ECFP的BA值    ：-8.487238127881012
GBDT_AE_ECFP    :RMSD: 0.614839, P: 0.453232, R^2: 0.201982
GBDT_BET_ECFP的BA值    ：-8.616927849014541
GBDT_BET_ECFP    :RMSD: 0.583477, P: 0.535846, R^2: 0.281318
GBDT_AE_BET_ECFP的BA值    ：-8.515555738044116
GBDT_AE_BET_ECFP    :RMSD: 0.597763, P: 0.499882, R^2: 0.245695
fold= 10
>>>>>>>>>>>>>training.............
###############################################GBDT#####################################################
GBDT_BET的BA值：-8.460061879709482
GBDT_BET:RMSD: 0.439741, P: 0.659171, R^2: 0.426546
GBDT_AE的BA值 ：-8.233632460962182
GBDT_AE :RMSD: 0.458799, P: 0.648957, R^2: 0.375763
GBDT_ECFP的BA值 ：-8.580162681087868
GBDT_ECFP :RMSD: 0.525421, P: 0.480280, R^2: 0.181308
GBDT_AE_BET的BA值    ：-8.319984775428622
GBDT_AE_BET    :RMSD: 0.445225, P: 0.661400, R^2: 0.412152
GBDT_AE_ECFP的BA值    ：-8.402471093960145
GBDT_AE_ECFP    :RMSD: 0.482663, P: 0.581509, R^2: 0.309136
GBDT_BET_ECFP的BA值    ：-8.497676362556344
GBDT_BET_ECFP    :RMSD: 0.472162, P: 0.593202, R^2: 0.338868
GBDT_AE_BET_ECFP的BA值    ：-8.406710743981703
GBDT_AE_BET_ECFP    :RMSD: 0.463869, P: 0.619124, R^2: 0.361890
@@@@@@@@@@@@@@@@@@@@@@@@@@@@@@@@@@@@@@@@@@@最终结果@@@@@@@@@@@@@@@@@@@@@@@@@@@@@@@@@@@@@@@@@@@@@@@@@@
@@@@@@@@@@@@@@@@@@@@@@@@@@@@@@@@@@@@@@@@@@@最终结果@@@@@@@@@@@@@@@@@@@@@@@@@@@@@@@@@@@@@@@@@@@@@@@@@@
%%%%%%%%%%%%%%%%%%%%%%%%%%%%%%%%%%%%%%%%%%%GBDT%%%%%%%%%%%%%%%%%%%%%%%%%%%%%%%%%%%%%%%%%%%%%%%%%%%%%%
GBDT_BET:0-th Final RMSD: 0.488382, Final P: 0.564164, Final R^2: 0.317973
GBDT_AE :0-th Final RMSD: 0.477550, Final P: 0.595957, Final R^2: 0.347892
GBDT_ECFP :0-th Final RMSD: 0.494391, Final P: 0.561530, Final R^2: 0.301088
GBDT_AE_BET    :0-th Final RMSD: 0.478996, Final P: 0.590354, Final R^2: 0.343936
GBDT_AE_ECFP    :0-th Final RMSD: 0.473068, Final P: 0.600954, Final R^2: 0.360074
GBDT_BET_ECFP    :0-th Final RMSD: 0.477329, Final P: 0.590867, Final R^2: 0.348497
GBDT_AE_BET_ECFP    :0-th Final RMSD: 0.472969, Final P: 0.602573, Final R^2: 0.360342
0-th GBDT_AE的BA值 ：-8.685447
0-th GBDT_BET的BA值：-8.782768
0-th GBDT_ECFP的BA值 ：-9.160058
0-th GBDT_AE_BET的BA值：-8.689617
0-th GBDT_AE_ECFP的BA值    ：-8.735785
0-th GBDT_BET_ECFP的BA值    ：-8.824477
0-th GBDT_AE_BET_ECFP的BA值    ：-8.720424
total time: 0.12342468188868629 h
