size of data: (260,)
size of train size: 208
GBDT parameter
Namespace(n_estimators=10000, dataset='CHEMBL1995', max_depth=7, learning_rate=0.01, criterion='friedman_mse', subsample=0.7, max_features='sqrt', min_samples_split=3, loss='ls', n_iter_no_change=None, random_seed=0)
fold= 1
>>>>>>>>>>>>>training.............
###############################################GBDT#####################################################
GBDT_BET的BA值：-10.49763276930063
GBDT_BET:RMSD: 0.831050, P: 0.784670, R^2: 0.533268
GBDT_AE的BA值 ：-10.05120829459088
GBDT_AE :RMSD: 0.792485, P: 0.807327, R^2: 0.575580
GBDT_ECFP的BA值 ：-10.733858292777004
GBDT_ECFP :RMSD: 0.773283, P: 0.774278, R^2: 0.595898
GBDT_AE_BET的BA值    ：-10.274420531945754
GBDT_AE_BET    :RMSD: 0.803773, P: 0.804876, R^2: 0.563404
GBDT_AE_ECFP的BA值    ：-10.392533293683943
GBDT_AE_ECFP    :RMSD: 0.763648, P: 0.797848, R^2: 0.605906
GBDT_BET_ECFP的BA值    ：-10.615745531038817
GBDT_BET_ECFP    :RMSD: 0.776552, P: 0.792268, R^2: 0.592475
GBDT_AE_BET_ECFP的BA值    ：-10.42756645222284
GBDT_AE_BET_ECFP    :RMSD: 0.775480, P: 0.801844, R^2: 0.593599
fold= 2
>>>>>>>>>>>>>training.............
###############################################GBDT#####################################################
GBDT_BET的BA值：-10.363235205899247
GBDT_BET:RMSD: 1.064609, P: 0.669655, R^2: 0.417359
GBDT_AE的BA值 ：-9.908459202090286
GBDT_AE :RMSD: 1.063299, P: 0.709972, R^2: 0.418792
GBDT_ECFP的BA值 ：-10.587379816836112
GBDT_ECFP :RMSD: 1.059524, P: 0.658243, R^2: 0.422912
GBDT_AE_BET的BA值    ：-10.089236784279588
GBDT_AE_BET    :RMSD: 1.052976, P: 0.702293, R^2: 0.430022
GBDT_AE_ECFP的BA值    ：-10.247919509463198
GBDT_AE_ECFP    :RMSD: 1.040881, P: 0.700576, R^2: 0.443042
GBDT_BET_ECFP的BA值    ：-10.36128258050077
GBDT_BET_ECFP    :RMSD: 1.039680, P: 0.688020, R^2: 0.444326
GBDT_AE_BET_ECFP的BA值    ：-10.210341454363942
GBDT_AE_BET_ECFP    :RMSD: 1.038477, P: 0.703905, R^2: 0.445611
fold= 3
>>>>>>>>>>>>>training.............
###############################################GBDT#####################################################
GBDT_BET的BA值：-10.426547337506907
GBDT_BET:RMSD: 1.091369, P: 0.718532, R^2: 0.477675
GBDT_AE的BA值 ：-10.190127345383036
GBDT_AE :RMSD: 1.054270, P: 0.762219, R^2: 0.512581
GBDT_ECFP的BA值 ：-10.702397674208965
GBDT_ECFP :RMSD: 0.974263, P: 0.772788, R^2: 0.583753
GBDT_AE_BET的BA值    ：-10.308337341444972
GBDT_AE_BET    :RMSD: 1.067325, P: 0.747338, R^2: 0.500435
GBDT_AE_ECFP的BA值    ：-10.446262509796
GBDT_AE_ECFP    :RMSD: 0.986037, P: 0.791217, R^2: 0.573632
GBDT_BET_ECFP的BA值    ：-10.564472505857935
GBDT_BET_ECFP    :RMSD: 1.008602, P: 0.769555, R^2: 0.553894
GBDT_AE_BET_ECFP的BA值    ：-10.439690785699636
GBDT_AE_BET_ECFP    :RMSD: 1.014515, P: 0.776766, R^2: 0.548648
fold= 4
>>>>>>>>>>>>>training.............
###############################################GBDT#####################################################
GBDT_BET的BA值：-10.529680588365878
GBDT_BET:RMSD: 0.775147, P: 0.710396, R^2: 0.454529
GBDT_AE的BA值 ：-10.162572924675704
GBDT_AE :RMSD: 0.808094, P: 0.706515, R^2: 0.407173
GBDT_ECFP的BA值 ：-10.608664703794584
GBDT_ECFP :RMSD: 0.762779, P: 0.694953, R^2: 0.471796
GBDT_AE_BET的BA值    ：-10.34612675652079
GBDT_AE_BET    :RMSD: 0.786013, P: 0.717099, R^2: 0.439128
GBDT_AE_ECFP的BA值    ：-10.385618814235144
GBDT_AE_ECFP    :RMSD: 0.762922, P: 0.722918, R^2: 0.471598
GBDT_BET_ECFP的BA值    ：-10.569172646080231
GBDT_BET_ECFP    :RMSD: 0.745212, P: 0.729415, R^2: 0.495845
GBDT_AE_BET_ECFP的BA值    ：-10.433639405612055
GBDT_AE_BET_ECFP    :RMSD: 0.759030, P: 0.730743, R^2: 0.476977
fold= 5
>>>>>>>>>>>>>training.............
###############################################GBDT#####################################################
GBDT_BET的BA值：-10.545963910106373
GBDT_BET:RMSD: 0.823080, P: 0.802423, R^2: 0.566432
GBDT_AE的BA值 ：-10.208002113619692
GBDT_AE :RMSD: 0.895547, P: 0.727642, R^2: 0.486726
GBDT_ECFP的BA值 ：-10.482656552481386
GBDT_ECFP :RMSD: 0.943120, P: 0.681996, R^2: 0.430746
GBDT_AE_BET的BA值    ：-10.310367579390572
GBDT_AE_BET    :RMSD: 0.851500, P: 0.775773, R^2: 0.535974
GBDT_AE_ECFP的BA值    ：-10.34532933305054
GBDT_AE_ECFP    :RMSD: 0.902364, P: 0.721552, R^2: 0.478882
GBDT_BET_ECFP的BA值    ：-10.429853066507265
GBDT_BET_ECFP    :RMSD: 0.863163, P: 0.763838, R^2: 0.523176
GBDT_AE_BET_ECFP的BA值    ：-10.323477076915852
GBDT_AE_BET_ECFP    :RMSD: 0.867212, P: 0.759885, R^2: 0.518692
fold= 6
>>>>>>>>>>>>>training.............
###############################################GBDT#####################################################
GBDT_BET的BA值：-10.421556813001708
GBDT_BET:RMSD: 0.790542, P: 0.752082, R^2: 0.531983
GBDT_AE的BA值 ：-9.685335617323062
GBDT_AE :RMSD: 0.768038, P: 0.788907, R^2: 0.558248
GBDT_ECFP的BA值 ：-10.701904865428137
GBDT_ECFP :RMSD: 0.965816, P: 0.564438, R^2: 0.301445
GBDT_AE_BET的BA值    ：-10.027278139899083
GBDT_AE_BET    :RMSD: 0.765651, P: 0.786973, R^2: 0.560991
GBDT_AE_ECFP的BA值    ：-10.167452166112298
GBDT_AE_ECFP    :RMSD: 0.828341, P: 0.712900, R^2: 0.486157
GBDT_BET_ECFP的BA值    ：-10.561730839214922
GBDT_BET_ECFP    :RMSD: 0.851941, P: 0.680433, R^2: 0.456460
GBDT_AE_BET_ECFP的BA值    ：-10.252153715075435
GBDT_AE_BET_ECFP    :RMSD: 0.805885, P: 0.738102, R^2: 0.513639
fold= 7
>>>>>>>>>>>>>training.............
###############################################GBDT#####################################################
GBDT_BET的BA值：-9.749350057692428
GBDT_BET:RMSD: 0.826514, P: 0.687116, R^2: 0.443568
GBDT_AE的BA值 ：-9.835186903372843
GBDT_AE :RMSD: 0.755288, P: 0.769322, R^2: 0.535337
GBDT_ECFP的BA值 ：-9.42437650569326
GBDT_ECFP :RMSD: 0.754157, P: 0.741857, R^2: 0.536728
GBDT_AE_BET的BA值    ：-9.767034263321438
GBDT_AE_BET    :RMSD: 0.785368, P: 0.734119, R^2: 0.497590
GBDT_AE_ECFP的BA值    ：-9.59434266080965
GBDT_AE_ECFP    :RMSD: 0.730170, P: 0.769033, R^2: 0.565730
GBDT_BET_ECFP的BA值    ：-9.55739131717301
GBDT_BET_ECFP    :RMSD: 0.765089, P: 0.730335, R^2: 0.523200
GBDT_AE_BET_ECFP的BA值    ：-9.629188981629778
GBDT_AE_BET_ECFP    :RMSD: 0.754167, P: 0.748869, R^2: 0.536716
fold= 8
>>>>>>>>>>>>>training.............
###############################################GBDT#####################################################
GBDT_BET的BA值：-9.982094548154166
GBDT_BET:RMSD: 0.748355, P: 0.732695, R^2: 0.493281
GBDT_AE的BA值 ：-10.054346844603293
GBDT_AE :RMSD: 0.762757, P: 0.733361, R^2: 0.473591
GBDT_ECFP的BA值 ：-10.662503689159951
GBDT_ECFP :RMSD: 0.699942, P: 0.747475, R^2: 0.556723
GBDT_AE_BET的BA值    ：-10.01822069637873
GBDT_AE_BET    :RMSD: 0.750660, P: 0.740390, R^2: 0.490155
GBDT_AE_ECFP的BA值    ：-10.291131365778575
GBDT_AE_ECFP    :RMSD: 0.702844, P: 0.756443, R^2: 0.553039
GBDT_BET_ECFP的BA值    ：-10.255005217554011
GBDT_BET_ECFP    :RMSD: 0.699910, P: 0.754902, R^2: 0.556763
GBDT_AE_BET_ECFP的BA值    ：-10.188119093237106
GBDT_AE_BET_ECFP    :RMSD: 0.711623, P: 0.755805, R^2: 0.541803
fold= 9
>>>>>>>>>>>>>training.............
###############################################GBDT#####################################################
GBDT_BET的BA值：-10.35457428680066
GBDT_BET:RMSD: 1.024876, P: 0.567549, R^2: 0.314801
GBDT_AE的BA值 ：-10.346711487069173
GBDT_AE :RMSD: 0.974006, P: 0.626077, R^2: 0.381133
GBDT_ECFP的BA值 ：-11.06757444116643
GBDT_ECFP :RMSD: 1.090483, P: 0.512787, R^2: 0.224268
GBDT_AE_BET的BA值    ：-10.350642886934917
GBDT_AE_BET    :RMSD: 0.993913, P: 0.606468, R^2: 0.355578
GBDT_AE_ECFP的BA值    ：-10.707142964117802
GBDT_AE_ECFP    :RMSD: 0.998499, P: 0.591489, R^2: 0.349617
GBDT_BET_ECFP的BA值    ：-10.711074363983546
GBDT_BET_ECFP    :RMSD: 1.030844, P: 0.554419, R^2: 0.306798
GBDT_AE_BET_ECFP的BA值    ：-10.589620071678754
GBDT_AE_BET_ECFP    :RMSD: 1.000100, P: 0.591336, R^2: 0.347530
fold= 10
>>>>>>>>>>>>>training.............
###############################################GBDT#####################################################
GBDT_BET的BA值：-10.117433522591483
GBDT_BET:RMSD: 0.638363, P: 0.843945, R^2: 0.687583
GBDT_AE的BA值 ：-9.914009617236784
GBDT_AE :RMSD: 0.616367, P: 0.871741, R^2: 0.708742
GBDT_ECFP的BA值 ：-10.75196263160621
GBDT_ECFP :RMSD: 0.681696, P: 0.806142, R^2: 0.643729
GBDT_AE_BET的BA值    ：-10.015721569914135
GBDT_AE_BET    :RMSD: 0.615862, P: 0.865959, R^2: 0.709219
GBDT_AE_ECFP的BA值    ：-10.332986124421497
GBDT_AE_ECFP    :RMSD: 0.613630, P: 0.850187, R^2: 0.711323
GBDT_BET_ECFP的BA值    ：-10.434698077098847
GBDT_BET_ECFP    :RMSD: 0.622561, P: 0.844394, R^2: 0.702859
GBDT_AE_BET_ECFP的BA值    ：-10.261135257144828
GBDT_AE_BET_ECFP    :RMSD: 0.607501, P: 0.858803, R^2: 0.717061
@@@@@@@@@@@@@@@@@@@@@@@@@@@@@@@@@@@@@@@@@@@最终结果@@@@@@@@@@@@@@@@@@@@@@@@@@@@@@@@@@@@@@@@@@@@@@@@@@
@@@@@@@@@@@@@@@@@@@@@@@@@@@@@@@@@@@@@@@@@@@最终结果@@@@@@@@@@@@@@@@@@@@@@@@@@@@@@@@@@@@@@@@@@@@@@@@@@
%%%%%%%%%%%%%%%%%%%%%%%%%%%%%%%%%%%%%%%%%%%GBDT%%%%%%%%%%%%%%%%%%%%%%%%%%%%%%%%%%%%%%%%%%%%%%%%%%%%%%
GBDT_BET:0-th Final RMSD: 0.872893, Final P: 0.723485, Final R^2: 0.498783
GBDT_AE :0-th Final RMSD: 0.859993, Final P: 0.745811, Final R^2: 0.513488
GBDT_ECFP :0-th Final RMSD: 0.882405, Final P: 0.698636, Final R^2: 0.487800
GBDT_AE_BET    :0-th Final RMSD: 0.858518, Final P: 0.744565, Final R^2: 0.515156
GBDT_AE_ECFP    :0-th Final RMSD: 0.843919, Final P: 0.742586, Final R^2: 0.531505
GBDT_BET_ECFP    :0-th Final RMSD: 0.851639, Final P: 0.733017, Final R^2: 0.522894
GBDT_AE_BET_ECFP    :0-th Final RMSD: 0.844459, Final P: 0.747207, Final R^2: 0.530905
0-th GBDT_AE的BA值 ：-10.346711
0-th GBDT_BET的BA值：-10.545964
0-th GBDT_ECFP的BA值 ：-11.067574
0-th GBDT_AE_BET的BA值：-10.350643
0-th GBDT_AE_ECFP的BA值    ：-10.707143
0-th GBDT_BET_ECFP的BA值    ：-10.711074
0-th GBDT_AE_BET_ECFP的BA值    ：-10.589620
total time: 0.12459274344974094 h
