size of data: (1889,)
size of train size: 1511
GBDT parameter
Namespace(n_estimators=10000, dataset='CHEMBL216', max_depth=8, learning_rate=0.01, criterion='friedman_mse', subsample=0.5, max_features='sqrt', min_samples_split=4, loss='ls', n_iter_no_change=None, random_seed=0)
fold= 1
>>>>>>>>>>>>>training.............
###############################################GBDT#####################################################
GBDT_BET的BA值：-13.475661075138968
GBDT_BET:RMSD: 1.059269, P: 0.810477, R^2: 0.641217
GBDT_AE的BA值 ：-13.066450064590171
GBDT_AE :RMSD: 1.093780, P: 0.816015, R^2: 0.617458
GBDT_ECFP的BA值 ：-13.84532663844686
GBDT_ECFP :RMSD: 0.835443, P: 0.882111, R^2: 0.776822
GBDT_AE_BET的BA值    ：-13.271055569864568
GBDT_AE_BET    :RMSD: 1.058115, P: 0.821926, R^2: 0.641999
GBDT_AE_ECFP的BA值    ：-13.455888351518515
GBDT_AE_ECFP    :RMSD: 0.909721, P: 0.872168, R^2: 0.735373
GBDT_BET_ECFP的BA值    ：-13.660493856792915
GBDT_BET_ECFP    :RMSD: 0.896241, P: 0.869061, R^2: 0.743157
GBDT_AE_BET_ECFP的BA值    ：-13.462479259392
GBDT_AE_BET_ECFP    :RMSD: 0.941949, P: 0.861438, R^2: 0.716291
fold= 2
>>>>>>>>>>>>>training.............
###############################################GBDT#####################################################
GBDT_BET的BA值：-13.575182605064148
GBDT_BET:RMSD: 1.032529, P: 0.822507, R^2: 0.661446
GBDT_AE的BA值 ：-12.840869762695489
GBDT_AE :RMSD: 1.050379, P: 0.830435, R^2: 0.649639
GBDT_ECFP的BA值 ：-13.831084958172374
GBDT_ECFP :RMSD: 0.955584, P: 0.844885, R^2: 0.710025
GBDT_AE_BET的BA值    ：-13.208026183879818
GBDT_AE_BET    :RMSD: 1.023148, P: 0.836537, R^2: 0.667570
GBDT_AE_ECFP的BA值    ：-13.335977360433931
GBDT_AE_ECFP    :RMSD: 0.932940, P: 0.857557, R^2: 0.723605
GBDT_BET_ECFP的BA值    ：-13.703133781618261
GBDT_BET_ECFP    :RMSD: 0.935648, P: 0.852441, R^2: 0.721998
GBDT_AE_BET_ECFP的BA值    ：-13.415712441977336
GBDT_AE_BET_ECFP    :RMSD: 0.947982, P: 0.855282, R^2: 0.714620
fold= 3
>>>>>>>>>>>>>training.............
###############################################GBDT#####################################################
GBDT_BET的BA值：-13.188887960521832
GBDT_BET:RMSD: 1.123637, P: 0.775709, R^2: 0.575443
GBDT_AE的BA值 ：-12.998245573996789
GBDT_AE :RMSD: 1.168578, P: 0.773299, R^2: 0.540803
GBDT_ECFP的BA值 ：-13.838108071260526
GBDT_ECFP :RMSD: 1.048274, P: 0.800054, R^2: 0.630484
GBDT_AE_BET的BA值    ：-13.093566767259311
GBDT_AE_BET    :RMSD: 1.132811, P: 0.782469, R^2: 0.568482
GBDT_AE_ECFP的BA值    ：-13.418176822628658
GBDT_AE_ECFP    :RMSD: 1.048041, P: 0.814689, R^2: 0.630648
GBDT_BET_ECFP的BA值    ：-13.51349801589118
GBDT_BET_ECFP    :RMSD: 1.032511, P: 0.813287, R^2: 0.641513
GBDT_AE_BET_ECFP的BA值    ：-13.341747201926383
GBDT_AE_BET_ECFP    :RMSD: 1.057455, P: 0.811642, R^2: 0.623983
fold= 4
>>>>>>>>>>>>>training.............
###############################################GBDT#####################################################
GBDT_BET的BA值：-12.836230674418022
GBDT_BET:RMSD: 0.992842, P: 0.826267, R^2: 0.671017
GBDT_AE的BA值 ：-12.607756767886867
GBDT_AE :RMSD: 1.094450, P: 0.786937, R^2: 0.600235
GBDT_ECFP的BA值 ：-13.165286315155251
GBDT_ECFP :RMSD: 0.957418, P: 0.833479, R^2: 0.694074
GBDT_AE_BET的BA值    ：-12.721993721152444
GBDT_AE_BET    :RMSD: 1.023467, P: 0.819188, R^2: 0.650409
GBDT_AE_ECFP的BA值    ：-12.786297810317775
GBDT_AE_ECFP    :RMSD: 0.978218, P: 0.830345, R^2: 0.680637
GBDT_BET_ECFP的BA值    ：-12.900534763583352
GBDT_BET_ECFP    :RMSD: 0.934886, P: 0.844953, R^2: 0.708304
GBDT_AE_BET_ECFP的BA值    ：-12.80294209835119
GBDT_AE_BET_ECFP    :RMSD: 0.966863, P: 0.837247, R^2: 0.688008
fold= 5
>>>>>>>>>>>>>training.............
###############################################GBDT#####################################################
GBDT_BET的BA值：-13.063549873370427
GBDT_BET:RMSD: 1.052608, P: 0.851974, R^2: 0.689002
GBDT_AE的BA值 ：-12.769270133453121
GBDT_AE :RMSD: 1.121025, P: 0.836286, R^2: 0.647260
GBDT_ECFP的BA值 ：-13.82140728664868
GBDT_ECFP :RMSD: 0.889414, P: 0.883741, R^2: 0.777960
GBDT_AE_BET的BA值    ：-12.916410003411773
GBDT_AE_BET    :RMSD: 1.072647, P: 0.852717, R^2: 0.677049
GBDT_AE_ECFP的BA值    ：-13.2953387100509
GBDT_AE_ECFP    :RMSD: 0.935735, P: 0.884111, R^2: 0.754230
GBDT_BET_ECFP的BA值    ：-13.442478580009553
GBDT_BET_ECFP    :RMSD: 0.903804, P: 0.890232, R^2: 0.770717
GBDT_AE_BET_ECFP的BA值    ：-13.218075764490742
GBDT_AE_BET_ECFP    :RMSD: 0.955475, P: 0.883212, R^2: 0.743751
fold= 6
>>>>>>>>>>>>>training.............
###############################################GBDT#####################################################
GBDT_BET的BA值：-12.922519625613324
GBDT_BET:RMSD: 0.993883, P: 0.837888, R^2: 0.674832
GBDT_AE的BA值 ：-12.204386245842718
GBDT_AE :RMSD: 1.043073, P: 0.838093, R^2: 0.641849
GBDT_ECFP的BA值 ：-13.736042228538825
GBDT_ECFP :RMSD: 0.903142, P: 0.856011, R^2: 0.731497
GBDT_AE_BET的BA值    ：-12.551330533435731
GBDT_AE_BET    :RMSD: 1.001802, P: 0.847470, R^2: 0.669630
GBDT_AE_ECFP的BA值    ：-12.958091834898482
GBDT_AE_ECFP    :RMSD: 0.907915, P: 0.867358, R^2: 0.728652
GBDT_BET_ECFP的BA值    ：-13.329280927076073
GBDT_BET_ECFP    :RMSD: 0.887727, P: 0.868368, R^2: 0.740585
GBDT_AE_BET_ECFP的BA值    ：-12.946234431803427
GBDT_AE_BET_ECFP    :RMSD: 0.917268, P: 0.867973, R^2: 0.723032
fold= 7
>>>>>>>>>>>>>training.............
###############################################GBDT#####################################################
GBDT_BET的BA值：-13.179451678820321
GBDT_BET:RMSD: 1.157558, P: 0.804584, R^2: 0.639437
GBDT_AE的BA值 ：-13.224964911798537
GBDT_AE :RMSD: 1.200437, P: 0.791068, R^2: 0.612230
GBDT_ECFP的BA值 ：-14.558854671175158
GBDT_ECFP :RMSD: 1.110088, P: 0.823064, R^2: 0.668403
GBDT_AE_BET的BA值    ：-13.202208295309429
GBDT_AE_BET    :RMSD: 1.165795, P: 0.804617, R^2: 0.634287
GBDT_AE_ECFP的BA值    ：-13.891909791486848
GBDT_AE_ECFP    :RMSD: 1.089604, P: 0.826383, R^2: 0.680528
GBDT_BET_ECFP的BA值    ：-13.86915317499774
GBDT_BET_ECFP    :RMSD: 1.076003, P: 0.830359, R^2: 0.688454
GBDT_AE_BET_ECFP的BA值    ：-13.65442375393134
GBDT_AE_BET_ECFP    :RMSD: 1.095602, P: 0.826143, R^2: 0.677001
fold= 8
>>>>>>>>>>>>>training.............
###############################################GBDT#####################################################
GBDT_BET的BA值：-12.889213613884367
GBDT_BET:RMSD: 1.118481, P: 0.820827, R^2: 0.652870
GBDT_AE的BA值 ：-12.945835065317349
GBDT_AE :RMSD: 1.192994, P: 0.800815, R^2: 0.605077
GBDT_ECFP的BA值 ：-13.262576586288198
GBDT_ECFP :RMSD: 1.145498, P: 0.799898, R^2: 0.635897
GBDT_AE_BET的BA值    ：-12.917524339600858
GBDT_AE_BET    :RMSD: 1.141053, P: 0.819528, R^2: 0.638717
GBDT_AE_ECFP的BA值    ：-13.104205825802772
GBDT_AE_ECFP    :RMSD: 1.102692, P: 0.824148, R^2: 0.662601
GBDT_BET_ECFP的BA值    ：-13.075895100086282
GBDT_BET_ECFP    :RMSD: 1.080626, P: 0.827925, R^2: 0.675969
GBDT_AE_BET_ECFP的BA值    ：-13.032541755163303
GBDT_AE_BET_ECFP    :RMSD: 1.093229, P: 0.830519, R^2: 0.668367
fold= 9
>>>>>>>>>>>>>training.............
###############################################GBDT#####################################################
GBDT_BET的BA值：-13.01320178567458
GBDT_BET:RMSD: 1.086401, P: 0.813546, R^2: 0.646367
GBDT_AE的BA值 ：-11.79569549465564
GBDT_AE :RMSD: 1.197416, P: 0.786785, R^2: 0.570402
GBDT_ECFP的BA值 ：-13.588431888929248
GBDT_ECFP :RMSD: 0.957272, P: 0.851810, R^2: 0.725436
GBDT_AE_BET的BA值    ：-12.35290721309962
GBDT_AE_BET    :RMSD: 1.111853, P: 0.813852, R^2: 0.629604
GBDT_AE_ECFP的BA值    ：-12.640522264726954
GBDT_AE_ECFP    :RMSD: 1.004767, P: 0.849632, R^2: 0.697516
GBDT_BET_ECFP的BA值    ：-13.300816837301914
GBDT_BET_ECFP    :RMSD: 0.973171, P: 0.852495, R^2: 0.716241
GBDT_AE_BET_ECFP的BA值    ：-12.764748771709497
GBDT_AE_BET_ECFP    :RMSD: 1.013294, P: 0.846592, R^2: 0.692360
fold= 10
>>>>>>>>>>>>>training.............
###############################################GBDT#####################################################
GBDT_BET的BA值：-12.600472689151463
GBDT_BET:RMSD: 1.084160, P: 0.796531, R^2: 0.624289
GBDT_AE的BA值 ：-12.744811000741159
GBDT_AE :RMSD: 1.089615, P: 0.821188, R^2: 0.620498
GBDT_ECFP的BA值 ：-13.356018580080775
GBDT_ECFP :RMSD: 0.977848, P: 0.834779, R^2: 0.694360
GBDT_AE_BET的BA值    ：-12.636406702985715
GBDT_AE_BET    :RMSD: 1.064835, P: 0.818301, R^2: 0.637564
GBDT_AE_ECFP的BA值    ：-12.82912404456728
GBDT_AE_ECFP    :RMSD: 0.964267, P: 0.851613, R^2: 0.702791
GBDT_BET_ECFP的BA值    ：-12.797273776890492
GBDT_BET_ECFP    :RMSD: 0.974740, P: 0.838676, R^2: 0.696300
GBDT_AE_BET_ECFP的BA值    ：-12.728750164788275
GBDT_AE_BET_ECFP    :RMSD: 0.985244, P: 0.843504, R^2: 0.689719
@@@@@@@@@@@@@@@@@@@@@@@@@@@@@@@@@@@@@@@@@@@最终结果@@@@@@@@@@@@@@@@@@@@@@@@@@@@@@@@@@@@@@@@@@@@@@@@@@
@@@@@@@@@@@@@@@@@@@@@@@@@@@@@@@@@@@@@@@@@@@最终结果@@@@@@@@@@@@@@@@@@@@@@@@@@@@@@@@@@@@@@@@@@@@@@@@@@
%%%%%%%%%%%%%%%%%%%%%%%%%%%%%%%%%%%%%%%%%%%GBDT%%%%%%%%%%%%%%%%%%%%%%%%%%%%%%%%%%%%%%%%%%%%%%%%%%%%%%
GBDT_BET:0-th Final RMSD: 1.071388, Final P: 0.814999, Final R^2: 0.651119
GBDT_AE :0-th Final RMSD: 1.126656, Final P: 0.800270, Final R^2: 0.614196
GBDT_ECFP :0-th Final RMSD: 0.982366, Final P: 0.840992, Final R^2: 0.706688
GBDT_AE_BET    :0-th Final RMSD: 1.080866, Final P: 0.818351, Final R^2: 0.644919
GBDT_AE_ECFP    :0-th Final RMSD: 0.989746, Final P: 0.845689, Final R^2: 0.702264
GBDT_BET_ECFP    :0-th Final RMSD: 0.971925, Final P: 0.848435, Final R^2: 0.712889
GBDT_AE_BET_ECFP    :0-th Final RMSD: 0.999320, Final P: 0.844760, Final R^2: 0.696476
0-th GBDT_AE的BA值 ：-13.224965
0-th GBDT_BET的BA值：-13.575183
0-th GBDT_ECFP的BA值 ：-14.558855
0-th GBDT_AE_BET的BA值：-13.271056
0-th GBDT_AE_ECFP的BA值    ：-13.891910
0-th GBDT_BET_ECFP的BA值    ：-13.869153
0-th GBDT_AE_BET_ECFP的BA值    ：-13.654424
total time: 0.7327589551607768 h
