size of data: (671,)
size of train size: 536
GBDT parameter
Namespace(n_estimators=10000, dataset='CHEMBL2789', max_depth=7, learning_rate=0.01, criterion='friedman_mse', subsample=0.7, max_features='sqrt', min_samples_split=3, loss='ls', n_iter_no_change=None, random_seed=0)
fold= 1
>>>>>>>>>>>>>training.............
###############################################GBDT#####################################################
GBDT_BET的BA值：-11.941986755592664
GBDT_BET:RMSD: 0.581643, P: 0.914141, R^2: 0.820414
GBDT_AE的BA值 ：-11.907667342802263
GBDT_AE :RMSD: 0.563263, P: 0.920528, R^2: 0.831585
GBDT_ECFP的BA值 ：-12.146721186330428
GBDT_ECFP :RMSD: 0.541022, P: 0.922667, R^2: 0.844622
GBDT_AE_BET的BA值    ：-11.863339262404331
GBDT_AE_BET    :RMSD: 0.562860, P: 0.921412, R^2: 0.831825
GBDT_AE_ECFP的BA值    ：-12.001645066244661
GBDT_AE_ECFP    :RMSD: 0.534317, P: 0.926976, R^2: 0.848449
GBDT_BET_ECFP的BA值    ：-11.912021401780203
GBDT_BET_ECFP    :RMSD: 0.535687, P: 0.926769, R^2: 0.847671
GBDT_AE_BET_ECFP的BA值    ：-11.872375141005007
GBDT_AE_BET_ECFP    :RMSD: 0.538392, P: 0.927136, R^2: 0.846129
fold= 2
>>>>>>>>>>>>>training.............
###############################################GBDT#####################################################
GBDT_BET的BA值：-11.804020779466516
GBDT_BET:RMSD: 0.671667, P: 0.885983, R^2: 0.775870
GBDT_AE的BA值 ：-11.997342993637224
GBDT_AE :RMSD: 0.670938, P: 0.887142, R^2: 0.776356
GBDT_ECFP的BA值 ：-12.496598426861313
GBDT_ECFP :RMSD: 0.612109, P: 0.903862, R^2: 0.813856
GBDT_AE_BET的BA值    ：-11.897086784661788
GBDT_AE_BET    :RMSD: 0.662314, P: 0.890252, R^2: 0.782068
GBDT_AE_ECFP的BA值    ：-12.113141500685806
GBDT_AE_ECFP    :RMSD: 0.615051, P: 0.905121, R^2: 0.812062
GBDT_BET_ECFP的BA值    ：-12.150309603163915
GBDT_BET_ECFP    :RMSD: 0.615807, P: 0.904508, R^2: 0.811599
GBDT_AE_BET_ECFP的BA值    ：-12.010101260279377
GBDT_AE_BET_ECFP    :RMSD: 0.624383, P: 0.902629, R^2: 0.806315
fold= 3
>>>>>>>>>>>>>training.............
###############################################GBDT#####################################################
GBDT_BET的BA值：-12.03014657376787
GBDT_BET:RMSD: 0.731685, P: 0.893981, R^2: 0.778612
GBDT_AE的BA值 ：-11.872155175907391
GBDT_AE :RMSD: 0.777515, P: 0.886893, R^2: 0.750010
GBDT_ECFP的BA值 ：-12.65413352270425
GBDT_ECFP :RMSD: 0.661803, P: 0.906937, R^2: 0.818882
GBDT_AE_BET的BA值    ：-11.95115087483763
GBDT_AE_BET    :RMSD: 0.744609, P: 0.894339, R^2: 0.770723
GBDT_AE_ECFP的BA值    ：-12.12515208576948
GBDT_AE_ECFP    :RMSD: 0.675427, P: 0.904651, R^2: 0.811348
GBDT_BET_ECFP的BA值    ：-12.23407575111466
GBDT_BET_ECFP    :RMSD: 0.657795, P: 0.908180, R^2: 0.821069
GBDT_AE_BET_ECFP的BA值    ：-12.093483581768945
GBDT_AE_BET_ECFP    :RMSD: 0.682762, P: 0.904744, R^2: 0.807228
fold= 4
>>>>>>>>>>>>>training.............
###############################################GBDT#####################################################
GBDT_BET的BA值：-11.923887288152795
GBDT_BET:RMSD: 0.662871, P: 0.928999, R^2: 0.843754
GBDT_AE的BA值 ：-12.040988304131494
GBDT_AE :RMSD: 0.657468, P: 0.935171, R^2: 0.846291
GBDT_ECFP的BA值 ：-13.007450862228604
GBDT_ECFP :RMSD: 0.575182, P: 0.940900, R^2: 0.882358
GBDT_AE_BET的BA值    ：-11.982437796142143
GBDT_AE_BET    :RMSD: 0.647434, P: 0.935766, R^2: 0.850947
GBDT_AE_ECFP的BA值    ：-12.237478097156146
GBDT_AE_ECFP    :RMSD: 0.571168, P: 0.944393, R^2: 0.883995
GBDT_BET_ECFP的BA值    ：-12.407436147548143
GBDT_BET_ECFP    :RMSD: 0.583945, P: 0.940625, R^2: 0.878746
GBDT_AE_BET_ECFP的BA值    ：-12.09412587572666
GBDT_AE_BET_ECFP    :RMSD: 0.590958, P: 0.942132, R^2: 0.875816
fold= 5
>>>>>>>>>>>>>training.............
###############################################GBDT#####################################################
GBDT_BET的BA值：-12.244935810230846
GBDT_BET:RMSD: 0.526443, P: 0.946708, R^2: 0.892096
GBDT_AE的BA值 ：-12.17450320656053
GBDT_AE :RMSD: 0.523428, P: 0.950115, R^2: 0.893328
GBDT_ECFP的BA值 ：-12.341368296692432
GBDT_ECFP :RMSD: 0.506559, P: 0.949124, R^2: 0.900093
GBDT_AE_BET的BA值    ：-12.179439134304367
GBDT_AE_BET    :RMSD: 0.514118, P: 0.950980, R^2: 0.897089
GBDT_AE_ECFP的BA值    ：-12.25793575162648
GBDT_AE_ECFP    :RMSD: 0.483647, P: 0.954519, R^2: 0.908926
GBDT_BET_ECFP的BA值    ：-12.262871679370317
GBDT_BET_ECFP    :RMSD: 0.487562, P: 0.953114, R^2: 0.907446
GBDT_AE_BET_ECFP的BA值    ：-12.233415521767055
GBDT_AE_BET_ECFP    :RMSD: 0.487177, P: 0.954375, R^2: 0.907592
fold= 6
>>>>>>>>>>>>>training.............
###############################################GBDT#####################################################
GBDT_BET的BA值：-12.124480361238078
GBDT_BET:RMSD: 0.601222, P: 0.934678, R^2: 0.840332
GBDT_AE的BA值 ：-12.376175251208755
GBDT_AE :RMSD: 0.662121, P: 0.927231, R^2: 0.806348
GBDT_ECFP的BA值 ：-11.848508104268655
GBDT_ECFP :RMSD: 0.549800, P: 0.931456, R^2: 0.866476
GBDT_AE_BET的BA值    ：-12.235137927336957
GBDT_AE_BET    :RMSD: 0.621716, P: 0.934317, R^2: 0.829261
GBDT_AE_ECFP的BA值    ：-12.112341677738705
GBDT_AE_ECFP    :RMSD: 0.563802, P: 0.937365, R^2: 0.859589
GBDT_BET_ECFP的BA值    ：-11.971304353866906
GBDT_BET_ECFP    :RMSD: 0.548903, P: 0.937608, R^2: 0.866912
GBDT_AE_BET_ECFP的BA值    ：-12.106261319647523
GBDT_AE_BET_ECFP    :RMSD: 0.569662, P: 0.938255, R^2: 0.856655
fold= 7
>>>>>>>>>>>>>training.............
###############################################GBDT#####################################################
GBDT_BET的BA值：-12.107054182554606
GBDT_BET:RMSD: 0.551845, P: 0.936601, R^2: 0.873266
GBDT_AE的BA值 ：-11.779027530760589
GBDT_AE :RMSD: 0.567577, P: 0.934828, R^2: 0.865937
GBDT_ECFP的BA值 ：-12.65801753843423
GBDT_ECFP :RMSD: 0.495355, P: 0.948708, R^2: 0.897884
GBDT_AE_BET的BA值    ：-11.92225608036051
GBDT_AE_BET    :RMSD: 0.548675, P: 0.938533, R^2: 0.874717
GBDT_AE_ECFP的BA值    ：-12.197737758300322
GBDT_AE_ECFP    :RMSD: 0.501981, P: 0.948064, R^2: 0.895134
GBDT_BET_ECFP的BA值    ：-12.382535860494418
GBDT_BET_ECFP    :RMSD: 0.490736, P: 0.949452, R^2: 0.899780
GBDT_AE_BET_ECFP的BA值    ：-12.167509899718416
GBDT_AE_BET_ECFP    :RMSD: 0.505893, P: 0.947247, R^2: 0.893493
fold= 8
>>>>>>>>>>>>>training.............
###############################################GBDT#####################################################
GBDT_BET的BA值：-12.158771273750157
GBDT_BET:RMSD: 0.632596, P: 0.928308, R^2: 0.834055
GBDT_AE的BA值 ：-12.136593296093466
GBDT_AE :RMSD: 0.599826, P: 0.941548, R^2: 0.850803
GBDT_ECFP的BA值 ：-12.877877493669189
GBDT_ECFP :RMSD: 0.552850, P: 0.937688, R^2: 0.873257
GBDT_AE_BET的BA值    ：-12.14768228492181
GBDT_AE_BET    :RMSD: 0.609502, P: 0.937371, R^2: 0.845951
GBDT_AE_ECFP的BA值    ：-12.507235394881327
GBDT_AE_ECFP    :RMSD: 0.556152, P: 0.943996, R^2: 0.871738
GBDT_BET_ECFP的BA值    ：-12.518324383709672
GBDT_BET_ECFP    :RMSD: 0.569439, P: 0.939446, R^2: 0.865536
GBDT_AE_BET_ECFP的BA值    ：-12.391080687837603
GBDT_AE_BET_ECFP    :RMSD: 0.572967, P: 0.941842, R^2: 0.863865
fold= 9
>>>>>>>>>>>>>training.............
###############################################GBDT#####################################################
GBDT_BET的BA值：-12.322726437375637
GBDT_BET:RMSD: 0.586378, P: 0.932042, R^2: 0.857767
GBDT_AE的BA值 ：-12.309080443694993
GBDT_AE :RMSD: 0.637880, P: 0.924992, R^2: 0.831685
GBDT_ECFP的BA值 ：-12.826686595763436
GBDT_ECFP :RMSD: 0.462842, P: 0.955478, R^2: 0.911384
GBDT_AE_BET的BA值    ：-12.315903440535315
GBDT_AE_BET    :RMSD: 0.601953, P: 0.931868, R^2: 0.850111
GBDT_AE_ECFP的BA值    ：-12.567883519729214
GBDT_AE_ECFP    :RMSD: 0.521760, P: 0.948362, R^2: 0.887388
GBDT_BET_ECFP的BA值    ：-12.574706516569536
GBDT_BET_ECFP    :RMSD: 0.505825, P: 0.948997, R^2: 0.894161
GBDT_AE_BET_ECFP的BA值    ：-12.486164492278021
GBDT_AE_BET_ECFP    :RMSD: 0.537154, P: 0.945021, R^2: 0.880644
fold= 10
>>>>>>>>>>>>>training.............
###############################################GBDT#####################################################
GBDT_BET的BA值：-12.218315108248055
GBDT_BET:RMSD: 0.642050, P: 0.936408, R^2: 0.853897
GBDT_AE的BA值 ：-11.981504270964923
GBDT_AE :RMSD: 0.654907, P: 0.940161, R^2: 0.847987
GBDT_ECFP的BA值 ：-12.339784998138738
GBDT_ECFP :RMSD: 0.557361, P: 0.946618, R^2: 0.889898
GBDT_AE_BET的BA值    ：-12.046170945509601
GBDT_AE_BET    :RMSD: 0.637953, P: 0.941637, R^2: 0.855756
GBDT_AE_ECFP的BA值    ：-12.106905890454943
GBDT_AE_ECFP    :RMSD: 0.578922, P: 0.949823, R^2: 0.881215
GBDT_BET_ECFP的BA值    ：-12.279050053193396
GBDT_BET_ECFP    :RMSD: 0.567667, P: 0.949959, R^2: 0.885789
GBDT_AE_BET_ECFP的BA值    ：-12.144042296385981
GBDT_AE_BET_ECFP    :RMSD: 0.587437, P: 0.949335, R^2: 0.877695
@@@@@@@@@@@@@@@@@@@@@@@@@@@@@@@@@@@@@@@@@@@最终结果@@@@@@@@@@@@@@@@@@@@@@@@@@@@@@@@@@@@@@@@@@@@@@@@@@
@@@@@@@@@@@@@@@@@@@@@@@@@@@@@@@@@@@@@@@@@@@最终结果@@@@@@@@@@@@@@@@@@@@@@@@@@@@@@@@@@@@@@@@@@@@@@@@@@
%%%%%%%%%%%%%%%%%%%%%%%%%%%%%%%%%%%%%%%%%%%GBDT%%%%%%%%%%%%%%%%%%%%%%%%%%%%%%%%%%%%%%%%%%%%%%%%%%%%%%
GBDT_BET:0-th Final RMSD: 0.621521, Final P: 0.922433, Final R^2: 0.843367
GBDT_AE :0-th Final RMSD: 0.635062, Final P: 0.921733, Final R^2: 0.836467
GBDT_ECFP :0-th Final RMSD: 0.554144, Final P: 0.935849, Final R^2: 0.875486
GBDT_AE_BET    :0-th Final RMSD: 0.618128, Final P: 0.925487, Final R^2: 0.845072
GBDT_AE_ECFP    :0-th Final RMSD: 0.562691, Final P: 0.936594, Final R^2: 0.871616
GBDT_BET_ECFP    :0-th Final RMSD: 0.558721, Final P: 0.936501, Final R^2: 0.873421
GBDT_AE_BET_ECFP    :0-th Final RMSD: 0.572210, Final P: 0.935088, Final R^2: 0.867235
0-th GBDT_AE的BA值 ：-12.376175
0-th GBDT_BET的BA值：-12.322726
0-th GBDT_ECFP的BA值 ：-13.007451
0-th GBDT_AE_BET的BA值：-12.315903
0-th GBDT_AE_ECFP的BA值    ：-12.567884
0-th GBDT_BET_ECFP的BA值    ：-12.574707
0-th GBDT_AE_BET_ECFP的BA值    ：-12.486164
total time: 0.3045989786254035 h
