size of data: (25,)
size of train size: 20
GBDT parameter
Namespace(n_estimators=10000, dataset='CHEMBL5398', max_depth=7, learning_rate=0.01, criterion='friedman_mse', subsample=0.7, max_features='sqrt', min_samples_split=3, loss='ls', n_iter_no_change=None, random_seed=0)
fold= 1
>>>>>>>>>>>>>training.............
###############################################GBDT#####################################################
GBDT_BET的BA值：-8.692349352022656
GBDT_BET:RMSD: 1.119999, P: -0.858656, R^2: -0.332268
GBDT_AE的BA值 ：-8.642520602226073
GBDT_AE :RMSD: 0.947426, P: 0.723480, R^2: 0.046662
GBDT_ECFP的BA值 ：-9.223924834213136
GBDT_ECFP :RMSD: 0.933594, P: 0.875472, R^2: 0.074296
GBDT_AE_BET的BA值    ：-8.667434977124366
GBDT_AE_BET    :RMSD: 1.033543, P: -0.405489, R^2: -0.134524
GBDT_AE_ECFP的BA值    ：-8.91950550130711
GBDT_AE_ECFP    :RMSD: 0.921061, P: 0.973567, R^2: 0.098982
GBDT_BET_ECFP的BA值    ：-8.806066024811198
GBDT_BET_ECFP    :RMSD: 1.002215, P: 0.893009, R^2: -0.066789
GBDT_AE_BET_ECFP的BA值    ：-8.742406072674493
GBDT_AE_BET_ECFP    :RMSD: 0.980952, P: 0.999887, R^2: -0.022001
fold= 2
>>>>>>>>>>>>>training.............
###############################################GBDT#####################################################
GBDT_BET的BA值：-8.495344844509603
GBDT_BET:RMSD: 0.801571, P: -0.778300, R^2: -0.060892
GBDT_AE的BA值 ：-8.543577848505603
GBDT_AE :RMSD: 0.777082, P: 0.150117, R^2: 0.002941
GBDT_ECFP的BA值 ：-8.884650722435202
GBDT_ECFP :RMSD: 0.805736, P: 0.361793, R^2: -0.071946
GBDT_AE_BET的BA值    ：-8.519461346507603
GBDT_AE_BET    :RMSD: 0.788898, P: -0.162919, R^2: -0.027611
GBDT_AE_ECFP的BA值    ：-8.714114285470401
GBDT_AE_ECFP    :RMSD: 0.778159, P: 0.316275, R^2: 0.000175
GBDT_BET_ECFP的BA值    ：-8.689997783472403
GBDT_BET_ECFP    :RMSD: 0.785382, P: 0.247309, R^2: -0.018473
GBDT_AE_BET_ECFP的BA值    ：-8.64119113848347
GBDT_AE_BET_ECFP    :RMSD: 0.780547, P: 0.226764, R^2: -0.005971
fold= 3
>>>>>>>>>>>>>training.............
###############################################GBDT#####################################################
GBDT_BET的BA值：-8.645429519407017
GBDT_BET:RMSD: 0.235628, P: 0.876046, R^2: 0.432026
GBDT_AE的BA值 ：-8.92238212528433
GBDT_AE :RMSD: 0.170064, P: 0.917479, R^2: 0.704132
GBDT_ECFP的BA值 ：-9.486669352322865
GBDT_ECFP :RMSD: 0.504724, P: 0.822781, R^2: -1.606048
GBDT_AE_BET的BA值    ：-8.783905822345673
GBDT_AE_BET    :RMSD: 0.177587, P: 0.904177, R^2: 0.677375
GBDT_AE_ECFP的BA值    ：-9.204525738803596
GBDT_AE_ECFP    :RMSD: 0.264731, P: 0.875589, R^2: 0.283057
GBDT_BET_ECFP的BA值    ：-9.06604943586494
GBDT_BET_ECFP    :RMSD: 0.224878, P: 0.842689, R^2: 0.482669
GBDT_AE_BET_ECFP的BA值    ：-9.01816033233807
GBDT_AE_BET_ECFP    :RMSD: 0.173068, P: 0.875686, R^2: 0.693588
fold= 4
>>>>>>>>>>>>>training.............
###############################################GBDT#####################################################
GBDT_BET的BA值：-8.583361932223262
GBDT_BET:RMSD: 0.514280, P: -0.998692, R^2: -0.541500
GBDT_AE的BA值 ：-8.733178054478213
GBDT_AE :RMSD: 0.383629, P: 0.407054, R^2: 0.142238
GBDT_ECFP的BA值 ：-8.975905194929554
GBDT_ECFP :RMSD: 0.303106, P: 0.811281, R^2: 0.464531
GBDT_AE_BET的BA值    ：-8.609155621182822
GBDT_AE_BET    :RMSD: 0.439986, P: -0.131774, R^2: -0.128294
GBDT_AE_ECFP的BA值    ：-8.734830351094974
GBDT_AE_ECFP    :RMSD: 0.301621, P: 0.986101, R^2: 0.469767
GBDT_BET_ECFP的BA值    ：-8.669759331145869
GBDT_BET_ECFP    :RMSD: 0.383078, P: 0.536553, R^2: 0.144701
GBDT_AE_BET_ECFP的BA值    ：-8.611091389850712
GBDT_AE_BET_ECFP    :RMSD: 0.368438, P: 0.955114, R^2: 0.208825
fold= 5
>>>>>>>>>>>>>training.............
###############################################GBDT#####################################################
GBDT_BET的BA值：-8.48508463908831
GBDT_BET:RMSD: 0.574348, P: -0.667465, R^2: -34.701682
GBDT_AE的BA值 ：-8.437023441281742
GBDT_AE :RMSD: 0.594109, P: 0.365294, R^2: -37.200600
GBDT_ECFP的BA值 ：-9.151921565846076
GBDT_ECFP :RMSD: 0.327497, P: -0.742791, R^2: -10.607853
GBDT_AE_BET的BA值    ：-8.431338477660935
GBDT_AE_BET    :RMSD: 0.581752, P: -0.845084, R^2: -35.628019
GBDT_AE_ECFP的BA值    ：-8.77076373949026
GBDT_AE_ECFP    :RMSD: 0.359738, P: -0.786261, R^2: -13.005881
GBDT_BET_ECFP的BA值    ：-8.81249630401675
GBDT_BET_ECFP    :RMSD: 0.372658, P: -0.726607, R^2: -14.029997
GBDT_AE_BET_ECFP的BA值    ：-8.671532840389315
GBDT_AE_BET_ECFP    :RMSD: 0.426457, P: -0.759075, R^2: -18.682828
fold= 6
>>>>>>>>>>>>>training.............
###############################################GBDT#####################################################
GBDT_BET的BA值：-8.570265624951109
GBDT_BET:RMSD: 0.657922, P: 1.000000, R^2: 0.018396
GBDT_AE的BA值 ：-8.498567570033746
GBDT_AE :RMSD: 0.722337, P: -1.000000, R^2: -0.183226
GBDT_ECFP的BA值 ：-8.90855322983278
GBDT_ECFP :RMSD: 0.824955, P: 1.000000, R^2: -0.543291
GBDT_AE_BET的BA值    ：-8.506755160980767
GBDT_AE_BET    :RMSD: 0.687857, P: -1.000000, R^2: -0.072962
GBDT_AE_ECFP的BA值    ：-8.68473051324533
GBDT_AE_ECFP    :RMSD: 0.741627, P: -1.000000, R^2: -0.247265
GBDT_BET_ECFP的BA值    ：-8.739409427391944
GBDT_BET_ECFP    :RMSD: 0.725647, P: 1.000000, R^2: -0.194093
GBDT_AE_BET_ECFP的BA值    ：-8.62813459280615
GBDT_AE_BET_ECFP    :RMSD: 0.712094, P: -1.000000, R^2: -0.149906
fold= 7
>>>>>>>>>>>>>training.............
###############################################GBDT#####################################################
GBDT_BET的BA值：-8.466457551881142
GBDT_BET:RMSD: 0.600998, P: -1.000000, R^2: -0.864222
GBDT_AE的BA值 ：-8.540915982498362
GBDT_AE :RMSD: 0.508657, P: 1.000000, R^2: -0.335372
GBDT_ECFP的BA值 ：-8.774063677599681
GBDT_ECFP :RMSD: 0.535132, P: -1.000000, R^2: -0.477999
GBDT_AE_BET的BA值    ：-8.474951033646512
GBDT_AE_BET    :RMSD: 0.550748, P: 1.000000, R^2: -0.565515
GBDT_AE_ECFP的BA值    ：-8.576331479336316
GBDT_AE_ECFP    :RMSD: 0.491010, P: 1.000000, R^2: -0.244322
GBDT_BET_ECFP的BA值    ：-8.620260614740411
GBDT_BET_ECFP    :RMSD: 0.553910, P: -1.000000, R^2: -0.583542
GBDT_AE_BET_ECFP的BA值    ：-8.520549681155765
GBDT_AE_BET_ECFP    :RMSD: 0.526901, P: 1.000000, R^2: -0.432880
fold= 8
>>>>>>>>>>>>>training.............
###############################################GBDT#####################################################
GBDT_BET的BA值：-8.725365526743296
GBDT_BET:RMSD: 0.937532, P: 1.000000, R^2: -3.117851
GBDT_AE的BA值 ：-8.703571421259927
GBDT_AE :RMSD: 1.020727, P: -1.000000, R^2: -3.881098
GBDT_ECFP的BA值 ：-9.033274833241215
GBDT_ECFP :RMSD: 1.209718, P: 1.000000, R^2: -5.855945
GBDT_AE_BET的BA值    ：-8.598648560484474
GBDT_AE_BET    :RMSD: 0.971061, P: -1.000000, R^2: -3.417656
GBDT_AE_ECFP的BA值    ：-8.737071102998161
GBDT_AE_ECFP    :RMSD: 1.097482, P: -1.000000, R^2: -4.642790
GBDT_BET_ECFP的BA值    ：-8.879320179992256
GBDT_BET_ECFP    :RMSD: 1.072269, P: 1.000000, R^2: -4.386494
GBDT_AE_BET_ECFP的BA值    ：-8.724894786937476
GBDT_AE_BET_ECFP    :RMSD: 1.043737, P: 1.000000, R^2: -4.103652
fold= 9
>>>>>>>>>>>>>training.............
###############################################GBDT#####################################################
GBDT_BET的BA值：-8.578123110241107
GBDT_BET:RMSD: 0.962522, P: 1.000000, R^2: -261.519650
GBDT_AE的BA值 ：-8.525453711363054
GBDT_AE :RMSD: 0.953336, P: 1.000000, R^2: -256.532815
GBDT_ECFP的BA值 ：-8.803802479669773
GBDT_ECFP :RMSD: 0.598826, P: -1.000000, R^2: -100.611441
GBDT_AE_BET的BA值    ：-8.55178841080208
GBDT_AE_BET    :RMSD: 0.957555, P: 1.000000, R^2: -258.817514
GBDT_AE_ECFP的BA值    ：-8.584494042862385
GBDT_AE_ECFP    :RMSD: 0.764979, P: 1.000000, R^2: -164.820978
GBDT_BET_ECFP的BA值    ：-8.610828742301411
GBDT_BET_ECFP    :RMSD: 0.765682, P: 1.000000, R^2: -165.125995
GBDT_AE_BET_ECFP的BA值    ：-8.582370398655293
GBDT_AE_BET_ECFP    :RMSD: 0.827285, P: 1.000000, R^2: -192.932671
fold= 10
>>>>>>>>>>>>>training.............
###############################################GBDT#####################################################
GBDT_BET的BA值：-8.508715627911904
GBDT_BET:RMSD: 0.121139, P: -1.000000, R^2: -3.094083
GBDT_AE的BA值 ：-8.768848115131927
GBDT_AE :RMSD: 0.407913, P: -1.000000, R^2: -45.421792
GBDT_ECFP的BA值 ：-8.850327099969268
GBDT_ECFP :RMSD: 0.377176, P: -1.000000, R^2: -38.689431
GBDT_AE_BET的BA值    ：-8.638781871521916
GBDT_AE_BET    :RMSD: 0.264320, P: -1.000000, R^2: -18.491622
GBDT_AE_ECFP的BA值    ：-8.809587607550597
GBDT_AE_ECFP    :RMSD: 0.308009, P: -1.000000, R^2: -25.467521
GBDT_BET_ECFP的BA值    ：-8.679521363940587
GBDT_BET_ECFP    :RMSD: 0.215762, P: -1.000000, R^2: -11.987913
GBDT_AE_BET_ECFP的BA值    ：-8.709296947671033
GBDT_AE_BET_ECFP    :RMSD: 0.240791, P: -1.000000, R^2: -15.175880
@@@@@@@@@@@@@@@@@@@@@@@@@@@@@@@@@@@@@@@@@@@最终结果@@@@@@@@@@@@@@@@@@@@@@@@@@@@@@@@@@@@@@@@@@@@@@@@@@
@@@@@@@@@@@@@@@@@@@@@@@@@@@@@@@@@@@@@@@@@@@最终结果@@@@@@@@@@@@@@@@@@@@@@@@@@@@@@@@@@@@@@@@@@@@@@@@@@
%%%%%%%%%%%%%%%%%%%%%%%%%%%%%%%%%%%%%%%%%%%GBDT%%%%%%%%%%%%%%%%%%%%%%%%%%%%%%%%%%%%%%%%%%%%%%%%%%%%%%
GBDT_BET:0-th Final RMSD: 0.717459, Final P: -0.343812, Final R^2: -0.205906
GBDT_AE :0-th Final RMSD: 0.689546, Final P: 0.000539, Final R^2: -0.113899
GBDT_ECFP :0-th Final RMSD: 0.686627, Final P: 0.292921, Final R^2: -0.104489
GBDT_AE_BET    :0-th Final RMSD: 0.697848, Final P: -0.158604, Final R^2: -0.140884
GBDT_AE_ECFP    :0-th Final RMSD: 0.650671, Final P: 0.194157, Final R^2: 0.008158
GBDT_BET_ECFP    :0-th Final RMSD: 0.666462, Final P: 0.075291, Final R^2: -0.040567
GBDT_AE_BET_ECFP    :0-th Final RMSD: 0.663029, Final P: 0.051562, Final R^2: -0.029875
0-th GBDT_AE的BA值 ：-8.922382
0-th GBDT_BET的BA值：-8.725366
0-th GBDT_ECFP的BA值 ：-9.486669
0-th GBDT_AE_BET的BA值：-8.783906
0-th GBDT_AE_ECFP的BA值    ：-9.204526
0-th GBDT_BET_ECFP的BA值    ：-9.066049
0-th GBDT_AE_BET_ECFP的BA值    ：-9.018160
total time: 0.0249112907383177 h
