size of data: (503,)
size of train size: 402
GBDT parameter
Namespace(n_estimators=10000, dataset='CHEMBL4835', max_depth=7, learning_rate=0.01, criterion='friedman_mse', subsample=0.7, max_features='sqrt', min_samples_split=3, loss='ls', n_iter_no_change=None, random_seed=0)
fold= 1
>>>>>>>>>>>>>training.............
###############################################GBDT#####################################################
GBDT_BET的BA值：-12.124631790235224
GBDT_BET:RMSD: 1.044987, P: 0.798216, R^2: 0.620153
GBDT_AE的BA值 ：-11.66677406916016
GBDT_AE :RMSD: 1.081266, P: 0.797543, R^2: 0.593321
GBDT_ECFP的BA值 ：-13.161722244068804
GBDT_ECFP :RMSD: 0.945829, P: 0.832299, R^2: 0.688820
GBDT_AE_BET的BA值    ：-11.895702929697691
GBDT_AE_BET    :RMSD: 1.049610, P: 0.804093, R^2: 0.616785
GBDT_AE_ECFP的BA值    ：-12.414248156614482
GBDT_AE_ECFP    :RMSD: 0.957359, P: 0.830829, R^2: 0.681186
GBDT_BET_ECFP的BA值    ：-12.643177017152013
GBDT_BET_ECFP    :RMSD: 0.960020, P: 0.825662, R^2: 0.679412
GBDT_AE_BET_ECFP的BA值    ：-12.317709367821395
GBDT_AE_BET_ECFP    :RMSD: 0.977736, P: 0.824187, R^2: 0.667471
fold= 2
>>>>>>>>>>>>>training.............
###############################################GBDT#####################################################
GBDT_BET的BA值：-10.9561815414243
GBDT_BET:RMSD: 0.759251, P: 0.853022, R^2: 0.692358
GBDT_AE的BA值 ：-10.832896325263697
GBDT_AE :RMSD: 0.869155, P: 0.838814, R^2: 0.596848
GBDT_ECFP的BA值 ：-11.727091942055914
GBDT_ECFP :RMSD: 0.741551, P: 0.882872, R^2: 0.706535
GBDT_AE_BET的BA值    ：-10.894538933343998
GBDT_AE_BET    :RMSD: 0.789587, P: 0.857383, R^2: 0.667283
GBDT_AE_ECFP的BA值    ：-11.185902638218721
GBDT_AE_ECFP    :RMSD: 0.758125, P: 0.881597, R^2: 0.693270
GBDT_BET_ECFP的BA值    ：-11.247545246299023
GBDT_BET_ECFP    :RMSD: 0.704774, P: 0.883825, R^2: 0.734922
GBDT_AE_BET_ECFP的BA值    ：-11.109328939287247
GBDT_AE_BET_ECFP    :RMSD: 0.737702, P: 0.880182, R^2: 0.709573
fold= 3
>>>>>>>>>>>>>training.............
###############################################GBDT#####################################################
GBDT_BET的BA值：-10.392180883436794
GBDT_BET:RMSD: 0.737031, P: 0.839149, R^2: 0.682404
GBDT_AE的BA值 ：-10.136207582167708
GBDT_AE :RMSD: 0.916185, P: 0.719982, R^2: 0.509240
GBDT_ECFP的BA值 ：-10.452301463709816
GBDT_ECFP :RMSD: 0.705093, P: 0.847189, R^2: 0.709333
GBDT_AE_BET的BA值    ：-10.26419423280225
GBDT_AE_BET    :RMSD: 0.802373, P: 0.804704, R^2: 0.623595
GBDT_AE_ECFP的BA值    ：-10.265531847898508
GBDT_AE_ECFP    :RMSD: 0.772759, P: 0.818103, R^2: 0.650867
GBDT_BET_ECFP的BA值    ：-10.31742752713999
GBDT_BET_ECFP    :RMSD: 0.698555, P: 0.855984, R^2: 0.714698
GBDT_AE_BET_ECFP的BA值    ：-10.23787242878906
GBDT_AE_BET_ECFP    :RMSD: 0.748034, P: 0.834296, R^2: 0.672851
fold= 4
>>>>>>>>>>>>>training.............
###############################################GBDT#####################################################
GBDT_BET的BA值：-11.199000820872145
GBDT_BET:RMSD: 0.935133, P: 0.858373, R^2: 0.685058
GBDT_AE的BA值 ：-10.813556452221215
GBDT_AE :RMSD: 1.032970, P: 0.861691, R^2: 0.615710
GBDT_ECFP的BA值 ：-11.65352840658772
GBDT_ECFP :RMSD: 0.887285, P: 0.854185, R^2: 0.716463
GBDT_AE_BET的BA值    ：-11.00627863654668
GBDT_AE_BET    :RMSD: 0.967918, P: 0.870267, R^2: 0.662588
GBDT_AE_ECFP的BA值    ：-11.233542429404467
GBDT_AE_ECFP    :RMSD: 0.911469, P: 0.880031, R^2: 0.700796
GBDT_BET_ECFP的BA值    ：-11.426264613729932
GBDT_BET_ECFP    :RMSD: 0.881078, P: 0.871240, R^2: 0.720416
GBDT_AE_BET_ECFP的BA值    ：-11.222028559893694
GBDT_AE_BET_ECFP    :RMSD: 0.909638, P: 0.879650, R^2: 0.701996
fold= 5
>>>>>>>>>>>>>training.............
###############################################GBDT#####################################################
GBDT_BET的BA值：-11.323036837241107
GBDT_BET:RMSD: 1.012456, P: 0.861037, R^2: 0.686018
GBDT_AE的BA值 ：-10.860866954313378
GBDT_AE :RMSD: 1.112095, P: 0.838809, R^2: 0.621176
GBDT_ECFP的BA值 ：-11.664692293425762
GBDT_ECFP :RMSD: 1.003120, P: 0.838688, R^2: 0.691781
GBDT_AE_BET的BA值    ：-11.091951895777242
GBDT_AE_BET    :RMSD: 1.052610, P: 0.857379, R^2: 0.660619
GBDT_AE_ECFP的BA值    ：-10.970173540406801
GBDT_AE_ECFP    :RMSD: 1.022376, P: 0.854294, R^2: 0.679835
GBDT_BET_ECFP的BA值    ：-11.201258481870667
GBDT_BET_ECFP    :RMSD: 0.982475, P: 0.860188, R^2: 0.704337
GBDT_AE_BET_ECFP的BA值    ：-11.087794639351571
GBDT_AE_BET_ECFP    :RMSD: 1.011375, P: 0.861420, R^2: 0.686688
fold= 6
>>>>>>>>>>>>>training.............
###############################################GBDT#####################################################
GBDT_BET的BA值：-10.616317433329845
GBDT_BET:RMSD: 1.305783, P: 0.688114, R^2: 0.423424
GBDT_AE的BA值 ：-10.596359220968878
GBDT_AE :RMSD: 1.243464, P: 0.733712, R^2: 0.477145
GBDT_ECFP的BA值 ：-10.975165533005677
GBDT_ECFP :RMSD: 0.965871, P: 0.839895, R^2: 0.684534
GBDT_AE_BET的BA值    ：-10.606338327149363
GBDT_AE_BET    :RMSD: 1.263958, P: 0.721970, R^2: 0.459769
GBDT_AE_ECFP的BA值    ：-10.785762376987279
GBDT_AE_ECFP    :RMSD: 1.060010, P: 0.825222, R^2: 0.620043
GBDT_BET_ECFP的BA值    ：-10.795741483167761
GBDT_BET_ECFP    :RMSD: 1.091786, P: 0.813603, R^2: 0.596922
GBDT_AE_BET_ECFP的BA值    ：-10.729280729101466
GBDT_AE_BET_ECFP    :RMSD: 1.128846, P: 0.800347, R^2: 0.569092
fold= 7
>>>>>>>>>>>>>training.............
###############################################GBDT#####################################################
GBDT_BET的BA值：-12.140722187936667
GBDT_BET:RMSD: 0.793485, P: 0.891404, R^2: 0.741631
GBDT_AE的BA值 ：-12.320526145194428
GBDT_AE :RMSD: 0.854607, P: 0.852836, R^2: 0.700294
GBDT_ECFP的BA值 ：-12.838383754788001
GBDT_ECFP :RMSD: 0.762302, P: 0.880545, R^2: 0.761539
GBDT_AE_BET的BA值    ：-12.230624166565548
GBDT_AE_BET    :RMSD: 0.806659, P: 0.879479, R^2: 0.732981
GBDT_AE_ECFP的BA值    ：-12.579454949991215
GBDT_AE_ECFP    :RMSD: 0.770538, P: 0.886822, R^2: 0.756359
GBDT_BET_ECFP的BA值    ：-12.489552971362334
GBDT_BET_ECFP    :RMSD: 0.748628, P: 0.895165, R^2: 0.770018
GBDT_AE_BET_ECFP的BA值    ：-12.433210695973031
GBDT_AE_BET_ECFP    :RMSD: 0.765826, P: 0.891725, R^2: 0.759329
fold= 8
>>>>>>>>>>>>>training.............
###############################################GBDT#####################################################
GBDT_BET的BA值：-10.902043701159634
GBDT_BET:RMSD: 0.733786, P: 0.885127, R^2: 0.746315
GBDT_AE的BA值 ：-10.928948126481082
GBDT_AE :RMSD: 0.883124, P: 0.841627, R^2: 0.632548
GBDT_ECFP的BA值 ：-11.442224252442418
GBDT_ECFP :RMSD: 0.715600, P: 0.881100, R^2: 0.758733
GBDT_AE_BET的BA值    ：-10.915495913820358
GBDT_AE_BET    :RMSD: 0.769346, P: 0.877955, R^2: 0.721131
GBDT_AE_ECFP的BA值    ：-11.119453278335435
GBDT_AE_ECFP    :RMSD: 0.747267, P: 0.887067, R^2: 0.736908
GBDT_BET_ECFP的BA值    ：-11.121993030580954
GBDT_BET_ECFP    :RMSD: 0.681826, P: 0.895955, R^2: 0.780970
GBDT_AE_BET_ECFP的BA值    ：-11.046983419276835
GBDT_AE_BET_ECFP    :RMSD: 0.717272, P: 0.893509, R^2: 0.757604
fold= 9
>>>>>>>>>>>>>training.............
###############################################GBDT#####################################################
GBDT_BET的BA值：-11.40584541411706
GBDT_BET:RMSD: 0.947981, P: 0.809126, R^2: 0.644619
GBDT_AE的BA值 ：-11.12857202597762
GBDT_AE :RMSD: 0.947368, P: 0.827060, R^2: 0.645079
GBDT_ECFP的BA值 ：-11.802082763333292
GBDT_ECFP :RMSD: 0.911365, P: 0.820306, R^2: 0.671543
GBDT_AE_BET的BA值    ：-11.26720872004734
GBDT_AE_BET    :RMSD: 0.930136, P: 0.826331, R^2: 0.657873
GBDT_AE_ECFP的BA值    ：-11.441444163641185
GBDT_AE_ECFP    :RMSD: 0.878231, P: 0.847766, R^2: 0.694991
GBDT_BET_ECFP的BA值    ：-11.580080857710904
GBDT_BET_ECFP    :RMSD: 0.899483, P: 0.830196, R^2: 0.680051
GBDT_AE_BET_ECFP的BA值    ：-11.42957791379981
GBDT_AE_BET_ECFP    :RMSD: 0.891646, P: 0.840544, R^2: 0.685602
fold= 10
>>>>>>>>>>>>>training.............
###############################################GBDT#####################################################
GBDT_BET的BA值：-10.920691641428625
GBDT_BET:RMSD: 0.890005, P: 0.835413, R^2: 0.684975
GBDT_AE的BA值 ：-10.720486825316929
GBDT_AE :RMSD: 1.056006, P: 0.754187, R^2: 0.556501
GBDT_ECFP的BA值 ：-11.646115982487853
GBDT_ECFP :RMSD: 0.919533, P: 0.818251, R^2: 0.663725
GBDT_AE_BET的BA值    ：-10.815480633735152
GBDT_AE_BET    :RMSD: 0.954845, P: 0.805092, R^2: 0.637402
GBDT_AE_ECFP的BA值    ：-11.178192804264764
GBDT_AE_ECFP    :RMSD: 0.939146, P: 0.806915, R^2: 0.649227
GBDT_BET_ECFP的BA值    ：-11.28340381195824
GBDT_BET_ECFP    :RMSD: 0.873639, P: 0.835585, R^2: 0.696454
GBDT_AE_BET_ECFP的BA值    ：-11.092359083319385
GBDT_AE_BET_ECFP    :RMSD: 0.911353, P: 0.820748, R^2: 0.669681
@@@@@@@@@@@@@@@@@@@@@@@@@@@@@@@@@@@@@@@@@@@最终结果@@@@@@@@@@@@@@@@@@@@@@@@@@@@@@@@@@@@@@@@@@@@@@@@@@
@@@@@@@@@@@@@@@@@@@@@@@@@@@@@@@@@@@@@@@@@@@最终结果@@@@@@@@@@@@@@@@@@@@@@@@@@@@@@@@@@@@@@@@@@@@@@@@@@
%%%%%%%%%%%%%%%%%%%%%%%%%%%%%%%%%%%%%%%%%%%GBDT%%%%%%%%%%%%%%%%%%%%%%%%%%%%%%%%%%%%%%%%%%%%%%%%%%%%%%
GBDT_BET:0-th Final RMSD: 0.930986, Final P: 0.824556, Final R^2: 0.657588
GBDT_AE :0-th Final RMSD: 1.006546, Final P: 0.792757, Final R^2: 0.599752
GBDT_ECFP :0-th Final RMSD: 0.862069, Final P: 0.842048, Final R^2: 0.706406
GBDT_AE_BET    :0-th Final RMSD: 0.949952, Final P: 0.821068, Final R^2: 0.643495
GBDT_AE_ECFP    :0-th Final RMSD: 0.888142, Final P: 0.842392, Final R^2: 0.688379
GBDT_BET_ECFP    :0-th Final RMSD: 0.862036, Final P: 0.848836, Final R^2: 0.706429
GBDT_AE_BET_ECFP    :0-th Final RMSD: 0.889082, Final P: 0.843912, Final R^2: 0.687719
0-th GBDT_AE的BA值 ：-12.320526
0-th GBDT_BET的BA值：-12.140722
0-th GBDT_ECFP的BA值 ：-13.161722
0-th GBDT_AE_BET的BA值：-12.230624
0-th GBDT_AE_ECFP的BA值    ：-12.579455
0-th GBDT_BET_ECFP的BA值    ：-12.643177
0-th GBDT_AE_BET_ECFP的BA值    ：-12.433211
total time: 0.23620674047205184 h
