size of data: (221,)
size of train size: 176
GBDT parameter
Namespace(n_estimators=10000, dataset='CHEMBL1741200', max_depth=7, learning_rate=0.01, criterion='friedman_mse', subsample=0.7, max_features='sqrt', min_samples_split=3, loss='ls', n_iter_no_change=None, random_seed=0)
fold= 1
>>>>>>>>>>>>>training.............
###############################################GBDT#####################################################
GBDT_BET的BA值：-7.4300050806975335
GBDT_BET:RMSD: 0.535609, P: 0.310353, R^2: -0.053690
GBDT_AE的BA值 ：-7.5761888787607505
GBDT_AE :RMSD: 0.524207, P: 0.443607, R^2: -0.009307
GBDT_ECFP的BA值 ：-7.985379567121359
GBDT_ECFP :RMSD: 0.529423, P: 0.390638, R^2: -0.029491
GBDT_AE_BET的BA值    ：-7.474007658556205
GBDT_AE_BET    :RMSD: 0.526989, P: 0.398749, R^2: -0.020050
GBDT_AE_ECFP的BA值    ：-7.7050009954813525
GBDT_AE_ECFP    :RMSD: 0.516092, P: 0.454553, R^2: 0.021701
GBDT_BET_ECFP的BA值    ：-7.699486329991091
GBDT_BET_ECFP    :RMSD: 0.522759, P: 0.392328, R^2: -0.003738
GBDT_AE_BET_ECFP的BA值    ：-7.607865027941176
GBDT_AE_BET_ECFP    :RMSD: 0.519340, P: 0.430813, R^2: 0.009349
fold= 2
>>>>>>>>>>>>>training.............
###############################################GBDT#####################################################
GBDT_BET的BA值：-7.876264204635619
GBDT_BET:RMSD: 0.370080, P: 0.498014, R^2: 0.208147
GBDT_AE的BA值 ：-7.726151487033651
GBDT_AE :RMSD: 0.384388, P: 0.439686, R^2: 0.145737
GBDT_ECFP的BA值 ：-7.9171384316942275
GBDT_ECFP :RMSD: 0.319393, P: 0.666214, R^2: 0.410203
GBDT_AE_BET的BA值    ：-7.801207845834635
GBDT_AE_BET    :RMSD: 0.373334, P: 0.480703, R^2: 0.194159
GBDT_AE_ECFP的BA值    ：-7.821644959363939
GBDT_AE_ECFP    :RMSD: 0.337552, P: 0.607601, R^2: 0.341228
GBDT_BET_ECFP的BA值    ：-7.896701318164923
GBDT_BET_ECFP    :RMSD: 0.333701, P: 0.621804, R^2: 0.356176
GBDT_AE_BET_ECFP的BA值    ：-7.8398513744545
GBDT_AE_BET_ECFP    :RMSD: 0.345122, P: 0.582663, R^2: 0.311351
fold= 3
>>>>>>>>>>>>>training.............
###############################################GBDT#####################################################
GBDT_BET的BA值：-7.447419927391414
GBDT_BET:RMSD: 0.477838, P: 0.152861, R^2: 0.002378
GBDT_AE的BA值 ：-7.483580118993571
GBDT_AE :RMSD: 0.457629, P: 0.294577, R^2: 0.084978
GBDT_ECFP的BA值 ：-7.581208591347883
GBDT_ECFP :RMSD: 0.511981, P: 0.109057, R^2: -0.145280
GBDT_AE_BET的BA值    ：-7.465500023192493
GBDT_AE_BET    :RMSD: 0.465733, P: 0.234818, R^2: 0.052281
GBDT_AE_ECFP的BA值    ：-7.532394355170727
GBDT_AE_ECFP    :RMSD: 0.477318, P: 0.189715, R^2: 0.004550
GBDT_BET_ECFP的BA值    ：-7.514314259369648
GBDT_BET_ECFP    :RMSD: 0.486349, P: 0.137268, R^2: -0.033475
GBDT_AE_BET_ECFP的BA值    ：-7.504069545910956
GBDT_AE_BET_ECFP    :RMSD: 0.474368, P: 0.189122, R^2: 0.016816
fold= 4
>>>>>>>>>>>>>training.............
###############################################GBDT#####################################################
GBDT_BET的BA值：-7.470095164078578
GBDT_BET:RMSD: 0.437062, P: 0.414928, R^2: 0.102246
GBDT_AE的BA值 ：-7.554237035594247
GBDT_AE :RMSD: 0.422525, P: 0.486225, R^2: 0.160973
GBDT_ECFP的BA值 ：-7.696640370789413
GBDT_ECFP :RMSD: 0.471909, P: 0.252907, R^2: -0.046617
GBDT_AE_BET的BA值    ：-7.469912158146123
GBDT_AE_BET    :RMSD: 0.427054, P: 0.477501, R^2: 0.142888
GBDT_AE_ECFP的BA值    ：-7.62543870319183
GBDT_AE_ECFP    :RMSD: 0.433299, P: 0.390156, R^2: 0.117640
GBDT_BET_ECFP的BA值    ：-7.541113825743706
GBDT_BET_ECFP    :RMSD: 0.441871, P: 0.353163, R^2: 0.082380
GBDT_AE_BET_ECFP的BA值    ：-7.54548822902722
GBDT_AE_BET_ECFP    :RMSD: 0.430664, P: 0.423436, R^2: 0.128337
fold= 5
>>>>>>>>>>>>>training.............
###############################################GBDT#####################################################
GBDT_BET的BA值：-7.5718153844594065
GBDT_BET:RMSD: 0.419815, P: 0.377407, R^2: 0.037502
GBDT_AE的BA值 ：-7.677449079012426
GBDT_AE :RMSD: 0.415444, P: 0.394990, R^2: 0.057439
GBDT_ECFP的BA值 ：-7.569543479921325
GBDT_ECFP :RMSD: 0.403772, P: 0.369858, R^2: 0.109655
GBDT_AE_BET的BA值    ：-7.624632231735916
GBDT_AE_BET    :RMSD: 0.414312, P: 0.398842, R^2: 0.062568
GBDT_AE_ECFP的BA值    ：-7.527756389726088
GBDT_AE_ECFP    :RMSD: 0.396075, P: 0.425422, R^2: 0.143280
GBDT_BET_ECFP的BA值    ：-7.497654982160263
GBDT_BET_ECFP    :RMSD: 0.398685, P: 0.418596, R^2: 0.131950
GBDT_AE_BET_ECFP的BA值    ：-7.490196049841388
GBDT_AE_BET_ECFP    :RMSD: 0.399729, P: 0.428369, R^2: 0.127399
fold= 6
>>>>>>>>>>>>>training.............
###############################################GBDT#####################################################
GBDT_BET的BA值：-7.35479912882363
GBDT_BET:RMSD: 0.491710, P: 0.110694, R^2: -0.183483
GBDT_AE的BA值 ：-7.477515229706833
GBDT_AE :RMSD: 0.452238, P: 0.350397, R^2: -0.001101
GBDT_ECFP的BA值 ：-7.815886382997669
GBDT_ECFP :RMSD: 0.507885, P: 0.127582, R^2: -0.262627
GBDT_AE_BET的BA值    ：-7.416157179265231
GBDT_AE_BET    :RMSD: 0.470593, P: 0.236566, R^2: -0.084014
GBDT_AE_ECFP的BA值    ：-7.553679974440518
GBDT_AE_ECFP    :RMSD: 0.470482, P: 0.232476, R^2: -0.083504
GBDT_BET_ECFP的BA值    ：-7.584863598859216
GBDT_BET_ECFP    :RMSD: 0.490199, P: 0.132262, R^2: -0.176219
GBDT_AE_BET_ECFP的BA值    ：-7.4870669212006
GBDT_AE_BET_ECFP    :RMSD: 0.474714, P: 0.204298, R^2: -0.103082
fold= 7
>>>>>>>>>>>>>training.............
###############################################GBDT#####################################################
GBDT_BET的BA值：-7.6297479676166065
GBDT_BET:RMSD: 0.523191, P: 0.420279, R^2: 0.118181
GBDT_AE的BA值 ：-7.55122111274726
GBDT_AE :RMSD: 0.513902, P: 0.494603, R^2: 0.149212
GBDT_ECFP的BA值 ：-7.939194585434512
GBDT_ECFP :RMSD: 0.527797, P: 0.465642, R^2: 0.102586
GBDT_AE_BET的BA值    ：-7.546626510118563
GBDT_AE_BET    :RMSD: 0.514434, P: 0.480695, R^2: 0.147451
GBDT_AE_ECFP的BA值    ：-7.616981125035378
GBDT_AE_ECFP    :RMSD: 0.508650, P: 0.522214, R^2: 0.166516
GBDT_BET_ECFP的BA值    ：-7.6901452223225935
GBDT_BET_ECFP    :RMSD: 0.517977, P: 0.467065, R^2: 0.135668
GBDT_AE_BET_ECFP的BA值    ：-7.60373527123289
GBDT_AE_BET_ECFP    :RMSD: 0.511020, P: 0.501532, R^2: 0.158729
fold= 8
>>>>>>>>>>>>>training.............
###############################################GBDT#####################################################
GBDT_BET的BA值：-7.70503313147885
GBDT_BET:RMSD: 0.516074, P: 0.414912, R^2: 0.139241
GBDT_AE的BA值 ：-7.797895791599799
GBDT_AE :RMSD: 0.521303, P: 0.393707, R^2: 0.121709
GBDT_ECFP的BA值 ：-7.943080029716869
GBDT_ECFP :RMSD: 0.467571, P: 0.561180, R^2: 0.293434
GBDT_AE_BET的BA值    ：-7.7514644615393244
GBDT_AE_BET    :RMSD: 0.516612, P: 0.413074, R^2: 0.137445
GBDT_AE_ECFP的BA值    ：-7.744938082401767
GBDT_AE_ECFP    :RMSD: 0.484587, P: 0.516938, R^2: 0.241071
GBDT_BET_ECFP的BA值    ：-7.800382677788258
GBDT_BET_ECFP    :RMSD: 0.483271, P: 0.520660, R^2: 0.245188
GBDT_AE_BET_ECFP的BA值    ：-7.71585383022106
GBDT_AE_BET_ECFP    :RMSD: 0.492650, P: 0.494930, R^2: 0.215604
fold= 9
>>>>>>>>>>>>>training.............
###############################################GBDT#####################################################
GBDT_BET的BA值：-7.801029695739956
GBDT_BET:RMSD: 0.516778, P: 0.427490, R^2: 0.172421
GBDT_AE的BA值 ：-7.789762290764554
GBDT_AE :RMSD: 0.507298, P: 0.482432, R^2: 0.202504
GBDT_ECFP的BA值 ：-7.766130720556655
GBDT_ECFP :RMSD: 0.597952, P: 0.124803, R^2: -0.107986
GBDT_AE_BET的BA值    ：-7.795395993252255
GBDT_AE_BET    :RMSD: 0.510490, P: 0.465648, R^2: 0.192437
GBDT_AE_ECFP的BA值    ：-7.777946505660605
GBDT_AE_ECFP    :RMSD: 0.546289, P: 0.285625, R^2: 0.075202
GBDT_BET_ECFP的BA值    ：-7.783580208148305
GBDT_BET_ECFP    :RMSD: 0.548346, P: 0.275237, R^2: 0.068226
GBDT_AE_BET_ECFP的BA值    ：-7.785640902353722
GBDT_AE_BET_ECFP    :RMSD: 0.533010, P: 0.346058, R^2: 0.119613
fold= 10
>>>>>>>>>>>>>training.............
###############################################GBDT#####################################################
GBDT_BET的BA值：-7.591539673625204
GBDT_BET:RMSD: 0.441777, P: 0.340925, R^2: -0.138033
GBDT_AE的BA值 ：-7.6050773564273815
GBDT_AE :RMSD: 0.436290, P: 0.312974, R^2: -0.109936
GBDT_ECFP的BA值 ：-7.655183883057953
GBDT_ECFP :RMSD: 0.475312, P: 0.100174, R^2: -0.317366
GBDT_AE_BET的BA值    ：-7.598308515026293
GBDT_AE_BET    :RMSD: 0.437084, P: 0.336500, R^2: -0.113982
GBDT_AE_ECFP的BA值    ：-7.609410623101256
GBDT_AE_ECFP    :RMSD: 0.451015, P: 0.203111, R^2: -0.186123
GBDT_BET_ECFP的BA值    ：-7.602641781700168
GBDT_BET_ECFP    :RMSD: 0.451119, P: 0.221173, R^2: -0.186671
GBDT_AE_BET_ECFP的BA值    ：-7.603453639942572
GBDT_AE_BET_ECFP    :RMSD: 0.444775, P: 0.256080, R^2: -0.153530
@@@@@@@@@@@@@@@@@@@@@@@@@@@@@@@@@@@@@@@@@@@最终结果@@@@@@@@@@@@@@@@@@@@@@@@@@@@@@@@@@@@@@@@@@@@@@@@@@
@@@@@@@@@@@@@@@@@@@@@@@@@@@@@@@@@@@@@@@@@@@最终结果@@@@@@@@@@@@@@@@@@@@@@@@@@@@@@@@@@@@@@@@@@@@@@@@@@
%%%%%%%%%%%%%%%%%%%%%%%%%%%%%%%%%%%%%%%%%%%GBDT%%%%%%%%%%%%%%%%%%%%%%%%%%%%%%%%%%%%%%%%%%%%%%%%%%%%%%
GBDT_BET:0-th Final RMSD: 0.476050, Final P: 0.327942, Final R^2: 0.105829
GBDT_AE :0-th Final RMSD: 0.466237, Final P: 0.377265, Final R^2: 0.142312
GBDT_ECFP :0-th Final RMSD: 0.486901, Final P: 0.328876, Final R^2: 0.064602
GBDT_AE_BET    :0-th Final RMSD: 0.468541, Final P: 0.365913, Final R^2: 0.133814
GBDT_AE_ECFP    :0-th Final RMSD: 0.466018, Final P: 0.380208, Final R^2: 0.143117
GBDT_BET_ECFP    :0-th Final RMSD: 0.471595, Final P: 0.355621, Final R^2: 0.122487
GBDT_AE_BET_ECFP    :0-th Final RMSD: 0.466113, Final P: 0.377966, Final R^2: 0.142770
0-th GBDT_AE的BA值 ：-7.797896
0-th GBDT_BET的BA值：-7.876264
0-th GBDT_ECFP的BA值 ：-7.985380
0-th GBDT_AE_BET的BA值：-7.801208
0-th GBDT_AE_ECFP的BA值    ：-7.821645
0-th GBDT_BET_ECFP的BA值    ：-7.896701
0-th GBDT_AE_BET_ECFP的BA值    ：-7.839851
total time: 0.10815900239679549 h
