size of data: (273,)
size of train size: 218
GBDT parameter
Namespace(n_estimators=10000, dataset='CHEMBL1293293', max_depth=7, learning_rate=0.01, criterion='friedman_mse', subsample=0.7, max_features='sqrt', min_samples_split=3, loss='ls', n_iter_no_change=None, random_seed=0)
fold= 1
>>>>>>>>>>>>>training.............
###############################################GBDT#####################################################
GBDT_BET的BA值：-8.839770562833856
GBDT_BET:RMSD: 0.709050, P: 0.856315, R^2: 0.548850
GBDT_AE的BA值 ：-9.31413681068359
GBDT_AE :RMSD: 0.613978, P: 0.899276, R^2: 0.661723
GBDT_ECFP的BA值 ：-9.266980694044213
GBDT_ECFP :RMSD: 0.656416, P: 0.793797, R^2: 0.613343
GBDT_AE_BET的BA值    ：-9.076953686758722
GBDT_AE_BET    :RMSD: 0.654074, P: 0.894782, R^2: 0.616098
GBDT_AE_ECFP的BA值    ：-9.08019848353699
GBDT_AE_ECFP    :RMSD: 0.602415, P: 0.878883, R^2: 0.674344
GBDT_BET_ECFP的BA值    ：-8.909368144863176
GBDT_BET_ECFP    :RMSD: 0.643819, P: 0.867189, R^2: 0.628041
GBDT_AE_BET_ECFP的BA值    ：-9.000055843302613
GBDT_AE_BET_ECFP    :RMSD: 0.624524, P: 0.894257, R^2: 0.650002
fold= 2
>>>>>>>>>>>>>training.............
###############################################GBDT#####################################################
GBDT_BET的BA值：-8.845320896016908
GBDT_BET:RMSD: 0.745447, P: 0.773857, R^2: 0.425455
GBDT_AE的BA值 ：-9.079534869258168
GBDT_AE :RMSD: 0.691577, P: 0.864233, R^2: 0.505495
GBDT_ECFP的BA值 ：-9.042380769698717
GBDT_ECFP :RMSD: 0.643216, P: 0.800889, R^2: 0.572237
GBDT_AE_BET的BA值    ：-8.962427882637538
GBDT_AE_BET    :RMSD: 0.712768, P: 0.831023, R^2: 0.474726
GBDT_AE_ECFP的BA值    ：-8.96867653657773
GBDT_AE_ECFP    :RMSD: 0.644443, P: 0.856025, R^2: 0.570603
GBDT_BET_ECFP的BA值    ：-8.8515695499571
GBDT_BET_ECFP    :RMSD: 0.676788, P: 0.814791, R^2: 0.526417
GBDT_AE_BET_ECFP的BA值    ：-8.927557989724123
GBDT_AE_BET_ECFP    :RMSD: 0.673123, P: 0.841782, R^2: 0.531533
fold= 3
>>>>>>>>>>>>>training.............
###############################################GBDT#####################################################
GBDT_BET的BA值：-9.45036972894411
GBDT_BET:RMSD: 0.752144, P: 0.737417, R^2: 0.511985
GBDT_AE的BA值 ：-9.161593059430889
GBDT_AE :RMSD: 0.839432, P: 0.672443, R^2: 0.392142
GBDT_ECFP的BA值 ：-9.991944493559991
GBDT_ECFP :RMSD: 0.728105, P: 0.741367, R^2: 0.542682
GBDT_AE_BET的BA值    ：-9.27947934363583
GBDT_AE_BET    :RMSD: 0.784798, P: 0.724657, R^2: 0.468692
GBDT_AE_ECFP的BA值    ：-9.55026672594377
GBDT_AE_ECFP    :RMSD: 0.747060, P: 0.736542, R^2: 0.518560
GBDT_BET_ECFP的BA值    ：-9.721157111252051
GBDT_BET_ECFP    :RMSD: 0.721843, P: 0.749536, R^2: 0.550513
GBDT_AE_BET_ECFP的BA值    ：-9.516967726943884
GBDT_AE_BET_ECFP    :RMSD: 0.743846, P: 0.743176, R^2: 0.522695
fold= 4
>>>>>>>>>>>>>training.............
###############################################GBDT#####################################################
GBDT_BET的BA值：-9.426898094237131
GBDT_BET:RMSD: 0.614229, P: 0.779322, R^2: 0.417506
GBDT_AE的BA值 ：-9.762317509682674
GBDT_AE :RMSD: 0.575546, P: 0.791244, R^2: 0.488564
GBDT_ECFP的BA值 ：-10.00934114599711
GBDT_ECFP :RMSD: 0.541180, P: 0.809113, R^2: 0.547817
GBDT_AE_BET的BA值    ：-9.594607801959903
GBDT_AE_BET    :RMSD: 0.584106, P: 0.798107, R^2: 0.473238
GBDT_AE_ECFP的BA值    ：-9.885829327839893
GBDT_AE_ECFP    :RMSD: 0.523439, P: 0.829208, R^2: 0.576978
GBDT_BET_ECFP的BA值    ：-9.718119620117122
GBDT_BET_ECFP    :RMSD: 0.549474, P: 0.815795, R^2: 0.533850
GBDT_AE_BET_ECFP的BA值    ：-9.732852249972305
GBDT_AE_BET_ECFP    :RMSD: 0.544360, P: 0.822692, R^2: 0.542486
fold= 5
>>>>>>>>>>>>>training.............
###############################################GBDT#####################################################
GBDT_BET的BA值：-9.123838865720241
GBDT_BET:RMSD: 0.757658, P: 0.728996, R^2: 0.447062
GBDT_AE的BA值 ：-9.264225703609583
GBDT_AE :RMSD: 0.762865, P: 0.797258, R^2: 0.439436
GBDT_ECFP的BA值 ：-10.120611416421808
GBDT_ECFP :RMSD: 0.692025, P: 0.744911, R^2: 0.538711
GBDT_AE_BET的BA值    ：-9.194032284664912
GBDT_AE_BET    :RMSD: 0.750221, P: 0.781219, R^2: 0.457863
GBDT_AE_ECFP的BA值    ：-9.692418560015696
GBDT_AE_ECFP    :RMSD: 0.667425, P: 0.798606, R^2: 0.570923
GBDT_BET_ECFP的BA值    ：-9.622225141071024
GBDT_BET_ECFP    :RMSD: 0.682922, P: 0.762834, R^2: 0.550767
GBDT_AE_BET_ECFP的BA值    ：-9.502891995250543
GBDT_AE_BET_ECFP    :RMSD: 0.688297, P: 0.790587, R^2: 0.543667
fold= 6
>>>>>>>>>>>>>training.............
###############################################GBDT#####################################################
GBDT_BET的BA值：-8.95047635556459
GBDT_BET:RMSD: 0.782250, P: 0.686888, R^2: 0.438150
GBDT_AE的BA值 ：-8.88513707881243
GBDT_AE :RMSD: 0.716452, P: 0.774432, R^2: 0.528693
GBDT_ECFP的BA值 ：-9.800843645720876
GBDT_ECFP :RMSD: 0.741258, P: 0.711498, R^2: 0.495492
GBDT_AE_BET的BA值    ：-8.91780671718851
GBDT_AE_BET    :RMSD: 0.744274, P: 0.741636, R^2: 0.491378
GBDT_AE_ECFP的BA值    ：-9.337052186448329
GBDT_AE_ECFP    :RMSD: 0.703051, P: 0.753257, R^2: 0.546159
GBDT_BET_ECFP的BA值    ：-9.12263534075236
GBDT_BET_ECFP    :RMSD: 0.736253, P: 0.717899, R^2: 0.502281
GBDT_AE_BET_ECFP的BA值    ：-9.043469253439051
GBDT_AE_BET_ECFP    :RMSD: 0.721610, P: 0.742812, R^2: 0.521882
fold= 7
>>>>>>>>>>>>>training.............
###############################################GBDT#####################################################
GBDT_BET的BA值：-8.745880906265405
GBDT_BET:RMSD: 0.450415, P: 0.767600, R^2: 0.575977
GBDT_AE的BA值 ：-8.806167240641948
GBDT_AE :RMSD: 0.459952, P: 0.759574, R^2: 0.557831
GBDT_ECFP的BA值 ：-8.8795157513526
GBDT_ECFP :RMSD: 0.374504, P: 0.861168, R^2: 0.706859
GBDT_AE_BET的BA值    ：-8.756979045881616
GBDT_AE_BET    :RMSD: 0.441964, P: 0.785702, R^2: 0.591739
GBDT_AE_ECFP的BA值    ：-8.842841495997273
GBDT_AE_ECFP    :RMSD: 0.402461, P: 0.836230, R^2: 0.661460
GBDT_BET_ECFP的BA值    ：-8.801534498413952
GBDT_BET_ECFP    :RMSD: 0.396735, P: 0.839190, R^2: 0.671024
GBDT_AE_BET_ECFP的BA值    ：-8.790382060775244
GBDT_AE_BET_ECFP    :RMSD: 0.408811, P: 0.828968, R^2: 0.650691
fold= 8
>>>>>>>>>>>>>training.............
###############################################GBDT#####################################################
GBDT_BET的BA值：-9.967841514581114
GBDT_BET:RMSD: 0.765571, P: 0.761417, R^2: 0.485811
GBDT_AE的BA值 ：-10.381962098033537
GBDT_AE :RMSD: 0.793517, P: 0.688369, R^2: 0.447587
GBDT_ECFP的BA值 ：-10.679843590868778
GBDT_ECFP :RMSD: 0.671907, P: 0.778377, R^2: 0.603933
GBDT_AE_BET的BA值    ：-10.174901806307325
GBDT_AE_BET    :RMSD: 0.770680, P: 0.735412, R^2: 0.478925
GBDT_AE_ECFP的BA值    ：-10.530902844451157
GBDT_AE_ECFP    :RMSD: 0.704667, P: 0.756921, R^2: 0.564369
GBDT_BET_ECFP的BA值    ：-10.323842552724946
GBDT_BET_ECFP    :RMSD: 0.682705, P: 0.783530, R^2: 0.591099
GBDT_AE_BET_ECFP的BA值    ：-10.343215734494477
GBDT_AE_BET_ECFP    :RMSD: 0.711738, P: 0.764915, R^2: 0.555582
fold= 9
>>>>>>>>>>>>>training.............
###############################################GBDT#####################################################
GBDT_BET的BA值：-9.89293410814384
GBDT_BET:RMSD: 0.682369, P: 0.788178, R^2: 0.591616
GBDT_AE的BA值 ：-9.432379227357263
GBDT_AE :RMSD: 0.718482, P: 0.779399, R^2: 0.547246
GBDT_ECFP的BA值 ：-10.694629335404805
GBDT_ECFP :RMSD: 0.598702, P: 0.843191, R^2: 0.685622
GBDT_AE_BET的BA值    ：-9.662656667750552
GBDT_AE_BET    :RMSD: 0.692714, P: 0.790669, R^2: 0.579140
GBDT_AE_ECFP的BA值    ：-10.063504281381034
GBDT_AE_ECFP    :RMSD: 0.604154, P: 0.839860, R^2: 0.679871
GBDT_BET_ECFP的BA值    ：-10.293781721774323
GBDT_BET_ECFP    :RMSD: 0.596757, P: 0.843509, R^2: 0.687662
GBDT_AE_BET_ECFP的BA值    ：-10.006647556968636
GBDT_AE_BET_ECFP    :RMSD: 0.620358, P: 0.834215, R^2: 0.662467
fold= 10
>>>>>>>>>>>>>training.............
###############################################GBDT#####################################################
GBDT_BET的BA值：-9.267208638329873
GBDT_BET:RMSD: 0.702948, P: 0.763823, R^2: 0.561700
GBDT_AE的BA值 ：-9.077968841903228
GBDT_AE :RMSD: 0.720331, P: 0.764995, R^2: 0.539755
GBDT_ECFP的BA值 ：-10.408923105281582
GBDT_ECFP :RMSD: 0.746300, P: 0.731407, R^2: 0.505971
GBDT_AE_BET的BA值    ：-9.17258874011655
GBDT_AE_BET    :RMSD: 0.703180, P: 0.773385, R^2: 0.561410
GBDT_AE_ECFP的BA值    ：-9.743445973592404
GBDT_AE_ECFP    :RMSD: 0.694961, P: 0.757843, R^2: 0.571603
GBDT_BET_ECFP的BA值    ：-9.838065871805728
GBDT_BET_ECFP    :RMSD: 0.693133, P: 0.757641, R^2: 0.573855
GBDT_AE_BET_ECFP的BA值    ：-9.584700195171562
GBDT_AE_BET_ECFP    :RMSD: 0.688112, P: 0.766799, R^2: 0.580005
@@@@@@@@@@@@@@@@@@@@@@@@@@@@@@@@@@@@@@@@@@@最终结果@@@@@@@@@@@@@@@@@@@@@@@@@@@@@@@@@@@@@@@@@@@@@@@@@@
@@@@@@@@@@@@@@@@@@@@@@@@@@@@@@@@@@@@@@@@@@@最终结果@@@@@@@@@@@@@@@@@@@@@@@@@@@@@@@@@@@@@@@@@@@@@@@@@@
%%%%%%%%%%%%%%%%%%%%%%%%%%%%%%%%%%%%%%%%%%%GBDT%%%%%%%%%%%%%%%%%%%%%%%%%%%%%%%%%%%%%%%%%%%%%%%%%%%%%%
GBDT_BET:0-th Final RMSD: 0.702950, Final P: 0.742614, Final R^2: 0.517217
GBDT_AE :0-th Final RMSD: 0.697598, Final P: 0.753746, Final R^2: 0.524540
GBDT_ECFP :0-th Final RMSD: 0.648635, Final P: 0.769798, Final R^2: 0.588941
GBDT_AE_BET    :0-th Final RMSD: 0.691209, Final P: 0.763517, Final R^2: 0.533209
GBDT_AE_ECFP    :0-th Final RMSD: 0.637253, Final P: 0.791076, Final R^2: 0.603241
GBDT_BET_ECFP    :0-th Final RMSD: 0.645701, Final P: 0.780933, Final R^2: 0.592651
GBDT_AE_BET_ECFP    :0-th Final RMSD: 0.649928, Final P: 0.787869, Final R^2: 0.587301
0-th GBDT_AE的BA值 ：-10.381962
0-th GBDT_BET的BA值：-9.967842
0-th GBDT_ECFP的BA值 ：-10.694629
0-th GBDT_AE_BET的BA值：-10.174902
0-th GBDT_AE_ECFP的BA值    ：-10.530903
0-th GBDT_BET_ECFP的BA值    ：-10.323843
0-th GBDT_AE_BET_ECFP的BA值    ：-10.343216
total time: 0.12709801495075226 h
