size of data: (1353,)
size of train size: 1082
GBDT parameter
Namespace(n_estimators=10000, dataset='CHEMBL4616', max_depth=8, learning_rate=0.01, criterion='friedman_mse', subsample=0.5, max_features='sqrt', min_samples_split=4, loss='ls', n_iter_no_change=None, random_seed=0)
fold= 1
>>>>>>>>>>>>>training.............
###############################################GBDT#####################################################
GBDT_BET的BA值：-12.499698424831466
GBDT_BET:RMSD: 1.068528, P: 0.629798, R^2: 0.395186
GBDT_AE的BA值 ：-12.526187527128556
GBDT_AE :RMSD: 1.058820, P: 0.645991, R^2: 0.406125
GBDT_ECFP的BA值 ：-13.683709488659579
GBDT_ECFP :RMSD: 1.077147, P: 0.647899, R^2: 0.385389
GBDT_AE_BET的BA值    ：-12.51294297598001
GBDT_AE_BET    :RMSD: 1.049541, P: 0.648462, R^2: 0.416489
GBDT_AE_ECFP的BA值    ：-12.92935721316481
GBDT_AE_ECFP    :RMSD: 1.018884, P: 0.677953, R^2: 0.450080
GBDT_BET_ECFP的BA值    ：-12.916112662016264
GBDT_BET_ECFP    :RMSD: 1.022259, P: 0.671525, R^2: 0.446431
GBDT_AE_BET_ECFP的BA值    ：-12.786137617053695
GBDT_AE_BET_ECFP    :RMSD: 1.017382, P: 0.676373, R^2: 0.451700
fold= 2
>>>>>>>>>>>>>training.............
###############################################GBDT#####################################################
GBDT_BET的BA值：-13.2726788596399
GBDT_BET:RMSD: 1.127247, P: 0.751384, R^2: 0.527613
GBDT_AE的BA值 ：-12.523579234851045
GBDT_AE :RMSD: 1.162314, P: 0.762377, R^2: 0.497766
GBDT_ECFP的BA值 ：-13.817665663936994
GBDT_ECFP :RMSD: 1.040854, P: 0.781585, R^2: 0.597247
GBDT_AE_BET的BA值    ：-12.898129047245472
GBDT_AE_BET    :RMSD: 1.124918, P: 0.771458, R^2: 0.529563
GBDT_AE_ECFP的BA值    ：-13.018800536347896
GBDT_AE_ECFP    :RMSD: 1.036127, P: 0.796739, R^2: 0.600897
GBDT_BET_ECFP的BA值    ：-13.393350348742324
GBDT_BET_ECFP    :RMSD: 1.032502, P: 0.789977, R^2: 0.603684
GBDT_AE_BET_ECFP的BA值    ：-13.103426644111897
GBDT_AE_BET_ECFP    :RMSD: 1.049614, P: 0.794468, R^2: 0.590439
fold= 3
>>>>>>>>>>>>>training.............
###############################################GBDT#####################################################
GBDT_BET的BA值：-12.764541351435915
GBDT_BET:RMSD: 1.108702, P: 0.663043, R^2: 0.435766
GBDT_AE的BA值 ：-12.733726456004357
GBDT_AE :RMSD: 1.154452, P: 0.636440, R^2: 0.388240
GBDT_ECFP的BA值 ：-13.337552367956869
GBDT_ECFP :RMSD: 1.109827, P: 0.670637, R^2: 0.434621
GBDT_AE_BET的BA值    ：-12.749133903720136
GBDT_AE_BET    :RMSD: 1.113689, P: 0.663899, R^2: 0.430679
GBDT_AE_ECFP的BA值    ：-13.035639411980613
GBDT_AE_ECFP    :RMSD: 1.096696, P: 0.676529, R^2: 0.447920
GBDT_BET_ECFP的BA值    ：-13.051046859696392
GBDT_BET_ECFP    :RMSD: 1.076579, P: 0.687200, R^2: 0.467989
GBDT_AE_BET_ECFP的BA值    ：-12.945273391799047
GBDT_AE_BET_ECFP    :RMSD: 1.086001, P: 0.682984, R^2: 0.458636
fold= 4
>>>>>>>>>>>>>training.............
###############################################GBDT#####################################################
GBDT_BET的BA值：-12.399172788889599
GBDT_BET:RMSD: 1.047505, P: 0.758867, R^2: 0.549455
GBDT_AE的BA值 ：-12.406423836046818
GBDT_AE :RMSD: 1.049643, P: 0.772997, R^2: 0.547614
GBDT_ECFP的BA值 ：-13.499439170048511
GBDT_ECFP :RMSD: 1.017112, P: 0.760249, R^2: 0.575221
GBDT_AE_BET的BA值    ：-12.30479236070478
GBDT_AE_BET    :RMSD: 1.034442, P: 0.779321, R^2: 0.560622
GBDT_AE_ECFP的BA值    ：-12.418891018769155
GBDT_AE_ECFP    :RMSD: 0.983745, P: 0.800359, R^2: 0.602633
GBDT_BET_ECFP的BA值    ：-12.762972508212808
GBDT_BET_ECFP    :RMSD: 0.986053, P: 0.792291, R^2: 0.600767
GBDT_AE_BET_ECFP的BA值    ：-12.305787983376591
GBDT_AE_BET_ECFP    :RMSD: 0.989218, P: 0.801459, R^2: 0.598200
fold= 5
>>>>>>>>>>>>>training.............
###############################################GBDT#####################################################
GBDT_BET的BA值：-12.740753638071585
GBDT_BET:RMSD: 1.129957, P: 0.696926, R^2: 0.477912
GBDT_AE的BA值 ：-12.66897900841225
GBDT_AE :RMSD: 1.143910, P: 0.708955, R^2: 0.464939
GBDT_ECFP的BA值 ：-13.374231724339275
GBDT_ECFP :RMSD: 1.154868, P: 0.681012, R^2: 0.454639
GBDT_AE_BET的BA值    ：-12.704866323241918
GBDT_AE_BET    :RMSD: 1.119958, P: 0.717903, R^2: 0.487111
GBDT_AE_ECFP的BA值    ：-13.017176862961094
GBDT_AE_ECFP    :RMSD: 1.102410, P: 0.715545, R^2: 0.503058
GBDT_BET_ECFP的BA值    ：-13.053064177790759
GBDT_BET_ECFP    :RMSD: 1.103576, P: 0.709780, R^2: 0.502006
GBDT_AE_BET_ECFP的BA值    ：-12.925035787997922
GBDT_AE_BET_ECFP    :RMSD: 1.097012, P: 0.721906, R^2: 0.507912
fold= 6
>>>>>>>>>>>>>training.............
###############################################GBDT#####################################################
GBDT_BET的BA值：-13.070467184431282
GBDT_BET:RMSD: 1.106601, P: 0.677322, R^2: 0.448527
GBDT_AE的BA值 ：-12.67465049174437
GBDT_AE :RMSD: 1.164712, P: 0.653744, R^2: 0.389088
GBDT_ECFP的BA值 ：-13.986290446982682
GBDT_ECFP :RMSD: 1.067268, P: 0.701950, R^2: 0.487033
GBDT_AE_BET的BA值    ：-12.872558838087826
GBDT_AE_BET    :RMSD: 1.119096, P: 0.681819, R^2: 0.436003
GBDT_AE_ECFP的BA值    ：-13.330470469363526
GBDT_AE_ECFP    :RMSD: 1.061577, P: 0.710114, R^2: 0.492490
GBDT_BET_ECFP的BA值    ：-13.528378815706983
GBDT_BET_ECFP    :RMSD: 1.050222, P: 0.711887, R^2: 0.503289
GBDT_AE_BET_ECFP的BA值    ：-13.243802707719444
GBDT_AE_BET_ECFP    :RMSD: 1.065049, P: 0.710511, R^2: 0.489164
fold= 7
>>>>>>>>>>>>>training.............
###############################################GBDT#####################################################
GBDT_BET的BA值：-12.90959731262858
GBDT_BET:RMSD: 1.034691, P: 0.746175, R^2: 0.535074
GBDT_AE的BA值 ：-13.146604031281912
GBDT_AE :RMSD: 1.063382, P: 0.755456, R^2: 0.508933
GBDT_ECFP的BA值 ：-14.00722990528072
GBDT_ECFP :RMSD: 1.046667, P: 0.746207, R^2: 0.524248
GBDT_AE_BET的BA值    ：-13.028100671955247
GBDT_AE_BET    :RMSD: 1.031462, P: 0.765195, R^2: 0.537971
GBDT_AE_ECFP的BA值    ：-13.576916968281317
GBDT_AE_ECFP    :RMSD: 0.998675, P: 0.774812, R^2: 0.566877
GBDT_BET_ECFP的BA值    ：-13.45841360895465
GBDT_BET_ECFP    :RMSD: 0.991092, P: 0.770754, R^2: 0.573430
GBDT_AE_BET_ECFP的BA值    ：-13.354477083063736
GBDT_AE_BET_ECFP    :RMSD: 0.993156, P: 0.778901, R^2: 0.571651
fold= 8
>>>>>>>>>>>>>training.............
###############################################GBDT#####################################################
GBDT_BET的BA值：-12.69201855232159
GBDT_BET:RMSD: 1.013952, P: 0.689107, R^2: 0.455243
GBDT_AE的BA值 ：-12.711643239370721
GBDT_AE :RMSD: 1.015837, P: 0.691940, R^2: 0.453216
GBDT_ECFP的BA值 ：-12.863397801111645
GBDT_ECFP :RMSD: 1.019358, P: 0.681894, R^2: 0.449419
GBDT_AE_BET的BA值    ：-12.684720525068437
GBDT_AE_BET    :RMSD: 0.998679, P: 0.704260, R^2: 0.471531
GBDT_AE_ECFP的BA值    ：-12.787520520241184
GBDT_AE_ECFP    :RMSD: 0.973503, P: 0.713878, R^2: 0.497840
GBDT_BET_ECFP的BA值    ：-12.7605978059389
GBDT_BET_ECFP    :RMSD: 0.974277, P: 0.712589, R^2: 0.497041
GBDT_AE_BET_ECFP的BA值    ：-12.74427961708284
GBDT_AE_BET_ECFP    :RMSD: 0.970568, P: 0.719254, R^2: 0.500863
fold= 9
>>>>>>>>>>>>>training.............
###############################################GBDT#####################################################
GBDT_BET的BA值：-12.67344379655778
GBDT_BET:RMSD: 1.054204, P: 0.727891, R^2: 0.516901
GBDT_AE的BA值 ：-12.087473902368203
GBDT_AE :RMSD: 1.103113, P: 0.714112, R^2: 0.471035
GBDT_ECFP的BA值 ：-13.50373555520016
GBDT_ECFP :RMSD: 1.086625, P: 0.706742, R^2: 0.486729
GBDT_AE_BET的BA值    ：-12.36036502098828
GBDT_AE_BET    :RMSD: 1.066070, P: 0.732623, R^2: 0.505964
GBDT_AE_ECFP的BA值    ：-12.79560472878418
GBDT_AE_ECFP    :RMSD: 1.043950, P: 0.730383, R^2: 0.526253
GBDT_BET_ECFP的BA值    ：-13.06849584740426
GBDT_BET_ECFP    :RMSD: 1.031571, P: 0.734248, R^2: 0.537422
GBDT_AE_BET_ECFP的BA值    ：-12.741488532392239
GBDT_AE_BET_ECFP    :RMSD: 1.035640, P: 0.739030, R^2: 0.533765
fold= 10
>>>>>>>>>>>>>training.............
###############################################GBDT#####################################################
GBDT_BET的BA值：-12.336790858781702
GBDT_BET:RMSD: 0.919086, P: 0.782005, R^2: 0.593686
GBDT_AE的BA值 ：-12.204757937585454
GBDT_AE :RMSD: 0.972297, P: 0.760800, R^2: 0.545276
GBDT_ECFP的BA值 ：-13.540858152164951
GBDT_ECFP :RMSD: 0.898214, P: 0.788760, R^2: 0.611931
GBDT_AE_BET的BA值    ：-12.270774398183578
GBDT_AE_BET    :RMSD: 0.928472, P: 0.787077, R^2: 0.585345
GBDT_AE_ECFP的BA值    ：-12.533625495427025
GBDT_AE_ECFP    :RMSD: 0.866021, P: 0.805488, R^2: 0.639250
GBDT_BET_ECFP的BA值    ：-12.599641956025149
GBDT_BET_ECFP    :RMSD: 0.850365, P: 0.810106, R^2: 0.652176
GBDT_AE_BET_ECFP的BA值    ：-12.468013949878584
GBDT_AE_BET_ECFP    :RMSD: 0.865629, P: 0.810619, R^2: 0.639577
@@@@@@@@@@@@@@@@@@@@@@@@@@@@@@@@@@@@@@@@@@@最终结果@@@@@@@@@@@@@@@@@@@@@@@@@@@@@@@@@@@@@@@@@@@@@@@@@@
@@@@@@@@@@@@@@@@@@@@@@@@@@@@@@@@@@@@@@@@@@@最终结果@@@@@@@@@@@@@@@@@@@@@@@@@@@@@@@@@@@@@@@@@@@@@@@@@@
%%%%%%%%%%%%%%%%%%%%%%%%%%%%%%%%%%%%%%%%%%%GBDT%%%%%%%%%%%%%%%%%%%%%%%%%%%%%%%%%%%%%%%%%%%%%%%%%%%%%%
GBDT_BET:0-th Final RMSD: 1.062869, Final P: 0.713017, Final R^2: 0.501466
GBDT_AE :0-th Final RMSD: 1.090795, Final P: 0.705683, Final R^2: 0.474925
GBDT_ECFP :0-th Final RMSD: 1.053843, Final P: 0.719547, Final R^2: 0.509898
GBDT_AE_BET    :0-th Final RMSD: 1.060453, Final P: 0.724269, Final R^2: 0.503730
GBDT_AE_ECFP    :0-th Final RMSD: 1.020330, Final P: 0.741053, Final R^2: 0.540573
GBDT_BET_ECFP    :0-th Final RMSD: 1.014068, Final P: 0.741054, Final R^2: 0.546194
GBDT_AE_BET_ECFP    :0-th Final RMSD: 1.019028, Final P: 0.744568, Final R^2: 0.541745
0-th GBDT_AE的BA值 ：-13.146604
0-th GBDT_BET的BA值：-13.272679
0-th GBDT_ECFP的BA值 ：-14.007230
0-th GBDT_AE_BET的BA值：-13.028101
0-th GBDT_AE_ECFP的BA值    ：-13.576917
0-th GBDT_BET_ECFP的BA值    ：-13.528379
0-th GBDT_AE_BET_ECFP的BA值    ：-13.354477
total time: 0.5103630641433927 h
