size of data: (4520,)
size of train size: 3616
GBDT parameter
Namespace(n_estimators=10000, dataset='CHEMBL4409', max_depth=8, learning_rate=0.01, criterion='friedman_mse', subsample=0.5, max_features='sqrt', min_samples_split=4, loss='ls', n_iter_no_change=None, random_seed=0)
fold= 1
>>>>>>>>>>>>>training.............
###############################################GBDT#####################################################
GBDT_BET的BA值：-13.668468896891525
GBDT_BET:RMSD: 0.943870, P: 0.782851, R^2: 0.605342
GBDT_AE的BA值 ：-13.933107513582918
GBDT_AE :RMSD: 0.944526, P: 0.781076, R^2: 0.604793
GBDT_ECFP的BA值 ：-14.432459039366378
GBDT_ECFP :RMSD: 0.840739, P: 0.830956, R^2: 0.686874
GBDT_AE_BET的BA值    ：-13.717326272694953
GBDT_AE_BET    :RMSD: 0.926184, P: 0.793504, R^2: 0.619993
GBDT_AE_ECFP的BA值    ：-13.891200267257734
GBDT_AE_ECFP    :RMSD: 0.835968, P: 0.834904, R^2: 0.690417
GBDT_BET_ECFP的BA值    ：-14.050463968128952
GBDT_BET_ECFP    :RMSD: 0.845138, P: 0.830706, R^2: 0.683589
GBDT_AE_BET_ECFP的BA值    ：-13.816956477135664
GBDT_AE_BET_ECFP    :RMSD: 0.855947, P: 0.827813, R^2: 0.675443
fold= 2
>>>>>>>>>>>>>training.............
###############################################GBDT#####################################################
GBDT_BET的BA值：-14.092087085548295
GBDT_BET:RMSD: 0.984288, P: 0.804024, R^2: 0.624278
GBDT_AE的BA值 ：-13.683921405817914
GBDT_AE :RMSD: 0.979787, P: 0.804696, R^2: 0.627707
GBDT_ECFP的BA值 ：-14.360674057280784
GBDT_ECFP :RMSD: 0.917058, P: 0.821656, R^2: 0.673851
GBDT_AE_BET的BA值    ：-13.795821260966225
GBDT_AE_BET    :RMSD: 0.967275, P: 0.814646, R^2: 0.637155
GBDT_AE_ECFP的BA值    ：-14.022297731549349
GBDT_AE_ECFP    :RMSD: 0.893619, P: 0.841148, R^2: 0.690310
GBDT_BET_ECFP的BA值    ：-14.056584228567152
GBDT_BET_ECFP    :RMSD: 0.899883, P: 0.838006, R^2: 0.685953
GBDT_AE_BET_ECFP的BA值    ：-13.883125000343277
GBDT_AE_BET_ECFP    :RMSD: 0.907136, P: 0.839529, R^2: 0.680871
fold= 3
>>>>>>>>>>>>>training.............
###############################################GBDT#####################################################
GBDT_BET的BA值：-13.997583337245883
GBDT_BET:RMSD: 0.980176, P: 0.799677, R^2: 0.617032
GBDT_AE的BA值 ：-13.654157698828904
GBDT_AE :RMSD: 1.027904, P: 0.774966, R^2: 0.578827
GBDT_ECFP的BA值 ：-15.311742565742556
GBDT_ECFP :RMSD: 0.896272, P: 0.824871, R^2: 0.679790
GBDT_AE_BET的BA值    ：-13.825870518037394
GBDT_AE_BET    :RMSD: 0.989952, P: 0.798583, R^2: 0.609354
GBDT_AE_ECFP的BA值    ：-14.106448114632801
GBDT_AE_ECFP    :RMSD: 0.907905, P: 0.831377, R^2: 0.671424
GBDT_BET_ECFP的BA值    ：-14.27816093384129
GBDT_BET_ECFP    :RMSD: 0.894903, P: 0.834847, R^2: 0.680768
GBDT_AE_BET_ECFP的BA值    ：-14.070159855503826
GBDT_AE_BET_ECFP    :RMSD: 0.918934, P: 0.830043, R^2: 0.663393
fold= 4
>>>>>>>>>>>>>training.............
###############################################GBDT#####################################################
GBDT_BET的BA值：-13.753089277117345
GBDT_BET:RMSD: 1.003262, P: 0.795068, R^2: 0.611141
GBDT_AE的BA值 ：-13.586259649109207
GBDT_AE :RMSD: 1.008345, P: 0.805345, R^2: 0.607191
GBDT_ECFP的BA值 ：-14.225988482182412
GBDT_ECFP :RMSD: 0.905599, P: 0.829029, R^2: 0.683163
GBDT_AE_BET的BA值    ：-13.617747805293934
GBDT_AE_BET    :RMSD: 0.989548, P: 0.812490, R^2: 0.621699
GBDT_AE_ECFP的BA值    ：-13.794432289234004
GBDT_AE_ECFP    :RMSD: 0.908895, P: 0.844690, R^2: 0.680853
GBDT_BET_ECFP的BA值    ：-13.886672622198724
GBDT_BET_ECFP    :RMSD: 0.913839, P: 0.835794, R^2: 0.677372
GBDT_AE_BET_ECFP的BA值    ：-13.735777809563322
GBDT_AE_BET_ECFP    :RMSD: 0.926054, P: 0.839054, R^2: 0.668689
fold= 5
>>>>>>>>>>>>>training.............
###############################################GBDT#####################################################
GBDT_BET的BA值：-13.85524246643292
GBDT_BET:RMSD: 0.991979, P: 0.797754, R^2: 0.625150
GBDT_AE的BA值 ：-13.326202757722552
GBDT_AE :RMSD: 0.994884, P: 0.801478, R^2: 0.622951
GBDT_ECFP的BA值 ：-14.182481284763185
GBDT_ECFP :RMSD: 0.922506, P: 0.822281, R^2: 0.675816
GBDT_AE_BET的BA值    ：-13.405222621027805
GBDT_AE_BET    :RMSD: 0.978109, P: 0.808942, R^2: 0.635559
GBDT_AE_ECFP的BA值    ：-13.682205056265452
GBDT_AE_ECFP    :RMSD: 0.904558, P: 0.836078, R^2: 0.688308
GBDT_BET_ECFP的BA值    ：-13.780030935195093
GBDT_BET_ECFP    :RMSD: 0.909182, P: 0.832095, R^2: 0.685113
GBDT_AE_BET_ECFP的BA值    ：-13.583781278395712
GBDT_AE_BET_ECFP    :RMSD: 0.917805, P: 0.832897, R^2: 0.679111
fold= 6
>>>>>>>>>>>>>training.............
###############################################GBDT#####################################################
GBDT_BET的BA值：-14.346737830686104
GBDT_BET:RMSD: 0.992360, P: 0.809795, R^2: 0.632166
GBDT_AE的BA值 ：-13.704237566327535
GBDT_AE :RMSD: 0.989700, P: 0.817599, R^2: 0.634136
GBDT_ECFP的BA值 ：-14.36873396622344
GBDT_ECFP :RMSD: 0.904386, P: 0.834268, R^2: 0.694493
GBDT_AE_BET的BA值    ：-14.025487698506819
GBDT_AE_BET    :RMSD: 0.976099, P: 0.824101, R^2: 0.644122
GBDT_AE_ECFP的BA值    ：-14.036485766275486
GBDT_AE_ECFP    :RMSD: 0.892486, P: 0.849905, R^2: 0.702480
GBDT_BET_ECFP的BA值    ：-14.357735898454772
GBDT_BET_ECFP    :RMSD: 0.898339, P: 0.844916, R^2: 0.698565
GBDT_AE_BET_ECFP的BA值    ：-14.139903121079024
GBDT_AE_BET_ECFP    :RMSD: 0.909399, P: 0.847169, R^2: 0.691097
fold= 7
>>>>>>>>>>>>>training.............
###############################################GBDT#####################################################
GBDT_BET的BA值：-13.508348985537648
GBDT_BET:RMSD: 1.040867, P: 0.780383, R^2: 0.595848
GBDT_AE的BA值 ：-13.477536911147896
GBDT_AE :RMSD: 1.086378, P: 0.753777, R^2: 0.559733
GBDT_ECFP的BA值 ：-14.067399450259318
GBDT_ECFP :RMSD: 0.926090, P: 0.825786, R^2: 0.680066
GBDT_AE_BET的BA值    ：-13.442646962077479
GBDT_AE_BET    :RMSD: 1.045821, P: 0.779157, R^2: 0.591991
GBDT_AE_ECFP的BA值    ：-13.771272427057825
GBDT_AE_ECFP    :RMSD: 0.946253, P: 0.824237, R^2: 0.665983
GBDT_BET_ECFP的BA值    ：-13.661249636935008
GBDT_BET_ECFP    :RMSD: 0.933319, P: 0.829439, R^2: 0.675052
GBDT_AE_BET_ECFP的BA值    ：-13.600012061672636
GBDT_AE_BET_ECFP    :RMSD: 0.961458, P: 0.820165, R^2: 0.655162
fold= 8
>>>>>>>>>>>>>training.............
###############################################GBDT#####################################################
GBDT_BET的BA值：-13.976772976655454
GBDT_BET:RMSD: 1.035101, P: 0.777959, R^2: 0.593151
GBDT_AE的BA值 ：-13.429790992243968
GBDT_AE :RMSD: 1.036213, P: 0.788709, R^2: 0.592275
GBDT_ECFP的BA值 ：-14.098790311540611
GBDT_ECFP :RMSD: 0.949581, P: 0.811092, R^2: 0.657601
GBDT_AE_BET的BA值    ：-13.692280019288372
GBDT_AE_BET    :RMSD: 1.018252, P: 0.794550, R^2: 0.606287
GBDT_AE_ECFP的BA值    ：-13.740130923895041
GBDT_AE_ECFP    :RMSD: 0.940504, P: 0.826288, R^2: 0.664115
GBDT_BET_ECFP的BA值    ：-14.024623881262123
GBDT_BET_ECFP    :RMSD: 0.947501, P: 0.818571, R^2: 0.659099
GBDT_AE_BET_ECFP的BA值    ：-13.819011608148513
GBDT_AE_BET_ECFP    :RMSD: 0.956248, P: 0.821073, R^2: 0.652776
fold= 9
>>>>>>>>>>>>>training.............
###############################################GBDT#####################################################
GBDT_BET的BA值：-13.670159767850123
GBDT_BET:RMSD: 0.986863, P: 0.798851, R^2: 0.618394
GBDT_AE的BA值 ：-13.332208383521724
GBDT_AE :RMSD: 1.003372, P: 0.786167, R^2: 0.605520
GBDT_ECFP的BA值 ：-14.133705247418387
GBDT_ECFP :RMSD: 0.905042, P: 0.827394, R^2: 0.679049
GBDT_AE_BET的BA值    ：-13.378281726901731
GBDT_AE_BET    :RMSD: 0.975564, P: 0.805949, R^2: 0.627082
GBDT_AE_ECFP的BA值    ：-13.714007360726615
GBDT_AE_ECFP    :RMSD: 0.902843, P: 0.834637, R^2: 0.680607
GBDT_BET_ECFP的BA值    ：-13.844793700316474
GBDT_BET_ECFP    :RMSD: 0.902887, P: 0.835355, R^2: 0.680576
GBDT_AE_BET_ECFP的BA值    ：-13.591997028862096
GBDT_AE_BET_ECFP    :RMSD: 0.914602, P: 0.833270, R^2: 0.672233
fold= 10
>>>>>>>>>>>>>training.............
###############################################GBDT#####################################################
GBDT_BET的BA值：-14.172288237523784
GBDT_BET:RMSD: 0.981169, P: 0.817993, R^2: 0.653819
GBDT_AE的BA值 ：-13.8686504729672
GBDT_AE :RMSD: 0.971352, P: 0.830093, R^2: 0.660711
GBDT_ECFP的BA值 ：-14.64868934887757
GBDT_ECFP :RMSD: 0.917301, P: 0.835348, R^2: 0.697421
GBDT_AE_BET的BA值    ：-14.020469355245492
GBDT_AE_BET    :RMSD: 0.964743, P: 0.830941, R^2: 0.665313
GBDT_AE_ECFP的BA值    ：-14.258669910922386
GBDT_AE_ECFP    :RMSD: 0.888748, P: 0.854461, R^2: 0.715964
GBDT_BET_ECFP的BA值    ：-14.410488793200678
GBDT_BET_ECFP    :RMSD: 0.903522, P: 0.845374, R^2: 0.706443
GBDT_AE_BET_ECFP的BA值    ：-14.22987601978952
GBDT_AE_BET_ECFP    :RMSD: 0.906774, P: 0.849842, R^2: 0.704325
@@@@@@@@@@@@@@@@@@@@@@@@@@@@@@@@@@@@@@@@@@@最终结果@@@@@@@@@@@@@@@@@@@@@@@@@@@@@@@@@@@@@@@@@@@@@@@@@@
@@@@@@@@@@@@@@@@@@@@@@@@@@@@@@@@@@@@@@@@@@@最终结果@@@@@@@@@@@@@@@@@@@@@@@@@@@@@@@@@@@@@@@@@@@@@@@@@@
%%%%%%%%%%%%%%%%%%%%%%%%%%%%%%%%%%%%%%%%%%%GBDT%%%%%%%%%%%%%%%%%%%%%%%%%%%%%%%%%%%%%%%%%%%%%%%%%%%%%%
GBDT_BET:0-th Final RMSD: 0.994345, Final P: 0.796404, Final R^2: 0.619050
GBDT_AE :0-th Final RMSD: 1.004937, Final P: 0.793357, Final R^2: 0.610891
GBDT_ECFP :0-th Final RMSD: 0.908849, Final P: 0.826222, Final R^2: 0.681743
GBDT_AE_BET    :0-th Final RMSD: 0.983623, Final P: 0.806007, Final R^2: 0.627221
GBDT_AE_ECFP    :0-th Final RMSD: 0.902634, Final P: 0.837421, Final R^2: 0.686082
GBDT_BET_ECFP    :0-th Final RMSD: 0.905208, Final P: 0.834491, Final R^2: 0.684288
GBDT_AE_BET_ECFP    :0-th Final RMSD: 0.917850, Final P: 0.833911, Final R^2: 0.675409
0-th GBDT_AE的BA值 ：-13.933108
0-th GBDT_BET的BA值：-14.346738
0-th GBDT_ECFP的BA值 ：-15.311743
0-th GBDT_AE_BET的BA值：-14.025488
0-th GBDT_AE_ECFP的BA值    ：-14.258670
0-th GBDT_BET_ECFP的BA值    ：-14.410489
0-th GBDT_AE_BET_ECFP的BA值    ：-14.229876
total time: 1.808905036714342 h
