size of data: (450,)
size of train size: 360
GBDT parameter
Namespace(n_estimators=10000, dataset='CHEMBL4789', max_depth=7, learning_rate=0.01, criterion='friedman_mse', subsample=0.7, max_features='sqrt', min_samples_split=3, loss='ls', n_iter_no_change=None, random_seed=0)
fold= 1
>>>>>>>>>>>>>training.............
###############################################GBDT#####################################################
GBDT_BET的BA值：-10.941413928581879
GBDT_BET:RMSD: 0.862871, P: 0.774353, R^2: 0.463089
GBDT_AE的BA值 ：-9.744710635280686
GBDT_AE :RMSD: 0.952077, P: 0.769777, R^2: 0.346336
GBDT_ECFP的BA值 ：-10.9736985059616
GBDT_ECFP :RMSD: 0.827302, P: 0.733515, R^2: 0.506441
GBDT_AE_BET的BA值    ：-10.325442722841547
GBDT_AE_BET    :RMSD: 0.883471, P: 0.794027, R^2: 0.437147
GBDT_AE_ECFP的BA值    ：-10.33768921902631
GBDT_AE_ECFP    :RMSD: 0.837557, P: 0.769514, R^2: 0.494130
GBDT_BET_ECFP的BA值    ：-10.768547061251
GBDT_BET_ECFP    :RMSD: 0.805358, P: 0.773827, R^2: 0.532277
GBDT_AE_BET_ECFP的BA值    ：-10.379305860508062
GBDT_AE_BET_ECFP    :RMSD: 0.829127, P: 0.786291, R^2: 0.504261
fold= 2
>>>>>>>>>>>>>training.............
###############################################GBDT#####################################################
GBDT_BET的BA值：-10.815920048953247
GBDT_BET:RMSD: 0.890558, P: 0.835072, R^2: 0.672218
GBDT_AE的BA值 ：-10.440495690202546
GBDT_AE :RMSD: 0.959841, P: 0.839390, R^2: 0.619233
GBDT_ECFP的BA值 ：-11.062296637999804
GBDT_ECFP :RMSD: 0.987912, P: 0.776426, R^2: 0.596635
GBDT_AE_BET的BA值    ：-10.569289979073018
GBDT_AE_BET    :RMSD: 0.915175, P: 0.841275, R^2: 0.653846
GBDT_AE_ECFP的BA值    ：-10.518330351309352
GBDT_AE_ECFP    :RMSD: 0.938885, P: 0.823788, R^2: 0.635678
GBDT_BET_ECFP的BA值    ：-10.939108343476526
GBDT_BET_ECFP    :RMSD: 0.905568, P: 0.826112, R^2: 0.661076
GBDT_AE_BET_ECFP的BA值    ：-10.61752691719065
GBDT_AE_BET_ECFP    :RMSD: 0.910802, P: 0.836095, R^2: 0.657146
fold= 3
>>>>>>>>>>>>>training.............
###############################################GBDT#####################################################
GBDT_BET的BA值：-10.478045727680485
GBDT_BET:RMSD: 0.880253, P: 0.852441, R^2: 0.624851
GBDT_AE的BA值 ：-10.314220272020723
GBDT_AE :RMSD: 0.981432, P: 0.825321, R^2: 0.533653
GBDT_ECFP的BA值 ：-11.272836456380238
GBDT_ECFP :RMSD: 0.841019, P: 0.834528, R^2: 0.657547
GBDT_AE_BET的BA值    ：-10.361608406380537
GBDT_AE_BET    :RMSD: 0.922687, P: 0.849509, R^2: 0.587810
GBDT_AE_ECFP的BA值    ：-10.79352836420048
GBDT_AE_ECFP    :RMSD: 0.856558, P: 0.854951, R^2: 0.644776
GBDT_BET_ECFP的BA值    ：-10.840916498560293
GBDT_BET_ECFP    :RMSD: 0.810268, P: 0.866647, R^2: 0.682133
GBDT_AE_BET_ECFP的BA值    ：-10.66535108971377
GBDT_AE_BET_ECFP    :RMSD: 0.851204, P: 0.865900, R^2: 0.649203
fold= 4
>>>>>>>>>>>>>training.............
###############################################GBDT#####################################################
GBDT_BET的BA值：-10.672892304845933
GBDT_BET:RMSD: 0.816091, P: 0.806425, R^2: 0.618779
GBDT_AE的BA值 ：-10.075927225781554
GBDT_AE :RMSD: 0.905024, P: 0.784546, R^2: 0.531165
GBDT_ECFP的BA值 ：-10.994024919986476
GBDT_ECFP :RMSD: 0.966604, P: 0.684872, R^2: 0.465194
GBDT_AE_BET的BA值    ：-10.374409765313743
GBDT_AE_BET    :RMSD: 0.850037, P: 0.804001, R^2: 0.586405
GBDT_AE_ECFP的BA值    ：-10.534976072884014
GBDT_AE_ECFP    :RMSD: 0.894210, P: 0.753569, R^2: 0.542302
GBDT_BET_ECFP的BA值    ：-10.833458612416205
GBDT_BET_ECFP    :RMSD: 0.862146, P: 0.764526, R^2: 0.574538
GBDT_AE_BET_ECFP的BA值    ：-10.580948150204655
GBDT_AE_BET_ECFP    :RMSD: 0.859100, P: 0.781149, R^2: 0.577538
fold= 5
>>>>>>>>>>>>>training.............
###############################################GBDT#####################################################
GBDT_BET的BA值：-10.195488222736612
GBDT_BET:RMSD: 0.952543, P: 0.749458, R^2: 0.541838
GBDT_AE的BA值 ：-10.44093897882743
GBDT_AE :RMSD: 0.953223, P: 0.764519, R^2: 0.541184
GBDT_ECFP的BA值 ：-10.899293661643204
GBDT_ECFP :RMSD: 0.999557, P: 0.710105, R^2: 0.495496
GBDT_AE_BET的BA值    ：-10.153610328994393
GBDT_AE_BET    :RMSD: 0.943305, P: 0.765709, R^2: 0.550682
GBDT_AE_ECFP的BA值    ：-10.330944004020228
GBDT_AE_ECFP    :RMSD: 0.921822, P: 0.764796, R^2: 0.570914
GBDT_BET_ECFP的BA值    ：-10.463348160078542
GBDT_BET_ECFP    :RMSD: 0.929775, P: 0.755984, R^2: 0.563479
GBDT_AE_BET_ECFP的BA值    ：-10.208658067485992
GBDT_AE_BET_ECFP    :RMSD: 0.919007, P: 0.771417, R^2: 0.573531
fold= 6
>>>>>>>>>>>>>training.............
###############################################GBDT#####################################################
GBDT_BET的BA值：-10.8665857294597
GBDT_BET:RMSD: 0.952899, P: 0.782663, R^2: 0.570390
GBDT_AE的BA值 ：-10.098439671577452
GBDT_AE :RMSD: 1.106783, P: 0.685487, R^2: 0.420431
GBDT_ECFP的BA值 ：-11.1949184369598
GBDT_ECFP :RMSD: 1.078709, P: 0.677719, R^2: 0.449460
GBDT_AE_BET的BA值    ：-10.482512700518576
GBDT_AE_BET    :RMSD: 1.019810, P: 0.750706, R^2: 0.507939
GBDT_AE_ECFP的BA值    ：-10.646679054268626
GBDT_AE_ECFP    :RMSD: 1.057677, P: 0.697019, R^2: 0.470719
GBDT_BET_ECFP的BA值    ：-11.03075208320975
GBDT_BET_ECFP    :RMSD: 0.986479, P: 0.744331, R^2: 0.539578
GBDT_AE_BET_ECFP的BA值    ：-10.719981279332316
GBDT_AE_BET_ECFP    :RMSD: 1.012738, P: 0.736599, R^2: 0.514740
fold= 7
>>>>>>>>>>>>>training.............
###############################################GBDT#####################################################
GBDT_BET的BA值：-10.823480082973866
GBDT_BET:RMSD: 0.656866, P: 0.854642, R^2: 0.695075
GBDT_AE的BA值 ：-10.268536629160765
GBDT_AE :RMSD: 0.749656, P: 0.817740, R^2: 0.602842
GBDT_ECFP的BA值 ：-11.089504815816493
GBDT_ECFP :RMSD: 0.821832, P: 0.747115, R^2: 0.522685
GBDT_AE_BET的BA值    ：-10.546008356067315
GBDT_AE_BET    :RMSD: 0.690057, P: 0.849179, R^2: 0.663481
GBDT_AE_ECFP的BA值    ：-10.67902072248863
GBDT_AE_ECFP    :RMSD: 0.724826, P: 0.804781, R^2: 0.628715
GBDT_BET_ECFP的BA值    ：-10.95649244939518
GBDT_BET_ECFP    :RMSD: 0.687246, P: 0.823421, R^2: 0.666217
GBDT_AE_BET_ECFP的BA值    ：-10.727173842650375
GBDT_AE_BET_ECFP    :RMSD: 0.685287, P: 0.834553, R^2: 0.668117
fold= 8
>>>>>>>>>>>>>training.............
###############################################GBDT#####################################################
GBDT_BET的BA值：-10.559930850460484
GBDT_BET:RMSD: 1.042334, P: 0.592742, R^2: 0.346792
GBDT_AE的BA值 ：-10.305525280280012
GBDT_AE :RMSD: 1.109762, P: 0.510873, R^2: 0.259547
GBDT_ECFP的BA值 ：-10.316063847628074
GBDT_ECFP :RMSD: 1.179485, P: 0.470968, R^2: 0.163584
GBDT_AE_BET的BA值    ：-10.432728065370249
GBDT_AE_BET    :RMSD: 1.069662, P: 0.561457, R^2: 0.312091
GBDT_AE_ECFP的BA值    ：-10.106639797174136
GBDT_AE_ECFP    :RMSD: 1.111927, P: 0.513195, R^2: 0.256655
GBDT_BET_ECFP的BA值    ：-10.233842582264371
GBDT_BET_ECFP    :RMSD: 1.080821, P: 0.553333, R^2: 0.297663
GBDT_AE_BET_ECFP的BA值    ：-10.257736814936251
GBDT_AE_BET_ECFP    :RMSD: 1.079389, P: 0.550714, R^2: 0.299524
fold= 9
>>>>>>>>>>>>>training.............
###############################################GBDT#####################################################
GBDT_BET的BA值：-10.572738728971384
GBDT_BET:RMSD: 0.988096, P: 0.706294, R^2: 0.378478
GBDT_AE的BA值 ：-10.668591556513316
GBDT_AE :RMSD: 1.054530, P: 0.722156, R^2: 0.292093
GBDT_ECFP的BA值 ：-10.518651005208701
GBDT_ECFP :RMSD: 0.919650, P: 0.701505, R^2: 0.461602
GBDT_AE_BET的BA值    ：-10.62066514274235
GBDT_AE_BET    :RMSD: 1.009079, P: 0.726368, R^2: 0.351801
GBDT_AE_ECFP的BA值    ：-10.593621280861008
GBDT_AE_ECFP    :RMSD: 0.926126, P: 0.734391, R^2: 0.453993
GBDT_BET_ECFP的BA值    ：-10.545694867090042
GBDT_BET_ECFP    :RMSD: 0.907554, P: 0.727421, R^2: 0.475672
GBDT_AE_BET_ECFP的BA值    ：-10.586660430231133
GBDT_AE_BET_ECFP    :RMSD: 0.934778, P: 0.737689, R^2: 0.443743
fold= 10
>>>>>>>>>>>>>training.............
###############################################GBDT#####################################################
GBDT_BET的BA值：-10.58248521500738
GBDT_BET:RMSD: 0.911210, P: 0.787968, R^2: 0.597891
GBDT_AE的BA值 ：-10.279796832850177
GBDT_AE :RMSD: 0.887223, P: 0.839560, R^2: 0.618783
GBDT_ECFP的BA值 ：-10.995097524398393
GBDT_ECFP :RMSD: 0.923115, P: 0.769398, R^2: 0.587314
GBDT_AE_BET的BA值    ：-10.431141023928777
GBDT_AE_BET    :RMSD: 0.882169, P: 0.826428, R^2: 0.623113
GBDT_AE_ECFP的BA值    ：-10.553781875466147
GBDT_AE_ECFP    :RMSD: 0.837330, P: 0.838693, R^2: 0.660452
GBDT_BET_ECFP的BA值    ：-10.572262582190017
GBDT_BET_ECFP    :RMSD: 0.866284, P: 0.807574, R^2: 0.636564
GBDT_AE_BET_ECFP的BA值    ：-10.418997130304644
GBDT_AE_BET_ECFP    :RMSD: 0.846532, P: 0.835009, R^2: 0.652948
@@@@@@@@@@@@@@@@@@@@@@@@@@@@@@@@@@@@@@@@@@@最终结果@@@@@@@@@@@@@@@@@@@@@@@@@@@@@@@@@@@@@@@@@@@@@@@@@@
@@@@@@@@@@@@@@@@@@@@@@@@@@@@@@@@@@@@@@@@@@@最终结果@@@@@@@@@@@@@@@@@@@@@@@@@@@@@@@@@@@@@@@@@@@@@@@@@@
%%%%%%%%%%%%%%%%%%%%%%%%%%%%%%%%%%%%%%%%%%%GBDT%%%%%%%%%%%%%%%%%%%%%%%%%%%%%%%%%%%%%%%%%%%%%%%%%%%%%%
GBDT_BET:0-th Final RMSD: 0.901023, Final P: 0.769417, Final R^2: 0.572719
GBDT_AE :0-th Final RMSD: 0.971410, Final P: 0.739287, Final R^2: 0.503353
GBDT_ECFP :0-th Final RMSD: 0.960690, Final P: 0.719887, Final R^2: 0.514254
GBDT_AE_BET    :0-th Final RMSD: 0.924047, Final P: 0.767200, Final R^2: 0.550602
GBDT_AE_ECFP    :0-th Final RMSD: 0.916806, Final P: 0.757324, Final R^2: 0.557618
GBDT_BET_ECFP    :0-th Final RMSD: 0.889983, Final P: 0.768544, Final R^2: 0.583125
GBDT_AE_BET_ECFP    :0-th Final RMSD: 0.898607, Final P: 0.773448, Final R^2: 0.575006
0-th GBDT_AE的BA值 ：-10.668592
0-th GBDT_BET的BA值：-10.941414
0-th GBDT_ECFP的BA值 ：-11.272836
0-th GBDT_AE_BET的BA值：-10.620665
0-th GBDT_AE_ECFP的BA值    ：-10.793528
0-th GBDT_BET_ECFP的BA值    ：-11.030752
0-th GBDT_AE_BET_ECFP的BA值    ：-10.727174
total time: 0.2075919453965293 h
