size of data: (2518,)
size of train size: 2014
GBDT parameter
Namespace(n_estimators=10000, dataset='CHEMBL1741186', max_depth=8, learning_rate=0.01, criterion='friedman_mse', subsample=0.5, max_features='sqrt', min_samples_split=4, loss='ls', n_iter_no_change=None, random_seed=0)
fold= 1
>>>>>>>>>>>>>training.............
###############################################GBDT#####################################################
GBDT_BET的BA值：-11.879887587889561
GBDT_BET:RMSD: 0.830383, P: 0.774372, R^2: 0.574313
GBDT_AE的BA值 ：-11.531712937359112
GBDT_AE :RMSD: 0.850586, P: 0.785090, R^2: 0.553347
GBDT_ECFP的BA值 ：-12.686525566479515
GBDT_ECFP :RMSD: 0.775683, P: 0.792972, R^2: 0.628549
GBDT_AE_BET的BA值    ：-11.569396717950042
GBDT_AE_BET    :RMSD: 0.829158, P: 0.790640, R^2: 0.575568
GBDT_AE_ECFP的BA值    ：-11.862763086447615
GBDT_AE_ECFP    :RMSD: 0.767488, P: 0.816747, R^2: 0.636356
GBDT_BET_ECFP的BA值    ：-11.936142504375987
GBDT_BET_ECFP    :RMSD: 0.765465, P: 0.808755, R^2: 0.638271
GBDT_AE_BET_ECFP的BA值    ：-11.777535557145399
GBDT_AE_BET_ECFP    :RMSD: 0.777116, P: 0.814073, R^2: 0.627175
fold= 2
>>>>>>>>>>>>>training.............
###############################################GBDT#####################################################
GBDT_BET的BA值：-12.030262693491032
GBDT_BET:RMSD: 0.869642, P: 0.744798, R^2: 0.535150
GBDT_AE的BA值 ：-11.488225938291958
GBDT_AE :RMSD: 0.892487, P: 0.737010, R^2: 0.510408
GBDT_ECFP的BA值 ：-11.945733811391682
GBDT_ECFP :RMSD: 0.799273, P: 0.781613, R^2: 0.607336
GBDT_AE_BET的BA值    ：-11.73295673967792
GBDT_AE_BET    :RMSD: 0.867479, P: 0.755282, R^2: 0.537460
GBDT_AE_ECFP的BA值    ：-11.690692298628244
GBDT_AE_ECFP    :RMSD: 0.808218, P: 0.793744, R^2: 0.598497
GBDT_BET_ECFP的BA值    ：-11.987998252441358
GBDT_BET_ECFP    :RMSD: 0.801340, P: 0.792772, R^2: 0.605302
GBDT_AE_BET_ECFP的BA值    ：-11.803882430249175
GBDT_AE_BET_ECFP    :RMSD: 0.816489, P: 0.790705, R^2: 0.590238
fold= 3
>>>>>>>>>>>>>training.............
###############################################GBDT#####################################################
GBDT_BET的BA值：-11.623403187411482
GBDT_BET:RMSD: 0.851481, P: 0.659574, R^2: 0.434402
GBDT_AE的BA值 ：-11.52981504464475
GBDT_AE :RMSD: 0.862994, P: 0.655518, R^2: 0.419003
GBDT_ECFP的BA值 ：-11.850028511040888
GBDT_ECFP :RMSD: 0.844074, P: 0.677023, R^2: 0.444199
GBDT_AE_BET的BA值    ：-11.566979637150688
GBDT_AE_BET    :RMSD: 0.844056, P: 0.671706, R^2: 0.444223
GBDT_AE_ECFP的BA值    ：-11.659875348454571
GBDT_AE_ECFP    :RMSD: 0.814614, P: 0.698123, R^2: 0.482319
GBDT_BET_ECFP的BA值    ：-11.69703994096051
GBDT_BET_ECFP    :RMSD: 0.815543, P: 0.696486, R^2: 0.481138
GBDT_AE_BET_ECFP的BA值    ：-11.641298308855255
GBDT_AE_BET_ECFP    :RMSD: 0.815292, P: 0.698126, R^2: 0.481457
fold= 4
>>>>>>>>>>>>>training.............
###############################################GBDT#####################################################
GBDT_BET的BA值：-11.92082015051981
GBDT_BET:RMSD: 0.834433, P: 0.746258, R^2: 0.543715
GBDT_AE的BA值 ：-12.124939050663738
GBDT_AE :RMSD: 0.861715, P: 0.728906, R^2: 0.513391
GBDT_ECFP的BA值 ：-12.481587174931658
GBDT_ECFP :RMSD: 0.795792, P: 0.772452, R^2: 0.584996
GBDT_AE_BET的BA值    ：-12.022879600591775
GBDT_AE_BET    :RMSD: 0.834474, P: 0.751847, R^2: 0.543671
GBDT_AE_ECFP的BA值    ：-12.01065341092988
GBDT_AE_ECFP    :RMSD: 0.785801, P: 0.783999, R^2: 0.595352
GBDT_BET_ECFP的BA值    ：-11.908593960857916
GBDT_BET_ECFP    :RMSD: 0.782101, P: 0.783779, R^2: 0.599153
GBDT_AE_BET_ECFP的BA值    ：-11.98070899079319
GBDT_AE_BET_ECFP    :RMSD: 0.790916, P: 0.782398, R^2: 0.590066
fold= 5
>>>>>>>>>>>>>training.............
###############################################GBDT#####################################################
GBDT_BET的BA值：-11.882001836560688
GBDT_BET:RMSD: 0.883912, P: 0.693638, R^2: 0.471573
GBDT_AE的BA值 ：-11.441218257727991
GBDT_AE :RMSD: 0.910198, P: 0.679285, R^2: 0.439676
GBDT_ECFP的BA值 ：-12.245600256710496
GBDT_ECFP :RMSD: 0.902661, P: 0.680429, R^2: 0.448917
GBDT_AE_BET的BA值    ：-11.66161004714434
GBDT_AE_BET    :RMSD: 0.887170, P: 0.697309, R^2: 0.467670
GBDT_AE_ECFP的BA值    ：-11.68595032667178
GBDT_AE_ECFP    :RMSD: 0.871252, P: 0.703589, R^2: 0.486601
GBDT_BET_ECFP的BA值    ：-11.92898612516598
GBDT_BET_ECFP    :RMSD: 0.864110, P: 0.709099, R^2: 0.494984
GBDT_AE_BET_ECFP的BA值    ：-11.751300829968082
GBDT_AE_BET_ECFP    :RMSD: 0.865819, P: 0.711063, R^2: 0.492984
fold= 6
>>>>>>>>>>>>>training.............
###############################################GBDT#####################################################
GBDT_BET的BA值：-11.900753603627669
GBDT_BET:RMSD: 0.791005, P: 0.735426, R^2: 0.536960
GBDT_AE的BA值 ：-11.918837444152102
GBDT_AE :RMSD: 0.835940, P: 0.710040, R^2: 0.482857
GBDT_ECFP的BA值 ：-12.356856892036092
GBDT_ECFP :RMSD: 0.750570, P: 0.765871, R^2: 0.583090
GBDT_AE_BET的BA值    ：-11.837214170142255
GBDT_AE_BET    :RMSD: 0.799849, P: 0.734168, R^2: 0.526548
GBDT_AE_ECFP的BA值    ：-12.065265814346468
GBDT_AE_ECFP    :RMSD: 0.747153, P: 0.770126, R^2: 0.586877
GBDT_BET_ECFP的BA值    ：-12.128805247831881
GBDT_BET_ECFP    :RMSD: 0.735816, P: 0.776283, R^2: 0.599320
GBDT_AE_BET_ECFP的BA值    ：-12.010428410773535
GBDT_AE_BET_ECFP    :RMSD: 0.750544, P: 0.768791, R^2: 0.583119
fold= 7
>>>>>>>>>>>>>training.............
###############################################GBDT#####################################################
GBDT_BET的BA值：-11.560503485319037
GBDT_BET:RMSD: 0.848889, P: 0.725330, R^2: 0.514108
GBDT_AE的BA值 ：-11.491301603377808
GBDT_AE :RMSD: 0.875785, P: 0.711570, R^2: 0.482830
GBDT_ECFP的BA值 ：-12.168909181543615
GBDT_ECFP :RMSD: 0.846441, P: 0.725793, R^2: 0.516906
GBDT_AE_BET的BA值    ：-11.518417505750104
GBDT_AE_BET    :RMSD: 0.849083, P: 0.732778, R^2: 0.513886
GBDT_AE_ECFP的BA值    ：-11.594837915352247
GBDT_AE_ECFP    :RMSD: 0.820672, P: 0.743513, R^2: 0.545873
GBDT_BET_ECFP的BA值    ：-11.737052721745837
GBDT_BET_ECFP    :RMSD: 0.813754, P: 0.747543, R^2: 0.553497
GBDT_AE_BET_ECFP的BA值    ：-11.561175942063267
GBDT_AE_BET_ECFP    :RMSD: 0.818025, P: 0.749367, R^2: 0.548798
fold= 8
>>>>>>>>>>>>>training.............
###############################################GBDT#####################################################
GBDT_BET的BA值：-12.157537162256288
GBDT_BET:RMSD: 0.903519, P: 0.744568, R^2: 0.537137
GBDT_AE的BA值 ：-12.017134833376089
GBDT_AE :RMSD: 0.933668, P: 0.734141, R^2: 0.505731
GBDT_ECFP的BA值 ：-12.093429683894307
GBDT_ECFP :RMSD: 0.857050, P: 0.771274, R^2: 0.583524
GBDT_AE_BET的BA值    ：-12.087335997816188
GBDT_AE_BET    :RMSD: 0.905691, P: 0.751575, R^2: 0.534909
GBDT_AE_ECFP的BA值    ：-12.045083917133658
GBDT_AE_ECFP    :RMSD: 0.850509, P: 0.781302, R^2: 0.589857
GBDT_BET_ECFP的BA值    ：-12.115285081573758
GBDT_BET_ECFP    :RMSD: 0.846374, P: 0.779192, R^2: 0.593835
GBDT_AE_BET_ECFP的BA值    ：-12.082568332174533
GBDT_AE_BET_ECFP    :RMSD: 0.857473, P: 0.778750, R^2: 0.583112
fold= 9
>>>>>>>>>>>>>training.............
###############################################GBDT#####################################################
GBDT_BET的BA值：-11.627000104413277
GBDT_BET:RMSD: 0.898461, P: 0.676175, R^2: 0.451070
GBDT_AE的BA值 ：-11.39689446486122
GBDT_AE :RMSD: 0.882228, P: 0.699765, R^2: 0.470726
GBDT_ECFP的BA值 ：-11.972555601045757
GBDT_ECFP :RMSD: 0.895693, P: 0.675912, R^2: 0.454447
GBDT_AE_BET的BA值    ：-11.511947284637248
GBDT_AE_BET    :RMSD: 0.881713, P: 0.698120, R^2: 0.471344
GBDT_AE_ECFP的BA值    ：-11.59547903453478
GBDT_AE_ECFP    :RMSD: 0.857127, P: 0.715219, R^2: 0.500415
GBDT_BET_ECFP的BA值    ：-11.710531854310808
GBDT_BET_ECFP    :RMSD: 0.868112, P: 0.701925, R^2: 0.487528
GBDT_AE_BET_ECFP的BA值    ：-11.605986057827613
GBDT_AE_BET_ECFP    :RMSD: 0.861200, P: 0.713580, R^2: 0.495656
fold= 10
>>>>>>>>>>>>>training.............
###############################################GBDT#####################################################
GBDT_BET的BA值：-11.95537544794609
GBDT_BET:RMSD: 0.840340, P: 0.770546, R^2: 0.571249
GBDT_AE的BA值 ：-11.33618335549008
GBDT_AE :RMSD: 0.917105, P: 0.733303, R^2: 0.489339
GBDT_ECFP的BA值 ：-12.100106258514941
GBDT_ECFP :RMSD: 0.879306, P: 0.734195, R^2: 0.530565
GBDT_AE_BET的BA值    ：-11.645779401718084
GBDT_AE_BET    :RMSD: 0.866870, P: 0.764832, R^2: 0.543751
GBDT_AE_ECFP的BA值    ：-11.698175932263924
GBDT_AE_ECFP    :RMSD: 0.858427, P: 0.757580, R^2: 0.552594
GBDT_BET_ECFP的BA值    ：-12.007771978491927
GBDT_BET_ECFP    :RMSD: 0.832232, P: 0.767591, R^2: 0.579483
GBDT_AE_BET_ECFP的BA值    ：-11.783909104157978
GBDT_AE_BET_ECFP    :RMSD: 0.843501, P: 0.769991, R^2: 0.568018
@@@@@@@@@@@@@@@@@@@@@@@@@@@@@@@@@@@@@@@@@@@最终结果@@@@@@@@@@@@@@@@@@@@@@@@@@@@@@@@@@@@@@@@@@@@@@@@@@
@@@@@@@@@@@@@@@@@@@@@@@@@@@@@@@@@@@@@@@@@@@最终结果@@@@@@@@@@@@@@@@@@@@@@@@@@@@@@@@@@@@@@@@@@@@@@@@@@
%%%%%%%%%%%%%%%%%%%%%%%%%%%%%%%%%%%%%%%%%%%GBDT%%%%%%%%%%%%%%%%%%%%%%%%%%%%%%%%%%%%%%%%%%%%%%%%%%%%%%
GBDT_BET:0-th Final RMSD: 0.855820, Final P: 0.728446, Final R^2: 0.521690
GBDT_AE :0-th Final RMSD: 0.882751, Final P: 0.715542, Final R^2: 0.491112
GBDT_ECFP :0-th Final RMSD: 0.836072, Final P: 0.739401, Final R^2: 0.543509
GBDT_AE_BET    :0-th Final RMSD: 0.857058, Final P: 0.734920, Final R^2: 0.520304
GBDT_AE_ECFP    :0-th Final RMSD: 0.819058, Final P: 0.757369, Final R^2: 0.561898
GBDT_BET_ECFP    :0-th Final RMSD: 0.813466, Final P: 0.757983, Final R^2: 0.567861
GBDT_AE_BET_ECFP    :0-th Final RMSD: 0.820423, Final P: 0.758829, Final R^2: 0.560438
0-th GBDT_AE的BA值 ：-12.124939
0-th GBDT_BET的BA值：-12.157537
0-th GBDT_ECFP的BA值 ：-12.686526
0-th GBDT_AE_BET的BA值：-12.087336
0-th GBDT_AE_ECFP的BA值    ：-12.065266
0-th GBDT_BET_ECFP的BA值    ：-12.128805
0-th GBDT_AE_BET_ECFP的BA值    ：-12.082568
total time: 0.9627509344286389 h
