size of data: (490,)
size of train size: 392
GBDT parameter
Namespace(n_estimators=10000, dataset='CHEMBL2730', max_depth=7, learning_rate=0.01, criterion='friedman_mse', subsample=0.7, max_features='sqrt', min_samples_split=3, loss='ls', n_iter_no_change=None, random_seed=0)
fold= 1
>>>>>>>>>>>>>training.............
###############################################GBDT#####################################################
GBDT_BET的BA值：-9.805452682182219
GBDT_BET:RMSD: 0.893166, P: 0.862155, R^2: 0.676027
GBDT_AE的BA值 ：-9.460234100334162
GBDT_AE :RMSD: 0.937788, P: 0.863782, R^2: 0.642847
GBDT_ECFP的BA值 ：-10.377875333897169
GBDT_ECFP :RMSD: 0.733442, P: 0.884347, R^2: 0.781538
GBDT_AE_BET的BA值    ：-9.632843391258191
GBDT_AE_BET    :RMSD: 0.905130, P: 0.871949, R^2: 0.667289
GBDT_AE_ECFP的BA值    ：-9.919054717115666
GBDT_AE_ECFP    :RMSD: 0.784833, P: 0.886322, R^2: 0.749851
GBDT_BET_ECFP的BA值    ：-10.091664008039693
GBDT_BET_ECFP    :RMSD: 0.761431, P: 0.890360, R^2: 0.764546
GBDT_AE_BET_ECFP的BA值    ：-9.88118737213785
GBDT_AE_BET_ECFP    :RMSD: 0.805872, P: 0.888035, R^2: 0.736259
fold= 2
>>>>>>>>>>>>>training.............
###############################################GBDT#####################################################
GBDT_BET的BA值：-9.333967478045158
GBDT_BET:RMSD: 0.860194, P: 0.781135, R^2: 0.570927
GBDT_AE的BA值 ：-9.316936881655822
GBDT_AE :RMSD: 0.869410, P: 0.794693, R^2: 0.561684
GBDT_ECFP的BA值 ：-9.655187679978402
GBDT_ECFP :RMSD: 0.858121, P: 0.783972, R^2: 0.572992
GBDT_AE_BET的BA值    ：-9.291999391817876
GBDT_AE_BET    :RMSD: 0.856762, P: 0.794639, R^2: 0.574344
GBDT_AE_ECFP的BA值    ：-9.43910441763433
GBDT_AE_ECFP    :RMSD: 0.835924, P: 0.801761, R^2: 0.594798
GBDT_BET_ECFP的BA值    ：-9.463835524469873
GBDT_BET_ECFP    :RMSD: 0.837456, P: 0.794212, R^2: 0.593311
GBDT_AE_BET_ECFP的BA值    ：-9.381756912416195
GBDT_AE_BET_ECFP    :RMSD: 0.836951, P: 0.800820, R^2: 0.593801
fold= 3
>>>>>>>>>>>>>training.............
###############################################GBDT#####################################################
GBDT_BET的BA值：-9.551752271890194
GBDT_BET:RMSD: 0.875796, P: 0.823639, R^2: 0.610136
GBDT_AE的BA值 ：-9.867179586397173
GBDT_AE :RMSD: 0.922723, P: 0.818894, R^2: 0.567238
GBDT_ECFP的BA值 ：-10.498002211180182
GBDT_ECFP :RMSD: 0.920454, P: 0.778338, R^2: 0.569364
GBDT_AE_BET的BA值    ：-9.68245862209817
GBDT_AE_BET    :RMSD: 0.891820, P: 0.828795, R^2: 0.595740
GBDT_AE_ECFP的BA值    ：-10.182590898788678
GBDT_AE_ECFP    :RMSD: 0.901099, P: 0.809715, R^2: 0.587284
GBDT_BET_ECFP的BA值    ：-9.997869934489675
GBDT_BET_ECFP    :RMSD: 0.878737, P: 0.814614, R^2: 0.607514
GBDT_AE_BET_ECFP的BA值    ：-9.954306485125507
GBDT_AE_BET_ECFP    :RMSD: 0.885207, P: 0.821903, R^2: 0.601713
fold= 4
>>>>>>>>>>>>>training.............
###############################################GBDT#####################################################
GBDT_BET的BA值：-9.563257449668367
GBDT_BET:RMSD: 0.806470, P: 0.755371, R^2: 0.559362
GBDT_AE的BA值 ：-9.230722524164786
GBDT_AE :RMSD: 0.888294, P: 0.706769, R^2: 0.465413
GBDT_ECFP的BA值 ：-9.71033087121962
GBDT_ECFP :RMSD: 0.956596, P: 0.655684, R^2: 0.380042
GBDT_AE_BET的BA值    ：-9.315360160356821
GBDT_AE_BET    :RMSD: 0.835024, P: 0.744297, R^2: 0.527607
GBDT_AE_ECFP的BA值    ：-9.470526697692204
GBDT_AE_ECFP    :RMSD: 0.869170, P: 0.699658, R^2: 0.488184
GBDT_BET_ECFP的BA值    ：-9.555164333884237
GBDT_BET_ECFP    :RMSD: 0.832685, P: 0.728441, R^2: 0.530251
GBDT_AE_BET_ECFP的BA值    ：-9.447017063977754
GBDT_AE_BET_ECFP    :RMSD: 0.831986, P: 0.732378, R^2: 0.531039
fold= 5
>>>>>>>>>>>>>training.............
###############################################GBDT#####################################################
GBDT_BET的BA值：-9.67153578305958
GBDT_BET:RMSD: 0.796415, P: 0.800839, R^2: 0.619994
GBDT_AE的BA值 ：-9.66921610105948
GBDT_AE :RMSD: 0.791542, P: 0.815875, R^2: 0.624630
GBDT_ECFP的BA值 ：-10.043534641321392
GBDT_ECFP :RMSD: 0.749933, P: 0.817797, R^2: 0.663057
GBDT_AE_BET的BA值    ：-9.645142226701795
GBDT_AE_BET    :RMSD: 0.780538, P: 0.817258, R^2: 0.634995
GBDT_AE_ECFP的BA值    ：-9.82581633846019
GBDT_AE_ECFP    :RMSD: 0.735087, P: 0.831337, R^2: 0.676265
GBDT_BET_ECFP的BA值    ：-9.792366861319927
GBDT_BET_ECFP    :RMSD: 0.733685, P: 0.830950, R^2: 0.677499
GBDT_AE_BET_ECFP的BA值    ：-9.739458266902483
GBDT_AE_BET_ECFP    :RMSD: 0.739995, P: 0.832610, R^2: 0.671928
fold= 6
>>>>>>>>>>>>>training.............
###############################################GBDT#####################################################
GBDT_BET的BA值：-9.762628205493982
GBDT_BET:RMSD: 0.986119, P: 0.679206, R^2: 0.397317
GBDT_AE的BA值 ：-9.421261473431088
GBDT_AE :RMSD: 1.018599, P: 0.635925, R^2: 0.356961
GBDT_ECFP的BA值 ：-10.422173220552551
GBDT_ECFP :RMSD: 1.038451, P: 0.651530, R^2: 0.331651
GBDT_AE_BET的BA值    ：-9.559962833106649
GBDT_AE_BET    :RMSD: 0.991265, P: 0.668157, R^2: 0.391010
GBDT_AE_ECFP的BA值    ：-9.919943767740172
GBDT_AE_ECFP    :RMSD: 0.996418, P: 0.661013, R^2: 0.384662
GBDT_BET_ECFP的BA值    ：-10.062192285919028
GBDT_BET_ECFP    :RMSD: 0.985569, P: 0.678952, R^2: 0.397988
GBDT_AE_BET_ECFP的BA值    ：-9.847366295588616
GBDT_AE_BET_ECFP    :RMSD: 0.983127, P: 0.674641, R^2: 0.400968
fold= 7
>>>>>>>>>>>>>training.............
###############################################GBDT#####################################################
GBDT_BET的BA值：-9.812239395722646
GBDT_BET:RMSD: 1.064949, P: 0.762103, R^2: 0.523997
GBDT_AE的BA值 ：-9.667567893915944
GBDT_AE :RMSD: 1.091274, P: 0.754005, R^2: 0.500173
GBDT_ECFP的BA值 ：-11.041002424600292
GBDT_ECFP :RMSD: 1.088344, P: 0.732961, R^2: 0.502853
GBDT_AE_BET的BA值    ：-9.705623767754787
GBDT_AE_BET    :RMSD: 1.069188, P: 0.767493, R^2: 0.520199
GBDT_AE_ECFP的BA值    ：-10.354285159258119
GBDT_AE_ECFP    :RMSD: 1.054304, P: 0.755471, R^2: 0.533464
GBDT_BET_ECFP的BA值    ：-10.392341033096962
GBDT_BET_ECFP    :RMSD: 1.051210, P: 0.756669, R^2: 0.536199
GBDT_AE_BET_ECFP的BA值    ：-10.150749986703289
GBDT_AE_BET_ECFP    :RMSD: 1.050374, P: 0.763710, R^2: 0.536936
fold= 8
>>>>>>>>>>>>>training.............
###############################################GBDT#####################################################
GBDT_BET的BA值：-9.986435555351699
GBDT_BET:RMSD: 1.020931, P: 0.616426, R^2: 0.276035
GBDT_AE的BA值 ：-9.952277546457807
GBDT_AE :RMSD: 0.981473, P: 0.634930, R^2: 0.330914
GBDT_ECFP的BA值 ：-10.070310820230038
GBDT_ECFP :RMSD: 1.033130, P: 0.610072, R^2: 0.258631
GBDT_AE_BET的BA值    ：-9.898273826651161
GBDT_AE_BET    :RMSD: 0.994033, P: 0.631314, R^2: 0.313680
GBDT_AE_ECFP的BA值    ：-9.89141575943124
GBDT_AE_ECFP    :RMSD: 0.979308, P: 0.634128, R^2: 0.333863
GBDT_BET_ECFP的BA值    ：-9.985288153024552
GBDT_BET_ECFP    :RMSD: 0.994944, P: 0.628391, R^2: 0.312422
GBDT_AE_BET_ECFP的BA值    ：-9.875700541902333
GBDT_AE_BET_ECFP    :RMSD: 0.981795, P: 0.635653, R^2: 0.330476
fold= 9
>>>>>>>>>>>>>training.............
###############################################GBDT#####################################################
GBDT_BET的BA值：-9.778382376793054
GBDT_BET:RMSD: 1.020024, P: 0.691130, R^2: 0.466234
GBDT_AE的BA值 ：-9.728468322877088
GBDT_AE :RMSD: 0.927917, P: 0.773863, R^2: 0.558279
GBDT_ECFP的BA值 ：-10.365855177830687
GBDT_ECFP :RMSD: 0.878164, P: 0.786652, R^2: 0.604377
GBDT_AE_BET的BA值    ：-9.753425349835071
GBDT_AE_BET    :RMSD: 0.968573, P: 0.738418, R^2: 0.518724
GBDT_AE_ECFP的BA值    ：-10.036152095928916
GBDT_AE_ECFP    :RMSD: 0.871967, P: 0.794230, R^2: 0.609941
GBDT_BET_ECFP的BA值    ：-10.029586389842763
GBDT_BET_ECFP    :RMSD: 0.909165, P: 0.767722, R^2: 0.575952
GBDT_AE_BET_ECFP的BA值    ：-9.921873931237558
GBDT_AE_BET_ECFP    :RMSD: 0.908449, P: 0.773611, R^2: 0.576620
fold= 10
>>>>>>>>>>>>>training.............
###############################################GBDT#####################################################
GBDT_BET的BA值：-9.714825810804864
GBDT_BET:RMSD: 0.775216, P: 0.792693, R^2: 0.598718
GBDT_AE的BA值 ：-9.670843840386862
GBDT_AE :RMSD: 0.852319, P: 0.736095, R^2: 0.514926
GBDT_ECFP的BA值 ：-10.073895865297981
GBDT_ECFP :RMSD: 0.905838, P: 0.679679, R^2: 0.452096
GBDT_AE_BET的BA值    ：-9.579262900396232
GBDT_AE_BET    :RMSD: 0.801330, P: 0.777531, R^2: 0.571228
GBDT_AE_ECFP的BA值    ：-9.872369852842422
GBDT_AE_ECFP    :RMSD: 0.842624, P: 0.736575, R^2: 0.525899
GBDT_BET_ECFP的BA值    ：-9.67186077159867
GBDT_BET_ECFP    :RMSD: 0.793571, P: 0.774798, R^2: 0.579491
GBDT_AE_BET_ECFP的BA值    ：-9.671521794528067
GBDT_AE_BET_ECFP    :RMSD: 0.801363, P: 0.773624, R^2: 0.571192
@@@@@@@@@@@@@@@@@@@@@@@@@@@@@@@@@@@@@@@@@@@最终结果@@@@@@@@@@@@@@@@@@@@@@@@@@@@@@@@@@@@@@@@@@@@@@@@@@
@@@@@@@@@@@@@@@@@@@@@@@@@@@@@@@@@@@@@@@@@@@最终结果@@@@@@@@@@@@@@@@@@@@@@@@@@@@@@@@@@@@@@@@@@@@@@@@@@
%%%%%%%%%%%%%%%%%%%%%%%%%%%%%%%%%%%%%%%%%%%GBDT%%%%%%%%%%%%%%%%%%%%%%%%%%%%%%%%%%%%%%%%%%%%%%%%%%%%%%
GBDT_BET:0-th Final RMSD: 0.915403, Final P: 0.748050, Final R^2: 0.548846
GBDT_AE :0-th Final RMSD: 0.931747, Final P: 0.747058, Final R^2: 0.532591
GBDT_ECFP :0-th Final RMSD: 0.923091, Final P: 0.740482, Final R^2: 0.541236
GBDT_AE_BET    :0-th Final RMSD: 0.913744, Final P: 0.756544, Final R^2: 0.550479
GBDT_AE_ECFP    :0-th Final RMSD: 0.891982, Final P: 0.760221, Final R^2: 0.571636
GBDT_BET_ECFP    :0-th Final RMSD: 0.883605, Final P: 0.763679, Final R^2: 0.579644
GBDT_AE_BET_ECFP    :0-th Final RMSD: 0.887384, Final P: 0.766249, Final R^2: 0.576041
0-th GBDT_AE的BA值 ：-9.952278
0-th GBDT_BET的BA值：-9.986436
0-th GBDT_ECFP的BA值 ：-11.041002
0-th GBDT_AE_BET的BA值：-9.898274
0-th GBDT_AE_ECFP的BA值    ：-10.354285
0-th GBDT_BET_ECFP的BA值    ：-10.392341
0-th GBDT_AE_BET_ECFP的BA值    ：-10.150750
total time: 0.22677741169929505 h
