size of data: (435,)
size of train size: 348
GBDT parameter
Namespace(n_estimators=10000, dataset='CHEMBL3392948', max_depth=7, learning_rate=0.01, criterion='friedman_mse', subsample=0.7, max_features='sqrt', min_samples_split=3, loss='ls', n_iter_no_change=None, random_seed=0)
fold= 1
>>>>>>>>>>>>>training.............
###############################################GBDT#####################################################
GBDT_BET的BA值：-9.58367992596667
GBDT_BET:RMSD: 1.161875, P: 0.690442, R^2: 0.362466
GBDT_AE的BA值 ：-9.393940102459082
GBDT_AE :RMSD: 1.173019, P: 0.716836, R^2: 0.350178
GBDT_ECFP的BA值 ：-10.58521163135728
GBDT_ECFP :RMSD: 0.961432, P: 0.774817, R^2: 0.563463
GBDT_AE_BET的BA值    ：-9.488810014212877
GBDT_AE_BET    :RMSD: 1.160170, P: 0.714327, R^2: 0.364335
GBDT_AE_ECFP的BA值    ：-9.939362020640498
GBDT_AE_ECFP    :RMSD: 0.968795, P: 0.770003, R^2: 0.556750
GBDT_BET_ECFP的BA值    ：-10.034231932394293
GBDT_BET_ECFP    :RMSD: 0.973538, P: 0.765907, R^2: 0.552399
GBDT_AE_BET_ECFP的BA值    ：-9.820801322415889
GBDT_AE_BET_ECFP    :RMSD: 1.015385, P: 0.759828, R^2: 0.513093
fold= 2
>>>>>>>>>>>>>training.............
###############################################GBDT#####################################################
GBDT_BET的BA值：-10.281696888811316
GBDT_BET:RMSD: 0.968024, P: 0.728970, R^2: 0.515899
GBDT_AE的BA值 ：-10.212460434423583
GBDT_AE :RMSD: 0.956638, P: 0.748731, R^2: 0.527220
GBDT_ECFP的BA值 ：-10.560306459490025
GBDT_ECFP :RMSD: 0.925778, P: 0.746867, R^2: 0.557230
GBDT_AE_BET的BA值    ：-10.24707866161745
GBDT_AE_BET    :RMSD: 0.953323, P: 0.746229, R^2: 0.530490
GBDT_AE_ECFP的BA值    ：-10.386383446956804
GBDT_AE_ECFP    :RMSD: 0.918957, P: 0.760098, R^2: 0.563730
GBDT_BET_ECFP的BA值    ：-10.42100167415067
GBDT_BET_ECFP    :RMSD: 0.923552, P: 0.753756, R^2: 0.559357
GBDT_AE_BET_ECFP的BA值    ：-10.351487927574974
GBDT_AE_BET_ECFP    :RMSD: 0.925907, P: 0.757913, R^2: 0.557107
fold= 3
>>>>>>>>>>>>>training.............
###############################################GBDT#####################################################
GBDT_BET的BA值：-10.282349421550617
GBDT_BET:RMSD: 0.848852, P: 0.693830, R^2: 0.456014
GBDT_AE的BA值 ：-9.854476455956167
GBDT_AE :RMSD: 0.816006, P: 0.722645, R^2: 0.497299
GBDT_ECFP的BA值 ：-10.210376319395476
GBDT_ECFP :RMSD: 0.939452, P: 0.623263, R^2: 0.333697
GBDT_AE_BET的BA值    ：-10.068412938753392
GBDT_AE_BET    :RMSD: 0.824444, P: 0.716133, R^2: 0.486848
GBDT_AE_ECFP的BA值    ：-10.032426387675821
GBDT_AE_ECFP    :RMSD: 0.846337, P: 0.691139, R^2: 0.459234
GBDT_BET_ECFP的BA值    ：-10.246362870473046
GBDT_BET_ECFP    :RMSD: 0.860119, P: 0.683098, R^2: 0.441479
GBDT_AE_BET_ECFP的BA值    ：-10.115734065634086
GBDT_AE_BET_ECFP    :RMSD: 0.834946, P: 0.704363, R^2: 0.473693
fold= 4
>>>>>>>>>>>>>training.............
###############################################GBDT#####################################################
GBDT_BET的BA值：-10.36099689439761
GBDT_BET:RMSD: 1.028235, P: 0.496099, R^2: 0.191766
GBDT_AE的BA值 ：-10.014935503086495
GBDT_AE :RMSD: 0.985326, P: 0.522203, R^2: 0.257815
GBDT_ECFP的BA值 ：-10.888442193721028
GBDT_ECFP :RMSD: 1.160946, P: 0.488763, R^2: -0.030330
GBDT_AE_BET的BA值    ：-10.187966198742053
GBDT_AE_BET    :RMSD: 0.997937, P: 0.513499, R^2: 0.238695
GBDT_AE_ECFP的BA值    ：-10.451688848403762
GBDT_AE_ECFP    :RMSD: 1.033973, P: 0.512256, R^2: 0.182720
GBDT_BET_ECFP的BA值    ：-10.62471954405932
GBDT_BET_ECFP    :RMSD: 1.061151, P: 0.505922, R^2: 0.139190
GBDT_AE_BET_ECFP的BA值    ：-10.421458197068377
GBDT_AE_BET_ECFP    :RMSD: 1.021336, P: 0.514327, R^2: 0.202575
fold= 5
>>>>>>>>>>>>>training.............
###############################################GBDT#####################################################
GBDT_BET的BA值：-10.16098907873878
GBDT_BET:RMSD: 0.819580, P: 0.780333, R^2: 0.577984
GBDT_AE的BA值 ：-9.964652145842212
GBDT_AE :RMSD: 0.831707, P: 0.781119, R^2: 0.565402
GBDT_ECFP的BA值 ：-10.830306150990289
GBDT_ECFP :RMSD: 0.958221, P: 0.668762, R^2: 0.423129
GBDT_AE_BET的BA值    ：-10.062820612290496
GBDT_AE_BET    :RMSD: 0.820243, P: 0.786311, R^2: 0.577301
GBDT_AE_ECFP的BA值    ：-10.39747914841625
GBDT_AE_ECFP    :RMSD: 0.850974, P: 0.744533, R^2: 0.545033
GBDT_BET_ECFP的BA值    ：-10.495647614864534
GBDT_BET_ECFP    :RMSD: 0.848311, P: 0.746262, R^2: 0.547877
GBDT_AE_BET_ECFP的BA值    ：-10.318649125190428
GBDT_AE_BET_ECFP    :RMSD: 0.828969, P: 0.766550, R^2: 0.568259
fold= 6
>>>>>>>>>>>>>training.............
###############################################GBDT#####################################################
GBDT_BET的BA值：-9.979046910037503
GBDT_BET:RMSD: 0.908463, P: 0.802038, R^2: 0.588847
GBDT_AE的BA值 ：-9.639708736093121
GBDT_AE :RMSD: 1.003205, P: 0.755379, R^2: 0.498619
GBDT_ECFP的BA值 ：-10.694138725540828
GBDT_ECFP :RMSD: 0.961463, P: 0.770451, R^2: 0.539474
GBDT_AE_BET的BA值    ：-9.809377823065311
GBDT_AE_BET    :RMSD: 0.946802, P: 0.787726, R^2: 0.553412
GBDT_AE_ECFP的BA值    ：-10.166923730816976
GBDT_AE_ECFP    :RMSD: 0.943347, P: 0.776314, R^2: 0.556665
GBDT_BET_ECFP的BA值    ：-10.336592817789166
GBDT_BET_ECFP    :RMSD: 0.906236, P: 0.801404, R^2: 0.590861
GBDT_AE_BET_ECFP的BA值    ：-10.104298123890485
GBDT_AE_BET_ECFP    :RMSD: 0.923415, P: 0.793548, R^2: 0.575202
fold= 7
>>>>>>>>>>>>>training.............
###############################################GBDT#####################################################
GBDT_BET的BA值：-10.47201996105556
GBDT_BET:RMSD: 0.802444, P: 0.768443, R^2: 0.578819
GBDT_AE的BA值 ：-10.22603574411642
GBDT_AE :RMSD: 0.816634, P: 0.757906, R^2: 0.563792
GBDT_ECFP的BA值 ：-10.527593591877272
GBDT_ECFP :RMSD: 0.810399, P: 0.768410, R^2: 0.570427
GBDT_AE_BET的BA值    ：-10.34902785258599
GBDT_AE_BET    :RMSD: 0.801689, P: 0.769179, R^2: 0.579612
GBDT_AE_ECFP的BA值    ：-10.32610740994379
GBDT_AE_ECFP    :RMSD: 0.777241, P: 0.778955, R^2: 0.604861
GBDT_BET_ECFP的BA值    ：-10.449099518413359
GBDT_BET_ECFP    :RMSD: 0.766170, P: 0.786970, R^2: 0.616037
GBDT_AE_BET_ECFP的BA值    ：-10.374744926981046
GBDT_AE_BET_ECFP    :RMSD: 0.772280, P: 0.783849, R^2: 0.609889
fold= 8
>>>>>>>>>>>>>training.............
###############################################GBDT#####################################################
GBDT_BET的BA值：-10.169372783489713
GBDT_BET:RMSD: 0.902758, P: 0.715187, R^2: 0.506678
GBDT_AE的BA值 ：-9.884709236367515
GBDT_AE :RMSD: 0.980278, P: 0.653360, R^2: 0.418318
GBDT_ECFP的BA值 ：-10.582708992371305
GBDT_ECFP :RMSD: 1.088706, P: 0.583642, R^2: 0.282522
GBDT_AE_BET的BA值    ：-10.027041009928613
GBDT_AE_BET    :RMSD: 0.935505, P: 0.691484, R^2: 0.470239
GBDT_AE_ECFP的BA值    ：-10.095612557736569
GBDT_AE_ECFP    :RMSD: 1.001746, P: 0.628846, R^2: 0.392561
GBDT_BET_ECFP的BA值    ：-10.237944331297669
GBDT_BET_ECFP    :RMSD: 0.964878, P: 0.663236, R^2: 0.436451
GBDT_AE_BET_ECFP的BA值    ：-10.120199299654283
GBDT_AE_BET_ECFP    :RMSD: 0.959017, P: 0.665962, R^2: 0.443276
fold= 9
>>>>>>>>>>>>>training.............
###############################################GBDT#####################################################
GBDT_BET的BA值：-10.219173712307683
GBDT_BET:RMSD: 1.007196, P: 0.624927, R^2: 0.389871
GBDT_AE的BA值 ：-10.083492765063028
GBDT_AE :RMSD: 1.005676, P: 0.626149, R^2: 0.391711
GBDT_ECFP的BA值 ：-10.732363362514805
GBDT_ECFP :RMSD: 1.011998, P: 0.657191, R^2: 0.384039
GBDT_AE_BET的BA值    ：-10.151333238685355
GBDT_AE_BET    :RMSD: 1.002336, P: 0.629269, R^2: 0.395745
GBDT_AE_ECFP的BA值    ：-10.407928063788916
GBDT_AE_ECFP    :RMSD: 0.970919, P: 0.662572, R^2: 0.433030
GBDT_BET_ECFP的BA值    ：-10.475768537411245
GBDT_BET_ECFP    :RMSD: 0.972921, P: 0.661043, R^2: 0.430690
GBDT_AE_BET_ECFP的BA值    ：-10.345009946628506
GBDT_AE_BET_ECFP    :RMSD: 0.973298, P: 0.657376, R^2: 0.430249
fold= 10
>>>>>>>>>>>>>training.............
###############################################GBDT#####################################################
GBDT_BET的BA值：-9.712234942597878
GBDT_BET:RMSD: 0.899042, P: 0.560996, R^2: 0.304785
GBDT_AE的BA值 ：-9.657154397622087
GBDT_AE :RMSD: 0.911478, P: 0.541620, R^2: 0.285419
GBDT_ECFP的BA值 ：-10.603626488663183
GBDT_ECFP :RMSD: 0.824838, P: 0.651112, R^2: 0.414810
GBDT_AE_BET的BA值    ：-9.684694670109982
GBDT_AE_BET    :RMSD: 0.897243, P: 0.559660, R^2: 0.307564
GBDT_AE_ECFP的BA值    ：-9.808923838858927
GBDT_AE_ECFP    :RMSD: 0.828892, P: 0.640441, R^2: 0.409044
GBDT_BET_ECFP的BA值    ：-9.836464111346821
GBDT_BET_ECFP    :RMSD: 0.814223, P: 0.657710, R^2: 0.429775
GBDT_AE_BET_ECFP的BA值    ：-9.776694206771909
GBDT_AE_BET_ECFP    :RMSD: 0.836716, P: 0.631290, R^2: 0.397835
@@@@@@@@@@@@@@@@@@@@@@@@@@@@@@@@@@@@@@@@@@@最终结果@@@@@@@@@@@@@@@@@@@@@@@@@@@@@@@@@@@@@@@@@@@@@@@@@@
@@@@@@@@@@@@@@@@@@@@@@@@@@@@@@@@@@@@@@@@@@@最终结果@@@@@@@@@@@@@@@@@@@@@@@@@@@@@@@@@@@@@@@@@@@@@@@@@@
%%%%%%%%%%%%%%%%%%%%%%%%%%%%%%%%%%%%%%%%%%%GBDT%%%%%%%%%%%%%%%%%%%%%%%%%%%%%%%%%%%%%%%%%%%%%%%%%%%%%%
GBDT_BET:0-th Final RMSD: 0.940782, Final P: 0.683831, Final R^2: 0.464760
GBDT_AE :0-th Final RMSD: 0.953817, Final P: 0.678935, Final R^2: 0.449825
GBDT_ECFP :0-th Final RMSD: 0.969855, Final P: 0.678936, Final R^2: 0.431168
GBDT_AE_BET    :0-th Final RMSD: 0.939766, Final P: 0.688687, Final R^2: 0.465916
GBDT_AE_ECFP    :0-th Final RMSD: 0.917700, Final P: 0.701960, Final R^2: 0.490702
GBDT_BET_ECFP    :0-th Final RMSD: 0.913238, Final P: 0.706235, Final R^2: 0.495643
GBDT_AE_BET_ECFP    :0-th Final RMSD: 0.912986, Final P: 0.706894, Final R^2: 0.495921
0-th GBDT_AE的BA值 ：-10.226036
0-th GBDT_BET的BA值：-10.472020
0-th GBDT_ECFP的BA值 ：-10.888442
0-th GBDT_AE_BET的BA值：-10.349028
0-th GBDT_AE_ECFP的BA值    ：-10.451689
0-th GBDT_BET_ECFP的BA值    ：-10.624720
0-th GBDT_AE_BET_ECFP的BA值    ：-10.421458
total time: 0.19759667601850298 h
