size of data: (982,)
size of train size: 785
GBDT parameter
Namespace(n_estimators=10000, dataset='CHEMBL2959', max_depth=7, learning_rate=0.01, criterion='friedman_mse', subsample=0.7, max_features='sqrt', min_samples_split=3, loss='ls', n_iter_no_change=None, random_seed=0)
fold= 1
>>>>>>>>>>>>>training.............
###############################################GBDT#####################################################
GBDT_BET的BA值：-11.834606085913155
GBDT_BET:RMSD: 0.963109, P: 0.758160, R^2: 0.512844
GBDT_AE的BA值 ：-11.641497671980751
GBDT_AE :RMSD: 0.941540, P: 0.792434, R^2: 0.534420
GBDT_ECFP的BA值 ：-12.49427786483775
GBDT_ECFP :RMSD: 0.837354, P: 0.813367, R^2: 0.631756
GBDT_AE_BET的BA值    ：-11.738051878946953
GBDT_AE_BET    :RMSD: 0.938695, P: 0.791768, R^2: 0.537229
GBDT_AE_ECFP的BA值    ：-11.983915171127144
GBDT_AE_ECFP    :RMSD: 0.859842, P: 0.822040, R^2: 0.611711
GBDT_BET_ECFP的BA值    ：-12.080469378093346
GBDT_BET_ECFP    :RMSD: 0.868184, P: 0.811845, R^2: 0.604141
GBDT_AE_BET_ECFP的BA值    ：-11.934145476055813
GBDT_AE_BET_ECFP    :RMSD: 0.880760, P: 0.816318, R^2: 0.592589
fold= 2
>>>>>>>>>>>>>training.............
###############################################GBDT#####################################################
GBDT_BET的BA值：-12.124149253058377
GBDT_BET:RMSD: 1.154607, P: 0.789968, R^2: 0.536136
GBDT_AE的BA值 ：-11.926829102992992
GBDT_AE :RMSD: 1.185461, P: 0.787951, R^2: 0.511014
GBDT_ECFP的BA值 ：-12.615165608204045
GBDT_ECFP :RMSD: 0.916310, P: 0.860860, R^2: 0.707849
GBDT_AE_BET的BA值    ：-11.941927146868291
GBDT_AE_BET    :RMSD: 1.160245, P: 0.799977, R^2: 0.531595
GBDT_AE_ECFP的BA值    ：-12.129320452178277
GBDT_AE_ECFP    :RMSD: 1.023171, P: 0.847641, R^2: 0.635734
GBDT_BET_ECFP的BA值    ：-12.322165035020614
GBDT_BET_ECFP    :RMSD: 1.007891, P: 0.848307, R^2: 0.646533
GBDT_AE_BET_ECFP的BA值    ：-12.12759671913831
GBDT_AE_BET_ECFP    :RMSD: 1.057119, P: 0.839352, R^2: 0.611161
fold= 3
>>>>>>>>>>>>>training.............
###############################################GBDT#####################################################
GBDT_BET的BA值：-12.475445880379178
GBDT_BET:RMSD: 0.877720, P: 0.809557, R^2: 0.609220
GBDT_AE的BA值 ：-11.870026778213566
GBDT_AE :RMSD: 0.936596, P: 0.803079, R^2: 0.555036
GBDT_ECFP的BA值 ：-12.973563082081126
GBDT_ECFP :RMSD: 0.877076, P: 0.781146, R^2: 0.609794
GBDT_AE_BET的BA值    ：-12.172736329296372
GBDT_AE_BET    :RMSD: 0.892834, P: 0.818744, R^2: 0.595646
GBDT_AE_ECFP的BA值    ：-12.24787066325867
GBDT_AE_ECFP    :RMSD: 0.859751, P: 0.812966, R^2: 0.625057
GBDT_BET_ECFP的BA值    ：-12.612005422564788
GBDT_BET_ECFP    :RMSD: 0.840782, P: 0.815101, R^2: 0.641419
GBDT_AE_BET_ECFP的BA值    ：-12.315348109123875
GBDT_AE_BET_ECFP    :RMSD: 0.853496, P: 0.822603, R^2: 0.630493
fold= 4
>>>>>>>>>>>>>training.............
###############################################GBDT#####################################################
GBDT_BET的BA值：-12.66694545466273
GBDT_BET:RMSD: 0.923650, P: 0.721431, R^2: 0.495702
GBDT_AE的BA值 ：-12.065580363916455
GBDT_AE :RMSD: 0.955091, P: 0.731993, R^2: 0.460786
GBDT_ECFP的BA值 ：-13.2078882766635
GBDT_ECFP :RMSD: 0.804056, P: 0.793986, R^2: 0.617840
GBDT_AE_BET的BA值    ：-12.330367361604026
GBDT_AE_BET    :RMSD: 0.921297, P: 0.738700, R^2: 0.498268
GBDT_AE_ECFP的BA值    ：-12.524326179225017
GBDT_AE_ECFP    :RMSD: 0.829377, P: 0.787599, R^2: 0.593391
GBDT_BET_ECFP的BA值    ：-12.937416865663115
GBDT_BET_ECFP    :RMSD: 0.811533, P: 0.789064, R^2: 0.610700
GBDT_AE_BET_ECFP的BA值    ：-12.547935572580542
GBDT_AE_BET_ECFP    :RMSD: 0.841238, P: 0.780953, R^2: 0.581679
fold= 5
>>>>>>>>>>>>>training.............
###############################################GBDT#####################################################
GBDT_BET的BA值：-11.634005004507513
GBDT_BET:RMSD: 0.841063, P: 0.712721, R^2: 0.497933
GBDT_AE的BA值 ：-11.41108473307706
GBDT_AE :RMSD: 0.838072, P: 0.709245, R^2: 0.501498
GBDT_ECFP的BA值 ：-12.134695489822255
GBDT_ECFP :RMSD: 0.856731, P: 0.727577, R^2: 0.479054
GBDT_AE_BET的BA值    ：-11.470406467382336
GBDT_AE_BET    :RMSD: 0.826317, P: 0.719011, R^2: 0.515384
GBDT_AE_ECFP的BA值    ：-11.634690540824653
GBDT_AE_ECFP    :RMSD: 0.799495, P: 0.742061, R^2: 0.546335
GBDT_BET_ECFP的BA值    ：-11.858611267296949
GBDT_BET_ECFP    :RMSD: 0.813030, P: 0.738987, R^2: 0.530844
GBDT_AE_BET_ECFP的BA值    ：-11.617302708806983
GBDT_AE_BET_ECFP    :RMSD: 0.801963, P: 0.739952, R^2: 0.543530
fold= 6
>>>>>>>>>>>>>training.............
###############################################GBDT#####################################################
GBDT_BET的BA值：-12.108830678393549
GBDT_BET:RMSD: 0.958578, P: 0.678723, R^2: 0.459221
GBDT_AE的BA值 ：-11.784610101586077
GBDT_AE :RMSD: 0.950696, P: 0.687530, R^2: 0.468077
GBDT_ECFP的BA值 ：-13.015442189659055
GBDT_ECFP :RMSD: 0.942412, P: 0.707740, R^2: 0.477307
GBDT_AE_BET的BA值    ：-11.946720389989814
GBDT_AE_BET    :RMSD: 0.943034, P: 0.691547, R^2: 0.476617
GBDT_AE_ECFP的BA值    ：-12.400026145622565
GBDT_AE_ECFP    :RMSD: 0.907566, P: 0.717850, R^2: 0.515245
GBDT_BET_ECFP的BA值    ：-12.562136434026302
GBDT_BET_ECFP    :RMSD: 0.922600, P: 0.709031, R^2: 0.499052
GBDT_AE_BET_ECFP的BA值    ：-12.30296098987956
GBDT_AE_BET_ECFP    :RMSD: 0.915659, P: 0.711826, R^2: 0.506561
fold= 7
>>>>>>>>>>>>>training.............
###############################################GBDT#####################################################
GBDT_BET的BA值：-12.856299021667487
GBDT_BET:RMSD: 0.931144, P: 0.756600, R^2: 0.556966
GBDT_AE的BA值 ：-12.086265477716466
GBDT_AE :RMSD: 1.003979, P: 0.714829, R^2: 0.484945
GBDT_ECFP的BA值 ：-12.887288219658885
GBDT_ECFP :RMSD: 0.886220, P: 0.775182, R^2: 0.598684
GBDT_AE_BET的BA值    ：-12.471282249691978
GBDT_AE_BET    :RMSD: 0.951460, P: 0.752397, R^2: 0.537422
GBDT_AE_ECFP的BA值    ：-12.467109345450055
GBDT_AE_ECFP    :RMSD: 0.901094, P: 0.775036, R^2: 0.585100
GBDT_BET_ECFP的BA值    ：-12.852126117425566
GBDT_BET_ECFP    :RMSD: 0.872766, P: 0.787475, R^2: 0.610776
GBDT_AE_BET_ECFP的BA值    ：-12.596839237522532
GBDT_AE_BET_ECFP    :RMSD: 0.897866, P: 0.780185, R^2: 0.588067
fold= 8
>>>>>>>>>>>>>training.............
###############################################GBDT#####################################################
GBDT_BET的BA值：-12.138684087637529
GBDT_BET:RMSD: 0.889983, P: 0.776294, R^2: 0.578544
GBDT_AE的BA值 ：-11.79327552225516
GBDT_AE :RMSD: 0.898770, P: 0.777353, R^2: 0.570181
GBDT_ECFP的BA值 ：-12.301357709908727
GBDT_ECFP :RMSD: 0.859301, P: 0.784692, R^2: 0.607103
GBDT_AE_BET的BA值    ：-11.965979804946343
GBDT_AE_BET    :RMSD: 0.880354, P: 0.790859, R^2: 0.587614
GBDT_AE_ECFP的BA值    ：-12.047316616081943
GBDT_AE_ECFP    :RMSD: 0.828720, P: 0.806587, R^2: 0.634570
GBDT_BET_ECFP的BA值    ：-12.220020898773129
GBDT_BET_ECFP    :RMSD: 0.825851, P: 0.806774, R^2: 0.637096
GBDT_AE_BET_ECFP的BA值    ：-12.077772439933804
GBDT_AE_BET_ECFP    :RMSD: 0.832471, P: 0.810305, R^2: 0.631255
fold= 9
>>>>>>>>>>>>>training.............
###############################################GBDT#####################################################
GBDT_BET的BA值：-12.404657321312191
GBDT_BET:RMSD: 0.855083, P: 0.796632, R^2: 0.630887
GBDT_AE的BA值 ：-12.099323750882968
GBDT_AE :RMSD: 0.882659, P: 0.791730, R^2: 0.606696
GBDT_ECFP的BA值 ：-12.986031247183142
GBDT_ECFP :RMSD: 0.838416, P: 0.804151, R^2: 0.645136
GBDT_AE_BET的BA值    ：-12.210862892793898
GBDT_AE_BET    :RMSD: 0.855312, P: 0.802763, R^2: 0.630689
GBDT_AE_ECFP的BA值    ：-12.531019886596297
GBDT_AE_ECFP    :RMSD: 0.822749, P: 0.817058, R^2: 0.658275
GBDT_BET_ECFP的BA值    ：-12.654015847515002
GBDT_BET_ECFP    :RMSD: 0.815260, P: 0.816947, R^2: 0.664468
GBDT_AE_BET_ECFP的BA值    ：-12.438382435777667
GBDT_AE_BET_ECFP    :RMSD: 0.821874, P: 0.817771, R^2: 0.659001
fold= 10
>>>>>>>>>>>>>training.............
###############################################GBDT#####################################################
GBDT_BET的BA值：-12.146314565272474
GBDT_BET:RMSD: 0.927999, P: 0.843966, R^2: 0.660004
GBDT_AE的BA值 ：-11.588172519534009
GBDT_AE :RMSD: 1.001722, P: 0.840427, R^2: 0.603837
GBDT_ECFP的BA值 ：-12.990639294443495
GBDT_ECFP :RMSD: 0.866420, P: 0.843367, R^2: 0.703629
GBDT_AE_BET的BA值    ：-11.803168016101406
GBDT_AE_BET    :RMSD: 0.953449, P: 0.851204, R^2: 0.641099
GBDT_AE_ECFP的BA值    ：-12.289405906988751
GBDT_AE_ECFP    :RMSD: 0.885466, P: 0.862201, R^2: 0.690456
GBDT_BET_ECFP的BA值    ：-12.425289161254323
GBDT_BET_ECFP    :RMSD: 0.854175, P: 0.864355, R^2: 0.711947
GBDT_AE_BET_ECFP的BA值    ：-12.103533263146327
GBDT_AE_BET_ECFP    :RMSD: 0.886667, P: 0.866103, R^2: 0.689615
@@@@@@@@@@@@@@@@@@@@@@@@@@@@@@@@@@@@@@@@@@@最终结果@@@@@@@@@@@@@@@@@@@@@@@@@@@@@@@@@@@@@@@@@@@@@@@@@@
@@@@@@@@@@@@@@@@@@@@@@@@@@@@@@@@@@@@@@@@@@@最终结果@@@@@@@@@@@@@@@@@@@@@@@@@@@@@@@@@@@@@@@@@@@@@@@@@@
%%%%%%%%%%%%%%%%%%%%%%%%%%%%%%%%%%%%%%%%%%%GBDT%%%%%%%%%%%%%%%%%%%%%%%%%%%%%%%%%%%%%%%%%%%%%%%%%%%%%%
GBDT_BET:0-th Final RMSD: 0.936328, Final P: 0.758950, Final R^2: 0.564166
GBDT_AE :0-th Final RMSD: 0.963853, Final P: 0.753654, Final R^2: 0.538165
GBDT_ECFP :0-th Final RMSD: 0.869275, Final P: 0.791121, Final R^2: 0.624353
GBDT_AE_BET    :0-th Final RMSD: 0.936543, Final P: 0.768159, Final R^2: 0.563966
GBDT_AE_ECFP    :0-th Final RMSD: 0.873983, Final P: 0.797522, Final R^2: 0.620273
GBDT_BET_ECFP    :0-th Final RMSD: 0.865337, Final P: 0.797835, Final R^2: 0.627749
GBDT_AE_BET_ECFP    :0-th Final RMSD: 0.881773, Final P: 0.795624, Final R^2: 0.613474
0-th GBDT_AE的BA值 ：-12.099324
0-th GBDT_BET的BA值：-12.856299
0-th GBDT_ECFP的BA值 ：-13.207888
0-th GBDT_AE_BET的BA值：-12.471282
0-th GBDT_AE_ECFP的BA值    ：-12.531020
0-th GBDT_BET_ECFP的BA值    ：-12.937417
0-th GBDT_AE_BET_ECFP的BA值    ：-12.596839
total time: 0.4600889652305179 h
