size of data: (327,)
size of train size: 261
GBDT parameter
Namespace(n_estimators=10000, dataset='CHEMBL2047', max_depth=7, learning_rate=0.01, criterion='friedman_mse', subsample=0.7, max_features='sqrt', min_samples_split=3, loss='ls', n_iter_no_change=None, random_seed=0)
fold= 1
>>>>>>>>>>>>>training.............
###############################################GBDT#####################################################
GBDT_BET的BA值：-11.05430779998617
GBDT_BET:RMSD: 0.947916, P: 0.699368, R^2: 0.420087
GBDT_AE的BA值 ：-11.064132654679499
GBDT_AE :RMSD: 1.092949, P: 0.657908, R^2: 0.229056
GBDT_ECFP的BA值 ：-10.943150041526673
GBDT_ECFP :RMSD: 0.716740, P: 0.836856, R^2: 0.668452
GBDT_AE_BET的BA值    ：-11.059220227332833
GBDT_AE_BET    :RMSD: 1.002936, P: 0.692042, R^2: 0.350813
GBDT_AE_ECFP的BA值    ：-11.003641348103086
GBDT_AE_ECFP    :RMSD: 0.860986, P: 0.792307, R^2: 0.521573
GBDT_BET_ECFP的BA值    ：-10.99872892075642
GBDT_BET_ECFP    :RMSD: 0.797327, P: 0.803816, R^2: 0.589705
GBDT_AE_BET_ECFP的BA值    ：-11.020530165397446
GBDT_AE_BET_ECFP    :RMSD: 0.877169, P: 0.774445, R^2: 0.503419
fold= 2
>>>>>>>>>>>>>training.............
###############################################GBDT#####################################################
GBDT_BET的BA值：-10.37786015256171
GBDT_BET:RMSD: 0.991655, P: 0.801377, R^2: 0.594922
GBDT_AE的BA值 ：-10.35742528777761
GBDT_AE :RMSD: 1.038327, P: 0.773435, R^2: 0.555895
GBDT_ECFP的BA值 ：-10.81179695967421
GBDT_ECFP :RMSD: 1.064311, P: 0.740662, R^2: 0.533389
GBDT_AE_BET的BA值    ：-10.367642720169659
GBDT_AE_BET    :RMSD: 1.005890, P: 0.795896, R^2: 0.583209
GBDT_AE_ECFP的BA值    ：-10.46019228198184
GBDT_AE_ECFP    :RMSD: 1.012756, P: 0.766731, R^2: 0.577500
GBDT_BET_ECFP的BA值    ：-10.48663025681525
GBDT_BET_ECFP    :RMSD: 0.996400, P: 0.777541, R^2: 0.591036
GBDT_AE_BET_ECFP的BA值    ：-10.369082693759397
GBDT_AE_BET_ECFP    :RMSD: 0.995933, P: 0.783210, R^2: 0.591419
fold= 3
>>>>>>>>>>>>>training.............
###############################################GBDT#####################################################
GBDT_BET的BA值：-10.375722739299375
GBDT_BET:RMSD: 1.063406, P: 0.559878, R^2: 0.310451
GBDT_AE的BA值 ：-10.487163739979989
GBDT_AE :RMSD: 1.177007, P: 0.442254, R^2: 0.155256
GBDT_ECFP的BA值 ：-10.424055453093164
GBDT_ECFP :RMSD: 1.165219, P: 0.456741, R^2: 0.172092
GBDT_AE_BET的BA值    ：-10.431443239639682
GBDT_AE_BET    :RMSD: 1.104901, P: 0.519323, R^2: 0.255587
GBDT_AE_ECFP的BA值    ：-10.455609596536576
GBDT_AE_ECFP    :RMSD: 1.138269, P: 0.469532, R^2: 0.209946
GBDT_BET_ECFP的BA值    ：-10.399889096196269
GBDT_BET_ECFP    :RMSD: 1.099475, P: 0.518134, R^2: 0.262880
GBDT_AE_BET_ECFP的BA值    ：-10.428980644124175
GBDT_AE_BET_ECFP    :RMSD: 1.106914, P: 0.508007, R^2: 0.252872
fold= 4
>>>>>>>>>>>>>training.............
###############################################GBDT#####################################################
GBDT_BET的BA值：-10.941356035314733
GBDT_BET:RMSD: 1.293536, P: 0.549019, R^2: 0.281175
GBDT_AE的BA值 ：-10.770325777601052
GBDT_AE :RMSD: 1.362244, P: 0.481465, R^2: 0.202784
GBDT_ECFP的BA值 ：-11.757484234595896
GBDT_ECFP :RMSD: 1.269042, P: 0.589458, R^2: 0.308141
GBDT_AE_BET的BA值    ：-10.855840906457892
GBDT_AE_BET    :RMSD: 1.320550, P: 0.522432, R^2: 0.250839
GBDT_AE_ECFP的BA值    ：-11.263905006098474
GBDT_AE_ECFP    :RMSD: 1.278335, P: 0.562140, R^2: 0.297971
GBDT_BET_ECFP的BA值    ：-11.349420134955315
GBDT_BET_ECFP    :RMSD: 1.253161, P: 0.585758, R^2: 0.325349
GBDT_AE_BET_ECFP的BA值    ：-11.156388682503893
GBDT_AE_BET_ECFP    :RMSD: 1.276027, P: 0.563205, R^2: 0.300504
fold= 5
>>>>>>>>>>>>>training.............
###############################################GBDT#####################################################
GBDT_BET的BA值：-10.497310519044209
GBDT_BET:RMSD: 1.062119, P: 0.771459, R^2: 0.563006
GBDT_AE的BA值 ：-10.487832605951231
GBDT_AE :RMSD: 1.104612, P: 0.751449, R^2: 0.527339
GBDT_ECFP的BA值 ：-11.159852341752872
GBDT_ECFP :RMSD: 1.103169, P: 0.738603, R^2: 0.528573
GBDT_AE_BET的BA值    ：-10.32241304788376
GBDT_AE_BET    :RMSD: 1.074508, P: 0.769269, R^2: 0.552751
GBDT_AE_ECFP的BA值    ：-10.823842473852052
GBDT_AE_ECFP    :RMSD: 1.065418, P: 0.752414, R^2: 0.560286
GBDT_BET_ECFP的BA值    ：-10.708032856997583
GBDT_BET_ECFP    :RMSD: 1.047687, P: 0.763413, R^2: 0.574801
GBDT_AE_BET_ECFP的BA值    ：-10.601559479173465
GBDT_AE_BET_ECFP    :RMSD: 1.053253, P: 0.764661, R^2: 0.570270
fold= 6
>>>>>>>>>>>>>training.............
###############################################GBDT#####################################################
GBDT_BET的BA值：-10.814722591777453
GBDT_BET:RMSD: 0.856551, P: 0.822434, R^2: 0.616865
GBDT_AE的BA值 ：-10.489826284300994
GBDT_AE :RMSD: 0.857844, P: 0.841247, R^2: 0.615707
GBDT_ECFP的BA值 ：-11.939026476481736
GBDT_ECFP :RMSD: 0.723538, P: 0.857190, R^2: 0.726619
GBDT_AE_BET的BA值    ：-10.652274438039225
GBDT_AE_BET    :RMSD: 0.840696, P: 0.841511, R^2: 0.630917
GBDT_AE_ECFP的BA值    ：-10.897363270813436
GBDT_AE_ECFP    :RMSD: 0.714598, P: 0.873116, R^2: 0.733333
GBDT_BET_ECFP的BA值    ：-11.273020148532268
GBDT_BET_ECFP    :RMSD: 0.740477, P: 0.856684, R^2: 0.713669
GBDT_AE_BET_ECFP的BA值    ：-10.800580120736557
GBDT_AE_BET_ECFP    :RMSD: 0.750542, P: 0.863846, R^2: 0.705832
fold= 7
>>>>>>>>>>>>>training.............
###############################################GBDT#####################################################
GBDT_BET的BA值：-10.508349975367729
GBDT_BET:RMSD: 0.868079, P: 0.707788, R^2: 0.478375
GBDT_AE的BA值 ：-9.486403650838497
GBDT_AE :RMSD: 0.836398, P: 0.762955, R^2: 0.515754
GBDT_ECFP的BA值 ：-12.007526363449584
GBDT_ECFP :RMSD: 0.976161, P: 0.696397, R^2: 0.340396
GBDT_AE_BET的BA值    ：-9.92739855951546
GBDT_AE_BET    :RMSD: 0.830053, P: 0.751750, R^2: 0.523074
GBDT_AE_ECFP的BA值    ：-10.676986753556388
GBDT_AE_ECFP    :RMSD: 0.817761, P: 0.753914, R^2: 0.537094
GBDT_BET_ECFP的BA值    ：-11.257938169408657
GBDT_BET_ECFP    :RMSD: 0.875467, P: 0.718939, R^2: 0.469459
GBDT_AE_BET_ECFP的BA值    ：-10.620774494160168
GBDT_AE_BET_ECFP    :RMSD: 0.822640, P: 0.749046, R^2: 0.531553
fold= 8
>>>>>>>>>>>>>training.............
###############################################GBDT#####################################################
GBDT_BET的BA值：-10.168938257160825
GBDT_BET:RMSD: 1.427945, P: 0.727404, R^2: 0.385569
GBDT_AE的BA值 ：-9.8764969696652
GBDT_AE :RMSD: 1.579970, P: 0.636124, R^2: 0.247774
GBDT_ECFP的BA值 ：-12.283914138665704
GBDT_ECFP :RMSD: 1.414393, P: 0.668726, R^2: 0.397176
GBDT_AE_BET的BA值    ：-10.016772589453879
GBDT_AE_BET    :RMSD: 1.492228, P: 0.707547, R^2: 0.329003
GBDT_AE_ECFP的BA值    ：-10.816826466985017
GBDT_AE_ECFP    :RMSD: 1.413047, P: 0.691447, R^2: 0.398323
GBDT_BET_ECFP的BA值    ：-10.957102086773698
GBDT_BET_ECFP    :RMSD: 1.367373, P: 0.709247, R^2: 0.436590
GBDT_AE_BET_ECFP的BA值    ：-10.596900381070865
GBDT_AE_BET_ECFP    :RMSD: 1.407787, P: 0.712241, R^2: 0.402794
fold= 9
>>>>>>>>>>>>>training.............
###############################################GBDT#####################################################
GBDT_BET的BA值：-10.17922711543126
GBDT_BET:RMSD: 0.983389, P: 0.738493, R^2: 0.518692
GBDT_AE的BA值 ：-10.132791065869444
GBDT_AE :RMSD: 1.003495, P: 0.742040, R^2: 0.498809
GBDT_ECFP的BA值 ：-11.53899368569342
GBDT_ECFP :RMSD: 1.060097, P: 0.681903, R^2: 0.440675
GBDT_AE_BET的BA值    ：-9.994725936095367
GBDT_AE_BET    :RMSD: 0.984800, P: 0.749177, R^2: 0.517310
GBDT_AE_ECFP的BA值    ：-10.835892375781432
GBDT_AE_ECFP    :RMSD: 0.997893, P: 0.717108, R^2: 0.504389
GBDT_BET_ECFP的BA值    ：-10.697827246007357
GBDT_BET_ECFP    :RMSD: 0.991227, P: 0.718836, R^2: 0.510989
GBDT_AE_BET_ECFP的BA值    ：-10.509481852628053
GBDT_AE_BET_ECFP    :RMSD: 0.982895, P: 0.731338, R^2: 0.519175
fold= 10
>>>>>>>>>>>>>training.............
###############################################GBDT#####################################################
GBDT_BET的BA值：-11.34388810424678
GBDT_BET:RMSD: 1.004059, P: 0.869368, R^2: 0.675683
GBDT_AE的BA值 ：-10.674839006536388
GBDT_AE :RMSD: 1.179406, P: 0.839019, R^2: 0.552515
GBDT_ECFP的BA值 ：-11.607443101749158
GBDT_ECFP :RMSD: 0.887042, P: 0.871175, R^2: 0.746872
GBDT_AE_BET的BA值    ：-11.009363555391584
GBDT_AE_BET    :RMSD: 1.082072, P: 0.863250, R^2: 0.623328
GBDT_AE_ECFP的BA值    ：-11.141141054142773
GBDT_AE_ECFP    :RMSD: 0.994254, P: 0.868615, R^2: 0.681987
GBDT_BET_ECFP的BA值    ：-11.47566560299797
GBDT_BET_ECFP    :RMSD: 0.918195, P: 0.879818, R^2: 0.728780
GBDT_AE_BET_ECFP的BA值    ：-11.208723404177443
GBDT_AE_BET_ECFP    :RMSD: 0.990176, P: 0.874476, R^2: 0.684590
@@@@@@@@@@@@@@@@@@@@@@@@@@@@@@@@@@@@@@@@@@@最终结果@@@@@@@@@@@@@@@@@@@@@@@@@@@@@@@@@@@@@@@@@@@@@@@@@@
@@@@@@@@@@@@@@@@@@@@@@@@@@@@@@@@@@@@@@@@@@@最终结果@@@@@@@@@@@@@@@@@@@@@@@@@@@@@@@@@@@@@@@@@@@@@@@@@@
%%%%%%%%%%%%%%%%%%%%%%%%%%%%%%%%%%%%%%%%%%%GBDT%%%%%%%%%%%%%%%%%%%%%%%%%%%%%%%%%%%%%%%%%%%%%%%%%%%%%%
GBDT_BET:0-th Final RMSD: 1.062854, Final P: 0.722792, Final R^2: 0.506139
GBDT_AE :0-th Final RMSD: 1.141658, Final P: 0.675546, Final R^2: 0.430192
GBDT_ECFP :0-th Final RMSD: 1.058420, Final P: 0.719746, Final R^2: 0.510251
GBDT_AE_BET    :0-th Final RMSD: 1.089759, Final P: 0.713044, Final R^2: 0.480820
GBDT_AE_ECFP    :0-th Final RMSD: 1.047445, Final P: 0.726548, Final R^2: 0.520356
GBDT_BET_ECFP    :0-th Final RMSD: 1.024646, Final P: 0.737328, Final R^2: 0.541009
GBDT_AE_BET_ECFP    :0-th Final RMSD: 1.042708, Final P: 0.733298, Final R^2: 0.524684
0-th GBDT_AE的BA值 ：-11.064133
0-th GBDT_BET的BA值：-11.343888
0-th GBDT_ECFP的BA值 ：-12.283914
0-th GBDT_AE_BET的BA值：-11.059220
0-th GBDT_AE_ECFP的BA值    ：-11.263905
0-th GBDT_BET_ECFP的BA值    ：-11.475666
0-th GBDT_AE_BET_ECFP的BA值    ：-11.208723
total time: 0.15287972112496695 h
