size of data: (313,)
size of train size: 250
GBDT parameter
Namespace(n_estimators=10000, dataset='CHEMBL3785', max_depth=7, learning_rate=0.01, criterion='friedman_mse', subsample=0.7, max_features='sqrt', min_samples_split=3, loss='ls', n_iter_no_change=None, random_seed=0)
fold= 1
>>>>>>>>>>>>>training.............
###############################################GBDT#####################################################
GBDT_BET的BA值：-11.30619037227731
GBDT_BET:RMSD: 0.867851, P: 0.836511, R^2: 0.674257
GBDT_AE的BA值 ：-10.758603343756821
GBDT_AE :RMSD: 0.987401, P: 0.827237, R^2: 0.578331
GBDT_ECFP的BA值 ：-11.477195533577376
GBDT_ECFP :RMSD: 0.796868, P: 0.852633, R^2: 0.725364
GBDT_AE_BET的BA值    ：-11.032396858017066
GBDT_AE_BET    :RMSD: 0.915686, P: 0.835920, R^2: 0.637358
GBDT_AE_ECFP的BA值    ：-11.080872315921665
GBDT_AE_ECFP    :RMSD: 0.847399, P: 0.851826, R^2: 0.689429
GBDT_BET_ECFP的BA值    ：-11.35466583018191
GBDT_BET_ECFP    :RMSD: 0.810202, P: 0.852782, R^2: 0.716096
GBDT_AE_BET_ECFP的BA值    ：-11.15597833470688
GBDT_AE_BET_ECFP    :RMSD: 0.849107, P: 0.849842, R^2: 0.688176
fold= 2
>>>>>>>>>>>>>training.............
###############################################GBDT#####################################################
GBDT_BET的BA值：-10.913984984166603
GBDT_BET:RMSD: 0.861428, P: 0.733959, R^2: 0.495497
GBDT_AE的BA值 ：-10.982603451756798
GBDT_AE :RMSD: 0.775709, P: 0.788448, R^2: 0.590906
GBDT_ECFP的BA值 ：-11.369749715782492
GBDT_ECFP :RMSD: 0.735087, P: 0.808941, R^2: 0.632631
GBDT_AE_BET的BA值    ：-10.9482942179617
GBDT_AE_BET    :RMSD: 0.814185, P: 0.765160, R^2: 0.549316
GBDT_AE_ECFP的BA值    ：-11.159214133213077
GBDT_AE_ECFP    :RMSD: 0.709509, P: 0.819038, R^2: 0.657751
GBDT_BET_ECFP的BA值    ：-11.124904899417977
GBDT_BET_ECFP    :RMSD: 0.753210, P: 0.795887, R^2: 0.614292
GBDT_AE_BET_ECFP的BA值    ：-11.077471083530918
GBDT_AE_BET_ECFP    :RMSD: 0.749101, P: 0.800134, R^2: 0.618489
fold= 3
>>>>>>>>>>>>>training.............
###############################################GBDT#####################################################
GBDT_BET的BA值：-11.604307939619428
GBDT_BET:RMSD: 0.807777, P: 0.815250, R^2: 0.617207
GBDT_AE的BA值 ：-11.267858072162227
GBDT_AE :RMSD: 0.876190, P: 0.786300, R^2: 0.549622
GBDT_ECFP的BA值 ：-12.439405097949207
GBDT_ECFP :RMSD: 0.781440, P: 0.803577, R^2: 0.641761
GBDT_AE_BET的BA值    ：-11.436083005890827
GBDT_AE_BET    :RMSD: 0.836120, P: 0.806415, R^2: 0.589873
GBDT_AE_ECFP的BA值    ：-11.853631585055716
GBDT_AE_ECFP    :RMSD: 0.799043, P: 0.807092, R^2: 0.625440
GBDT_BET_ECFP的BA值    ：-12.021856518784318
GBDT_BET_ECFP    :RMSD: 0.770736, P: 0.818763, R^2: 0.651508
GBDT_AE_BET_ECFP的BA值    ：-11.77052370324362
GBDT_AE_BET_ECFP    :RMSD: 0.795511, P: 0.814193, R^2: 0.628744
fold= 4
>>>>>>>>>>>>>training.............
###############################################GBDT#####################################################
GBDT_BET的BA值：-11.619446164759747
GBDT_BET:RMSD: 0.868479, P: 0.795212, R^2: 0.540302
GBDT_AE的BA值 ：-11.031765916516495
GBDT_AE :RMSD: 0.896806, P: 0.756665, R^2: 0.509825
GBDT_ECFP的BA值 ：-11.704713544876263
GBDT_ECFP :RMSD: 0.790521, P: 0.805885, R^2: 0.619126
GBDT_AE_BET的BA值    ：-11.325606040638121
GBDT_AE_BET    :RMSD: 0.874850, P: 0.782045, R^2: 0.533533
GBDT_AE_ECFP的BA值    ：-11.368239730696379
GBDT_AE_ECFP    :RMSD: 0.818681, P: 0.795702, R^2: 0.591508
GBDT_BET_ECFP的BA值    ：-11.662079854818005
GBDT_BET_ECFP    :RMSD: 0.807812, P: 0.810586, R^2: 0.602282
GBDT_AE_BET_ECFP的BA值    ：-11.451975208717501
GBDT_AE_BET_ECFP    :RMSD: 0.827930, P: 0.799928, R^2: 0.582226
fold= 5
>>>>>>>>>>>>>training.............
###############################################GBDT#####################################################
GBDT_BET的BA值：-11.149747416233485
GBDT_BET:RMSD: 0.780217, P: 0.892387, R^2: 0.739212
GBDT_AE的BA值 ：-11.106778667427488
GBDT_AE :RMSD: 0.850437, P: 0.875076, R^2: 0.690157
GBDT_ECFP的BA值 ：-11.683782265976589
GBDT_ECFP :RMSD: 0.713337, P: 0.897645, R^2: 0.782005
GBDT_AE_BET的BA值    ：-11.128263041830486
GBDT_AE_BET    :RMSD: 0.806982, P: 0.889920, R^2: 0.721013
GBDT_AE_ECFP的BA值    ：-11.395280466702038
GBDT_AE_ECFP    :RMSD: 0.748775, P: 0.900342, R^2: 0.759808
GBDT_BET_ECFP的BA值    ：-11.416764841105037
GBDT_BET_ECFP    :RMSD: 0.716386, P: 0.907699, R^2: 0.780137
GBDT_AE_BET_ECFP的BA值    ：-11.313436116545853
GBDT_AE_BET_ECFP    :RMSD: 0.749781, P: 0.903312, R^2: 0.759162
fold= 6
>>>>>>>>>>>>>training.............
###############################################GBDT#####################################################
GBDT_BET的BA值：-11.35587048601927
GBDT_BET:RMSD: 0.775559, P: 0.866056, R^2: 0.692443
GBDT_AE的BA值 ：-10.947551069555267
GBDT_AE :RMSD: 0.915075, P: 0.834900, R^2: 0.571837
GBDT_ECFP的BA值 ：-12.167620956429914
GBDT_ECFP :RMSD: 0.822242, P: 0.831328, R^2: 0.654304
GBDT_AE_BET的BA值    ：-11.151710777787269
GBDT_AE_BET    :RMSD: 0.835765, P: 0.858339, R^2: 0.642839
GBDT_AE_ECFP的BA值    ：-11.55758601299259
GBDT_AE_ECFP    :RMSD: 0.815298, P: 0.854723, R^2: 0.660118
GBDT_BET_ECFP的BA值    ：-11.761745721224592
GBDT_BET_ECFP    :RMSD: 0.761880, P: 0.868040, R^2: 0.703196
GBDT_AE_BET_ECFP的BA值    ：-11.490347504001484
GBDT_AE_BET_ECFP    :RMSD: 0.793009, P: 0.866810, R^2: 0.678448
fold= 7
>>>>>>>>>>>>>training.............
###############################################GBDT#####################################################
GBDT_BET的BA值：-11.214889771247432
GBDT_BET:RMSD: 0.834830, P: 0.809795, R^2: 0.644391
GBDT_AE的BA值 ：-10.801415424744878
GBDT_AE :RMSD: 0.806115, P: 0.857261, R^2: 0.668434
GBDT_ECFP的BA值 ：-11.537151346797218
GBDT_ECFP :RMSD: 0.770288, P: 0.851647, R^2: 0.697251
GBDT_AE_BET的BA值    ：-10.957824910057106
GBDT_AE_BET    :RMSD: 0.804032, P: 0.840940, R^2: 0.670145
GBDT_AE_ECFP的BA值    ：-11.108572991960617
GBDT_AE_ECFP    :RMSD: 0.745827, P: 0.862076, R^2: 0.716174
GBDT_BET_ECFP的BA值    ：-11.196043313452506
GBDT_BET_ECFP    :RMSD: 0.772188, P: 0.844985, R^2: 0.695755
GBDT_AE_BET_ECFP的BA值    ：-11.064500683883296
GBDT_AE_BET_ECFP    :RMSD: 0.764191, P: 0.853015, R^2: 0.702025
fold= 8
>>>>>>>>>>>>>training.............
###############################################GBDT#####################################################
GBDT_BET的BA值：-11.45302732463044
GBDT_BET:RMSD: 0.985728, P: 0.805880, R^2: 0.619983
GBDT_AE的BA值 ：-11.287311781516209
GBDT_AE :RMSD: 0.932946, P: 0.849171, R^2: 0.659590
GBDT_ECFP的BA值 ：-11.360859955702534
GBDT_ECFP :RMSD: 0.850989, P: 0.861203, R^2: 0.716772
GBDT_AE_BET的BA值    ：-11.370169553073325
GBDT_AE_BET    :RMSD: 0.954668, P: 0.830725, R^2: 0.643554
GBDT_AE_ECFP的BA值    ：-11.195730127056612
GBDT_AE_ECFP    :RMSD: 0.870970, P: 0.868464, R^2: 0.703315
GBDT_BET_ECFP的BA值    ：-11.254518185255247
GBDT_BET_ECFP    :RMSD: 0.898113, P: 0.849240, R^2: 0.684535
GBDT_AE_BET_ECFP的BA值    ：-11.265449384008901
GBDT_AE_BET_ECFP    :RMSD: 0.903088, P: 0.853485, R^2: 0.681030
fold= 9
>>>>>>>>>>>>>training.............
###############################################GBDT#####################################################
GBDT_BET的BA值：-10.812281176311568
GBDT_BET:RMSD: 0.769142, P: 0.862285, R^2: 0.575453
GBDT_AE的BA值 ：-10.787502944903403
GBDT_AE :RMSD: 0.886379, P: 0.811337, R^2: 0.436166
GBDT_ECFP的BA值 ：-11.512648640144002
GBDT_ECFP :RMSD: 0.687584, P: 0.822307, R^2: 0.660715
GBDT_AE_BET的BA值    ：-10.799892060607487
GBDT_AE_BET    :RMSD: 0.818980, P: 0.848970, R^2: 0.518652
GBDT_AE_ECFP的BA值    ：-11.068379713197281
GBDT_AE_ECFP    :RMSD: 0.738154, P: 0.838246, R^2: 0.608973
GBDT_BET_ECFP的BA值    ：-11.145231263994113
GBDT_BET_ECFP    :RMSD: 0.691265, P: 0.854127, R^2: 0.657073
GBDT_AE_BET_ECFP的BA值    ：-10.983013534235377
GBDT_AE_BET_ECFP    :RMSD: 0.739652, P: 0.852662, R^2: 0.607384
fold= 10
>>>>>>>>>>>>>training.............
###############################################GBDT#####################################################
GBDT_BET的BA值：-10.71838904469599
GBDT_BET:RMSD: 1.050846, P: 0.536657, R^2: 0.112401
GBDT_AE的BA值 ：-10.465702408690976
GBDT_AE :RMSD: 0.985107, P: 0.561075, R^2: 0.219980
GBDT_ECFP的BA值 ：-11.202473580386226
GBDT_ECFP :RMSD: 1.080728, P: 0.590459, R^2: 0.061202
GBDT_AE_BET的BA值    ：-10.585196423135383
GBDT_AE_BET    :RMSD: 1.010782, P: 0.554305, R^2: 0.178791
GBDT_AE_ECFP的BA值    ：-10.767030964018364
GBDT_AE_ECFP    :RMSD: 1.009945, P: 0.588042, R^2: 0.180151
GBDT_BET_ECFP的BA值    ：-10.960431312541107
GBDT_BET_ECFP    :RMSD: 1.046424, P: 0.577771, R^2: 0.119855
GBDT_AE_BET_ECFP的BA值    ：-10.74625078853884
GBDT_AE_BET_ECFP    :RMSD: 1.016748, P: 0.577545, R^2: 0.169067
@@@@@@@@@@@@@@@@@@@@@@@@@@@@@@@@@@@@@@@@@@@最终结果@@@@@@@@@@@@@@@@@@@@@@@@@@@@@@@@@@@@@@@@@@@@@@@@@@
@@@@@@@@@@@@@@@@@@@@@@@@@@@@@@@@@@@@@@@@@@@最终结果@@@@@@@@@@@@@@@@@@@@@@@@@@@@@@@@@@@@@@@@@@@@@@@@@@
%%%%%%%%%%%%%%%%%%%%%%%%%%%%%%%%%%%%%%%%%%%GBDT%%%%%%%%%%%%%%%%%%%%%%%%%%%%%%%%%%%%%%%%%%%%%%%%%%%%%%
GBDT_BET:0-th Final RMSD: 0.864501, Final P: 0.792492, Final R^2: 0.613361
GBDT_AE :0-th Final RMSD: 0.893529, Final P: 0.790694, Final R^2: 0.586961
GBDT_ECFP :0-th Final RMSD: 0.809220, Final P: 0.817185, Final R^2: 0.661229
GBDT_AE_BET    :0-th Final RMSD: 0.869691, Final P: 0.798020, Final R^2: 0.608706
GBDT_AE_ECFP    :0-th Final RMSD: 0.814316, Final P: 0.821818, Final R^2: 0.656948
GBDT_BET_ECFP    :0-th Final RMSD: 0.808402, Final P: 0.820734, Final R^2: 0.661913
GBDT_AE_BET_ECFP    :0-th Final RMSD: 0.822689, Final P: 0.818716, Final R^2: 0.649857
0-th GBDT_AE的BA值 ：-11.287312
0-th GBDT_BET的BA值：-11.619446
0-th GBDT_ECFP的BA值 ：-12.439405
0-th GBDT_AE_BET的BA值：-11.436083
0-th GBDT_AE_ECFP的BA值    ：-11.853632
0-th GBDT_BET_ECFP的BA值    ：-12.021857
0-th GBDT_AE_BET_ECFP的BA值    ：-11.770524
total time: 0.14565375831392077 h
