size of data: (547,)
size of train size: 437
GBDT parameter
Namespace(n_estimators=10000, dataset='CHEMBL5314', max_depth=7, learning_rate=0.01, criterion='friedman_mse', subsample=0.7, max_features='sqrt', min_samples_split=3, loss='ls', n_iter_no_change=None, random_seed=0)
fold= 1
>>>>>>>>>>>>>training.............
###############################################GBDT#####################################################
GBDT_BET的BA值：-10.606269615541567
GBDT_BET:RMSD: 0.859579, P: 0.873618, R^2: 0.712534
GBDT_AE的BA值 ：-10.515188051535633
GBDT_AE :RMSD: 0.935649, P: 0.876001, R^2: 0.659404
GBDT_ECFP的BA值 ：-11.398627925245197
GBDT_ECFP :RMSD: 0.777210, P: 0.879079, R^2: 0.764988
GBDT_AE_BET的BA值    ：-10.560728833538601
GBDT_AE_BET    :RMSD: 0.883069, P: 0.882765, R^2: 0.696609
GBDT_AE_ECFP的BA值    ：-10.85196128269232
GBDT_AE_ECFP    :RMSD: 0.800892, P: 0.897713, R^2: 0.750447
GBDT_BET_ECFP的BA值    ：-10.79236177710138
GBDT_BET_ECFP    :RMSD: 0.783109, P: 0.891135, R^2: 0.761407
GBDT_AE_BET_ECFP的BA值    ：-10.630006064780735
GBDT_AE_BET_ECFP    :RMSD: 0.811009, P: 0.896067, R^2: 0.744103
fold= 2
>>>>>>>>>>>>>training.............
###############################################GBDT#####################################################
GBDT_BET的BA值：-10.515584783636166
GBDT_BET:RMSD: 0.875579, P: 0.785314, R^2: 0.595757
GBDT_AE的BA值 ：-10.54523904665404
GBDT_AE :RMSD: 0.819403, P: 0.817391, R^2: 0.645964
GBDT_ECFP的BA值 ：-12.405286797865015
GBDT_ECFP :RMSD: 0.770239, P: 0.830059, R^2: 0.687174
GBDT_AE_BET的BA值    ：-10.493612664236409
GBDT_AE_BET    :RMSD: 0.833410, P: 0.812880, R^2: 0.633757
GBDT_AE_ECFP的BA值    ：-11.475262922259528
GBDT_AE_ECFP    :RMSD: 0.750740, P: 0.850759, R^2: 0.702812
GBDT_BET_ECFP的BA值    ：-11.423636539841898
GBDT_BET_ECFP    :RMSD: 0.776399, P: 0.839077, R^2: 0.682150
GBDT_AE_BET_ECFP的BA值    ：-11.130837375445944
GBDT_AE_BET_ECFP    :RMSD: 0.775499, P: 0.843188, R^2: 0.682887
fold= 3
>>>>>>>>>>>>>training.............
###############################################GBDT#####################################################
GBDT_BET的BA值：-11.221266574509736
GBDT_BET:RMSD: 0.908028, P: 0.818421, R^2: 0.627381
GBDT_AE的BA值 ：-10.65294469687193
GBDT_AE :RMSD: 0.871055, P: 0.851761, R^2: 0.657108
GBDT_ECFP的BA值 ：-11.192305654689385
GBDT_ECFP :RMSD: 0.878930, P: 0.826330, R^2: 0.650880
GBDT_AE_BET的BA值    ：-10.937105635690834
GBDT_AE_BET    :RMSD: 0.870236, P: 0.848979, R^2: 0.657753
GBDT_AE_ECFP的BA值    ：-10.892165152660127
GBDT_AE_ECFP    :RMSD: 0.844408, P: 0.856972, R^2: 0.677766
GBDT_BET_ECFP的BA值    ：-11.14330016133475
GBDT_BET_ECFP    :RMSD: 0.865870, P: 0.838757, R^2: 0.661178
GBDT_AE_BET_ECFP的BA值    ：-10.979848339847143
GBDT_AE_BET_ECFP    :RMSD: 0.851436, P: 0.853973, R^2: 0.672380
fold= 4
>>>>>>>>>>>>>training.............
###############################################GBDT#####################################################
GBDT_BET的BA值：-10.939782028878904
GBDT_BET:RMSD: 1.130127, P: 0.604568, R^2: 0.294997
GBDT_AE的BA值 ：-10.032044141555135
GBDT_AE :RMSD: 1.321929, P: 0.491000, R^2: 0.035386
GBDT_ECFP的BA值 ：-11.969573050028604
GBDT_ECFP :RMSD: 1.032303, P: 0.648987, R^2: 0.411765
GBDT_AE_BET的BA值    ：-10.48591308521702
GBDT_AE_BET    :RMSD: 1.208452, P: 0.567045, R^2: 0.193888
GBDT_AE_ECFP的BA值    ：-10.940763183496836
GBDT_AE_ECFP    :RMSD: 1.099024, P: 0.604994, R^2: 0.333268
GBDT_BET_ECFP的BA值    ：-11.35439349106798
GBDT_BET_ECFP    :RMSD: 1.036182, P: 0.644615, R^2: 0.407336
GBDT_AE_BET_ECFP的BA值    ：-10.873580099700343
GBDT_AE_BET_ECFP    :RMSD: 1.099353, P: 0.614213, R^2: 0.332869
fold= 5
>>>>>>>>>>>>>training.............
###############################################GBDT#####################################################
GBDT_BET的BA值：-11.152378077191369
GBDT_BET:RMSD: 0.944092, P: 0.827002, R^2: 0.624939
GBDT_AE的BA值 ：-10.740459631054962
GBDT_AE :RMSD: 1.030946, P: 0.818554, R^2: 0.552756
GBDT_ECFP的BA值 ：-11.635973999587888
GBDT_ECFP :RMSD: 0.916643, P: 0.819086, R^2: 0.646431
GBDT_AE_BET的BA值    ：-10.900909296268704
GBDT_AE_BET    :RMSD: 0.976844, P: 0.830042, R^2: 0.598464
GBDT_AE_ECFP的BA值    ：-11.188216815321425
GBDT_AE_ECFP    :RMSD: 0.933215, P: 0.841825, R^2: 0.633532
GBDT_BET_ECFP的BA值    ：-11.156029125925333
GBDT_BET_ECFP    :RMSD: 0.893647, P: 0.845165, R^2: 0.663949
GBDT_AE_BET_ECFP的BA值    ：-11.017505960968542
GBDT_AE_BET_ECFP    :RMSD: 0.924991, P: 0.845787, R^2: 0.639962
fold= 6
>>>>>>>>>>>>>training.............
###############################################GBDT#####################################################
GBDT_BET的BA值：-11.07865381493264
GBDT_BET:RMSD: 0.997229, P: 0.746974, R^2: 0.548679
GBDT_AE的BA值 ：-10.608077389377346
GBDT_AE :RMSD: 0.950333, P: 0.803306, R^2: 0.590129
GBDT_ECFP的BA值 ：-11.582854470938873
GBDT_ECFP :RMSD: 1.097545, P: 0.686326, R^2: 0.453311
GBDT_AE_BET的BA值    ：-10.843365602154993
GBDT_AE_BET    :RMSD: 0.962671, P: 0.781939, R^2: 0.579417
GBDT_AE_ECFP的BA值    ：-10.832550701327946
GBDT_AE_ECFP    :RMSD: 0.971338, P: 0.762280, R^2: 0.571810
GBDT_BET_ECFP的BA值    ：-11.067838914105593
GBDT_BET_ECFP    :RMSD: 1.011742, P: 0.732136, R^2: 0.535447
GBDT_AE_BET_ECFP的BA值    ：-10.91458507252951
GBDT_AE_BET_ECFP    :RMSD: 0.970293, P: 0.764649, R^2: 0.572731
fold= 7
>>>>>>>>>>>>>training.............
###############################################GBDT#####################################################
GBDT_BET的BA值：-10.985530563447304
GBDT_BET:RMSD: 0.695305, P: 0.916604, R^2: 0.799177
GBDT_AE的BA值 ：-10.727436825493973
GBDT_AE :RMSD: 0.729138, P: 0.912797, R^2: 0.779158
GBDT_ECFP的BA值 ：-11.184761577263332
GBDT_ECFP :RMSD: 0.844092, P: 0.842675, R^2: 0.704034
GBDT_AE_BET的BA值    ：-10.82100736391828
GBDT_AE_BET    :RMSD: 0.696674, P: 0.923171, R^2: 0.798386
GBDT_AE_ECFP的BA值    ：-10.773747636309288
GBDT_AE_ECFP    :RMSD: 0.742669, P: 0.899311, R^2: 0.770885
GBDT_BET_ECFP的BA值    ：-10.993887962021255
GBDT_BET_ECFP    :RMSD: 0.730103, P: 0.899840, R^2: 0.778573
GBDT_AE_BET_ECFP的BA值    ：-10.820077399667007
GBDT_AE_BET_ECFP    :RMSD: 0.711201, P: 0.913750, R^2: 0.789890
fold= 8
>>>>>>>>>>>>>training.............
###############################################GBDT#####################################################
GBDT_BET的BA值：-10.760159260173014
GBDT_BET:RMSD: 0.799022, P: 0.796871, R^2: 0.609842
GBDT_AE的BA值 ：-10.76016465388981
GBDT_AE :RMSD: 0.856637, P: 0.798692, R^2: 0.551547
GBDT_ECFP的BA值 ：-11.132206640462257
GBDT_ECFP :RMSD: 0.807677, P: 0.785352, R^2: 0.601344
GBDT_AE_BET的BA值    ：-10.76016195703141
GBDT_AE_BET    :RMSD: 0.810237, P: 0.808337, R^2: 0.598813
GBDT_AE_ECFP的BA值    ：-10.946185647176033
GBDT_AE_ECFP    :RMSD: 0.801679, P: 0.804952, R^2: 0.607242
GBDT_BET_ECFP的BA值    ：-10.946182950317635
GBDT_BET_ECFP    :RMSD: 0.772159, P: 0.808794, R^2: 0.635635
GBDT_AE_BET_ECFP的BA值    ：-10.884176851508359
GBDT_AE_BET_ECFP    :RMSD: 0.785777, P: 0.812388, R^2: 0.622670
fold= 9
>>>>>>>>>>>>>training.............
###############################################GBDT#####################################################
GBDT_BET的BA值：-10.48577909556753
GBDT_BET:RMSD: 0.794920, P: 0.814350, R^2: 0.614408
GBDT_AE的BA值 ：-9.55088814782065
GBDT_AE :RMSD: 0.968201, P: 0.739881, R^2: 0.427977
GBDT_ECFP的BA值 ：-11.08882438732418
GBDT_ECFP :RMSD: 0.656357, P: 0.890112, R^2: 0.737117
GBDT_AE_BET的BA值    ：-9.898772404186527
GBDT_AE_BET    :RMSD: 0.849358, P: 0.805300, R^2: 0.559787
GBDT_AE_ECFP的BA值    ：-10.200295050064852
GBDT_AE_ECFP    :RMSD: 0.733559, P: 0.879305, R^2: 0.671639
GBDT_BET_ECFP的BA值    ：-10.787301741445855
GBDT_BET_ECFP    :RMSD: 0.694730, P: 0.880546, R^2: 0.705480
GBDT_AE_BET_ECFP的BA值    ：-10.295456398565745
GBDT_AE_BET_ECFP    :RMSD: 0.743009, P: 0.869351, R^2: 0.663125
fold= 10
>>>>>>>>>>>>>training.............
###############################################GBDT#####################################################
GBDT_BET的BA值：-11.34190783265816
GBDT_BET:RMSD: 0.817461, P: 0.875358, R^2: 0.741322
GBDT_AE的BA值 ：-10.95465484338092
GBDT_AE :RMSD: 0.830075, P: 0.877197, R^2: 0.733277
GBDT_ECFP的BA值 ：-11.386739924975119
GBDT_ECFP :RMSD: 0.891975, P: 0.832662, R^2: 0.692014
GBDT_AE_BET的BA值    ：-11.14828133801954
GBDT_AE_BET    :RMSD: 0.814780, P: 0.881066, R^2: 0.743016
GBDT_AE_ECFP的BA值    ：-11.17069738417802
GBDT_AE_ECFP    :RMSD: 0.826675, P: 0.867547, R^2: 0.735457
GBDT_BET_ECFP的BA值    ：-11.36432387881664
GBDT_BET_ECFP    :RMSD: 0.823787, P: 0.866006, R^2: 0.737303
GBDT_AE_BET_ECFP的BA值    ：-11.227767533671399
GBDT_AE_BET_ECFP    :RMSD: 0.813132, P: 0.875323, R^2: 0.744054
@@@@@@@@@@@@@@@@@@@@@@@@@@@@@@@@@@@@@@@@@@@最终结果@@@@@@@@@@@@@@@@@@@@@@@@@@@@@@@@@@@@@@@@@@@@@@@@@@
@@@@@@@@@@@@@@@@@@@@@@@@@@@@@@@@@@@@@@@@@@@最终结果@@@@@@@@@@@@@@@@@@@@@@@@@@@@@@@@@@@@@@@@@@@@@@@@@@
%%%%%%%%%%%%%%%%%%%%%%%%%%%%%%%%%%%%%%%%%%%GBDT%%%%%%%%%%%%%%%%%%%%%%%%%%%%%%%%%%%%%%%%%%%%%%%%%%%%%%
GBDT_BET:0-th Final RMSD: 0.890112, Final P: 0.808889, Final R^2: 0.633217
GBDT_AE :0-th Final RMSD: 0.944283, Final P: 0.778812, Final R^2: 0.587215
GBDT_ECFP :0-th Final RMSD: 0.876317, Final P: 0.803641, Final R^2: 0.644498
GBDT_AE_BET    :0-th Final RMSD: 0.900401, Final P: 0.807863, Final R^2: 0.624688
GBDT_AE_ECFP    :0-th Final RMSD: 0.858039, Final P: 0.824639, Final R^2: 0.659173
GBDT_BET_ECFP    :0-th Final RMSD: 0.846129, Final P: 0.827359, Final R^2: 0.668569
GBDT_AE_BET_ECFP    :0-th Final RMSD: 0.856326, Final P: 0.828547, Final R^2: 0.660532
0-th GBDT_AE的BA值 ：-10.954655
0-th GBDT_BET的BA值：-11.341908
0-th GBDT_ECFP的BA值 ：-12.405287
0-th GBDT_AE_BET的BA值：-11.148281
0-th GBDT_AE_ECFP的BA值    ：-11.475263
0-th GBDT_BET_ECFP的BA值    ：-11.423637
0-th GBDT_AE_BET_ECFP的BA值    ：-11.227768
total time: 0.24902799513604906 h
