size of data: (473,)
size of train size: 378
GBDT parameter
Namespace(n_estimators=10000, dataset='CHEMBL3119', max_depth=7, learning_rate=0.01, criterion='friedman_mse', subsample=0.7, max_features='sqrt', min_samples_split=3, loss='ls', n_iter_no_change=None, random_seed=0)
fold= 1
>>>>>>>>>>>>>training.............
###############################################GBDT#####################################################
GBDT_BET的BA值：-12.775776467114817
GBDT_BET:RMSD: 1.014487, P: 0.801562, R^2: 0.544775
GBDT_AE的BA值 ：-12.568999538606269
GBDT_AE :RMSD: 1.036539, P: 0.780175, R^2: 0.524769
GBDT_ECFP的BA值 ：-13.279914522994607
GBDT_ECFP :RMSD: 0.970431, P: 0.800356, R^2: 0.583454
GBDT_AE_BET的BA值    ：-12.672388002860544
GBDT_AE_BET    :RMSD: 1.015159, P: 0.795929, R^2: 0.544171
GBDT_AE_ECFP的BA值    ：-12.912615941640055
GBDT_AE_ECFP    :RMSD: 0.974746, P: 0.801119, R^2: 0.579741
GBDT_BET_ECFP的BA值    ：-12.702424354736687
GBDT_BET_ECFP    :RMSD: 0.966030, P: 0.809053, R^2: 0.587224
GBDT_AE_BET_ECFP的BA值    ：-12.650055356586293
GBDT_AE_BET_ECFP    :RMSD: 0.978107, P: 0.804909, R^2: 0.576839
fold= 2
>>>>>>>>>>>>>training.............
###############################################GBDT#####################################################
GBDT_BET的BA值：-11.96534498724594
GBDT_BET:RMSD: 0.957070, P: 0.869942, R^2: 0.707936
GBDT_AE的BA值 ：-12.122810441355904
GBDT_AE :RMSD: 0.935358, P: 0.879668, R^2: 0.721037
GBDT_ECFP的BA值 ：-13.096186899522387
GBDT_ECFP :RMSD: 0.825105, P: 0.886143, R^2: 0.782925
GBDT_AE_BET的BA值    ：-12.044077714300922
GBDT_AE_BET    :RMSD: 0.935997, P: 0.880745, R^2: 0.720656
GBDT_AE_ECFP的BA值    ：-12.436486194627836
GBDT_AE_ECFP    :RMSD: 0.809862, P: 0.898218, R^2: 0.790872
GBDT_BET_ECFP的BA值    ：-12.528890550892088
GBDT_BET_ECFP    :RMSD: 0.831591, P: 0.890600, R^2: 0.779499
GBDT_AE_BET_ECFP的BA值    ：-12.278188863839153
GBDT_AE_BET_ECFP    :RMSD: 0.844747, P: 0.894471, R^2: 0.772467
fold= 3
>>>>>>>>>>>>>training.............
###############################################GBDT#####################################################
GBDT_BET的BA值：-12.85471081365021
GBDT_BET:RMSD: 0.969746, P: 0.802847, R^2: 0.643499
GBDT_AE的BA值 ：-12.879214696321666
GBDT_AE :RMSD: 0.931958, P: 0.828170, R^2: 0.670741
GBDT_ECFP的BA值 ：-12.96764704372807
GBDT_ECFP :RMSD: 0.933883, P: 0.821370, R^2: 0.669380
GBDT_AE_BET的BA值    ：-12.866962754985938
GBDT_AE_BET    :RMSD: 0.931560, P: 0.824335, R^2: 0.671023
GBDT_AE_ECFP的BA值    ：-12.923430870024868
GBDT_AE_ECFP    :RMSD: 0.880686, P: 0.842477, R^2: 0.705973
GBDT_BET_ECFP的BA值    ：-12.91117892868914
GBDT_BET_ECFP    :RMSD: 0.928530, P: 0.820619, R^2: 0.673159
GBDT_AE_BET_ECFP的BA值    ：-12.900524184566649
GBDT_AE_BET_ECFP    :RMSD: 0.903156, P: 0.833120, R^2: 0.690778
fold= 4
>>>>>>>>>>>>>training.............
###############################################GBDT#####################################################
GBDT_BET的BA值：-12.530535097859199
GBDT_BET:RMSD: 1.045596, P: 0.707103, R^2: 0.473715
GBDT_AE的BA值 ：-12.048498422333688
GBDT_AE :RMSD: 1.025038, P: 0.709409, R^2: 0.494207
GBDT_ECFP的BA值 ：-13.47259471178988
GBDT_ECFP :RMSD: 1.053318, P: 0.716191, R^2: 0.465913
GBDT_AE_BET的BA值    ：-12.289516760096443
GBDT_AE_BET    :RMSD: 1.014792, P: 0.722759, R^2: 0.504268
GBDT_AE_ECFP的BA值    ：-12.760546567061784
GBDT_AE_ECFP    :RMSD: 0.986429, P: 0.737038, R^2: 0.531591
GBDT_BET_ECFP的BA值    ：-13.001564904824539
GBDT_BET_ECFP    :RMSD: 0.999274, P: 0.736510, R^2: 0.519313
GBDT_AE_BET_ECFP的BA值    ：-12.68387607732759
GBDT_AE_BET_ECFP    :RMSD: 0.986133, P: 0.740480, R^2: 0.531873
fold= 5
>>>>>>>>>>>>>training.............
###############################################GBDT#####################################################
GBDT_BET的BA值：-12.375068351665355
GBDT_BET:RMSD: 1.178644, P: 0.697765, R^2: 0.456510
GBDT_AE的BA值 ：-12.04633043413983
GBDT_AE :RMSD: 1.128778, P: 0.754763, R^2: 0.501525
GBDT_ECFP的BA值 ：-12.525339757530668
GBDT_ECFP :RMSD: 1.010121, P: 0.790737, R^2: 0.600816
GBDT_AE_BET的BA值    ：-12.210699392902592
GBDT_AE_BET    :RMSD: 1.143507, P: 0.732658, R^2: 0.488430
GBDT_AE_ECFP的BA值    ：-12.28583509583525
GBDT_AE_ECFP    :RMSD: 1.028588, P: 0.795977, R^2: 0.586087
GBDT_BET_ECFP的BA值    ：-12.45020405459801
GBDT_BET_ECFP    :RMSD: 1.063042, P: 0.766521, R^2: 0.557893
GBDT_AE_BET_ECFP的BA值    ：-12.315579514445284
GBDT_AE_BET_ECFP    :RMSD: 1.069733, P: 0.771730, R^2: 0.552310
fold= 6
>>>>>>>>>>>>>training.............
###############################################GBDT#####################################################
GBDT_BET的BA值：-12.414393322304965
GBDT_BET:RMSD: 1.101810, P: 0.837735, R^2: 0.636302
GBDT_AE的BA值 ：-12.052165597517472
GBDT_AE :RMSD: 1.161640, P: 0.848213, R^2: 0.595731
GBDT_ECFP的BA值 ：-13.16898246969905
GBDT_ECFP :RMSD: 0.877661, P: 0.878386, R^2: 0.769229
GBDT_AE_BET的BA值    ：-12.190207668863406
GBDT_AE_BET    :RMSD: 1.120816, P: 0.847383, R^2: 0.623647
GBDT_AE_ECFP的BA值    ：-12.567502242560447
GBDT_AE_ECFP    :RMSD: 0.969131, P: 0.872943, R^2: 0.718621
GBDT_BET_ECFP的BA值    ：-12.791687896002006
GBDT_BET_ECFP    :RMSD: 0.957526, P: 0.866255, R^2: 0.725319
GBDT_AE_BET_ECFP的BA值    ：-12.51646593580862
GBDT_AE_BET_ECFP    :RMSD: 1.006397, P: 0.864872, R^2: 0.696565
fold= 7
>>>>>>>>>>>>>training.............
###############################################GBDT#####################################################
GBDT_BET的BA值：-12.80400406867306
GBDT_BET:RMSD: 0.955568, P: 0.849604, R^2: 0.697580
GBDT_AE的BA值 ：-12.214275578804283
GBDT_AE :RMSD: 1.037911, P: 0.823245, R^2: 0.643214
GBDT_ECFP的BA值 ：-13.252990224370498
GBDT_ECFP :RMSD: 0.770330, P: 0.897432, R^2: 0.803464
GBDT_AE_BET的BA值    ：-12.509139823738671
GBDT_AE_BET    :RMSD: 0.988256, P: 0.841456, R^2: 0.676535
GBDT_AE_ECFP的BA值    ：-12.733632901587391
GBDT_AE_ECFP    :RMSD: 0.857254, P: 0.882982, R^2: 0.756608
GBDT_BET_ECFP的BA值    ：-13.02849714652178
GBDT_BET_ECFP    :RMSD: 0.831720, P: 0.886078, R^2: 0.770891
GBDT_AE_BET_ECFP的BA值    ：-12.757089957282615
GBDT_AE_BET_ECFP    :RMSD: 0.883766, P: 0.875254, R^2: 0.741320
fold= 8
>>>>>>>>>>>>>training.............
###############################################GBDT#####################################################
GBDT_BET的BA值：-12.829817743733567
GBDT_BET:RMSD: 0.894890, P: 0.900257, R^2: 0.738738
GBDT_AE的BA值 ：-12.56251763849307
GBDT_AE :RMSD: 0.951502, P: 0.876278, R^2: 0.704637
GBDT_ECFP的BA值 ：-12.835636392588032
GBDT_ECFP :RMSD: 0.780089, P: 0.906353, R^2: 0.801470
GBDT_AE_BET的BA值    ：-12.696167691113319
GBDT_AE_BET    :RMSD: 0.911079, P: 0.895100, R^2: 0.729199
GBDT_AE_ECFP的BA值    ：-12.699077015540551
GBDT_AE_ECFP    :RMSD: 0.818796, P: 0.910185, R^2: 0.781280
GBDT_BET_ECFP的BA值    ：-12.8327270681608
GBDT_BET_ECFP    :RMSD: 0.798057, P: 0.916489, R^2: 0.792220
GBDT_AE_BET_ECFP的BA值    ：-12.742657258271556
GBDT_AE_BET_ECFP    :RMSD: 0.832321, P: 0.912140, R^2: 0.773995
fold= 9
>>>>>>>>>>>>>training.............
###############################################GBDT#####################################################
GBDT_BET的BA值：-12.264188310379257
GBDT_BET:RMSD: 0.955910, P: 0.833450, R^2: 0.676753
GBDT_AE的BA值 ：-11.817647343070673
GBDT_AE :RMSD: 0.941004, P: 0.844100, R^2: 0.686756
GBDT_ECFP的BA值 ：-12.407624118566936
GBDT_ECFP :RMSD: 0.803219, P: 0.885171, R^2: 0.771773
GBDT_AE_BET的BA值    ：-12.039123097945058
GBDT_AE_BET    :RMSD: 0.937715, P: 0.844799, R^2: 0.688942
GBDT_AE_ECFP的BA值    ：-11.947787867518148
GBDT_AE_ECFP    :RMSD: 0.845886, P: 0.877093, R^2: 0.746881
GBDT_BET_ECFP的BA值    ：-12.172853079952347
GBDT_BET_ECFP    :RMSD: 0.847482, P: 0.876021, R^2: 0.745925
GBDT_AE_BET_ECFP的BA值    ：-12.053254681805186
GBDT_AE_BET_ECFP    :RMSD: 0.869727, P: 0.870253, R^2: 0.732413
fold= 10
>>>>>>>>>>>>>training.............
###############################################GBDT#####################################################
GBDT_BET的BA值：-12.174046302321779
GBDT_BET:RMSD: 1.004923, P: 0.768324, R^2: 0.574150
GBDT_AE的BA值 ：-12.288261965588573
GBDT_AE :RMSD: 0.993183, P: 0.779962, R^2: 0.584042
GBDT_ECFP的BA值 ：-12.698138540194185
GBDT_ECFP :RMSD: 1.028123, P: 0.757767, R^2: 0.554261
GBDT_AE_BET的BA值    ：-12.231154133955176
GBDT_AE_BET    :RMSD: 0.988442, P: 0.779838, R^2: 0.588003
GBDT_AE_ECFP的BA值    ：-12.395952397700624
GBDT_AE_ECFP    :RMSD: 0.984256, P: 0.779785, R^2: 0.591486
GBDT_BET_ECFP的BA值    ：-12.343439463436397
GBDT_BET_ECFP    :RMSD: 0.996293, P: 0.772352, R^2: 0.581433
GBDT_AE_BET_ECFP的BA值    ：-12.32198369924101
GBDT_AE_BET_ECFP    :RMSD: 0.983203, P: 0.780443, R^2: 0.592359
@@@@@@@@@@@@@@@@@@@@@@@@@@@@@@@@@@@@@@@@@@@最终结果@@@@@@@@@@@@@@@@@@@@@@@@@@@@@@@@@@@@@@@@@@@@@@@@@@
@@@@@@@@@@@@@@@@@@@@@@@@@@@@@@@@@@@@@@@@@@@最终结果@@@@@@@@@@@@@@@@@@@@@@@@@@@@@@@@@@@@@@@@@@@@@@@@@@
%%%%%%%%%%%%%%%%%%%%%%%%%%%%%%%%%%%%%%%%%%%GBDT%%%%%%%%%%%%%%%%%%%%%%%%%%%%%%%%%%%%%%%%%%%%%%%%%%%%%%
GBDT_BET:0-th Final RMSD: 1.010732, Final P: 0.804448, Final R^2: 0.639180
GBDT_AE :0-th Final RMSD: 1.016886, Final P: 0.806024, Final R^2: 0.634773
GBDT_ECFP :0-th Final RMSD: 0.910990, Final P: 0.840993, Final R^2: 0.706879
GBDT_AE_BET    :0-th Final RMSD: 1.001307, Final P: 0.812434, Final R^2: 0.645878
GBDT_AE_ECFP    :0-th Final RMSD: 0.918601, Final P: 0.842389, Final R^2: 0.701962
GBDT_BET_ECFP    :0-th Final RMSD: 0.925747, Final P: 0.837484, Final R^2: 0.697306
GBDT_AE_BET_ECFP    :0-th Final RMSD: 0.938572, Final P: 0.835883, Final R^2: 0.688861
0-th GBDT_AE的BA值 ：-12.879215
0-th GBDT_BET的BA值：-12.854711
0-th GBDT_ECFP的BA值 ：-13.472595
0-th GBDT_AE_BET的BA值：-12.866963
0-th GBDT_AE_ECFP的BA值    ：-12.923431
0-th GBDT_BET_ECFP的BA值    ：-13.028497
0-th GBDT_AE_BET_ECFP的BA值    ：-12.900524
total time: 0.2179851410124037 h
