size of data: (1044,)
size of train size: 835
GBDT parameter
Namespace(n_estimators=10000, dataset='CHEMBL2434', max_depth=7, learning_rate=0.01, criterion='friedman_mse', subsample=0.7, max_features='sqrt', min_samples_split=3, loss='ls', n_iter_no_change=None, random_seed=0)
fold= 1
>>>>>>>>>>>>>training.............
###############################################GBDT#####################################################
GBDT_BET的BA值：-11.853203655564016
GBDT_BET:RMSD: 0.951147, P: 0.809237, R^2: 0.633342
GBDT_AE的BA值 ：-11.647820087764904
GBDT_AE :RMSD: 0.973120, P: 0.815425, R^2: 0.616206
GBDT_ECFP的BA值 ：-12.288151288201856
GBDT_ECFP :RMSD: 0.912386, P: 0.815850, R^2: 0.662617
GBDT_AE_BET的BA值    ：-11.67857824980203
GBDT_AE_BET    :RMSD: 0.947925, P: 0.822067, R^2: 0.635822
GBDT_AE_ECFP的BA值    ：-11.96798568798338
GBDT_AE_ECFP    :RMSD: 0.895748, P: 0.835857, R^2: 0.674810
GBDT_BET_ECFP的BA值    ：-11.969644467317686
GBDT_BET_ECFP    :RMSD: 0.899603, P: 0.826823, R^2: 0.672005
GBDT_AE_BET_ECFP的BA值    ：-11.862369674133426
GBDT_AE_BET_ECFP    :RMSD: 0.904111, P: 0.833797, R^2: 0.668709
fold= 2
>>>>>>>>>>>>>training.............
###############################################GBDT#####################################################
GBDT_BET的BA值：-11.72908579010271
GBDT_BET:RMSD: 0.983983, P: 0.736489, R^2: 0.538584
GBDT_AE的BA值 ：-10.866585216925463
GBDT_AE :RMSD: 1.062620, P: 0.722057, R^2: 0.461888
GBDT_ECFP的BA值 ：-12.470733396156904
GBDT_ECFP :RMSD: 0.962962, P: 0.760839, R^2: 0.558088
GBDT_AE_BET的BA值    ：-11.297835503514086
GBDT_AE_BET    :RMSD: 0.993392, P: 0.739794, R^2: 0.529717
GBDT_AE_ECFP的BA值    ：-11.45629602803407
GBDT_AE_ECFP    :RMSD: 0.945681, P: 0.762102, R^2: 0.573807
GBDT_BET_ECFP的BA值    ：-12.073323628579923
GBDT_BET_ECFP    :RMSD: 0.949671, P: 0.759735, R^2: 0.570203
GBDT_AE_BET_ECFP的BA值    ：-11.52164049096236
GBDT_AE_BET_ECFP    :RMSD: 0.949115, P: 0.758764, R^2: 0.570706
fold= 3
>>>>>>>>>>>>>training.............
###############################################GBDT#####################################################
GBDT_BET的BA值：-11.718546437129618
GBDT_BET:RMSD: 0.903292, P: 0.805561, R^2: 0.639114
GBDT_AE的BA值 ：-11.600576202174937
GBDT_AE :RMSD: 0.949101, P: 0.781579, R^2: 0.601582
GBDT_ECFP的BA值 ：-12.235407732708254
GBDT_ECFP :RMSD: 0.878111, P: 0.814790, R^2: 0.658954
GBDT_AE_BET的BA值    ：-11.574574245355468
GBDT_AE_BET    :RMSD: 0.913320, P: 0.801260, R^2: 0.631057
GBDT_AE_ECFP的BA值    ：-11.879241097737893
GBDT_AE_ECFP    :RMSD: 0.862373, P: 0.821101, R^2: 0.671069
GBDT_BET_ECFP的BA值    ：-11.890998691622176
GBDT_BET_ECFP    :RMSD: 0.851124, P: 0.825787, R^2: 0.679595
GBDT_AE_BET_ECFP的BA值    ：-11.727810511664677
GBDT_AE_BET_ECFP    :RMSD: 0.864176, P: 0.821993, R^2: 0.669692
fold= 4
>>>>>>>>>>>>>training.............
###############################################GBDT#####################################################
GBDT_BET的BA值：-11.813976338388391
GBDT_BET:RMSD: 0.928602, P: 0.788436, R^2: 0.601599
GBDT_AE的BA值 ：-11.202364826475696
GBDT_AE :RMSD: 0.962587, P: 0.788646, R^2: 0.571904
GBDT_ECFP的BA值 ：-12.031295788032974
GBDT_ECFP :RMSD: 0.887338, P: 0.805425, R^2: 0.636219
GBDT_AE_BET的BA值    ：-11.41583328647183
GBDT_AE_BET    :RMSD: 0.929045, P: 0.797249, R^2: 0.601219
GBDT_AE_ECFP的BA值    ：-11.57019023457515
GBDT_AE_ECFP    :RMSD: 0.880957, P: 0.815630, R^2: 0.641433
GBDT_BET_ECFP的BA值    ：-11.815983340418565
GBDT_BET_ECFP    :RMSD: 0.876294, P: 0.814289, R^2: 0.645219
GBDT_AE_BET_ECFP的BA值    ：-11.577379177289764
GBDT_AE_BET_ECFP    :RMSD: 0.885197, P: 0.814881, R^2: 0.637973
fold= 5
>>>>>>>>>>>>>training.............
###############################################GBDT#####################################################
GBDT_BET的BA值：-12.033441165159362
GBDT_BET:RMSD: 0.919171, P: 0.784701, R^2: 0.610858
GBDT_AE的BA值 ：-11.545594259516355
GBDT_AE :RMSD: 0.905300, P: 0.800834, R^2: 0.622514
GBDT_ECFP的BA值 ：-12.587264134739106
GBDT_ECFP :RMSD: 0.981766, P: 0.758573, R^2: 0.556052
GBDT_AE_BET的BA值    ：-11.789517712337858
GBDT_AE_BET    :RMSD: 0.897033, P: 0.800970, R^2: 0.629377
GBDT_AE_ECFP的BA值    ：-12.021155883413151
GBDT_AE_ECFP    :RMSD: 0.894219, P: 0.796035, R^2: 0.631698
GBDT_BET_ECFP的BA值    ：-12.265079336234656
GBDT_BET_ECFP    :RMSD: 0.913238, P: 0.786017, R^2: 0.615865
GBDT_AE_BET_ECFP的BA值    ：-12.025250977328556
GBDT_AE_BET_ECFP    :RMSD: 0.889750, P: 0.799398, R^2: 0.635371
fold= 6
>>>>>>>>>>>>>training.............
###############################################GBDT#####################################################
GBDT_BET的BA值：-11.772778321161919
GBDT_BET:RMSD: 0.897275, P: 0.838441, R^2: 0.678066
GBDT_AE的BA值 ：-11.44157009097507
GBDT_AE :RMSD: 0.946563, P: 0.820219, R^2: 0.641727
GBDT_ECFP的BA值 ：-12.193450850153432
GBDT_ECFP :RMSD: 0.811311, P: 0.861742, R^2: 0.736797
GBDT_AE_BET的BA值    ：-11.605915536018856
GBDT_AE_BET    :RMSD: 0.914596, P: 0.834503, R^2: 0.665517
GBDT_AE_ECFP的BA值    ：-11.782730327722096
GBDT_AE_ECFP    :RMSD: 0.843799, P: 0.859296, R^2: 0.715295
GBDT_BET_ECFP的BA值    ：-11.890761618039278
GBDT_BET_ECFP    :RMSD: 0.821843, P: 0.865627, R^2: 0.729919
GBDT_AE_BET_ECFP的BA值    ：-11.717844347123105
GBDT_AE_BET_ECFP    :RMSD: 0.852208, P: 0.858038, R^2: 0.709593
fold= 7
>>>>>>>>>>>>>training.............
###############################################GBDT#####################################################
GBDT_BET的BA值：-11.600127614932767
GBDT_BET:RMSD: 1.001374, P: 0.793281, R^2: 0.593552
GBDT_AE的BA值 ：-11.13178754560859
GBDT_AE :RMSD: 1.075984, P: 0.783001, R^2: 0.530730
GBDT_ECFP的BA值 ：-11.914907079093448
GBDT_ECFP :RMSD: 0.970073, P: 0.788455, R^2: 0.618565
GBDT_AE_BET的BA值    ：-11.365957580270678
GBDT_AE_BET    :RMSD: 1.027161, P: 0.796911, R^2: 0.572350
GBDT_AE_ECFP的BA值    ：-11.484819941136157
GBDT_AE_ECFP    :RMSD: 0.983021, P: 0.801222, R^2: 0.608315
GBDT_BET_ECFP的BA值    ：-11.690329058543776
GBDT_BET_ECFP    :RMSD: 0.955433, P: 0.804640, R^2: 0.629991
GBDT_AE_BET_ECFP的BA值    ：-11.504148554232048
GBDT_AE_BET_ECFP    :RMSD: 0.979537, P: 0.805870, R^2: 0.611087
fold= 8
>>>>>>>>>>>>>training.............
###############################################GBDT#####################################################
GBDT_BET的BA值：-12.066707164357737
GBDT_BET:RMSD: 0.995527, P: 0.773131, R^2: 0.594500
GBDT_AE的BA值 ：-11.826329865968853
GBDT_AE :RMSD: 1.010699, P: 0.775802, R^2: 0.582046
GBDT_ECFP的BA值 ：-11.94168289313481
GBDT_ECFP :RMSD: 1.028938, P: 0.754868, R^2: 0.566825
GBDT_AE_BET的BA值    ：-11.745069892301604
GBDT_AE_BET    :RMSD: 0.990759, P: 0.781317, R^2: 0.598375
GBDT_AE_ECFP的BA值    ：-11.661648532832288
GBDT_AE_ECFP    :RMSD: 0.984110, P: 0.780258, R^2: 0.603748
GBDT_BET_ECFP的BA值    ：-12.004195028746274
GBDT_BET_ECFP    :RMSD: 0.985264, P: 0.776839, R^2: 0.602818
GBDT_AE_BET_ECFP的BA值    ：-11.796668076674104
GBDT_AE_BET_ECFP    :RMSD: 0.978206, P: 0.783776, R^2: 0.608488
fold= 9
>>>>>>>>>>>>>training.............
###############################################GBDT#####################################################
GBDT_BET的BA值：-11.748265705123734
GBDT_BET:RMSD: 0.907579, P: 0.791115, R^2: 0.623773
GBDT_AE的BA值 ：-11.888290088674353
GBDT_AE :RMSD: 0.926275, P: 0.784987, R^2: 0.608113
GBDT_ECFP的BA值 ：-13.108356420753209
GBDT_ECFP :RMSD: 0.903781, P: 0.800032, R^2: 0.626916
GBDT_AE_BET的BA值    ：-11.817107131150788
GBDT_AE_BET    :RMSD: 0.908354, P: 0.793105, R^2: 0.623130
GBDT_AE_ECFP的BA值    ：-12.498323254713782
GBDT_AE_ECFP    :RMSD: 0.873889, P: 0.808413, R^2: 0.651186
GBDT_BET_ECFP的BA值    ：-12.427140297190217
GBDT_BET_ECFP    :RMSD: 0.868882, P: 0.810478, R^2: 0.655172
GBDT_AE_BET_ECFP的BA值    ：-12.247523561018262
GBDT_AE_BET_ECFP    :RMSD: 0.874101, P: 0.808713, R^2: 0.651017
fold= 10
>>>>>>>>>>>>>training.............
###############################################GBDT#####################################################
GBDT_BET的BA值：-11.631326506613467
GBDT_BET:RMSD: 0.950885, P: 0.760450, R^2: 0.561218
GBDT_AE的BA值 ：-11.176109694255208
GBDT_AE :RMSD: 0.933063, P: 0.798492, R^2: 0.577512
GBDT_ECFP的BA值 ：-12.008064333528454
GBDT_ECFP :RMSD: 0.980626, P: 0.742983, R^2: 0.533341
GBDT_AE_BET的BA值    ：-11.213260207044456
GBDT_AE_BET    :RMSD: 0.911434, P: 0.792382, R^2: 0.596872
GBDT_AE_ECFP的BA值    ：-11.475056640406526
GBDT_AE_ECFP    :RMSD: 0.896357, P: 0.790360, R^2: 0.610098
GBDT_BET_ECFP的BA值    ：-11.704865961586233
GBDT_BET_ECFP    :RMSD: 0.927633, P: 0.772175, R^2: 0.582415
GBDT_AE_BET_ECFP的BA值    ：-11.410185650017581
GBDT_AE_BET_ECFP    :RMSD: 0.897049, P: 0.791993, R^2: 0.609496
@@@@@@@@@@@@@@@@@@@@@@@@@@@@@@@@@@@@@@@@@@@最终结果@@@@@@@@@@@@@@@@@@@@@@@@@@@@@@@@@@@@@@@@@@@@@@@@@@
@@@@@@@@@@@@@@@@@@@@@@@@@@@@@@@@@@@@@@@@@@@最终结果@@@@@@@@@@@@@@@@@@@@@@@@@@@@@@@@@@@@@@@@@@@@@@@@@@
%%%%%%%%%%%%%%%%%%%%%%%%%%%%%%%%%%%%%%%%%%%GBDT%%%%%%%%%%%%%%%%%%%%%%%%%%%%%%%%%%%%%%%%%%%%%%%%%%%%%%
GBDT_BET:0-th Final RMSD: 0.944598, Final P: 0.786966, Final R^2: 0.612021
GBDT_AE :0-th Final RMSD: 0.976103, Final P: 0.780729, Final R^2: 0.585709
GBDT_ECFP :0-th Final RMSD: 0.933642, Final P: 0.790252, Final R^2: 0.620969
GBDT_AE_BET    :0-th Final RMSD: 0.944270, Final P: 0.794551, Final R^2: 0.612290
GBDT_AE_ECFP    :0-th Final RMSD: 0.907154, Final P: 0.806733, Final R^2: 0.642170
GBDT_BET_ECFP    :0-th Final RMSD: 0.906155, Final P: 0.803734, Final R^2: 0.642958
GBDT_AE_BET_ECFP    :0-th Final RMSD: 0.908359, Final P: 0.807508, Final R^2: 0.641219
0-th GBDT_AE的BA值 ：-11.888290
0-th GBDT_BET的BA值：-12.066707
0-th GBDT_ECFP的BA值 ：-13.108356
0-th GBDT_AE_BET的BA值：-11.817107
0-th GBDT_AE_ECFP的BA值    ：-12.498323
0-th GBDT_BET_ECFP的BA值    ：-12.427140
0-th GBDT_AE_BET_ECFP的BA值    ：-12.247524
total time: 0.4804849814044105 h
