size of data: (684,)
size of train size: 547
GBDT parameter
Namespace(n_estimators=10000, dataset='CHEMBL4691', max_depth=7, learning_rate=0.01, criterion='friedman_mse', subsample=0.7, max_features='sqrt', min_samples_split=3, loss='ls', n_iter_no_change=None, random_seed=0)
fold= 1
>>>>>>>>>>>>>training.............
###############################################GBDT#####################################################
GBDT_BET的BA值：-12.68326842973727
GBDT_BET:RMSD: 0.803727, P: 0.804075, R^2: 0.645187
GBDT_AE的BA值 ：-12.37589928480358
GBDT_AE :RMSD: 0.834912, P: 0.798629, R^2: 0.617119
GBDT_ECFP的BA值 ：-13.169901362214237
GBDT_ECFP :RMSD: 0.837440, P: 0.792148, R^2: 0.614796
GBDT_AE_BET的BA值    ：-12.51609081055831
GBDT_AE_BET    :RMSD: 0.804688, P: 0.807979, R^2: 0.644337
GBDT_AE_ECFP的BA值    ：-12.685327621570849
GBDT_AE_ECFP    :RMSD: 0.791439, P: 0.810959, R^2: 0.655953
GBDT_BET_ECFP的BA值    ：-12.895250100614742
GBDT_BET_ECFP    :RMSD: 0.784629, P: 0.813812, R^2: 0.661848
GBDT_AE_BET_ECFP的BA值    ：-12.629435926327032
GBDT_AE_BET_ECFP    :RMSD: 0.782716, P: 0.815763, R^2: 0.663495
fold= 2
>>>>>>>>>>>>>training.............
###############################################GBDT#####################################################
GBDT_BET的BA值：-12.253191579970565
GBDT_BET:RMSD: 1.035442, P: 0.806049, R^2: 0.584877
GBDT_AE的BA值 ：-11.535685973432374
GBDT_AE :RMSD: 1.221845, P: 0.783828, R^2: 0.421961
GBDT_ECFP的BA值 ：-12.923312701866909
GBDT_ECFP :RMSD: 1.093563, P: 0.740676, R^2: 0.536967
GBDT_AE_BET的BA值    ：-11.88824813855903
GBDT_AE_BET    :RMSD: 1.114496, P: 0.803742, R^2: 0.519070
GBDT_AE_ECFP的BA值    ：-12.229499337649642
GBDT_AE_ECFP    :RMSD: 1.079186, P: 0.780839, R^2: 0.549061
GBDT_BET_ECFP的BA值    ：-12.530722419090537
GBDT_BET_ECFP    :RMSD: 1.011517, P: 0.792537, R^2: 0.603840
GBDT_AE_BET_ECFP的BA值    ：-12.19491651177619
GBDT_AE_BET_ECFP    :RMSD: 1.051914, P: 0.799807, R^2: 0.571565
fold= 3
>>>>>>>>>>>>>training.............
###############################################GBDT#####################################################
GBDT_BET的BA值：-12.684732765138957
GBDT_BET:RMSD: 0.989605, P: 0.791103, R^2: 0.618386
GBDT_AE的BA值 ：-12.632152484324028
GBDT_AE :RMSD: 1.013008, P: 0.791429, R^2: 0.600123
GBDT_ECFP的BA值 ：-13.206088755749661
GBDT_ECFP :RMSD: 0.868002, P: 0.842205, R^2: 0.706409
GBDT_AE_BET的BA值    ：-12.566494939923722
GBDT_AE_BET    :RMSD: 0.992037, P: 0.796393, R^2: 0.616508
GBDT_AE_ECFP的BA值    ：-12.776482683098388
GBDT_AE_ECFP    :RMSD: 0.896022, P: 0.838107, R^2: 0.687149
GBDT_BET_ECFP的BA值    ：-12.894720508313622
GBDT_BET_ECFP    :RMSD: 0.886958, P: 0.837218, R^2: 0.693446
GBDT_AE_BET_ECFP的BA值    ：-12.745899377111911
GBDT_AE_BET_ECFP    :RMSD: 0.915048, P: 0.830056, R^2: 0.673722
fold= 4
>>>>>>>>>>>>>training.............
###############################################GBDT#####################################################
GBDT_BET的BA值：-12.50903989121584
GBDT_BET:RMSD: 1.139206, P: 0.673443, R^2: 0.452738
GBDT_AE的BA值 ：-12.3227451339934
GBDT_AE :RMSD: 1.181210, P: 0.642308, R^2: 0.411637
GBDT_ECFP的BA值 ：-12.809974620329944
GBDT_ECFP :RMSD: 1.072631, P: 0.721698, R^2: 0.514833
GBDT_AE_BET的BA值    ：-12.383287748122473
GBDT_AE_BET    :RMSD: 1.154095, P: 0.662894, R^2: 0.438340
GBDT_AE_ECFP的BA值    ：-12.564261599725828
GBDT_AE_ECFP    :RMSD: 1.095608, P: 0.702811, R^2: 0.493824
GBDT_BET_ECFP的BA值    ：-12.589085877568964
GBDT_BET_ECFP    :RMSD: 1.074786, P: 0.716167, R^2: 0.512882
GBDT_AE_BET_ECFP的BA值    ：-12.467410792515865
GBDT_AE_BET_ECFP    :RMSD: 1.100820, P: 0.699676, R^2: 0.488997
fold= 5
>>>>>>>>>>>>>training.............
###############################################GBDT#####################################################
GBDT_BET的BA值：-12.97798553079968
GBDT_BET:RMSD: 1.004620, P: 0.808943, R^2: 0.625201
GBDT_AE的BA值 ：-12.385857416221867
GBDT_AE :RMSD: 1.119343, P: 0.749795, R^2: 0.534713
GBDT_ECFP的BA值 ：-13.078058952090199
GBDT_ECFP :RMSD: 1.099857, P: 0.746575, R^2: 0.550771
GBDT_AE_BET的BA值    ：-12.667712648942812
GBDT_AE_BET    :RMSD: 1.053099, P: 0.787792, R^2: 0.588156
GBDT_AE_ECFP的BA值    ：-12.717749359588073
GBDT_AE_ECFP    :RMSD: 1.061617, P: 0.766392, R^2: 0.581466
GBDT_BET_ECFP的BA值    ：-13.02802224144494
GBDT_BET_ECFP    :RMSD: 1.010536, P: 0.791026, R^2: 0.620774
GBDT_AE_BET_ECFP的BA值    ：-12.80449474999194
GBDT_AE_BET_ECFP    :RMSD: 1.030483, P: 0.787121, R^2: 0.605655
fold= 6
>>>>>>>>>>>>>training.............
###############################################GBDT#####################################################
GBDT_BET的BA值：-12.424027041570316
GBDT_BET:RMSD: 0.935609, P: 0.809901, R^2: 0.630041
GBDT_AE的BA值 ：-12.240097708945692
GBDT_AE :RMSD: 0.987743, P: 0.810215, R^2: 0.587662
GBDT_ECFP的BA值 ：-13.340359755202535
GBDT_ECFP :RMSD: 1.146486, P: 0.718919, R^2: 0.444476
GBDT_AE_BET的BA值    ：-12.270958232126244
GBDT_AE_BET    :RMSD: 0.946501, P: 0.818664, R^2: 0.621377
GBDT_AE_ECFP的BA值    ：-12.559803384138036
GBDT_AE_ECFP    :RMSD: 1.001483, P: 0.781743, R^2: 0.576110
GBDT_BET_ECFP的BA值    ：-12.706774072950816
GBDT_BET_ECFP    :RMSD: 0.996389, P: 0.783875, R^2: 0.580412
GBDT_AE_BET_ECFP的BA值    ：-12.3959897154014
GBDT_AE_BET_ECFP    :RMSD: 0.966153, P: 0.801424, R^2: 0.605491
fold= 7
>>>>>>>>>>>>>training.............
###############################################GBDT#####################################################
GBDT_BET的BA值：-12.635457944651233
GBDT_BET:RMSD: 0.888299, P: 0.801658, R^2: 0.552238
GBDT_AE的BA值 ：-11.90433501021665
GBDT_AE :RMSD: 1.027055, P: 0.793223, R^2: 0.401429
GBDT_ECFP的BA值 ：-13.025920857654384
GBDT_ECFP :RMSD: 0.709204, P: 0.854571, R^2: 0.714589
GBDT_AE_BET的BA值    ：-12.184000830058746
GBDT_AE_BET    :RMSD: 0.943534, P: 0.803836, R^2: 0.494824
GBDT_AE_ECFP的BA值    ：-12.420304412970289
GBDT_AE_ECFP    :RMSD: 0.803453, P: 0.851224, R^2: 0.633690
GBDT_BET_ECFP的BA值    ：-12.736464141277157
GBDT_BET_ECFP    :RMSD: 0.747699, P: 0.853279, R^2: 0.682765
GBDT_AE_BET_ECFP的BA值    ：-12.396989957364426
GBDT_AE_BET_ECFP    :RMSD: 0.818704, P: 0.844420, R^2: 0.619651
fold= 8
>>>>>>>>>>>>>training.............
###############################################GBDT#####################################################
GBDT_BET的BA值：-12.728983396240638
GBDT_BET:RMSD: 1.022624, P: 0.728929, R^2: 0.480609
GBDT_AE的BA值 ：-12.548385514772562
GBDT_AE :RMSD: 0.972669, P: 0.750783, R^2: 0.530114
GBDT_ECFP的BA值 ：-13.491331102369763
GBDT_ECFP :RMSD: 0.974426, P: 0.772806, R^2: 0.528414
GBDT_AE_BET的BA值    ：-12.599266508685982
GBDT_AE_BET    :RMSD: 0.990007, P: 0.744390, R^2: 0.513213
GBDT_AE_ECFP的BA值    ：-12.980440361750546
GBDT_AE_ECFP    :RMSD: 0.928220, P: 0.780004, R^2: 0.572078
GBDT_BET_ECFP的BA值    ：-13.1101572493052
GBDT_BET_ECFP    :RMSD: 0.954040, P: 0.771091, R^2: 0.547940
GBDT_AE_BET_ECFP的BA值    ：-12.896621373247243
GBDT_AE_BET_ECFP    :RMSD: 0.946704, P: 0.770999, R^2: 0.554865
fold= 9
>>>>>>>>>>>>>training.............
###############################################GBDT#####################################################
GBDT_BET的BA值：-12.627242742964345
GBDT_BET:RMSD: 0.939529, P: 0.735090, R^2: 0.537097
GBDT_AE的BA值 ：-12.420267666088547
GBDT_AE :RMSD: 0.921879, P: 0.750550, R^2: 0.554325
GBDT_ECFP的BA值 ：-12.846300605999959
GBDT_ECFP :RMSD: 0.833884, P: 0.806071, R^2: 0.635346
GBDT_AE_BET的BA值    ：-12.523755204526445
GBDT_AE_BET    :RMSD: 0.923202, P: 0.746957, R^2: 0.553045
GBDT_AE_ECFP的BA值    ：-12.606913306651805
GBDT_AE_ECFP    :RMSD: 0.809925, P: 0.811432, R^2: 0.655999
GBDT_BET_ECFP的BA值    ：-12.710400845089705
GBDT_BET_ECFP    :RMSD: 0.814830, P: 0.807808, R^2: 0.651820
GBDT_AE_BET_ECFP的BA值    ：-12.613689785422652
GBDT_AE_BET_ECFP    :RMSD: 0.834065, P: 0.799090, R^2: 0.635188
fold= 10
>>>>>>>>>>>>>training.............
###############################################GBDT#####################################################
GBDT_BET的BA值：-12.551143649735359
GBDT_BET:RMSD: 0.908379, P: 0.747241, R^2: 0.542071
GBDT_AE的BA值 ：-11.990437159902084
GBDT_AE :RMSD: 0.906411, P: 0.746832, R^2: 0.544053
GBDT_ECFP的BA值 ：-12.996552445718224
GBDT_ECFP :RMSD: 0.945509, P: 0.745996, R^2: 0.503870
GBDT_AE_BET的BA值    ：-12.270790404818722
GBDT_AE_BET    :RMSD: 0.888269, P: 0.755769, R^2: 0.562122
GBDT_AE_ECFP的BA值    ：-12.359164676111131
GBDT_AE_ECFP    :RMSD: 0.868515, P: 0.768548, R^2: 0.581381
GBDT_BET_ECFP的BA值    ：-12.639517921027767
GBDT_BET_ECFP    :RMSD: 0.889936, P: 0.765416, R^2: 0.560477
GBDT_AE_BET_ECFP的BA值    ：-12.423157667319208
GBDT_AE_BET_ECFP    :RMSD: 0.869264, P: 0.769807, R^2: 0.580659
@@@@@@@@@@@@@@@@@@@@@@@@@@@@@@@@@@@@@@@@@@@最终结果@@@@@@@@@@@@@@@@@@@@@@@@@@@@@@@@@@@@@@@@@@@@@@@@@@
@@@@@@@@@@@@@@@@@@@@@@@@@@@@@@@@@@@@@@@@@@@最终结果@@@@@@@@@@@@@@@@@@@@@@@@@@@@@@@@@@@@@@@@@@@@@@@@@@
%%%%%%%%%%%%%%%%%%%%%%%%%%%%%%%%%%%%%%%%%%%GBDT%%%%%%%%%%%%%%%%%%%%%%%%%%%%%%%%%%%%%%%%%%%%%%%%%%%%%%
GBDT_BET:0-th Final RMSD: 0.970869, Final P: 0.763721, Final R^2: 0.579745
GBDT_AE :0-th Final RMSD: 1.025588, Final P: 0.742744, Final R^2: 0.531038
GBDT_ECFP :0-th Final RMSD: 0.967878, Final P: 0.769257, Final R^2: 0.582329
GBDT_AE_BET    :0-th Final RMSD: 0.986251, Final P: 0.760954, Final R^2: 0.566323
GBDT_AE_ECFP    :0-th Final RMSD: 0.940501, Final P: 0.781246, Final R^2: 0.605624
GBDT_BET_ECFP    :0-th Final RMSD: 0.923165, Final P: 0.788282, Final R^2: 0.620028
GBDT_AE_BET_ECFP    :0-th Final RMSD: 0.937293, Final P: 0.784275, Final R^2: 0.608310
0-th GBDT_AE的BA值 ：-12.632152
0-th GBDT_BET的BA值：-12.977986
0-th GBDT_ECFP的BA值 ：-13.491331
0-th GBDT_AE_BET的BA值：-12.667713
0-th GBDT_AE_ECFP的BA值    ：-12.980440
0-th GBDT_BET_ECFP的BA值    ：-13.110157
0-th GBDT_AE_BET_ECFP的BA值    ：-12.896621
total time: 0.3110839372211032 h
