size of data: (911,)
size of train size: 728
GBDT parameter
Namespace(n_estimators=10000, dataset='CHEMBL4462', max_depth=7, learning_rate=0.01, criterion='friedman_mse', subsample=0.7, max_features='sqrt', min_samples_split=3, loss='ls', n_iter_no_change=None, random_seed=0)
fold= 1
>>>>>>>>>>>>>training.............
###############################################GBDT#####################################################
GBDT_BET的BA值：-11.728322147135675
GBDT_BET:RMSD: 0.870346, P: 0.781698, R^2: 0.577636
GBDT_AE的BA值 ：-12.235875738987431
GBDT_AE :RMSD: 0.891793, P: 0.772656, R^2: 0.556563
GBDT_ECFP的BA值 ：-12.867809831169282
GBDT_ECFP :RMSD: 0.733076, P: 0.848777, R^2: 0.700359
GBDT_AE_BET的BA值    ：-11.982098943061553
GBDT_AE_BET    :RMSD: 0.870402, P: 0.785996, R^2: 0.577581
GBDT_AE_ECFP的BA值    ：-12.551842785078357
GBDT_AE_ECFP    :RMSD: 0.779467, P: 0.832495, R^2: 0.661234
GBDT_BET_ECFP的BA值    ：-12.298065989152478
GBDT_BET_ECFP    :RMSD: 0.772174, P: 0.833954, R^2: 0.667544
GBDT_AE_BET_ECFP的BA值    ：-12.277335905764128
GBDT_AE_BET_ECFP    :RMSD: 0.799687, P: 0.823680, R^2: 0.643431
fold= 2
>>>>>>>>>>>>>training.............
###############################################GBDT#####################################################
GBDT_BET的BA值：-11.692569406623901
GBDT_BET:RMSD: 0.793801, P: 0.872907, R^2: 0.725495
GBDT_AE的BA值 ：-11.616692535382242
GBDT_AE :RMSD: 0.795037, P: 0.875115, R^2: 0.724640
GBDT_ECFP的BA值 ：-13.706158093438733
GBDT_ECFP :RMSD: 0.749225, P: 0.873638, R^2: 0.755459
GBDT_AE_BET的BA值    ：-11.654630971003073
GBDT_AE_BET    :RMSD: 0.777935, P: 0.884060, R^2: 0.736359
GBDT_AE_ECFP的BA值    ：-12.281831128881473
GBDT_AE_ECFP    :RMSD: 0.704448, P: 0.889576, R^2: 0.783815
GBDT_BET_ECFP的BA值    ：-12.029330554357337
GBDT_BET_ECFP    :RMSD: 0.706382, P: 0.888525, R^2: 0.782627
GBDT_AE_BET_ECFP的BA值    ：-11.812322880874682
GBDT_AE_BET_ECFP    :RMSD: 0.713215, P: 0.892705, R^2: 0.778401
fold= 3
>>>>>>>>>>>>>training.............
###############################################GBDT#####################################################
GBDT_BET的BA值：-11.852010712594346
GBDT_BET:RMSD: 0.957230, P: 0.903856, R^2: 0.738357
GBDT_AE的BA值 ：-12.284697846487957
GBDT_AE :RMSD: 0.930349, P: 0.928857, R^2: 0.752846
GBDT_ECFP的BA值 ：-13.521299359806425
GBDT_ECFP :RMSD: 0.663590, P: 0.938835, R^2: 0.874259
GBDT_AE_BET的BA值    ：-12.06835427954115
GBDT_AE_BET    :RMSD: 0.932048, P: 0.923343, R^2: 0.751942
GBDT_AE_ECFP的BA值    ：-12.902998603147191
GBDT_AE_ECFP    :RMSD: 0.739075, P: 0.945549, R^2: 0.844026
GBDT_BET_ECFP的BA值    ：-12.686655036200385
GBDT_BET_ECFP    :RMSD: 0.761035, P: 0.935107, R^2: 0.834619
GBDT_AE_BET_ECFP的BA值    ：-12.552669306296243
GBDT_AE_BET_ECFP    :RMSD: 0.799603, P: 0.938918, R^2: 0.817432
fold= 4
>>>>>>>>>>>>>training.............
###############################################GBDT#####################################################
GBDT_BET的BA值：-10.688892592903127
GBDT_BET:RMSD: 0.678172, P: 0.845162, R^2: 0.682846
GBDT_AE的BA值 ：-10.557898240362453
GBDT_AE :RMSD: 0.743666, P: 0.816821, R^2: 0.618630
GBDT_ECFP的BA值 ：-11.248108457676954
GBDT_ECFP :RMSD: 0.647018, P: 0.853625, R^2: 0.711316
GBDT_AE_BET的BA值    ：-10.623395416632789
GBDT_AE_BET    :RMSD: 0.697801, P: 0.840755, R^2: 0.664221
GBDT_AE_ECFP的BA值    ：-10.532093410709184
GBDT_AE_ECFP    :RMSD: 0.614747, P: 0.866289, R^2: 0.739395
GBDT_BET_ECFP的BA值    ：-10.597590586979521
GBDT_BET_ECFP    :RMSD: 0.607073, P: 0.867306, R^2: 0.745860
GBDT_AE_BET_ECFP的BA值    ：-10.584359804773833
GBDT_AE_BET_ECFP    :RMSD: 0.623781, P: 0.865858, R^2: 0.731679
fold= 5
>>>>>>>>>>>>>training.............
###############################################GBDT#####################################################
GBDT_BET的BA值：-11.968140223384953
GBDT_BET:RMSD: 1.043949, P: 0.863986, R^2: 0.673301
GBDT_AE的BA值 ：-11.171696857702205
GBDT_AE :RMSD: 1.167097, P: 0.891058, R^2: 0.591678
GBDT_ECFP的BA值 ：-13.393107089183166
GBDT_ECFP :RMSD: 0.799832, P: 0.899947, R^2: 0.808227
GBDT_AE_BET的BA值    ：-11.56991854054358
GBDT_AE_BET    :RMSD: 1.086684, P: 0.885406, R^2: 0.646007
GBDT_AE_ECFP的BA值    ：-12.282401973442685
GBDT_AE_ECFP    :RMSD: 0.895186, P: 0.911582, R^2: 0.759777
GBDT_BET_ECFP的BA值    ：-12.680623656284059
GBDT_BET_ECFP    :RMSD: 0.862700, P: 0.899484, R^2: 0.776896
GBDT_AE_BET_ECFP的BA值    ：-12.177648056756775
GBDT_AE_BET_ECFP    :RMSD: 0.931802, P: 0.904623, R^2: 0.739723
fold= 6
>>>>>>>>>>>>>training.............
###############################################GBDT#####################################################
GBDT_BET的BA值：-11.849977542909736
GBDT_BET:RMSD: 0.876236, P: 0.885796, R^2: 0.730035
GBDT_AE的BA值 ：-11.449914135216545
GBDT_AE :RMSD: 0.849259, P: 0.909174, R^2: 0.746402
GBDT_ECFP的BA值 ：-12.050197710057791
GBDT_ECFP :RMSD: 0.778504, P: 0.895461, R^2: 0.786898
GBDT_AE_BET的BA值    ：-11.64994583906314
GBDT_AE_BET    :RMSD: 0.847409, P: 0.907307, R^2: 0.747506
GBDT_AE_ECFP的BA值    ：-11.750055922637168
GBDT_AE_ECFP    :RMSD: 0.786096, P: 0.911025, R^2: 0.782722
GBDT_BET_ECFP的BA值    ：-11.950087626483764
GBDT_BET_ECFP    :RMSD: 0.795289, P: 0.904695, R^2: 0.777610
GBDT_AE_BET_ECFP的BA值    ：-11.783363129394692
GBDT_AE_BET_ECFP    :RMSD: 0.801321, P: 0.911559, R^2: 0.774224
fold= 7
>>>>>>>>>>>>>training.............
###############################################GBDT#####################################################
GBDT_BET的BA值：-11.115169093395723
GBDT_BET:RMSD: 0.802748, P: 0.800614, R^2: 0.637878
GBDT_AE的BA值 ：-11.280729125040041
GBDT_AE :RMSD: 0.788558, P: 0.809889, R^2: 0.650567
GBDT_ECFP的BA值 ：-11.264417441558388
GBDT_ECFP :RMSD: 0.805020, P: 0.809426, R^2: 0.635825
GBDT_AE_BET的BA值    ：-11.197949109217882
GBDT_AE_BET    :RMSD: 0.780198, P: 0.814867, R^2: 0.657937
GBDT_AE_ECFP的BA值    ：-11.247866739359251
GBDT_AE_ECFP    :RMSD: 0.747496, P: 0.828856, R^2: 0.686012
GBDT_BET_ECFP的BA值    ：-11.102765106634347
GBDT_BET_ECFP    :RMSD: 0.770382, P: 0.817854, R^2: 0.666491
GBDT_AE_BET_ECFP的BA值    ：-11.145615416809603
GBDT_AE_BET_ECFP    :RMSD: 0.754946, P: 0.825698, R^2: 0.679721
fold= 8
>>>>>>>>>>>>>training.............
###############################################GBDT#####################################################
GBDT_BET的BA值：-13.090693934085014
GBDT_BET:RMSD: 0.710733, P: 0.904641, R^2: 0.801967
GBDT_AE的BA值 ：-12.16362433786052
GBDT_AE :RMSD: 0.803204, P: 0.893236, R^2: 0.747085
GBDT_ECFP的BA值 ：-14.435003148450896
GBDT_ECFP :RMSD: 0.693332, P: 0.905502, R^2: 0.811545
GBDT_AE_BET的BA值    ：-12.627159135972768
GBDT_AE_BET    :RMSD: 0.736752, P: 0.904705, R^2: 0.787203
GBDT_AE_ECFP的BA值    ：-13.299313743155707
GBDT_AE_ECFP    :RMSD: 0.671267, P: 0.911501, R^2: 0.823350
GBDT_BET_ECFP的BA值    ：-13.762848541267955
GBDT_BET_ECFP    :RMSD: 0.640334, P: 0.917810, R^2: 0.839255
GBDT_AE_BET_ECFP的BA值    ：-13.22977380679881
GBDT_AE_BET_ECFP    :RMSD: 0.665226, P: 0.915458, R^2: 0.826515
fold= 9
>>>>>>>>>>>>>training.............
###############################################GBDT#####################################################
GBDT_BET的BA值：-10.487273860078528
GBDT_BET:RMSD: 0.859439, P: 0.800249, R^2: 0.619906
GBDT_AE的BA值 ：-10.660638587611874
GBDT_AE :RMSD: 0.781354, P: 0.861168, R^2: 0.685836
GBDT_ECFP的BA值 ：-11.254375590671517
GBDT_ECFP :RMSD: 0.658006, P: 0.882857, R^2: 0.777197
GBDT_AE_BET的BA值    ：-10.309242423225976
GBDT_AE_BET    :RMSD: 0.805421, P: 0.842459, R^2: 0.666184
GBDT_AE_ECFP的BA值    ：-10.957507089141696
GBDT_AE_ECFP    :RMSD: 0.676599, P: 0.891545, R^2: 0.764428
GBDT_BET_ECFP的BA值    ：-10.694699838630566
GBDT_BET_ECFP    :RMSD: 0.718504, P: 0.867849, R^2: 0.734344
GBDT_AE_BET_ECFP的BA值    ：-10.62428681237449
GBDT_AE_BET_ECFP    :RMSD: 0.723328, P: 0.874746, R^2: 0.730765
fold= 10
>>>>>>>>>>>>>training.............
###############################################GBDT#####################################################
GBDT_BET的BA值：-12.127801461357743
GBDT_BET:RMSD: 1.003812, P: 0.806278, R^2: 0.610277
GBDT_AE的BA值 ：-12.328588463890211
GBDT_AE :RMSD: 1.059063, P: 0.780602, R^2: 0.566195
GBDT_ECFP的BA值 ：-12.85607626022036
GBDT_ECFP :RMSD: 0.928846, P: 0.820553, R^2: 0.666313
GBDT_AE_BET的BA值    ：-12.228194962623977
GBDT_AE_BET    :RMSD: 1.019031, P: 0.804545, R^2: 0.598370
GBDT_AE_ECFP的BA值    ：-12.592332362055286
GBDT_AE_ECFP    :RMSD: 0.948745, P: 0.825534, R^2: 0.651863
GBDT_BET_ECFP的BA值    ：-12.491938860789052
GBDT_BET_ECFP    :RMSD: 0.933040, P: 0.829208, R^2: 0.663294
GBDT_AE_BET_ECFP的BA值    ：-12.43748872848944
GBDT_AE_BET_ECFP    :RMSD: 0.957102, P: 0.826347, R^2: 0.645703
@@@@@@@@@@@@@@@@@@@@@@@@@@@@@@@@@@@@@@@@@@@最终结果@@@@@@@@@@@@@@@@@@@@@@@@@@@@@@@@@@@@@@@@@@@@@@@@@@
@@@@@@@@@@@@@@@@@@@@@@@@@@@@@@@@@@@@@@@@@@@最终结果@@@@@@@@@@@@@@@@@@@@@@@@@@@@@@@@@@@@@@@@@@@@@@@@@@
%%%%%%%%%%%%%%%%%%%%%%%%%%%%%%%%%%%%%%%%%%%GBDT%%%%%%%%%%%%%%%%%%%%%%%%%%%%%%%%%%%%%%%%%%%%%%%%%%%%%%
GBDT_BET:0-th Final RMSD: 0.867025, Final P: 0.847983, Final R^2: 0.691759
GBDT_AE :0-th Final RMSD: 0.890418, Final P: 0.847825, Final R^2: 0.674902
GBDT_ECFP :0-th Final RMSD: 0.750183, Final P: 0.877117, Final R^2: 0.769240
GBDT_AE_BET    :0-th Final RMSD: 0.863492, Final P: 0.858216, Final R^2: 0.694266
GBDT_AE_ECFP    :0-th Final RMSD: 0.762549, Final P: 0.883514, Final R^2: 0.761569
GBDT_BET_ECFP    :0-th Final RMSD: 0.762245, Final P: 0.879618, Final R^2: 0.761759
GBDT_AE_BET_ECFP    :0-th Final RMSD: 0.783518, Final P: 0.880010, Final R^2: 0.748275
0-th GBDT_AE的BA值 ：-12.328588
0-th GBDT_BET的BA值：-13.090694
0-th GBDT_ECFP的BA值 ：-14.435003
0-th GBDT_AE_BET的BA值：-12.627159
0-th GBDT_AE_ECFP的BA值    ：-13.299314
0-th GBDT_BET_ECFP的BA值    ：-13.762849
0-th GBDT_AE_BET_ECFP的BA值    ：-13.229774
total time: 0.41873099856906465 h
