size of data: (974,)
size of train size: 779
GBDT parameter
Namespace(n_estimators=10000, dataset='CHEMBL1801', max_depth=7, learning_rate=0.01, criterion='friedman_mse', subsample=0.7, max_features='sqrt', min_samples_split=3, loss='ls', n_iter_no_change=None, random_seed=0)
fold= 1
>>>>>>>>>>>>>training.............
###############################################GBDT#####################################################
GBDT_BET的BA值：-12.827703440954517
GBDT_BET:RMSD: 1.093806, P: 0.835586, R^2: 0.685330
GBDT_AE的BA值 ：-11.391308022531545
GBDT_AE :RMSD: 1.270339, P: 0.809424, R^2: 0.575562
GBDT_ECFP的BA值 ：-13.39400813738164
GBDT_ECFP :RMSD: 0.843864, P: 0.901781, R^2: 0.812708
GBDT_AE_BET的BA值    ：-12.091170864847024
GBDT_AE_BET    :RMSD: 1.151313, P: 0.836552, R^2: 0.651372
GBDT_AE_ECFP的BA值    ：-12.37573232973335
GBDT_AE_ECFP    :RMSD: 0.976301, P: 0.888140, R^2: 0.749307
GBDT_BET_ECFP的BA值    ：-13.110855789168077
GBDT_BET_ECFP    :RMSD: 0.930528, P: 0.883475, R^2: 0.772263
GBDT_AE_BET_ECFP的BA值    ：-12.514166122209735
GBDT_AE_BET_ECFP    :RMSD: 1.003106, P: 0.876357, R^2: 0.735352
fold= 2
>>>>>>>>>>>>>training.............
###############################################GBDT#####################################################
GBDT_BET的BA值：-12.81612050695417
GBDT_BET:RMSD: 1.029395, P: 0.854183, R^2: 0.719384
GBDT_AE的BA值 ：-11.720987484177968
GBDT_AE :RMSD: 1.099731, P: 0.849433, R^2: 0.679726
GBDT_ECFP的BA值 ：-13.631246420799442
GBDT_ECFP :RMSD: 0.966809, P: 0.872036, R^2: 0.752468
GBDT_AE_BET的BA值    ：-12.056628372861889
GBDT_AE_BET    :RMSD: 1.033862, P: 0.864311, R^2: 0.716943
GBDT_AE_ECFP的BA值    ：-12.086536100941577
GBDT_AE_ECFP    :RMSD: 0.930349, P: 0.885419, R^2: 0.770786
GBDT_BET_ECFP的BA值    ：-13.130119570412955
GBDT_BET_ECFP    :RMSD: 0.944641, P: 0.875644, R^2: 0.763690
GBDT_AE_BET_ECFP的BA值    ：-12.30571226249387
GBDT_AE_BET_ECFP    :RMSD: 0.948876, P: 0.880987, R^2: 0.761566
fold= 3
>>>>>>>>>>>>>training.............
###############################################GBDT#####################################################
GBDT_BET的BA值：-12.84620572653828
GBDT_BET:RMSD: 0.859744, P: 0.922286, R^2: 0.818841
GBDT_AE的BA值 ：-12.72026290075318
GBDT_AE :RMSD: 1.058037, P: 0.900504, R^2: 0.725639
GBDT_ECFP的BA值 ：-13.832034230503465
GBDT_ECFP :RMSD: 0.851936, P: 0.906900, R^2: 0.822117
GBDT_AE_BET的BA值    ：-12.78323431364573
GBDT_AE_BET    :RMSD: 0.932852, P: 0.920725, R^2: 0.786721
GBDT_AE_ECFP的BA值    ：-12.859967232162024
GBDT_AE_ECFP    :RMSD: 0.883545, P: 0.916535, R^2: 0.808672
GBDT_BET_ECFP的BA值    ：-13.17348159214216
GBDT_BET_ECFP    :RMSD: 0.813049, P: 0.922301, R^2: 0.837985
GBDT_AE_BET_ECFP的BA值    ：-12.855380063620776
GBDT_AE_BET_ECFP    :RMSD: 0.860443, P: 0.923264, R^2: 0.818546
fold= 4
>>>>>>>>>>>>>training.............
###############################################GBDT#####################################################
GBDT_BET的BA值：-12.737632289389298
GBDT_BET:RMSD: 1.101977, P: 0.851359, R^2: 0.711269
GBDT_AE的BA值 ：-11.994750189483161
GBDT_AE :RMSD: 1.169714, P: 0.847087, R^2: 0.674682
GBDT_ECFP的BA值 ：-13.532593554402267
GBDT_ECFP :RMSD: 0.924208, P: 0.893761, R^2: 0.796910
GBDT_AE_BET的BA值    ：-12.36619123943623
GBDT_AE_BET    :RMSD: 1.110460, P: 0.857913, R^2: 0.706806
GBDT_AE_ECFP的BA值    ：-12.67473277629874
GBDT_AE_ECFP    :RMSD: 0.964160, P: 0.891021, R^2: 0.778972
GBDT_BET_ECFP的BA值    ：-13.046173826251808
GBDT_BET_ECFP    :RMSD: 0.955958, P: 0.887061, R^2: 0.782717
GBDT_AE_BET_ECFP的BA值    ：-12.695699280662259
GBDT_AE_BET_ECFP    :RMSD: 0.992728, P: 0.884192, R^2: 0.765680
fold= 5
>>>>>>>>>>>>>training.............
###############################################GBDT#####################################################
GBDT_BET的BA值：-12.565853117645988
GBDT_BET:RMSD: 1.033903, P: 0.882180, R^2: 0.744747
GBDT_AE的BA值 ：-11.68923157205099
GBDT_AE :RMSD: 1.181875, P: 0.854115, R^2: 0.666455
GBDT_ECFP的BA值 ：-13.290091190127335
GBDT_ECFP :RMSD: 0.896119, P: 0.903491, R^2: 0.808247
GBDT_AE_BET的BA值    ：-12.121488664116423
GBDT_AE_BET    :RMSD: 1.091052, P: 0.877082, R^2: 0.715749
GBDT_AE_ECFP的BA值    ：-12.489661381089162
GBDT_AE_ECFP    :RMSD: 0.996213, P: 0.893147, R^2: 0.763018
GBDT_BET_ECFP的BA值    ：-12.782368111933039
GBDT_BET_ECFP    :RMSD: 0.926187, P: 0.904122, R^2: 0.795163
GBDT_AE_BET_ECFP的BA值    ：-12.417989265305687
GBDT_AE_BET_ECFP    :RMSD: 0.994083, P: 0.895586, R^2: 0.764030
fold= 6
>>>>>>>>>>>>>training.............
###############################################GBDT#####################################################
GBDT_BET的BA值：-13.379283632421497
GBDT_BET:RMSD: 0.992993, P: 0.893814, R^2: 0.765022
GBDT_AE的BA值 ：-11.341238151456608
GBDT_AE :RMSD: 1.276142, P: 0.892846, R^2: 0.611910
GBDT_ECFP的BA值 ：-13.16394603675583
GBDT_ECFP :RMSD: 0.868190, P: 0.906368, R^2: 0.820376
GBDT_AE_BET的BA值    ：-12.360260891939053
GBDT_AE_BET    :RMSD: 1.091311, P: 0.904497, R^2: 0.716187
GBDT_AE_ECFP的BA值    ：-12.20569001374541
GBDT_AE_ECFP    :RMSD: 0.959804, P: 0.916805, R^2: 0.780467
GBDT_BET_ECFP的BA值    ：-13.224712754227856
GBDT_BET_ECFP    :RMSD: 0.880443, P: 0.911031, R^2: 0.815270
GBDT_AE_BET_ECFP的BA值    ：-12.59688788663744
GBDT_AE_BET_ECFP    :RMSD: 0.953422, P: 0.915325, R^2: 0.783377
fold= 7
>>>>>>>>>>>>>training.............
###############################################GBDT#####################################################
GBDT_BET的BA值：-13.029808846167006
GBDT_BET:RMSD: 0.938809, P: 0.860948, R^2: 0.721912
GBDT_AE的BA值 ：-11.876547403646375
GBDT_AE :RMSD: 1.158295, P: 0.816971, R^2: 0.576682
GBDT_ECFP的BA值 ：-13.346665171822913
GBDT_ECFP :RMSD: 0.793516, P: 0.895897, R^2: 0.801326
GBDT_AE_BET的BA值    ：-12.45317812490669
GBDT_AE_BET    :RMSD: 1.015779, P: 0.854863, R^2: 0.674443
GBDT_AE_ECFP的BA值    ：-12.611606287734645
GBDT_AE_ECFP    :RMSD: 0.894939, P: 0.888671, R^2: 0.747294
GBDT_BET_ECFP的BA值    ：-13.18823700899496
GBDT_BET_ECFP    :RMSD: 0.828519, P: 0.891662, R^2: 0.783412
GBDT_AE_BET_ECFP的BA值    ：-12.751007140545433
GBDT_AE_BET_ECFP    :RMSD: 0.895916, P: 0.885276, R^2: 0.746742
fold= 8
>>>>>>>>>>>>>training.............
###############################################GBDT#####################################################
GBDT_BET的BA值：-12.118657577405465
GBDT_BET:RMSD: 0.899732, P: 0.888930, R^2: 0.758443
GBDT_AE的BA值 ：-11.007550143728906
GBDT_AE :RMSD: 1.069407, P: 0.870433, R^2: 0.658744
GBDT_ECFP的BA值 ：-12.73314380262543
GBDT_ECFP :RMSD: 0.853997, P: 0.887971, R^2: 0.782376
GBDT_AE_BET的BA值    ：-11.330888432716815
GBDT_AE_BET    :RMSD: 0.952593, P: 0.893986, R^2: 0.729225
GBDT_AE_ECFP的BA值    ：-11.742005071167302
GBDT_AE_ECFP    :RMSD: 0.870746, P: 0.900385, R^2: 0.773756
GBDT_BET_ECFP的BA值    ：-12.215788406864569
GBDT_BET_ECFP    :RMSD: 0.830950, P: 0.898965, R^2: 0.793964
GBDT_AE_BET_ECFP的BA值    ：-11.7074481490099
GBDT_AE_BET_ECFP    :RMSD: 0.865511, P: 0.902823, R^2: 0.776469
fold= 9
>>>>>>>>>>>>>training.............
###############################################GBDT#####################################################
GBDT_BET的BA值：-12.891009427435556
GBDT_BET:RMSD: 1.164817, P: 0.837338, R^2: 0.679505
GBDT_AE的BA值 ：-11.379874857862104
GBDT_AE :RMSD: 1.317973, P: 0.811316, R^2: 0.589683
GBDT_ECFP的BA值 ：-13.340912156581068
GBDT_ECFP :RMSD: 1.071530, P: 0.854177, R^2: 0.728784
GBDT_AE_BET的BA值    ：-11.794416187167428
GBDT_AE_BET    :RMSD: 1.212855, P: 0.839295, R^2: 0.652525
GBDT_AE_ECFP的BA值    ：-12.019367551740185
GBDT_AE_ECFP    :RMSD: 1.118261, P: 0.853195, R^2: 0.704612
GBDT_BET_ECFP的BA值    ：-13.115960792008313
GBDT_BET_ECFP    :RMSD: 1.077941, P: 0.855793, R^2: 0.725529
GBDT_AE_BET_ECFP的BA值    ：-12.309914843638643
GBDT_AE_BET_ECFP    :RMSD: 1.120114, P: 0.854311, R^2: 0.703633
fold= 10
>>>>>>>>>>>>>training.............
###############################################GBDT#####################################################
GBDT_BET的BA值：-12.742780349157934
GBDT_BET:RMSD: 0.949093, P: 0.874782, R^2: 0.753808
GBDT_AE的BA值 ：-11.228988412186133
GBDT_AE :RMSD: 1.172880, P: 0.845313, R^2: 0.624021
GBDT_ECFP的BA值 ：-13.404151108922495
GBDT_ECFP :RMSD: 0.767881, P: 0.916444, R^2: 0.838845
GBDT_AE_BET的BA值    ：-11.985884380672033
GBDT_AE_BET    :RMSD: 1.025005, P: 0.873309, R^2: 0.712850
GBDT_AE_ECFP的BA值    ：-12.082133099794309
GBDT_AE_ECFP    :RMSD: 0.891333, P: 0.904829, R^2: 0.782862
GBDT_BET_ECFP的BA值    ：-12.839029068280208
GBDT_BET_ECFP    :RMSD: 0.812738, P: 0.909373, R^2: 0.819467
GBDT_AE_BET_ECFP的BA值    ：-12.302348849582183
GBDT_AE_BET_ECFP    :RMSD: 0.891724, P: 0.901693, R^2: 0.782671
@@@@@@@@@@@@@@@@@@@@@@@@@@@@@@@@@@@@@@@@@@@最终结果@@@@@@@@@@@@@@@@@@@@@@@@@@@@@@@@@@@@@@@@@@@@@@@@@@
@@@@@@@@@@@@@@@@@@@@@@@@@@@@@@@@@@@@@@@@@@@最终结果@@@@@@@@@@@@@@@@@@@@@@@@@@@@@@@@@@@@@@@@@@@@@@@@@@
%%%%%%%%%%%%%%%%%%%%%%%%%%%%%%%%%%%%%%%%%%%GBDT%%%%%%%%%%%%%%%%%%%%%%%%%%%%%%%%%%%%%%%%%%%%%%%%%%%%%%
GBDT_BET:0-th Final RMSD: 1.010658, Final P: 0.869587, Final R^2: 0.737214
GBDT_AE :0-th Final RMSD: 1.180317, Final P: 0.835354, Final R^2: 0.641580
GBDT_ECFP :0-th Final RMSD: 0.887757, Final P: 0.892900, Final R^2: 0.797240
GBDT_AE_BET    :0-th Final RMSD: 1.064875, Final P: 0.868431, Final R^2: 0.708263
GBDT_AE_ECFP    :0-th Final RMSD: 0.951094, Final P: 0.890816, Final R^2: 0.767276
GBDT_BET_ECFP    :0-th Final RMSD: 0.903673, Final P: 0.893337, Final R^2: 0.789905
GBDT_AE_BET_ECFP    :0-th Final RMSD: 0.955566, Final P: 0.890282, Final R^2: 0.765082
0-th GBDT_AE的BA值 ：-12.720263
0-th GBDT_BET的BA值：-13.379284
0-th GBDT_ECFP的BA值 ：-13.832034
0-th GBDT_AE_BET的BA值：-12.783234
0-th GBDT_AE_ECFP的BA值    ：-12.859967
0-th GBDT_BET_ECFP的BA值    ：-13.224713
0-th GBDT_AE_BET_ECFP的BA值    ：-12.855380
total time: 0.46144001669353907 h
