size of data: (225,)
size of train size: 180
GBDT parameter
Namespace(n_estimators=10000, dataset='CHEMBL4223', max_depth=7, learning_rate=0.01, criterion='friedman_mse', subsample=0.7, max_features='sqrt', min_samples_split=3, loss='ls', n_iter_no_change=None, random_seed=0)
fold= 1
>>>>>>>>>>>>>training.............
###############################################GBDT#####################################################
GBDT_BET的BA值：-10.285723806724729
GBDT_BET:RMSD: 1.000171, P: 0.419345, R^2: 0.173317
GBDT_AE的BA值 ：-10.795304864413765
GBDT_AE :RMSD: 1.123330, P: 0.205224, R^2: -0.042810
GBDT_ECFP的BA值 ：-10.838273490239885
GBDT_ECFP :RMSD: 0.934293, P: 0.532289, R^2: 0.278632
GBDT_AE_BET的BA值    ：-10.434195022000045
GBDT_AE_BET    :RMSD: 1.046503, P: 0.321493, R^2: 0.094952
GBDT_AE_ECFP的BA值    ：-10.46679595517941
GBDT_AE_ECFP    :RMSD: 0.997645, P: 0.426619, R^2: 0.177487
GBDT_BET_ECFP的BA值    ：-10.502287930377145
GBDT_BET_ECFP    :RMSD: 0.945387, P: 0.513773, R^2: 0.261398
GBDT_AE_BET_ECFP的BA值    ：-10.406438572361184
GBDT_AE_BET_ECFP    :RMSD: 0.988926, P: 0.438172, R^2: 0.191801
fold= 2
>>>>>>>>>>>>>training.............
###############################################GBDT#####################################################
GBDT_BET的BA值：-10.626222993984523
GBDT_BET:RMSD: 1.287376, P: 0.097684, R^2: -0.093513
GBDT_AE的BA值 ：-10.254068470308525
GBDT_AE :RMSD: 1.292032, P: 0.113279, R^2: -0.101437
GBDT_ECFP的BA值 ：-10.412831395584778
GBDT_ECFP :RMSD: 1.169416, P: 0.350057, R^2: 0.097699
GBDT_AE_BET的BA值    ：-10.440145732146524
GBDT_AE_BET    :RMSD: 1.282800, P: 0.109772, R^2: -0.085753
GBDT_AE_ECFP的BA值    ：-10.199216083846348
GBDT_AE_ECFP    :RMSD: 1.207556, P: 0.259759, R^2: 0.037884
GBDT_BET_ECFP的BA值    ：-10.376156835857117
GBDT_BET_ECFP    :RMSD: 1.206806, P: 0.255946, R^2: 0.039078
GBDT_AE_BET_ECFP的BA值    ：-10.249164586607135
GBDT_AE_BET_ECFP    :RMSD: 1.226847, P: 0.215998, R^2: 0.006898
fold= 3
>>>>>>>>>>>>>training.............
###############################################GBDT#####################################################
GBDT_BET的BA值：-10.597633519660494
GBDT_BET:RMSD: 0.862129, P: 0.434028, R^2: 0.138633
GBDT_AE的BA值 ：-10.826374749051318
GBDT_AE :RMSD: 0.871987, P: 0.428751, R^2: 0.118822
GBDT_ECFP的BA值 ：-11.169578878685993
GBDT_ECFP :RMSD: 0.876731, P: 0.562025, R^2: 0.109208
GBDT_AE_BET的BA值    ：-10.712004134355906
GBDT_AE_BET    :RMSD: 0.853201, P: 0.446215, R^2: 0.156381
GBDT_AE_ECFP的BA值    ：-10.896081864434347
GBDT_AE_ECFP    :RMSD: 0.823792, P: 0.538995, R^2: 0.213536
GBDT_BET_ECFP的BA值    ：-10.818636124106765
GBDT_BET_ECFP    :RMSD: 0.831174, P: 0.531543, R^2: 0.199378
GBDT_AE_BET_ECFP的BA值    ：-10.75328569946541
GBDT_AE_BET_ECFP    :RMSD: 0.824450, P: 0.518509, R^2: 0.212280
fold= 4
>>>>>>>>>>>>>training.............
###############################################GBDT#####################################################
GBDT_BET的BA值：-10.171451881862794
GBDT_BET:RMSD: 1.407610, P: 0.528263, R^2: 0.190645
GBDT_AE的BA值 ：-10.454079023809815
GBDT_AE :RMSD: 1.384642, P: 0.508682, R^2: 0.216843
GBDT_ECFP的BA值 ：-10.905846948172861
GBDT_ECFP :RMSD: 1.494487, P: 0.349802, R^2: 0.087656
GBDT_AE_BET的BA值    ：-10.310761427578173
GBDT_AE_BET    :RMSD: 1.389182, P: 0.531716, R^2: 0.211697
GBDT_AE_ECFP的BA值    ：-10.548988312988525
GBDT_AE_ECFP    :RMSD: 1.425844, P: 0.449467, R^2: 0.169540
GBDT_BET_ECFP的BA值    ：-10.39583561365905
GBDT_BET_ECFP    :RMSD: 1.437126, P: 0.451111, R^2: 0.156346
GBDT_AE_BET_ECFP的BA值    ：-10.342621421147898
GBDT_AE_BET_ECFP    :RMSD: 1.413454, P: 0.484551, R^2: 0.183910
fold= 5
>>>>>>>>>>>>>training.............
###############################################GBDT#####################################################
GBDT_BET的BA值：-10.537711231101518
GBDT_BET:RMSD: 0.823355, P: 0.602098, R^2: 0.358973
GBDT_AE的BA值 ：-10.31508331819207
GBDT_AE :RMSD: 0.854004, P: 0.559822, R^2: 0.310361
GBDT_ECFP的BA值 ：-11.951618979669698
GBDT_ECFP :RMSD: 0.799766, P: 0.656240, R^2: 0.395178
GBDT_AE_BET的BA值    ：-10.32098230438811
GBDT_AE_BET    :RMSD: 0.830229, P: 0.595165, R^2: 0.348224
GBDT_AE_ECFP的BA值    ：-11.125382653727897
GBDT_AE_ECFP    :RMSD: 0.788646, P: 0.642203, R^2: 0.411879
GBDT_BET_ECFP的BA值    ：-11.14721863032991
GBDT_BET_ECFP    :RMSD: 0.772256, P: 0.660438, R^2: 0.436070
GBDT_AE_BET_ECFP的BA值    ：-10.864527862815306
GBDT_AE_BET_ECFP    :RMSD: 0.787657, P: 0.644001, R^2: 0.413354
fold= 6
>>>>>>>>>>>>>training.............
###############################################GBDT#####################################################
GBDT_BET的BA值：-10.281849419324399
GBDT_BET:RMSD: 1.047241, P: 0.565176, R^2: 0.282292
GBDT_AE的BA值 ：-10.351112781879866
GBDT_AE :RMSD: 1.065233, P: 0.513956, R^2: 0.257420
GBDT_ECFP的BA值 ：-10.873862552193675
GBDT_ECFP :RMSD: 1.014202, P: 0.585570, R^2: 0.326863
GBDT_AE_BET的BA值    ：-10.204495001021003
GBDT_AE_BET    :RMSD: 1.044778, P: 0.559885, R^2: 0.285665
GBDT_AE_ECFP的BA值    ：-10.391890025241883
GBDT_AE_ECFP    :RMSD: 1.008866, P: 0.604107, R^2: 0.333928
GBDT_BET_ECFP的BA值    ：-10.577855985759037
GBDT_BET_ECFP    :RMSD: 1.016347, P: 0.600844, R^2: 0.324013
GBDT_AE_BET_ECFP的BA值    ：-10.355209823269389
GBDT_AE_BET_ECFP    :RMSD: 1.017038, P: 0.602554, R^2: 0.323094
fold= 7
>>>>>>>>>>>>>training.............
###############################################GBDT#####################################################
GBDT_BET的BA值：-10.660386105195713
GBDT_BET:RMSD: 0.996326, P: 0.431210, R^2: -0.026772
GBDT_AE的BA值 ：-10.562903137068815
GBDT_AE :RMSD: 1.008569, P: 0.521385, R^2: -0.052160
GBDT_ECFP的BA值 ：-10.460447435792451
GBDT_ECFP :RMSD: 0.896517, P: 0.466214, R^2: 0.168642
GBDT_AE_BET的BA值    ：-10.598861078836086
GBDT_AE_BET    :RMSD: 0.990904, P: 0.494704, R^2: -0.015626
GBDT_AE_ECFP的BA值    ：-10.338041355427457
GBDT_AE_ECFP    :RMSD: 0.894192, P: 0.525767, R^2: 0.172949
GBDT_BET_ECFP的BA值    ：-10.232993947055803
GBDT_BET_ECFP    :RMSD: 0.902671, P: 0.479906, R^2: 0.157189
GBDT_AE_BET_ECFP的BA值    ：-10.334441315529356
GBDT_AE_BET_ECFP    :RMSD: 0.917213, P: 0.510993, R^2: 0.129815
fold= 8
>>>>>>>>>>>>>training.............
###############################################GBDT#####################################################
GBDT_BET的BA值：-10.330990355803028
GBDT_BET:RMSD: 0.980469, P: 0.573303, R^2: 0.312700
GBDT_AE的BA值 ：-10.3125907281092
GBDT_AE :RMSD: 0.900171, P: 0.683480, R^2: 0.420667
GBDT_ECFP的BA值 ：-10.909894735255943
GBDT_ECFP :RMSD: 0.887725, P: 0.661046, R^2: 0.436576
GBDT_AE_BET的BA值    ：-10.30782677337083
GBDT_AE_BET    :RMSD: 0.929889, P: 0.651712, R^2: 0.381784
GBDT_AE_ECFP的BA值    ：-10.597278963097288
GBDT_AE_ECFP    :RMSD: 0.876189, P: 0.686610, R^2: 0.451124
GBDT_BET_ECFP的BA值    ：-10.620442545529485
GBDT_BET_ECFP    :RMSD: 0.914095, P: 0.644578, R^2: 0.402606
GBDT_AE_BET_ECFP的BA值    ：-10.508516093999202
GBDT_AE_BET_ECFP    :RMSD: 0.901369, P: 0.668439, R^2: 0.419124
fold= 9
>>>>>>>>>>>>>training.............
###############################################GBDT#####################################################
GBDT_BET的BA值：-10.448390907327784
GBDT_BET:RMSD: 0.964062, P: 0.642794, R^2: 0.342229
GBDT_AE的BA值 ：-10.613657480658954
GBDT_AE :RMSD: 1.013572, P: 0.612615, R^2: 0.272933
GBDT_ECFP的BA值 ：-10.85568384195922
GBDT_ECFP :RMSD: 0.833617, P: 0.715764, R^2: 0.508189
GBDT_AE_BET的BA值    ：-10.53102419399337
GBDT_AE_BET    :RMSD: 0.977414, P: 0.645638, R^2: 0.323882
GBDT_AE_ECFP的BA值    ：-10.531406797416562
GBDT_AE_ECFP    :RMSD: 0.878290, P: 0.710017, R^2: 0.454065
GBDT_BET_ECFP的BA值    ：-10.571949630610394
GBDT_BET_ECFP    :RMSD: 0.869602, P: 0.706236, R^2: 0.464812
GBDT_AE_BET_ECFP的BA值    ：-10.49983158627516
GBDT_AE_BET_ECFP    :RMSD: 0.899388, P: 0.700033, R^2: 0.427521
fold= 10
>>>>>>>>>>>>>training.............
###############################################GBDT#####################################################
GBDT_BET的BA值：-10.161446988658394
GBDT_BET:RMSD: 0.884648, P: 0.510964, R^2: 0.241475
GBDT_AE的BA值 ：-10.167204061556326
GBDT_AE :RMSD: 0.799732, P: 0.696073, R^2: 0.380105
GBDT_ECFP的BA值 ：-11.07319706928001
GBDT_ECFP :RMSD: 0.872448, P: 0.530705, R^2: 0.262253
GBDT_AE_BET的BA值    ：-10.156295276137083
GBDT_AE_BET    :RMSD: 0.831803, P: 0.632719, R^2: 0.329390
GBDT_AE_ECFP的BA值    ：-10.61217031644789
GBDT_AE_ECFP    :RMSD: 0.799370, P: 0.632445, R^2: 0.380667
GBDT_BET_ECFP的BA值    ：-10.617322028969202
GBDT_BET_ECFP    :RMSD: 0.840651, P: 0.565490, R^2: 0.315048
GBDT_AE_BET_ECFP的BA值    ：-10.461929207184726
GBDT_AE_BET_ECFP    :RMSD: 0.814248, P: 0.624617, R^2: 0.357398
@@@@@@@@@@@@@@@@@@@@@@@@@@@@@@@@@@@@@@@@@@@最终结果@@@@@@@@@@@@@@@@@@@@@@@@@@@@@@@@@@@@@@@@@@@@@@@@@@
@@@@@@@@@@@@@@@@@@@@@@@@@@@@@@@@@@@@@@@@@@@最终结果@@@@@@@@@@@@@@@@@@@@@@@@@@@@@@@@@@@@@@@@@@@@@@@@@@
%%%%%%%%%%%%%%%%%%%%%%%%%%%%%%%%%%%%%%%%%%%GBDT%%%%%%%%%%%%%%%%%%%%%%%%%%%%%%%%%%%%%%%%%%%%%%%%%%%%%%
GBDT_BET:0-th Final RMSD: 1.041719, Final P: 0.470342, Final R^2: 0.219690
GBDT_AE :0-th Final RMSD: 1.049059, Final P: 0.459136, Final R^2: 0.208654
GBDT_ECFP :0-th Final RMSD: 0.999941, Final P: 0.540385, Final R^2: 0.281022
GBDT_AE_BET    :0-th Final RMSD: 1.034726, Final P: 0.482619, Final R^2: 0.230131
GBDT_AE_ECFP    :0-th Final RMSD: 0.991081, Final P: 0.542511, Final R^2: 0.293708
GBDT_BET_ECFP    :0-th Final RMSD: 0.994160, Final P: 0.539101, Final R^2: 0.289312
GBDT_AE_BET_ECFP    :0-th Final RMSD: 0.998856, Final P: 0.534723, Final R^2: 0.282582
0-th GBDT_AE的BA值 ：-10.826375
0-th GBDT_BET的BA值：-10.660386
0-th GBDT_ECFP的BA值 ：-11.951619
0-th GBDT_AE_BET的BA值：-10.712004
0-th GBDT_AE_ECFP的BA值    ：-11.125383
0-th GBDT_BET_ECFP的BA值    ：-11.147219
0-th GBDT_AE_BET_ECFP的BA值    ：-10.864528
total time: 0.10879772656493716 h
