size of data: (805,)
size of train size: 644
GBDT parameter
Namespace(n_estimators=10000, dataset='CHEMBL1741213', max_depth=7, learning_rate=0.01, criterion='friedman_mse', subsample=0.7, max_features='sqrt', min_samples_split=3, loss='ls', n_iter_no_change=None, random_seed=0)
fold= 1
>>>>>>>>>>>>>training.............
###############################################GBDT#####################################################
GBDT_BET的BA值：-7.901021891690255
GBDT_BET:RMSD: 0.536408, P: 0.352837, R^2: 0.121363
GBDT_AE的BA值 ：-7.902412134827074
GBDT_AE :RMSD: 0.542966, P: 0.318401, R^2: 0.099745
GBDT_ECFP的BA值 ：-8.110590889226852
GBDT_ECFP :RMSD: 0.537510, P: 0.402281, R^2: 0.117748
GBDT_AE_BET的BA值    ：-7.901717013258665
GBDT_AE_BET    :RMSD: 0.535365, P: 0.356682, R^2: 0.124775
GBDT_AE_ECFP的BA值    ：-8.006501512026963
GBDT_AE_ECFP    :RMSD: 0.526410, P: 0.398036, R^2: 0.153812
GBDT_BET_ECFP的BA值    ：-8.005806390458554
GBDT_BET_ECFP    :RMSD: 0.517299, P: 0.428575, R^2: 0.182850
GBDT_AE_BET_ECFP的BA值    ：-7.971341638581394
GBDT_AE_BET_ECFP    :RMSD: 0.522156, P: 0.411778, R^2: 0.167433
fold= 2
>>>>>>>>>>>>>training.............
###############################################GBDT#####################################################
GBDT_BET的BA值：-7.777389037649944
GBDT_BET:RMSD: 0.528455, P: 0.046826, R^2: -0.152357
GBDT_AE的BA值 ：-7.890340741631355
GBDT_AE :RMSD: 0.536725, P: 0.038590, R^2: -0.188706
GBDT_ECFP的BA值 ：-8.276459113871416
GBDT_ECFP :RMSD: 0.554398, P: 0.098658, R^2: -0.268280
GBDT_AE_BET的BA值    ：-7.833864889640649
GBDT_AE_BET    :RMSD: 0.529226, P: 0.045193, R^2: -0.155723
GBDT_AE_ECFP的BA值    ：-8.083399927751385
GBDT_AE_ECFP    :RMSD: 0.532448, P: 0.084473, R^2: -0.169840
GBDT_BET_ECFP的BA值    ：-8.02692407576068
GBDT_BET_ECFP    :RMSD: 0.528858, P: 0.088491, R^2: -0.154116
GBDT_AE_BET_ECFP的BA值    ：-7.9813962977175725
GBDT_AE_BET_ECFP    :RMSD: 0.526877, P: 0.077920, R^2: -0.145486
fold= 3
>>>>>>>>>>>>>training.............
###############################################GBDT#####################################################
GBDT_BET的BA值：-8.092472878764365
GBDT_BET:RMSD: 0.433536, P: 0.491169, R^2: 0.226047
GBDT_AE的BA值 ：-8.016658495352951
GBDT_AE :RMSD: 0.425885, P: 0.518969, R^2: 0.253125
GBDT_ECFP的BA值 ：-8.45527592808577
GBDT_ECFP :RMSD: 0.439945, P: 0.463135, R^2: 0.202995
GBDT_AE_BET的BA值    ：-8.054565687058659
GBDT_AE_BET    :RMSD: 0.426126, P: 0.523542, R^2: 0.252278
GBDT_AE_ECFP的BA值    ：-8.211450088115793
GBDT_AE_ECFP    :RMSD: 0.422156, P: 0.522340, R^2: 0.266144
GBDT_BET_ECFP的BA值    ：-8.089768607312392
GBDT_BET_ECFP    :RMSD: 0.425486, P: 0.510907, R^2: 0.254522
GBDT_AE_BET_ECFP的BA值    ：-8.063186398268746
GBDT_AE_BET_ECFP    :RMSD: 0.421699, P: 0.531576, R^2: 0.267734
fold= 4
>>>>>>>>>>>>>training.............
###############################################GBDT#####################################################
GBDT_BET的BA值：-8.147056830580542
GBDT_BET:RMSD: 0.492865, P: 0.351791, R^2: 0.122797
GBDT_AE的BA值 ：-8.29025456250388
GBDT_AE :RMSD: 0.479369, P: 0.413449, R^2: 0.170180
GBDT_ECFP的BA值 ：-8.468208947742204
GBDT_ECFP :RMSD: 0.503989, P: 0.364192, R^2: 0.082754
GBDT_AE_BET的BA值    ：-8.21865569654221
GBDT_AE_BET    :RMSD: 0.481533, P: 0.406185, R^2: 0.162670
GBDT_AE_ECFP的BA值    ：-8.243660329398223
GBDT_AE_ECFP    :RMSD: 0.479628, P: 0.416727, R^2: 0.169283
GBDT_BET_ECFP的BA值    ：-8.274993302246775
GBDT_BET_ECFP    :RMSD: 0.487352, P: 0.384367, R^2: 0.142311
GBDT_AE_BET_ECFP的BA值    ：-8.18969943851593
GBDT_AE_BET_ECFP    :RMSD: 0.479699, P: 0.413544, R^2: 0.169036
fold= 5
>>>>>>>>>>>>>training.............
###############################################GBDT#####################################################
GBDT_BET的BA值：-8.227760274568936
GBDT_BET:RMSD: 0.498987, P: 0.183171, R^2: -0.086657
GBDT_AE的BA值 ：-8.079519129468808
GBDT_AE :RMSD: 0.492569, P: 0.168605, R^2: -0.058883
GBDT_ECFP的BA值 ：-8.238394558536259
GBDT_ECFP :RMSD: 0.551384, P: 0.125965, R^2: -0.326851
GBDT_AE_BET的BA值    ：-8.153639702018872
GBDT_AE_BET    :RMSD: 0.492754, P: 0.182178, R^2: -0.059681
GBDT_AE_ECFP的BA值    ：-8.158956844002534
GBDT_AE_ECFP    :RMSD: 0.512174, P: 0.151058, R^2: -0.144853
GBDT_BET_ECFP的BA值    ：-8.233077416552597
GBDT_BET_ECFP    :RMSD: 0.514620, P: 0.159393, R^2: -0.155815
GBDT_AE_BET_ECFP的BA值    ：-8.181891320858
GBDT_AE_BET_ECFP    :RMSD: 0.503788, P: 0.166781, R^2: -0.107667
fold= 6
>>>>>>>>>>>>>training.............
###############################################GBDT#####################################################
GBDT_BET的BA值：-8.113423746162768
GBDT_BET:RMSD: 0.574453, P: 0.312378, R^2: 0.089811
GBDT_AE的BA值 ：-8.124196158373095
GBDT_AE :RMSD: 0.571162, P: 0.328076, R^2: 0.100211
GBDT_ECFP的BA值 ：-8.32752883176433
GBDT_ECFP :RMSD: 0.590539, P: 0.328618, R^2: 0.038123
GBDT_AE_BET的BA值    ：-8.022989256955812
GBDT_AE_BET    :RMSD: 0.569737, P: 0.329995, R^2: 0.104695
GBDT_AE_ECFP的BA值    ：-8.197258460720395
GBDT_AE_ECFP    :RMSD: 0.569349, P: 0.347096, R^2: 0.105914
GBDT_BET_ECFP的BA值    ：-8.164359981004525
GBDT_BET_ECFP    :RMSD: 0.570755, P: 0.342244, R^2: 0.101494
GBDT_AE_BET_ECFP的BA值    ：-8.105433092326441
GBDT_AE_BET_ECFP    :RMSD: 0.566972, P: 0.347093, R^2: 0.113363
fold= 7
>>>>>>>>>>>>>training.............
###############################################GBDT#####################################################
GBDT_BET的BA值：-8.057870399746772
GBDT_BET:RMSD: 0.493046, P: 0.270783, R^2: -0.008468
GBDT_AE的BA值 ：-8.113964983338096
GBDT_AE :RMSD: 0.477742, P: 0.312629, R^2: 0.053165
GBDT_ECFP的BA值 ：-8.196790707857565
GBDT_ECFP :RMSD: 0.488886, P: 0.338350, R^2: 0.008479
GBDT_AE_BET的BA值    ：-8.00353464677465
GBDT_AE_BET    :RMSD: 0.482040, P: 0.306122, R^2: 0.036051
GBDT_AE_ECFP的BA值    ：-8.068601032559654
GBDT_AE_ECFP    :RMSD: 0.470456, P: 0.365800, R^2: 0.081827
GBDT_BET_ECFP的BA值    ：-8.127330553802167
GBDT_BET_ECFP    :RMSD: 0.479744, P: 0.343497, R^2: 0.045213
GBDT_AE_BET_ECFP的BA值    ：-8.032680462121764
GBDT_AE_BET_ECFP    :RMSD: 0.474347, P: 0.353138, R^2: 0.066577
fold= 8
>>>>>>>>>>>>>training.............
###############################################GBDT#####################################################
GBDT_BET的BA值：-7.964111907938546
GBDT_BET:RMSD: 0.387455, P: 0.594888, R^2: 0.326064
GBDT_AE的BA值 ：-7.9492873829710335
GBDT_AE :RMSD: 0.400217, P: 0.558655, R^2: 0.280938
GBDT_ECFP的BA值 ：-8.128549293058876
GBDT_ECFP :RMSD: 0.425883, P: 0.510827, R^2: 0.185752
GBDT_AE_BET的BA值    ：-7.915410562538231
GBDT_AE_BET    :RMSD: 0.390616, P: 0.596493, R^2: 0.315024
GBDT_AE_ECFP的BA值    ：-7.978229340839956
GBDT_AE_ECFP    :RMSD: 0.397698, P: 0.556013, R^2: 0.289958
GBDT_BET_ECFP的BA值    ：-8.046330600498711
GBDT_BET_ECFP    :RMSD: 0.391543, P: 0.571826, R^2: 0.311769
GBDT_AE_BET_ECFP的BA值    ：-7.973523529872819
GBDT_AE_BET_ECFP    :RMSD: 0.389377, P: 0.584024, R^2: 0.319361
fold= 9
>>>>>>>>>>>>>training.............
###############################################GBDT#####################################################
GBDT_BET的BA值：-7.972793401871871
GBDT_BET:RMSD: 0.509806, P: 0.456822, R^2: 0.200740
GBDT_AE的BA值 ：-8.127414547388803
GBDT_AE :RMSD: 0.506420, P: 0.473982, R^2: 0.211323
GBDT_ECFP的BA值 ：-8.562732102141744
GBDT_ECFP :RMSD: 0.493100, P: 0.513942, R^2: 0.252263
GBDT_AE_BET的BA值    ：-8.050103974630337
GBDT_AE_BET    :RMSD: 0.505029, P: 0.481112, R^2: 0.215650
GBDT_AE_ECFP的BA值    ：-8.345073324765274
GBDT_AE_ECFP    :RMSD: 0.485057, P: 0.535025, R^2: 0.276459
GBDT_BET_ECFP的BA值    ：-8.267762752006808
GBDT_BET_ECFP    :RMSD: 0.488307, P: 0.521904, R^2: 0.266730
GBDT_AE_BET_ECFP的BA值    ：-8.22098001713414
GBDT_AE_BET_ECFP    :RMSD: 0.489399, P: 0.527169, R^2: 0.263448
fold= 10
>>>>>>>>>>>>>training.............
###############################################GBDT#####################################################
GBDT_BET的BA值：-7.9331426657155575
GBDT_BET:RMSD: 0.443122, P: 0.448538, R^2: 0.179886
GBDT_AE的BA值 ：-7.902690316571778
GBDT_AE :RMSD: 0.459838, P: 0.406039, R^2: 0.116845
GBDT_ECFP的BA值 ：-8.425843286662797
GBDT_ECFP :RMSD: 0.446550, P: 0.448250, R^2: 0.167148
GBDT_AE_BET的BA值    ：-7.912559580915417
GBDT_AE_BET    :RMSD: 0.445660, P: 0.467790, R^2: 0.170464
GBDT_AE_ECFP的BA值    ：-7.986623910230486
GBDT_AE_ECFP    :RMSD: 0.433593, P: 0.471166, R^2: 0.214777
GBDT_BET_ECFP的BA值    ：-8.054831774287809
GBDT_BET_ECFP    :RMSD: 0.423260, P: 0.507898, R^2: 0.251758
GBDT_AE_BET_ECFP的BA值    ：-7.96879682872551
GBDT_AE_BET_ECFP    :RMSD: 0.428932, P: 0.505022, R^2: 0.231568
@@@@@@@@@@@@@@@@@@@@@@@@@@@@@@@@@@@@@@@@@@@最终结果@@@@@@@@@@@@@@@@@@@@@@@@@@@@@@@@@@@@@@@@@@@@@@@@@@
@@@@@@@@@@@@@@@@@@@@@@@@@@@@@@@@@@@@@@@@@@@最终结果@@@@@@@@@@@@@@@@@@@@@@@@@@@@@@@@@@@@@@@@@@@@@@@@@@
%%%%%%%%%%%%%%%%%%%%%%%%%%%%%%%%%%%%%%%%%%%GBDT%%%%%%%%%%%%%%%%%%%%%%%%%%%%%%%%%%%%%%%%%%%%%%%%%%%%%%
GBDT_BET:0-th Final RMSD: 0.492620, Final P: 0.345277, Final R^2: 0.118502
GBDT_AE :0-th Final RMSD: 0.491891, Final P: 0.352387, Final R^2: 0.121110
GBDT_ECFP :0-th Final RMSD: 0.506002, Final P: 0.360833, Final R^2: 0.069961
GBDT_AE_BET    :0-th Final RMSD: 0.488522, Final P: 0.365221, Final R^2: 0.133106
GBDT_AE_ECFP    :0-th Final RMSD: 0.485672, Final P: 0.385966, Final R^2: 0.143193
GBDT_BET_ECFP    :0-th Final RMSD: 0.485606, Final P: 0.384598, Final R^2: 0.143425
GBDT_AE_BET_ECFP    :0-th Final RMSD: 0.483127, Final P: 0.390724, Final R^2: 0.152147
0-th GBDT_AE的BA值 ：-8.290255
0-th GBDT_BET的BA值：-8.227760
0-th GBDT_ECFP的BA值 ：-8.562732
0-th GBDT_AE_BET的BA值：-8.218656
0-th GBDT_AE_ECFP的BA值    ：-8.345073
0-th GBDT_BET_ECFP的BA值    ：-8.274993
0-th GBDT_AE_BET_ECFP的BA值    ：-8.220980
total time: 0.36077369530995684 h
