size of data: (895,)
size of train size: 716
GBDT parameter
Namespace(n_estimators=10000, dataset='CHEMBL2107', max_depth=7, learning_rate=0.01, criterion='friedman_mse', subsample=0.7, max_features='sqrt', min_samples_split=3, loss='ls', n_iter_no_change=None, random_seed=0)
fold= 1
>>>>>>>>>>>>>training.............
###############################################GBDT#####################################################
GBDT_BET的BA值：-11.402633136067431
GBDT_BET:RMSD: 1.190403, P: 0.589388, R^2: 0.345180
GBDT_AE的BA值 ：-11.163994720545654
GBDT_AE :RMSD: 1.179369, P: 0.605046, R^2: 0.357262
GBDT_ECFP的BA值 ：-11.922427765839828
GBDT_ECFP :RMSD: 1.147669, P: 0.637517, R^2: 0.391349
GBDT_AE_BET的BA值    ：-11.283313928306542
GBDT_AE_BET    :RMSD: 1.173572, P: 0.606667, R^2: 0.363566
GBDT_AE_ECFP的BA值    ：-11.458103581503032
GBDT_AE_ECFP    :RMSD: 1.123044, P: 0.647272, R^2: 0.417189
GBDT_BET_ECFP的BA值    ：-11.64403689020034
GBDT_BET_ECFP    :RMSD: 1.137864, P: 0.634229, R^2: 0.401705
GBDT_AE_BET_ECFP的BA值    ：-11.439613433024498
GBDT_AE_BET_ECFP    :RMSD: 1.135675, P: 0.636753, R^2: 0.404005
fold= 2
>>>>>>>>>>>>>training.............
###############################################GBDT#####################################################
GBDT_BET的BA值：-11.44074142783506
GBDT_BET:RMSD: 0.945529, P: 0.725026, R^2: 0.507375
GBDT_AE的BA值 ：-11.23488002344031
GBDT_AE :RMSD: 1.029647, P: 0.670226, R^2: 0.415825
GBDT_ECFP的BA值 ：-12.213504235986909
GBDT_ECFP :RMSD: 0.859856, P: 0.773515, R^2: 0.592603
GBDT_AE_BET的BA值    ：-11.166493882827005
GBDT_AE_BET    :RMSD: 0.970217, P: 0.717985, R^2: 0.481314
GBDT_AE_ECFP的BA值    ：-11.72419212971361
GBDT_AE_ECFP    :RMSD: 0.891183, P: 0.780910, R^2: 0.562377
GBDT_BET_ECFP的BA值    ：-11.541873725622132
GBDT_BET_ECFP    :RMSD: 0.858961, P: 0.789708, R^2: 0.593451
GBDT_AE_BET_ECFP的BA值    ：-11.439542491561525
GBDT_AE_BET_ECFP    :RMSD: 0.894416, P: 0.778514, R^2: 0.559196
fold= 3
>>>>>>>>>>>>>training.............
###############################################GBDT#####################################################
GBDT_BET的BA值：-11.423407604702152
GBDT_BET:RMSD: 1.021231, P: 0.659043, R^2: 0.421627
GBDT_AE的BA值 ：-11.098948348522303
GBDT_AE :RMSD: 1.044913, P: 0.667886, R^2: 0.394491
GBDT_ECFP的BA值 ：-12.19621569425924
GBDT_ECFP :RMSD: 0.992495, P: 0.687077, R^2: 0.453718
GBDT_AE_BET的BA值    ：-11.14612879780959
GBDT_AE_BET    :RMSD: 1.018711, P: 0.682183, R^2: 0.424478
GBDT_AE_ECFP的BA值    ：-11.580591783546087
GBDT_AE_ECFP    :RMSD: 0.968857, P: 0.712832, R^2: 0.479429
GBDT_BET_ECFP的BA值    ：-11.69078686053323
GBDT_BET_ECFP    :RMSD: 0.965304, P: 0.705719, R^2: 0.483240
GBDT_AE_BET_ECFP的BA值    ：-11.448847197966463
GBDT_AE_BET_ECFP    :RMSD: 0.972584, P: 0.712452, R^2: 0.475417
fold= 4
>>>>>>>>>>>>>training.............
###############################################GBDT#####################################################
GBDT_BET的BA值：-12.180110546662632
GBDT_BET:RMSD: 1.163271, P: 0.636149, R^2: 0.391558
GBDT_AE的BA值 ：-11.392855449093313
GBDT_AE :RMSD: 1.223226, P: 0.596820, R^2: 0.327224
GBDT_ECFP的BA值 ：-12.108331159236329
GBDT_ECFP :RMSD: 1.028871, P: 0.724237, R^2: 0.524030
GBDT_AE_BET的BA值    ：-11.786482997877972
GBDT_AE_BET    :RMSD: 1.179105, P: 0.634782, R^2: 0.374882
GBDT_AE_ECFP的BA值    ：-11.703657247120454
GBDT_AE_ECFP    :RMSD: 1.079424, P: 0.708750, R^2: 0.476108
GBDT_BET_ECFP的BA值    ：-12.097284795905113
GBDT_BET_ECFP    :RMSD: 1.059261, P: 0.714898, R^2: 0.495498
GBDT_AE_BET_ECFP的BA值    ：-11.862475013634514
GBDT_AE_BET_ECFP    :RMSD: 1.095540, P: 0.699657, R^2: 0.460349
fold= 5
>>>>>>>>>>>>>training.............
###############################################GBDT#####################################################
GBDT_BET的BA值：-12.010145634356103
GBDT_BET:RMSD: 0.850702, P: 0.742707, R^2: 0.545095
GBDT_AE的BA值 ：-11.135052568624408
GBDT_AE :RMSD: 0.913227, P: 0.700179, R^2: 0.475767
GBDT_ECFP的BA值 ：-12.31896689833452
GBDT_ECFP :RMSD: 0.867477, P: 0.741771, R^2: 0.526977
GBDT_AE_BET的BA值    ：-11.153087578514775
GBDT_AE_BET    :RMSD: 0.863768, P: 0.739513, R^2: 0.531014
GBDT_AE_ECFP的BA值    ：-11.307498210503983
GBDT_AE_ECFP    :RMSD: 0.843534, P: 0.754193, R^2: 0.552728
GBDT_BET_ECFP的BA值    ：-12.164556266345311
GBDT_BET_ECFP    :RMSD: 0.824664, P: 0.764476, R^2: 0.572516
GBDT_AE_BET_ECFP的BA值    ：-11.54171401845469
GBDT_AE_BET_ECFP    :RMSD: 0.832711, P: 0.761784, R^2: 0.564132
fold= 6
>>>>>>>>>>>>>training.............
###############################################GBDT#####################################################
GBDT_BET的BA值：-11.430491505493112
GBDT_BET:RMSD: 1.039348, P: 0.720514, R^2: 0.486640
GBDT_AE的BA值 ：-11.13861585890124
GBDT_AE :RMSD: 1.091374, P: 0.707895, R^2: 0.433959
GBDT_ECFP的BA值 ：-11.602877387979898
GBDT_ECFP :RMSD: 1.054262, P: 0.686902, R^2: 0.471801
GBDT_AE_BET的BA值    ：-11.128391318740135
GBDT_AE_BET    :RMSD: 1.053087, P: 0.730725, R^2: 0.472978
GBDT_AE_ECFP的BA值    ：-11.321661608839634
GBDT_AE_ECFP    :RMSD: 1.041319, P: 0.714009, R^2: 0.484691
GBDT_BET_ECFP的BA值    ：-11.421276367790586
GBDT_BET_ECFP    :RMSD: 1.020145, P: 0.721270, R^2: 0.505434
GBDT_AE_BET_ECFP的BA值    ：-11.286553341820058
GBDT_AE_BET_ECFP    :RMSD: 1.030282, P: 0.728428, R^2: 0.495557
fold= 7
>>>>>>>>>>>>>training.............
###############################################GBDT#####################################################
GBDT_BET的BA值：-11.471343824441403
GBDT_BET:RMSD: 1.085558, P: 0.658708, R^2: 0.412450
GBDT_AE的BA值 ：-11.395927205808977
GBDT_AE :RMSD: 1.142367, P: 0.612979, R^2: 0.349347
GBDT_ECFP的BA值 ：-11.885770548265059
GBDT_ECFP :RMSD: 0.993777, P: 0.715161, R^2: 0.507602
GBDT_AE_BET的BA值    ：-11.43363551512519
GBDT_AE_BET    :RMSD: 1.103840, P: 0.651826, R^2: 0.392493
GBDT_AE_ECFP的BA值    ：-11.403503193100125
GBDT_AE_ECFP    :RMSD: 1.019568, P: 0.708630, R^2: 0.481712
GBDT_BET_ECFP的BA值    ：-11.441211502416337
GBDT_BET_ECFP    :RMSD: 0.998288, P: 0.719130, R^2: 0.503122
GBDT_AE_BET_ECFP的BA值    ：-11.42611673688055
GBDT_AE_BET_ECFP    :RMSD: 1.029952, P: 0.706171, R^2: 0.471101
fold= 8
>>>>>>>>>>>>>training.............
###############################################GBDT#####################################################
GBDT_BET的BA值：-12.089566870187038
GBDT_BET:RMSD: 0.972882, P: 0.674867, R^2: 0.444890
GBDT_AE的BA值 ：-11.231574428189314
GBDT_AE :RMSD: 1.009933, P: 0.675490, R^2: 0.401803
GBDT_ECFP的BA值 ：-12.615433592127902
GBDT_ECFP :RMSD: 0.881459, P: 0.759032, R^2: 0.544316
GBDT_AE_BET的BA值    ：-11.660570649188177
GBDT_AE_BET    :RMSD: 0.972060, P: 0.695443, R^2: 0.445828
GBDT_AE_ECFP的BA值    ：-11.831237351864786
GBDT_AE_ECFP    :RMSD: 0.848972, P: 0.765738, R^2: 0.577288
GBDT_BET_ECFP的BA值    ：-12.260233572863648
GBDT_BET_ECFP    :RMSD: 0.862462, P: 0.750935, R^2: 0.563747
GBDT_AE_BET_ECFP的BA值    ：-11.917347191305536
GBDT_AE_BET_ECFP    :RMSD: 0.875248, P: 0.751825, R^2: 0.550716
fold= 9
>>>>>>>>>>>>>training.............
###############################################GBDT#####################################################
GBDT_BET的BA值：-12.02720943663018
GBDT_BET:RMSD: 1.025966, P: 0.683112, R^2: 0.460403
GBDT_AE的BA值 ：-11.405836842438928
GBDT_AE :RMSD: 1.112961, P: 0.635278, R^2: 0.365015
GBDT_ECFP的BA值 ：-12.390045523921444
GBDT_ECFP :RMSD: 1.080688, P: 0.665526, R^2: 0.401307
GBDT_AE_BET的BA值    ：-11.667452020918724
GBDT_AE_BET    :RMSD: 1.048812, P: 0.682199, R^2: 0.436104
GBDT_AE_ECFP的BA值    ：-11.76761333791233
GBDT_AE_ECFP    :RMSD: 1.023980, P: 0.694873, R^2: 0.462490
GBDT_BET_ECFP的BA值    ：-12.208627480275812
GBDT_BET_ECFP    :RMSD: 1.008183, P: 0.700796, R^2: 0.478947
GBDT_AE_BET_ECFP的BA值    ：-11.85414537081828
GBDT_AE_BET_ECFP    :RMSD: 1.011090, P: 0.704883, R^2: 0.475938
fold= 10
>>>>>>>>>>>>>training.............
###############################################GBDT#####################################################
GBDT_BET的BA值：-12.093966122596811
GBDT_BET:RMSD: 0.962317, P: 0.738005, R^2: 0.539433
GBDT_AE的BA值 ：-11.827250442755245
GBDT_AE :RMSD: 0.994999, P: 0.731693, R^2: 0.507618
GBDT_ECFP的BA值 ：-12.751547905079192
GBDT_ECFP :RMSD: 0.904040, P: 0.779216, R^2: 0.593527
GBDT_AE_BET的BA值    ：-11.960608282676027
GBDT_AE_BET    :RMSD: 0.961771, P: 0.747871, R^2: 0.539956
GBDT_AE_ECFP的BA值    ：-12.289399173917218
GBDT_AE_ECFP    :RMSD: 0.880434, P: 0.788081, R^2: 0.614477
GBDT_BET_ECFP的BA值    ：-12.422757013838002
GBDT_BET_ECFP    :RMSD: 0.878567, P: 0.785563, R^2: 0.616110
GBDT_AE_BET_ECFP的BA值    ：-12.224254823477082
GBDT_AE_BET_ECFP    :RMSD: 0.891617, P: 0.783908, R^2: 0.604621
@@@@@@@@@@@@@@@@@@@@@@@@@@@@@@@@@@@@@@@@@@@最终结果@@@@@@@@@@@@@@@@@@@@@@@@@@@@@@@@@@@@@@@@@@@@@@@@@@
@@@@@@@@@@@@@@@@@@@@@@@@@@@@@@@@@@@@@@@@@@@最终结果@@@@@@@@@@@@@@@@@@@@@@@@@@@@@@@@@@@@@@@@@@@@@@@@@@
%%%%%%%%%%%%%%%%%%%%%%%%%%%%%%%%%%%%%%%%%%%GBDT%%%%%%%%%%%%%%%%%%%%%%%%%%%%%%%%%%%%%%%%%%%%%%%%%%%%%%
GBDT_BET:0-th Final RMSD: 1.030345, Final P: 0.679853, Final R^2: 0.454351
GBDT_AE :0-th Final RMSD: 1.077900, Final P: 0.656597, Final R^2: 0.402820
GBDT_ECFP :0-th Final RMSD: 0.985586, Final P: 0.713039, Final R^2: 0.500728
GBDT_AE_BET    :0-th Final RMSD: 1.038807, Final P: 0.685684, Final R^2: 0.445351
GBDT_AE_ECFP    :0-th Final RMSD: 0.976743, Final P: 0.723978, Final R^2: 0.509647
GBDT_BET_ECFP    :0-th Final RMSD: 0.966281, Final P: 0.725145, Final R^2: 0.520095
GBDT_AE_BET_ECFP    :0-th Final RMSD: 0.981639, Final P: 0.723070, Final R^2: 0.504719
0-th GBDT_AE的BA值 ：-11.827250
0-th GBDT_BET的BA值：-12.180111
0-th GBDT_ECFP的BA值 ：-12.751548
0-th GBDT_AE_BET的BA值：-11.960608
0-th GBDT_AE_ECFP的BA值    ：-12.289399
0-th GBDT_BET_ECFP的BA值    ：-12.422757
0-th GBDT_AE_BET_ECFP的BA值    ：-12.224255
total time: 0.4248261023892297 h
