size of data: (192,)
size of train size: 153
GBDT parameter
Namespace(n_estimators=10000, dataset='CHEMBL2717', max_depth=7, learning_rate=0.01, criterion='friedman_mse', subsample=0.7, max_features='sqrt', min_samples_split=3, loss='ls', n_iter_no_change=None, random_seed=0)
fold= 1
>>>>>>>>>>>>>training.............
###############################################GBDT#####################################################
GBDT_BET的BA值：-10.802662423529583
GBDT_BET:RMSD: 0.647071, P: 0.772248, R^2: 0.575270
GBDT_AE的BA值 ：-10.865799342637452
GBDT_AE :RMSD: 0.670727, P: 0.755922, R^2: 0.543648
GBDT_ECFP的BA值 ：-10.962339712604301
GBDT_ECFP :RMSD: 0.823503, P: 0.609001, R^2: 0.312077
GBDT_AE_BET的BA值    ：-10.834230883083517
GBDT_AE_BET    :RMSD: 0.647252, P: 0.771453, R^2: 0.575032
GBDT_AE_ECFP的BA值    ：-10.914069527620876
GBDT_AE_ECFP    :RMSD: 0.725507, P: 0.689970, R^2: 0.466061
GBDT_BET_ECFP的BA值    ：-10.882501068066942
GBDT_BET_ECFP    :RMSD: 0.718948, P: 0.703240, R^2: 0.475671
GBDT_AE_BET_ECFP的BA值    ：-10.87693382625711
GBDT_AE_BET_ECFP    :RMSD: 0.691375, P: 0.725080, R^2: 0.515118
fold= 2
>>>>>>>>>>>>>training.............
###############################################GBDT#####################################################
GBDT_BET的BA值：-11.119069162666932
GBDT_BET:RMSD: 1.294911, P: 0.736980, R^2: 0.521467
GBDT_AE的BA值 ：-10.793546483107615
GBDT_AE :RMSD: 1.262846, P: 0.777649, R^2: 0.544873
GBDT_ECFP的BA值 ：-11.344127814815446
GBDT_ECFP :RMSD: 1.106665, P: 0.822753, R^2: 0.650486
GBDT_AE_BET的BA值    ：-10.956307822887274
GBDT_AE_BET    :RMSD: 1.271970, P: 0.761095, R^2: 0.538272
GBDT_AE_ECFP的BA值    ：-11.028067805000115
GBDT_AE_ECFP    :RMSD: 1.167652, P: 0.812451, R^2: 0.610902
GBDT_BET_ECFP的BA值    ：-11.190829144779773
GBDT_BET_ECFP    :RMSD: 1.192108, P: 0.789152, R^2: 0.594432
GBDT_AE_BET_ECFP的BA值    ：-11.058401590889053
GBDT_AE_BET_ECFP    :RMSD: 1.207085, P: 0.790554, R^2: 0.584178
fold= 3
>>>>>>>>>>>>>training.............
###############################################GBDT#####################################################
GBDT_BET的BA值：-10.20387365958458
GBDT_BET:RMSD: 0.908187, P: 0.813344, R^2: 0.565038
GBDT_AE的BA值 ：-10.593316976263814
GBDT_AE :RMSD: 1.093961, P: 0.638752, R^2: 0.368891
GBDT_ECFP的BA值 ：-10.537686359166274
GBDT_ECFP :RMSD: 0.940266, P: 0.743289, R^2: 0.533768
GBDT_AE_BET的BA值    ：-10.398595317924197
GBDT_AE_BET    :RMSD: 0.996287, P: 0.742210, R^2: 0.476557
GBDT_AE_ECFP的BA值    ：-10.565501667715044
GBDT_AE_ECFP    :RMSD: 0.998571, P: 0.708723, R^2: 0.474154
GBDT_BET_ECFP的BA值    ：-10.370780009375427
GBDT_BET_ECFP    :RMSD: 0.905204, P: 0.786618, R^2: 0.567891
GBDT_AE_BET_ECFP的BA值    ：-10.444958998338223
GBDT_AE_BET_ECFP    :RMSD: 0.962107, P: 0.750533, R^2: 0.511857
fold= 4
>>>>>>>>>>>>>training.............
###############################################GBDT#####################################################
GBDT_BET的BA值：-10.987861298482557
GBDT_BET:RMSD: 0.793300, P: 0.857367, R^2: 0.673368
GBDT_AE的BA值 ：-10.543470941848895
GBDT_AE :RMSD: 0.780964, P: 0.869880, R^2: 0.683447
GBDT_ECFP的BA值 ：-11.653634015612107
GBDT_ECFP :RMSD: 0.735010, P: 0.874238, R^2: 0.719605
GBDT_AE_BET的BA值    ：-10.664868440814915
GBDT_AE_BET    :RMSD: 0.774993, P: 0.869990, R^2: 0.688269
GBDT_AE_ECFP的BA值    ：-11.0985524787305
GBDT_AE_ECFP    :RMSD: 0.694777, P: 0.886239, R^2: 0.749461
GBDT_BET_ECFP的BA值    ：-11.123031207187243
GBDT_BET_ECFP    :RMSD: 0.715917, P: 0.880530, R^2: 0.733982
GBDT_AE_BET_ECFP的BA值    ：-10.92984445207446
GBDT_AE_BET_ECFP    :RMSD: 0.715231, P: 0.883850, R^2: 0.734492
fold= 5
>>>>>>>>>>>>>training.............
###############################################GBDT#####################################################
GBDT_BET的BA值：-11.282456692343413
GBDT_BET:RMSD: 1.219633, P: 0.627834, R^2: 0.382394
GBDT_AE的BA值 ：-10.864053481711387
GBDT_AE :RMSD: 1.083768, P: 0.745879, R^2: 0.512331
GBDT_ECFP的BA值 ：-11.941161688181927
GBDT_ECFP :RMSD: 1.061555, P: 0.738076, R^2: 0.532116
GBDT_AE_BET的BA值    ：-11.0732550870274
GBDT_AE_BET    :RMSD: 1.145124, P: 0.685727, R^2: 0.455550
GBDT_AE_ECFP的BA值    ：-11.402607584946658
GBDT_AE_ECFP    :RMSD: 1.045889, P: 0.746460, R^2: 0.545824
GBDT_BET_ECFP的BA值    ：-11.611809190262669
GBDT_BET_ECFP    :RMSD: 1.130519, P: 0.692541, R^2: 0.469349
GBDT_AE_BET_ECFP的BA值    ：-11.362557287412242
GBDT_AE_BET_ECFP    :RMSD: 1.102729, P: 0.710172, R^2: 0.495117
fold= 6
>>>>>>>>>>>>>training.............
###############################################GBDT#####################################################
GBDT_BET的BA值：-10.69118669831101
GBDT_BET:RMSD: 0.954095, P: 0.744861, R^2: 0.528469
GBDT_AE的BA值 ：-10.791782896409025
GBDT_AE :RMSD: 0.878685, P: 0.788016, R^2: 0.600062
GBDT_ECFP的BA值 ：-10.985018316309791
GBDT_ECFP :RMSD: 0.842009, P: 0.796633, R^2: 0.632751
GBDT_AE_BET的BA值    ：-10.61467231350055
GBDT_AE_BET    :RMSD: 0.908231, P: 0.774567, R^2: 0.572713
GBDT_AE_ECFP的BA值    ：-10.888400606359408
GBDT_AE_ECFP    :RMSD: 0.847471, P: 0.796352, R^2: 0.627971
GBDT_BET_ECFP的BA值    ：-10.797897529447589
GBDT_BET_ECFP    :RMSD: 0.878595, P: 0.781444, R^2: 0.600143
GBDT_AE_BET_ECFP的BA值    ：-10.711317662528423
GBDT_AE_BET_ECFP    :RMSD: 0.873608, P: 0.786530, R^2: 0.604669
fold= 7
>>>>>>>>>>>>>training.............
###############################################GBDT#####################################################
GBDT_BET的BA值：-10.724439177285326
GBDT_BET:RMSD: 0.776545, P: 0.868850, R^2: 0.702624
GBDT_AE的BA值 ：-10.132797450017055
GBDT_AE :RMSD: 0.900612, P: 0.850854, R^2: 0.600010
GBDT_ECFP的BA值 ：-11.031129783643017
GBDT_ECFP :RMSD: 0.766322, P: 0.845072, R^2: 0.710402
GBDT_AE_BET的BA值    ：-10.364760691663768
GBDT_AE_BET    :RMSD: 0.829606, P: 0.866201, R^2: 0.660596
GBDT_AE_ECFP的BA值    ：-10.522121685143276
GBDT_AE_ECFP    :RMSD: 0.792831, P: 0.861381, R^2: 0.690019
GBDT_BET_ECFP的BA值    ：-10.877784480464172
GBDT_BET_ECFP    :RMSD: 0.737614, P: 0.872283, R^2: 0.731693
GBDT_AE_BET_ECFP的BA值    ：-10.586883722323519
GBDT_AE_BET_ECFP    :RMSD: 0.777620, P: 0.871643, R^2: 0.701800
fold= 8
>>>>>>>>>>>>>training.............
###############################################GBDT#####################################################
GBDT_BET的BA值：-11.08076680478165
GBDT_BET:RMSD: 1.211999, P: 0.614543, R^2: 0.368346
GBDT_AE的BA值 ：-11.278447193994552
GBDT_AE :RMSD: 1.151985, P: 0.656982, R^2: 0.429352
GBDT_ECFP的BA值 ：-11.269486885572817
GBDT_ECFP :RMSD: 1.210501, P: 0.623136, R^2: 0.369907
GBDT_AE_BET的BA值    ：-11.1796069993881
GBDT_AE_BET    :RMSD: 1.174006, P: 0.641186, R^2: 0.407327
GBDT_AE_ECFP的BA值    ：-11.215623238252645
GBDT_AE_ECFP    :RMSD: 1.167518, P: 0.648553, R^2: 0.413859
GBDT_BET_ECFP的BA值    ：-11.172371406546963
GBDT_BET_ECFP    :RMSD: 1.198035, P: 0.627757, R^2: 0.382817
GBDT_AE_BET_ECFP的BA值    ：-11.168834134675466
GBDT_AE_BET_ECFP    :RMSD: 1.175934, P: 0.641823, R^2: 0.405379
fold= 9
>>>>>>>>>>>>>training.............
###############################################GBDT#####################################################
GBDT_BET的BA值：-10.63155192186517
GBDT_BET:RMSD: 0.779499, P: 0.731687, R^2: 0.518661
GBDT_AE的BA值 ：-10.229430736131253
GBDT_AE :RMSD: 0.830405, P: 0.696888, R^2: 0.453739
GBDT_ECFP的BA值 ：-10.753024829160632
GBDT_ECFP :RMSD: 0.749037, P: 0.750920, R^2: 0.555547
GBDT_AE_BET的BA值    ：-10.430491328998212
GBDT_AE_BET    :RMSD: 0.790027, P: 0.734164, R^2: 0.505571
GBDT_AE_ECFP的BA值    ：-10.491227782645943
GBDT_AE_ECFP    :RMSD: 0.773634, P: 0.742252, R^2: 0.525877
GBDT_BET_ECFP的BA值    ：-10.692288375512902
GBDT_BET_ECFP    :RMSD: 0.736116, P: 0.770776, R^2: 0.570748
GBDT_AE_BET_ECFP的BA值    ：-10.538002495719018
GBDT_AE_BET_ECFP    :RMSD: 0.760104, P: 0.757464, R^2: 0.542315
fold= 10
>>>>>>>>>>>>>training.............
###############################################GBDT#####################################################
GBDT_BET的BA值：-10.582498842784133
GBDT_BET:RMSD: 0.869587, P: 0.721797, R^2: 0.501907
GBDT_AE的BA值 ：-11.021669329464203
GBDT_AE :RMSD: 1.016253, P: 0.570419, R^2: 0.319721
GBDT_ECFP的BA值 ：-11.670130516653943
GBDT_ECFP :RMSD: 0.922449, P: 0.677228, R^2: 0.439509
GBDT_AE_BET的BA值    ：-10.802084086124168
GBDT_AE_BET    :RMSD: 0.931755, P: 0.660152, R^2: 0.428143
GBDT_AE_ECFP的BA值    ：-11.345899923059072
GBDT_AE_ECFP    :RMSD: 0.953394, P: 0.638745, R^2: 0.401273
GBDT_BET_ECFP的BA值    ：-11.126314679719037
GBDT_BET_ECFP    :RMSD: 0.880170, P: 0.704547, R^2: 0.489710
GBDT_AE_BET_ECFP的BA值    ：-11.09143289630076
GBDT_AE_BET_ECFP    :RMSD: 0.916966, P: 0.671421, R^2: 0.446152
@@@@@@@@@@@@@@@@@@@@@@@@@@@@@@@@@@@@@@@@@@@最终结果@@@@@@@@@@@@@@@@@@@@@@@@@@@@@@@@@@@@@@@@@@@@@@@@@@
@@@@@@@@@@@@@@@@@@@@@@@@@@@@@@@@@@@@@@@@@@@最终结果@@@@@@@@@@@@@@@@@@@@@@@@@@@@@@@@@@@@@@@@@@@@@@@@@@
%%%%%%%%%%%%%%%%%%%%%%%%%%%%%%%%%%%%%%%%%%%GBDT%%%%%%%%%%%%%%%%%%%%%%%%%%%%%%%%%%%%%%%%%%%%%%%%%%%%%%
GBDT_BET:0-th Final RMSD: 0.969257, Final P: 0.733945, Final R^2: 0.531503
GBDT_AE :0-th Final RMSD: 0.983074, Final P: 0.734027, Final R^2: 0.518051
GBDT_ECFP :0-th Final RMSD: 0.929346, Final P: 0.755550, Final R^2: 0.569291
GBDT_AE_BET    :0-th Final RMSD: 0.966128, Final P: 0.742582, Final R^2: 0.534523
GBDT_AE_ECFP    :0-th Final RMSD: 0.932141, Final P: 0.758574, Final R^2: 0.566697
GBDT_BET_ECFP    :0-th Final RMSD: 0.928820, Final P: 0.757594, Final R^2: 0.569779
GBDT_AE_BET_ECFP    :0-th Final RMSD: 0.936329, Final P: 0.757216, Final R^2: 0.562795
0-th GBDT_AE的BA值 ：-11.278447
0-th GBDT_BET的BA值：-11.282457
0-th GBDT_ECFP的BA值 ：-11.941162
0-th GBDT_AE_BET的BA值：-11.179607
0-th GBDT_AE_ECFP的BA值    ：-11.402608
0-th GBDT_BET_ECFP的BA值    ：-11.611809
0-th GBDT_AE_BET_ECFP的BA值    ：-11.362557
total time: 0.0942325876156489 h
