size of data: (535,)
size of train size: 428
GBDT parameter
Namespace(n_estimators=10000, dataset='CHEMBL6007', max_depth=7, learning_rate=0.01, criterion='friedman_mse', subsample=0.7, max_features='sqrt', min_samples_split=3, loss='ls', n_iter_no_change=None, random_seed=0)
fold= 1
>>>>>>>>>>>>>training.............
###############################################GBDT#####################################################
GBDT_BET的BA值：-11.89158333068044
GBDT_BET:RMSD: 1.083669, P: 0.724506, R^2: 0.519856
GBDT_AE的BA值 ：-10.87110768329973
GBDT_AE :RMSD: 1.175468, P: 0.705403, R^2: 0.435063
GBDT_ECFP的BA值 ：-12.34226099165021
GBDT_ECFP :RMSD: 1.174577, P: 0.664147, R^2: 0.435920
GBDT_AE_BET的BA值    ：-11.381345506990085
GBDT_AE_BET    :RMSD: 1.107615, P: 0.728390, R^2: 0.498402
GBDT_AE_ECFP的BA值    ：-11.60668433747497
GBDT_AE_ECFP    :RMSD: 1.116029, P: 0.716152, R^2: 0.490752
GBDT_BET_ECFP的BA值    ：-12.116922161165325
GBDT_BET_ECFP    :RMSD: 1.096037, P: 0.714675, R^2: 0.508834
GBDT_AE_BET_ECFP的BA值    ：-11.70165066854346
GBDT_AE_BET_ECFP    :RMSD: 1.093355, P: 0.728166, R^2: 0.511235
fold= 2
>>>>>>>>>>>>>training.............
###############################################GBDT#####################################################
GBDT_BET的BA值：-11.303857734408554
GBDT_BET:RMSD: 0.992553, P: 0.727023, R^2: 0.511078
GBDT_AE的BA值 ：-11.131538045654137
GBDT_AE :RMSD: 1.053079, P: 0.681214, R^2: 0.449630
GBDT_ECFP的BA值 ：-11.659704700385232
GBDT_ECFP :RMSD: 1.094699, P: 0.667926, R^2: 0.405267
GBDT_AE_BET的BA值    ：-11.217697890031346
GBDT_AE_BET    :RMSD: 1.014928, P: 0.711180, R^2: 0.488785
GBDT_AE_ECFP的BA值    ：-11.395621373019685
GBDT_AE_ECFP    :RMSD: 1.026092, P: 0.707720, R^2: 0.477477
GBDT_BET_ECFP的BA值    ：-11.481781217396893
GBDT_BET_ECFP    :RMSD: 1.002266, P: 0.725332, R^2: 0.501461
GBDT_AE_BET_ECFP的BA值    ：-11.365033493482642
GBDT_AE_BET_ECFP    :RMSD: 1.003185, P: 0.723577, R^2: 0.500547
fold= 3
>>>>>>>>>>>>>training.............
###############################################GBDT#####################################################
GBDT_BET的BA值：-11.549871250994029
GBDT_BET:RMSD: 0.850561, P: 0.820020, R^2: 0.643486
GBDT_AE的BA值 ：-10.598927643377522
GBDT_AE :RMSD: 1.029063, P: 0.768949, R^2: 0.478145
GBDT_ECFP的BA值 ：-11.96593768606907
GBDT_ECFP :RMSD: 0.852228, P: 0.811355, R^2: 0.642087
GBDT_AE_BET的BA值    ：-11.074399447185776
GBDT_AE_BET    :RMSD: 0.914980, P: 0.817167, R^2: 0.587438
GBDT_AE_ECFP的BA值    ：-11.282432664723295
GBDT_AE_ECFP    :RMSD: 0.896371, P: 0.818021, R^2: 0.604049
GBDT_BET_ECFP的BA值    ：-11.75790446853155
GBDT_BET_ECFP    :RMSD: 0.832063, P: 0.826168, R^2: 0.658824
GBDT_AE_BET_ECFP的BA值    ：-11.371578860146874
GBDT_AE_BET_ECFP    :RMSD: 0.870714, P: 0.826417, R^2: 0.626391
fold= 4
>>>>>>>>>>>>>training.............
###############################################GBDT#####################################################
GBDT_BET的BA值：-11.520268079949968
GBDT_BET:RMSD: 0.876052, P: 0.737053, R^2: 0.534476
GBDT_AE的BA值 ：-11.284715855131534
GBDT_AE :RMSD: 0.882462, P: 0.736636, R^2: 0.527640
GBDT_ECFP的BA值 ：-11.594499575487236
GBDT_ECFP :RMSD: 0.952759, P: 0.705454, R^2: 0.449386
GBDT_AE_BET的BA值    ：-11.402491967540751
GBDT_AE_BET    :RMSD: 0.871975, P: 0.741910, R^2: 0.538799
GBDT_AE_ECFP的BA值    ：-11.404058195486918
GBDT_AE_ECFP    :RMSD: 0.889630, P: 0.737244, R^2: 0.519935
GBDT_BET_ECFP的BA值    ：-11.521834307896135
GBDT_BET_ECFP    :RMSD: 0.891234, P: 0.734199, R^2: 0.518202
GBDT_AE_BET_ECFP的BA值    ：-11.44279482364127
GBDT_AE_BET_ECFP    :RMSD: 0.877519, P: 0.742062, R^2: 0.532916
fold= 5
>>>>>>>>>>>>>training.............
###############################################GBDT#####################################################
GBDT_BET的BA值：-11.596946031361707
GBDT_BET:RMSD: 0.775191, P: 0.866511, R^2: 0.734521
GBDT_AE的BA值 ：-10.557091391172085
GBDT_AE :RMSD: 1.024335, P: 0.838261, R^2: 0.536449
GBDT_ECFP的BA值 ：-11.973035889273804
GBDT_ECFP :RMSD: 0.720603, P: 0.880588, R^2: 0.770593
GBDT_AE_BET的BA值    ：-11.077018711266895
GBDT_AE_BET    :RMSD: 0.860998, P: 0.870742, R^2: 0.672495
GBDT_AE_ECFP的BA值    ：-11.265063640222944
GBDT_AE_ECFP    :RMSD: 0.805386, P: 0.886591, R^2: 0.713436
GBDT_BET_ECFP的BA值    ：-11.784990960317757
GBDT_BET_ECFP    :RMSD: 0.724604, P: 0.883457, R^2: 0.768039
GBDT_AE_BET_ECFP的BA值    ：-11.375691103935866
GBDT_AE_BET_ECFP    :RMSD: 0.781068, P: 0.885525, R^2: 0.730480
fold= 6
>>>>>>>>>>>>>training.............
###############################################GBDT#####################################################
GBDT_BET的BA值：-11.73964012124391
GBDT_BET:RMSD: 1.019364, P: 0.697132, R^2: 0.479497
GBDT_AE的BA值 ：-10.600912806607187
GBDT_AE :RMSD: 1.073800, P: 0.690502, R^2: 0.422421
GBDT_ECFP的BA值 ：-11.71167765709358
GBDT_ECFP :RMSD: 0.992092, P: 0.748333, R^2: 0.506975
GBDT_AE_BET的BA值    ：-11.17027646392555
GBDT_AE_BET    :RMSD: 1.024629, P: 0.704419, R^2: 0.474106
GBDT_AE_ECFP的BA值    ：-11.156295231850383
GBDT_AE_ECFP    :RMSD: 0.978220, P: 0.741628, R^2: 0.520666
GBDT_BET_ECFP的BA值    ：-11.725658889168745
GBDT_BET_ECFP    :RMSD: 0.975203, P: 0.740802, R^2: 0.523618
GBDT_AE_BET_ECFP的BA值    ：-11.350743528314894
GBDT_AE_BET_ECFP    :RMSD: 0.980635, P: 0.735481, R^2: 0.518296
fold= 7
>>>>>>>>>>>>>training.............
###############################################GBDT#####################################################
GBDT_BET的BA值：-11.67108232182638
GBDT_BET:RMSD: 0.858760, P: 0.827913, R^2: 0.678721
GBDT_AE的BA值 ：-11.498332042254853
GBDT_AE :RMSD: 0.939143, P: 0.791625, R^2: 0.615760
GBDT_ECFP的BA值 ：-11.918879652849267
GBDT_ECFP :RMSD: 0.872726, P: 0.819744, R^2: 0.668186
GBDT_AE_BET的BA值    ：-11.584707182040617
GBDT_AE_BET    :RMSD: 0.891804, P: 0.814760, R^2: 0.653521
GBDT_AE_ECFP的BA值    ：-11.708605847552061
GBDT_AE_ECFP    :RMSD: 0.874192, P: 0.818411, R^2: 0.667070
GBDT_BET_ECFP的BA值    ：-11.794980987337823
GBDT_BET_ECFP    :RMSD: 0.843013, P: 0.831793, R^2: 0.690395
GBDT_AE_BET_ECFP的BA值    ：-11.696098005643499
GBDT_AE_BET_ECFP    :RMSD: 0.862791, P: 0.824805, R^2: 0.675698
fold= 8
>>>>>>>>>>>>>training.............
###############################################GBDT#####################################################
GBDT_BET的BA值：-11.539522429996062
GBDT_BET:RMSD: 0.887924, P: 0.766036, R^2: 0.577751
GBDT_AE的BA值 ：-11.295052409789772
GBDT_AE :RMSD: 0.858766, P: 0.787110, R^2: 0.605028
GBDT_ECFP的BA值 ：-12.037917112671206
GBDT_ECFP :RMSD: 0.943434, P: 0.729773, R^2: 0.523306
GBDT_AE_BET的BA值    ：-11.369017268337137
GBDT_AE_BET    :RMSD: 0.864604, P: 0.781400, R^2: 0.599639
GBDT_AE_ECFP的BA值    ：-11.589733129827763
GBDT_AE_ECFP    :RMSD: 0.855236, P: 0.783556, R^2: 0.608268
GBDT_BET_ECFP的BA值    ：-11.788719771333634
GBDT_BET_ECFP    :RMSD: 0.872690, P: 0.772253, R^2: 0.592115
GBDT_AE_BET_ECFP的BA值    ：-11.572996229883863
GBDT_AE_BET_ECFP    :RMSD: 0.852856, P: 0.786257, R^2: 0.610445
fold= 9
>>>>>>>>>>>>>training.............
###############################################GBDT#####################################################
GBDT_BET的BA值：-11.74016395953846
GBDT_BET:RMSD: 0.972326, P: 0.787708, R^2: 0.602652
GBDT_AE的BA值 ：-11.414501242231557
GBDT_AE :RMSD: 1.049038, P: 0.749916, R^2: 0.537481
GBDT_ECFP的BA值 ：-11.785296578186664
GBDT_ECFP :RMSD: 0.865130, P: 0.829475, R^2: 0.685436
GBDT_AE_BET的BA值    ：-11.577332600885008
GBDT_AE_BET    :RMSD: 1.004684, P: 0.774220, R^2: 0.575766
GBDT_AE_ECFP的BA值    ：-11.59989891020911
GBDT_AE_ECFP    :RMSD: 0.928709, P: 0.809987, R^2: 0.637502
GBDT_BET_ECFP的BA值    ：-11.762730268862562
GBDT_BET_ECFP    :RMSD: 0.890366, P: 0.825751, R^2: 0.666816
GBDT_AE_BET_ECFP的BA值    ：-11.646653926652228
GBDT_AE_BET_ECFP    :RMSD: 0.934773, P: 0.808830, R^2: 0.632752
fold= 10
>>>>>>>>>>>>>training.............
###############################################GBDT#####################################################
GBDT_BET的BA值：-11.399292786451062
GBDT_BET:RMSD: 0.853944, P: 0.760991, R^2: 0.547317
GBDT_AE的BA值 ：-10.797915147876237
GBDT_AE :RMSD: 0.839349, P: 0.773530, R^2: 0.562659
GBDT_ECFP的BA值 ：-11.475796404045456
GBDT_ECFP :RMSD: 0.947759, P: 0.707744, R^2: 0.442388
GBDT_AE_BET的BA值    ：-11.091204009241435
GBDT_AE_BET    :RMSD: 0.834451, P: 0.772115, R^2: 0.567748
GBDT_AE_ECFP的BA值    ：-11.129455818038632
GBDT_AE_ECFP    :RMSD: 0.869704, P: 0.745239, R^2: 0.530453
GBDT_BET_ECFP的BA值    ：-11.437544595248259
GBDT_BET_ECFP    :RMSD: 0.886108, P: 0.742176, R^2: 0.512573
GBDT_AE_BET_ECFP的BA值    ：-11.21940147417611
GBDT_AE_BET_ECFP    :RMSD: 0.857616, P: 0.755466, R^2: 0.543415
@@@@@@@@@@@@@@@@@@@@@@@@@@@@@@@@@@@@@@@@@@@最终结果@@@@@@@@@@@@@@@@@@@@@@@@@@@@@@@@@@@@@@@@@@@@@@@@@@
@@@@@@@@@@@@@@@@@@@@@@@@@@@@@@@@@@@@@@@@@@@最终结果@@@@@@@@@@@@@@@@@@@@@@@@@@@@@@@@@@@@@@@@@@@@@@@@@@
%%%%%%%%%%%%%%%%%%%%%%%%%%%%%%%%%%%%%%%%%%%GBDT%%%%%%%%%%%%%%%%%%%%%%%%%%%%%%%%%%%%%%%%%%%%%%%%%%%%%%
GBDT_BET:0-th Final RMSD: 0.921470, Final P: 0.770210, Final R^2: 0.589407
GBDT_AE :0-th Final RMSD: 0.998131, Final P: 0.736553, Final R^2: 0.518248
GBDT_ECFP :0-th Final RMSD: 0.949640, Final P: 0.752639, Final R^2: 0.563919
GBDT_AE_BET    :0-th Final RMSD: 0.943236, Final P: 0.765766, Final R^2: 0.569781
GBDT_AE_ECFP    :0-th Final RMSD: 0.928321, Final P: 0.770140, Final R^2: 0.583279
GBDT_BET_ECFP    :0-th Final RMSD: 0.906684, Final P: 0.777253, Final R^2: 0.602479
GBDT_AE_BET_ECFP    :0-th Final RMSD: 0.915727, Final P: 0.777560, Final R^2: 0.594509
0-th GBDT_AE的BA值 ：-11.498332
0-th GBDT_BET的BA值：-11.891583
0-th GBDT_ECFP的BA值 ：-12.342261
0-th GBDT_AE_BET的BA值：-11.584707
0-th GBDT_AE_ECFP的BA值    ：-11.708606
0-th GBDT_BET_ECFP的BA值    ：-12.116922
0-th GBDT_AE_BET_ECFP的BA值    ：-11.701651
total time: 0.24686608400609758 h
