size of data: (130,)
size of train size: 104
GBDT parameter
Namespace(n_estimators=10000, dataset='CHEMBL5378', max_depth=7, learning_rate=0.01, criterion='friedman_mse', subsample=0.7, max_features='sqrt', min_samples_split=3, loss='ls', n_iter_no_change=None, random_seed=0)
fold= 1
>>>>>>>>>>>>>training.............
###############################################GBDT#####################################################
GBDT_BET的BA值：-8.294539846902087
GBDT_BET:RMSD: 0.846371, P: 0.821321, R^2: 0.491723
GBDT_AE的BA值 ：-9.15109119941459
GBDT_AE :RMSD: 0.966962, P: 0.622723, R^2: 0.336566
GBDT_ECFP的BA值 ：-8.948655855230221
GBDT_ECFP :RMSD: 0.787835, P: 0.816190, R^2: 0.559598
GBDT_AE_BET的BA值    ：-8.722815523158339
GBDT_AE_BET    :RMSD: 0.879977, P: 0.793330, R^2: 0.450558
GBDT_AE_ECFP的BA值    ：-9.049873527322406
GBDT_AE_ECFP    :RMSD: 0.853935, P: 0.783387, R^2: 0.482597
GBDT_BET_ECFP的BA值    ：-8.621597851066154
GBDT_BET_ECFP    :RMSD: 0.803562, P: 0.829064, R^2: 0.541840
GBDT_AE_BET_ECFP的BA值    ：-8.798095633848966
GBDT_AE_BET_ECFP    :RMSD: 0.838322, P: 0.818691, R^2: 0.501344
fold= 2
>>>>>>>>>>>>>training.............
###############################################GBDT#####################################################
GBDT_BET的BA值：-8.758153344329003
GBDT_BET:RMSD: 0.688196, P: 0.589274, R^2: 0.302870
GBDT_AE的BA值 ：-9.470120086212058
GBDT_AE :RMSD: 0.887169, P: 0.399864, R^2: -0.158518
GBDT_ECFP的BA值 ：-8.391401138773244
GBDT_ECFP :RMSD: 0.721877, P: 0.526425, R^2: 0.232964
GBDT_AE_BET的BA值    ：-9.11413671527053
GBDT_AE_BET    :RMSD: 0.765946, P: 0.503335, R^2: 0.136452
GBDT_AE_ECFP的BA值    ：-8.448178844313393
GBDT_AE_ECFP    :RMSD: 0.690223, P: 0.564653, R^2: 0.298757
GBDT_BET_ECFP的BA值    ：-8.519342224521344
GBDT_BET_ECFP    :RMSD: 0.651138, P: 0.615549, R^2: 0.375926
GBDT_AE_BET_ECFP的BA值    ：-8.55150367765193
GBDT_AE_BET_ECFP    :RMSD: 0.680397, P: 0.585916, R^2: 0.318581
fold= 3
>>>>>>>>>>>>>training.............
###############################################GBDT#####################################################
GBDT_BET的BA值：-8.53362219029447
GBDT_BET:RMSD: 0.737056, P: 0.908609, R^2: 0.660255
GBDT_AE的BA值 ：-8.942633830384803
GBDT_AE :RMSD: 0.698904, P: 0.940227, R^2: 0.694517
GBDT_ECFP的BA值 ：-9.0480233781998
GBDT_ECFP :RMSD: 0.680700, P: 0.900065, R^2: 0.710223
GBDT_AE_BET的BA值    ：-8.68274246874364
GBDT_AE_BET    :RMSD: 0.708989, P: 0.937212, R^2: 0.685637
GBDT_AE_ECFP的BA值    ：-8.783477108531958
GBDT_AE_ECFP    :RMSD: 0.676011, P: 0.934114, R^2: 0.714201
GBDT_BET_ECFP的BA值    ：-8.651172238392146
GBDT_BET_ECFP    :RMSD: 0.691486, P: 0.926087, R^2: 0.700968
GBDT_AE_BET_ECFP的BA值    ：-8.640814847493228
GBDT_AE_BET_ECFP    :RMSD: 0.687683, P: 0.938359, R^2: 0.704248
fold= 4
>>>>>>>>>>>>>training.............
###############################################GBDT#####################################################
GBDT_BET的BA值：-8.425626888470768
GBDT_BET:RMSD: 0.945399, P: 0.788058, R^2: -0.140591
GBDT_AE的BA值 ：-8.311116338821549
GBDT_AE :RMSD: 1.072270, P: 0.459261, R^2: -0.467264
GBDT_ECFP的BA值 ：-9.10749939646497
GBDT_ECFP :RMSD: 0.813946, P: 0.790534, R^2: 0.154544
GBDT_AE_BET的BA值    ：-8.368371613646158
GBDT_AE_BET    :RMSD: 0.984305, P: 0.744038, R^2: -0.236401
GBDT_AE_ECFP的BA值    ：-8.564739302948164
GBDT_AE_ECFP    :RMSD: 0.884892, P: 0.752376, R^2: 0.000735
GBDT_BET_ECFP的BA值    ：-8.702825811951676
GBDT_BET_ECFP    :RMSD: 0.839662, P: 0.824200, R^2: 0.100276
GBDT_AE_BET_ECFP的BA值    ：-8.475876944444904
GBDT_AE_BET_ECFP    :RMSD: 0.889547, P: 0.799240, R^2: -0.009805
fold= 5
>>>>>>>>>>>>>training.............
###############################################GBDT#####################################################
GBDT_BET的BA值：-8.429418538759375
GBDT_BET:RMSD: 0.696910, P: 0.897758, R^2: 0.635522
GBDT_AE的BA值 ：-8.388817774620357
GBDT_AE :RMSD: 0.847957, P: 0.819785, R^2: 0.460408
GBDT_ECFP的BA值 ：-9.150682127759449
GBDT_ECFP :RMSD: 0.761903, P: 0.756194, R^2: 0.564370
GBDT_AE_BET的BA值    ：-8.306948874892838
GBDT_AE_BET    :RMSD: 0.764827, P: 0.883007, R^2: 0.561020
GBDT_AE_ECFP的BA值    ：-8.574338712930059
GBDT_AE_ECFP    :RMSD: 0.727014, P: 0.814875, R^2: 0.603354
GBDT_BET_ECFP的BA值    ：-8.790050333259412
GBDT_BET_ECFP    :RMSD: 0.678434, P: 0.829603, R^2: 0.654591
GBDT_AE_BET_ECFP的BA值    ：-8.525881808782595
GBDT_AE_BET_ECFP    :RMSD: 0.707886, P: 0.849005, R^2: 0.623951
fold= 6
>>>>>>>>>>>>>training.............
###############################################GBDT#####################################################
GBDT_BET的BA值：-8.851522680180318
GBDT_BET:RMSD: 0.988327, P: 0.302924, R^2: 0.010261
GBDT_AE的BA值 ：-8.823257000320142
GBDT_AE :RMSD: 0.924653, P: 0.425881, R^2: 0.133684
GBDT_ECFP的BA值 ：-9.049250817448524
GBDT_ECFP :RMSD: 1.009909, P: 0.339737, R^2: -0.033435
GBDT_AE_BET的BA值    ：-8.83738984025023
GBDT_AE_BET    :RMSD: 0.951260, P: 0.372709, R^2: 0.083109
GBDT_AE_ECFP的BA值    ：-8.936253908884332
GBDT_AE_ECFP    :RMSD: 0.930954, P: 0.395090, R^2: 0.121837
GBDT_BET_ECFP的BA值    ：-8.95038674881442
GBDT_BET_ECFP    :RMSD: 0.976056, P: 0.331080, R^2: 0.034687
GBDT_AE_BET_ECFP的BA值    ：-8.908010165982994
GBDT_AE_BET_ECFP    :RMSD: 0.945477, P: 0.369918, R^2: 0.094225
fold= 7
>>>>>>>>>>>>>training.............
###############################################GBDT#####################################################
GBDT_BET的BA值：-8.80181277010515
GBDT_BET:RMSD: 1.141996, P: -0.219512, R^2: -0.943052
GBDT_AE的BA值 ：-8.391696728507547
GBDT_AE :RMSD: 1.125605, P: -0.374418, R^2: -0.887677
GBDT_ECFP的BA值 ：-8.047264910867138
GBDT_ECFP :RMSD: 0.761598, P: 0.416403, R^2: 0.135814
GBDT_AE_BET的BA值    ：-8.520245302255578
GBDT_AE_BET    :RMSD: 1.119495, P: -0.308249, R^2: -0.867240
GBDT_AE_ECFP的BA值    ：-7.94134176131897
GBDT_AE_ECFP    :RMSD: 0.899205, P: 0.032978, R^2: -0.204683
GBDT_BET_ECFP的BA值    ：-8.138521598265328
GBDT_BET_ECFP    :RMSD: 0.911829, P: 0.080485, R^2: -0.238748
GBDT_AE_BET_ECFP的BA值    ：-8.1274787432043
GBDT_AE_BET_ECFP    :RMSD: 0.967351, P: -0.076883, R^2: -0.394197
fold= 8
>>>>>>>>>>>>>training.............
###############################################GBDT#####################################################
GBDT_BET的BA值：-9.200347309539458
GBDT_BET:RMSD: 0.851754, P: 0.463137, R^2: 0.114904
GBDT_AE的BA值 ：-9.286384840317897
GBDT_AE :RMSD: 0.909612, P: 0.421152, R^2: -0.009424
GBDT_ECFP的BA值 ：-9.259346135111784
GBDT_ECFP :RMSD: 0.968851, P: 0.397108, R^2: -0.145183
GBDT_AE_BET的BA值    ：-9.243366074928677
GBDT_AE_BET    :RMSD: 0.866479, P: 0.451128, R^2: 0.084039
GBDT_AE_ECFP的BA值    ：-9.27286548771484
GBDT_AE_ECFP    :RMSD: 0.902374, P: 0.432387, R^2: 0.006577
GBDT_BET_ECFP的BA值    ：-9.229846722325622
GBDT_BET_ECFP    :RMSD: 0.896236, P: 0.435577, R^2: 0.020045
GBDT_AE_BET_ECFP的BA值    ：-9.24869276165638
GBDT_AE_BET_ECFP    :RMSD: 0.880761, P: 0.444629, R^2: 0.053594
fold= 9
>>>>>>>>>>>>>training.............
###############################################GBDT#####################################################
GBDT_BET的BA值：-8.620142918019061
GBDT_BET:RMSD: 0.712606, P: 0.669854, R^2: 0.415621
GBDT_AE的BA值 ：-8.101792251820669
GBDT_AE :RMSD: 0.755095, P: 0.606966, R^2: 0.343858
GBDT_ECFP的BA值 ：-9.495418918502343
GBDT_ECFP :RMSD: 0.759746, P: 0.734655, R^2: 0.335750
GBDT_AE_BET的BA值    ：-8.344907214022992
GBDT_AE_BET    :RMSD: 0.718330, P: 0.656077, R^2: 0.406197
GBDT_AE_ECFP的BA值    ：-8.798605585161507
GBDT_AE_ECFP    :RMSD: 0.664683, P: 0.720242, R^2: 0.491579
GBDT_BET_ECFP的BA值    ：-9.04172054736383
GBDT_BET_ECFP    :RMSD: 0.682947, P: 0.729479, R^2: 0.463254
GBDT_AE_BET_ECFP的BA值    ：-8.72841111551611
GBDT_AE_BET_ECFP    :RMSD: 0.670131, P: 0.715552, R^2: 0.483210
fold= 10
>>>>>>>>>>>>>training.............
###############################################GBDT#####################################################
GBDT_BET的BA值：-8.43646050511978
GBDT_BET:RMSD: 1.507063, P: 0.313737, R^2: 0.097999
GBDT_AE的BA值 ：-8.439731534312493
GBDT_AE :RMSD: 1.615639, P: 0.050935, R^2: -0.036650
GBDT_ECFP的BA值 ：-8.442963277273218
GBDT_ECFP :RMSD: 1.472170, P: 0.379461, R^2: 0.139285
GBDT_AE_BET的BA值    ：-8.438096019716136
GBDT_AE_BET    :RMSD: 1.558343, P: 0.200562, R^2: 0.035572
GBDT_AE_ECFP的BA值    ：-8.435421928495309
GBDT_AE_ECFP    :RMSD: 1.536791, P: 0.252791, R^2: 0.062064
GBDT_BET_ECFP的BA值    ：-8.43378641389895
GBDT_BET_ECFP    :RMSD: 1.483224, P: 0.358497, R^2: 0.126311
GBDT_AE_BET_ECFP的BA值    ：-8.435768120703464
GBDT_AE_BET_ECFP    :RMSD: 1.524308, P: 0.278184, R^2: 0.077239
@@@@@@@@@@@@@@@@@@@@@@@@@@@@@@@@@@@@@@@@@@@最终结果@@@@@@@@@@@@@@@@@@@@@@@@@@@@@@@@@@@@@@@@@@@@@@@@@@
@@@@@@@@@@@@@@@@@@@@@@@@@@@@@@@@@@@@@@@@@@@最终结果@@@@@@@@@@@@@@@@@@@@@@@@@@@@@@@@@@@@@@@@@@@@@@@@@@
%%%%%%%%%%%%%%%%%%%%%%%%%%%%%%%%%%%%%%%%%%%GBDT%%%%%%%%%%%%%%%%%%%%%%%%%%%%%%%%%%%%%%%%%%%%%%%%%%%%%%
GBDT_BET:0-th Final RMSD: 0.943300, Final P: 0.539492, Final R^2: 0.289793
GBDT_AE :0-th Final RMSD: 1.010404, Final P: 0.435036, Final R^2: 0.185154
GBDT_ECFP :0-th Final RMSD: 0.901735, Final P: 0.601721, Final R^2: 0.351002
GBDT_AE_BET    :0-th Final RMSD: 0.962855, Final P: 0.512318, Final R^2: 0.260042
GBDT_AE_ECFP    :0-th Final RMSD: 0.909244, Final P: 0.584985, Final R^2: 0.340149
GBDT_BET_ECFP    :0-th Final RMSD: 0.892574, Final P: 0.604152, Final R^2: 0.364123
GBDT_AE_BET_ECFP    :0-th Final RMSD: 0.911540, Final P: 0.584416, Final R^2: 0.336812
0-th GBDT_AE的BA值 ：-9.470120
0-th GBDT_BET的BA值：-9.200347
0-th GBDT_ECFP的BA值 ：-9.495419
0-th GBDT_AE_BET的BA值：-9.243366
0-th GBDT_AE_ECFP的BA值    ：-9.272865
0-th GBDT_BET_ECFP的BA值    ：-9.229847
0-th GBDT_AE_BET_ECFP的BA值    ：-9.248693
total time: 0.0691670999262068 h
