size of data: (301,)
size of train size: 240
GBDT parameter
Namespace(n_estimators=10000, dataset='CHEMBL3100', max_depth=7, learning_rate=0.01, criterion='friedman_mse', subsample=0.7, max_features='sqrt', min_samples_split=3, loss='ls', n_iter_no_change=None, random_seed=0)
fold= 1
>>>>>>>>>>>>>training.............
###############################################GBDT#####################################################
GBDT_BET的BA值：-11.61265049357641
GBDT_BET:RMSD: 0.547770, P: 0.846268, R^2: 0.687209
GBDT_AE的BA值 ：-11.515651321226528
GBDT_AE :RMSD: 0.598344, P: 0.811463, R^2: 0.626786
GBDT_ECFP的BA值 ：-11.768418442900298
GBDT_ECFP :RMSD: 0.640016, P: 0.776891, R^2: 0.572989
GBDT_AE_BET的BA值    ：-11.56415090740147
GBDT_AE_BET    :RMSD: 0.565238, P: 0.837993, R^2: 0.666943
GBDT_AE_ECFP的BA值    ：-11.642034882063413
GBDT_AE_ECFP    :RMSD: 0.600024, P: 0.819752, R^2: 0.624686
GBDT_BET_ECFP的BA值    ：-11.690534468238354
GBDT_BET_ECFP    :RMSD: 0.576705, P: 0.834307, R^2: 0.653292
GBDT_AE_BET_ECFP的BA值    ：-11.63224008590108
GBDT_AE_BET_ECFP    :RMSD: 0.575496, P: 0.836876, R^2: 0.654744
fold= 2
>>>>>>>>>>>>>training.............
###############################################GBDT#####################################################
GBDT_BET的BA值：-11.459698445526943
GBDT_BET:RMSD: 0.739631, P: 0.608523, R^2: 0.277791
GBDT_AE的BA值 ：-11.156783619726294
GBDT_AE :RMSD: 0.704107, P: 0.657173, R^2: 0.345499
GBDT_ECFP的BA值 ：-11.857742904916464
GBDT_ECFP :RMSD: 0.614756, P: 0.725845, R^2: 0.501072
GBDT_AE_BET的BA值    ：-11.291301952689743
GBDT_AE_BET    :RMSD: 0.714735, P: 0.636735, R^2: 0.325593
GBDT_AE_ECFP的BA值    ：-11.507263262321379
GBDT_AE_ECFP    :RMSD: 0.614268, P: 0.712421, R^2: 0.501863
GBDT_BET_ECFP的BA值    ：-11.510912914000837
GBDT_BET_ECFP    :RMSD: 0.639512, P: 0.686354, R^2: 0.460079
GBDT_AE_BET_ECFP的BA值    ：-11.381577095951405
GBDT_AE_BET_ECFP    :RMSD: 0.647031, P: 0.683361, R^2: 0.447309
fold= 3
>>>>>>>>>>>>>training.............
###############################################GBDT#####################################################
GBDT_BET的BA值：-11.40249001759371
GBDT_BET:RMSD: 0.572568, P: 0.756047, R^2: 0.537435
GBDT_AE的BA值 ：-11.194381526842562
GBDT_AE :RMSD: 0.621808, P: 0.716708, R^2: 0.454454
GBDT_ECFP的BA值 ：-11.935752816415379
GBDT_ECFP :RMSD: 0.556777, P: 0.759000, R^2: 0.562598
GBDT_AE_BET的BA值    ：-11.235787666408887
GBDT_AE_BET    :RMSD: 0.588705, P: 0.745689, R^2: 0.510994
GBDT_AE_ECFP的BA值    ：-11.493199293507288
GBDT_AE_ECFP    :RMSD: 0.554086, P: 0.763347, R^2: 0.566816
GBDT_BET_ECFP的BA值    ：-11.669121417004543
GBDT_BET_ECFP    :RMSD: 0.535260, P: 0.778383, R^2: 0.595752
GBDT_AE_BET_ECFP的BA值    ：-11.46296286820276
GBDT_AE_BET_ECFP    :RMSD: 0.551349, P: 0.769395, R^2: 0.571085
fold= 4
>>>>>>>>>>>>>training.............
###############################################GBDT#####################################################
GBDT_BET的BA值：-11.4977476616987
GBDT_BET:RMSD: 0.782066, P: 0.830855, R^2: 0.552979
GBDT_AE的BA值 ：-11.217012609362584
GBDT_AE :RMSD: 0.846045, P: 0.771556, R^2: 0.476849
GBDT_ECFP的BA值 ：-11.516747160693312
GBDT_ECFP :RMSD: 0.755577, P: 0.794274, R^2: 0.582749
GBDT_AE_BET的BA值    ：-11.357380135530642
GBDT_AE_BET    :RMSD: 0.808121, P: 0.809910, R^2: 0.522699
GBDT_AE_ECFP的BA值    ：-11.366879885027949
GBDT_AE_ECFP    :RMSD: 0.771390, P: 0.824369, R^2: 0.565101
GBDT_BET_ECFP的BA值    ：-11.507247411196005
GBDT_BET_ECFP    :RMSD: 0.743498, P: 0.846153, R^2: 0.595983
GBDT_AE_BET_ECFP的BA值    ：-11.410502477251532
GBDT_AE_BET_ECFP    :RMSD: 0.767771, P: 0.839065, R^2: 0.569173
fold= 5
>>>>>>>>>>>>>training.............
###############################################GBDT#####################################################
GBDT_BET的BA值：-11.480599556470096
GBDT_BET:RMSD: 0.767685, P: 0.745426, R^2: 0.541765
GBDT_AE的BA值 ：-11.42500160884152
GBDT_AE :RMSD: 0.808951, P: 0.722199, R^2: 0.491177
GBDT_ECFP的BA值 ：-11.778166449762924
GBDT_ECFP :RMSD: 0.795939, P: 0.719882, R^2: 0.507413
GBDT_AE_BET的BA值    ：-11.452800582655808
GBDT_AE_BET    :RMSD: 0.783126, P: 0.737900, R^2: 0.523146
GBDT_AE_ECFP的BA值    ：-11.534232610905214
GBDT_AE_ECFP    :RMSD: 0.772419, P: 0.735713, R^2: 0.536096
GBDT_BET_ECFP的BA值    ：-11.564837769224525
GBDT_BET_ECFP    :RMSD: 0.757342, P: 0.745175, R^2: 0.554029
GBDT_AE_BET_ECFP的BA值    ：-11.516354926093507
GBDT_AE_BET_ECFP    :RMSD: 0.764248, P: 0.743789, R^2: 0.545859
fold= 6
>>>>>>>>>>>>>training.............
###############################################GBDT#####################################################
GBDT_BET的BA值：-11.293533016262039
GBDT_BET:RMSD: 0.581119, P: 0.877848, R^2: 0.706435
GBDT_AE的BA值 ：-11.20670913772112
GBDT_AE :RMSD: 0.656116, P: 0.855070, R^2: 0.625773
GBDT_ECFP的BA值 ：-11.846908690632542
GBDT_ECFP :RMSD: 0.641468, P: 0.818685, R^2: 0.642296
GBDT_AE_BET的BA值    ：-11.25012107699158
GBDT_AE_BET    :RMSD: 0.608669, P: 0.872924, R^2: 0.677940
GBDT_AE_ECFP的BA值    ：-11.526808914176831
GBDT_AE_ECFP    :RMSD: 0.608472, P: 0.853135, R^2: 0.678148
GBDT_BET_ECFP的BA值    ：-11.57022085344729
GBDT_BET_ECFP    :RMSD: 0.589378, P: 0.863041, R^2: 0.698031
GBDT_AE_BET_ECFP的BA值    ：-11.449050281538566
GBDT_AE_BET_ECFP    :RMSD: 0.593732, P: 0.867845, R^2: 0.693553
fold= 7
>>>>>>>>>>>>>training.............
###############################################GBDT#####################################################
GBDT_BET的BA值：-11.444901557579563
GBDT_BET:RMSD: 0.644397, P: 0.745847, R^2: 0.544350
GBDT_AE的BA值 ：-11.35510922363428
GBDT_AE :RMSD: 0.659939, P: 0.742987, R^2: 0.522106
GBDT_ECFP的BA值 ：-11.53829025375484
GBDT_ECFP :RMSD: 0.574380, P: 0.810551, R^2: 0.637988
GBDT_AE_BET的BA值    ：-11.400005390606921
GBDT_AE_BET    :RMSD: 0.642835, P: 0.752108, R^2: 0.546557
GBDT_AE_ECFP的BA值    ：-11.36546366688236
GBDT_AE_ECFP    :RMSD: 0.591116, P: 0.808468, R^2: 0.616585
GBDT_BET_ECFP的BA值    ：-11.410359833855
GBDT_BET_ECFP    :RMSD: 0.581736, P: 0.801934, R^2: 0.628656
GBDT_AE_BET_ECFP的BA值    ：-11.391942963781426
GBDT_AE_BET_ECFP    :RMSD: 0.598480, P: 0.794342, R^2: 0.606972
fold= 8
>>>>>>>>>>>>>training.............
###############################################GBDT#####################################################
GBDT_BET的BA值：-11.781392181597969
GBDT_BET:RMSD: 0.800251, P: 0.782254, R^2: 0.490004
GBDT_AE的BA值 ：-11.324222059990635
GBDT_AE :RMSD: 0.790909, P: 0.795250, R^2: 0.501841
GBDT_ECFP的BA值 ：-11.897251888812635
GBDT_ECFP :RMSD: 0.641464, P: 0.868395, R^2: 0.672312
GBDT_AE_BET的BA值    ：-11.552510473992985
GBDT_AE_BET    :RMSD: 0.790076, P: 0.792323, R^2: 0.502889
GBDT_AE_ECFP的BA值    ：-11.610440327600319
GBDT_AE_ECFP    :RMSD: 0.686068, P: 0.858282, R^2: 0.625157
GBDT_BET_ECFP的BA值    ：-11.839322035205303
GBDT_BET_ECFP    :RMSD: 0.695702, P: 0.851160, R^2: 0.614556
GBDT_AE_BET_ECFP的BA值    ：-11.66742427893287
GBDT_AE_BET_ECFP    :RMSD: 0.717885, P: 0.841870, R^2: 0.589583
fold= 9
>>>>>>>>>>>>>training.............
###############################################GBDT#####################################################
GBDT_BET的BA值：-11.609324062027223
GBDT_BET:RMSD: 0.470624, P: 0.909553, R^2: 0.797019
GBDT_AE的BA值 ：-11.18001344721339
GBDT_AE :RMSD: 0.596573, P: 0.874482, R^2: 0.673838
GBDT_ECFP的BA值 ：-11.732656668546788
GBDT_ECFP :RMSD: 0.456658, P: 0.900704, R^2: 0.808887
GBDT_AE_BET的BA值    ：-11.311728030493393
GBDT_AE_BET    :RMSD: 0.525634, P: 0.897039, R^2: 0.746794
GBDT_AE_ECFP的BA值    ：-11.41703181847058
GBDT_AE_ECFP    :RMSD: 0.491955, P: 0.895092, R^2: 0.778202
GBDT_BET_ECFP的BA值    ：-11.633756310159248
GBDT_BET_ECFP    :RMSD: 0.440127, P: 0.910689, R^2: 0.822473
GBDT_AE_BET_ECFP的BA值    ：-11.452037576511193
GBDT_AE_BET_ECFP    :RMSD: 0.478675, P: 0.902994, R^2: 0.790015
fold= 10
>>>>>>>>>>>>>training.............
###############################################GBDT#####################################################
GBDT_BET的BA值：-11.392642764847512
GBDT_BET:RMSD: 0.991873, P: 0.595376, R^2: 0.324268
GBDT_AE的BA值 ：-11.429728248095195
GBDT_AE :RMSD: 1.011318, P: 0.606014, R^2: 0.297514
GBDT_ECFP的BA值 ：-11.439014206555125
GBDT_ECFP :RMSD: 0.938727, P: 0.669808, R^2: 0.394742
GBDT_AE_BET的BA值    ：-11.411185506471353
GBDT_AE_BET    :RMSD: 0.995441, P: 0.609869, R^2: 0.319399
GBDT_AE_ECFP的BA值    ：-11.430284497289017
GBDT_AE_ECFP    :RMSD: 0.963787, P: 0.656985, R^2: 0.361995
GBDT_BET_ECFP的BA值    ：-11.411741755665176
GBDT_BET_ECFP    :RMSD: 0.953687, P: 0.649965, R^2: 0.375297
GBDT_AE_BET_ECFP的BA值    ：-11.41773725314185
GBDT_AE_BET_ECFP    :RMSD: 0.967783, P: 0.644568, R^2: 0.356693
@@@@@@@@@@@@@@@@@@@@@@@@@@@@@@@@@@@@@@@@@@@最终结果@@@@@@@@@@@@@@@@@@@@@@@@@@@@@@@@@@@@@@@@@@@@@@@@@@
@@@@@@@@@@@@@@@@@@@@@@@@@@@@@@@@@@@@@@@@@@@最终结果@@@@@@@@@@@@@@@@@@@@@@@@@@@@@@@@@@@@@@@@@@@@@@@@@@
%%%%%%%%%%%%%%%%%%%%%%%%%%%%%%%%%%%%%%%%%%%GBDT%%%%%%%%%%%%%%%%%%%%%%%%%%%%%%%%%%%%%%%%%%%%%%%%%%%%%%
GBDT_BET:0-th Final RMSD: 0.704840, Final P: 0.754257, Final R^2: 0.560188
GBDT_AE :0-th Final RMSD: 0.739900, Final P: 0.732505, Final R^2: 0.515347
GBDT_ECFP :0-th Final RMSD: 0.674024, Final P: 0.782122, Final R^2: 0.597805
GBDT_AE_BET    :0-th Final RMSD: 0.714982, Final P: 0.751506, Final R^2: 0.547440
GBDT_AE_ECFP    :0-th Final RMSD: 0.677789, Final P: 0.783338, Final R^2: 0.593300
GBDT_BET_ECFP    :0-th Final RMSD: 0.665115, Final P: 0.789939, Final R^2: 0.608367
GBDT_AE_BET_ECFP    :0-th Final RMSD: 0.679325, Final P: 0.781842, Final R^2: 0.591455
0-th GBDT_AE的BA值 ：-11.515651
0-th GBDT_BET的BA值：-11.781392
0-th GBDT_ECFP的BA值 ：-11.935753
0-th GBDT_AE_BET的BA值：-11.564151
0-th GBDT_AE_ECFP的BA值    ：-11.642035
0-th GBDT_BET_ECFP的BA值    ：-11.839322
0-th GBDT_AE_BET_ECFP的BA值    ：-11.667424
total time: 0.13998355004522536 h
