size of data: (180,)
size of train size: 144
GBDT parameter
Namespace(n_estimators=10000, dataset='CHEMBL5493', max_depth=7, learning_rate=0.01, criterion='friedman_mse', subsample=0.7, max_features='sqrt', min_samples_split=3, loss='ls', n_iter_no_change=None, random_seed=0)
fold= 1
>>>>>>>>>>>>>training.............
###############################################GBDT#####################################################
GBDT_BET的BA值：-10.781376221791934
GBDT_BET:RMSD: 0.868403, P: 0.876689, R^2: 0.643707
GBDT_AE的BA值 ：-10.653251445910133
GBDT_AE :RMSD: 0.903610, P: 0.881342, R^2: 0.614231
GBDT_ECFP的BA值 ：-11.513647482317946
GBDT_ECFP :RMSD: 0.750940, P: 0.859777, R^2: 0.733575
GBDT_AE_BET的BA值    ：-10.708917202819942
GBDT_AE_BET    :RMSD: 0.881989, P: 0.880822, R^2: 0.632471
GBDT_AE_ECFP的BA值    ：-11.065692386395652
GBDT_AE_ECFP    :RMSD: 0.775102, P: 0.881710, R^2: 0.716154
GBDT_BET_ECFP的BA值    ：-11.14751185205494
GBDT_BET_ECFP    :RMSD: 0.766007, P: 0.880415, R^2: 0.722776
GBDT_AE_BET_ECFP的BA值    ：-10.970920331527745
GBDT_AE_BET_ECFP    :RMSD: 0.797724, P: 0.884416, R^2: 0.699344
fold= 2
>>>>>>>>>>>>>training.............
###############################################GBDT#####################################################
GBDT_BET的BA值：-10.620077369429193
GBDT_BET:RMSD: 0.762218, P: 0.861135, R^2: 0.664463
GBDT_AE的BA值 ：-10.219420323593909
GBDT_AE :RMSD: 0.808819, P: 0.851459, R^2: 0.622180
GBDT_ECFP的BA值 ：-11.277471082481624
GBDT_ECFP :RMSD: 0.708915, P: 0.870805, R^2: 0.709750
GBDT_AE_BET的BA值    ：-10.41974884651155
GBDT_AE_BET    :RMSD: 0.776235, P: 0.863922, R^2: 0.652008
GBDT_AE_ECFP的BA值    ：-10.748445703037767
GBDT_AE_ECFP    :RMSD: 0.714647, P: 0.875137, R^2: 0.705038
GBDT_BET_ECFP的BA值    ：-10.948774225955408
GBDT_BET_ECFP    :RMSD: 0.703503, P: 0.881445, R^2: 0.714165
GBDT_AE_BET_ECFP的BA值    ：-10.705656258501575
GBDT_AE_BET_ECFP    :RMSD: 0.722264, P: 0.878276, R^2: 0.698717
fold= 3
>>>>>>>>>>>>>training.............
###############################################GBDT#####################################################
GBDT_BET的BA值：-10.507286549179103
GBDT_BET:RMSD: 0.923153, P: 0.742351, R^2: 0.518687
GBDT_AE的BA值 ：-10.320809795851055
GBDT_AE :RMSD: 0.999079, P: 0.693770, R^2: 0.436258
GBDT_ECFP的BA值 ：-11.351665755801688
GBDT_ECFP :RMSD: 0.705919, P: 0.856974, R^2: 0.718558
GBDT_AE_BET的BA值    ：-10.414048172515079
GBDT_AE_BET    :RMSD: 0.958660, P: 0.719488, R^2: 0.480949
GBDT_AE_ECFP的BA值    ：-10.818106359378838
GBDT_AE_ECFP    :RMSD: 0.802512, P: 0.802550, R^2: 0.636266
GBDT_BET_ECFP的BA值    ：-10.911344736042864
GBDT_BET_ECFP    :RMSD: 0.773870, P: 0.820127, R^2: 0.661766
GBDT_AE_BET_ECFP的BA值    ：-10.714499755978927
GBDT_AE_BET_ECFP    :RMSD: 0.836596, P: 0.785635, R^2: 0.604714
fold= 4
>>>>>>>>>>>>>training.............
###############################################GBDT#####################################################
GBDT_BET的BA值：-11.01147227163031
GBDT_BET:RMSD: 0.831262, P: 0.806008, R^2: 0.635161
GBDT_AE的BA值 ：-10.777341732049045
GBDT_AE :RMSD: 0.796085, P: 0.825294, R^2: 0.665386
GBDT_ECFP的BA值 ：-11.525045027341115
GBDT_ECFP :RMSD: 0.929647, P: 0.762431, R^2: 0.543688
GBDT_AE_BET的BA值    ：-10.894407001839678
GBDT_AE_BET    :RMSD: 0.807095, P: 0.819293, R^2: 0.656066
GBDT_AE_ECFP的BA值    ：-11.15119337969508
GBDT_AE_ECFP    :RMSD: 0.849398, P: 0.799107, R^2: 0.619068
GBDT_BET_ECFP的BA值    ：-11.268258649485713
GBDT_BET_ECFP    :RMSD: 0.861854, P: 0.793505, R^2: 0.607813
GBDT_AE_BET_ECFP的BA值    ：-11.104619677006824
GBDT_AE_BET_ECFP    :RMSD: 0.834911, P: 0.806225, R^2: 0.631950
fold= 5
>>>>>>>>>>>>>training.............
###############################################GBDT#####################################################
GBDT_BET的BA值：-9.743527717491279
GBDT_BET:RMSD: 0.840682, P: 0.467179, R^2: 0.153119
GBDT_AE的BA值 ：-9.532891621943925
GBDT_AE :RMSD: 0.826232, P: 0.522110, R^2: 0.181982
GBDT_ECFP的BA值 ：-10.806224086844276
GBDT_ECFP :RMSD: 0.988156, P: 0.494686, R^2: -0.170063
GBDT_AE_BET的BA值    ：-9.638209669717602
GBDT_AE_BET    :RMSD: 0.823921, P: 0.501312, R^2: 0.186552
GBDT_AE_ECFP的BA值    ：-10.1695578543941
GBDT_AE_ECFP    :RMSD: 0.812642, P: 0.523084, R^2: 0.208672
GBDT_BET_ECFP的BA值    ：-10.274875902167778
GBDT_BET_ECFP    :RMSD: 0.853421, P: 0.493395, R^2: 0.127259
GBDT_AE_BET_ECFP的BA值    ：-10.027547808759827
GBDT_AE_BET_ECFP    :RMSD: 0.809965, P: 0.510401, R^2: 0.213877
fold= 6
>>>>>>>>>>>>>training.............
###############################################GBDT#####################################################
GBDT_BET的BA值：-11.18513166372183
GBDT_BET:RMSD: 0.747818, P: 0.858739, R^2: 0.707171
GBDT_AE的BA值 ：-10.931489407276583
GBDT_AE :RMSD: 0.696376, P: 0.891380, R^2: 0.746072
GBDT_ECFP的BA值 ：-11.126077543768613
GBDT_ECFP :RMSD: 0.871732, P: 0.813243, R^2: 0.602086
GBDT_AE_BET的BA值    ：-11.058310535499206
GBDT_AE_BET    :RMSD: 0.715168, P: 0.879946, R^2: 0.732183
GBDT_AE_ECFP的BA值    ：-11.028783475522598
GBDT_AE_ECFP    :RMSD: 0.760026, P: 0.867047, R^2: 0.697532
GBDT_BET_ECFP的BA值    ：-11.155604603745221
GBDT_BET_ECFP    :RMSD: 0.776234, P: 0.854172, R^2: 0.684493
GBDT_AE_BET_ECFP的BA值    ：-11.080899538255673
GBDT_AE_BET_ECFP    :RMSD: 0.742555, P: 0.871614, R^2: 0.711278
fold= 7
>>>>>>>>>>>>>training.............
###############################################GBDT#####################################################
GBDT_BET的BA值：-11.069722082134952
GBDT_BET:RMSD: 0.829603, P: 0.820267, R^2: 0.639284
GBDT_AE的BA值 ：-10.769885472537105
GBDT_AE :RMSD: 0.737547, P: 0.855501, R^2: 0.714895
GBDT_ECFP的BA值 ：-11.367049035578471
GBDT_ECFP :RMSD: 0.790597, P: 0.822945, R^2: 0.672406
GBDT_AE_BET的BA值    ：-10.919803777336028
GBDT_AE_BET    :RMSD: 0.777252, P: 0.841635, R^2: 0.683373
GBDT_AE_ECFP的BA值    ：-11.068467254057788
GBDT_AE_ECFP    :RMSD: 0.742526, P: 0.845581, R^2: 0.711033
GBDT_BET_ECFP的BA值    ：-11.218385558856712
GBDT_BET_ECFP    :RMSD: 0.784023, P: 0.828403, R^2: 0.677832
GBDT_AE_BET_ECFP的BA值    ：-11.068885530083511
GBDT_AE_BET_ECFP    :RMSD: 0.761823, P: 0.840553, R^2: 0.695818
fold= 8
>>>>>>>>>>>>>training.............
###############################################GBDT#####################################################
GBDT_BET的BA值：-10.513566802857039
GBDT_BET:RMSD: 0.798970, P: 0.897351, R^2: 0.722736
GBDT_AE的BA值 ：-10.164312708174517
GBDT_AE :RMSD: 0.934467, P: 0.909824, R^2: 0.620720
GBDT_ECFP的BA值 ：-11.471862193581337
GBDT_ECFP :RMSD: 0.775792, P: 0.878571, R^2: 0.738590
GBDT_AE_BET的BA值    ：-10.337594376743258
GBDT_AE_BET    :RMSD: 0.851095, P: 0.909457, R^2: 0.685379
GBDT_AE_ECFP的BA值    ：-10.818087450877927
GBDT_AE_ECFP    :RMSD: 0.757452, P: 0.906057, R^2: 0.750803
GBDT_BET_ECFP的BA值    ：-10.991369119446668
GBDT_BET_ECFP    :RMSD: 0.724094, P: 0.906138, R^2: 0.772269
GBDT_AE_BET_ECFP的BA值    ：-10.715683649022617
GBDT_AE_BET_ECFP    :RMSD: 0.758376, P: 0.912493, R^2: 0.750195
fold= 9
>>>>>>>>>>>>>training.............
###############################################GBDT#####################################################
GBDT_BET的BA值：-10.280216239489793
GBDT_BET:RMSD: 1.001109, P: 0.627691, R^2: 0.293088
GBDT_AE的BA值 ：-10.713455603848221
GBDT_AE :RMSD: 0.932816, P: 0.683066, R^2: 0.386246
GBDT_ECFP的BA值 ：-10.694310035005735
GBDT_ECFP :RMSD: 0.898944, P: 0.779020, R^2: 0.430009
GBDT_AE_BET的BA值    ：-10.496835921669007
GBDT_AE_BET    :RMSD: 0.961400, P: 0.658813, R^2: 0.348055
GBDT_AE_ECFP的BA值    ：-10.610151327253117
GBDT_AE_ECFP    :RMSD: 0.877067, P: 0.748766, R^2: 0.457414
GBDT_BET_ECFP的BA值    ：-10.422933990954244
GBDT_BET_ECFP    :RMSD: 0.902666, P: 0.724502, R^2: 0.425279
GBDT_AE_BET_ECFP的BA值    ：-10.500172964665342
GBDT_AE_BET_ECFP    :RMSD: 0.903875, P: 0.714288, R^2: 0.423739
fold= 10
>>>>>>>>>>>>>training.............
###############################################GBDT#####################################################
GBDT_BET的BA值：-10.642175025474465
GBDT_BET:RMSD: 0.966290, P: 0.822995, R^2: 0.588098
GBDT_AE的BA值 ：-10.307730260020072
GBDT_AE :RMSD: 0.833353, P: 0.871268, R^2: 0.693637
GBDT_ECFP的BA值 ：-10.8991830751708
GBDT_ECFP :RMSD: 1.074134, P: 0.770176, R^2: 0.491026
GBDT_AE_BET的BA值    ：-10.474952642747269
GBDT_AE_BET    :RMSD: 0.892556, P: 0.854604, R^2: 0.648561
GBDT_AE_ECFP的BA值    ：-10.603456667595436
GBDT_AE_ECFP    :RMSD: 0.938359, P: 0.841043, R^2: 0.611566
GBDT_BET_ECFP的BA值    ：-10.770679050322633
GBDT_BET_ECFP    :RMSD: 1.006849, P: 0.812050, R^2: 0.552794
GBDT_AE_BET_ECFP的BA值    ：-10.616362786888446
GBDT_AE_BET_ECFP    :RMSD: 0.941731, P: 0.840612, R^2: 0.608769
@@@@@@@@@@@@@@@@@@@@@@@@@@@@@@@@@@@@@@@@@@@最终结果@@@@@@@@@@@@@@@@@@@@@@@@@@@@@@@@@@@@@@@@@@@@@@@@@@
@@@@@@@@@@@@@@@@@@@@@@@@@@@@@@@@@@@@@@@@@@@最终结果@@@@@@@@@@@@@@@@@@@@@@@@@@@@@@@@@@@@@@@@@@@@@@@@@@
%%%%%%%%%%%%%%%%%%%%%%%%%%%%%%%%%%%%%%%%%%%GBDT%%%%%%%%%%%%%%%%%%%%%%%%%%%%%%%%%%%%%%%%%%%%%%%%%%%%%%
GBDT_BET:0-th Final RMSD: 0.860629, Final P: 0.783784, Final R^2: 0.605171
GBDT_AE :0-th Final RMSD: 0.851589, Final P: 0.792734, Final R^2: 0.613421
GBDT_ECFP :0-th Final RMSD: 0.857564, Final P: 0.799545, Final R^2: 0.607977
GBDT_AE_BET    :0-th Final RMSD: 0.847975, Final P: 0.794005, Final R^2: 0.616695
GBDT_AE_ECFP    :0-th Final RMSD: 0.805598, Final P: 0.817441, Final R^2: 0.654049
GBDT_BET_ECFP    :0-th Final RMSD: 0.819864, Final P: 0.810401, Final R^2: 0.641688
GBDT_AE_BET_ECFP    :0-th Final RMSD: 0.813743, Final P: 0.812858, Final R^2: 0.647018
0-th GBDT_AE的BA值 ：-10.931489
0-th GBDT_BET的BA值：-11.185132
0-th GBDT_ECFP的BA值 ：-11.525045
0-th GBDT_AE_BET的BA值：-11.058311
0-th GBDT_AE_ECFP的BA值    ：-11.151193
0-th GBDT_BET_ECFP的BA值    ：-11.268259
0-th GBDT_AE_BET_ECFP的BA值    ：-11.104620
total time: 0.09017995304531522 h
