size of data: (1083,)
size of train size: 866
GBDT parameter
Namespace(n_estimators=10000, dataset='CHEMBL3286', max_depth=7, learning_rate=0.01, criterion='friedman_mse', subsample=0.7, max_features='sqrt', min_samples_split=3, loss='ls', n_iter_no_change=None, random_seed=0)
fold= 1
>>>>>>>>>>>>>training.............
###############################################GBDT#####################################################
GBDT_BET的BA值：-10.778951893195938
GBDT_BET:RMSD: 0.965268, P: 0.794302, R^2: 0.599873
GBDT_AE的BA值 ：-9.806369615673484
GBDT_AE :RMSD: 1.055153, P: 0.765909, R^2: 0.521885
GBDT_ECFP的BA值 ：-11.81863770585505
GBDT_ECFP :RMSD: 0.895811, P: 0.813405, R^2: 0.655385
GBDT_AE_BET的BA值    ：-10.240680563364306
GBDT_AE_BET    :RMSD: 0.995086, P: 0.791017, R^2: 0.574771
GBDT_AE_ECFP的BA值    ：-10.812503660764268
GBDT_AE_ECFP    :RMSD: 0.923192, P: 0.813279, R^2: 0.633996
GBDT_BET_ECFP的BA值    ：-11.230536230024116
GBDT_BET_ECFP    :RMSD: 0.893487, P: 0.821588, R^2: 0.657171
GBDT_AE_BET_ECFP的BA值    ：-10.745713337064268
GBDT_AE_BET_ECFP    :RMSD: 0.925900, P: 0.815528, R^2: 0.631846
fold= 2
>>>>>>>>>>>>>training.............
###############################################GBDT#####################################################
GBDT_BET的BA值：-10.896145378391452
GBDT_BET:RMSD: 0.939342, P: 0.778585, R^2: 0.570814
GBDT_AE的BA值 ：-9.964002726154765
GBDT_AE :RMSD: 0.973164, P: 0.784358, R^2: 0.539350
GBDT_ECFP的BA值 ：-11.42994194299211
GBDT_ECFP :RMSD: 0.850517, P: 0.811401, R^2: 0.648144
GBDT_AE_BET的BA值    ：-10.421539267411388
GBDT_AE_BET    :RMSD: 0.940718, P: 0.797064, R^2: 0.569555
GBDT_AE_ECFP的BA值    ：-10.643189355150408
GBDT_AE_ECFP    :RMSD: 0.863842, P: 0.826317, R^2: 0.637033
GBDT_BET_ECFP的BA值    ：-11.029701171322868
GBDT_BET_ECFP    :RMSD: 0.851221, P: 0.823297, R^2: 0.647561
GBDT_AE_BET_ECFP的BA值    ：-10.668778499692353
GBDT_AE_BET_ECFP    :RMSD: 0.873703, P: 0.825319, R^2: 0.628699
fold= 3
>>>>>>>>>>>>>training.............
###############################################GBDT#####################################################
GBDT_BET的BA值：-10.661365424174253
GBDT_BET:RMSD: 0.944009, P: 0.793882, R^2: 0.587303
GBDT_AE的BA值 ：-10.634014473081498
GBDT_AE :RMSD: 1.008816, P: 0.755362, R^2: 0.528694
GBDT_ECFP的BA值 ：-11.91630432401277
GBDT_ECFP :RMSD: 0.852320, P: 0.816908, R^2: 0.663578
GBDT_AE_BET的BA值    ：-10.647689948627875
GBDT_AE_BET    :RMSD: 0.964253, P: 0.787465, R^2: 0.569412
GBDT_AE_ECFP的BA值    ：-11.275159398547135
GBDT_AE_ECFP    :RMSD: 0.879544, P: 0.819117, R^2: 0.641743
GBDT_BET_ECFP的BA值    ：-11.288834874093512
GBDT_BET_ECFP    :RMSD: 0.853920, P: 0.829718, R^2: 0.662314
GBDT_AE_BET_ECFP的BA值    ：-11.070561407089507
GBDT_AE_BET_ECFP    :RMSD: 0.887877, P: 0.821524, R^2: 0.634923
fold= 4
>>>>>>>>>>>>>training.............
###############################################GBDT#####################################################
GBDT_BET的BA值：-11.311039310953323
GBDT_BET:RMSD: 0.980893, P: 0.776729, R^2: 0.588071
GBDT_AE的BA值 ：-10.736922675395741
GBDT_AE :RMSD: 1.049351, P: 0.744589, R^2: 0.528567
GBDT_ECFP的BA值 ：-13.118060965176372
GBDT_ECFP :RMSD: 0.751745, P: 0.873515, R^2: 0.758053
GBDT_AE_BET的BA值    ：-11.023980993174533
GBDT_AE_BET    :RMSD: 1.003962, P: 0.769989, R^2: 0.568467
GBDT_AE_ECFP的BA值    ：-11.905411155635573
GBDT_AE_ECFP    :RMSD: 0.822204, P: 0.855443, R^2: 0.710574
GBDT_BET_ECFP的BA值    ：-12.190535660247257
GBDT_BET_ECFP    :RMSD: 0.799058, P: 0.858794, R^2: 0.726640
GBDT_AE_BET_ECFP的BA值    ：-11.691277555529764
GBDT_AE_BET_ECFP    :RMSD: 0.860323, P: 0.840805, R^2: 0.683115
fold= 5
>>>>>>>>>>>>>training.............
###############################################GBDT#####################################################
GBDT_BET的BA值：-10.776993661712018
GBDT_BET:RMSD: 0.816259, P: 0.772896, R^2: 0.584727
GBDT_AE的BA值 ：-10.578044937869747
GBDT_AE :RMSD: 0.867134, P: 0.736955, R^2: 0.531349
GBDT_ECFP的BA值 ：-11.417237600710127
GBDT_ECFP :RMSD: 0.796619, P: 0.793571, R^2: 0.604471
GBDT_AE_BET的BA值    ：-10.677519299790882
GBDT_AE_BET    :RMSD: 0.825521, P: 0.770593, R^2: 0.575250
GBDT_AE_ECFP的BA值    ：-10.816062764409075
GBDT_AE_ECFP    :RMSD: 0.767322, P: 0.797954, R^2: 0.633028
GBDT_BET_ECFP的BA值    ：-11.03203123413437
GBDT_BET_ECFP    :RMSD: 0.744542, P: 0.811956, R^2: 0.654494
GBDT_AE_BET_ECFP的BA值    ：-10.803039730176723
GBDT_AE_BET_ECFP    :RMSD: 0.763446, P: 0.804121, R^2: 0.636726
fold= 6
>>>>>>>>>>>>>training.............
###############################################GBDT#####################################################
GBDT_BET的BA值：-10.453649604721729
GBDT_BET:RMSD: 0.991541, P: 0.868441, R^2: 0.639281
GBDT_AE的BA值 ：-10.6027479576012
GBDT_AE :RMSD: 1.083958, P: 0.835686, R^2: 0.568905
GBDT_ECFP的BA值 ：-12.000500700629564
GBDT_ECFP :RMSD: 0.895438, P: 0.842039, R^2: 0.705816
GBDT_AE_BET的BA值    ：-10.528198781161464
GBDT_AE_BET    :RMSD: 1.020840, P: 0.871489, R^2: 0.617648
GBDT_AE_ECFP的BA值    ：-10.664759651101456
GBDT_AE_ECFP    :RMSD: 0.915493, P: 0.870577, R^2: 0.692491
GBDT_BET_ECFP的BA值    ：-10.709623926786742
GBDT_BET_ECFP    :RMSD: 0.876608, P: 0.878552, R^2: 0.718059
GBDT_AE_BET_ECFP的BA值    ：-10.594389635641546
GBDT_AE_BET_ECFP    :RMSD: 0.921038, P: 0.883977, R^2: 0.688754
fold= 7
>>>>>>>>>>>>>training.............
###############################################GBDT#####################################################
GBDT_BET的BA值：-11.102821530708304
GBDT_BET:RMSD: 0.937347, P: 0.747201, R^2: 0.552215
GBDT_AE的BA值 ：-9.810423893799651
GBDT_AE :RMSD: 0.984104, P: 0.735264, R^2: 0.506429
GBDT_ECFP的BA值 ：-11.494098891127717
GBDT_ECFP :RMSD: 0.877436, P: 0.788842, R^2: 0.607627
GBDT_AE_BET的BA值    ：-10.417481879940087
GBDT_AE_BET    :RMSD: 0.943524, P: 0.753529, R^2: 0.546294
GBDT_AE_ECFP的BA值    ：-10.613120560149794
GBDT_AE_ECFP    :RMSD: 0.857092, P: 0.795594, R^2: 0.625611
GBDT_BET_ECFP的BA值    ：-11.29846021091801
GBDT_BET_ECFP    :RMSD: 0.849887, P: 0.795961, R^2: 0.631879
GBDT_AE_BET_ECFP的BA值    ：-10.776354217002629
GBDT_AE_BET_ECFP    :RMSD: 0.867412, P: 0.792085, R^2: 0.616541
fold= 8
>>>>>>>>>>>>>training.............
###############################################GBDT#####################################################
GBDT_BET的BA值：-11.334349075062432
GBDT_BET:RMSD: 0.958510, P: 0.789315, R^2: 0.592760
GBDT_AE的BA值 ：-10.723592916757692
GBDT_AE :RMSD: 1.004051, P: 0.777671, R^2: 0.553142
GBDT_ECFP的BA值 ：-11.581828762506689
GBDT_ECFP :RMSD: 0.836187, P: 0.834542, R^2: 0.690069
GBDT_AE_BET的BA值    ：-11.028970995910061
GBDT_AE_BET    :RMSD: 0.970906, P: 0.791748, R^2: 0.582158
GBDT_AE_ECFP的BA值    ：-11.14681854003626
GBDT_AE_ECFP    :RMSD: 0.880597, P: 0.825252, R^2: 0.656274
GBDT_BET_ECFP的BA值    ：-11.438967919039577
GBDT_BET_ECFP    :RMSD: 0.861842, P: 0.829267, R^2: 0.670759
GBDT_AE_BET_ECFP的BA值    ：-11.200509584945616
GBDT_AE_BET_ECFP    :RMSD: 0.895511, P: 0.821231, R^2: 0.644533
fold= 9
>>>>>>>>>>>>>training.............
###############################################GBDT#####################################################
GBDT_BET的BA值：-10.895427067819917
GBDT_BET:RMSD: 1.051997, P: 0.758455, R^2: 0.540429
GBDT_AE的BA值 ：-10.710886035880984
GBDT_AE :RMSD: 1.107850, P: 0.724327, R^2: 0.490333
GBDT_ECFP的BA值 ：-11.867731098602377
GBDT_ECFP :RMSD: 0.867280, P: 0.833748, R^2: 0.687649
GBDT_AE_BET的BA值    ：-10.80315655185045
GBDT_AE_BET    :RMSD: 1.070664, P: 0.751917, R^2: 0.523974
GBDT_AE_ECFP的BA值    ：-11.28930856724168
GBDT_AE_ECFP    :RMSD: 0.938354, P: 0.815966, R^2: 0.634357
GBDT_BET_ECFP的BA值    ：-11.381579083211147
GBDT_BET_ECFP    :RMSD: 0.917910, P: 0.822897, R^2: 0.650116
GBDT_AE_BET_ECFP的BA值    ：-11.158014734101092
GBDT_AE_BET_ECFP    :RMSD: 0.965594, P: 0.807015, R^2: 0.612820
fold= 10
>>>>>>>>>>>>>training.............
###############################################GBDT#####################################################
GBDT_BET的BA值：-11.02529204033958
GBDT_BET:RMSD: 0.921756, P: 0.787695, R^2: 0.597113
GBDT_AE的BA值 ：-10.465313464665174
GBDT_AE :RMSD: 0.951417, P: 0.791157, R^2: 0.570766
GBDT_ECFP的BA值 ：-11.791902836996815
GBDT_ECFP :RMSD: 0.857935, P: 0.808298, R^2: 0.650972
GBDT_AE_BET的BA值    ：-10.745302752502377
GBDT_AE_BET    :RMSD: 0.920651, P: 0.798882, R^2: 0.598078
GBDT_AE_ECFP的BA值    ：-11.071539747338084
GBDT_AE_ECFP    :RMSD: 0.867497, P: 0.820037, R^2: 0.643149
GBDT_BET_ECFP的BA值    ：-11.351529035175288
GBDT_BET_ECFP    :RMSD: 0.853814, P: 0.817591, R^2: 0.654317
GBDT_AE_BET_ECFP的BA值    ：-11.056123845005251
GBDT_AE_BET_ECFP    :RMSD: 0.870868, P: 0.818614, R^2: 0.640369
@@@@@@@@@@@@@@@@@@@@@@@@@@@@@@@@@@@@@@@@@@@最终结果@@@@@@@@@@@@@@@@@@@@@@@@@@@@@@@@@@@@@@@@@@@@@@@@@@
@@@@@@@@@@@@@@@@@@@@@@@@@@@@@@@@@@@@@@@@@@@最终结果@@@@@@@@@@@@@@@@@@@@@@@@@@@@@@@@@@@@@@@@@@@@@@@@@@
%%%%%%%%%%%%%%%%%%%%%%%%%%%%%%%%%%%%%%%%%%%GBDT%%%%%%%%%%%%%%%%%%%%%%%%%%%%%%%%%%%%%%%%%%%%%%%%%%%%%%
GBDT_BET:0-th Final RMSD: 0.952386, Final P: 0.785126, Final R^2: 0.590535
GBDT_AE :0-th Final RMSD: 1.010711, Final P: 0.760763, Final R^2: 0.538847
GBDT_ECFP :0-th Final RMSD: 0.849234, Final P: 0.821946, Final R^2: 0.674429
GBDT_AE_BET    :0-th Final RMSD: 0.967639, Final P: 0.786669, Final R^2: 0.577314
GBDT_AE_ECFP    :0-th Final RMSD: 0.872866, Final P: 0.823717, Final R^2: 0.656057
GBDT_BET_ECFP    :0-th Final RMSD: 0.851511, Final P: 0.829246, Final R^2: 0.672681
GBDT_AE_BET_ECFP    :0-th Final RMSD: 0.884646, Final P: 0.822901, Final R^2: 0.646711
0-th GBDT_AE的BA值 ：-10.736923
0-th GBDT_BET的BA值：-11.334349
0-th GBDT_ECFP的BA值 ：-13.118061
0-th GBDT_AE_BET的BA值：-11.028971
0-th GBDT_AE_ECFP的BA值    ：-11.905411
0-th GBDT_BET_ECFP的BA值    ：-12.190536
0-th GBDT_AE_BET_ECFP的BA值    ：-11.691278
total time: 0.49851028210586973 h
