size of data: (549,)
size of train size: 439
GBDT parameter
Namespace(n_estimators=10000, dataset='CHEMBL2068', max_depth=7, learning_rate=0.01, criterion='friedman_mse', subsample=0.7, max_features='sqrt', min_samples_split=3, loss='ls', n_iter_no_change=None, random_seed=0)
fold= 1
>>>>>>>>>>>>>training.............
###############################################GBDT#####################################################
GBDT_BET的BA值：-10.37124975995567
GBDT_BET:RMSD: 0.914206, P: 0.759613, R^2: 0.514357
GBDT_AE的BA值 ：-10.201744896859658
GBDT_AE :RMSD: 0.975693, P: 0.765394, R^2: 0.446834
GBDT_ECFP的BA值 ：-11.308729493817454
GBDT_ECFP :RMSD: 0.906470, P: 0.754338, R^2: 0.522541
GBDT_AE_BET的BA值    ：-10.182907189453841
GBDT_AE_BET    :RMSD: 0.931485, P: 0.782648, R^2: 0.495826
GBDT_AE_ECFP的BA值    ：-10.568585422337282
GBDT_AE_ECFP    :RMSD: 0.881678, P: 0.801954, R^2: 0.548302
GBDT_BET_ECFP的BA值    ：-10.772860764304108
GBDT_BET_ECFP    :RMSD: 0.865958, P: 0.784562, R^2: 0.564265
GBDT_AE_BET_ECFP的BA值    ：-10.411567410425617
GBDT_AE_BET_ECFP    :RMSD: 0.880036, P: 0.802547, R^2: 0.549982
fold= 2
>>>>>>>>>>>>>training.............
###############################################GBDT#####################################################
GBDT_BET的BA值：-11.329732698475032
GBDT_BET:RMSD: 0.927633, P: 0.644993, R^2: 0.414657
GBDT_AE的BA值 ：-10.44991568470699
GBDT_AE :RMSD: 0.872422, P: 0.712740, R^2: 0.482261
GBDT_ECFP的BA值 ：-11.404844865934175
GBDT_ECFP :RMSD: 0.829993, P: 0.742130, R^2: 0.531395
GBDT_AE_BET的BA值    ：-10.755517260518985
GBDT_AE_BET    :RMSD: 0.886898, P: 0.687053, R^2: 0.464937
GBDT_AE_ECFP的BA值    ：-10.927380275320584
GBDT_AE_ECFP    :RMSD: 0.819717, P: 0.745347, R^2: 0.542927
GBDT_BET_ECFP的BA值    ：-10.947983488159604
GBDT_BET_ECFP    :RMSD: 0.849569, P: 0.717170, R^2: 0.509029
GBDT_AE_BET_ECFP的BA值    ：-10.781960887008731
GBDT_AE_BET_ECFP    :RMSD: 0.843976, P: 0.723286, R^2: 0.515473
fold= 3
>>>>>>>>>>>>>training.............
###############################################GBDT#####################################################
GBDT_BET的BA值：-10.623680391373117
GBDT_BET:RMSD: 0.804245, P: 0.759766, R^2: 0.548648
GBDT_AE的BA值 ：-10.212609502574162
GBDT_AE :RMSD: 0.861531, P: 0.714078, R^2: 0.482059
GBDT_ECFP的BA值 ：-11.468733138383312
GBDT_ECFP :RMSD: 0.691191, P: 0.825842, R^2: 0.666623
GBDT_AE_BET的BA值    ：-10.400957675279598
GBDT_AE_BET    :RMSD: 0.822846, P: 0.747619, R^2: 0.527529
GBDT_AE_ECFP的BA值    ：-10.823484048784696
GBDT_AE_ECFP    :RMSD: 0.733944, P: 0.806547, R^2: 0.624107
GBDT_BET_ECFP的BA值    ：-11.046206764878214
GBDT_BET_ECFP    :RMSD: 0.714933, P: 0.817396, R^2: 0.643328
GBDT_AE_BET_ECFP的BA值    ：-10.756882829647502
GBDT_AE_BET_ECFP    :RMSD: 0.748385, P: 0.799980, R^2: 0.609169
fold= 4
>>>>>>>>>>>>>training.............
###############################################GBDT#####################################################
GBDT_BET的BA值：-10.3456278184848
GBDT_BET:RMSD: 0.901494, P: 0.783396, R^2: 0.574890
GBDT_AE的BA值 ：-10.17939905642395
GBDT_AE :RMSD: 0.964350, P: 0.769346, R^2: 0.513542
GBDT_ECFP的BA值 ：-10.575491241181137
GBDT_ECFP :RMSD: 0.904045, P: 0.767131, R^2: 0.572480
GBDT_AE_BET的BA值    ：-10.242930786023873
GBDT_AE_BET    :RMSD: 0.914683, P: 0.792996, R^2: 0.562359
GBDT_AE_ECFP的BA值    ：-10.312575713083097
GBDT_AE_ECFP    :RMSD: 0.893635, P: 0.790445, R^2: 0.582269
GBDT_BET_ECFP的BA值    ：-10.408792273456584
GBDT_BET_ECFP    :RMSD: 0.869883, P: 0.794854, R^2: 0.604180
GBDT_AE_BET_ECFP的BA值    ：-10.314072308753415
GBDT_AE_BET_ECFP    :RMSD: 0.882405, P: 0.800012, R^2: 0.592702
fold= 5
>>>>>>>>>>>>>training.............
###############################################GBDT#####################################################
GBDT_BET的BA值：-10.836387172599379
GBDT_BET:RMSD: 0.810013, P: 0.815634, R^2: 0.636678
GBDT_AE的BA值 ：-10.235098384301573
GBDT_AE :RMSD: 0.887098, P: 0.775868, R^2: 0.564237
GBDT_ECFP的BA值 ：-11.204175465967655
GBDT_ECFP :RMSD: 0.813376, P: 0.810363, R^2: 0.633655
GBDT_AE_BET的BA值    ：-10.503431578769804
GBDT_AE_BET    :RMSD: 0.835116, P: 0.804742, R^2: 0.613810
GBDT_AE_ECFP的BA值    ：-10.719636925134614
GBDT_AE_ECFP    :RMSD: 0.818357, P: 0.809655, R^2: 0.629155
GBDT_BET_ECFP的BA值    ：-11.012525495300125
GBDT_BET_ECFP    :RMSD: 0.794927, P: 0.821732, R^2: 0.650085
GBDT_AE_BET_ECFP的BA值    ：-10.73701287450242
GBDT_AE_BET_ECFP    :RMSD: 0.809080, P: 0.815944, R^2: 0.637515
fold= 6
>>>>>>>>>>>>>training.............
###############################################GBDT#####################################################
GBDT_BET的BA值：-10.73577437875306
GBDT_BET:RMSD: 0.959554, P: 0.789116, R^2: 0.591695
GBDT_AE的BA值 ：-10.194662753044064
GBDT_AE :RMSD: 0.991411, P: 0.798975, R^2: 0.564134
GBDT_ECFP的BA值 ：-11.299102678550005
GBDT_ECFP :RMSD: 0.832325, P: 0.841146, R^2: 0.692792
GBDT_AE_BET的BA值    ：-10.465218565898562
GBDT_AE_BET    :RMSD: 0.961974, P: 0.803262, R^2: 0.589633
GBDT_AE_ECFP的BA值    ：-10.64063229062134
GBDT_AE_ECFP    :RMSD: 0.863421, P: 0.847954, R^2: 0.669409
GBDT_BET_ECFP的BA值    ：-10.969552163184964
GBDT_BET_ECFP    :RMSD: 0.868397, P: 0.833233, R^2: 0.665588
GBDT_AE_BET_ECFP的BA值    ：-10.63670981678389
GBDT_AE_BET_ECFP    :RMSD: 0.888420, P: 0.835183, R^2: 0.649988
fold= 7
>>>>>>>>>>>>>training.............
###############################################GBDT#####################################################
GBDT_BET的BA值：-10.552786309509832
GBDT_BET:RMSD: 0.883003, P: 0.705185, R^2: 0.491443
GBDT_AE的BA值 ：-10.390059716384641
GBDT_AE :RMSD: 0.929163, P: 0.698878, R^2: 0.436882
GBDT_ECFP的BA值 ：-11.353405477961525
GBDT_ECFP :RMSD: 0.744789, P: 0.810828, R^2: 0.638189
GBDT_AE_BET的BA值    ：-10.371159727490099
GBDT_AE_BET    :RMSD: 0.887252, P: 0.719245, R^2: 0.486537
GBDT_AE_ECFP的BA值    ：-10.748751249211232
GBDT_AE_ECFP    :RMSD: 0.784672, P: 0.794161, R^2: 0.598401
GBDT_BET_ECFP的BA值    ：-10.846761571318027
GBDT_BET_ECFP    :RMSD: 0.785298, P: 0.781471, R^2: 0.597761
GBDT_AE_BET_ECFP的BA值    ：-10.624069593900678
GBDT_AE_BET_ECFP    :RMSD: 0.808340, P: 0.774444, R^2: 0.573809
fold= 8
>>>>>>>>>>>>>training.............
###############################################GBDT#####################################################
GBDT_BET的BA值：-10.347562397158699
GBDT_BET:RMSD: 0.662109, P: 0.725284, R^2: 0.512205
GBDT_AE的BA值 ：-10.285542197283526
GBDT_AE :RMSD: 0.700307, P: 0.686344, R^2: 0.454300
GBDT_ECFP的BA值 ：-11.059226511137508
GBDT_ECFP :RMSD: 0.678869, P: 0.710174, R^2: 0.487198
GBDT_AE_BET的BA值    ：-10.30613677622685
GBDT_AE_BET    :RMSD: 0.667029, P: 0.722243, R^2: 0.504929
GBDT_AE_ECFP的BA值    ：-10.600312647701816
GBDT_AE_ECFP    :RMSD: 0.650306, P: 0.730343, R^2: 0.529442
GBDT_BET_ECFP的BA值    ：-10.595382428980072
GBDT_BET_ECFP    :RMSD: 0.640067, P: 0.739768, R^2: 0.544143
GBDT_AE_BET_ECFP的BA值    ：-10.444054547408756
GBDT_AE_BET_ECFP    :RMSD: 0.642942, P: 0.739766, R^2: 0.540039
fold= 9
>>>>>>>>>>>>>training.............
###############################################GBDT#####################################################
GBDT_BET的BA值：-10.497961743229899
GBDT_BET:RMSD: 0.787794, P: 0.794319, R^2: 0.544601
GBDT_AE的BA值 ：-10.294833691831933
GBDT_AE :RMSD: 0.994627, P: 0.694521, R^2: 0.274083
GBDT_ECFP的BA值 ：-11.579999638030694
GBDT_ECFP :RMSD: 0.754653, P: 0.784386, R^2: 0.582111
GBDT_AE_BET的BA值    ：-10.227254092612732
GBDT_AE_BET    :RMSD: 0.873884, P: 0.767496, R^2: 0.439631
GBDT_AE_ECFP的BA值    ：-10.642004615455843
GBDT_AE_ECFP    :RMSD: 0.800646, P: 0.781204, R^2: 0.529621
GBDT_BET_ECFP的BA值    ：-10.953943059225143
GBDT_BET_ECFP    :RMSD: 0.733694, P: 0.802306, R^2: 0.605000
GBDT_AE_BET_ECFP的BA值    ：-10.5795349603904
GBDT_AE_BET_ECFP    :RMSD: 0.788293, P: 0.792594, R^2: 0.544024
fold= 10
>>>>>>>>>>>>>training.............
###############################################GBDT#####################################################
GBDT_BET的BA值：-10.721098619064332
GBDT_BET:RMSD: 0.811223, P: 0.735047, R^2: 0.538756
GBDT_AE的BA值 ：-9.949827851983137
GBDT_AE :RMSD: 0.897771, P: 0.670966, R^2: 0.435087
GBDT_ECFP的BA值 ：-11.150030055192545
GBDT_ECFP :RMSD: 0.689001, P: 0.819224, R^2: 0.667271
GBDT_AE_BET的BA值    ：-10.305751848543316
GBDT_AE_BET    :RMSD: 0.839570, P: 0.719269, R^2: 0.505958
GBDT_AE_ECFP的BA值    ：-10.520217566607423
GBDT_AE_ECFP    :RMSD: 0.754803, P: 0.788169, R^2: 0.600683
GBDT_BET_ECFP的BA值    ：-10.935564337128438
GBDT_BET_ECFP    :RMSD: 0.720226, P: 0.801672, R^2: 0.636430
GBDT_AE_BET_ECFP的BA值    ：-10.587177917426393
GBDT_AE_BET_ECFP    :RMSD: 0.762636, P: 0.779769, R^2: 0.592352
@@@@@@@@@@@@@@@@@@@@@@@@@@@@@@@@@@@@@@@@@@@最终结果@@@@@@@@@@@@@@@@@@@@@@@@@@@@@@@@@@@@@@@@@@@@@@@@@@
@@@@@@@@@@@@@@@@@@@@@@@@@@@@@@@@@@@@@@@@@@@最终结果@@@@@@@@@@@@@@@@@@@@@@@@@@@@@@@@@@@@@@@@@@@@@@@@@@
%%%%%%%%%%%%%%%%%%%%%%%%%%%%%%%%%%%%%%%%%%%GBDT%%%%%%%%%%%%%%%%%%%%%%%%%%%%%%%%%%%%%%%%%%%%%%%%%%%%%%
GBDT_BET:0-th Final RMSD: 0.850330, Final P: 0.749483, Final R^2: 0.553196
GBDT_AE :0-th Final RMSD: 0.911298, Final P: 0.719480, Final R^2: 0.486828
GBDT_ECFP :0-th Final RMSD: 0.788825, Final P: 0.784960, Final R^2: 0.615493
GBDT_AE_BET    :0-th Final RMSD: 0.865580, Final P: 0.749674, Final R^2: 0.537025
GBDT_AE_ECFP    :0-th Final RMSD: 0.803274, Final P: 0.786863, Final R^2: 0.601278
GBDT_BET_ECFP    :0-th Final RMSD: 0.788084, Final P: 0.788628, Final R^2: 0.616215
GBDT_AE_BET_ECFP    :0-th Final RMSD: 0.808734, Final P: 0.783969, Final R^2: 0.595840
0-th GBDT_AE的BA值 ：-10.449916
0-th GBDT_BET的BA值：-11.329733
0-th GBDT_ECFP的BA值 ：-11.580000
0-th GBDT_AE_BET的BA值：-10.755517
0-th GBDT_AE_ECFP的BA值    ：-10.927380
0-th GBDT_BET_ECFP的BA值    ：-11.046207
0-th GBDT_AE_BET_ECFP的BA值    ：-10.781961
total time: 0.2517966346608268 h
