size of data: (403,)
size of train size: 322
GBDT parameter
Namespace(n_estimators=10000, dataset='CHEMBL1856', max_depth=7, learning_rate=0.01, criterion='friedman_mse', subsample=0.7, max_features='sqrt', min_samples_split=3, loss='ls', n_iter_no_change=None, random_seed=0)
fold= 1
>>>>>>>>>>>>>training.............
###############################################GBDT#####################################################
GBDT_BET的BA值：-13.1596981326422
GBDT_BET:RMSD: 1.187373, P: 0.828422, R^2: 0.651502
GBDT_AE的BA值 ：-12.806471591592585
GBDT_AE :RMSD: 1.209056, P: 0.827874, R^2: 0.638658
GBDT_ECFP的BA值 ：-14.065680496404891
GBDT_ECFP :RMSD: 1.127717, P: 0.834594, R^2: 0.685641
GBDT_AE_BET的BA值    ：-12.727298282476713
GBDT_AE_BET    :RMSD: 1.178569, P: 0.840359, R^2: 0.656651
GBDT_AE_ECFP的BA值    ：-13.436076043998739
GBDT_AE_ECFP    :RMSD: 1.113924, P: 0.847153, R^2: 0.693284
GBDT_BET_ECFP的BA值    ：-13.462848968299367
GBDT_BET_ECFP    :RMSD: 1.113478, P: 0.843658, R^2: 0.693529
GBDT_AE_BET_ECFP的BA值    ：-13.17342568711944
GBDT_AE_BET_ECFP    :RMSD: 1.122266, P: 0.848500, R^2: 0.688673
fold= 2
>>>>>>>>>>>>>training.............
###############################################GBDT#####################################################
GBDT_BET的BA值：-13.560112955824607
GBDT_BET:RMSD: 0.998178, P: 0.797043, R^2: 0.626596
GBDT_AE的BA值 ：-13.28572725154046
GBDT_AE :RMSD: 1.022990, P: 0.796606, R^2: 0.607801
GBDT_ECFP的BA值 ：-14.073821003205937
GBDT_ECFP :RMSD: 0.903662, P: 0.841400, R^2: 0.693962
GBDT_AE_BET的BA值    ：-13.422920103682532
GBDT_AE_BET    :RMSD: 0.997138, P: 0.801726, R^2: 0.627373
GBDT_AE_ECFP的BA值    ：-13.617914250271058
GBDT_AE_ECFP    :RMSD: 0.910843, P: 0.834136, R^2: 0.689078
GBDT_BET_ECFP的BA值    ：-13.711284484604612
GBDT_BET_ECFP    :RMSD: 0.916751, P: 0.830720, R^2: 0.685032
GBDT_AE_BET_ECFP的BA值    ：-13.531581764083429
GBDT_AE_BET_ECFP    :RMSD: 0.930826, P: 0.826125, R^2: 0.675286
fold= 3
>>>>>>>>>>>>>training.............
###############################################GBDT#####################################################
GBDT_BET的BA值：-13.452328016510677
GBDT_BET:RMSD: 0.964397, P: 0.887242, R^2: 0.748200
GBDT_AE的BA值 ：-13.211972459666482
GBDT_AE :RMSD: 1.078652, P: 0.862248, R^2: 0.685003
GBDT_ECFP的BA值 ：-14.245489779203526
GBDT_ECFP :RMSD: 0.962475, P: 0.870050, R^2: 0.749202
GBDT_AE_BET的BA值    ：-13.310768983007737
GBDT_AE_BET    :RMSD: 0.999170, P: 0.885295, R^2: 0.729714
GBDT_AE_ECFP的BA值    ：-13.53600397017986
GBDT_AE_ECFP    :RMSD: 0.913484, P: 0.889839, R^2: 0.774084
GBDT_BET_ECFP的BA值    ：-13.677563003682799
GBDT_BET_ECFP    :RMSD: 0.891058, P: 0.891581, R^2: 0.785041
GBDT_AE_BET_ECFP的BA值    ：-13.508111985623465
GBDT_AE_BET_ECFP    :RMSD: 0.912092, P: 0.894947, R^2: 0.774772
fold= 4
>>>>>>>>>>>>>training.............
###############################################GBDT#####################################################
GBDT_BET的BA值：-13.561833464111846
GBDT_BET:RMSD: 1.043941, P: 0.845411, R^2: 0.694179
GBDT_AE的BA值 ：-13.257142835565128
GBDT_AE :RMSD: 1.057376, P: 0.835442, R^2: 0.686257
GBDT_ECFP的BA值 ：-13.945322143712502
GBDT_ECFP :RMSD: 0.966012, P: 0.859866, R^2: 0.738133
GBDT_AE_BET的BA值    ：-13.328821740362663
GBDT_AE_BET    :RMSD: 1.033340, P: 0.848403, R^2: 0.700359
GBDT_AE_ECFP的BA值    ：-13.480097980825029
GBDT_AE_ECFP    :RMSD: 0.965981, P: 0.861769, R^2: 0.738150
GBDT_BET_ECFP的BA值    ：-13.381294396143321
GBDT_BET_ECFP    :RMSD: 0.952640, P: 0.867589, R^2: 0.745333
GBDT_AE_BET_ECFP的BA值    ：-13.28613293630004
GBDT_AE_BET_ECFP    :RMSD: 0.971407, P: 0.863852, R^2: 0.735200
fold= 5
>>>>>>>>>>>>>training.............
###############################################GBDT#####################################################
GBDT_BET的BA值：-13.35162309180766
GBDT_BET:RMSD: 1.281508, P: 0.779530, R^2: 0.533488
GBDT_AE的BA值 ：-13.250307478516023
GBDT_AE :RMSD: 1.278190, P: 0.784047, R^2: 0.535900
GBDT_ECFP的BA值 ：-14.044996315743209
GBDT_ECFP :RMSD: 1.077097, P: 0.830443, R^2: 0.670443
GBDT_AE_BET的BA值    ：-13.29576129501978
GBDT_AE_BET    :RMSD: 1.268772, P: 0.789422, R^2: 0.542715
GBDT_AE_ECFP的BA值    ：-13.505226657381263
GBDT_AE_ECFP    :RMSD: 1.124191, P: 0.828316, R^2: 0.640995
GBDT_BET_ECFP的BA值    ：-13.522713894771972
GBDT_BET_ECFP    :RMSD: 1.124708, P: 0.827171, R^2: 0.640665
GBDT_AE_BET_ECFP的BA值    ：-13.431911756019987
GBDT_AE_BET_ECFP    :RMSD: 1.160366, P: 0.821805, R^2: 0.617518
fold= 6
>>>>>>>>>>>>>training.............
###############################################GBDT#####################################################
GBDT_BET的BA值：-13.358645818951281
GBDT_BET:RMSD: 1.082502, P: 0.862964, R^2: 0.643730
GBDT_AE的BA值 ：-13.13359921725997
GBDT_AE :RMSD: 1.131861, P: 0.829604, R^2: 0.610500
GBDT_ECFP的BA值 ：-13.913645543227517
GBDT_ECFP :RMSD: 0.963348, P: 0.847441, R^2: 0.717845
GBDT_AE_BET的BA值    ：-13.114421807462696
GBDT_AE_BET    :RMSD: 1.090181, P: 0.858337, R^2: 0.638657
GBDT_AE_ECFP的BA值    ：-13.523622380243744
GBDT_AE_ECFP    :RMSD: 0.977803, P: 0.857939, R^2: 0.709313
GBDT_BET_ECFP的BA值    ：-13.384199066552554
GBDT_BET_ECFP    :RMSD: 0.943122, P: 0.873757, R^2: 0.729569
GBDT_AE_BET_ECFP的BA值    ：-13.212865309693072
GBDT_AE_BET_ECFP    :RMSD: 0.986314, P: 0.869774, R^2: 0.704231
fold= 7
>>>>>>>>>>>>>training.............
###############################################GBDT#####################################################
GBDT_BET的BA值：-13.109549458578455
GBDT_BET:RMSD: 1.150273, P: 0.835030, R^2: 0.639187
GBDT_AE的BA值 ：-13.22030191140614
GBDT_AE :RMSD: 1.244665, P: 0.814694, R^2: 0.577540
GBDT_ECFP的BA值 ：-13.81215597014996
GBDT_ECFP :RMSD: 0.953627, P: 0.897791, R^2: 0.752008
GBDT_AE_BET的BA值    ：-13.062110093542481
GBDT_AE_BET    :RMSD: 1.188597, P: 0.830273, R^2: 0.614744
GBDT_AE_ECFP的BA值    ：-13.356213885487564
GBDT_AE_ECFP    :RMSD: 1.058230, P: 0.880683, R^2: 0.694620
GBDT_BET_ECFP的BA值    ：-13.303531625568858
GBDT_BET_ECFP    :RMSD: 1.009392, P: 0.887527, R^2: 0.722157
GBDT_AE_BET_ECFP的BA值    ：-13.205448682217984
GBDT_AE_BET_ECFP    :RMSD: 1.076218, P: 0.872645, R^2: 0.684150
fold= 8
>>>>>>>>>>>>>training.............
###############################################GBDT#####################################################
GBDT_BET的BA值：-13.586275851940936
GBDT_BET:RMSD: 1.061978, P: 0.887721, R^2: 0.733671
GBDT_AE的BA值 ：-13.378605689172707
GBDT_AE :RMSD: 1.093455, P: 0.896990, R^2: 0.717649
GBDT_ECFP的BA值 ：-14.244923213616435
GBDT_ECFP :RMSD: 0.803000, P: 0.925319, R^2: 0.847728
GBDT_AE_BET的BA值    ：-13.415724506024137
GBDT_AE_BET    :RMSD: 1.057731, P: 0.901195, R^2: 0.735797
GBDT_AE_ECFP的BA值    ：-13.81176445139457
GBDT_AE_ECFP    :RMSD: 0.897527, P: 0.923118, R^2: 0.809768
GBDT_BET_ECFP的BA值    ：-13.688777930426829
GBDT_BET_ECFP    :RMSD: 0.887939, P: 0.919034, R^2: 0.813811
GBDT_AE_BET_ECFP的BA值    ：-13.585387183342121
GBDT_AE_BET_ECFP    :RMSD: 0.935883, P: 0.918444, R^2: 0.793162
fold= 9
>>>>>>>>>>>>>training.............
###############################################GBDT#####################################################
GBDT_BET的BA值：-13.586736296650923
GBDT_BET:RMSD: 1.187403, P: 0.792483, R^2: 0.615455
GBDT_AE的BA值 ：-13.598891117938237
GBDT_AE :RMSD: 1.239532, P: 0.768174, R^2: 0.580950
GBDT_ECFP的BA值 ：-13.774564875949329
GBDT_ECFP :RMSD: 0.811961, P: 0.911427, R^2: 0.820187
GBDT_AE_BET的BA值    ：-13.59281370729458
GBDT_AE_BET    :RMSD: 1.202574, P: 0.786695, R^2: 0.605566
GBDT_AE_ECFP的BA值    ：-13.686727996943784
GBDT_AE_ECFP    :RMSD: 0.958604, P: 0.878991, R^2: 0.749372
GBDT_BET_ECFP的BA值    ：-13.680650586300125
GBDT_BET_ECFP    :RMSD: 0.945681, P: 0.881733, R^2: 0.756084
GBDT_AE_BET_ECFP的BA值    ：-13.653397430179496
GBDT_AE_BET_ECFP    :RMSD: 1.023720, P: 0.858851, R^2: 0.714166
fold= 10
>>>>>>>>>>>>>training.............
###############################################GBDT#####################################################
GBDT_BET的BA值：-13.718682036262623
GBDT_BET:RMSD: 1.205651, P: 0.824354, R^2: 0.646456
GBDT_AE的BA值 ：-13.564191126026985
GBDT_AE :RMSD: 1.206616, P: 0.842970, R^2: 0.645890
GBDT_ECFP的BA值 ：-14.080655126125006
GBDT_ECFP :RMSD: 1.080216, P: 0.855809, R^2: 0.716194
GBDT_AE_BET的BA值    ：-13.641436581144804
GBDT_AE_BET    :RMSD: 1.186023, P: 0.843236, R^2: 0.657874
GBDT_AE_ECFP的BA值    ：-13.822423126075996
GBDT_AE_ECFP    :RMSD: 1.064377, P: 0.876171, R^2: 0.724456
GBDT_BET_ECFP的BA值    ：-13.899668581193815
GBDT_BET_ECFP    :RMSD: 1.081387, P: 0.861711, R^2: 0.715579
GBDT_AE_BET_ECFP的BA值    ：-13.787842762804871
GBDT_AE_BET_ECFP    :RMSD: 1.093384, P: 0.867972, R^2: 0.709233
@@@@@@@@@@@@@@@@@@@@@@@@@@@@@@@@@@@@@@@@@@@最终结果@@@@@@@@@@@@@@@@@@@@@@@@@@@@@@@@@@@@@@@@@@@@@@@@@@
@@@@@@@@@@@@@@@@@@@@@@@@@@@@@@@@@@@@@@@@@@@最终结果@@@@@@@@@@@@@@@@@@@@@@@@@@@@@@@@@@@@@@@@@@@@@@@@@@
%%%%%%%%%%%%%%%%%%%%%%%%%%%%%%%%%%%%%%%%%%%GBDT%%%%%%%%%%%%%%%%%%%%%%%%%%%%%%%%%%%%%%%%%%%%%%%%%%%%%%
GBDT_BET:0-th Final RMSD: 1.119997, Final P: 0.826284, Final R^2: 0.663353
GBDT_AE :0-th Final RMSD: 1.159007, Final P: 0.813142, Final R^2: 0.639493
GBDT_ECFP :0-th Final RMSD: 0.970625, Final P: 0.866043, Final R^2: 0.747161
GBDT_AE_BET    :0-th Final RMSD: 1.123476, Final P: 0.828664, Final R^2: 0.661258
GBDT_AE_ECFP    :0-th Final RMSD: 1.001626, Final P: 0.862876, Final R^2: 0.730752
GBDT_BET_ECFP    :0-th Final RMSD: 0.990230, Final P: 0.864985, Final R^2: 0.736844
GBDT_AE_BET_ECFP    :0-th Final RMSD: 1.024382, Final P: 0.858756, Final R^2: 0.718379
0-th GBDT_AE的BA值 ：-13.598891
0-th GBDT_BET的BA值：-13.718682
0-th GBDT_ECFP的BA值 ：-14.245490
0-th GBDT_AE_BET的BA值：-13.641437
0-th GBDT_AE_ECFP的BA值    ：-13.822423
0-th GBDT_BET_ECFP的BA值    ：-13.899669
0-th GBDT_AE_BET_ECFP的BA值    ：-13.787843
total time: 0.18628459758228727 h
