size of data: (274,)
size of train size: 219
GBDT parameter
Namespace(n_estimators=10000, dataset='CHEMBL2889', max_depth=7, learning_rate=0.01, criterion='friedman_mse', subsample=0.7, max_features='sqrt', min_samples_split=3, loss='ls', n_iter_no_change=None, random_seed=0)
fold= 1
>>>>>>>>>>>>>training.............
###############################################GBDT#####################################################
GBDT_BET的BA值：-8.587231918684456
GBDT_BET:RMSD: 0.469457, P: 0.802599, R^2: 0.616298
GBDT_AE的BA值 ：-8.65425622640425
GBDT_AE :RMSD: 0.481290, P: 0.807149, R^2: 0.596711
GBDT_ECFP的BA值 ：-8.874415045684962
GBDT_ECFP :RMSD: 0.471726, P: 0.796681, R^2: 0.612580
GBDT_AE_BET的BA值    ：-8.620744072544353
GBDT_AE_BET    :RMSD: 0.464223, P: 0.821742, R^2: 0.624806
GBDT_AE_ECFP的BA值    ：-8.764335636044606
GBDT_AE_ECFP    :RMSD: 0.434843, P: 0.829205, R^2: 0.670795
GBDT_BET_ECFP的BA值    ：-8.730823482184709
GBDT_BET_ECFP    :RMSD: 0.433568, P: 0.830112, R^2: 0.672722
GBDT_AE_BET_ECFP的BA值    ：-8.705301063591223
GBDT_AE_BET_ECFP    :RMSD: 0.434068, P: 0.837598, R^2: 0.671967
fold= 2
>>>>>>>>>>>>>training.............
###############################################GBDT#####################################################
GBDT_BET的BA值：-8.4654161949593
GBDT_BET:RMSD: 0.656856, P: 0.714333, R^2: 0.487643
GBDT_AE的BA值 ：-8.447768869210053
GBDT_AE :RMSD: 0.694847, P: 0.695639, R^2: 0.426661
GBDT_ECFP的BA值 ：-9.11016184845952
GBDT_ECFP :RMSD: 0.688885, P: 0.668540, R^2: 0.436458
GBDT_AE_BET的BA值    ：-8.456592532084677
GBDT_AE_BET    :RMSD: 0.666868, P: 0.719989, R^2: 0.471905
GBDT_AE_ECFP的BA值    ：-8.778965358834785
GBDT_AE_ECFP    :RMSD: 0.665367, P: 0.700811, R^2: 0.474279
GBDT_BET_ECFP的BA值    ：-8.78778902170941
GBDT_BET_ECFP    :RMSD: 0.662797, P: 0.695828, R^2: 0.478333
GBDT_AE_BET_ECFP的BA值    ：-8.674448970876291
GBDT_AE_BET_ECFP    :RMSD: 0.659804, P: 0.709366, R^2: 0.483034
fold= 3
>>>>>>>>>>>>>training.............
###############################################GBDT#####################################################
GBDT_BET的BA值：-8.601877902874278
GBDT_BET:RMSD: 0.706330, P: 0.738638, R^2: 0.481517
GBDT_AE的BA值 ：-8.446814937719974
GBDT_AE :RMSD: 0.736778, P: 0.693692, R^2: 0.435853
GBDT_ECFP的BA值 ：-9.079234670988004
GBDT_ECFP :RMSD: 0.732445, P: 0.711748, R^2: 0.442468
GBDT_AE_BET的BA值    ：-8.524346420297126
GBDT_AE_BET    :RMSD: 0.717607, P: 0.725087, R^2: 0.464829
GBDT_AE_ECFP的BA值    ：-8.737381717287384
GBDT_AE_ECFP    :RMSD: 0.705768, P: 0.740654, R^2: 0.482342
GBDT_BET_ECFP的BA值    ：-8.703906808366387
GBDT_BET_ECFP    :RMSD: 0.697782, P: 0.750755, R^2: 0.493990
GBDT_AE_BET_ECFP的BA值    ：-8.601114126773181
GBDT_AE_BET_ECFP    :RMSD: 0.700924, P: 0.748928, R^2: 0.489423
fold= 4
>>>>>>>>>>>>>training.............
###############################################GBDT#####################################################
GBDT_BET的BA值：-8.484029107666775
GBDT_BET:RMSD: 0.699775, P: 0.636451, R^2: 0.396854
GBDT_AE的BA值 ：-8.561524106556867
GBDT_AE :RMSD: 0.709531, P: 0.627937, R^2: 0.379920
GBDT_ECFP的BA值 ：-8.479985489623669
GBDT_ECFP :RMSD: 0.689609, P: 0.658471, R^2: 0.414251
GBDT_AE_BET的BA值    ：-8.52277660711182
GBDT_AE_BET    :RMSD: 0.700675, P: 0.639191, R^2: 0.395303
GBDT_AE_ECFP的BA值    ：-8.425688705812064
GBDT_AE_ECFP    :RMSD: 0.676942, P: 0.660712, R^2: 0.435573
GBDT_BET_ECFP的BA值    ：-8.386941206367018
GBDT_BET_ECFP    :RMSD: 0.674811, P: 0.663057, R^2: 0.439120
GBDT_AE_BET_ECFP的BA值    ：-8.4451355064303
GBDT_AE_BET_ECFP    :RMSD: 0.679017, P: 0.659733, R^2: 0.432106
fold= 5
>>>>>>>>>>>>>training.............
###############################################GBDT#####################################################
GBDT_BET的BA值：-8.707211176544504
GBDT_BET:RMSD: 0.689054, P: 0.377472, R^2: -0.095816
GBDT_AE的BA值 ：-8.624096043893715
GBDT_AE :RMSD: 0.733238, P: 0.275943, R^2: -0.240857
GBDT_ECFP的BA值 ：-9.057794345834683
GBDT_ECFP :RMSD: 0.828150, P: 0.319157, R^2: -0.582885
GBDT_AE_BET的BA值    ：-8.66565361021911
GBDT_AE_BET    :RMSD: 0.706314, P: 0.332088, R^2: -0.151403
GBDT_AE_ECFP的BA值    ：-8.840945194864199
GBDT_AE_ECFP    :RMSD: 0.761423, P: 0.308323, R^2: -0.338084
GBDT_BET_ECFP的BA值    ：-8.882502761189594
GBDT_BET_ECFP    :RMSD: 0.745702, P: 0.350055, R^2: -0.283402
GBDT_AE_BET_ECFP的BA值    ：-8.796367188757634
GBDT_AE_BET_ECFP    :RMSD: 0.733379, P: 0.332437, R^2: -0.241333
fold= 6
>>>>>>>>>>>>>training.............
###############################################GBDT#####################################################
GBDT_BET的BA值：-8.35816174300085
GBDT_BET:RMSD: 0.700110, P: 0.826854, R^2: 0.543532
GBDT_AE的BA值 ：-8.251395988807575
GBDT_AE :RMSD: 0.772843, P: 0.797647, R^2: 0.443763
GBDT_ECFP的BA值 ：-9.119028994888378
GBDT_ECFP :RMSD: 0.565225, P: 0.840642, R^2: 0.702477
GBDT_AE_BET的BA值    ：-8.304778865904211
GBDT_AE_BET    :RMSD: 0.730165, P: 0.832916, R^2: 0.503500
GBDT_AE_ECFP的BA值    ：-8.674276990450917
GBDT_AE_ECFP    :RMSD: 0.598123, P: 0.859335, R^2: 0.666836
GBDT_BET_ECFP的BA值    ：-8.727659867547555
GBDT_BET_ECFP    :RMSD: 0.573497, P: 0.861374, R^2: 0.693705
GBDT_AE_BET_ECFP的BA值    ：-8.568905241300895
GBDT_AE_BET_ECFP    :RMSD: 0.621132, P: 0.865051, R^2: 0.640710
fold= 7
>>>>>>>>>>>>>training.............
###############################################GBDT#####################################################
GBDT_BET的BA值：-8.70611939665357
GBDT_BET:RMSD: 0.785479, P: 0.647472, R^2: 0.408084
GBDT_AE的BA值 ：-8.468611706507508
GBDT_AE :RMSD: 0.816279, P: 0.630735, R^2: 0.360754
GBDT_ECFP的BA值 ：-8.898189965384846
GBDT_ECFP :RMSD: 0.838172, P: 0.579372, R^2: 0.326003
GBDT_AE_BET的BA值    ：-8.58736555158054
GBDT_AE_BET    :RMSD: 0.794022, P: 0.649746, R^2: 0.395138
GBDT_AE_ECFP的BA值    ：-8.683400835946177
GBDT_AE_ECFP    :RMSD: 0.808025, P: 0.615895, R^2: 0.373616
GBDT_BET_ECFP的BA值    ：-8.802154681019207
GBDT_BET_ECFP    :RMSD: 0.799284, P: 0.624043, R^2: 0.387095
GBDT_AE_BET_ECFP的BA值    ：-8.690973689515308
GBDT_AE_BET_ECFP    :RMSD: 0.796039, P: 0.634014, R^2: 0.392062
fold= 8
>>>>>>>>>>>>>training.............
###############################################GBDT#####################################################
GBDT_BET的BA值：-8.719363683995251
GBDT_BET:RMSD: 0.531387, P: 0.751486, R^2: 0.552599
GBDT_AE的BA值 ：-8.410952548949568
GBDT_AE :RMSD: 0.545872, P: 0.760758, R^2: 0.527876
GBDT_ECFP的BA值 ：-9.032794407155903
GBDT_ECFP :RMSD: 0.569273, P: 0.718144, R^2: 0.486529
GBDT_AE_BET的BA值    ：-8.56515811647241
GBDT_AE_BET    :RMSD: 0.532377, P: 0.762916, R^2: 0.550932
GBDT_AE_ECFP的BA值    ：-8.721873478052736
GBDT_AE_ECFP    :RMSD: 0.534646, P: 0.745414, R^2: 0.547096
GBDT_BET_ECFP的BA值    ：-8.876079045575576
GBDT_BET_ECFP    :RMSD: 0.529359, P: 0.746783, R^2: 0.556008
GBDT_AE_BET_ECFP的BA值    ：-8.721036880033573
GBDT_AE_BET_ECFP    :RMSD: 0.526366, P: 0.755182, R^2: 0.561015
fold= 9
>>>>>>>>>>>>>training.............
###############################################GBDT#####################################################
GBDT_BET的BA值：-8.32429795310566
GBDT_BET:RMSD: 0.756925, P: 0.785489, R^2: 0.500958
GBDT_AE的BA值 ：-8.168092145680607
GBDT_AE :RMSD: 0.921817, P: 0.593571, R^2: 0.259849
GBDT_ECFP的BA值 ：-8.826828083162948
GBDT_ECFP :RMSD: 0.546505, P: 0.879547, R^2: 0.739852
GBDT_AE_BET的BA值    ：-8.136236491937971
GBDT_AE_BET    :RMSD: 0.831513, P: 0.731825, R^2: 0.397760
GBDT_AE_ECFP的BA值    ：-8.378744270234105
GBDT_AE_ECFP    :RMSD: 0.705411, P: 0.829706, R^2: 0.566573
GBDT_BET_ECFP的BA值    ：-8.55167395417052
GBDT_BET_ECFP    :RMSD: 0.626324, P: 0.868292, R^2: 0.658312
GBDT_AE_BET_ECFP的BA值    ：-8.287289792887849
GBDT_AE_BET_ECFP    :RMSD: 0.715220, P: 0.830778, R^2: 0.554435
fold= 10
>>>>>>>>>>>>>training.............
###############################################GBDT#####################################################
GBDT_BET的BA值：-8.755473676828
GBDT_BET:RMSD: 0.605377, P: 0.648852, R^2: 0.404235
GBDT_AE的BA值 ：-8.68412925335937
GBDT_AE :RMSD: 0.560611, P: 0.701886, R^2: 0.489087
GBDT_ECFP的BA值 ：-9.09822964273273
GBDT_ECFP :RMSD: 0.631274, P: 0.675334, R^2: 0.352173
GBDT_AE_BET的BA值    ：-8.719801465093685
GBDT_AE_BET    :RMSD: 0.578130, P: 0.678371, R^2: 0.456656
GBDT_AE_ECFP的BA值    ：-8.863364519125696
GBDT_AE_ECFP    :RMSD: 0.566808, P: 0.701558, R^2: 0.477729
GBDT_BET_ECFP的BA值    ：-8.899036730860011
GBDT_BET_ECFP    :RMSD: 0.600979, P: 0.673500, R^2: 0.412859
GBDT_AE_BET_ECFP的BA值    ：-8.827400905026463
GBDT_AE_BET_ECFP    :RMSD: 0.576142, P: 0.688368, R^2: 0.460387
@@@@@@@@@@@@@@@@@@@@@@@@@@@@@@@@@@@@@@@@@@@最终结果@@@@@@@@@@@@@@@@@@@@@@@@@@@@@@@@@@@@@@@@@@@@@@@@@@
@@@@@@@@@@@@@@@@@@@@@@@@@@@@@@@@@@@@@@@@@@@最终结果@@@@@@@@@@@@@@@@@@@@@@@@@@@@@@@@@@@@@@@@@@@@@@@@@@
%%%%%%%%%%%%%%%%%%%%%%%%%%%%%%%%%%%%%%%%%%%GBDT%%%%%%%%%%%%%%%%%%%%%%%%%%%%%%%%%%%%%%%%%%%%%%%%%%%%%%
GBDT_BET:0-th Final RMSD: 0.666269, Final P: 0.686965, Final R^2: 0.461043
GBDT_AE :0-th Final RMSD: 0.708159, Final P: 0.639482, Final R^2: 0.391141
GBDT_ECFP :0-th Final RMSD: 0.666018, Final P: 0.690019, Final R^2: 0.461449
GBDT_AE_BET    :0-th Final RMSD: 0.680499, Final P: 0.676303, Final R^2: 0.437775
GBDT_AE_ECFP    :0-th Final RMSD: 0.654120, Final P: 0.695834, Final R^2: 0.480518
GBDT_BET_ECFP    :0-th Final RMSD: 0.642191, Final P: 0.707366, Final R^2: 0.499294
GBDT_AE_BET_ECFP    :0-th Final RMSD: 0.651874, Final P: 0.701768, Final R^2: 0.484079
0-th GBDT_AE的BA值 ：-8.684129
0-th GBDT_BET的BA值：-8.755474
0-th GBDT_ECFP的BA值 ：-9.119029
0-th GBDT_AE_BET的BA值：-8.719801
0-th GBDT_AE_ECFP的BA值    ：-8.863365
0-th GBDT_BET_ECFP的BA值    ：-8.899037
0-th GBDT_AE_BET_ECFP的BA值    ：-8.827401
total time: 0.1306124488512675 h
