size of data: (260,)
size of train size: 208
GBDT parameter
Namespace(n_estimators=10000, dataset='CHEMBL3475', max_depth=7, learning_rate=0.01, criterion='friedman_mse', subsample=0.7, max_features='sqrt', min_samples_split=3, loss='ls', n_iter_no_change=None, random_seed=0)
fold= 1
>>>>>>>>>>>>>training.............
###############################################GBDT#####################################################
GBDT_BET的BA值：-9.593247328333284
GBDT_BET:RMSD: 0.912751, P: 0.661635, R^2: 0.333124
GBDT_AE的BA值 ：-9.43859747818998
GBDT_AE :RMSD: 0.922369, P: 0.687700, R^2: 0.318996
GBDT_ECFP的BA值 ：-11.317355823115676
GBDT_ECFP :RMSD: 0.754302, P: 0.768797, R^2: 0.544561
GBDT_AE_BET的BA值    ：-9.515922403261632
GBDT_AE_BET    :RMSD: 0.913258, P: 0.682229, R^2: 0.332383
GBDT_AE_ECFP的BA值    ：-10.377976650652828
GBDT_AE_ECFP    :RMSD: 0.807110, P: 0.755329, R^2: 0.478559
GBDT_BET_ECFP的BA值    ：-10.45530157572448
GBDT_BET_ECFP    :RMSD: 0.807116, P: 0.743632, R^2: 0.478551
GBDT_AE_BET_ECFP的BA值    ：-10.116400209879647
GBDT_AE_BET_ECFP    :RMSD: 0.836312, P: 0.736549, R^2: 0.440143
fold= 2
>>>>>>>>>>>>>training.............
###############################################GBDT#####################################################
GBDT_BET的BA值：-10.498315926575316
GBDT_BET:RMSD: 0.848755, P: 0.685051, R^2: 0.461634
GBDT_AE的BA值 ：-10.880485454167857
GBDT_AE :RMSD: 0.767471, P: 0.760803, R^2: 0.559813
GBDT_ECFP的BA值 ：-11.317319132377262
GBDT_ECFP :RMSD: 0.833021, P: 0.710365, R^2: 0.481408
GBDT_AE_BET的BA值    ：-10.689400690371587
GBDT_AE_BET    :RMSD: 0.802592, P: 0.729862, R^2: 0.518604
GBDT_AE_ECFP的BA值    ：-11.098902293272559
GBDT_AE_ECFP    :RMSD: 0.781803, P: 0.739566, R^2: 0.543219
GBDT_BET_ECFP的BA值    ：-10.90781752947629
GBDT_BET_ECFP    :RMSD: 0.822693, P: 0.705711, R^2: 0.494188
GBDT_AE_BET_ECFP的BA值    ：-10.898706837706811
GBDT_AE_BET_ECFP    :RMSD: 0.797597, P: 0.727188, R^2: 0.524577
fold= 3
>>>>>>>>>>>>>training.............
###############################################GBDT#####################################################
GBDT_BET的BA值：-8.75360228203131
GBDT_BET:RMSD: 0.783665, P: 0.564134, R^2: 0.228464
GBDT_AE的BA值 ：-8.697133773802673
GBDT_AE :RMSD: 0.744992, P: 0.603229, R^2: 0.302732
GBDT_ECFP的BA值 ：-9.69358014805394
GBDT_ECFP :RMSD: 0.888827, P: 0.527147, R^2: 0.007501
GBDT_AE_BET的BA值    ：-8.725368027916991
GBDT_AE_BET    :RMSD: 0.759143, P: 0.594911, R^2: 0.275991
GBDT_AE_ECFP的BA值    ：-9.163429068458239
GBDT_AE_ECFP    :RMSD: 0.793188, P: 0.570286, R^2: 0.209597
GBDT_BET_ECFP的BA值    ：-9.191663322572555
GBDT_BET_ECFP    :RMSD: 0.811123, P: 0.554066, R^2: 0.173450
GBDT_AE_BET_ECFP的BA值    ：-9.026820139649262
GBDT_AE_BET_ECFP    :RMSD: 0.781331, P: 0.576263, R^2: 0.233051
fold= 4
>>>>>>>>>>>>>training.............
###############################################GBDT#####################################################
GBDT_BET的BA值：-9.170427158119374
GBDT_BET:RMSD: 0.652340, P: 0.610476, R^2: 0.364281
GBDT_AE的BA值 ：-9.259384251663956
GBDT_AE :RMSD: 0.586934, P: 0.697000, R^2: 0.485368
GBDT_ECFP的BA值 ：-9.753300858436974
GBDT_ECFP :RMSD: 0.715136, P: 0.634085, R^2: 0.235997
GBDT_AE_BET的BA值    ：-9.067308731428062
GBDT_AE_BET    :RMSD: 0.610859, P: 0.666033, R^2: 0.442557
GBDT_AE_ECFP的BA值    ：-9.241381970623053
GBDT_AE_ECFP    :RMSD: 0.614844, P: 0.681338, R^2: 0.435262
GBDT_BET_ECFP的BA值    ：-9.461864008278173
GBDT_BET_ECFP    :RMSD: 0.641573, P: 0.648734, R^2: 0.385091
GBDT_AE_BET_ECFP的BA值    ：-9.217730366455159
GBDT_AE_BET_ECFP    :RMSD: 0.611895, P: 0.673259, R^2: 0.440666
fold= 5
>>>>>>>>>>>>>training.............
###############################################GBDT#####################################################
GBDT_BET的BA值：-9.175069425701015
GBDT_BET:RMSD: 0.506020, P: 0.747423, R^2: 0.554921
GBDT_AE的BA值 ：-9.23405660695352
GBDT_AE :RMSD: 0.553385, P: 0.688491, R^2: 0.467700
GBDT_ECFP的BA值 ：-9.620463085176858
GBDT_ECFP :RMSD: 0.634535, P: 0.670910, R^2: 0.300136
GBDT_AE_BET的BA值    ：-9.204563016327267
GBDT_AE_BET    :RMSD: 0.519996, P: 0.731192, R^2: 0.529995
GBDT_AE_ECFP的BA值    ：-9.365058201817096
GBDT_AE_ECFP    :RMSD: 0.563500, P: 0.692139, R^2: 0.448062
GBDT_BET_ECFP的BA值    ：-9.335564611190843
GBDT_BET_ECFP    :RMSD: 0.543123, P: 0.716574, R^2: 0.487258
GBDT_AE_BET_ECFP的BA值    ：-9.301728609778403
GBDT_AE_BET_ECFP    :RMSD: 0.534033, P: 0.717233, R^2: 0.504278
fold= 6
>>>>>>>>>>>>>training.............
###############################################GBDT#####################################################
GBDT_BET的BA值：-9.096839358938052
GBDT_BET:RMSD: 0.572978, P: 0.699464, R^2: 0.464611
GBDT_AE的BA值 ：-8.950313686552139
GBDT_AE :RMSD: 0.664937, P: 0.573506, R^2: 0.278968
GBDT_ECFP的BA值 ：-9.277544152985012
GBDT_ECFP :RMSD: 0.572464, P: 0.721819, R^2: 0.465572
GBDT_AE_BET的BA值    ：-9.003694743254613
GBDT_AE_BET    :RMSD: 0.608495, P: 0.652586, R^2: 0.396180
GBDT_AE_ECFP的BA值    ：-9.094047140278093
GBDT_AE_ECFP    :RMSD: 0.600086, P: 0.680155, R^2: 0.412753
GBDT_BET_ECFP的BA值    ：-9.187191755961532
GBDT_BET_ECFP    :RMSD: 0.560441, P: 0.723667, R^2: 0.487783
GBDT_AE_BET_ECFP的BA值    ：-9.094977879831411
GBDT_AE_BET_ECFP    :RMSD: 0.584969, P: 0.693440, R^2: 0.441968
fold= 7
>>>>>>>>>>>>>training.............
###############################################GBDT#####################################################
GBDT_BET的BA值：-8.82753963763695
GBDT_BET:RMSD: 0.946328, P: 0.707830, R^2: 0.359443
GBDT_AE的BA值 ：-9.537794130175293
GBDT_AE :RMSD: 0.735774, P: 0.898663, R^2: 0.612775
GBDT_ECFP的BA值 ：-9.524317989766091
GBDT_ECFP :RMSD: 0.817433, P: 0.756671, R^2: 0.522054
GBDT_AE_BET的BA值    ：-9.182666883906121
GBDT_AE_BET    :RMSD: 0.829800, P: 0.838983, R^2: 0.507483
GBDT_AE_ECFP的BA值    ：-9.240033197995807
GBDT_AE_ECFP    :RMSD: 0.750705, P: 0.866128, R^2: 0.596900
GBDT_BET_ECFP的BA值    ：-9.112829752399442
GBDT_BET_ECFP    :RMSD: 0.864923, P: 0.758408, R^2: 0.464907
GBDT_AE_BET_ECFP的BA值    ：-9.088028764500367
GBDT_AE_BET_ECFP    :RMSD: 0.809374, P: 0.833088, R^2: 0.531432
fold= 8
>>>>>>>>>>>>>training.............
###############################################GBDT#####################################################
GBDT_BET的BA值：-8.94387630764221
GBDT_BET:RMSD: 0.718339, P: 0.775152, R^2: 0.522024
GBDT_AE的BA值 ：-9.189762412579189
GBDT_AE :RMSD: 0.654797, P: 0.838480, R^2: 0.602844
GBDT_ECFP的BA值 ：-9.376685793460773
GBDT_ECFP :RMSD: 0.566588, P: 0.839615, R^2: 0.702640
GBDT_AE_BET的BA值    ：-9.0668193601107
GBDT_AE_BET    :RMSD: 0.674717, P: 0.828616, R^2: 0.578313
GBDT_AE_ECFP的BA值    ：-9.06899380893116
GBDT_AE_ECFP    :RMSD: 0.560877, P: 0.871821, R^2: 0.708605
GBDT_BET_ECFP的BA值    ：-8.84702226403944
GBDT_BET_ECFP    :RMSD: 0.586575, P: 0.860200, R^2: 0.681291
GBDT_AE_BET_ECFP的BA值    ：-8.961268980219357
GBDT_AE_BET_ECFP    :RMSD: 0.595333, P: 0.868527, R^2: 0.671703
fold= 9
>>>>>>>>>>>>>training.............
###############################################GBDT#####################################################
GBDT_BET的BA值：-8.622115525299161
GBDT_BET:RMSD: 0.616688, P: 0.648700, R^2: 0.358609
GBDT_AE的BA值 ：-8.865421675106047
GBDT_AE :RMSD: 0.635919, P: 0.659928, R^2: 0.317981
GBDT_ECFP的BA值 ：-9.185218174548794
GBDT_ECFP :RMSD: 0.748901, P: 0.533775, R^2: 0.054108
GBDT_AE_BET的BA值    ：-8.71702100710936
GBDT_AE_BET    :RMSD: 0.616773, P: 0.668044, R^2: 0.358431
GBDT_AE_ECFP的BA值    ：-8.897797564629508
GBDT_AE_ECFP    :RMSD: 0.669424, P: 0.610216, R^2: 0.244221
GBDT_BET_ECFP的BA值    ：-8.781453484394685
GBDT_BET_ECFP    :RMSD: 0.665461, P: 0.597597, R^2: 0.253142
GBDT_AE_BET_ECFP的BA值    ：-8.798757352044518
GBDT_AE_BET_ECFP    :RMSD: 0.644632, P: 0.629812, R^2: 0.299165
fold= 10
>>>>>>>>>>>>>training.............
###############################################GBDT#####################################################
GBDT_BET的BA值：-9.714128674543236
GBDT_BET:RMSD: 1.013800, P: 0.842098, R^2: 0.556497
GBDT_AE的BA值 ：-9.34833366469655
GBDT_AE :RMSD: 1.037934, P: 0.858114, R^2: 0.535130
GBDT_ECFP的BA值 ：-9.269377879154638
GBDT_ECFP :RMSD: 1.203033, P: 0.669274, R^2: 0.375478
GBDT_AE_BET的BA值    ：-9.531231169619893
GBDT_AE_BET    :RMSD: 1.019619, P: 0.860229, R^2: 0.551391
GBDT_AE_ECFP的BA值    ：-8.980773153616141
GBDT_AE_ECFP    :RMSD: 1.097006, P: 0.813645, R^2: 0.480710
GBDT_BET_ECFP的BA值    ：-9.094440713836907
GBDT_BET_ECFP    :RMSD: 1.082368, P: 0.808412, R^2: 0.494476
GBDT_AE_BET_ECFP的BA值    ：-9.179071697456788
GBDT_AE_BET_ECFP    :RMSD: 1.059658, P: 0.842224, R^2: 0.515467
@@@@@@@@@@@@@@@@@@@@@@@@@@@@@@@@@@@@@@@@@@@最终结果@@@@@@@@@@@@@@@@@@@@@@@@@@@@@@@@@@@@@@@@@@@@@@@@@@
@@@@@@@@@@@@@@@@@@@@@@@@@@@@@@@@@@@@@@@@@@@最终结果@@@@@@@@@@@@@@@@@@@@@@@@@@@@@@@@@@@@@@@@@@@@@@@@@@
%%%%%%%%%%%%%%%%%%%%%%%%%%%%%%%%%%%%%%%%%%%GBDT%%%%%%%%%%%%%%%%%%%%%%%%%%%%%%%%%%%%%%%%%%%%%%%%%%%%%%
GBDT_BET:0-th Final RMSD: 0.774415, Final P: 0.690040, Final R^2: 0.455484
GBDT_AE :0-th Final RMSD: 0.744277, Final P: 0.725778, Final R^2: 0.497041
GBDT_ECFP :0-th Final RMSD: 0.793224, Final P: 0.661860, Final R^2: 0.428712
GBDT_AE_BET    :0-th Final RMSD: 0.750476, Final P: 0.722758, Final R^2: 0.488627
GBDT_AE_ECFP    :0-th Final RMSD: 0.740078, Final P: 0.714061, Final R^2: 0.502700
GBDT_BET_ECFP    :0-th Final RMSD: 0.755870, Final P: 0.697118, Final R^2: 0.481250
GBDT_AE_BET_ECFP    :0-th Final RMSD: 0.741336, Final P: 0.719035, Final R^2: 0.501008
0-th GBDT_AE的BA值 ：-10.880485
0-th GBDT_BET的BA值：-10.498316
0-th GBDT_ECFP的BA值 ：-11.317356
0-th GBDT_AE_BET的BA值：-10.689401
0-th GBDT_AE_ECFP的BA值    ：-11.098902
0-th GBDT_BET_ECFP的BA值    ：-10.907818
0-th GBDT_AE_BET_ECFP的BA值    ：-10.898707
total time: 0.12599893318282232 h
