size of data: (538,)
size of train size: 430
GBDT parameter
Namespace(n_estimators=10000, dataset='CHEMBL4427', max_depth=7, learning_rate=0.01, criterion='friedman_mse', subsample=0.7, max_features='sqrt', min_samples_split=3, loss='ls', n_iter_no_change=None, random_seed=0)
fold= 1
>>>>>>>>>>>>>training.............
###############################################GBDT#####################################################
GBDT_BET的BA值：-12.081173851778535
GBDT_BET:RMSD: 0.957865, P: 0.879812, R^2: 0.689874
GBDT_AE的BA值 ：-12.009573731119694
GBDT_AE :RMSD: 0.946753, P: 0.893759, R^2: 0.697027
GBDT_ECFP的BA值 ：-12.422560197135809
GBDT_ECFP :RMSD: 0.660166, P: 0.926570, R^2: 0.852689
GBDT_AE_BET的BA值    ：-11.77924791794375
GBDT_AE_BET    :RMSD: 0.937050, P: 0.895659, R^2: 0.703205
GBDT_AE_ECFP的BA值    ：-12.216066964127752
GBDT_AE_ECFP    :RMSD: 0.759239, P: 0.921927, R^2: 0.805156
GBDT_BET_ECFP的BA值    ：-12.013224669498394
GBDT_BET_ECFP    :RMSD: 0.762040, P: 0.918692, R^2: 0.803716
GBDT_AE_BET_ECFP的BA值    ：-11.984040870199635
GBDT_AE_BET_ECFP    :RMSD: 0.809059, P: 0.916531, R^2: 0.778747
fold= 2
>>>>>>>>>>>>>training.............
###############################################GBDT#####################################################
GBDT_BET的BA值：-12.52849369573915
GBDT_BET:RMSD: 0.988558, P: 0.847205, R^2: 0.601128
GBDT_AE的BA值 ：-12.444612543447946
GBDT_AE :RMSD: 1.049329, P: 0.807609, R^2: 0.550579
GBDT_ECFP的BA值 ：-12.805367711959141
GBDT_ECFP :RMSD: 0.870316, P: 0.866992, R^2: 0.690840
GBDT_AE_BET的BA值    ：-12.486553119593548
GBDT_AE_BET    :RMSD: 1.007107, P: 0.835222, R^2: 0.586019
GBDT_AE_ECFP的BA值    ：-12.624990127703544
GBDT_AE_ECFP    :RMSD: 0.912959, P: 0.861404, R^2: 0.659802
GBDT_BET_ECFP的BA值    ：-12.666930703849147
GBDT_BET_ECFP    :RMSD: 0.892281, P: 0.872952, R^2: 0.675037
GBDT_AE_BET_ECFP的BA值    ：-12.592824650382079
GBDT_AE_BET_ECFP    :RMSD: 0.927356, P: 0.862447, R^2: 0.648987
fold= 3
>>>>>>>>>>>>>training.............
###############################################GBDT#####################################################
GBDT_BET的BA值：-12.292436221498846
GBDT_BET:RMSD: 1.049700, P: 0.875484, R^2: 0.685302
GBDT_AE的BA值 ：-12.28577319792045
GBDT_AE :RMSD: 1.100095, P: 0.857248, R^2: 0.654360
GBDT_ECFP的BA值 ：-13.402385665092547
GBDT_ECFP :RMSD: 0.994099, P: 0.849375, R^2: 0.717757
GBDT_AE_BET的BA值    ：-12.289104709709648
GBDT_AE_BET    :RMSD: 1.060516, P: 0.874556, R^2: 0.678783
GBDT_AE_ECFP的BA值    ：-12.844079431506499
GBDT_AE_ECFP    :RMSD: 1.005217, P: 0.862731, R^2: 0.711409
GBDT_BET_ECFP的BA值    ：-12.847410943295696
GBDT_BET_ECFP    :RMSD: 0.961970, P: 0.879079, R^2: 0.735706
GBDT_AE_BET_ECFP的BA值    ：-12.660198361503946
GBDT_AE_BET_ECFP    :RMSD: 0.996765, P: 0.876377, R^2: 0.716241
fold= 4
>>>>>>>>>>>>>training.............
###############################################GBDT#####################################################
GBDT_BET的BA值：-12.1434981824134
GBDT_BET:RMSD: 0.956235, P: 0.841991, R^2: 0.674809
GBDT_AE的BA值 ：-11.719570033608822
GBDT_AE :RMSD: 0.961373, P: 0.850983, R^2: 0.671305
GBDT_ECFP的BA值 ：-12.1588030366967
GBDT_ECFP :RMSD: 0.818148, P: 0.875664, R^2: 0.761948
GBDT_AE_BET的BA值    ：-11.93153410801111
GBDT_AE_BET    :RMSD: 0.949311, P: 0.852399, R^2: 0.679501
GBDT_AE_ECFP的BA值    ：-11.929217829456
GBDT_AE_ECFP    :RMSD: 0.856163, P: 0.876662, R^2: 0.739312
GBDT_BET_ECFP的BA值    ：-12.141181903858289
GBDT_BET_ECFP    :RMSD: 0.859007, P: 0.871561, R^2: 0.737577
GBDT_AE_BET_ECFP的BA值    ：-12.000644613775131
GBDT_AE_BET_ECFP    :RMSD: 0.880682, P: 0.870935, R^2: 0.724166
fold= 5
>>>>>>>>>>>>>training.............
###############################################GBDT#####################################################
GBDT_BET的BA值：-12.372699312605345
GBDT_BET:RMSD: 0.910854, P: 0.881780, R^2: 0.744692
GBDT_AE的BA值 ：-12.359797625174702
GBDT_AE :RMSD: 0.977306, P: 0.864044, R^2: 0.706081
GBDT_ECFP的BA值 ：-12.980578484432348
GBDT_ECFP :RMSD: 0.956201, P: 0.849505, R^2: 0.718639
GBDT_AE_BET的BA值    ：-12.269477437860273
GBDT_AE_BET    :RMSD: 0.932858, P: 0.879017, R^2: 0.732208
GBDT_AE_ECFP的BA值    ：-12.663212873575505
GBDT_AE_ECFP    :RMSD: 0.936039, P: 0.863962, R^2: 0.730379
GBDT_BET_ECFP的BA值    ：-12.59634467920688
GBDT_BET_ECFP    :RMSD: 0.900429, P: 0.874262, R^2: 0.750503
GBDT_AE_BET_ECFP的BA值    ：-12.489546258113911
GBDT_AE_BET_ECFP    :RMSD: 0.914669, P: 0.875100, R^2: 0.742549
fold= 6
>>>>>>>>>>>>>training.............
###############################################GBDT#####################################################
GBDT_BET的BA值：-12.932650607540435
GBDT_BET:RMSD: 1.051179, P: 0.821546, R^2: 0.655168
GBDT_AE的BA值 ：-12.854997536251158
GBDT_AE :RMSD: 1.041442, P: 0.834241, R^2: 0.661528
GBDT_ECFP的BA值 ：-13.683080734849998
GBDT_ECFP :RMSD: 1.095674, P: 0.801712, R^2: 0.625358
GBDT_AE_BET的BA值    ：-12.893824071895796
GBDT_AE_BET    :RMSD: 1.040136, P: 0.830682, R^2: 0.662376
GBDT_AE_ECFP的BA值    ：-13.269039135550578
GBDT_AE_ECFP    :RMSD: 1.002736, P: 0.839963, R^2: 0.686219
GBDT_BET_ECFP的BA值    ：-13.307865671195216
GBDT_BET_ECFP    :RMSD: 1.008088, P: 0.835116, R^2: 0.682860
GBDT_AE_BET_ECFP的BA值    ：-13.156909626213865
GBDT_AE_BET_ECFP    :RMSD: 1.001351, P: 0.842058, R^2: 0.687085
fold= 7
>>>>>>>>>>>>>training.............
###############################################GBDT#####################################################
GBDT_BET的BA值：-12.94269673652271
GBDT_BET:RMSD: 0.807956, P: 0.892768, R^2: 0.775679
GBDT_AE的BA值 ：-12.405504186536602
GBDT_AE :RMSD: 0.799596, P: 0.903220, R^2: 0.780297
GBDT_ECFP的BA值 ：-13.901810213737567
GBDT_ECFP :RMSD: 0.754919, P: 0.898754, R^2: 0.804163
GBDT_AE_BET的BA值    ：-12.674100461529655
GBDT_AE_BET    :RMSD: 0.790696, P: 0.903597, R^2: 0.785161
GBDT_AE_ECFP的BA值    ：-13.153657200137085
GBDT_AE_ECFP    :RMSD: 0.724942, P: 0.912697, R^2: 0.819407
GBDT_BET_ECFP的BA值    ：-13.422253475130137
GBDT_BET_ECFP    :RMSD: 0.725068, P: 0.911060, R^2: 0.819344
GBDT_AE_BET_ECFP的BA值    ：-13.08333704559896
GBDT_AE_BET_ECFP    :RMSD: 0.733622, P: 0.913398, R^2: 0.815057
fold= 8
>>>>>>>>>>>>>training.............
###############################################GBDT#####################################################
GBDT_BET的BA值：-12.359463628797966
GBDT_BET:RMSD: 0.818242, P: 0.890473, R^2: 0.771209
GBDT_AE的BA值 ：-11.934982292919981
GBDT_AE :RMSD: 0.920300, P: 0.880331, R^2: 0.710576
GBDT_ECFP的BA值 ：-12.934152507422857
GBDT_ECFP :RMSD: 0.814540, P: 0.883000, R^2: 0.773275
GBDT_AE_BET的BA值    ：-12.088449210981484
GBDT_AE_BET    :RMSD: 0.853532, P: 0.891529, R^2: 0.751048
GBDT_AE_ECFP的BA值    ：-12.319216139939131
GBDT_AE_ECFP    :RMSD: 0.792551, P: 0.892175, R^2: 0.785350
GBDT_BET_ECFP的BA值    ：-12.646808068110412
GBDT_BET_ECFP    :RMSD: 0.762999, P: 0.896523, R^2: 0.801059
GBDT_AE_BET_ECFP的BA值    ：-12.323996501708526
GBDT_AE_BET_ECFP    :RMSD: 0.787072, P: 0.896786, R^2: 0.788308
fold= 9
>>>>>>>>>>>>>training.............
###############################################GBDT#####################################################
GBDT_BET的BA值：-12.692827924148359
GBDT_BET:RMSD: 0.993710, P: 0.826138, R^2: 0.672201
GBDT_AE的BA值 ：-12.78270678622428
GBDT_AE :RMSD: 1.022901, P: 0.811508, R^2: 0.652660
GBDT_ECFP的BA值 ：-13.659454371876803
GBDT_ECFP :RMSD: 0.979989, P: 0.829800, R^2: 0.681191
GBDT_AE_BET的BA值    ：-12.697191129732836
GBDT_AE_BET    :RMSD: 0.999968, P: 0.823066, R^2: 0.668060
GBDT_AE_ECFP的BA值    ：-13.221080579050541
GBDT_AE_ECFP    :RMSD: 0.970923, P: 0.829081, R^2: 0.687063
GBDT_BET_ECFP的BA值    ：-13.13637024855431
GBDT_BET_ECFP    :RMSD: 0.951045, P: 0.836938, R^2: 0.699745
GBDT_AE_BET_ECFP的BA值    ：-12.991431610808645
GBDT_AE_BET_ECFP    :RMSD: 0.965763, P: 0.832417, R^2: 0.690380
fold= 10
>>>>>>>>>>>>>training.............
###############################################GBDT#####################################################
GBDT_BET的BA值：-12.033496244973053
GBDT_BET:RMSD: 0.990459, P: 0.791832, R^2: 0.606733
GBDT_AE的BA值 ：-12.090982069237922
GBDT_AE :RMSD: 0.960990, P: 0.808914, R^2: 0.629786
GBDT_ECFP的BA值 ：-12.933065692839659
GBDT_ECFP :RMSD: 0.804093, P: 0.864841, R^2: 0.740805
GBDT_AE_BET的BA值    ：-12.062239157105488
GBDT_AE_BET    :RMSD: 0.961739, P: 0.807835, R^2: 0.629209
GBDT_AE_ECFP的BA值    ：-12.29943152541831
GBDT_AE_ECFP    :RMSD: 0.827672, P: 0.863023, R^2: 0.725380
GBDT_BET_ECFP的BA值    ：-12.333329041722688
GBDT_BET_ECFP    :RMSD: 0.843454, P: 0.857298, R^2: 0.714808
GBDT_AE_BET_ECFP的BA值    ：-12.210786431936556
GBDT_AE_BET_ECFP    :RMSD: 0.865031, P: 0.851053, R^2: 0.700030
@@@@@@@@@@@@@@@@@@@@@@@@@@@@@@@@@@@@@@@@@@@最终结果@@@@@@@@@@@@@@@@@@@@@@@@@@@@@@@@@@@@@@@@@@@@@@@@@@
@@@@@@@@@@@@@@@@@@@@@@@@@@@@@@@@@@@@@@@@@@@最终结果@@@@@@@@@@@@@@@@@@@@@@@@@@@@@@@@@@@@@@@@@@@@@@@@@@
%%%%%%%%%%%%%%%%%%%%%%%%%%%%%%%%%%%%%%%%%%%GBDT%%%%%%%%%%%%%%%%%%%%%%%%%%%%%%%%%%%%%%%%%%%%%%%%%%%%%%
GBDT_BET:0-th Final RMSD: 0.955709, Final P: 0.849075, Final R^2: 0.700236
GBDT_AE :0-th Final RMSD: 0.981169, Final P: 0.844259, Final R^2: 0.684052
GBDT_ECFP :0-th Final RMSD: 0.883468, Final P: 0.863322, Final R^2: 0.743841
GBDT_AE_BET    :0-th Final RMSD: 0.956407, Final P: 0.853257, Final R^2: 0.699798
GBDT_AE_ECFP    :0-th Final RMSD: 0.884040, Final P: 0.869187, Final R^2: 0.743509
GBDT_BET_ECFP    :0-th Final RMSD: 0.871157, Final P: 0.872476, Final R^2: 0.750931
GBDT_AE_BET_ECFP    :0-th Final RMSD: 0.892191, Final P: 0.869958, Final R^2: 0.738758
0-th GBDT_AE的BA值 ：-12.854998
0-th GBDT_BET的BA值：-12.942697
0-th GBDT_ECFP的BA值 ：-13.901810
0-th GBDT_AE_BET的BA值：-12.893824
0-th GBDT_AE_ECFP的BA值    ：-13.269039
0-th GBDT_BET_ECFP的BA值    ：-13.422253
0-th GBDT_AE_BET_ECFP的BA值    ：-13.156910
total time: 0.2506984210014343 h
