size of data: (289,)
size of train size: 231
GBDT parameter
Namespace(n_estimators=10000, dataset='CHEMBL2778', max_depth=7, learning_rate=0.01, criterion='friedman_mse', subsample=0.7, max_features='sqrt', min_samples_split=3, loss='ls', n_iter_no_change=None, random_seed=0)
fold= 1
>>>>>>>>>>>>>training.............
###############################################GBDT#####################################################
GBDT_BET的BA值：-12.179474120357384
GBDT_BET:RMSD: 0.924319, P: 0.867500, R^2: 0.737360
GBDT_AE的BA值 ：-11.612387693735435
GBDT_AE :RMSD: 0.949227, P: 0.862177, R^2: 0.723014
GBDT_ECFP的BA值 ：-12.573700381392698
GBDT_ECFP :RMSD: 0.913592, P: 0.878319, R^2: 0.743421
GBDT_AE_BET的BA值    ：-11.89593090704641
GBDT_AE_BET    :RMSD: 0.922698, P: 0.869508, R^2: 0.738281
GBDT_AE_ECFP的BA值    ：-12.093044037564066
GBDT_AE_ECFP    :RMSD: 0.882161, P: 0.884786, R^2: 0.760772
GBDT_BET_ECFP的BA值    ：-12.37658725087504
GBDT_BET_ECFP    :RMSD: 0.879197, P: 0.886096, R^2: 0.762377
GBDT_AE_BET_ECFP的BA值    ：-12.12185406516184
GBDT_AE_BET_ECFP    :RMSD: 0.883190, P: 0.884076, R^2: 0.760213
fold= 2
>>>>>>>>>>>>>training.............
###############################################GBDT#####################################################
GBDT_BET的BA值：-11.75187748333377
GBDT_BET:RMSD: 1.157884, P: 0.834274, R^2: 0.676372
GBDT_AE的BA值 ：-11.86398240312624
GBDT_AE :RMSD: 1.197508, P: 0.824130, R^2: 0.653843
GBDT_ECFP的BA值 ：-12.111672714505234
GBDT_ECFP :RMSD: 1.256778, P: 0.803571, R^2: 0.618730
GBDT_AE_BET的BA值    ：-11.807929943230004
GBDT_AE_BET    :RMSD: 1.164195, P: 0.835249, R^2: 0.672834
GBDT_AE_ECFP的BA值    ：-11.538582239845415
GBDT_AE_ECFP    :RMSD: 1.158071, P: 0.832809, R^2: 0.676267
GBDT_BET_ECFP的BA值    ：-11.44504865917133
GBDT_BET_ECFP    :RMSD: 1.160458, P: 0.832502, R^2: 0.674932
GBDT_AE_BET_ECFP的BA值    ：-11.584693240489633
GBDT_AE_BET_ECFP    :RMSD: 1.145928, P: 0.838512, R^2: 0.683021
fold= 3
>>>>>>>>>>>>>training.............
###############################################GBDT#####################################################
GBDT_BET的BA值：-11.413078797170378
GBDT_BET:RMSD: 1.055224, P: 0.794350, R^2: 0.621496
GBDT_AE的BA值 ：-10.957872764184277
GBDT_AE :RMSD: 0.994247, P: 0.837371, R^2: 0.663976
GBDT_ECFP的BA值 ：-11.660959445258047
GBDT_ECFP :RMSD: 1.026479, P: 0.805726, R^2: 0.641836
GBDT_AE_BET的BA值    ：-11.006854220870608
GBDT_AE_BET    :RMSD: 1.009508, P: 0.821007, R^2: 0.653581
GBDT_AE_ECFP的BA值    ：-11.232026685535459
GBDT_AE_ECFP    :RMSD: 0.965557, P: 0.829147, R^2: 0.683089
GBDT_BET_ECFP的BA值    ：-11.405109313065553
GBDT_BET_ECFP    :RMSD: 1.018409, P: 0.805471, R^2: 0.647446
GBDT_AE_BET_ECFP的BA值    ：-11.211412010840528
GBDT_AE_BET_ECFP    :RMSD: 0.988746, P: 0.820575, R^2: 0.667684
fold= 4
>>>>>>>>>>>>>training.............
###############################################GBDT#####################################################
GBDT_BET的BA值：-11.432191971823936
GBDT_BET:RMSD: 1.082040, P: 0.779990, R^2: 0.574418
GBDT_AE的BA值 ：-11.187279188390466
GBDT_AE :RMSD: 1.088412, P: 0.779151, R^2: 0.569391
GBDT_ECFP的BA值 ：-12.0925587802082
GBDT_ECFP :RMSD: 1.169362, P: 0.741995, R^2: 0.502956
GBDT_AE_BET的BA值    ：-11.29876110051457
GBDT_AE_BET    :RMSD: 1.073296, P: 0.786228, R^2: 0.581269
GBDT_AE_ECFP的BA值    ：-11.480919805395947
GBDT_AE_ECFP    :RMSD: 1.077491, P: 0.764929, R^2: 0.577989
GBDT_BET_ECFP的BA值    ：-11.578020494043823
GBDT_BET_ECFP    :RMSD: 1.069125, P: 0.769379, R^2: 0.584517
GBDT_AE_BET_ECFP的BA值    ：-11.44045707243095
GBDT_AE_BET_ECFP    :RMSD: 1.059405, P: 0.775874, R^2: 0.592037
fold= 5
>>>>>>>>>>>>>training.............
###############################################GBDT#####################################################
GBDT_BET的BA值：-11.200568312066501
GBDT_BET:RMSD: 1.213053, P: 0.586152, R^2: 0.248024
GBDT_AE的BA值 ：-11.308037195523738
GBDT_AE :RMSD: 1.161479, P: 0.621664, R^2: 0.310606
GBDT_ECFP的BA值 ：-11.543222371342276
GBDT_ECFP :RMSD: 1.348921, P: 0.574404, R^2: 0.070140
GBDT_AE_BET的BA值    ：-11.25430275379512
GBDT_AE_BET    :RMSD: 1.173996, P: 0.614967, R^2: 0.295667
GBDT_AE_ECFP的BA值    ：-11.425629783433006
GBDT_AE_ECFP    :RMSD: 1.233516, P: 0.608759, R^2: 0.222439
GBDT_BET_ECFP的BA值    ：-11.371895341704388
GBDT_BET_ECFP    :RMSD: 1.251840, P: 0.598449, R^2: 0.199167
GBDT_AE_BET_ECFP的BA值    ：-11.350609292977504
GBDT_AE_BET_ECFP    :RMSD: 1.212326, P: 0.612292, R^2: 0.248925
fold= 6
>>>>>>>>>>>>>training.............
###############################################GBDT#####################################################
GBDT_BET的BA值：-11.60766263930292
GBDT_BET:RMSD: 0.840625, P: 0.924343, R^2: 0.749052
GBDT_AE的BA值 ：-11.769724080082376
GBDT_AE :RMSD: 0.744417, P: 0.940130, R^2: 0.803206
GBDT_ECFP的BA值 ：-12.544758515880574
GBDT_ECFP :RMSD: 0.812072, P: 0.891962, R^2: 0.765810
GBDT_AE_BET的BA值    ：-11.549132882976561
GBDT_AE_BET    :RMSD: 0.778934, P: 0.938514, R^2: 0.784533
GBDT_AE_ECFP的BA值    ：-12.157241297981475
GBDT_AE_ECFP    :RMSD: 0.721332, P: 0.926988, R^2: 0.815222
GBDT_BET_ECFP的BA值    ：-11.93665010087566
GBDT_BET_ECFP    :RMSD: 0.755377, P: 0.924176, R^2: 0.797368
GBDT_AE_BET_ECFP的BA值    ：-11.881008093944565
GBDT_AE_BET_ECFP    :RMSD: 0.735629, P: 0.934363, R^2: 0.807825
fold= 7
>>>>>>>>>>>>>training.............
###############################################GBDT#####################################################
GBDT_BET的BA值：-11.142929398477598
GBDT_BET:RMSD: 0.948395, P: 0.848360, R^2: 0.678214
GBDT_AE的BA值 ：-11.28003665040156
GBDT_AE :RMSD: 1.032214, P: 0.824418, R^2: 0.618821
GBDT_ECFP的BA值 ：-12.043001618334944
GBDT_ECFP :RMSD: 1.054553, P: 0.795449, R^2: 0.602144
GBDT_AE_BET的BA值    ：-11.117995155255892
GBDT_AE_BET    :RMSD: 0.973680, P: 0.849482, R^2: 0.660827
GBDT_AE_ECFP的BA值    ：-11.360613902772892
GBDT_AE_ECFP    :RMSD: 0.979431, P: 0.839826, R^2: 0.656809
GBDT_BET_ECFP的BA值    ：-11.281566899617555
GBDT_BET_ECFP    :RMSD: 0.943205, P: 0.846539, R^2: 0.681726
GBDT_AE_BET_ECFP的BA值    ：-11.172273915994666
GBDT_AE_BET_ECFP    :RMSD: 0.949321, P: 0.854350, R^2: 0.677585
fold= 8
>>>>>>>>>>>>>training.............
###############################################GBDT#####################################################
GBDT_BET的BA值：-11.490324578713974
GBDT_BET:RMSD: 1.224519, P: 0.829749, R^2: 0.664733
GBDT_AE的BA值 ：-11.615607426572783
GBDT_AE :RMSD: 1.283432, P: 0.807204, R^2: 0.631697
GBDT_ECFP的BA值 ：-12.70649019182665
GBDT_ECFP :RMSD: 1.470588, P: 0.727080, R^2: 0.516450
GBDT_AE_BET的BA值    ：-11.552966002643378
GBDT_AE_BET    :RMSD: 1.248929, P: 0.820732, R^2: 0.651233
GBDT_AE_ECFP的BA值    ：-12.059277767233345
GBDT_AE_ECFP    :RMSD: 1.364458, P: 0.770663, R^2: 0.583725
GBDT_BET_ECFP的BA值    ：-11.644625134510425
GBDT_BET_ECFP    :RMSD: 1.330192, P: 0.783499, R^2: 0.604371
GBDT_AE_BET_ECFP的BA值    ：-11.567105203886962
GBDT_AE_BET_ECFP    :RMSD: 1.310413, P: 0.793048, R^2: 0.616049
fold= 9
>>>>>>>>>>>>>training.............
###############################################GBDT#####################################################
GBDT_BET的BA值：-12.053650692319902
GBDT_BET:RMSD: 0.777722, P: 0.915514, R^2: 0.807197
GBDT_AE的BA值 ：-11.968336670404113
GBDT_AE :RMSD: 0.933868, P: 0.867584, R^2: 0.722005
GBDT_ECFP的BA值 ：-11.771648634944086
GBDT_ECFP :RMSD: 0.985629, P: 0.843323, R^2: 0.690335
GBDT_AE_BET的BA值    ：-12.010993681362008
GBDT_AE_BET    :RMSD: 0.846110, P: 0.896963, R^2: 0.771798
GBDT_AE_ECFP的BA值    ：-11.8699926526741
GBDT_AE_ECFP    :RMSD: 0.939696, P: 0.862380, R^2: 0.718525
GBDT_BET_ECFP的BA值    ：-11.912649663631994
GBDT_BET_ECFP    :RMSD: 0.855986, P: 0.889560, R^2: 0.766440
GBDT_AE_BET_ECFP的BA值    ：-11.931211999222702
GBDT_AE_BET_ECFP    :RMSD: 0.874207, P: 0.885621, R^2: 0.756391
fold= 10
>>>>>>>>>>>>>training.............
###############################################GBDT#####################################################
GBDT_BET的BA值：-11.15393132402713
GBDT_BET:RMSD: 1.009305, P: 0.856540, R^2: 0.683494
GBDT_AE的BA值 ：-11.211428315379159
GBDT_AE :RMSD: 1.127418, P: 0.831299, R^2: 0.605081
GBDT_ECFP的BA值 ：-11.487561626679614
GBDT_ECFP :RMSD: 1.077572, P: 0.806478, R^2: 0.639230
GBDT_AE_BET的BA值    ：-11.17077791295437
GBDT_AE_BET    :RMSD: 1.043170, P: 0.859679, R^2: 0.661898
GBDT_AE_ECFP的BA值    ：-11.349494971029387
GBDT_AE_ECFP    :RMSD: 1.019098, P: 0.835903, R^2: 0.677322
GBDT_BET_ECFP的BA值    ：-11.308844568604597
GBDT_BET_ECFP    :RMSD: 0.997558, P: 0.837920, R^2: 0.690818
GBDT_AE_BET_ECFP的BA值    ：-11.276372484196116
GBDT_AE_BET_ECFP    :RMSD: 1.002032, P: 0.848645, R^2: 0.688038
@@@@@@@@@@@@@@@@@@@@@@@@@@@@@@@@@@@@@@@@@@@最终结果@@@@@@@@@@@@@@@@@@@@@@@@@@@@@@@@@@@@@@@@@@@@@@@@@@
@@@@@@@@@@@@@@@@@@@@@@@@@@@@@@@@@@@@@@@@@@@最终结果@@@@@@@@@@@@@@@@@@@@@@@@@@@@@@@@@@@@@@@@@@@@@@@@@@
%%%%%%%%%%%%%%%%%%%%%%%%%%%%%%%%%%%%%%%%%%%GBDT%%%%%%%%%%%%%%%%%%%%%%%%%%%%%%%%%%%%%%%%%%%%%%%%%%%%%%
GBDT_BET:0-th Final RMSD: 1.033522, Final P: 0.828193, Final R^2: 0.674124
GBDT_AE :0-th Final RMSD: 1.061238, Final P: 0.821868, Final R^2: 0.656411
GBDT_ECFP :0-th Final RMSD: 1.128071, Final P: 0.786216, Final R^2: 0.611773
GBDT_AE_BET    :0-th Final RMSD: 1.033154, Final P: 0.832535, Final R^2: 0.674356
GBDT_AE_ECFP    :0-th Final RMSD: 1.048773, Final P: 0.818094, Final R^2: 0.664435
GBDT_BET_ECFP    :0-th Final RMSD: 1.040550, Final P: 0.819999, Final R^2: 0.669677
GBDT_AE_BET_ECFP    :0-th Final RMSD: 1.029204, Final P: 0.827955, Final R^2: 0.676840
0-th GBDT_AE的BA值 ：-11.968337
0-th GBDT_BET的BA值：-12.179474
0-th GBDT_ECFP的BA值 ：-12.706490
0-th GBDT_AE_BET的BA值：-12.010994
0-th GBDT_AE_ECFP的BA值    ：-12.157241
0-th GBDT_BET_ECFP的BA值    ：-12.376587
0-th GBDT_AE_BET_ECFP的BA值    ：-12.121854
total time: 0.135104401840104 h
