size of data: (4601,)
size of train size: 3680
GBDT parameter
Namespace(n_estimators=10000, dataset='CHEMBL2147', max_depth=8, learning_rate=0.01, criterion='friedman_mse', subsample=0.5, max_features='sqrt', min_samples_split=4, loss='ls', n_iter_no_change=None, random_seed=0)
fold= 1
>>>>>>>>>>>>>training.............
###############################################GBDT#####################################################
GBDT_BET的BA值：-14.629571423543442
GBDT_BET:RMSD: 0.937790, P: 0.906354, R^2: 0.815254
GBDT_AE的BA值 ：-13.898019639552624
GBDT_AE :RMSD: 1.051426, P: 0.896813, R^2: 0.767769
GBDT_ECFP的BA值 ：-15.154689210525692
GBDT_ECFP :RMSD: 0.932041, P: 0.904574, R^2: 0.817512
GBDT_AE_BET的BA值    ：-14.03783357876786
GBDT_AE_BET    :RMSD: 0.966492, P: 0.907575, R^2: 0.803772
GBDT_AE_ECFP的BA值    ：-14.252370871408523
GBDT_AE_ECFP    :RMSD: 0.918848, P: 0.912394, R^2: 0.822642
GBDT_BET_ECFP的BA值    ：-14.799585653110771
GBDT_BET_ECFP    :RMSD: 0.884786, P: 0.915179, R^2: 0.835548
GBDT_AE_BET_ECFP的BA值    ：-14.363263367762384
GBDT_AE_BET_ECFP    :RMSD: 0.906231, P: 0.915017, R^2: 0.827479
fold= 2
>>>>>>>>>>>>>training.............
###############################################GBDT#####################################################
GBDT_BET的BA值：-14.92939603560023
GBDT_BET:RMSD: 0.925609, P: 0.907852, R^2: 0.818354
GBDT_AE的BA值 ：-14.258030325361402
GBDT_AE :RMSD: 0.976871, P: 0.905769, R^2: 0.797677
GBDT_ECFP的BA值 ：-14.992554740943417
GBDT_ECFP :RMSD: 0.835144, P: 0.923432, R^2: 0.852126
GBDT_AE_BET的BA值    ：-14.593713180480815
GBDT_AE_BET    :RMSD: 0.926378, P: 0.913018, R^2: 0.818052
GBDT_AE_ECFP的BA值    ：-14.597804859430017
GBDT_AE_ECFP    :RMSD: 0.838665, P: 0.929147, R^2: 0.850876
GBDT_BET_ECFP的BA值    ：-14.933487714549432
GBDT_BET_ECFP    :RMSD: 0.831207, P: 0.926439, R^2: 0.853516
GBDT_AE_BET_ECFP的BA值    ：-14.708335251486757
GBDT_AE_BET_ECFP    :RMSD: 0.849919, P: 0.926603, R^2: 0.846847
fold= 3
>>>>>>>>>>>>>training.............
###############################################GBDT#####################################################
GBDT_BET的BA值：-14.666857958124758
GBDT_BET:RMSD: 0.944970, P: 0.912713, R^2: 0.822427
GBDT_AE的BA值 ：-14.228725692912933
GBDT_AE :RMSD: 1.001959, P: 0.906581, R^2: 0.800363
GBDT_ECFP的BA值 ：-15.123281223947846
GBDT_ECFP :RMSD: 0.872789, P: 0.921425, R^2: 0.848519
GBDT_AE_BET的BA值    ：-14.285873982455332
GBDT_AE_BET    :RMSD: 0.947232, P: 0.915557, R^2: 0.821576
GBDT_AE_ECFP的BA值    ：-14.510606047244437
GBDT_AE_ECFP    :RMSD: 0.865954, P: 0.928026, R^2: 0.850882
GBDT_BET_ECFP的BA值    ：-14.761284620933424
GBDT_BET_ECFP    :RMSD: 0.859168, P: 0.926888, R^2: 0.853210
GBDT_AE_BET_ECFP的BA值    ：-14.477806595815204
GBDT_AE_BET_ECFP    :RMSD: 0.874486, P: 0.927045, R^2: 0.847929
fold= 4
>>>>>>>>>>>>>training.............
###############################################GBDT#####################################################
GBDT_BET的BA值：-14.64713266834584
GBDT_BET:RMSD: 0.903679, P: 0.916210, R^2: 0.829837
GBDT_AE的BA值 ：-13.924361588288871
GBDT_AE :RMSD: 1.002231, P: 0.909161, R^2: 0.790698
GBDT_ECFP的BA值 ：-14.794156265733896
GBDT_ECFP :RMSD: 0.836465, P: 0.924689, R^2: 0.854208
GBDT_AE_BET的BA值    ：-14.285747128317356
GBDT_AE_BET    :RMSD: 0.929554, P: 0.918176, R^2: 0.819953
GBDT_AE_ECFP的BA值    ：-14.218905503436165
GBDT_AE_ECFP    :RMSD: 0.854645, P: 0.930320, R^2: 0.847802
GBDT_BET_ECFP的BA值    ：-14.552721405417165
GBDT_BET_ECFP    :RMSD: 0.811548, P: 0.932778, R^2: 0.862764
GBDT_AE_BET_ECFP的BA值    ：-14.343268133041066
GBDT_AE_BET_ECFP    :RMSD: 0.849289, P: 0.930936, R^2: 0.849704
fold= 5
>>>>>>>>>>>>>training.............
###############################################GBDT#####################################################
GBDT_BET的BA值：-14.605731159524815
GBDT_BET:RMSD: 0.991070, P: 0.898476, R^2: 0.799074
GBDT_AE的BA值 ：-14.178370272876517
GBDT_AE :RMSD: 0.996755, P: 0.899615, R^2: 0.796762
GBDT_ECFP的BA值 ：-15.219972169816028
GBDT_ECFP :RMSD: 0.903838, P: 0.912900, R^2: 0.832888
GBDT_AE_BET的BA值    ：-14.345926095924536
GBDT_AE_BET    :RMSD: 0.971577, P: 0.904765, R^2: 0.806900
GBDT_AE_ECFP的BA值    ：-14.639875623112147
GBDT_AE_ECFP    :RMSD: 0.880664, P: 0.921059, R^2: 0.841347
GBDT_BET_ECFP的BA值    ：-14.870408740284176
GBDT_BET_ECFP    :RMSD: 0.890604, P: 0.917892, R^2: 0.837746
GBDT_AE_BET_ECFP的BA值    ：-14.59774438839895
GBDT_AE_BET_ECFP    :RMSD: 0.898033, P: 0.918525, R^2: 0.835027
fold= 6
>>>>>>>>>>>>>training.............
###############################################GBDT#####################################################
GBDT_BET的BA值：-14.715912546676616
GBDT_BET:RMSD: 0.898932, P: 0.911637, R^2: 0.826362
GBDT_AE的BA值 ：-14.106483196143465
GBDT_AE :RMSD: 0.981514, P: 0.903773, R^2: 0.792993
GBDT_ECFP的BA值 ：-14.883042706132484
GBDT_ECFP :RMSD: 0.854998, P: 0.918194, R^2: 0.842920
GBDT_AE_BET的BA值    ：-14.33159947735323
GBDT_AE_BET    :RMSD: 0.912021, P: 0.913878, R^2: 0.821269
GBDT_AE_ECFP的BA值    ：-14.378265188279642
GBDT_AE_ECFP    :RMSD: 0.852676, P: 0.923379, R^2: 0.843772
GBDT_BET_ECFP的BA值    ：-14.759721896968998
GBDT_BET_ECFP    :RMSD: 0.831727, P: 0.924143, R^2: 0.851354
GBDT_AE_BET_ECFP的BA值    ：-14.446421161040659
GBDT_AE_BET_ECFP    :RMSD: 0.849834, P: 0.923735, R^2: 0.844812
fold= 7
>>>>>>>>>>>>>training.............
###############################################GBDT#####################################################
GBDT_BET的BA值：-14.758854806924361
GBDT_BET:RMSD: 0.872558, P: 0.923691, R^2: 0.842269
GBDT_AE的BA值 ：-14.639420719864006
GBDT_AE :RMSD: 0.885538, P: 0.924289, R^2: 0.837541
GBDT_ECFP的BA值 ：-14.965973928272337
GBDT_ECFP :RMSD: 0.828987, P: 0.926647, R^2: 0.857628
GBDT_AE_BET的BA值    ：-14.522294281211604
GBDT_AE_BET    :RMSD: 0.857671, P: 0.929278, R^2: 0.847605
GBDT_AE_ECFP的BA值    ：-14.802697324068172
GBDT_AE_ECFP    :RMSD: 0.802105, P: 0.936179, R^2: 0.866712
GBDT_BET_ECFP的BA值    ：-14.68615223697347
GBDT_BET_ECFP    :RMSD: 0.803038, P: 0.934565, R^2: 0.866402
GBDT_AE_BET_ECFP的BA值    ：-14.664189988078327
GBDT_AE_BET_ECFP    :RMSD: 0.807095, P: 0.936353, R^2: 0.865049
fold= 8
>>>>>>>>>>>>>training.............
###############################################GBDT#####################################################
GBDT_BET的BA值：-14.566218245466215
GBDT_BET:RMSD: 0.947654, P: 0.907916, R^2: 0.814572
GBDT_AE的BA值 ：-14.339794610272982
GBDT_AE :RMSD: 1.000128, P: 0.897218, R^2: 0.793468
GBDT_ECFP的BA值 ：-14.735449379083482
GBDT_ECFP :RMSD: 0.876180, P: 0.917766, R^2: 0.841488
GBDT_AE_BET的BA值    ：-14.322615622673014
GBDT_AE_BET    :RMSD: 0.950762, P: 0.908862, R^2: 0.813354
GBDT_AE_ECFP的BA值    ：-14.466713034583861
GBDT_AE_ECFP    :RMSD: 0.878513, P: 0.920548, R^2: 0.840643
GBDT_BET_ECFP的BA值    ：-14.616176558181085
GBDT_BET_ECFP    :RMSD: 0.869607, P: 0.921495, R^2: 0.843857
GBDT_AE_BET_ECFP的BA值    ：-14.442111902495343
GBDT_AE_BET_ECFP    :RMSD: 0.885802, P: 0.920266, R^2: 0.837987
fold= 9
>>>>>>>>>>>>>training.............
###############################################GBDT#####################################################
GBDT_BET的BA值：-14.625160261660145
GBDT_BET:RMSD: 0.966084, P: 0.906658, R^2: 0.810112
GBDT_AE的BA值 ：-14.104184985328152
GBDT_AE :RMSD: 0.987302, P: 0.913626, R^2: 0.801679
GBDT_ECFP的BA值 ：-15.370316955877588
GBDT_ECFP :RMSD: 0.865658, P: 0.921075, R^2: 0.847538
GBDT_AE_BET的BA值    ：-14.249612624916828
GBDT_AE_BET    :RMSD: 0.954686, P: 0.915857, R^2: 0.814566
GBDT_AE_ECFP的BA值    ：-14.725823513095538
GBDT_AE_ECFP    :RMSD: 0.865079, P: 0.929265, R^2: 0.847742
GBDT_BET_ECFP的BA值    ：-14.871251152684213
GBDT_BET_ECFP    :RMSD: 0.868809, P: 0.924169, R^2: 0.846426
GBDT_AE_BET_ECFP的BA值    ：-14.615562430232194
GBDT_AE_BET_ECFP    :RMSD: 0.881981, P: 0.926461, R^2: 0.841734
fold= 10
>>>>>>>>>>>>>training.............
###############################################GBDT#####################################################
GBDT_BET的BA值：-14.64490429732733
GBDT_BET:RMSD: 0.964736, P: 0.897005, R^2: 0.799217
GBDT_AE的BA值 ：-14.020198059584136
GBDT_AE :RMSD: 1.048046, P: 0.891386, R^2: 0.763043
GBDT_ECFP的BA值 ：-14.99938378048733
GBDT_ECFP :RMSD: 0.852119, P: 0.918593, R^2: 0.843358
GBDT_AE_BET的BA值    ：-14.321023355891423
GBDT_AE_BET    :RMSD: 0.979589, P: 0.900399, R^2: 0.792987
GBDT_AE_ECFP的BA值    ：-14.48990047839192
GBDT_AE_ECFP    :RMSD: 0.881335, P: 0.917652, R^2: 0.832432
GBDT_BET_ECFP的BA值    ：-14.822144038907329
GBDT_BET_ECFP    :RMSD: 0.862678, P: 0.917527, R^2: 0.839451
GBDT_AE_BET_ECFP的BA值    ：-14.541568418037057
GBDT_AE_BET_ECFP    :RMSD: 0.892376, P: 0.915250, R^2: 0.828207
@@@@@@@@@@@@@@@@@@@@@@@@@@@@@@@@@@@@@@@@@@@最终结果@@@@@@@@@@@@@@@@@@@@@@@@@@@@@@@@@@@@@@@@@@@@@@@@@@
@@@@@@@@@@@@@@@@@@@@@@@@@@@@@@@@@@@@@@@@@@@最终结果@@@@@@@@@@@@@@@@@@@@@@@@@@@@@@@@@@@@@@@@@@@@@@@@@@
%%%%%%%%%%%%%%%%%%%%%%%%%%%%%%%%%%%%%%%%%%%GBDT%%%%%%%%%%%%%%%%%%%%%%%%%%%%%%%%%%%%%%%%%%%%%%%%%%%%%%
GBDT_BET:0-th Final RMSD: 0.935925, Final P: 0.908495, Final R^2: 0.817985
GBDT_AE :0-th Final RMSD: 0.994128, Final P: 0.902638, Final R^2: 0.794643
GBDT_ECFP :0-th Final RMSD: 0.866382, Final P: 0.918862, Final R^2: 0.844029
GBDT_AE_BET    :0-th Final RMSD: 0.940214, Final P: 0.911844, Final R^2: 0.816313
GBDT_AE_ECFP    :0-th Final RMSD: 0.864352, Final P: 0.924290, Final R^2: 0.844759
GBDT_BET_ECFP    :0-th Final RMSD: 0.851806, Final P: 0.923994, Final R^2: 0.849233
GBDT_AE_BET_ECFP    :0-th Final RMSD: 0.869984, Final P: 0.923630, Final R^2: 0.842729
0-th GBDT_AE的BA值 ：-14.639421
0-th GBDT_BET的BA值：-14.929396
0-th GBDT_ECFP的BA值 ：-15.370317
0-th GBDT_AE_BET的BA值：-14.593713
0-th GBDT_AE_ECFP的BA值    ：-14.802697
0-th GBDT_BET_ECFP的BA值    ：-14.933488
0-th GBDT_AE_BET_ECFP的BA值    ：-14.708335
total time: 1.833133568962415 h
