size of data: (208,)
size of train size: 166
GBDT parameter
Namespace(n_estimators=10000, dataset='CHEMBL3401', max_depth=7, learning_rate=0.01, criterion='friedman_mse', subsample=0.7, max_features='sqrt', min_samples_split=3, loss='ls', n_iter_no_change=None, random_seed=0)
fold= 1
>>>>>>>>>>>>>training.............
###############################################GBDT#####################################################
GBDT_BET的BA值：-9.997135473916494
GBDT_BET:RMSD: 0.831836, P: 0.817947, R^2: 0.465435
GBDT_AE的BA值 ：-10.052361730387641
GBDT_AE :RMSD: 0.859502, P: 0.828071, R^2: 0.429285
GBDT_ECFP的BA值 ：-11.165137229658544
GBDT_ECFP :RMSD: 0.626763, P: 0.851238, R^2: 0.696519
GBDT_AE_BET的BA值    ：-10.024748602152068
GBDT_AE_BET    :RMSD: 0.839314, P: 0.832228, R^2: 0.455780
GBDT_AE_ECFP的BA值    ：-10.514204412651306
GBDT_AE_ECFP    :RMSD: 0.696320, P: 0.861001, R^2: 0.625422
GBDT_BET_ECFP的BA值    ：-10.531090861637821
GBDT_BET_ECFP    :RMSD: 0.686493, P: 0.857723, R^2: 0.635919
GBDT_AE_BET_ECFP的BA值    ：-10.308484439639903
GBDT_AE_BET_ECFP    :RMSD: 0.731726, P: 0.858124, R^2: 0.586360
fold= 2
>>>>>>>>>>>>>training.............
###############################################GBDT#####################################################
GBDT_BET的BA值：-9.694196326485383
GBDT_BET:RMSD: 0.808959, P: 0.768131, R^2: 0.531748
GBDT_AE的BA值 ：-10.021654188901032
GBDT_AE :RMSD: 0.833109, P: 0.714560, R^2: 0.503374
GBDT_ECFP的BA值 ：-11.112843651154138
GBDT_ECFP :RMSD: 0.756370, P: 0.774041, R^2: 0.590650
GBDT_AE_BET的BA值    ：-9.854457882871774
GBDT_AE_BET    :RMSD: 0.810239, P: 0.748310, R^2: 0.530265
GBDT_AE_ECFP的BA值    ：-10.515323252412884
GBDT_AE_ECFP    :RMSD: 0.770152, P: 0.760607, R^2: 0.575596
GBDT_BET_ECFP的BA值    ：-10.40351998881976
GBDT_BET_ECFP    :RMSD: 0.745371, P: 0.782813, R^2: 0.602468
GBDT_AE_BET_ECFP的BA值    ：-10.241614277103716
GBDT_AE_BET_ECFP    :RMSD: 0.767407, P: 0.768620, R^2: 0.578616
fold= 3
>>>>>>>>>>>>>training.............
###############################################GBDT#####################################################
GBDT_BET的BA值：-9.605486252765093
GBDT_BET:RMSD: 0.848597, P: 0.892772, R^2: 0.487872
GBDT_AE的BA值 ：-9.793292270823926
GBDT_AE :RMSD: 0.853868, P: 0.815228, R^2: 0.481490
GBDT_ECFP的BA值 ：-9.786398062163636
GBDT_ECFP :RMSD: 0.748996, P: 0.855291, R^2: 0.601035
GBDT_AE_BET的BA值    ：-9.69938926179451
GBDT_AE_BET    :RMSD: 0.845036, P: 0.867221, R^2: 0.492162
GBDT_AE_ECFP的BA值    ：-9.78984516649378
GBDT_AE_ECFP    :RMSD: 0.785436, P: 0.870942, R^2: 0.561270
GBDT_BET_ECFP的BA值    ：-9.695942157464366
GBDT_BET_ECFP    :RMSD: 0.785546, P: 0.889385, R^2: 0.561147
GBDT_AE_BET_ECFP的BA值    ：-9.728392195250885
GBDT_AE_BET_ECFP    :RMSD: 0.801534, P: 0.885421, R^2: 0.543102
fold= 4
>>>>>>>>>>>>>training.............
###############################################GBDT#####################################################
GBDT_BET的BA值：-10.3316842778497
GBDT_BET:RMSD: 0.873609, P: 0.662301, R^2: 0.438538
GBDT_AE的BA值 ：-10.281255535449244
GBDT_AE :RMSD: 0.894077, P: 0.648384, R^2: 0.411920
GBDT_ECFP的BA值 ：-10.162770470167455
GBDT_ECFP :RMSD: 1.131098, P: 0.394106, R^2: 0.058790
GBDT_AE_BET的BA值    ：-10.274607246336696
GBDT_AE_BET    :RMSD: 0.878559, P: 0.659620, R^2: 0.432157
GBDT_AE_ECFP的BA值    ：-10.22201300280835
GBDT_AE_ECFP    :RMSD: 0.990749, P: 0.535324, R^2: 0.277873
GBDT_BET_ECFP的BA值    ：-10.193137963752182
GBDT_BET_ECFP    :RMSD: 0.984720, P: 0.546751, R^2: 0.286635
GBDT_AE_BET_ECFP的BA值    ：-10.201268714109352
GBDT_AE_BET_ECFP    :RMSD: 0.945783, P: 0.586408, R^2: 0.341935
fold= 5
>>>>>>>>>>>>>training.............
###############################################GBDT#####################################################
GBDT_BET的BA值：-10.015453917374387
GBDT_BET:RMSD: 0.451165, P: 0.805960, R^2: 0.648603
GBDT_AE的BA值 ：-9.844530984978896
GBDT_AE :RMSD: 0.475105, P: 0.788326, R^2: 0.610320
GBDT_ECFP的BA值 ：-9.914311156132063
GBDT_ECFP :RMSD: 0.578124, P: 0.665966, R^2: 0.423008
GBDT_AE_BET的BA值    ：-9.929992451176641
GBDT_AE_BET    :RMSD: 0.453112, P: 0.806443, R^2: 0.645562
GBDT_AE_ECFP的BA值    ：-9.87942107055548
GBDT_AE_ECFP    :RMSD: 0.503786, P: 0.749619, R^2: 0.561853
GBDT_BET_ECFP的BA值    ：-9.964882536753226
GBDT_BET_ECFP    :RMSD: 0.496140, P: 0.759186, R^2: 0.575051
GBDT_AE_BET_ECFP的BA值    ：-9.92476535282845
GBDT_AE_BET_ECFP    :RMSD: 0.478140, P: 0.778338, R^2: 0.605326
fold= 6
>>>>>>>>>>>>>training.............
###############################################GBDT#####################################################
GBDT_BET的BA值：-10.396348128972587
GBDT_BET:RMSD: 0.957734, P: 0.567304, R^2: 0.304353
GBDT_AE的BA值 ：-9.67647347744904
GBDT_AE :RMSD: 0.972574, P: 0.597124, R^2: 0.282628
GBDT_ECFP的BA值 ：-9.628498850623966
GBDT_ECFP :RMSD: 1.163819, P: 0.255970, R^2: -0.027235
GBDT_AE_BET的BA值    ：-10.036410803210813
GBDT_AE_BET    :RMSD: 0.954329, P: 0.594397, R^2: 0.309290
GBDT_AE_ECFP的BA值    ：-9.570156355635534
GBDT_AE_ECFP    :RMSD: 1.041522, P: 0.438109, R^2: 0.177310
GBDT_BET_ECFP的BA值    ：-9.603355709500693
GBDT_BET_ECFP    :RMSD: 1.019864, P: 0.466445, R^2: 0.211170
GBDT_AE_BET_ECFP的BA值    ：-9.554981500547155
GBDT_AE_BET_ECFP    :RMSD: 0.995819, P: 0.516580, R^2: 0.247926
fold= 7
>>>>>>>>>>>>>training.............
###############################################GBDT#####################################################
GBDT_BET的BA值：-10.423511276523012
GBDT_BET:RMSD: 0.731343, P: 0.840002, R^2: 0.654101
GBDT_AE的BA值 ：-10.332294655968248
GBDT_AE :RMSD: 0.713436, P: 0.872603, R^2: 0.670833
GBDT_ECFP的BA值 ：-10.873293236182443
GBDT_ECFP :RMSD: 0.863960, P: 0.725817, R^2: 0.517282
GBDT_AE_BET的BA值    ：-10.37790296624563
GBDT_AE_BET    :RMSD: 0.711408, P: 0.867524, R^2: 0.672701
GBDT_AE_ECFP的BA值    ：-10.602793946075344
GBDT_AE_ECFP    :RMSD: 0.743979, P: 0.836687, R^2: 0.642045
GBDT_BET_ECFP的BA值    ：-10.648402256352728
GBDT_BET_ECFP    :RMSD: 0.754300, P: 0.822230, R^2: 0.632045
GBDT_AE_BET_ECFP的BA值    ：-10.543033056224568
GBDT_AE_BET_ECFP    :RMSD: 0.724494, P: 0.854763, R^2: 0.660550
fold= 8
>>>>>>>>>>>>>training.............
###############################################GBDT#####################################################
GBDT_BET的BA值：-10.68275619095207
GBDT_BET:RMSD: 0.535336, P: 0.855926, R^2: 0.687920
GBDT_AE的BA值 ：-10.80489462269377
GBDT_AE :RMSD: 0.611361, P: 0.796209, R^2: 0.592988
GBDT_ECFP的BA值 ：-11.267686753479023
GBDT_ECFP :RMSD: 0.748457, P: 0.731683, R^2: 0.389978
GBDT_AE_BET的BA值    ：-10.74382540682292
GBDT_AE_BET    :RMSD: 0.563415, P: 0.836623, R^2: 0.654324
GBDT_AE_ECFP的BA值    ：-11.036290688086396
GBDT_AE_ECFP    :RMSD: 0.623937, P: 0.807929, R^2: 0.576071
GBDT_BET_ECFP的BA值    ：-10.975221472215546
GBDT_BET_ECFP    :RMSD: 0.606571, P: 0.811003, R^2: 0.599340
GBDT_AE_BET_ECFP的BA值    ：-10.918445855708287
GBDT_AE_BET_ECFP    :RMSD: 0.584819, P: 0.829255, R^2: 0.627562
fold= 9
>>>>>>>>>>>>>training.............
###############################################GBDT#####################################################
GBDT_BET的BA值：-9.998648518425497
GBDT_BET:RMSD: 0.705584, P: 0.764402, R^2: 0.553135
GBDT_AE的BA值 ：-9.993689727565439
GBDT_AE :RMSD: 0.706278, P: 0.773365, R^2: 0.552255
GBDT_ECFP的BA值 ：-9.805220793461705
GBDT_ECFP :RMSD: 0.567568, P: 0.893208, R^2: 0.710856
GBDT_AE_BET的BA值    ：-9.996169122995468
GBDT_AE_BET    :RMSD: 0.693518, P: 0.785558, R^2: 0.568289
GBDT_AE_ECFP的BA值    ：-9.899455260513573
GBDT_AE_ECFP    :RMSD: 0.612493, P: 0.876771, R^2: 0.663271
GBDT_BET_ECFP的BA值    ：-9.901934655943602
GBDT_BET_ECFP    :RMSD: 0.615579, P: 0.860143, R^2: 0.659869
GBDT_AE_BET_ECFP的BA值    ：-9.932519679817547
GBDT_AE_BET_ECFP    :RMSD: 0.634332, P: 0.851068, R^2: 0.638830
fold= 10
>>>>>>>>>>>>>training.............
###############################################GBDT#####################################################
GBDT_BET的BA值：-10.799362666686797
GBDT_BET:RMSD: 0.597842, P: 0.889756, R^2: 0.754206
GBDT_AE的BA值 ：-10.573483556240014
GBDT_AE :RMSD: 0.661418, P: 0.870981, R^2: 0.699151
GBDT_ECFP的BA值 ：-9.95610477985717
GBDT_ECFP :RMSD: 0.674135, P: 0.849704, R^2: 0.687471
GBDT_AE_BET的BA值    ：-10.686423111463405
GBDT_AE_BET    :RMSD: 0.624285, P: 0.884925, R^2: 0.731982
GBDT_AE_ECFP的BA值    ：-10.264794168048592
GBDT_AE_ECFP    :RMSD: 0.624679, P: 0.893821, R^2: 0.731644
GBDT_BET_ECFP的BA值    ：-10.377733723271984
GBDT_BET_ECFP    :RMSD: 0.601831, P: 0.894326, R^2: 0.750915
GBDT_AE_BET_ECFP的BA值    ：-10.44298366759466
GBDT_AE_BET_ECFP    :RMSD: 0.607297, P: 0.898084, R^2: 0.746371
@@@@@@@@@@@@@@@@@@@@@@@@@@@@@@@@@@@@@@@@@@@最终结果@@@@@@@@@@@@@@@@@@@@@@@@@@@@@@@@@@@@@@@@@@@@@@@@@@
@@@@@@@@@@@@@@@@@@@@@@@@@@@@@@@@@@@@@@@@@@@最终结果@@@@@@@@@@@@@@@@@@@@@@@@@@@@@@@@@@@@@@@@@@@@@@@@@@
%%%%%%%%%%%%%%%%%%%%%%%%%%%%%%%%%%%%%%%%%%%GBDT%%%%%%%%%%%%%%%%%%%%%%%%%%%%%%%%%%%%%%%%%%%%%%%%%%%%%%
GBDT_BET:0-th Final RMSD: 0.751011, Final P: 0.764036, Final R^2: 0.556580
GBDT_AE :0-th Final RMSD: 0.772281, Final P: 0.749451, Final R^2: 0.531108
GBDT_ECFP :0-th Final RMSD: 0.812596, Final P: 0.693911, Final R^2: 0.480876
GBDT_AE_BET    :0-th Final RMSD: 0.752975, Final P: 0.767901, Final R^2: 0.554258
GBDT_AE_ECFP    :0-th Final RMSD: 0.757725, Final P: 0.753880, Final R^2: 0.548617
GBDT_BET_ECFP    :0-th Final RMSD: 0.748059, Final P: 0.759988, Final R^2: 0.560060
GBDT_AE_BET_ECFP    :0-th Final RMSD: 0.744020, Final P: 0.770960, Final R^2: 0.564797
0-th GBDT_AE的BA值 ：-10.804895
0-th GBDT_BET的BA值：-10.799363
0-th GBDT_ECFP的BA值 ：-11.267687
0-th GBDT_AE_BET的BA值：-10.743825
0-th GBDT_AE_ECFP的BA值    ：-11.036291
0-th GBDT_BET_ECFP的BA值    ：-10.975221
0-th GBDT_AE_BET_ECFP的BA值    ：-10.918446
total time: 0.10320753766430749 h
