size of data: (1288,)
size of train size: 1030
GBDT parameter
Namespace(n_estimators=10000, dataset='CHEMBL3572', max_depth=8, learning_rate=0.01, criterion='friedman_mse', subsample=0.5, max_features='sqrt', min_samples_split=4, loss='ls', n_iter_no_change=None, random_seed=0)
fold= 1
>>>>>>>>>>>>>training.............
###############################################GBDT#####################################################
GBDT_BET的BA值：-11.583658844659064
GBDT_BET:RMSD: 0.908654, P: 0.803129, R^2: 0.637310
GBDT_AE的BA值 ：-11.38859294142459
GBDT_AE :RMSD: 0.926144, P: 0.811595, R^2: 0.623213
GBDT_ECFP的BA值 ：-11.923925671174041
GBDT_ECFP :RMSD: 0.853461, P: 0.827562, R^2: 0.680032
GBDT_AE_BET的BA值    ：-11.486125893041827
GBDT_AE_BET    :RMSD: 0.901983, P: 0.814718, R^2: 0.642616
GBDT_AE_ECFP的BA值    ：-11.656259306299315
GBDT_AE_ECFP    :RMSD: 0.847719, P: 0.834500, R^2: 0.684323
GBDT_BET_ECFP的BA值    ：-11.753792257916553
GBDT_BET_ECFP    :RMSD: 0.849281, P: 0.830102, R^2: 0.683158
GBDT_AE_BET_ECFP的BA值    ：-11.632059152419231
GBDT_AE_BET_ECFP    :RMSD: 0.856487, P: 0.831163, R^2: 0.677759
fold= 2
>>>>>>>>>>>>>training.............
###############################################GBDT#####################################################
GBDT_BET的BA值：-11.459964844984354
GBDT_BET:RMSD: 0.758018, P: 0.848831, R^2: 0.708229
GBDT_AE的BA值 ：-10.792452296759306
GBDT_AE :RMSD: 0.818500, P: 0.836228, R^2: 0.659811
GBDT_ECFP的BA值 ：-11.595526608836643
GBDT_ECFP :RMSD: 0.804032, P: 0.824520, R^2: 0.671731
GBDT_AE_BET的BA值    ：-11.12620857087183
GBDT_AE_BET    :RMSD: 0.772314, P: 0.851894, R^2: 0.697120
GBDT_AE_ECFP的BA值    ：-11.193989452797975
GBDT_AE_ECFP    :RMSD: 0.750427, P: 0.850072, R^2: 0.714044
GBDT_BET_ECFP的BA值    ：-11.5277457269105
GBDT_BET_ECFP    :RMSD: 0.736990, P: 0.852173, R^2: 0.724192
GBDT_AE_BET_ECFP的BA值    ：-11.282647916860101
GBDT_AE_BET_ECFP    :RMSD: 0.739373, P: 0.857292, R^2: 0.722406
fold= 3
>>>>>>>>>>>>>training.............
###############################################GBDT#####################################################
GBDT_BET的BA值：-11.206239483358615
GBDT_BET:RMSD: 0.757740, P: 0.853735, R^2: 0.720131
GBDT_AE的BA值 ：-10.350851359146713
GBDT_AE :RMSD: 0.926160, P: 0.849763, R^2: 0.581894
GBDT_ECFP的BA值 ：-11.463453970385947
GBDT_ECFP :RMSD: 0.778985, P: 0.840845, R^2: 0.704217
GBDT_AE_BET的BA值    ：-10.778545421252664
GBDT_AE_BET    :RMSD: 0.808403, P: 0.861680, R^2: 0.681455
GBDT_AE_ECFP的BA值    ：-10.875151202647796
GBDT_AE_ECFP    :RMSD: 0.777047, P: 0.864235, R^2: 0.705687
GBDT_BET_ECFP的BA值    ：-11.238761860288939
GBDT_BET_ECFP    :RMSD: 0.722574, P: 0.867192, R^2: 0.745505
GBDT_AE_BET_ECFP的BA值    ：-10.93968206125154
GBDT_AE_BET_ECFP    :RMSD: 0.751219, P: 0.870815, R^2: 0.724927
fold= 4
>>>>>>>>>>>>>training.............
###############################################GBDT#####################################################
GBDT_BET的BA值：-11.499810977530913
GBDT_BET:RMSD: 0.836191, P: 0.808945, R^2: 0.650569
GBDT_AE的BA值 ：-10.568410047007992
GBDT_AE :RMSD: 0.951633, P: 0.818780, R^2: 0.547426
GBDT_ECFP的BA值 ：-12.03647062621511
GBDT_ECFP :RMSD: 0.872289, P: 0.797931, R^2: 0.619749
GBDT_AE_BET的BA值    ：-11.00963731030853
GBDT_AE_BET    :RMSD: 0.862277, P: 0.821614, R^2: 0.628427
GBDT_AE_ECFP的BA值    ：-11.198772288130494
GBDT_AE_ECFP    :RMSD: 0.841346, P: 0.817823, R^2: 0.646247
GBDT_BET_ECFP的BA值    ：-11.618543373293654
GBDT_BET_ECFP    :RMSD: 0.821277, P: 0.814941, R^2: 0.662922
GBDT_AE_BET_ECFP的BA值    ：-11.206969572690392
GBDT_AE_BET_ECFP    :RMSD: 0.825821, P: 0.821907, R^2: 0.659182
fold= 5
>>>>>>>>>>>>>training.............
###############################################GBDT#####################################################
GBDT_BET的BA值：-11.293243424999957
GBDT_BET:RMSD: 0.818119, P: 0.837055, R^2: 0.674754
GBDT_AE的BA值 ：-10.817156153146726
GBDT_AE :RMSD: 0.885529, P: 0.816821, R^2: 0.618946
GBDT_ECFP的BA值 ：-11.637175917765154
GBDT_ECFP :RMSD: 0.834542, P: 0.821682, R^2: 0.661564
GBDT_AE_BET的BA值    ：-10.983159015547646
GBDT_AE_BET    :RMSD: 0.837170, P: 0.835261, R^2: 0.659429
GBDT_AE_ECFP的BA值    ：-11.22716603545594
GBDT_AE_ECFP    :RMSD: 0.823390, P: 0.838691, R^2: 0.670549
GBDT_BET_ECFP的BA值    ：-11.312427841697673
GBDT_BET_ECFP    :RMSD: 0.794795, P: 0.846738, R^2: 0.693034
GBDT_AE_BET_ECFP的BA值    ：-11.147337278847358
GBDT_AE_BET_ECFP    :RMSD: 0.809125, P: 0.845861, R^2: 0.681865
fold= 6
>>>>>>>>>>>>>training.............
###############################################GBDT#####################################################
GBDT_BET的BA值：-11.61103682863696
GBDT_BET:RMSD: 0.826778, P: 0.834872, R^2: 0.680720
GBDT_AE的BA值 ：-10.953578191952529
GBDT_AE :RMSD: 0.892101, P: 0.824122, R^2: 0.628274
GBDT_ECFP的BA值 ：-11.871602185780398
GBDT_ECFP :RMSD: 0.821715, P: 0.829000, R^2: 0.684618
GBDT_AE_BET的BA值    ：-11.282307510294745
GBDT_AE_BET    :RMSD: 0.840473, P: 0.839818, R^2: 0.670055
GBDT_AE_ECFP的BA值    ：-11.28783949636949
GBDT_AE_ECFP    :RMSD: 0.803897, P: 0.844194, R^2: 0.698147
GBDT_BET_ECFP的BA值    ：-11.616568814711705
GBDT_BET_ECFP    :RMSD: 0.784480, P: 0.847550, R^2: 0.712553
GBDT_AE_BET_ECFP的BA值    ：-11.395571940458646
GBDT_AE_BET_ECFP    :RMSD: 0.797050, P: 0.849459, R^2: 0.703267
fold= 7
>>>>>>>>>>>>>training.............
###############################################GBDT#####################################################
GBDT_BET的BA值：-11.358569788936897
GBDT_BET:RMSD: 0.897658, P: 0.807672, R^2: 0.647040
GBDT_AE的BA值 ：-11.139292705237109
GBDT_AE :RMSD: 0.913631, P: 0.820237, R^2: 0.634367
GBDT_ECFP的BA值 ：-11.873858171959496
GBDT_ECFP :RMSD: 0.923329, P: 0.796993, R^2: 0.626563
GBDT_AE_BET的BA值    ：-11.174324319128036
GBDT_AE_BET    :RMSD: 0.892958, P: 0.818468, R^2: 0.650726
GBDT_AE_ECFP的BA值    ：-11.154050367618794
GBDT_AE_ECFP    :RMSD: 0.870268, P: 0.823332, R^2: 0.668251
GBDT_BET_ECFP的BA值    ：-11.364863363951102
GBDT_BET_ECFP    :RMSD: 0.874148, P: 0.816919, R^2: 0.665286
GBDT_AE_BET_ECFP的BA值    ：-11.222223508058162
GBDT_AE_BET_ECFP    :RMSD: 0.868105, P: 0.824078, R^2: 0.669898
fold= 8
>>>>>>>>>>>>>training.............
###############################################GBDT#####################################################
GBDT_BET的BA值：-11.110296623951621
GBDT_BET:RMSD: 0.850903, P: 0.782034, R^2: 0.608598
GBDT_AE的BA值 ：-10.673177500524435
GBDT_AE :RMSD: 0.884608, P: 0.794725, R^2: 0.576976
GBDT_ECFP的BA值 ：-11.500749504925507
GBDT_ECFP :RMSD: 0.819931, P: 0.800758, R^2: 0.636572
GBDT_AE_BET的BA值    ：-10.849700879947115
GBDT_AE_BET    :RMSD: 0.850920, P: 0.794356, R^2: 0.608582
GBDT_AE_ECFP的BA值    ：-11.083414943853338
GBDT_AE_ECFP    :RMSD: 0.800971, P: 0.816211, R^2: 0.653186
GBDT_BET_ECFP的BA值    ：-11.305523064438564
GBDT_BET_ECFP    :RMSD: 0.804529, P: 0.807644, R^2: 0.650098
GBDT_AE_BET_ECFP的BA值    ：-11.058520205605191
GBDT_AE_BET_ECFP    :RMSD: 0.807788, P: 0.811370, R^2: 0.647257
fold= 9
>>>>>>>>>>>>>training.............
###############################################GBDT#####################################################
GBDT_BET的BA值：-11.324626955701794
GBDT_BET:RMSD: 0.797248, P: 0.842913, R^2: 0.701159
GBDT_AE的BA值 ：-11.129108449412737
GBDT_AE :RMSD: 0.798560, P: 0.860847, R^2: 0.700174
GBDT_ECFP的BA值 ：-11.923470071349259
GBDT_ECFP :RMSD: 0.703135, P: 0.876920, R^2: 0.767549
GBDT_AE_BET的BA值    ：-11.1996399783568
GBDT_AE_BET    :RMSD: 0.783424, P: 0.858712, R^2: 0.711432
GBDT_AE_ECFP的BA值    ：-11.327199486449324
GBDT_AE_ECFP    :RMSD: 0.701634, P: 0.884222, R^2: 0.768540
GBDT_BET_ECFP的BA值    ：-11.465919148358903
GBDT_BET_ECFP    :RMSD: 0.713108, P: 0.874895, R^2: 0.760908
GBDT_AE_BET_ECFP的BA值    ：-11.227844964886707
GBDT_AE_BET_ECFP    :RMSD: 0.721924, P: 0.877358, R^2: 0.754960
fold= 10
>>>>>>>>>>>>>training.............
###############################################GBDT#####################################################
GBDT_BET的BA值：-11.760764294046947
GBDT_BET:RMSD: 0.895716, P: 0.759903, R^2: 0.571689
GBDT_AE的BA值 ：-10.833534488803197
GBDT_AE :RMSD: 1.039104, P: 0.727766, R^2: 0.423584
GBDT_ECFP的BA值 ：-11.750465530887936
GBDT_ECFP :RMSD: 0.898496, P: 0.764404, R^2: 0.569027
GBDT_AE_BET的BA值    ：-11.297149391425073
GBDT_AE_BET    :RMSD: 0.941178, P: 0.753692, R^2: 0.527109
GBDT_AE_ECFP的BA值    ：-11.265463481691812
GBDT_AE_ECFP    :RMSD: 0.899454, P: 0.766135, R^2: 0.568107
GBDT_BET_ECFP的BA值    ：-11.729078384313688
GBDT_BET_ECFP    :RMSD: 0.860984, P: 0.778168, R^2: 0.604262
GBDT_AE_BET_ECFP的BA值    ：-11.430563752476857
GBDT_AE_BET_ECFP    :RMSD: 0.885386, P: 0.771804, R^2: 0.581512
@@@@@@@@@@@@@@@@@@@@@@@@@@@@@@@@@@@@@@@@@@@最终结果@@@@@@@@@@@@@@@@@@@@@@@@@@@@@@@@@@@@@@@@@@@@@@@@@@
@@@@@@@@@@@@@@@@@@@@@@@@@@@@@@@@@@@@@@@@@@@最终结果@@@@@@@@@@@@@@@@@@@@@@@@@@@@@@@@@@@@@@@@@@@@@@@@@@
%%%%%%%%%%%%%%%%%%%%%%%%%%%%%%%%%%%%%%%%%%%GBDT%%%%%%%%%%%%%%%%%%%%%%%%%%%%%%%%%%%%%%%%%%%%%%%%%%%%%%
GBDT_BET:0-th Final RMSD: 0.836298, Final P: 0.817036, Final R^2: 0.662876
GBDT_AE :0-th Final RMSD: 0.905824, Final P: 0.806900, Final R^2: 0.604492
GBDT_ECFP :0-th Final RMSD: 0.833153, Final P: 0.818220, Final R^2: 0.665407
GBDT_AE_BET    :0-th Final RMSD: 0.850584, Final P: 0.821556, Final R^2: 0.651259
GBDT_AE_ECFP    :0-th Final RMSD: 0.813515, Final P: 0.832344, Final R^2: 0.680994
GBDT_BET_ECFP    :0-th Final RMSD: 0.798095, Final P: 0.833552, Final R^2: 0.692972
GBDT_AE_BET_ECFP    :0-th Final RMSD: 0.807944, Final P: 0.834874, Final R^2: 0.685348
0-th GBDT_AE的BA值 ：-11.388593
0-th GBDT_BET的BA值：-11.760764
0-th GBDT_ECFP的BA值 ：-12.036471
0-th GBDT_AE_BET的BA值：-11.486126
0-th GBDT_AE_ECFP的BA值    ：-11.656259
0-th GBDT_BET_ECFP的BA值    ：-11.753792
0-th GBDT_AE_BET_ECFP的BA值    ：-11.632059
total time: 0.48256847533914776 h
