size of data: (579,)
size of train size: 463
GBDT parameter
Namespace(n_estimators=10000, dataset='CHEMBL3714079', max_depth=7, learning_rate=0.01, criterion='friedman_mse', subsample=0.7, max_features='sqrt', min_samples_split=3, loss='ls', n_iter_no_change=None, random_seed=0)
fold= 1
>>>>>>>>>>>>>training.............
###############################################GBDT#####################################################
GBDT_BET的BA值：-14.603556488924042
GBDT_BET:RMSD: 2.175143, P: 0.619909, R^2: 0.353963
GBDT_AE的BA值 ：-13.738344163688904
GBDT_AE :RMSD: 2.232278, P: 0.651149, R^2: 0.319579
GBDT_ECFP的BA值 ：-16.804390714341206
GBDT_ECFP :RMSD: 2.293816, P: 0.556322, R^2: 0.281547
GBDT_AE_BET的BA值    ：-14.062704204011034
GBDT_AE_BET    :RMSD: 2.184044, P: 0.640209, R^2: 0.348666
GBDT_AE_ECFP的BA值    ：-15.07597528821589
GBDT_AE_ECFP    :RMSD: 2.175889, P: 0.626255, R^2: 0.353520
GBDT_BET_ECFP的BA值    ：-15.703973601632624
GBDT_BET_ECFP    :RMSD: 2.163363, P: 0.614707, R^2: 0.360942
GBDT_AE_BET_ECFP的BA值    ：-14.918502355118607
GBDT_AE_BET_ECFP    :RMSD: 2.154138, P: 0.635094, R^2: 0.366380
fold= 2
>>>>>>>>>>>>>training.............
###############################################GBDT#####################################################
GBDT_BET的BA值：-15.374473982440561
GBDT_BET:RMSD: 1.903152, P: 0.716666, R^2: 0.496620
GBDT_AE的BA值 ：-14.344384961215995
GBDT_AE :RMSD: 1.911404, P: 0.713942, R^2: 0.492246
GBDT_ECFP的BA值 ：-16.389400925190394
GBDT_ECFP :RMSD: 2.282003, P: 0.585873, R^2: 0.276262
GBDT_AE_BET的BA值    ：-14.859429471828278
GBDT_AE_BET    :RMSD: 1.891793, P: 0.719233, R^2: 0.502611
GBDT_AE_ECFP的BA值    ：-15.29181234491491
GBDT_AE_ECFP    :RMSD: 2.039744, P: 0.655309, R^2: 0.421771
GBDT_BET_ECFP的BA值    ：-15.806856855527194
GBDT_BET_ECFP    :RMSD: 2.043617, P: 0.662837, R^2: 0.419573
GBDT_AE_BET_ECFP的BA值    ：-15.319366224090126
GBDT_AE_BET_ECFP    :RMSD: 1.977097, P: 0.682796, R^2: 0.456744
fold= 3
>>>>>>>>>>>>>training.............
###############################################GBDT#####################################################
GBDT_BET的BA值：-15.04216662562197
GBDT_BET:RMSD: 1.834876, P: 0.736927, R^2: 0.527921
GBDT_AE的BA值 ：-14.424194431041675
GBDT_AE :RMSD: 1.811241, P: 0.754691, R^2: 0.540004
GBDT_ECFP的BA值 ：-15.959179502227562
GBDT_ECFP :RMSD: 1.924441, P: 0.707359, R^2: 0.480710
GBDT_AE_BET的BA值    ：-14.428805784748729
GBDT_AE_BET    :RMSD: 1.802830, P: 0.753088, R^2: 0.544267
GBDT_AE_ECFP的BA值    ：-15.081685692921706
GBDT_AE_ECFP    :RMSD: 1.783667, P: 0.763493, R^2: 0.553904
GBDT_BET_ECFP的BA值    ：-15.335896498132465
GBDT_BET_ECFP    :RMSD: 1.801283, P: 0.751759, R^2: 0.545049
GBDT_AE_BET_ECFP的BA值    ：-14.82907931338014
GBDT_AE_BET_ECFP    :RMSD: 1.774958, P: 0.764809, R^2: 0.558249
fold= 4
>>>>>>>>>>>>>training.............
###############################################GBDT#####################################################
GBDT_BET的BA值：-14.923765749006263
GBDT_BET:RMSD: 1.976620, P: 0.704404, R^2: 0.490850
GBDT_AE的BA值 ：-13.807197057598048
GBDT_AE :RMSD: 2.185527, P: 0.670760, R^2: 0.377540
GBDT_ECFP的BA值 ：-17.24978047065598
GBDT_ECFP :RMSD: 2.036197, P: 0.706475, R^2: 0.459695
GBDT_AE_BET的BA值    ：-14.225781119571842
GBDT_AE_BET    :RMSD: 2.042382, P: 0.698297, R^2: 0.456408
GBDT_AE_ECFP的BA值    ：-15.493825116346866
GBDT_AE_ECFP    :RMSD: 1.947575, P: 0.713827, R^2: 0.505703
GBDT_BET_ECFP的BA值    ：-15.765295284591824
GBDT_BET_ECFP    :RMSD: 1.911983, P: 0.726639, R^2: 0.523605
GBDT_AE_BET_ECFP的BA值    ：-15.0894867770738
GBDT_AE_BET_ECFP    :RMSD: 1.933637, P: 0.720712, R^2: 0.512753
fold= 5
>>>>>>>>>>>>>training.............
###############################################GBDT#####################################################
GBDT_BET的BA值：-14.31282049958203
GBDT_BET:RMSD: 1.750000, P: 0.720294, R^2: 0.516381
GBDT_AE的BA值 ：-14.569335364258745
GBDT_AE :RMSD: 1.731117, P: 0.728796, R^2: 0.526761
GBDT_ECFP的BA值 ：-15.05520175287095
GBDT_ECFP :RMSD: 1.649784, P: 0.768444, R^2: 0.570185
GBDT_AE_BET的BA值    ：-14.281111550899672
GBDT_AE_BET    :RMSD: 1.723164, P: 0.731675, R^2: 0.531099
GBDT_AE_ECFP的BA值    ：-14.522032398026283
GBDT_AE_ECFP    :RMSD: 1.619833, P: 0.772533, R^2: 0.585650
GBDT_BET_ECFP的BA值    ：-14.676942022062509
GBDT_BET_ECFP    :RMSD: 1.647360, P: 0.762798, R^2: 0.571447
GBDT_AE_BET_ECFP的BA值    ：-14.452295098544866
GBDT_AE_BET_ECFP    :RMSD: 1.648122, P: 0.761683, R^2: 0.571051
fold= 6
>>>>>>>>>>>>>training.............
###############################################GBDT#####################################################
GBDT_BET的BA值：-14.41136877760907
GBDT_BET:RMSD: 1.862163, P: 0.692120, R^2: 0.408679
GBDT_AE的BA值 ：-14.691094578070278
GBDT_AE :RMSD: 1.960666, P: 0.676389, R^2: 0.344466
GBDT_ECFP的BA值 ：-15.096934181713282
GBDT_ECFP :RMSD: 2.165345, P: 0.623965, R^2: 0.200457
GBDT_AE_BET的BA值    ：-14.386191611873151
GBDT_AE_BET    :RMSD: 1.894362, P: 0.690544, R^2: 0.388053
GBDT_AE_ECFP的BA值    ：-14.746421853656674
GBDT_AE_ECFP    :RMSD: 1.964454, P: 0.679947, R^2: 0.341931
GBDT_BET_ECFP的BA值    ：-14.70188080263073
GBDT_BET_ECFP    :RMSD: 1.922610, P: 0.683922, R^2: 0.369667
GBDT_AE_BET_ECFP的BA值    ：-14.46518648681832
GBDT_AE_BET_ECFP    :RMSD: 1.902509, P: 0.693669, R^2: 0.382778
fold= 7
>>>>>>>>>>>>>training.............
###############################################GBDT#####################################################
GBDT_BET的BA值：-14.731568217609789
GBDT_BET:RMSD: 1.740016, P: 0.837984, R^2: 0.659714
GBDT_AE的BA值 ：-14.019091509146948
GBDT_AE :RMSD: 1.992789, P: 0.809064, R^2: 0.553666
GBDT_ECFP的BA值 ：-17.636837721813816
GBDT_ECFP :RMSD: 1.941952, P: 0.760758, R^2: 0.576148
GBDT_AE_BET的BA值    ：-14.270701542520644
GBDT_AE_BET    :RMSD: 1.847859, P: 0.830570, R^2: 0.616227
GBDT_AE_ECFP的BA值    ：-15.448301079937659
GBDT_AE_ECFP    :RMSD: 1.849758, P: 0.808889, R^2: 0.615437
GBDT_BET_ECFP的BA值    ：-15.950940657475154
GBDT_BET_ECFP    :RMSD: 1.755851, P: 0.819774, R^2: 0.653493
GBDT_AE_BET_ECFP的BA值    ：-14.977912404400447
GBDT_AE_BET_ECFP    :RMSD: 1.792167, P: 0.827423, R^2: 0.639011
fold= 8
>>>>>>>>>>>>>training.............
###############################################GBDT#####################################################
GBDT_BET的BA值：-14.954941433192118
GBDT_BET:RMSD: 2.000579, P: 0.767816, R^2: 0.566319
GBDT_AE的BA值 ：-15.2255072988142
GBDT_AE :RMSD: 2.026338, P: 0.779496, R^2: 0.555079
GBDT_ECFP的BA值 ：-16.940276759245826
GBDT_ECFP :RMSD: 2.001769, P: 0.755790, R^2: 0.565802
GBDT_AE_BET的BA值    ：-15.09022436600316
GBDT_AE_BET    :RMSD: 1.996830, P: 0.779340, R^2: 0.567942
GBDT_AE_ECFP的BA值    ：-15.897167285074122
GBDT_AE_ECFP    :RMSD: 1.939279, P: 0.786592, R^2: 0.592489
GBDT_BET_ECFP的BA值    ：-15.936169449953256
GBDT_BET_ECFP    :RMSD: 1.936510, P: 0.780365, R^2: 0.593651
GBDT_AE_BET_ECFP的BA值    ：-15.575465570269644
GBDT_AE_BET_ECFP    :RMSD: 1.940143, P: 0.787910, R^2: 0.592125
fold= 9
>>>>>>>>>>>>>training.............
###############################################GBDT#####################################################
GBDT_BET的BA值：-14.948152299966774
GBDT_BET:RMSD: 1.807255, P: 0.716965, R^2: 0.510044
GBDT_AE的BA值 ：-14.42568783670647
GBDT_AE :RMSD: 1.823970, P: 0.721883, R^2: 0.500939
GBDT_ECFP的BA值 ：-15.781565423438474
GBDT_ECFP :RMSD: 2.058891, P: 0.631395, R^2: 0.364105
GBDT_AE_BET的BA值    ：-14.686920068336622
GBDT_AE_BET    :RMSD: 1.793243, P: 0.728219, R^2: 0.517612
GBDT_AE_ECFP的BA值    ：-14.886140825332486
GBDT_AE_ECFP    :RMSD: 1.874016, P: 0.694767, R^2: 0.473177
GBDT_BET_ECFP的BA值    ：-15.260544662592064
GBDT_BET_ECFP    :RMSD: 1.885555, P: 0.686751, R^2: 0.466669
GBDT_AE_BET_ECFP的BA值    ：-14.837268517470209
GBDT_AE_BET_ECFP    :RMSD: 1.834842, P: 0.708544, R^2: 0.494971
fold= 10
>>>>>>>>>>>>>training.............
###############################################GBDT#####################################################
GBDT_BET的BA值：-14.223170495045714
GBDT_BET:RMSD: 1.984283, P: 0.754010, R^2: 0.475677
GBDT_AE的BA值 ：-13.665331638757365
GBDT_AE :RMSD: 2.149554, P: 0.786830, R^2: 0.384698
GBDT_ECFP的BA值 ：-16.199513344667487
GBDT_ECFP :RMSD: 2.002720, P: 0.701704, R^2: 0.465888
GBDT_AE_BET的BA值    ：-13.815993422357874
GBDT_AE_BET    :RMSD: 2.045287, P: 0.778155, R^2: 0.442942
GBDT_AE_ECFP的BA值    ：-14.44760400093161
GBDT_AE_ECFP    :RMSD: 1.919843, P: 0.757494, R^2: 0.509179
GBDT_BET_ECFP的BA值    ：-14.59935675569374
GBDT_BET_ECFP    :RMSD: 1.868654, P: 0.751684, R^2: 0.535004
GBDT_AE_BET_ECFP的BA值    ：-14.287287735940533
GBDT_AE_BET_ECFP    :RMSD: 1.911213, P: 0.770860, R^2: 0.513582
@@@@@@@@@@@@@@@@@@@@@@@@@@@@@@@@@@@@@@@@@@@最终结果@@@@@@@@@@@@@@@@@@@@@@@@@@@@@@@@@@@@@@@@@@@@@@@@@@
@@@@@@@@@@@@@@@@@@@@@@@@@@@@@@@@@@@@@@@@@@@最终结果@@@@@@@@@@@@@@@@@@@@@@@@@@@@@@@@@@@@@@@@@@@@@@@@@@
%%%%%%%%%%%%%%%%%%%%%%%%%%%%%%%%%%%%%%%%%%%GBDT%%%%%%%%%%%%%%%%%%%%%%%%%%%%%%%%%%%%%%%%%%%%%%%%%%%%%%
GBDT_BET:0-th Final RMSD: 1.907500, Final P: 0.724035, Final R^2: 0.519496
GBDT_AE :0-th Final RMSD: 1.988664, Final P: 0.699587, Final R^2: 0.477735
GBDT_ECFP :0-th Final RMSD: 2.043532, Final P: 0.680925, Final R^2: 0.448519
GBDT_AE_BET    :0-th Final RMSD: 1.926683, Final P: 0.721476, Final R^2: 0.509783
GBDT_AE_ECFP    :0-th Final RMSD: 1.916570, Final P: 0.719630, Final R^2: 0.514916
GBDT_BET_ECFP    :0-th Final RMSD: 1.898664, Final P: 0.724871, Final R^2: 0.523938
GBDT_AE_BET_ECFP    :0-th Final RMSD: 1.891259, Final P: 0.730449, Final R^2: 0.527644
0-th GBDT_AE的BA值 ：-15.225507
0-th GBDT_BET的BA值：-15.374474
0-th GBDT_ECFP的BA值 ：-17.636838
0-th GBDT_AE_BET的BA值：-15.090224
0-th GBDT_AE_ECFP的BA值    ：-15.897167
0-th GBDT_BET_ECFP的BA值    ：-15.950941
0-th GBDT_AE_BET_ECFP的BA值    ：-15.575466
total time: 0.25993348413043554 h
