size of data: (187,)
size of train size: 149
GBDT parameter
Namespace(n_estimators=10000, dataset='CHEMBL3194', max_depth=7, learning_rate=0.01, criterion='friedman_mse', subsample=0.7, max_features='sqrt', min_samples_split=3, loss='ls', n_iter_no_change=None, random_seed=0)
fold= 1
>>>>>>>>>>>>>training.............
###############################################GBDT#####################################################
GBDT_BET的BA值：-8.654421790861962
GBDT_BET:RMSD: 0.524350, P: 0.712491, R^2: 0.468144
GBDT_AE的BA值 ：-8.766316157109532
GBDT_AE :RMSD: 0.488220, P: 0.770083, R^2: 0.538912
GBDT_ECFP的BA值 ：-8.986675644607233
GBDT_ECFP :RMSD: 0.530354, P: 0.676365, R^2: 0.455894
GBDT_AE_BET的BA值    ：-8.710368973985748
GBDT_AE_BET    :RMSD: 0.500414, P: 0.758190, R^2: 0.515592
GBDT_AE_ECFP的BA值    ：-8.801029821746239
GBDT_AE_ECFP    :RMSD: 0.489736, P: 0.747845, R^2: 0.536044
GBDT_BET_ECFP的BA值    ：-8.745082638622453
GBDT_BET_ECFP    :RMSD: 0.515415, P: 0.705871, R^2: 0.486116
GBDT_AE_BET_ECFP的BA值    ：-8.752160478118146
GBDT_AE_BET_ECFP    :RMSD: 0.497668, P: 0.744046, R^2: 0.520896
fold= 2
>>>>>>>>>>>>>training.............
###############################################GBDT#####################################################
GBDT_BET的BA值：-9.009362247032039
GBDT_BET:RMSD: 0.905585, P: 0.643676, R^2: 0.362401
GBDT_AE的BA值 ：-8.442241361471467
GBDT_AE :RMSD: 1.002563, P: 0.506407, R^2: 0.218530
GBDT_ECFP的BA值 ：-9.556036553923983
GBDT_ECFP :RMSD: 0.951509, P: 0.549507, R^2: 0.296093
GBDT_AE_BET的BA值    ：-8.725801804251752
GBDT_AE_BET    :RMSD: 0.945448, P: 0.608079, R^2: 0.305033
GBDT_AE_ECFP的BA值    ：-8.999138957697724
GBDT_AE_ECFP    :RMSD: 0.951296, P: 0.558410, R^2: 0.296408
GBDT_BET_ECFP的BA值    ：-9.28269940047801
GBDT_BET_ECFP    :RMSD: 0.915618, P: 0.602178, R^2: 0.348194
GBDT_AE_BET_ECFP的BA值    ：-9.002546720809162
GBDT_AE_BET_ECFP    :RMSD: 0.932034, P: 0.596050, R^2: 0.324613
fold= 3
>>>>>>>>>>>>>training.............
###############################################GBDT#####################################################
GBDT_BET的BA值：-9.00483905928819
GBDT_BET:RMSD: 0.704084, P: 0.707275, R^2: 0.440024
GBDT_AE的BA值 ：-8.989222393996222
GBDT_AE :RMSD: 0.702453, P: 0.721539, R^2: 0.442616
GBDT_ECFP的BA值 ：-8.938863465858754
GBDT_ECFP :RMSD: 0.680806, P: 0.710566, R^2: 0.476439
GBDT_AE_BET的BA值    ：-8.997030726642206
GBDT_AE_BET    :RMSD: 0.700003, P: 0.720091, R^2: 0.446498
GBDT_AE_ECFP的BA值    ：-8.963264640517437
GBDT_AE_ECFP    :RMSD: 0.682596, P: 0.726913, R^2: 0.473683
GBDT_BET_ECFP的BA值    ：-8.97107297316342
GBDT_BET_ECFP    :RMSD: 0.682223, P: 0.723167, R^2: 0.474258
GBDT_AE_BET_ECFP的BA值    ：-8.977122780107686
GBDT_AE_BET_ECFP    :RMSD: 0.685793, P: 0.727256, R^2: 0.468742
fold= 4
>>>>>>>>>>>>>training.............
###############################################GBDT#####################################################
GBDT_BET的BA值：-9.228146833837911
GBDT_BET:RMSD: 0.815715, P: 0.576821, R^2: 0.330013
GBDT_AE的BA值 ：-9.007720628142204
GBDT_AE :RMSD: 0.840294, P: 0.553007, R^2: 0.289029
GBDT_ECFP的BA值 ：-9.427719075931584
GBDT_ECFP :RMSD: 0.766149, P: 0.649019, R^2: 0.408960
GBDT_AE_BET的BA值    ：-9.117933730990057
GBDT_AE_BET    :RMSD: 0.822925, P: 0.573317, R^2: 0.318117
GBDT_AE_ECFP的BA值    ：-9.217719852036893
GBDT_AE_ECFP    :RMSD: 0.778587, P: 0.632061, R^2: 0.389615
GBDT_BET_ECFP的BA值    ：-9.327932954884748
GBDT_BET_ECFP    :RMSD: 0.776300, P: 0.628870, R^2: 0.393195
GBDT_AE_BET_ECFP的BA值    ：-9.221195512637232
GBDT_AE_BET_ECFP    :RMSD: 0.787803, P: 0.618674, R^2: 0.375078
fold= 5
>>>>>>>>>>>>>training.............
###############################################GBDT#####################################################
GBDT_BET的BA值：-8.985711387366312
GBDT_BET:RMSD: 0.751316, P: 0.573845, R^2: 0.200664
GBDT_AE的BA值 ：-8.829056777255692
GBDT_AE :RMSD: 0.722437, P: 0.603078, R^2: 0.260933
GBDT_ECFP的BA值 ：-9.368067950524571
GBDT_ECFP :RMSD: 0.916493, P: 0.498353, R^2: -0.189438
GBDT_AE_BET的BA值    ：-8.907384082311001
GBDT_AE_BET    :RMSD: 0.731210, P: 0.598985, R^2: 0.242875
GBDT_AE_ECFP的BA值    ：-9.098562363890132
GBDT_AE_ECFP    :RMSD: 0.797952, P: 0.569149, R^2: 0.098351
GBDT_BET_ECFP的BA值    ：-9.176889668945442
GBDT_BET_ECFP    :RMSD: 0.816707, P: 0.547913, R^2: 0.055468
GBDT_AE_BET_ECFP的BA值    ：-9.060945371715526
GBDT_AE_BET_ECFP    :RMSD: 0.776550, P: 0.577802, R^2: 0.146068
fold= 6
>>>>>>>>>>>>>training.............
###############################################GBDT#####################################################
GBDT_BET的BA值：-8.417824716258842
GBDT_BET:RMSD: 0.657811, P: 0.731799, R^2: 0.384177
GBDT_AE的BA值 ：-8.56479998662676
GBDT_AE :RMSD: 0.707823, P: 0.604136, R^2: 0.286980
GBDT_ECFP的BA值 ：-8.545593791185613
GBDT_ECFP :RMSD: 0.710884, P: 0.597629, R^2: 0.280799
GBDT_AE_BET的BA值    ：-8.4913123514428
GBDT_AE_BET    :RMSD: 0.677669, P: 0.701439, R^2: 0.346436
GBDT_AE_ECFP的BA值    ：-8.555196888906186
GBDT_AE_ECFP    :RMSD: 0.698445, P: 0.644738, R^2: 0.305748
GBDT_BET_ECFP的BA值    ：-8.481709253722228
GBDT_BET_ECFP    :RMSD: 0.669576, P: 0.728877, R^2: 0.361953
GBDT_AE_BET_ECFP的BA值    ：-8.509406164690406
GBDT_AE_BET_ECFP    :RMSD: 0.678437, P: 0.710789, R^2: 0.344954
fold= 7
>>>>>>>>>>>>>training.............
###############################################GBDT#####################################################
GBDT_BET的BA值：-8.766599414263535
GBDT_BET:RMSD: 0.517099, P: 0.824397, R^2: 0.521824
GBDT_AE的BA值 ：-8.764272713562972
GBDT_AE :RMSD: 0.523815, P: 0.825502, R^2: 0.509321
GBDT_ECFP的BA值 ：-9.333322361117139
GBDT_ECFP :RMSD: 0.546067, P: 0.725096, R^2: 0.466748
GBDT_AE_BET的BA值    ：-8.765436063913253
GBDT_AE_BET    :RMSD: 0.511747, P: 0.839431, R^2: 0.531672
GBDT_AE_ECFP的BA值    ：-9.048797537340056
GBDT_AE_ECFP    :RMSD: 0.493886, P: 0.784856, R^2: 0.563792
GBDT_BET_ECFP的BA值    ：-9.049960887690336
GBDT_BET_ECFP    :RMSD: 0.499066, P: 0.777754, R^2: 0.554593
GBDT_AE_BET_ECFP的BA值    ：-8.95473149631455
GBDT_AE_BET_ECFP    :RMSD: 0.492108, P: 0.803609, R^2: 0.566926
fold= 8
>>>>>>>>>>>>>training.............
###############################################GBDT#####################################################
GBDT_BET的BA值：-8.699224468702273
GBDT_BET:RMSD: 0.663631, P: 0.553301, R^2: 0.277804
GBDT_AE的BA值 ：-8.54044363093718
GBDT_AE :RMSD: 0.691244, P: 0.471215, R^2: 0.216453
GBDT_ECFP的BA值 ：-9.00094294941102
GBDT_ECFP :RMSD: 0.746857, P: 0.476795, R^2: 0.085304
GBDT_AE_BET的BA值    ：-8.619834049819726
GBDT_AE_BET    :RMSD: 0.672058, P: 0.526872, R^2: 0.259346
GBDT_AE_ECFP的BA值    ：-8.758452548481458
GBDT_AE_ECFP    :RMSD: 0.693554, P: 0.487099, R^2: 0.211208
GBDT_BET_ECFP的BA值    ：-8.837842967364004
GBDT_BET_ECFP    :RMSD: 0.679920, P: 0.534824, R^2: 0.241917
GBDT_AE_BET_ECFP的BA值    ：-8.73870985522173
GBDT_AE_BET_ECFP    :RMSD: 0.675266, P: 0.523239, R^2: 0.252258
fold= 9
>>>>>>>>>>>>>training.............
###############################################GBDT#####################################################
GBDT_BET的BA值：-9.0130233672308
GBDT_BET:RMSD: 0.862429, P: 0.479161, R^2: 0.078527
GBDT_AE的BA值 ：-8.638067322166293
GBDT_AE :RMSD: 0.786653, P: 0.538740, R^2: 0.233341
GBDT_ECFP的BA值 ：-8.8670055882096
GBDT_ECFP :RMSD: 0.715100, P: 0.631511, R^2: 0.366467
GBDT_AE_BET的BA值    ：-8.825545344698547
GBDT_AE_BET    :RMSD: 0.812074, P: 0.533246, R^2: 0.182990
GBDT_AE_ECFP的BA值    ：-8.752536455187947
GBDT_AE_ECFP    :RMSD: 0.741047, P: 0.609594, R^2: 0.319659
GBDT_BET_ECFP的BA值    ：-8.9400144777202
GBDT_BET_ECFP    :RMSD: 0.776601, P: 0.578282, R^2: 0.252810
GBDT_AE_BET_ECFP的BA值    ：-8.839365425868898
GBDT_AE_BET_ECFP    :RMSD: 0.772652, P: 0.582259, R^2: 0.260389
fold= 10
>>>>>>>>>>>>>training.............
###############################################GBDT#####################################################
GBDT_BET的BA值：-8.811050868881093
GBDT_BET:RMSD: 0.499880, P: 0.750587, R^2: 0.484436
GBDT_AE的BA值 ：-8.705602401725017
GBDT_AE :RMSD: 0.471120, P: 0.796454, R^2: 0.542055
GBDT_ECFP的BA值 ：-8.930506398468358
GBDT_ECFP :RMSD: 0.572454, P: 0.636892, R^2: 0.323867
GBDT_AE_BET的BA值    ：-8.758326635303055
GBDT_AE_BET    :RMSD: 0.480455, P: 0.785110, R^2: 0.523726
GBDT_AE_ECFP的BA值    ：-8.818054400096688
GBDT_AE_ECFP    :RMSD: 0.505922, P: 0.739955, R^2: 0.471897
GBDT_BET_ECFP的BA值    ：-8.870778633674725
GBDT_BET_ECFP    :RMSD: 0.526930, P: 0.705485, R^2: 0.427129
GBDT_AE_BET_ECFP的BA值    ：-8.815719889691488
GBDT_AE_BET_ECFP    :RMSD: 0.500917, P: 0.749709, R^2: 0.482295
@@@@@@@@@@@@@@@@@@@@@@@@@@@@@@@@@@@@@@@@@@@最终结果@@@@@@@@@@@@@@@@@@@@@@@@@@@@@@@@@@@@@@@@@@@@@@@@@@
@@@@@@@@@@@@@@@@@@@@@@@@@@@@@@@@@@@@@@@@@@@最终结果@@@@@@@@@@@@@@@@@@@@@@@@@@@@@@@@@@@@@@@@@@@@@@@@@@
%%%%%%%%%%%%%%%%%%%%%%%%%%%%%%%%%%%%%%%%%%%GBDT%%%%%%%%%%%%%%%%%%%%%%%%%%%%%%%%%%%%%%%%%%%%%%%%%%%%%%
GBDT_BET:0-th Final RMSD: 0.704103, Final P: 0.616154, Final R^2: 0.367303
GBDT_AE :0-th Final RMSD: 0.712010, Final P: 0.610900, Final R^2: 0.353014
GBDT_ECFP :0-th Final RMSD: 0.727150, Final P: 0.580254, Final R^2: 0.325206
GBDT_AE_BET    :0-th Final RMSD: 0.701159, Final P: 0.628940, Final R^2: 0.372583
GBDT_AE_ECFP    :0-th Final RMSD: 0.698636, Final P: 0.617126, Final R^2: 0.377090
GBDT_BET_ECFP    :0-th Final RMSD: 0.699000, Final P: 0.615294, Final R^2: 0.376441
GBDT_AE_BET_ECFP    :0-th Final RMSD: 0.694566, Final P: 0.627626, Final R^2: 0.384326
0-th GBDT_AE的BA值 ：-9.007721
0-th GBDT_BET的BA值：-9.228147
0-th GBDT_ECFP的BA值 ：-9.556037
0-th GBDT_AE_BET的BA值：-9.117934
0-th GBDT_AE_ECFP的BA值    ：-9.217720
0-th GBDT_BET_ECFP的BA值    ：-9.327933
0-th GBDT_AE_BET_ECFP的BA值    ：-9.221196
total time: 0.09262492173247867 h
