size of data: (366,)
size of train size: 292
GBDT parameter
Namespace(n_estimators=10000, dataset='CHEMBL4394', max_depth=7, learning_rate=0.01, criterion='friedman_mse', subsample=0.7, max_features='sqrt', min_samples_split=3, loss='ls', n_iter_no_change=None, random_seed=0)
fold= 1
>>>>>>>>>>>>>training.............
###############################################GBDT#####################################################
GBDT_BET的BA值：-10.450177350987563
GBDT_BET:RMSD: 0.813020, P: 0.883703, R^2: 0.736156
GBDT_AE的BA值 ：-10.64781381237136
GBDT_AE :RMSD: 0.843425, P: 0.874161, R^2: 0.716052
GBDT_ECFP的BA值 ：-11.139938569287917
GBDT_ECFP :RMSD: 0.711246, P: 0.897435, R^2: 0.798077
GBDT_AE_BET的BA值    ：-10.548995581679462
GBDT_AE_BET    :RMSD: 0.821731, P: 0.883173, R^2: 0.730471
GBDT_AE_ECFP的BA值    ：-10.893876190829639
GBDT_AE_ECFP    :RMSD: 0.743941, P: 0.900253, R^2: 0.779086
GBDT_BET_ECFP的BA值    ：-10.79505796013774
GBDT_BET_ECFP    :RMSD: 0.736205, P: 0.900687, R^2: 0.783657
GBDT_AE_BET_ECFP的BA值    ：-10.745976577548946
GBDT_AE_BET_ECFP    :RMSD: 0.760447, P: 0.898381, R^2: 0.769175
fold= 2
>>>>>>>>>>>>>training.............
###############################################GBDT#####################################################
GBDT_BET的BA值：-11.32370436516114
GBDT_BET:RMSD: 1.099042, P: 0.807323, R^2: 0.611282
GBDT_AE的BA值 ：-10.953586146167394
GBDT_AE :RMSD: 1.120142, P: 0.800525, R^2: 0.596213
GBDT_ECFP的BA值 ：-11.552397676087473
GBDT_ECFP :RMSD: 1.052043, P: 0.809054, R^2: 0.643817
GBDT_AE_BET的BA值    ：-11.138645255664267
GBDT_AE_BET    :RMSD: 1.103851, P: 0.807919, R^2: 0.607873
GBDT_AE_ECFP的BA值    ：-11.252991911127435
GBDT_AE_ECFP    :RMSD: 1.067635, P: 0.814019, R^2: 0.633181
GBDT_BET_ECFP的BA值    ：-11.438051020624307
GBDT_BET_ECFP    :RMSD: 1.059060, P: 0.816316, R^2: 0.639050
GBDT_AE_BET_ECFP的BA值    ：-11.27656272913867
GBDT_AE_BET_ECFP    :RMSD: 1.072398, P: 0.815374, R^2: 0.629901
fold= 3
>>>>>>>>>>>>>training.............
###############################################GBDT#####################################################
GBDT_BET的BA值：-11.052450768652792
GBDT_BET:RMSD: 0.998780, P: 0.756694, R^2: 0.554250
GBDT_AE的BA值 ：-10.88793849245469
GBDT_AE :RMSD: 1.071835, P: 0.723887, R^2: 0.486658
GBDT_ECFP的BA值 ：-11.75864900233426
GBDT_ECFP :RMSD: 1.019943, P: 0.755139, R^2: 0.535160
GBDT_AE_BET的BA值    ：-10.970194630553742
GBDT_AE_BET    :RMSD: 1.026136, P: 0.745742, R^2: 0.529498
GBDT_AE_ECFP的BA值    ：-11.323293747394475
GBDT_AE_ECFP    :RMSD: 1.016165, P: 0.748081, R^2: 0.538597
GBDT_BET_ECFP的BA值    ：-11.405549885493524
GBDT_BET_ECFP    :RMSD: 0.994948, P: 0.759089, R^2: 0.557664
GBDT_AE_BET_ECFP的BA值    ：-11.233012754480578
GBDT_AE_BET_ECFP    :RMSD: 1.006380, P: 0.752863, R^2: 0.547441
fold= 4
>>>>>>>>>>>>>training.............
###############################################GBDT#####################################################
GBDT_BET的BA值：-11.021893091294626
GBDT_BET:RMSD: 1.251225, P: 0.730141, R^2: 0.520529
GBDT_AE的BA值 ：-10.704475048898953
GBDT_AE :RMSD: 1.199006, P: 0.779383, R^2: 0.559715
GBDT_ECFP的BA值 ：-12.185383673179867
GBDT_ECFP :RMSD: 1.123319, P: 0.785401, R^2: 0.613546
GBDT_AE_BET的BA值    ：-10.86318407009679
GBDT_AE_BET    :RMSD: 1.214041, P: 0.761591, R^2: 0.548603
GBDT_AE_ECFP的BA值    ：-11.44492936103941
GBDT_AE_ECFP    :RMSD: 1.119830, P: 0.795260, R^2: 0.615943
GBDT_BET_ECFP的BA值    ：-11.603638382237246
GBDT_BET_ECFP    :RMSD: 1.144140, P: 0.779083, R^2: 0.599087
GBDT_AE_BET_ECFP的BA值    ：-11.303917271124481
GBDT_AE_BET_ECFP    :RMSD: 1.149051, P: 0.784321, R^2: 0.595638
fold= 5
>>>>>>>>>>>>>training.............
###############################################GBDT#####################################################
GBDT_BET的BA值：-10.254783761388738
GBDT_BET:RMSD: 1.244266, P: 0.626620, R^2: 0.387127
GBDT_AE的BA值 ：-10.22197969921918
GBDT_AE :RMSD: 1.194322, P: 0.663381, R^2: 0.435340
GBDT_ECFP的BA值 ：-10.603638781785229
GBDT_ECFP :RMSD: 1.162727, P: 0.687108, R^2: 0.464820
GBDT_AE_BET的BA值    ：-10.149734351135079
GBDT_AE_BET    :RMSD: 1.210813, P: 0.651633, R^2: 0.419639
GBDT_AE_ECFP的BA值    ：-10.310902913440511
GBDT_AE_ECFP    :RMSD: 1.144595, P: 0.694647, R^2: 0.481381
GBDT_BET_ECFP的BA值    ：-10.199867639480681
GBDT_BET_ECFP    :RMSD: 1.159641, P: 0.685564, R^2: 0.467658
GBDT_AE_BET_ECFP的BA值    ：-10.153164327771453
GBDT_AE_BET_ECFP    :RMSD: 1.162239, P: 0.684691, R^2: 0.465269
fold= 6
>>>>>>>>>>>>>training.............
###############################################GBDT#####################################################
GBDT_BET的BA值：-11.652679357448461
GBDT_BET:RMSD: 0.815976, P: 0.831692, R^2: 0.659608
GBDT_AE的BA值 ：-11.109650169848834
GBDT_AE :RMSD: 0.831703, P: 0.839206, R^2: 0.646361
GBDT_ECFP的BA值 ：-11.883572692406602
GBDT_ECFP :RMSD: 0.921267, P: 0.788940, R^2: 0.566094
GBDT_AE_BET的BA值    ：-11.381164763648648
GBDT_AE_BET    :RMSD: 0.809843, P: 0.841399, R^2: 0.664706
GBDT_AE_ECFP的BA值    ：-11.496611431127718
GBDT_AE_ECFP    :RMSD: 0.829184, P: 0.822298, R^2: 0.648499
GBDT_BET_ECFP的BA值    ：-11.768126024927533
GBDT_BET_ECFP    :RMSD: 0.840387, P: 0.817553, R^2: 0.638937
GBDT_AE_BET_ECFP的BA值    ：-11.548634073234632
GBDT_AE_BET_ECFP    :RMSD: 0.815971, P: 0.829815, R^2: 0.659612
fold= 7
>>>>>>>>>>>>>training.............
###############################################GBDT#####################################################
GBDT_BET的BA值：-10.344274685643096
GBDT_BET:RMSD: 1.116133, P: 0.576139, R^2: 0.294074
GBDT_AE的BA值 ：-10.348103338186606
GBDT_AE :RMSD: 1.062041, P: 0.616184, R^2: 0.360840
GBDT_ECFP的BA值 ：-11.222137147757575
GBDT_ECFP :RMSD: 1.104916, P: 0.614539, R^2: 0.308192
GBDT_AE_BET的BA值    ：-10.346189011914852
GBDT_AE_BET    :RMSD: 1.082888, P: 0.600463, R^2: 0.335500
GBDT_AE_ECFP的BA值    ：-10.785120242972091
GBDT_AE_ECFP    :RMSD: 1.034139, P: 0.641135, R^2: 0.393983
GBDT_BET_ECFP的BA值    ：-10.783205916700336
GBDT_BET_ECFP    :RMSD: 1.071962, P: 0.616334, R^2: 0.348843
GBDT_AE_BET_ECFP的BA值    ：-10.638171723862426
GBDT_AE_BET_ECFP    :RMSD: 1.052523, P: 0.626265, R^2: 0.372244
fold= 8
>>>>>>>>>>>>>training.............
###############################################GBDT#####################################################
GBDT_BET的BA值：-10.524780432760878
GBDT_BET:RMSD: 0.934004, P: 0.781697, R^2: 0.597830
GBDT_AE的BA值 ：-10.244191091362595
GBDT_AE :RMSD: 1.001185, P: 0.750953, R^2: 0.537894
GBDT_ECFP的BA值 ：-11.125028685581631
GBDT_ECFP :RMSD: 1.119204, P: 0.681985, R^2: 0.422527
GBDT_AE_BET的BA值    ：-10.378079910858386
GBDT_AE_BET    :RMSD: 0.957876, P: 0.772269, R^2: 0.577008
GBDT_AE_ECFP的BA值    ：-10.678204037268761
GBDT_AE_ECFP    :RMSD: 1.026385, P: 0.725692, R^2: 0.514339
GBDT_BET_ECFP的BA值    ：-10.824904559171255
GBDT_BET_ECFP    :RMSD: 1.007917, P: 0.737850, R^2: 0.531658
GBDT_AE_BET_ECFP的BA值    ：-10.627062835766134
GBDT_AE_BET_ECFP    :RMSD: 0.989961, P: 0.747966, R^2: 0.548197
fold= 9
>>>>>>>>>>>>>training.............
###############################################GBDT#####################################################
GBDT_BET的BA值：-10.968931985281966
GBDT_BET:RMSD: 0.881963, P: 0.846751, R^2: 0.698322
GBDT_AE的BA值 ：-10.77851154486703
GBDT_AE :RMSD: 0.946369, P: 0.823674, R^2: 0.652652
GBDT_ECFP的BA值 ：-11.586302188162405
GBDT_ECFP :RMSD: 0.828615, P: 0.868530, R^2: 0.733713
GBDT_AE_BET的BA值    ：-10.873721765074498
GBDT_AE_BET    :RMSD: 0.902214, P: 0.841833, R^2: 0.684309
GBDT_AE_ECFP的BA值    ：-11.182406866514718
GBDT_AE_ECFP    :RMSD: 0.848838, P: 0.858731, R^2: 0.720557
GBDT_BET_ECFP的BA值    ：-11.277617086722184
GBDT_BET_ECFP    :RMSD: 0.831044, P: 0.865406, R^2: 0.732150
GBDT_AE_BET_ECFP的BA值    ：-11.111248572770466
GBDT_AE_BET_ECFP    :RMSD: 0.852482, P: 0.858502, R^2: 0.718153
fold= 10
>>>>>>>>>>>>>training.............
###############################################GBDT#####################################################
GBDT_BET的BA值：-10.805735734602994
GBDT_BET:RMSD: 1.050118, P: 0.784122, R^2: 0.573520
GBDT_AE的BA值 ：-10.487642030715538
GBDT_AE :RMSD: 1.007873, P: 0.821272, R^2: 0.607143
GBDT_ECFP的BA值 ：-10.89295157700799
GBDT_ECFP :RMSD: 1.018056, P: 0.774534, R^2: 0.599164
GBDT_AE_BET的BA值    ：-10.646688882659266
GBDT_AE_BET    :RMSD: 1.018607, P: 0.806577, R^2: 0.598730
GBDT_AE_ECFP的BA值    ：-10.690296803861763
GBDT_AE_ECFP    :RMSD: 0.974732, P: 0.811071, R^2: 0.632554
GBDT_BET_ECFP的BA值    ：-10.849343655805491
GBDT_BET_ECFP    :RMSD: 1.002901, P: 0.790962, R^2: 0.611010
GBDT_AE_BET_ECFP的BA值    ：-10.728776447442172
GBDT_AE_BET_ECFP    :RMSD: 0.989888, P: 0.806295, R^2: 0.621039
@@@@@@@@@@@@@@@@@@@@@@@@@@@@@@@@@@@@@@@@@@@最终结果@@@@@@@@@@@@@@@@@@@@@@@@@@@@@@@@@@@@@@@@@@@@@@@@@@
@@@@@@@@@@@@@@@@@@@@@@@@@@@@@@@@@@@@@@@@@@@最终结果@@@@@@@@@@@@@@@@@@@@@@@@@@@@@@@@@@@@@@@@@@@@@@@@@@
%%%%%%%%%%%%%%%%%%%%%%%%%%%%%%%%%%%%%%%%%%%GBDT%%%%%%%%%%%%%%%%%%%%%%%%%%%%%%%%%%%%%%%%%%%%%%%%%%%%%%
GBDT_BET:0-th Final RMSD: 1.032077, Final P: 0.762413, Final R^2: 0.577518
GBDT_AE :0-th Final RMSD: 1.035328, Final P: 0.767980, Final R^2: 0.574852
GBDT_ECFP :0-th Final RMSD: 1.015382, Final P: 0.771747, Final R^2: 0.591076
GBDT_AE_BET    :0-th Final RMSD: 1.024261, Final P: 0.770925, Final R^2: 0.583893
GBDT_AE_ECFP    :0-th Final RMSD: 0.988647, Final P: 0.784630, Final R^2: 0.612326
GBDT_BET_ECFP    :0-th Final RMSD: 0.993854, Final P: 0.780384, Final R^2: 0.608232
GBDT_AE_BET_ECFP    :0-th Final RMSD: 0.993816, Final P: 0.783015, Final R^2: 0.608262
0-th GBDT_AE的BA值 ：-11.109650
0-th GBDT_BET的BA值：-11.652679
0-th GBDT_ECFP的BA值 ：-12.185384
0-th GBDT_AE_BET的BA值：-11.381165
0-th GBDT_AE_ECFP的BA值    ：-11.496611
0-th GBDT_BET_ECFP的BA值    ：-11.768126
0-th GBDT_AE_BET_ECFP的BA值    ：-11.548634
total time: 0.17271493752797445 h
