size of data: (468,)
size of train size: 374
GBDT parameter
Namespace(n_estimators=10000, dataset='CHEMBL4607', max_depth=7, learning_rate=0.01, criterion='friedman_mse', subsample=0.7, max_features='sqrt', min_samples_split=3, loss='ls', n_iter_no_change=None, random_seed=0)
fold= 1
>>>>>>>>>>>>>training.............
###############################################GBDT#####################################################
GBDT_BET的BA值：-12.273403872592906
GBDT_BET:RMSD: 1.022656, P: 0.697205, R^2: 0.483375
GBDT_AE的BA值 ：-11.885854132260159
GBDT_AE :RMSD: 1.172997, P: 0.567701, R^2: 0.320312
GBDT_ECFP的BA值 ：-12.7666078551082
GBDT_ECFP :RMSD: 1.219516, P: 0.614477, R^2: 0.265332
GBDT_AE_BET的BA值    ：-12.079629002426532
GBDT_AE_BET    :RMSD: 1.085832, P: 0.647913, R^2: 0.417573
GBDT_AE_ECFP的BA值    ：-12.199063235225607
GBDT_AE_ECFP    :RMSD: 1.140815, P: 0.612738, R^2: 0.357095
GBDT_BET_ECFP的BA值    ：-12.362103414910932
GBDT_BET_ECFP    :RMSD: 1.088578, P: 0.662840, R^2: 0.414624
GBDT_AE_BET_ECFP的BA值    ：-12.20335365402734
GBDT_AE_BET_ECFP    :RMSD: 1.093059, P: 0.646404, R^2: 0.409795
fold= 2
>>>>>>>>>>>>>training.............
###############################################GBDT#####################################################
GBDT_BET的BA值：-12.315058011504004
GBDT_BET:RMSD: 1.220328, P: 0.717567, R^2: 0.473568
GBDT_AE的BA值 ：-11.810217847375412
GBDT_AE :RMSD: 1.164495, P: 0.775232, R^2: 0.520637
GBDT_ECFP的BA值 ：-13.368998060245444
GBDT_ECFP :RMSD: 1.306686, P: 0.650894, R^2: 0.396425
GBDT_AE_BET的BA值    ：-12.037247114680703
GBDT_AE_BET    :RMSD: 1.177566, P: 0.754294, R^2: 0.509816
GBDT_AE_ECFP的BA值    ：-12.44463371790621
GBDT_AE_ECFP    :RMSD: 1.187507, P: 0.726774, R^2: 0.501504
GBDT_BET_ECFP的BA值    ：-12.842028035874723
GBDT_BET_ECFP    :RMSD: 1.235554, P: 0.695821, R^2: 0.460350
GBDT_AE_BET_ECFP的BA值    ：-12.40144181577214
GBDT_AE_BET_ECFP    :RMSD: 1.189820, P: 0.730291, R^2: 0.499561
fold= 3
>>>>>>>>>>>>>training.............
###############################################GBDT#####################################################
GBDT_BET的BA值：-12.181840135173331
GBDT_BET:RMSD: 0.971154, P: 0.768433, R^2: 0.565334
GBDT_AE的BA值 ：-11.42567211979757
GBDT_AE :RMSD: 1.107654, P: 0.788007, R^2: 0.434558
GBDT_ECFP的BA值 ：-12.70644532818598
GBDT_ECFP :RMSD: 0.945296, P: 0.775263, R^2: 0.588172
GBDT_AE_BET的BA值    ：-11.80375612748545
GBDT_AE_BET    :RMSD: 1.000704, P: 0.800173, R^2: 0.538480
GBDT_AE_ECFP的BA值    ：-12.066058723991775
GBDT_AE_ECFP    :RMSD: 0.912741, P: 0.824003, R^2: 0.616050
GBDT_BET_ECFP的BA值    ：-12.444142731679655
GBDT_BET_ECFP    :RMSD: 0.914555, P: 0.789649, R^2: 0.614522
GBDT_AE_BET_ECFP的BA值    ：-12.10465252771896
GBDT_AE_BET_ECFP    :RMSD: 0.920147, P: 0.813736, R^2: 0.609793
fold= 4
>>>>>>>>>>>>>training.............
###############################################GBDT#####################################################
GBDT_BET的BA值：-12.23785378866996
GBDT_BET:RMSD: 0.885177, P: 0.793263, R^2: 0.597487
GBDT_AE的BA值 ：-12.051985583746564
GBDT_AE :RMSD: 0.888623, P: 0.805879, R^2: 0.594347
GBDT_ECFP的BA值 ：-12.87479558205776
GBDT_ECFP :RMSD: 0.767982, P: 0.837417, R^2: 0.697015
GBDT_AE_BET的BA值    ：-12.13704007456176
GBDT_AE_BET    :RMSD: 0.876004, P: 0.807259, R^2: 0.605786
GBDT_AE_ECFP的BA值    ：-12.45551097125566
GBDT_AE_ECFP    :RMSD: 0.775177, P: 0.841714, R^2: 0.691311
GBDT_BET_ECFP的BA值    ：-12.556324685363862
GBDT_BET_ECFP    :RMSD: 0.788344, P: 0.831105, R^2: 0.680735
GBDT_AE_BET_ECFP的BA值    ：-12.382958577060428
GBDT_AE_BET_ECFP    :RMSD: 0.802502, P: 0.832359, R^2: 0.669164
fold= 5
>>>>>>>>>>>>>training.............
###############################################GBDT#####################################################
GBDT_BET的BA值：-12.140036728325311
GBDT_BET:RMSD: 1.036778, P: 0.766972, R^2: 0.553010
GBDT_AE的BA值 ：-12.33285215047967
GBDT_AE :RMSD: 1.159813, P: 0.737284, R^2: 0.440627
GBDT_ECFP的BA值 ：-12.384839501926708
GBDT_ECFP :RMSD: 1.185355, P: 0.668144, R^2: 0.415717
GBDT_AE_BET的BA值    ：-12.23644443940249
GBDT_AE_BET    :RMSD: 1.072645, P: 0.774325, R^2: 0.521549
GBDT_AE_ECFP的BA值    ：-12.288757277512829
GBDT_AE_ECFP    :RMSD: 1.118423, P: 0.731059, R^2: 0.479839
GBDT_BET_ECFP的BA值    ：-12.19234956643565
GBDT_BET_ECFP    :RMSD: 1.084087, P: 0.731470, R^2: 0.511286
GBDT_AE_BET_ECFP的BA值    ：-12.23918376111699
GBDT_AE_BET_ECFP    :RMSD: 1.079176, P: 0.753221, R^2: 0.515705
fold= 6
>>>>>>>>>>>>>training.............
###############################################GBDT#####################################################
GBDT_BET的BA值：-12.276883481299524
GBDT_BET:RMSD: 0.904544, P: 0.767440, R^2: 0.580841
GBDT_AE的BA值 ：-11.885126854028163
GBDT_AE :RMSD: 0.901487, P: 0.781038, R^2: 0.583669
GBDT_ECFP的BA值 ：-13.110635338287084
GBDT_ECFP :RMSD: 0.987582, P: 0.748604, R^2: 0.500350
GBDT_AE_BET的BA值    ：-12.081005167663843
GBDT_AE_BET    :RMSD: 0.888416, P: 0.783616, R^2: 0.595655
GBDT_AE_ECFP的BA值    ：-12.33435831342085
GBDT_AE_ECFP    :RMSD: 0.862491, P: 0.793680, R^2: 0.618909
GBDT_BET_ECFP的BA值    ：-12.348215302245194
GBDT_BET_ECFP    :RMSD: 0.879574, P: 0.786409, R^2: 0.603663
GBDT_AE_BET_ECFP的BA值    ：-12.129438813496582
GBDT_AE_BET_ECFP    :RMSD: 0.857716, P: 0.797928, R^2: 0.623116
fold= 7
>>>>>>>>>>>>>training.............
###############################################GBDT#####################################################
GBDT_BET的BA值：-12.195255836325066
GBDT_BET:RMSD: 1.160132, P: 0.649569, R^2: 0.418482
GBDT_AE的BA值 ：-12.234011596515598
GBDT_AE :RMSD: 1.210947, P: 0.609641, R^2: 0.366424
GBDT_ECFP的BA值 ：-13.208836644891484
GBDT_ECFP :RMSD: 1.025547, P: 0.738654, R^2: 0.545578
GBDT_AE_BET的BA值    ：-12.017060828388068
GBDT_AE_BET    :RMSD: 1.168314, P: 0.647861, R^2: 0.410250
GBDT_AE_ECFP的BA值    ：-12.428680160139564
GBDT_AE_ECFP    :RMSD: 1.052171, P: 0.735425, R^2: 0.521678
GBDT_BET_ECFP的BA值    ：-12.177449623204978
GBDT_BET_ECFP    :RMSD: 1.037209, P: 0.739233, R^2: 0.535184
GBDT_AE_BET_ECFP的BA值    ：-12.187374994969778
GBDT_AE_BET_ECFP    :RMSD: 1.071201, P: 0.724176, R^2: 0.504218
fold= 8
>>>>>>>>>>>>>training.............
###############################################GBDT#####################################################
GBDT_BET的BA值：-12.339961372800234
GBDT_BET:RMSD: 0.916266, P: 0.774719, R^2: 0.573448
GBDT_AE的BA值 ：-11.809037283105841
GBDT_AE :RMSD: 0.940244, P: 0.808930, R^2: 0.550831
GBDT_ECFP的BA值 ：-13.102006240699664
GBDT_ECFP :RMSD: 0.934282, P: 0.749521, R^2: 0.556509
GBDT_AE_BET的BA值    ：-12.054779391046438
GBDT_AE_BET    :RMSD: 0.912899, P: 0.800493, R^2: 0.576577
GBDT_AE_ECFP的BA值    ：-12.410085787529308
GBDT_AE_ECFP    :RMSD: 0.879956, P: 0.794523, R^2: 0.606585
GBDT_BET_ECFP的BA值    ：-12.695267769283106
GBDT_BET_ECFP    :RMSD: 0.888147, P: 0.777862, R^2: 0.599227
GBDT_AE_BET_ECFP的BA值    ：-12.386710982619618
GBDT_AE_BET_ECFP    :RMSD: 0.881260, P: 0.796490, R^2: 0.605419
fold= 9
>>>>>>>>>>>>>training.............
###############################################GBDT#####################################################
GBDT_BET的BA值：-12.515246098857752
GBDT_BET:RMSD: 0.849372, P: 0.844294, R^2: 0.697875
GBDT_AE的BA值 ：-11.936084026688674
GBDT_AE :RMSD: 0.946026, P: 0.829464, R^2: 0.625203
GBDT_ECFP的BA值 ：-12.863357388436482
GBDT_ECFP :RMSD: 0.746226, P: 0.876943, R^2: 0.766799
GBDT_AE_BET的BA值    ：-12.225665062773214
GBDT_AE_BET    :RMSD: 0.883276, P: 0.843745, R^2: 0.673274
GBDT_AE_ECFP的BA值    ：-12.344448706999472
GBDT_AE_ECFP    :RMSD: 0.780371, P: 0.877129, R^2: 0.744969
GBDT_BET_ECFP的BA值    ：-12.643898891720553
GBDT_BET_ECFP    :RMSD: 0.736491, P: 0.884191, R^2: 0.772843
GBDT_AE_BET_ECFP的BA值    ：-12.371112603001189
GBDT_AE_BET_ECFP    :RMSD: 0.785497, P: 0.875956, R^2: 0.741608
fold= 10
>>>>>>>>>>>>>training.............
###############################################GBDT#####################################################
GBDT_BET的BA值：-12.55142850045361
GBDT_BET:RMSD: 1.317521, P: 0.702776, R^2: 0.459309
GBDT_AE的BA值 ：-12.420147040595248
GBDT_AE :RMSD: 1.345892, P: 0.693050, R^2: 0.435772
GBDT_ECFP的BA值 ：-13.650829361135852
GBDT_ECFP :RMSD: 1.235244, P: 0.743510, R^2: 0.524731
GBDT_AE_BET的BA值    ：-12.284563463950237
GBDT_AE_BET    :RMSD: 1.320773, P: 0.707886, R^2: 0.456636
GBDT_AE_ECFP的BA值    ：-13.03548820086555
GBDT_AE_ECFP    :RMSD: 1.247572, P: 0.743767, R^2: 0.515197
GBDT_BET_ECFP的BA值    ：-12.803191414980816
GBDT_BET_ECFP    :RMSD: 1.236926, P: 0.745091, R^2: 0.523436
GBDT_AE_BET_ECFP的BA值    ：-12.675509956852293
GBDT_AE_BET_ECFP    :RMSD: 1.258321, P: 0.739937, R^2: 0.506807
@@@@@@@@@@@@@@@@@@@@@@@@@@@@@@@@@@@@@@@@@@@最终结果@@@@@@@@@@@@@@@@@@@@@@@@@@@@@@@@@@@@@@@@@@@@@@@@@@
@@@@@@@@@@@@@@@@@@@@@@@@@@@@@@@@@@@@@@@@@@@最终结果@@@@@@@@@@@@@@@@@@@@@@@@@@@@@@@@@@@@@@@@@@@@@@@@@@
%%%%%%%%%%%%%%%%%%%%%%%%%%%%%%%%%%%%%%%%%%%GBDT%%%%%%%%%%%%%%%%%%%%%%%%%%%%%%%%%%%%%%%%%%%%%%%%%%%%%%
GBDT_BET:0-th Final RMSD: 1.038807, Final P: 0.741412, Final R^2: 0.542063
GBDT_AE :0-th Final RMSD: 1.093458, Final P: 0.719601, Final R^2: 0.492612
GBDT_ECFP :0-th Final RMSD: 1.052070, Final P: 0.736102, Final R^2: 0.530294
GBDT_AE_BET    :0-th Final RMSD: 1.048348, Final P: 0.745559, Final R^2: 0.533611
GBDT_AE_ECFP    :0-th Final RMSD: 1.009180, Final P: 0.759004, Final R^2: 0.567810
GBDT_BET_ECFP    :0-th Final RMSD: 1.002701, Final P: 0.758573, Final R^2: 0.573343
GBDT_AE_BET_ECFP    :0-th Final RMSD: 1.006089, Final P: 0.762928, Final R^2: 0.570454
0-th GBDT_AE的BA值 ：-12.420147
0-th GBDT_BET的BA值：-12.551429
0-th GBDT_ECFP的BA值 ：-13.650829
0-th GBDT_AE_BET的BA值：-12.284563
0-th GBDT_AE_ECFP的BA值    ：-13.035488
0-th GBDT_BET_ECFP的BA值    ：-12.842028
0-th GBDT_AE_BET_ECFP的BA值    ：-12.675510
total time: 0.21305338786707984 h
