size of data: (314,)
size of train size: 251
GBDT parameter
Namespace(n_estimators=10000, dataset='CHEMBL4029', max_depth=7, learning_rate=0.01, criterion='friedman_mse', subsample=0.7, max_features='sqrt', min_samples_split=3, loss='ls', n_iter_no_change=None, random_seed=0)
fold= 1
>>>>>>>>>>>>>training.............
###############################################GBDT#####################################################
GBDT_BET的BA值：-10.222464770798133
GBDT_BET:RMSD: 1.157959, P: 0.661645, R^2: 0.383123
GBDT_AE的BA值 ：-10.29323831263346
GBDT_AE :RMSD: 1.188798, P: 0.647438, R^2: 0.349827
GBDT_ECFP的BA值 ：-10.72535750207713
GBDT_ECFP :RMSD: 1.028474, P: 0.734380, R^2: 0.513370
GBDT_AE_BET的BA值    ：-10.257851541715796
GBDT_AE_BET    :RMSD: 1.167500, P: 0.660978, R^2: 0.372915
GBDT_AE_ECFP的BA值    ：-10.341096521418251
GBDT_AE_ECFP    :RMSD: 1.051045, P: 0.723364, R^2: 0.491776
GBDT_BET_ECFP的BA值    ：-10.463285865235775
GBDT_BET_ECFP    :RMSD: 1.052819, P: 0.718689, R^2: 0.490059
GBDT_AE_BET_ECFP的BA值    ：-10.296297357726926
GBDT_AE_BET_ECFP    :RMSD: 1.079756, P: 0.709660, R^2: 0.463631
fold= 2
>>>>>>>>>>>>>training.............
###############################################GBDT#####################################################
GBDT_BET的BA值：-10.682712161919962
GBDT_BET:RMSD: 1.047856, P: 0.638269, R^2: 0.405431
GBDT_AE的BA值 ：-10.349442541610355
GBDT_AE :RMSD: 1.102043, P: 0.588397, R^2: 0.342348
GBDT_ECFP的BA值 ：-11.639453506057277
GBDT_ECFP :RMSD: 1.185895, P: 0.548904, R^2: 0.238462
GBDT_AE_BET的BA值    ：-10.516077351765158
GBDT_AE_BET    :RMSD: 1.066022, P: 0.623383, R^2: 0.384637
GBDT_AE_ECFP的BA值    ：-10.927146679882103
GBDT_AE_ECFP    :RMSD: 1.096259, P: 0.596071, R^2: 0.349234
GBDT_BET_ECFP的BA值    ：-10.981982830674564
GBDT_BET_ECFP    :RMSD: 1.070940, P: 0.618071, R^2: 0.378946
GBDT_AE_BET_ECFP的BA值    ：-10.726268505018686
GBDT_AE_BET_ECFP    :RMSD: 1.065705, P: 0.622222, R^2: 0.385003
fold= 3
>>>>>>>>>>>>>training.............
###############################################GBDT#####################################################
GBDT_BET的BA值：-10.395947592835565
GBDT_BET:RMSD: 1.144897, P: 0.700855, R^2: 0.374780
GBDT_AE的BA值 ：-10.080720767294032
GBDT_AE :RMSD: 1.142035, P: 0.742267, R^2: 0.377902
GBDT_ECFP的BA值 ：-10.492934795383208
GBDT_ECFP :RMSD: 1.122776, P: 0.675839, R^2: 0.398707
GBDT_AE_BET的BA值    ：-10.238334180064799
GBDT_AE_BET    :RMSD: 1.133511, P: 0.730106, R^2: 0.387154
GBDT_AE_ECFP的BA值    ：-10.282126029092744
GBDT_AE_ECFP    :RMSD: 1.091749, P: 0.722217, R^2: 0.431480
GBDT_BET_ECFP的BA值    ：-10.405083116125219
GBDT_BET_ECFP    :RMSD: 1.103919, P: 0.703942, R^2: 0.418735
GBDT_AE_BET_ECFP的BA值    ：-10.29382783168424
GBDT_AE_BET_ECFP    :RMSD: 1.100805, P: 0.724123, R^2: 0.422010
fold= 4
>>>>>>>>>>>>>training.............
###############################################GBDT#####################################################
GBDT_BET的BA值：-10.88518725633023
GBDT_BET:RMSD: 0.980418, P: 0.657202, R^2: 0.426692
GBDT_AE的BA值 ：-10.244235594805822
GBDT_AE :RMSD: 1.061837, P: 0.586885, R^2: 0.327517
GBDT_ECFP的BA值 ：-10.831600328499308
GBDT_ECFP :RMSD: 1.136704, P: 0.571460, R^2: 0.229344
GBDT_AE_BET的BA值    ：-10.564711425568026
GBDT_AE_BET    :RMSD: 1.009970, P: 0.634777, R^2: 0.391609
GBDT_AE_ECFP的BA值    ：-10.537917961652564
GBDT_AE_ECFP    :RMSD: 1.040730, P: 0.599226, R^2: 0.353986
GBDT_BET_ECFP的BA值    ：-10.85839379241477
GBDT_BET_ECFP    :RMSD: 1.015932, P: 0.628635, R^2: 0.384406
GBDT_AE_BET_ECFP的BA值    ：-10.653674393211787
GBDT_AE_BET_ECFP    :RMSD: 1.008866, P: 0.627217, R^2: 0.392939
fold= 5
>>>>>>>>>>>>>training.............
###############################################GBDT#####################################################
GBDT_BET的BA值：-10.25036764516787
GBDT_BET:RMSD: 1.280770, P: 0.605792, R^2: 0.276415
GBDT_AE的BA值 ：-10.033046130316109
GBDT_AE :RMSD: 1.252421, P: 0.658010, R^2: 0.308092
GBDT_ECFP的BA值 ：-11.566266404156607
GBDT_ECFP :RMSD: 1.493580, P: 0.461469, R^2: 0.015978
GBDT_AE_BET的BA值    ：-10.085054432511589
GBDT_AE_BET    :RMSD: 1.262862, P: 0.633558, R^2: 0.296508
GBDT_AE_ECFP的BA值    ：-10.743003812005957
GBDT_AE_ECFP    :RMSD: 1.319731, P: 0.556759, R^2: 0.231722
GBDT_BET_ECFP的BA值    ：-10.908317024662239
GBDT_BET_ECFP    :RMSD: 1.343477, P: 0.538886, R^2: 0.203826
GBDT_AE_BET_ECFP的BA值    ：-10.578791756393262
GBDT_AE_BET_ECFP    :RMSD: 1.296407, P: 0.579602, R^2: 0.258637
fold= 6
>>>>>>>>>>>>>training.............
###############################################GBDT#####################################################
GBDT_BET的BA值：-10.094713046170064
GBDT_BET:RMSD: 0.651077, P: 0.883648, R^2: 0.712639
GBDT_AE的BA值 ：-9.88468505657243
GBDT_AE :RMSD: 0.701489, P: 0.874629, R^2: 0.666416
GBDT_ECFP的BA值 ：-10.394486412860397
GBDT_ECFP :RMSD: 0.620193, P: 0.864855, R^2: 0.739255
GBDT_AE_BET的BA值    ：-9.989699051371247
GBDT_AE_BET    :RMSD: 0.669165, P: 0.885702, R^2: 0.696450
GBDT_AE_ECFP的BA值    ：-10.139585734716412
GBDT_AE_ECFP    :RMSD: 0.599269, P: 0.902017, R^2: 0.756551
GBDT_BET_ECFP的BA值    ：-10.24459972951523
GBDT_BET_ECFP    :RMSD: 0.571382, P: 0.908595, R^2: 0.778682
GBDT_AE_BET_ECFP的BA值    ：-10.124628171867629
GBDT_AE_BET_ECFP    :RMSD: 0.599342, P: 0.909589, R^2: 0.756492
fold= 7
>>>>>>>>>>>>>training.............
###############################################GBDT#####################################################
GBDT_BET的BA值：-10.622119286443736
GBDT_BET:RMSD: 0.602446, P: 0.891349, R^2: 0.724807
GBDT_AE的BA值 ：-10.413454598387773
GBDT_AE :RMSD: 0.695972, P: 0.854263, R^2: 0.632731
GBDT_ECFP的BA值 ：-10.903866883890329
GBDT_ECFP :RMSD: 0.854616, P: 0.700667, R^2: 0.446213
GBDT_AE_BET的BA值    ：-10.517786942415754
GBDT_AE_BET    :RMSD: 0.635030, P: 0.891024, R^2: 0.694234
GBDT_AE_ECFP的BA值    ：-10.658660741139052
GBDT_AE_ECFP    :RMSD: 0.702339, P: 0.802946, R^2: 0.625981
GBDT_BET_ECFP的BA值    ：-10.762993085167032
GBDT_BET_ECFP    :RMSD: 0.652789, P: 0.832633, R^2: 0.676893
GBDT_AE_BET_ECFP的BA值    ：-10.646480256240613
GBDT_AE_BET_ECFP    :RMSD: 0.642306, P: 0.856980, R^2: 0.687187
fold= 8
>>>>>>>>>>>>>training.............
###############################################GBDT#####################################################
GBDT_BET的BA值：-10.691444749421287
GBDT_BET:RMSD: 0.792185, P: 0.869714, R^2: 0.707951
GBDT_AE的BA值 ：-10.45357588253734
GBDT_AE :RMSD: 0.881176, P: 0.841785, R^2: 0.638649
GBDT_ECFP的BA值 ：-10.801232958735516
GBDT_ECFP :RMSD: 0.719325, P: 0.875555, R^2: 0.759202
GBDT_AE_BET的BA值    ：-10.572510315979313
GBDT_AE_BET    :RMSD: 0.830488, P: 0.860654, R^2: 0.679026
GBDT_AE_ECFP的BA值    ：-10.627404420636427
GBDT_AE_ECFP    :RMSD: 0.745904, P: 0.881136, R^2: 0.741078
GBDT_BET_ECFP的BA值    ：-10.746338854078402
GBDT_BET_ECFP    :RMSD: 0.712641, P: 0.887292, R^2: 0.763656
GBDT_AE_BET_ECFP的BA值    ：-10.648751196898049
GBDT_AE_BET_ECFP    :RMSD: 0.752352, P: 0.882266, R^2: 0.736582
fold= 9
>>>>>>>>>>>>>training.............
###############################################GBDT#####################################################
GBDT_BET的BA值：-10.167042143552102
GBDT_BET:RMSD: 1.053408, P: 0.629984, R^2: 0.362268
GBDT_AE的BA值 ：-10.1220619402317
GBDT_AE :RMSD: 1.050672, P: 0.632708, R^2: 0.365576
GBDT_ECFP的BA值 ：-10.623899364316856
GBDT_ECFP :RMSD: 0.994759, P: 0.682936, R^2: 0.431303
GBDT_AE_BET的BA值    ：-10.1445520418919
GBDT_AE_BET    :RMSD: 1.045993, P: 0.638580, R^2: 0.371214
GBDT_AE_ECFP的BA值    ：-10.372980652274277
GBDT_AE_ECFP    :RMSD: 0.994745, P: 0.681991, R^2: 0.431319
GBDT_BET_ECFP的BA值    ：-10.395470753934479
GBDT_BET_ECFP    :RMSD: 0.996908, P: 0.680848, R^2: 0.428843
GBDT_AE_BET_ECFP的BA值    ：-10.304334482700218
GBDT_AE_BET_ECFP    :RMSD: 1.005908, P: 0.674739, R^2: 0.418484
fold= 10
>>>>>>>>>>>>>training.............
###############################################GBDT#####################################################
GBDT_BET的BA值：-10.319310054764575
GBDT_BET:RMSD: 0.900554, P: 0.700274, R^2: 0.487608
GBDT_AE的BA值 ：-10.443973229508938
GBDT_AE :RMSD: 0.963333, P: 0.653479, R^2: 0.413679
GBDT_ECFP的BA值 ：-10.53112407355418
GBDT_ECFP :RMSD: 0.913718, P: 0.696784, R^2: 0.472519
GBDT_AE_BET的BA值    ：-10.376976875169174
GBDT_AE_BET    :RMSD: 0.919899, P: 0.690325, R^2: 0.465359
GBDT_AE_ECFP的BA值    ：-10.487548651531558
GBDT_AE_ECFP    :RMSD: 0.882101, P: 0.717506, R^2: 0.508392
GBDT_BET_ECFP的BA值    ：-10.420552297191794
GBDT_BET_ECFP    :RMSD: 0.856829, P: 0.733293, R^2: 0.536157
GBDT_AE_BET_ECFP的BA值    ：-10.428359274630841
GBDT_AE_BET_ECFP    :RMSD: 0.873053, P: 0.726502, R^2: 0.518425
@@@@@@@@@@@@@@@@@@@@@@@@@@@@@@@@@@@@@@@@@@@最终结果@@@@@@@@@@@@@@@@@@@@@@@@@@@@@@@@@@@@@@@@@@@@@@@@@@
@@@@@@@@@@@@@@@@@@@@@@@@@@@@@@@@@@@@@@@@@@@最终结果@@@@@@@@@@@@@@@@@@@@@@@@@@@@@@@@@@@@@@@@@@@@@@@@@@
%%%%%%%%%%%%%%%%%%%%%%%%%%%%%%%%%%%%%%%%%%%GBDT%%%%%%%%%%%%%%%%%%%%%%%%%%%%%%%%%%%%%%%%%%%%%%%%%%%%%%
GBDT_BET:0-th Final RMSD: 0.985543, Final P: 0.710498, Final R^2: 0.493514
GBDT_AE :0-th Final RMSD: 1.021831, Final P: 0.691647, Final R^2: 0.455530
GBDT_ECFP :0-th Final RMSD: 1.035755, Final P: 0.677539, Final R^2: 0.440590
GBDT_AE_BET    :0-th Final RMSD: 0.995358, Final P: 0.710106, Final R^2: 0.483376
GBDT_AE_ECFP    :0-th Final RMSD: 0.975935, Final P: 0.712308, Final R^2: 0.503341
GBDT_BET_ECFP    :0-th Final RMSD: 0.965635, Final P: 0.717615, Final R^2: 0.513769
GBDT_AE_BET_ECFP    :0-th Final RMSD: 0.966916, Final P: 0.722514, Final R^2: 0.512479
0-th GBDT_AE的BA值 ：-10.453576
0-th GBDT_BET的BA值：-10.885187
0-th GBDT_ECFP的BA值 ：-11.639454
0-th GBDT_AE_BET的BA值：-10.572510
0-th GBDT_AE_ECFP的BA值    ：-10.927147
0-th GBDT_BET_ECFP的BA值    ：-10.981983
0-th GBDT_AE_BET_ECFP的BA值    ：-10.726269
total time: 0.14622119009494783 h
