size of data: (237,)
size of train size: 189
GBDT parameter
Namespace(n_estimators=10000, dataset='CHEMBL2319', max_depth=7, learning_rate=0.01, criterion='friedman_mse', subsample=0.7, max_features='sqrt', min_samples_split=3, loss='ls', n_iter_no_change=None, random_seed=0)
fold= 1
>>>>>>>>>>>>>training.............
###############################################GBDT#####################################################
GBDT_BET的BA值：-9.914673309949347
GBDT_BET:RMSD: 0.808591, P: 0.744376, R^2: 0.528375
GBDT_AE的BA值 ：-9.63597075299596
GBDT_AE :RMSD: 0.846007, P: 0.728988, R^2: 0.483718
GBDT_ECFP的BA值 ：-10.97107266618524
GBDT_ECFP :RMSD: 0.608106, P: 0.879547, R^2: 0.733255
GBDT_AE_BET的BA值    ：-9.763768520253501
GBDT_AE_BET    :RMSD: 0.814480, P: 0.748857, R^2: 0.521480
GBDT_AE_ECFP的BA值    ：-10.3035217095906
GBDT_AE_ECFP    :RMSD: 0.681021, P: 0.839743, R^2: 0.665451
GBDT_BET_ECFP的BA值    ：-10.431319476848142
GBDT_BET_ECFP    :RMSD: 0.669244, P: 0.841200, R^2: 0.676921
GBDT_AE_BET_ECFP的BA值    ：-10.166203235564081
GBDT_AE_BET_ECFP    :RMSD: 0.711874, P: 0.820215, R^2: 0.634451
fold= 2
>>>>>>>>>>>>>training.............
###############################################GBDT#####################################################
GBDT_BET的BA值：-9.305466875268223
GBDT_BET:RMSD: 0.927509, P: 0.677245, R^2: 0.439907
GBDT_AE的BA值 ：-9.434514190718943
GBDT_AE :RMSD: 0.995529, P: 0.601641, R^2: 0.354744
GBDT_ECFP的BA值 ：-10.431737296915175
GBDT_ECFP :RMSD: 0.794790, P: 0.785053, R^2: 0.588728
GBDT_AE_BET的BA值    ：-9.345069394799028
GBDT_AE_BET    :RMSD: 0.954315, P: 0.645886, R^2: 0.407064
GBDT_AE_ECFP的BA值    ：-9.933125743817058
GBDT_AE_ECFP    :RMSD: 0.835663, P: 0.744229, R^2: 0.545340
GBDT_BET_ECFP的BA值    ：-9.843680947897145
GBDT_BET_ECFP    :RMSD: 0.803876, P: 0.776430, R^2: 0.579271
GBDT_AE_BET_ECFP的BA值    ：-9.707292028837744
GBDT_AE_BET_ECFP    :RMSD: 0.852319, P: 0.736983, R^2: 0.527036
fold= 3
>>>>>>>>>>>>>training.............
###############################################GBDT#####################################################
GBDT_BET的BA值：-9.263102296785124
GBDT_BET:RMSD: 0.614772, P: 0.838534, R^2: 0.649366
GBDT_AE的BA值 ：-9.603444326649981
GBDT_AE :RMSD: 0.618355, P: 0.848202, R^2: 0.645267
GBDT_ECFP的BA值 ：-9.658568404544996
GBDT_ECFP :RMSD: 0.654297, P: 0.811111, R^2: 0.602831
GBDT_AE_BET的BA值    ：-9.35241757166169
GBDT_AE_BET    :RMSD: 0.600952, P: 0.859172, R^2: 0.664953
GBDT_AE_ECFP的BA值    ：-9.471459432096783
GBDT_AE_ECFP    :RMSD: 0.594186, P: 0.850113, R^2: 0.672455
GBDT_BET_ECFP的BA值    ：-9.46083535066506
GBDT_BET_ECFP    :RMSD: 0.609871, P: 0.841863, R^2: 0.654935
GBDT_AE_BET_ECFP的BA值    ：-9.402007053659565
GBDT_AE_BET_ECFP    :RMSD: 0.592186, P: 0.856857, R^2: 0.674656
fold= 4
>>>>>>>>>>>>>training.............
###############################################GBDT#####################################################
GBDT_BET的BA值：-9.133761738601304
GBDT_BET:RMSD: 1.016040, P: 0.682293, R^2: 0.444496
GBDT_AE的BA值 ：-9.155259784131015
GBDT_AE :RMSD: 1.147551, P: 0.541419, R^2: 0.291385
GBDT_ECFP的BA值 ：-9.436078612136455
GBDT_ECFP :RMSD: 1.013626, P: 0.726752, R^2: 0.447132
GBDT_AE_BET的BA值    ：-9.139650343090867
GBDT_AE_BET    :RMSD: 1.069959, P: 0.624788, R^2: 0.383972
GBDT_AE_ECFP的BA值    ：-9.290808779858443
GBDT_AE_ECFP    :RMSD: 1.039447, P: 0.663525, R^2: 0.418606
GBDT_BET_ECFP的BA值    ：-9.28492017536888
GBDT_BET_ECFP    :RMSD: 0.989157, P: 0.724598, R^2: 0.473502
GBDT_AE_BET_ECFP的BA值    ：-9.238459766106063
GBDT_AE_BET_ECFP    :RMSD: 1.024051, P: 0.678300, R^2: 0.435701
fold= 5
>>>>>>>>>>>>>training.............
###############################################GBDT#####################################################
GBDT_BET的BA值：-10.00404190165867
GBDT_BET:RMSD: 1.463631, P: 0.631313, R^2: 0.233057
GBDT_AE的BA值 ：-9.993322524683975
GBDT_AE :RMSD: 1.476811, P: 0.621135, R^2: 0.219182
GBDT_ECFP的BA值 ：-11.11934766116706
GBDT_ECFP :RMSD: 1.476130, P: 0.564837, R^2: 0.219902
GBDT_AE_BET的BA值    ：-9.998682213171323
GBDT_AE_BET    :RMSD: 1.466267, P: 0.632218, R^2: 0.230292
GBDT_AE_ECFP的BA值    ：-10.556335092925519
GBDT_AE_ECFP    :RMSD: 1.452543, P: 0.601827, R^2: 0.244634
GBDT_BET_ECFP的BA值    ：-10.561694781412864
GBDT_BET_ECFP    :RMSD: 1.447771, P: 0.605818, R^2: 0.249588
GBDT_AE_BET_ECFP的BA值    ：-10.372237362503235
GBDT_AE_BET_ECFP    :RMSD: 1.449954, P: 0.616648, R^2: 0.247324
fold= 6
>>>>>>>>>>>>>training.............
###############################################GBDT#####################################################
GBDT_BET的BA值：-9.663845551812642
GBDT_BET:RMSD: 0.728675, P: 0.827084, R^2: 0.607078
GBDT_AE的BA值 ：-9.695848285705235
GBDT_AE :RMSD: 0.917518, P: 0.723140, R^2: 0.377027
GBDT_ECFP的BA值 ：-10.66783935344033
GBDT_ECFP :RMSD: 0.795796, P: 0.771121, R^2: 0.531356
GBDT_AE_BET的BA值    ：-9.626137108227178
GBDT_AE_BET    :RMSD: 0.814026, P: 0.787508, R^2: 0.509639
GBDT_AE_ECFP的BA值    ：-10.128134009041023
GBDT_AE_ECFP    :RMSD: 0.813184, P: 0.761152, R^2: 0.510652
GBDT_BET_ECFP的BA值    ：-10.165842452626485
GBDT_BET_ECFP    :RMSD: 0.729670, P: 0.802991, R^2: 0.606004
GBDT_AE_BET_ECFP的BA值    ：-9.973371189964896
GBDT_AE_BET_ECFP    :RMSD: 0.775973, P: 0.787095, R^2: 0.554413
fold= 7
>>>>>>>>>>>>>training.............
###############################################GBDT#####################################################
GBDT_BET的BA值：-10.276647665949984
GBDT_BET:RMSD: 0.943651, P: 0.802553, R^2: 0.567160
GBDT_AE的BA值 ：-10.152229137024928
GBDT_AE :RMSD: 0.955880, P: 0.811394, R^2: 0.555868
GBDT_ECFP的BA值 ：-10.698600790025782
GBDT_ECFP :RMSD: 0.847309, P: 0.835351, R^2: 0.651030
GBDT_AE_BET的BA值    ：-10.214438401487456
GBDT_AE_BET    :RMSD: 0.932108, P: 0.824171, R^2: 0.577684
GBDT_AE_ECFP的BA值    ：-10.425414963525355
GBDT_AE_ECFP    :RMSD: 0.871294, P: 0.848936, R^2: 0.630994
GBDT_BET_ECFP的BA值    ：-10.487624227987883
GBDT_BET_ECFP    :RMSD: 0.885401, P: 0.829816, R^2: 0.618947
GBDT_AE_BET_ECFP的BA值    ：-10.375825864333565
GBDT_AE_BET_ECFP    :RMSD: 0.889790, P: 0.840460, R^2: 0.615160
fold= 8
>>>>>>>>>>>>>training.............
###############################################GBDT#####################################################
GBDT_BET的BA值：-10.199089671198152
GBDT_BET:RMSD: 0.977354, P: 0.705092, R^2: 0.468772
GBDT_AE的BA值 ：-9.891374091565392
GBDT_AE :RMSD: 1.034141, P: 0.674408, R^2: 0.405246
GBDT_ECFP的BA值 ：-10.238778789167167
GBDT_ECFP :RMSD: 0.914874, P: 0.739278, R^2: 0.534521
GBDT_AE_BET的BA值    ：-10.045231881381772
GBDT_AE_BET    :RMSD: 0.992778, P: 0.699862, R^2: 0.451873
GBDT_AE_ECFP的BA值    ：-10.06507644036628
GBDT_AE_ECFP    :RMSD: 0.937876, P: 0.728686, R^2: 0.510820
GBDT_BET_ECFP的BA值    ：-10.21893423018266
GBDT_BET_ECFP    :RMSD: 0.930306, P: 0.730756, R^2: 0.518685
GBDT_AE_BET_ECFP的BA值    ：-10.109747517310238
GBDT_AE_BET_ECFP    :RMSD: 0.946402, P: 0.724207, R^2: 0.501886
fold= 9
>>>>>>>>>>>>>training.............
###############################################GBDT#####################################################
GBDT_BET的BA值：-9.066322478972626
GBDT_BET:RMSD: 1.138342, P: 0.645721, R^2: 0.392813
GBDT_AE的BA值 ：-9.088810721444002
GBDT_AE :RMSD: 1.043472, P: 0.770184, R^2: 0.489802
GBDT_ECFP的BA值 ：-9.354707057785898
GBDT_ECFP :RMSD: 1.029793, P: 0.755222, R^2: 0.503091
GBDT_AE_BET的BA值    ：-9.077566600208314
GBDT_AE_BET    :RMSD: 1.084166, P: 0.712138, R^2: 0.449233
GBDT_AE_ECFP的BA值    ：-9.22175888961495
GBDT_AE_ECFP    :RMSD: 1.026248, P: 0.770657, R^2: 0.506507
GBDT_BET_ECFP的BA值    ：-9.210514768379262
GBDT_BET_ECFP    :RMSD: 1.074965, P: 0.715054, R^2: 0.458541
GBDT_AE_BET_ECFP的BA值    ：-9.169946752734175
GBDT_AE_BET_ECFP    :RMSD: 1.058902, P: 0.736066, R^2: 0.474602
fold= 10
>>>>>>>>>>>>>training.............
###############################################GBDT#####################################################
GBDT_BET的BA值：-9.849023229013522
GBDT_BET:RMSD: 0.861988, P: 0.677579, R^2: 0.362023
GBDT_AE的BA值 ：-9.566044088211449
GBDT_AE :RMSD: 0.847255, P: 0.735781, R^2: 0.383644
GBDT_ECFP的BA值 ：-10.02023555487292
GBDT_ECFP :RMSD: 0.946472, P: 0.605329, R^2: 0.230836
GBDT_AE_BET的BA值    ：-9.707533658612485
GBDT_AE_BET    :RMSD: 0.837042, P: 0.724366, R^2: 0.398414
GBDT_AE_ECFP的BA值    ：-9.793139821542184
GBDT_AE_ECFP    :RMSD: 0.876227, P: 0.685979, R^2: 0.340771
GBDT_BET_ECFP的BA值    ：-9.934629391943222
GBDT_BET_ECFP    :RMSD: 0.894472, P: 0.648929, R^2: 0.313032
GBDT_AE_BET_ECFP的BA值    ：-9.811767624032631
GBDT_AE_BET_ECFP    :RMSD: 0.863925, P: 0.690741, R^2: 0.359151
@@@@@@@@@@@@@@@@@@@@@@@@@@@@@@@@@@@@@@@@@@@最终结果@@@@@@@@@@@@@@@@@@@@@@@@@@@@@@@@@@@@@@@@@@@@@@@@@@
@@@@@@@@@@@@@@@@@@@@@@@@@@@@@@@@@@@@@@@@@@@最终结果@@@@@@@@@@@@@@@@@@@@@@@@@@@@@@@@@@@@@@@@@@@@@@@@@@
%%%%%%%%%%%%%%%%%%%%%%%%%%%%%%%%%%%%%%%%%%%GBDT%%%%%%%%%%%%%%%%%%%%%%%%%%%%%%%%%%%%%%%%%%%%%%%%%%%%%%
GBDT_BET:0-th Final RMSD: 0.973437, Final P: 0.694905, Final R^2: 0.471215
GBDT_AE :0-th Final RMSD: 1.011270, Final P: 0.673872, Final R^2: 0.429312
GBDT_ECFP :0-th Final RMSD: 0.936684, Final P: 0.716565, Final R^2: 0.510390
GBDT_AE_BET    :0-th Final RMSD: 0.981029, Final P: 0.696671, Final R^2: 0.462934
GBDT_AE_ECFP    :0-th Final RMSD: 0.939376, Final P: 0.719435, Final R^2: 0.507571
GBDT_BET_ECFP    :0-th Final RMSD: 0.931063, Final P: 0.722652, Final R^2: 0.516249
GBDT_AE_BET_ECFP    :0-th Final RMSD: 0.942766, Final P: 0.719637, Final R^2: 0.504011
0-th GBDT_AE的BA值 ：-10.152229
0-th GBDT_BET的BA值：-10.276648
0-th GBDT_ECFP的BA值 ：-11.119348
0-th GBDT_AE_BET的BA值：-10.214438
0-th GBDT_AE_ECFP的BA值    ：-10.556335
0-th GBDT_BET_ECFP的BA值    ：-10.561695
0-th GBDT_AE_BET_ECFP的BA值    ：-10.375826
total time: 0.11339336143599617 h
