size of data: (194,)
size of train size: 155
GBDT parameter
Namespace(n_estimators=10000, dataset='CHEMBL3106', max_depth=7, learning_rate=0.01, criterion='friedman_mse', subsample=0.7, max_features='sqrt', min_samples_split=3, loss='ls', n_iter_no_change=None, random_seed=0)
fold= 1
>>>>>>>>>>>>>training.............
###############################################GBDT#####################################################
GBDT_BET的BA值：-8.493655037039336
GBDT_BET:RMSD: 0.877687, P: 0.857219, R^2: 0.480840
GBDT_AE的BA值 ：-8.32837443214629
GBDT_AE :RMSD: 0.913857, P: 0.902301, R^2: 0.437169
GBDT_ECFP的BA值 ：-7.8015961088258265
GBDT_ECFP :RMSD: 1.060997, P: 0.716424, R^2: 0.241336
GBDT_AE_BET的BA值    ：-8.35878560023011
GBDT_AE_BET    :RMSD: 0.891405, P: 0.889146, R^2: 0.464486
GBDT_AE_ECFP的BA值    ：-7.960027099434418
GBDT_AE_ECFP    :RMSD: 0.980064, P: 0.856542, R^2: 0.352664
GBDT_BET_ECFP的BA值    ：-8.094896536243644
GBDT_BET_ECFP    :RMSD: 0.962065, P: 0.826690, R^2: 0.376222
GBDT_AE_BET_ECFP的BA值    ：-8.137903078636057
GBDT_AE_BET_ECFP    :RMSD: 0.942314, P: 0.867244, R^2: 0.401571
fold= 2
>>>>>>>>>>>>>training.............
###############################################GBDT#####################################################
GBDT_BET的BA值：-8.707571253018234
GBDT_BET:RMSD: 0.705613, P: 0.602337, R^2: 0.350153
GBDT_AE的BA值 ：-8.753550532185509
GBDT_AE :RMSD: 0.850474, P: 0.362523, R^2: 0.055938
GBDT_ECFP的BA值 ：-8.586756853378159
GBDT_ECFP :RMSD: 0.797374, P: 0.508239, R^2: 0.170144
GBDT_AE_BET的BA值    ：-8.555461243074529
GBDT_AE_BET    :RMSD: 0.769903, P: 0.500563, R^2: 0.226339
GBDT_AE_ECFP的BA值    ：-8.590360481585439
GBDT_AE_ECFP    :RMSD: 0.806634, P: 0.450924, R^2: 0.150758
GBDT_BET_ECFP的BA值    ：-8.647164053198196
GBDT_BET_ECFP    :RMSD: 0.739411, P: 0.564973, R^2: 0.286407
GBDT_AE_BET_ECFP的BA值    ：-8.565893113175738
GBDT_AE_BET_ECFP    :RMSD: 0.767648, P: 0.510151, R^2: 0.230865
fold= 3
>>>>>>>>>>>>>training.............
###############################################GBDT#####################################################
GBDT_BET的BA值：-8.50093855508523
GBDT_BET:RMSD: 1.096280, P: 0.764068, R^2: 0.403824
GBDT_AE的BA值 ：-8.1776419545917
GBDT_AE :RMSD: 1.208067, P: 0.669548, R^2: 0.276042
GBDT_ECFP的BA值 ：-8.757458944294456
GBDT_ECFP :RMSD: 1.311199, P: 0.441546, R^2: 0.147158
GBDT_AE_BET的BA值    ：-8.339290254838465
GBDT_AE_BET    :RMSD: 1.144133, P: 0.752515, R^2: 0.350641
GBDT_AE_ECFP的BA值    ：-8.376190509116139
GBDT_AE_ECFP    :RMSD: 1.246404, P: 0.569840, R^2: 0.229365
GBDT_BET_ECFP的BA值    ：-8.465758649553273
GBDT_BET_ECFP    :RMSD: 1.190388, P: 0.637992, R^2: 0.297075
GBDT_AE_BET_ECFP的BA值    ：-8.308813124348122
GBDT_AE_BET_ECFP    :RMSD: 1.189671, P: 0.666212, R^2: 0.297922
fold= 4
>>>>>>>>>>>>>training.............
###############################################GBDT#####################################################
GBDT_BET的BA值：-9.764545219439107
GBDT_BET:RMSD: 0.790576, P: 0.690704, R^2: 0.218861
GBDT_AE的BA值 ：-9.656320143931424
GBDT_AE :RMSD: 0.726274, P: 0.767657, R^2: 0.340762
GBDT_ECFP的BA值 ：-10.359906986385088
GBDT_ECFP :RMSD: 0.775006, P: 0.693721, R^2: 0.249328
GBDT_AE_BET的BA值    ：-9.710432681685266
GBDT_AE_BET    :RMSD: 0.748170, P: 0.733855, R^2: 0.300413
GBDT_AE_ECFP的BA值    ：-10.008113565158256
GBDT_AE_ECFP    :RMSD: 0.707779, P: 0.741092, R^2: 0.373911
GBDT_BET_ECFP的BA值    ：-10.062226102912097
GBDT_BET_ECFP    :RMSD: 0.759636, P: 0.702382, R^2: 0.278806
GBDT_AE_BET_ECFP的BA值    ：-9.926924116585207
GBDT_AE_BET_ECFP    :RMSD: 0.730138, P: 0.729098, R^2: 0.333730
fold= 5
>>>>>>>>>>>>>training.............
###############################################GBDT#####################################################
GBDT_BET的BA值：-9.334590161214948
GBDT_BET:RMSD: 0.900357, P: 0.869492, R^2: 0.582746
GBDT_AE的BA值 ：-8.902170950142427
GBDT_AE :RMSD: 0.986219, P: 0.845275, R^2: 0.499370
GBDT_ECFP的BA值 ：-8.371924352447314
GBDT_ECFP :RMSD: 1.085368, P: 0.779654, R^2: 0.393648
GBDT_AE_BET的BA值    ：-9.118380555678687
GBDT_AE_BET    :RMSD: 0.937102, P: 0.871308, R^2: 0.547994
GBDT_AE_ECFP的BA值    ：-8.637047651294871
GBDT_AE_ECFP    :RMSD: 1.014656, P: 0.861556, R^2: 0.470083
GBDT_BET_ECFP的BA值    ：-8.853257256831132
GBDT_BET_ECFP    :RMSD: 0.978210, P: 0.854684, R^2: 0.507468
GBDT_AE_BET_ECFP的BA值    ：-8.86956182126823
GBDT_AE_BET_ECFP    :RMSD: 0.971655, P: 0.872328, R^2: 0.514046
fold= 6
>>>>>>>>>>>>>training.............
###############################################GBDT#####################################################
GBDT_BET的BA值：-9.395983017106682
GBDT_BET:RMSD: 0.705155, P: 0.925582, R^2: 0.710933
GBDT_AE的BA值 ：-9.457004221346928
GBDT_AE :RMSD: 0.755089, P: 0.934966, R^2: 0.668544
GBDT_ECFP的BA值 ：-11.352310135662808
GBDT_ECFP :RMSD: 0.702195, P: 0.845317, R^2: 0.713354
GBDT_AE_BET的BA值    ：-9.20547683375679
GBDT_AE_BET    :RMSD: 0.719375, P: 0.944270, R^2: 0.699156
GBDT_AE_ECFP的BA值    ：-10.404657178504868
GBDT_AE_ECFP    :RMSD: 0.675198, P: 0.896829, R^2: 0.734972
GBDT_BET_ECFP的BA值    ：-10.153129790914731
GBDT_BET_ECFP    :RMSD: 0.612181, P: 0.931732, R^2: 0.782134
GBDT_AE_BET_ECFP的BA值    ：-9.92108793439213
GBDT_AE_BET_ECFP    :RMSD: 0.652529, P: 0.935940, R^2: 0.752469
fold= 7
>>>>>>>>>>>>>training.............
###############################################GBDT#####################################################
GBDT_BET的BA值：-8.552758915268578
GBDT_BET:RMSD: 0.751867, P: 0.571379, R^2: 0.283187
GBDT_AE的BA值 ：-8.098914936487
GBDT_AE :RMSD: 0.692011, P: 0.705408, R^2: 0.392775
GBDT_ECFP的BA值 ：-7.993225481889603
GBDT_ECFP :RMSD: 0.585735, P: 0.799722, R^2: 0.564964
GBDT_AE_BET的BA值    ：-8.240087357771142
GBDT_AE_BET    :RMSD: 0.706670, P: 0.648788, R^2: 0.366777
GBDT_AE_ECFP的BA值    ：-8.0460702091883
GBDT_AE_ECFP    :RMSD: 0.624221, P: 0.771982, R^2: 0.505917
GBDT_BET_ECFP的BA值    ：-8.187242630472443
GBDT_BET_ECFP    :RMSD: 0.641949, P: 0.713435, R^2: 0.477454
GBDT_AE_BET_ECFP的BA值    ：-8.157800065810628
GBDT_AE_BET_ECFP    :RMSD: 0.651261, P: 0.719838, R^2: 0.462185
fold= 8
>>>>>>>>>>>>>training.............
###############################################GBDT#####################################################
GBDT_BET的BA值：-8.29437430816149
GBDT_BET:RMSD: 1.076947, P: 0.225467, R^2: -0.007663
GBDT_AE的BA值 ：-8.152240089279665
GBDT_AE :RMSD: 1.016674, P: 0.372978, R^2: 0.101972
GBDT_ECFP的BA值 ：-7.897820404946653
GBDT_ECFP :RMSD: 0.961569, P: 0.468016, R^2: 0.196682
GBDT_AE_BET的BA值    ：-8.149753605959338
GBDT_AE_BET    :RMSD: 1.042863, P: 0.304225, R^2: 0.055112
GBDT_AE_ECFP的BA值    ：-7.916904852845302
GBDT_AE_ECFP    :RMSD: 0.958246, P: 0.453194, R^2: 0.202225
GBDT_BET_ECFP的BA值    ：-7.899544524529207
GBDT_BET_ECFP    :RMSD: 0.993811, P: 0.378124, R^2: 0.141907
GBDT_AE_BET_ECFP的BA值    ：-7.949583663442311
GBDT_AE_BET_ECFP    :RMSD: 0.991955, P: 0.386427, R^2: 0.145109
fold= 9
>>>>>>>>>>>>>training.............
###############################################GBDT#####################################################
GBDT_BET的BA值：-8.188579481707432
GBDT_BET:RMSD: 0.899041, P: 0.331208, R^2: 0.011399
GBDT_AE的BA值 ：-7.966371330976868
GBDT_AE :RMSD: 0.906252, P: 0.310189, R^2: -0.004523
GBDT_ECFP的BA值 ：-8.31917965773024
GBDT_ECFP :RMSD: 0.913862, P: 0.343831, R^2: -0.021465
GBDT_AE_BET的BA值    ：-8.058022206013547
GBDT_AE_BET    :RMSD: 0.897724, P: 0.326440, R^2: 0.014293
GBDT_AE_ECFP的BA值    ：-8.09735924384629
GBDT_AE_ECFP    :RMSD: 0.893290, P: 0.345692, R^2: 0.024006
GBDT_BET_ECFP的BA值    ：-8.104851533932337
GBDT_BET_ECFP    :RMSD: 0.891212, P: 0.353650, R^2: 0.028542
GBDT_AE_BET_ECFP的BA值    ：-8.018892897469694
GBDT_AE_BET_ECFP    :RMSD: 0.889933, P: 0.347304, R^2: 0.031328
fold= 10
>>>>>>>>>>>>>training.............
###############################################GBDT#####################################################
GBDT_BET的BA值：-8.63559636500398
GBDT_BET:RMSD: 0.621685, P: 0.791136, R^2: 0.563325
GBDT_AE的BA值 ：-8.59558923182733
GBDT_AE :RMSD: 0.659726, P: 0.792321, R^2: 0.508250
GBDT_ECFP的BA值 ：-8.649195610799786
GBDT_ECFP :RMSD: 0.768601, P: 0.582874, R^2: 0.332550
GBDT_AE_BET的BA值    ：-8.615592798415655
GBDT_AE_BET    :RMSD: 0.634782, P: 0.801224, R^2: 0.544732
GBDT_AE_ECFP的BA值    ：-8.349560485346988
GBDT_AE_ECFP    :RMSD: 0.695230, P: 0.699523, R^2: 0.453897
GBDT_BET_ECFP的BA值    ：-8.425603412415354
GBDT_BET_ECFP    :RMSD: 0.687696, P: 0.694545, R^2: 0.465669
GBDT_AE_BET_ECFP的BA值    ：-8.418621652414386
GBDT_AE_BET_ECFP    :RMSD: 0.668697, P: 0.735934, R^2: 0.494785
@@@@@@@@@@@@@@@@@@@@@@@@@@@@@@@@@@@@@@@@@@@最终结果@@@@@@@@@@@@@@@@@@@@@@@@@@@@@@@@@@@@@@@@@@@@@@@@@@
@@@@@@@@@@@@@@@@@@@@@@@@@@@@@@@@@@@@@@@@@@@最终结果@@@@@@@@@@@@@@@@@@@@@@@@@@@@@@@@@@@@@@@@@@@@@@@@@@
%%%%%%%%%%%%%%%%%%%%%%%%%%%%%%%%%%%%%%%%%%%GBDT%%%%%%%%%%%%%%%%%%%%%%%%%%%%%%%%%%%%%%%%%%%%%%%%%%%%%%
GBDT_BET:0-th Final RMSD: 0.856236, Final P: 0.674253, Final R^2: 0.433300
GBDT_AE :0-th Final RMSD: 0.887576, Final P: 0.663186, Final R^2: 0.391055
GBDT_ECFP :0-th Final RMSD: 0.920995, Final P: 0.592488, Final R^2: 0.344335
GBDT_AE_BET    :0-th Final RMSD: 0.863823, Final P: 0.682371, Final R^2: 0.423212
GBDT_AE_ECFP    :0-th Final RMSD: 0.881455, Final P: 0.648839, Final R^2: 0.399425
GBDT_BET_ECFP    :0-th Final RMSD: 0.865433, Final P: 0.660920, Final R^2: 0.421060
GBDT_AE_BET_ECFP    :0-th Final RMSD: 0.864057, Final P: 0.672812, Final R^2: 0.422900
0-th GBDT_AE的BA值 ：-9.656320
0-th GBDT_BET的BA值：-9.764545
0-th GBDT_ECFP的BA值 ：-11.352310
0-th GBDT_AE_BET的BA值：-9.710433
0-th GBDT_AE_ECFP的BA值    ：-10.404657
0-th GBDT_BET_ECFP的BA值    ：-10.153130
0-th GBDT_AE_BET_ECFP的BA值    ：-9.926924
total time: 0.09533253828684489 h
