size of data: (798,)
size of train size: 638
GBDT parameter
Namespace(n_estimators=10000, dataset='CHEMBL3869', max_depth=7, learning_rate=0.01, criterion='friedman_mse', subsample=0.7, max_features='sqrt', min_samples_split=3, loss='ls', n_iter_no_change=None, random_seed=0)
fold= 1
>>>>>>>>>>>>>training.............
###############################################GBDT#####################################################
GBDT_BET的BA值：-10.601803678630734
GBDT_BET:RMSD: 1.279171, P: 0.629496, R^2: 0.381567
GBDT_AE的BA值 ：-10.655598401191563
GBDT_AE :RMSD: 1.254873, P: 0.675064, R^2: 0.404839
GBDT_ECFP的BA值 ：-11.675574893321542
GBDT_ECFP :RMSD: 1.125621, P: 0.721961, R^2: 0.521127
GBDT_AE_BET的BA值    ：-10.62870103991115
GBDT_AE_BET    :RMSD: 1.254907, P: 0.665449, R^2: 0.404806
GBDT_AE_ECFP的BA值    ：-10.943583943887505
GBDT_AE_ECFP    :RMSD: 1.132720, P: 0.739827, R^2: 0.515068
GBDT_BET_ECFP的BA值    ：-10.993948315260441
GBDT_BET_ECFP    :RMSD: 1.145910, P: 0.723548, R^2: 0.503709
GBDT_AE_BET_ECFP的BA值    ：-10.777851582111955
GBDT_AE_BET_ECFP    :RMSD: 1.164561, P: 0.725019, R^2: 0.487422
fold= 2
>>>>>>>>>>>>>training.............
###############################################GBDT#####################################################
GBDT_BET的BA值：-10.938283114618368
GBDT_BET:RMSD: 0.999807, P: 0.745768, R^2: 0.540120
GBDT_AE的BA值 ：-10.603274607032315
GBDT_AE :RMSD: 1.121732, P: 0.671661, R^2: 0.421118
GBDT_ECFP的BA值 ：-11.4615532800758
GBDT_ECFP :RMSD: 0.987216, P: 0.756333, R^2: 0.551630
GBDT_AE_BET的BA值    ：-10.770778860825342
GBDT_AE_BET    :RMSD: 1.039304, P: 0.730965, R^2: 0.503068
GBDT_AE_ECFP的BA值    ：-10.862164412848916
GBDT_AE_ECFP    :RMSD: 0.990070, P: 0.754312, R^2: 0.549034
GBDT_BET_ECFP的BA值    ：-10.936747300696446
GBDT_BET_ECFP    :RMSD: 0.921126, P: 0.788522, R^2: 0.609654
GBDT_AE_BET_ECFP的BA值    ：-10.809885638371592
GBDT_AE_BET_ECFP    :RMSD: 0.966262, P: 0.771691, R^2: 0.570462
fold= 3
>>>>>>>>>>>>>training.............
###############################################GBDT#####################################################
GBDT_BET的BA值：-11.32706234583205
GBDT_BET:RMSD: 1.104609, P: 0.787850, R^2: 0.593723
GBDT_AE的BA值 ：-11.027461014618556
GBDT_AE :RMSD: 1.165736, P: 0.764665, R^2: 0.547514
GBDT_ECFP的BA值 ：-11.861030635027237
GBDT_ECFP :RMSD: 0.976360, P: 0.828142, R^2: 0.682586
GBDT_AE_BET的BA值    ：-11.124213718060819
GBDT_AE_BET    :RMSD: 1.118442, P: 0.790049, R^2: 0.583484
GBDT_AE_ECFP的BA值    ：-11.231841228004026
GBDT_AE_ECFP    :RMSD: 0.984733, P: 0.836099, R^2: 0.677119
GBDT_BET_ECFP的BA值    ：-11.553852277337823
GBDT_BET_ECFP    :RMSD: 0.967799, P: 0.837698, R^2: 0.688129
GBDT_AE_BET_ECFP的BA值    ：-11.18811184724112
GBDT_AE_BET_ECFP    :RMSD: 1.005352, P: 0.833013, R^2: 0.663456
fold= 4
>>>>>>>>>>>>>training.............
###############################################GBDT#####################################################
GBDT_BET的BA值：-10.74765008757339
GBDT_BET:RMSD: 1.256838, P: 0.744628, R^2: 0.490185
GBDT_AE的BA值 ：-11.005621476050067
GBDT_AE :RMSD: 1.331356, P: 0.702007, R^2: 0.427939
GBDT_ECFP的BA值 ：-11.95648317864852
GBDT_ECFP :RMSD: 0.967624, P: 0.845935, R^2: 0.697819
GBDT_AE_BET的BA值    ：-10.876635781811729
GBDT_AE_BET    :RMSD: 1.279844, P: 0.743396, R^2: 0.471350
GBDT_AE_ECFP的BA值    ：-11.110339041842401
GBDT_AE_ECFP    :RMSD: 1.098590, P: 0.826258, R^2: 0.610484
GBDT_BET_ECFP的BA值    ：-10.981353347604063
GBDT_BET_ECFP    :RMSD: 1.064952, P: 0.835703, R^2: 0.633972
GBDT_AE_BET_ECFP的BA值    ：-10.989442723752731
GBDT_AE_BET_ECFP    :RMSD: 1.136644, P: 0.817497, R^2: 0.583031
fold= 5
>>>>>>>>>>>>>training.............
###############################################GBDT#####################################################
GBDT_BET的BA值：-11.208659196270473
GBDT_BET:RMSD: 1.037504, P: 0.773581, R^2: 0.591229
GBDT_AE的BA值 ：-10.762227651475953
GBDT_AE :RMSD: 1.076019, P: 0.781003, R^2: 0.560316
GBDT_ECFP的BA值 ：-11.872895234375804
GBDT_ECFP :RMSD: 0.940757, P: 0.828328, R^2: 0.663909
GBDT_AE_BET的BA值    ：-10.985443423873214
GBDT_AE_BET    :RMSD: 1.040345, P: 0.785916, R^2: 0.588987
GBDT_AE_ECFP的BA值    ：-11.208131997402269
GBDT_AE_ECFP    :RMSD: 0.918259, P: 0.835062, R^2: 0.679793
GBDT_BET_ECFP的BA值    ：-11.431347769799528
GBDT_BET_ECFP    :RMSD: 0.928512, P: 0.822626, R^2: 0.672602
GBDT_AE_BET_ECFP的BA值    ：-11.208307730358337
GBDT_AE_BET_ECFP    :RMSD: 0.944655, P: 0.823004, R^2: 0.661119
fold= 6
>>>>>>>>>>>>>training.............
###############################################GBDT#####################################################
GBDT_BET的BA值：-10.867833075124459
GBDT_BET:RMSD: 1.308418, P: 0.702678, R^2: 0.468954
GBDT_AE的BA值 ：-11.057334824691283
GBDT_AE :RMSD: 1.401949, P: 0.643615, R^2: 0.390318
GBDT_ECFP的BA值 ：-12.280754353714633
GBDT_ECFP :RMSD: 1.080202, P: 0.800490, R^2: 0.638050
GBDT_AE_BET的BA值    ：-10.928524015708502
GBDT_AE_BET    :RMSD: 1.340335, P: 0.689805, R^2: 0.442730
GBDT_AE_ECFP的BA值    ：-11.555204710042617
GBDT_AE_ECFP    :RMSD: 1.183918, P: 0.773564, R^2: 0.565207
GBDT_BET_ECFP的BA值    ：-11.574293714419547
GBDT_BET_ECFP    :RMSD: 1.140856, P: 0.789766, R^2: 0.596261
GBDT_AE_BET_ECFP的BA值    ：-11.320666876570016
GBDT_AE_BET_ECFP    :RMSD: 1.208975, P: 0.765544, R^2: 0.546608
fold= 7
>>>>>>>>>>>>>training.............
###############################################GBDT#####################################################
GBDT_BET的BA值：-11.385904663313163
GBDT_BET:RMSD: 0.998110, P: 0.750471, R^2: 0.540279
GBDT_AE的BA值 ：-10.49606895181067
GBDT_AE :RMSD: 1.063178, P: 0.753985, R^2: 0.478386
GBDT_ECFP的BA值 ：-11.841811747799722
GBDT_ECFP :RMSD: 0.911843, P: 0.794811, R^2: 0.616313
GBDT_AE_BET的BA值    ：-10.768051679390645
GBDT_AE_BET    :RMSD: 1.010296, P: 0.765241, R^2: 0.528985
GBDT_AE_ECFP的BA值    ：-10.983982711325996
GBDT_AE_ECFP    :RMSD: 0.917631, P: 0.803449, R^2: 0.611426
GBDT_BET_ECFP的BA值    ：-11.613858205556443
GBDT_BET_ECFP    :RMSD: 0.900151, P: 0.799364, R^2: 0.626089
GBDT_AE_BET_ECFP的BA值    ：-11.117956695321718
GBDT_AE_BET_ECFP    :RMSD: 0.927005, P: 0.798766, R^2: 0.603447
fold= 8
>>>>>>>>>>>>>training.............
###############################################GBDT#####################################################
GBDT_BET的BA值：-11.08728352117171
GBDT_BET:RMSD: 1.048264, P: 0.768905, R^2: 0.553354
GBDT_AE的BA值 ：-10.450956234365682
GBDT_AE :RMSD: 1.067759, P: 0.809314, R^2: 0.536587
GBDT_ECFP的BA值 ：-11.435814057041856
GBDT_ECFP :RMSD: 0.873337, P: 0.831411, R^2: 0.689983
GBDT_AE_BET的BA值    ：-10.578175776195327
GBDT_AE_BET    :RMSD: 1.039083, P: 0.805896, R^2: 0.561144
GBDT_AE_ECFP的BA值    ：-10.831348998434034
GBDT_AE_ECFP    :RMSD: 0.897941, P: 0.854216, R^2: 0.672269
GBDT_BET_ECFP的BA值    ：-11.200137844740707
GBDT_BET_ECFP    :RMSD: 0.905104, P: 0.832689, R^2: 0.667019
GBDT_AE_BET_ECFP的BA值    ：-10.823114573566786
GBDT_AE_BET_ECFP    :RMSD: 0.932091, P: 0.842772, R^2: 0.646867
fold= 9
>>>>>>>>>>>>>training.............
###############################################GBDT#####################################################
GBDT_BET的BA值：-11.638534202307605
GBDT_BET:RMSD: 1.348594, P: 0.663805, R^2: 0.427588
GBDT_AE的BA值 ：-11.222240142827552
GBDT_AE :RMSD: 1.436150, P: 0.611684, R^2: 0.350849
GBDT_ECFP的BA值 ：-12.155540066675293
GBDT_ECFP :RMSD: 1.330971, P: 0.670569, R^2: 0.442450
GBDT_AE_BET的BA值    ：-11.360187665082945
GBDT_AE_BET    :RMSD: 1.373499, P: 0.654239, R^2: 0.406251
GBDT_AE_ECFP的BA值    ：-11.618690597266788
GBDT_AE_ECFP    :RMSD: 1.341286, P: 0.662215, R^2: 0.433776
GBDT_BET_ECFP的BA值    ：-11.897037134491448
GBDT_BET_ECFP    :RMSD: 1.311308, P: 0.679184, R^2: 0.458803
GBDT_AE_BET_ECFP的BA值    ：-11.625305132280394
GBDT_AE_BET_ECFP    :RMSD: 1.331982, P: 0.670759, R^2: 0.441603
fold= 10
>>>>>>>>>>>>>training.............
###############################################GBDT#####################################################
GBDT_BET的BA值：-11.350949631711247
GBDT_BET:RMSD: 1.127436, P: 0.808981, R^2: 0.550604
GBDT_AE的BA值 ：-10.683411327557335
GBDT_AE :RMSD: 1.258034, P: 0.755483, R^2: 0.440462
GBDT_ECFP的BA值 ：-11.733871052093505
GBDT_ECFP :RMSD: 1.049957, P: 0.784362, R^2: 0.610248
GBDT_AE_BET的BA值    ：-11.017180479634291
GBDT_AE_BET    :RMSD: 1.180091, P: 0.801866, R^2: 0.507648
GBDT_AE_ECFP的BA值    ：-11.154878547628922
GBDT_AE_ECFP    :RMSD: 1.082018, P: 0.811576, R^2: 0.586082
GBDT_BET_ECFP的BA值    ：-11.441770680187584
GBDT_BET_ECFP    :RMSD: 1.022187, P: 0.830463, R^2: 0.630592
GBDT_AE_BET_ECFP的BA值    ：-11.188984229310835
GBDT_AE_BET_ECFP    :RMSD: 1.078930, P: 0.829110, R^2: 0.588442
@@@@@@@@@@@@@@@@@@@@@@@@@@@@@@@@@@@@@@@@@@@最终结果@@@@@@@@@@@@@@@@@@@@@@@@@@@@@@@@@@@@@@@@@@@@@@@@@@
@@@@@@@@@@@@@@@@@@@@@@@@@@@@@@@@@@@@@@@@@@@最终结果@@@@@@@@@@@@@@@@@@@@@@@@@@@@@@@@@@@@@@@@@@@@@@@@@@
%%%%%%%%%%%%%%%%%%%%%%%%%%%%%%%%%%%%%%%%%%%GBDT%%%%%%%%%%%%%%%%%%%%%%%%%%%%%%%%%%%%%%%%%%%%%%%%%%%%%%
GBDT_BET:0-th Final RMSD: 1.157750, Final P: 0.730963, Final R^2: 0.514782
GBDT_AE :0-th Final RMSD: 1.224552, Final P: 0.706666, Final R^2: 0.457173
GBDT_ECFP :0-th Final RMSD: 1.031591, Final P: 0.784962, Final R^2: 0.614768
GBDT_AE_BET    :0-th Final RMSD: 1.174550, Final P: 0.734948, Final R^2: 0.500598
GBDT_AE_ECFP    :0-th Final RMSD: 1.062733, Final P: 0.785665, Final R^2: 0.591158
GBDT_BET_ECFP    :0-th Final RMSD: 1.038379, Final P: 0.789827, Final R^2: 0.609682
GBDT_AE_BET_ECFP    :0-th Final RMSD: 1.077276, Final P: 0.782303, Final R^2: 0.579892
0-th GBDT_AE的BA值 ：-11.222240
0-th GBDT_BET的BA值：-11.638534
0-th GBDT_ECFP的BA值 ：-12.280754
0-th GBDT_AE_BET的BA值：-11.360188
0-th GBDT_AE_ECFP的BA值    ：-11.618691
0-th GBDT_BET_ECFP的BA值    ：-11.897037
0-th GBDT_AE_BET_ECFP的BA值    ：-11.625305
total time: 0.3690971727503671 h
