size of data: (77,)
size of train size: 61
GBDT parameter
Namespace(n_estimators=10000, dataset='CHEMBL6003', max_depth=7, learning_rate=0.01, criterion='friedman_mse', subsample=0.7, max_features='sqrt', min_samples_split=3, loss='ls', n_iter_no_change=None, random_seed=0)
fold= 1
>>>>>>>>>>>>>training.............
###############################################GBDT#####################################################
GBDT_BET的BA值：-9.701435897922533
GBDT_BET:RMSD: 1.152297, P: -0.112405, R^2: -0.207028
GBDT_AE的BA值 ：-10.356696291377204
GBDT_AE :RMSD: 1.219004, P: 0.092560, R^2: -0.350826
GBDT_ECFP的BA值 ：-9.570505482043025
GBDT_ECFP :RMSD: 0.849649, P: 0.730566, R^2: 0.343752
GBDT_AE_BET的BA值    ：-10.029066094649869
GBDT_AE_BET    :RMSD: 1.153672, P: 0.022311, R^2: -0.209911
GBDT_AE_ECFP的BA值    ：-9.778605484340927
GBDT_AE_ECFP    :RMSD: 0.991482, P: 0.340504, R^2: 0.106369
GBDT_BET_ECFP的BA值    ：-9.378618691707072
GBDT_BET_ECFP    :RMSD: 0.998713, P: 0.326503, R^2: 0.093287
GBDT_AE_BET_ECFP的BA值    ：-9.695160559520486
GBDT_AE_BET_ECFP    :RMSD: 1.038697, P: 0.215871, R^2: 0.019232
fold= 2
>>>>>>>>>>>>>training.............
###############################################GBDT#####################################################
GBDT_BET的BA值：-9.24050197753374
GBDT_BET:RMSD: 1.076035, P: 0.669033, R^2: 0.277655
GBDT_AE的BA值 ：-9.49658329495319
GBDT_AE :RMSD: 1.292448, P: 0.084442, R^2: -0.042121
GBDT_ECFP的BA值 ：-8.942202629564248
GBDT_ECFP :RMSD: 1.183766, P: 0.430613, R^2: 0.125773
GBDT_AE_BET的BA值    ：-9.312104200355616
GBDT_AE_BET    :RMSD: 1.178924, P: 0.407729, R^2: 0.132911
GBDT_AE_ECFP的BA值    ：-9.21939296225872
GBDT_AE_ECFP    :RMSD: 1.219675, P: 0.274338, R^2: 0.071931
GBDT_BET_ECFP的BA值    ：-9.037232996874248
GBDT_BET_ECFP    :RMSD: 1.124980, P: 0.572566, R^2: 0.210446
GBDT_AE_BET_ECFP的BA值    ：-9.188803676758495
GBDT_AE_BET_ECFP    :RMSD: 1.171069, P: 0.435565, R^2: 0.144427
fold= 3
>>>>>>>>>>>>>training.............
###############################################GBDT#####################################################
GBDT_BET的BA值：-10.256012857029795
GBDT_BET:RMSD: 0.587943, P: 0.648712, R^2: -0.180880
GBDT_AE的BA值 ：-10.091019698423587
GBDT_AE :RMSD: 0.871789, P: 0.545566, R^2: -1.596321
GBDT_ECFP的BA值 ：-9.040317786714379
GBDT_ECFP :RMSD: 0.473524, P: 0.590815, R^2: 0.234015
GBDT_AE_BET的BA值    ：-10.14270593651103
GBDT_AE_BET    :RMSD: 0.653793, P: 0.671357, R^2: -0.460214
GBDT_AE_ECFP的BA值    ：-9.514161500440913
GBDT_AE_ECFP    :RMSD: 0.550364, P: 0.631187, R^2: -0.034751
GBDT_BET_ECFP的BA值    ：-9.58098416543497
GBDT_BET_ECFP    :RMSD: 0.459969, P: 0.693890, R^2: 0.277241
GBDT_AE_BET_ECFP的BA值    ：-9.730455782287402
GBDT_AE_BET_ECFP    :RMSD: 0.520444, P: 0.708367, R^2: 0.074699
fold= 4
>>>>>>>>>>>>>training.............
###############################################GBDT#####################################################
GBDT_BET的BA值：-9.33346802371225
GBDT_BET:RMSD: 1.507702, P: 0.419042, R^2: -0.450754
GBDT_AE的BA值 ：-9.59518089969259
GBDT_AE :RMSD: 1.556221, P: 0.472715, R^2: -0.545628
GBDT_ECFP的BA值 ：-9.284957219375814
GBDT_ECFP :RMSD: 1.247452, P: 0.649655, R^2: 0.006860
GBDT_AE_BET的BA值    ：-9.394892757703456
GBDT_AE_BET    :RMSD: 1.527064, P: 0.474005, R^2: -0.488255
GBDT_AE_ECFP的BA值    ：-9.260729905094603
GBDT_AE_ECFP    :RMSD: 1.388917, P: 0.597152, R^2: -0.231162
GBDT_BET_ECFP的BA值    ：-9.305957433292154
GBDT_BET_ECFP    :RMSD: 1.373381, P: 0.561535, R^2: -0.203774
GBDT_AE_BET_ECFP的BA值    ：-9.28497594463382
GBDT_AE_BET_ECFP    :RMSD: 1.427416, P: 0.556274, R^2: -0.300360
fold= 5
>>>>>>>>>>>>>training.............
###############################################GBDT#####################################################
GBDT_BET的BA值：-9.818549102278372
GBDT_BET:RMSD: 1.653466, P: 0.843551, R^2: 0.277150
GBDT_AE的BA值 ：-9.837511325662724
GBDT_AE :RMSD: 2.000720, P: 0.219738, R^2: -0.058354
GBDT_ECFP的BA值 ：-9.763571300993233
GBDT_ECFP :RMSD: 1.918937, P: 0.342917, R^2: 0.026402
GBDT_AE_BET的BA值    ：-9.583201169090257
GBDT_AE_BET    :RMSD: 1.819679, P: 0.603330, R^2: 0.124517
GBDT_AE_ECFP的BA值    ：-9.660626380843533
GBDT_AE_ECFP    :RMSD: 1.956421, P: 0.286652, R^2: -0.012005
GBDT_BET_ECFP的BA值    ：-9.495905817688058
GBDT_BET_ECFP    :RMSD: 1.778748, P: 0.668559, R^2: 0.163460
GBDT_AE_BET_ECFP的BA值    ：-9.550047924734953
GBDT_AE_BET_ECFP    :RMSD: 1.849681, P: 0.531043, R^2: 0.095410
fold= 6
>>>>>>>>>>>>>training.............
###############################################GBDT#####################################################
GBDT_BET的BA值：-9.660013870197844
GBDT_BET:RMSD: 0.950659, P: -0.015650, R^2: -0.334783
GBDT_AE的BA值 ：-9.96162407935553
GBDT_AE :RMSD: 0.991953, P: -0.008392, R^2: -0.453260
GBDT_ECFP的BA值 ：-9.978088788946817
GBDT_ECFP :RMSD: 1.115733, P: -0.313253, R^2: -0.838576
GBDT_AE_BET的BA值    ：-9.810818974776687
GBDT_AE_BET    :RMSD: 0.958300, P: -0.012054, R^2: -0.356327
GBDT_AE_ECFP的BA值    ：-9.969856434151174
GBDT_AE_ECFP    :RMSD: 1.026301, P: -0.171021, R^2: -0.555646
GBDT_BET_ECFP的BA值    ：-9.81905132957233
GBDT_BET_ECFP    :RMSD: 1.020472, P: -0.185746, R^2: -0.538025
GBDT_AE_BET_ECFP的BA值    ：-9.866575579500063
GBDT_AE_BET_ECFP    :RMSD: 0.995512, P: -0.124572, R^2: -0.463708
fold= 7
>>>>>>>>>>>>>training.............
###############################################GBDT#####################################################
GBDT_BET的BA值：-9.660792620194169
GBDT_BET:RMSD: 1.085577, P: 0.927077, R^2: 0.466240
GBDT_AE的BA值 ：-9.994597121299517
GBDT_AE :RMSD: 1.333358, P: 0.689445, R^2: 0.194773
GBDT_ECFP的BA值 ：-9.447538962264508
GBDT_ECFP :RMSD: 1.080411, P: 0.935663, R^2: 0.471308
GBDT_AE_BET的BA值    ：-9.827694870746843
GBDT_AE_BET    :RMSD: 1.191363, P: 0.934662, R^2: 0.357145
GBDT_AE_ECFP的BA值    ：-9.721068041782011
GBDT_AE_ECFP    :RMSD: 1.160778, P: 0.932599, R^2: 0.389728
GBDT_BET_ECFP的BA值    ：-9.554165791229337
GBDT_BET_ECFP    :RMSD: 1.055441, P: 0.970410, R^2: 0.495463
GBDT_AE_BET_ECFP的BA值    ：-9.700976234586063
GBDT_AE_BET_ECFP    :RMSD: 1.125424, P: 0.981067, R^2: 0.426336
fold= 8
>>>>>>>>>>>>>training.............
###############################################GBDT#####################################################
GBDT_BET的BA值：-9.342703049330105
GBDT_BET:RMSD: 2.248741, P: 0.448071, R^2: 0.095637
GBDT_AE的BA值 ：-9.850380206572183
GBDT_AE :RMSD: 2.035886, P: 0.762224, R^2: 0.258740
GBDT_ECFP的BA值 ：-9.03984327038889
GBDT_ECFP :RMSD: 2.367489, P: 0.180382, R^2: -0.002397
GBDT_AE_BET的BA值    ：-9.463921181341457
GBDT_AE_BET    :RMSD: 2.135005, P: 0.728464, R^2: 0.184805
GBDT_AE_ECFP的BA值    ：-9.252672931333759
GBDT_AE_ECFP    :RMSD: 2.191858, P: 0.636568, R^2: 0.140812
GBDT_BET_ECFP的BA值    ：-9.191273159859497
GBDT_BET_ECFP    :RMSD: 2.304017, P: 0.339004, R^2: 0.050631
GBDT_AE_BET_ECFP的BA值    ：-9.23342306950191
GBDT_AE_BET_ECFP    :RMSD: 2.207997, P: 0.612748, R^2: 0.128112
fold= 9
>>>>>>>>>>>>>training.............
###############################################GBDT#####################################################
GBDT_BET的BA值：-9.64816809393309
GBDT_BET:RMSD: 0.809370, P: 0.513755, R^2: 0.157451
GBDT_AE的BA值 ：-9.95283120661015
GBDT_AE :RMSD: 0.596774, P: 0.756619, R^2: 0.541942
GBDT_ECFP的BA值 ：-9.91578398947068
GBDT_ECFP :RMSD: 0.623115, P: 0.773328, R^2: 0.500612
GBDT_AE_BET的BA值    ：-9.586908429006888
GBDT_AE_BET    :RMSD: 0.677984, P: 0.690040, R^2: 0.408792
GBDT_AE_ECFP的BA值    ：-9.934307598040416
GBDT_AE_ECFP    :RMSD: 0.583191, P: 0.803554, R^2: 0.562556
GBDT_BET_ECFP的BA值    ：-9.568384820437153
GBDT_BET_ECFP    :RMSD: 0.707305, P: 0.678156, R^2: 0.356551
GBDT_AE_BET_ECFP的BA值    ：-9.696533615828152
GBDT_AE_BET_ECFP    :RMSD: 0.649848, P: 0.739629, R^2: 0.456844
fold= 10
>>>>>>>>>>>>>training.............
###############################################GBDT#####################################################
GBDT_BET的BA值：-9.917294446675662
GBDT_BET:RMSD: 1.330725, P: -0.386782, R^2: -0.941102
GBDT_AE的BA值 ：-9.766063278463257
GBDT_AE :RMSD: 1.095789, P: 0.023808, R^2: -0.316212
GBDT_ECFP的BA值 ：-9.085438410106573
GBDT_ECFP :RMSD: 1.316183, P: -0.429629, R^2: -0.898909
GBDT_AE_BET的BA值    ：-9.704959141268812
GBDT_AE_BET    :RMSD: 1.195783, P: -0.226055, R^2: -0.567389
GBDT_AE_ECFP的BA值    ：-9.289031122984268
GBDT_AE_ECFP    :RMSD: 1.179180, P: -0.141998, R^2: -0.524164
GBDT_BET_ECFP的BA值    ：-9.501366428391117
GBDT_BET_ECFP    :RMSD: 1.298912, P: -0.414507, R^2: -0.849403
GBDT_AE_BET_ECFP的BA值    ：-9.4984522308814
GBDT_AE_BET_ECFP    :RMSD: 1.216837, P: -0.275625, R^2: -0.623067
@@@@@@@@@@@@@@@@@@@@@@@@@@@@@@@@@@@@@@@@@@@最终结果@@@@@@@@@@@@@@@@@@@@@@@@@@@@@@@@@@@@@@@@@@@@@@@@@@
@@@@@@@@@@@@@@@@@@@@@@@@@@@@@@@@@@@@@@@@@@@最终结果@@@@@@@@@@@@@@@@@@@@@@@@@@@@@@@@@@@@@@@@@@@@@@@@@@
%%%%%%%%%%%%%%%%%%%%%%%%%%%%%%%%%%%%%%%%%%%GBDT%%%%%%%%%%%%%%%%%%%%%%%%%%%%%%%%%%%%%%%%%%%%%%%%%%%%%%
GBDT_BET:0-th Final RMSD: 1.308039, Final P: 0.381774, Final R^2: 0.141186
GBDT_AE :0-th Final RMSD: 1.371015, Final P: 0.284758, Final R^2: 0.056501
GBDT_ECFP :0-th Final RMSD: 1.319502, Final P: 0.384013, Final R^2: 0.126068
GBDT_AE_BET    :0-th Final RMSD: 1.320013, Final P: 0.363751, Final R^2: 0.125391
GBDT_AE_ECFP    :0-th Final RMSD: 1.315201, Final P: 0.370598, Final R^2: 0.131756
GBDT_BET_ECFP    :0-th Final RMSD: 1.298910, Final P: 0.420521, Final R^2: 0.153133
GBDT_AE_BET_ECFP    :0-th Final RMSD: 1.304083, Final P: 0.400213, Final R^2: 0.146374
0-th GBDT_AE的BA值 ：-10.356696
0-th GBDT_BET的BA值：-10.256013
0-th GBDT_ECFP的BA值 ：-9.978089
0-th GBDT_AE_BET的BA值：-10.142706
0-th GBDT_AE_ECFP的BA值    ：-9.969856
0-th GBDT_BET_ECFP的BA值    ：-9.819051
0-th GBDT_AE_BET_ECFP的BA值    ：-9.866576
total time: 0.04488333854410383 h
