size of data: (47,)
size of train size: 37
GBDT parameter
Namespace(n_estimators=10000, dataset='CHEMBL5918', max_depth=7, learning_rate=0.01, criterion='friedman_mse', subsample=0.7, max_features='sqrt', min_samples_split=3, loss='ls', n_iter_no_change=None, random_seed=0)
fold= 1
>>>>>>>>>>>>>training.............
###############################################GBDT#####################################################
GBDT_BET的BA值：-6.700257742532482
GBDT_BET:RMSD: 0.650159, P: -0.724772, R^2: -0.339575
GBDT_AE的BA值 ：-6.698789680049005
GBDT_AE :RMSD: 0.598822, P: 0.179115, R^2: -0.136379
GBDT_ECFP的BA值 ：-6.480254625305387
GBDT_ECFP :RMSD: 0.694824, P: 0.315125, R^2: -0.529951
GBDT_AE_BET的BA值    ：-6.665151120868839
GBDT_AE_BET    :RMSD: 0.623277, P: -0.574926, R^2: -0.231090
GBDT_AE_ECFP的BA值    ：-6.572339979509823
GBDT_AE_ECFP    :RMSD: 0.640580, P: 0.277493, R^2: -0.300393
GBDT_BET_ECFP的BA值    ：-6.580958550009829
GBDT_BET_ECFP    :RMSD: 0.665377, P: -0.425626, R^2: -0.403016
GBDT_AE_BET_ECFP的BA值    ：-6.600413144264999
GBDT_AE_BET_ECFP    :RMSD: 0.641361, P: -0.272728, R^2: -0.303566
fold= 2
>>>>>>>>>>>>>training.............
###############################################GBDT#####################################################
GBDT_BET的BA值：-6.936439439275708
GBDT_BET:RMSD: 0.631520, P: -0.431787, R^2: -1.236622
GBDT_AE的BA值 ：-7.069280441849627
GBDT_AE :RMSD: 0.667031, P: -0.168714, R^2: -1.495223
GBDT_ECFP的BA值 ：-6.592095523342696
GBDT_ECFP :RMSD: 0.446831, P: 0.139917, R^2: -0.119706
GBDT_AE_BET的BA值    ：-6.950762236847467
GBDT_AE_BET    :RMSD: 0.645507, P: -0.282242, R^2: -1.336787
GBDT_AE_ECFP的BA值    ：-6.78064137433506
GBDT_AE_ECFP    :RMSD: 0.540663, P: -0.054642, R^2: -0.639349
GBDT_BET_ECFP的BA值    ：-6.738014625507177
GBDT_BET_ECFP    :RMSD: 0.525439, P: -0.188225, R^2: -0.548326
GBDT_AE_BET_ECFP的BA值    ：-6.813704761811194
GBDT_AE_BET_ECFP    :RMSD: 0.567345, P: -0.181767, R^2: -0.805144
fold= 3
>>>>>>>>>>>>>training.............
###############################################GBDT#####################################################
GBDT_BET的BA值：-6.888062765637008
GBDT_BET:RMSD: 0.995748, P: 0.177499, R^2: 0.022885
GBDT_AE的BA值 ：-6.9140818988802515
GBDT_AE :RMSD: 0.963281, P: 0.329536, R^2: 0.085564
GBDT_ECFP的BA值 ：-6.778453837637226
GBDT_ECFP :RMSD: 1.030142, P: 0.041301, R^2: -0.045782
GBDT_AE_BET的BA值    ：-6.90107233225863
GBDT_AE_BET    :RMSD: 0.978594, P: 0.256772, R^2: 0.056260
GBDT_AE_ECFP的BA值    ：-6.846267868258739
GBDT_AE_ECFP    :RMSD: 0.991665, P: 0.179419, R^2: 0.030881
GBDT_BET_ECFP的BA值    ：-6.833258301637117
GBDT_BET_ECFP    :RMSD: 1.006676, P: 0.110462, R^2: 0.001319
GBDT_AE_BET_ECFP的BA值    ：-6.860199500718163
GBDT_AE_BET_ECFP    :RMSD: 0.990912, P: 0.182020, R^2: 0.032353
fold= 4
>>>>>>>>>>>>>training.............
###############################################GBDT#####################################################
GBDT_BET的BA值：-7.025983152391902
GBDT_BET:RMSD: 0.580316, P: -0.702717, R^2: -1.505116
GBDT_AE的BA值 ：-7.191549552823573
GBDT_AE :RMSD: 0.608339, P: -0.558467, R^2: -1.752892
GBDT_ECFP的BA值 ：-6.417978769768098
GBDT_ECFP :RMSD: 0.617539, P: 0.083580, R^2: -1.836793
GBDT_AE_BET的BA值    ：-7.108766352607738
GBDT_AE_BET    :RMSD: 0.591266, P: -0.634080, R^2: -1.600544
GBDT_AE_ECFP的BA值    ：-6.804764161295836
GBDT_AE_ECFP    :RMSD: 0.578556, P: -0.465188, R^2: -1.489941
GBDT_BET_ECFP的BA值    ：-6.72198096108
GBDT_BET_ECFP    :RMSD: 0.571135, P: -0.577800, R^2: -1.426473
GBDT_AE_BET_ECFP的BA值    ：-6.8785038249945245
GBDT_AE_BET_ECFP    :RMSD: 0.572894, P: -0.575840, R^2: -1.441448
fold= 5
>>>>>>>>>>>>>training.............
###############################################GBDT#####################################################
GBDT_BET的BA值：-7.095746384082239
GBDT_BET:RMSD: 0.457908, P: 0.458018, R^2: 0.081718
GBDT_AE的BA值 ：-7.045441854935514
GBDT_AE :RMSD: 0.332775, P: 0.756734, R^2: 0.515024
GBDT_ECFP的BA值 ：-6.7311263956987775
GBDT_ECFP :RMSD: 0.469411, P: 0.205494, R^2: 0.035005
GBDT_AE_BET的BA值    ：-7.070594119508876
GBDT_AE_BET    :RMSD: 0.394887, P: 0.626520, R^2: 0.317089
GBDT_AE_ECFP的BA值    ：-6.888284125317146
GBDT_AE_ECFP    :RMSD: 0.384249, P: 0.627121, R^2: 0.353388
GBDT_BET_ECFP的BA值    ：-6.913436389890508
GBDT_BET_ECFP    :RMSD: 0.448652, P: 0.384748, R^2: 0.118468
GBDT_AE_BET_ECFP的BA值    ：-6.957438211572177
GBDT_AE_BET_ECFP    :RMSD: 0.405342, P: 0.562396, R^2: 0.280448
fold= 6
>>>>>>>>>>>>>training.............
###############################################GBDT#####################################################
GBDT_BET的BA值：-6.882780037932552
GBDT_BET:RMSD: 0.457302, P: -0.143387, R^2: -1.080297
GBDT_AE的BA值 ：-6.921088399936944
GBDT_AE :RMSD: 0.463940, P: 0.087024, R^2: -1.141131
GBDT_ECFP的BA值 ：-6.6089359810238495
GBDT_ECFP :RMSD: 0.360690, P: -0.232637, R^2: -0.294161
GBDT_AE_BET的BA值    ：-6.901934218934748
GBDT_AE_BET    :RMSD: 0.459733, P: -0.018795, R^2: -1.102479
GBDT_AE_ECFP的BA值    ：-6.765012190480396
GBDT_AE_ECFP    :RMSD: 0.401202, P: -0.014604, R^2: -0.601198
GBDT_BET_ECFP的BA值    ：-6.745858009478201
GBDT_BET_ECFP    :RMSD: 0.402438, P: -0.178329, R^2: -0.611080
GBDT_AE_BET_ECFP的BA值    ：-6.804268139631115
GBDT_AE_BET_ECFP    :RMSD: 0.419342, P: -0.063634, R^2: -0.749271
fold= 7
>>>>>>>>>>>>>training.............
###############################################GBDT#####################################################
GBDT_BET的BA值：-6.895276480810191
GBDT_BET:RMSD: 0.600213, P: 0.721287, R^2: 0.223668
GBDT_AE的BA值 ：-6.784098091019495
GBDT_AE :RMSD: 0.732105, P: -0.214876, R^2: -0.155004
GBDT_ECFP的BA值 ：-6.513391316348026
GBDT_ECFP :RMSD: 0.699433, P: 0.055718, R^2: -0.054216
GBDT_AE_BET的BA值    ：-6.839687285914843
GBDT_AE_BET    :RMSD: 0.663737, P: 0.248705, R^2: 0.050643
GBDT_AE_ECFP的BA值    ：-6.622684642675041
GBDT_AE_ECFP    :RMSD: 0.703431, P: -0.183138, R^2: -0.066303
GBDT_BET_ECFP的BA值    ：-6.678273837570389
GBDT_BET_ECFP    :RMSD: 0.639894, P: 0.571491, R^2: 0.117626
GBDT_AE_BET_ECFP的BA值    ：-6.713548588720091
GBDT_AE_BET_ECFP    :RMSD: 0.666155, P: 0.248915, R^2: 0.043713
fold= 8
>>>>>>>>>>>>>training.............
###############################################GBDT#####################################################
GBDT_BET的BA值：-6.657084183669346
GBDT_BET:RMSD: 0.991323, P: -0.499425, R^2: -0.251952
GBDT_AE的BA值 ：-6.8100790556843425
GBDT_AE :RMSD: 0.959845, P: -0.484811, R^2: -0.173705
GBDT_ECFP的BA值 ：-6.584210972621525
GBDT_ECFP :RMSD: 1.037942, P: -0.768468, R^2: -0.372470
GBDT_AE_BET的BA值    ：-6.732280264005994
GBDT_AE_BET    :RMSD: 0.974184, P: -0.554967, R^2: -0.209035
GBDT_AE_ECFP的BA值    ：-6.697145014152934
GBDT_AE_ECFP    :RMSD: 0.994853, P: -0.628076, R^2: -0.260882
GBDT_BET_ECFP的BA值    ：-6.619346222474586
GBDT_BET_ECFP    :RMSD: 1.013184, P: -0.742040, R^2: -0.307776
GBDT_AE_BET_ECFP的BA值    ：-6.682923833544504
GBDT_AE_BET_ECFP    :RMSD: 0.993304, P: -0.662483, R^2: -0.256961
fold= 9
>>>>>>>>>>>>>training.............
###############################################GBDT#####################################################
GBDT_BET的BA值：-6.911624955294716
GBDT_BET:RMSD: 0.438338, P: -0.045372, R^2: -0.385051
GBDT_AE的BA值 ：-7.022896245240304
GBDT_AE :RMSD: 0.339860, P: 0.602600, R^2: 0.167380
GBDT_ECFP的BA值 ：-6.547259072191408
GBDT_ECFP :RMSD: 0.427128, P: -0.377362, R^2: -0.315113
GBDT_AE_BET的BA值    ：-6.96726060026751
GBDT_AE_BET    :RMSD: 0.386616, P: 0.331721, R^2: -0.077474
GBDT_AE_ECFP的BA值    ：-6.785077658715856
GBDT_AE_ECFP    :RMSD: 0.352843, P: 0.340399, R^2: 0.102551
GBDT_BET_ECFP的BA值    ：-6.729442013743062
GBDT_BET_ECFP    :RMSD: 0.413401, P: -0.187346, R^2: -0.231945
GBDT_AE_BET_ECFP的BA值    ：-6.827260090908809
GBDT_AE_BET_ECFP    :RMSD: 0.378506, P: 0.193021, R^2: -0.032743
fold= 10
>>>>>>>>>>>>>training.............
###############################################GBDT#####################################################
GBDT_BET的BA值：-6.682411430112271
GBDT_BET:RMSD: 0.299938, P: -0.059743, R^2: -0.219527
GBDT_AE的BA值 ：-6.9411124942146945
GBDT_AE :RMSD: 0.317413, P: 0.045368, R^2: -0.365771
GBDT_ECFP的BA值 ：-6.67782270888072
GBDT_ECFP :RMSD: 0.424779, P: -0.305838, R^2: -1.445995
GBDT_AE_BET的BA值    ：-6.811761962163483
GBDT_AE_BET    :RMSD: 0.299620, P: 0.020858, R^2: -0.216944
GBDT_AE_ECFP的BA值    ：-6.809467601547707
GBDT_AE_ECFP    :RMSD: 0.351659, P: -0.106407, R^2: -0.676376
GBDT_BET_ECFP的BA值    ：-6.680117069496496
GBDT_BET_ECFP    :RMSD: 0.355230, P: -0.257076, R^2: -0.710598
GBDT_AE_BET_ECFP的BA值    ：-6.767115544402562
GBDT_AE_BET_ECFP    :RMSD: 0.331218, P: -0.101659, R^2: -0.487153
@@@@@@@@@@@@@@@@@@@@@@@@@@@@@@@@@@@@@@@@@@@最终结果@@@@@@@@@@@@@@@@@@@@@@@@@@@@@@@@@@@@@@@@@@@@@@@@@@
@@@@@@@@@@@@@@@@@@@@@@@@@@@@@@@@@@@@@@@@@@@最终结果@@@@@@@@@@@@@@@@@@@@@@@@@@@@@@@@@@@@@@@@@@@@@@@@@@
%%%%%%%%%%%%%%%%%%%%%%%%%%%%%%%%%%%%%%%%%%%GBDT%%%%%%%%%%%%%%%%%%%%%%%%%%%%%%%%%%%%%%%%%%%%%%%%%%%%%%
GBDT_BET:0-th Final RMSD: 0.647477, Final P: -0.008035, Final R^2: -0.083952
GBDT_AE :0-th Final RMSD: 0.641931, Final P: 0.084590, Final R^2: -0.065463
GBDT_ECFP :0-th Final RMSD: 0.661783, Final P: -0.028696, Final R^2: -0.132382
GBDT_AE_BET    :0-th Final RMSD: 0.641711, Final P: 0.045208, Final R^2: -0.064733
GBDT_AE_ECFP    :0-th Final RMSD: 0.637025, Final P: 0.046502, Final R^2: -0.049239
GBDT_BET_ECFP    :0-th Final RMSD: 0.643297, Final P: -0.018923, Final R^2: -0.070004
GBDT_AE_BET_ECFP    :0-th Final RMSD: 0.637394, Final P: 0.028106, Final R^2: -0.050456
0-th GBDT_AE的BA值 ：-7.191550
0-th GBDT_BET的BA值：-7.095746
0-th GBDT_ECFP的BA值 ：-6.778454
0-th GBDT_AE_BET的BA值：-7.108766
0-th GBDT_AE_ECFP的BA值    ：-6.888284
0-th GBDT_BET_ECFP的BA值    ：-6.913436
0-th GBDT_AE_BET_ECFP的BA值    ：-6.957438
total time: 0.03321376429663764 h
