size of data: (552,)
size of train size: 441
GBDT parameter
Namespace(n_estimators=10000, dataset='CHEMBL4073', max_depth=7, learning_rate=0.01, criterion='friedman_mse', subsample=0.7, max_features='sqrt', min_samples_split=3, loss='ls', n_iter_no_change=None, random_seed=0)
fold= 1
>>>>>>>>>>>>>training.............
###############################################GBDT#####################################################
GBDT_BET的BA值：-11.29981664678218
GBDT_BET:RMSD: 1.001828, P: 0.852489, R^2: 0.657707
GBDT_AE的BA值 ：-10.841910843278852
GBDT_AE :RMSD: 1.118133, P: 0.805922, R^2: 0.573618
GBDT_ECFP的BA值 ：-11.844775784146066
GBDT_ECFP :RMSD: 0.993272, P: 0.824391, R^2: 0.663528
GBDT_AE_BET的BA值    ：-11.070863745030515
GBDT_AE_BET    :RMSD: 1.047479, P: 0.841631, R^2: 0.625801
GBDT_AE_ECFP的BA值    ：-11.340308816059046
GBDT_AE_ECFP    :RMSD: 1.003509, P: 0.831752, R^2: 0.656557
GBDT_BET_ECFP的BA值    ：-11.569261717810711
GBDT_BET_ECFP    :RMSD: 0.951318, P: 0.853337, R^2: 0.691352
GBDT_AE_BET_ECFP的BA值    ：-11.326811426300091
GBDT_AE_BET_ECFP    :RMSD: 0.988631, P: 0.847829, R^2: 0.666665
fold= 2
>>>>>>>>>>>>>training.............
###############################################GBDT#####################################################
GBDT_BET的BA值：-11.630066800119337
GBDT_BET:RMSD: 1.127150, P: 0.822607, R^2: 0.620645
GBDT_AE的BA值 ：-10.763680770793941
GBDT_AE :RMSD: 1.209502, P: 0.813040, R^2: 0.563187
GBDT_ECFP的BA值 ：-12.70912173514032
GBDT_ECFP :RMSD: 0.996393, P: 0.840322, R^2: 0.703556
GBDT_AE_BET的BA值    ：-11.155672359999379
GBDT_AE_BET    :RMSD: 1.157199, P: 0.825184, R^2: 0.600149
GBDT_AE_ECFP的BA值    ：-11.633598537195368
GBDT_AE_ECFP    :RMSD: 1.021679, P: 0.846023, R^2: 0.688318
GBDT_BET_ECFP的BA值    ：-11.917994199932473
GBDT_BET_ECFP    :RMSD: 1.003778, P: 0.844828, R^2: 0.699145
GBDT_AE_BET_ECFP的BA值    ：-11.464687913038453
GBDT_AE_BET_ECFP    :RMSD: 1.045406, P: 0.844215, R^2: 0.673673
fold= 3
>>>>>>>>>>>>>training.............
###############################################GBDT#####################################################
GBDT_BET的BA值：-11.238595221675203
GBDT_BET:RMSD: 0.963926, P: 0.784204, R^2: 0.597951
GBDT_AE的BA值 ：-11.301621276537762
GBDT_AE :RMSD: 0.972179, P: 0.785007, R^2: 0.591037
GBDT_ECFP的BA值 ：-11.602271784265163
GBDT_ECFP :RMSD: 1.021550, P: 0.740587, R^2: 0.548445
GBDT_AE_BET的BA值    ：-11.041260991431585
GBDT_AE_BET    :RMSD: 0.952819, P: 0.796652, R^2: 0.607163
GBDT_AE_ECFP的BA值    ：-11.444574467021166
GBDT_AE_ECFP    :RMSD: 0.969198, P: 0.777775, R^2: 0.593541
GBDT_BET_ECFP的BA值    ：-11.420433502970184
GBDT_BET_ECFP    :RMSD: 0.956577, P: 0.784338, R^2: 0.604058
GBDT_AE_BET_ECFP的BA值    ：-11.228264589042778
GBDT_AE_BET_ECFP    :RMSD: 0.950505, P: 0.792428, R^2: 0.609069
fold= 4
>>>>>>>>>>>>>training.............
###############################################GBDT#####################################################
GBDT_BET的BA值：-11.497612204988808
GBDT_BET:RMSD: 0.791843, P: 0.892174, R^2: 0.775968
GBDT_AE的BA值 ：-11.024725128919
GBDT_AE :RMSD: 0.932373, P: 0.851411, R^2: 0.689393
GBDT_ECFP的BA值 ：-12.627307616480463
GBDT_ECFP :RMSD: 0.885858, P: 0.851624, R^2: 0.719611
GBDT_AE_BET的BA值    ：-11.261168666953903
GBDT_AE_BET    :RMSD: 0.850278, P: 0.879280, R^2: 0.741682
GBDT_AE_ECFP的BA值    ：-11.826016372699732
GBDT_AE_ECFP    :RMSD: 0.845865, P: 0.872993, R^2: 0.744356
GBDT_BET_ECFP的BA值    ：-12.062459910734635
GBDT_BET_ECFP    :RMSD: 0.792753, P: 0.886488, R^2: 0.775453
GBDT_AE_BET_ECFP的BA值    ：-11.716548316796091
GBDT_AE_BET_ECFP    :RMSD: 0.815584, P: 0.885157, R^2: 0.762332
fold= 5
>>>>>>>>>>>>>training.............
###############################################GBDT#####################################################
GBDT_BET的BA值：-11.65699055101928
GBDT_BET:RMSD: 1.056425, P: 0.757143, R^2: 0.562590
GBDT_AE的BA值 ：-11.440958435199782
GBDT_AE :RMSD: 1.104515, P: 0.739252, R^2: 0.521861
GBDT_ECFP的BA值 ：-12.280851071211211
GBDT_ECFP :RMSD: 0.966321, P: 0.799554, R^2: 0.634023
GBDT_AE_BET的BA值    ：-11.548974493109531
GBDT_AE_BET    :RMSD: 1.071458, P: 0.754809, R^2: 0.550053
GBDT_AE_ECFP的BA值    ：-11.756499171019039
GBDT_AE_ECFP    :RMSD: 0.987682, P: 0.790777, R^2: 0.617664
GBDT_BET_ECFP的BA值    ：-11.864515228928788
GBDT_BET_ECFP    :RMSD: 0.962178, P: 0.800810, R^2: 0.637154
GBDT_AE_BET_ECFP的BA值    ：-11.72332963101912
GBDT_AE_BET_ECFP    :RMSD: 0.995966, P: 0.789138, R^2: 0.611223
fold= 6
>>>>>>>>>>>>>training.............
###############################################GBDT#####################################################
GBDT_BET的BA值：-11.642708704565234
GBDT_BET:RMSD: 1.083273, P: 0.777502, R^2: 0.590866
GBDT_AE的BA值 ：-11.373495503404673
GBDT_AE :RMSD: 1.085428, P: 0.785951, R^2: 0.589237
GBDT_ECFP的BA值 ：-11.942637786850593
GBDT_ECFP :RMSD: 1.039007, P: 0.791195, R^2: 0.623620
GBDT_AE_BET的BA值    ：-11.508102103984953
GBDT_AE_BET    :RMSD: 1.072071, P: 0.788262, R^2: 0.599284
GBDT_AE_ECFP的BA值    ：-11.658066645127633
GBDT_AE_ECFP    :RMSD: 1.026214, P: 0.799684, R^2: 0.632832
GBDT_BET_ECFP的BA值    ：-11.792673245707913
GBDT_BET_ECFP    :RMSD: 1.018792, P: 0.801021, R^2: 0.638124
GBDT_AE_BET_ECFP的BA值    ：-11.652947331606834
GBDT_AE_BET_ECFP    :RMSD: 1.029044, P: 0.800884, R^2: 0.630804
fold= 7
>>>>>>>>>>>>>training.............
###############################################GBDT#####################################################
GBDT_BET的BA值：-11.32634524065007
GBDT_BET:RMSD: 0.880611, P: 0.799611, R^2: 0.609358
GBDT_AE的BA值 ：-11.320424295747115
GBDT_AE :RMSD: 0.908493, P: 0.794587, R^2: 0.584229
GBDT_ECFP的BA值 ：-11.817613396194117
GBDT_ECFP :RMSD: 0.812758, P: 0.822241, R^2: 0.667238
GBDT_AE_BET的BA值    ：-11.323384768198594
GBDT_AE_BET    :RMSD: 0.881814, P: 0.807887, R^2: 0.608290
GBDT_AE_ECFP的BA值    ：-11.369651510617755
GBDT_AE_ECFP    :RMSD: 0.802834, P: 0.830453, R^2: 0.675315
GBDT_BET_ECFP的BA值    ：-11.372611983069234
GBDT_BET_ECFP    :RMSD: 0.792081, P: 0.834326, R^2: 0.683954
GBDT_AE_BET_ECFP的BA值    ：-11.355216087295195
GBDT_AE_BET_ECFP    :RMSD: 0.812179, P: 0.832138, R^2: 0.667712
fold= 8
>>>>>>>>>>>>>training.............
###############################################GBDT#####################################################
GBDT_BET的BA值：-11.557771254274254
GBDT_BET:RMSD: 0.771731, P: 0.884319, R^2: 0.757400
GBDT_AE的BA值 ：-11.466849831930839
GBDT_AE :RMSD: 0.872388, P: 0.849072, R^2: 0.689988
GBDT_ECFP的BA值 ：-12.159112102894097
GBDT_ECFP :RMSD: 0.853797, P: 0.859760, R^2: 0.703061
GBDT_AE_BET的BA值    ：-11.494054299655076
GBDT_AE_BET    :RMSD: 0.808961, P: 0.873450, R^2: 0.733429
GBDT_AE_ECFP的BA值    ：-11.74704573406435
GBDT_AE_ECFP    :RMSD: 0.823425, P: 0.864614, R^2: 0.723811
GBDT_BET_ECFP的BA值    ：-11.77629058372559
GBDT_BET_ECFP    :RMSD: 0.780278, P: 0.880573, R^2: 0.751997
GBDT_AE_BET_ECFP的BA值    ：-11.578285940748822
GBDT_AE_BET_ECFP    :RMSD: 0.794391, P: 0.875966, R^2: 0.742944
fold= 9
>>>>>>>>>>>>>training.............
###############################################GBDT#####################################################
GBDT_BET的BA值：-11.634808102039901
GBDT_BET:RMSD: 1.017813, P: 0.836231, R^2: 0.669811
GBDT_AE的BA值 ：-11.425057418940074
GBDT_AE :RMSD: 1.028785, P: 0.845442, R^2: 0.662654
GBDT_ECFP的BA值 ：-12.075150467271351
GBDT_ECFP :RMSD: 0.844672, P: 0.885663, R^2: 0.772594
GBDT_AE_BET的BA值    ：-11.38291914500098
GBDT_AE_BET    :RMSD: 1.006641, P: 0.850474, R^2: 0.677020
GBDT_AE_ECFP的BA值    ：-11.750103943105714
GBDT_AE_ECFP    :RMSD: 0.905537, P: 0.881189, R^2: 0.738641
GBDT_BET_ECFP的BA值    ：-11.736669498453177
GBDT_BET_ECFP    :RMSD: 0.899534, P: 0.877607, R^2: 0.742094
GBDT_AE_BET_ECFP的BA值    ：-11.53478972828947
GBDT_AE_BET_ECFP    :RMSD: 0.928687, P: 0.874866, R^2: 0.725107
fold= 10
>>>>>>>>>>>>>training.............
###############################################GBDT#####################################################
GBDT_BET的BA值：-11.483504415740722
GBDT_BET:RMSD: 0.967964, P: 0.814625, R^2: 0.654343
GBDT_AE的BA值 ：-11.137501933373859
GBDT_AE :RMSD: 1.069851, P: 0.777469, R^2: 0.577747
GBDT_ECFP的BA值 ：-11.988239229479625
GBDT_ECFP :RMSD: 1.065146, P: 0.773234, R^2: 0.581452
GBDT_AE_BET的BA值    ：-11.285666986098768
GBDT_AE_BET    :RMSD: 1.006049, P: 0.804610, R^2: 0.626608
GBDT_AE_ECFP的BA值    ：-11.36936040691137
GBDT_AE_ECFP    :RMSD: 1.017669, P: 0.787935, R^2: 0.617933
GBDT_BET_ECFP的BA值    ：-11.517525459636278
GBDT_BET_ECFP    :RMSD: 0.984621, P: 0.801849, R^2: 0.642345
GBDT_AE_BET_ECFP的BA值    ：-11.39085095088214
GBDT_AE_BET_ECFP    :RMSD: 0.991799, P: 0.801715, R^2: 0.637111
@@@@@@@@@@@@@@@@@@@@@@@@@@@@@@@@@@@@@@@@@@@最终结果@@@@@@@@@@@@@@@@@@@@@@@@@@@@@@@@@@@@@@@@@@@@@@@@@@
@@@@@@@@@@@@@@@@@@@@@@@@@@@@@@@@@@@@@@@@@@@最终结果@@@@@@@@@@@@@@@@@@@@@@@@@@@@@@@@@@@@@@@@@@@@@@@@@@
%%%%%%%%%%%%%%%%%%%%%%%%%%%%%%%%%%%%%%%%%%%GBDT%%%%%%%%%%%%%%%%%%%%%%%%%%%%%%%%%%%%%%%%%%%%%%%%%%%%%%
GBDT_BET:0-th Final RMSD: 0.973173, Final P: 0.818580, Final R^2: 0.652577
GBDT_AE :0-th Final RMSD: 1.035635, Final P: 0.800763, Final R^2: 0.606548
GBDT_ECFP :0-th Final RMSD: 0.951924, Final P: 0.817920, Final R^2: 0.667583
GBDT_AE_BET    :0-th Final RMSD: 0.991491, Final P: 0.818449, Final R^2: 0.639375
GBDT_AE_ECFP    :0-th Final RMSD: 0.944320, Final P: 0.827341, Final R^2: 0.672873
GBDT_BET_ECFP    :0-th Final RMSD: 0.918627, Final P: 0.834745, Final R^2: 0.690432
GBDT_AE_BET_ECFP    :0-th Final RMSD: 0.939794, Final P: 0.832540, Final R^2: 0.676001
0-th GBDT_AE的BA值 ：-11.466850
0-th GBDT_BET的BA值：-11.656991
0-th GBDT_ECFP的BA值 ：-12.709122
0-th GBDT_AE_BET的BA值：-11.548974
0-th GBDT_AE_ECFP的BA值    ：-11.826016
0-th GBDT_BET_ECFP的BA值    ：-12.062460
0-th GBDT_AE_BET_ECFP的BA值    ：-11.723330
total time: 0.25663644585344525 h
