size of data: (162,)
size of train size: 129
GBDT parameter
Namespace(n_estimators=10000, dataset='CHEMBL5247', max_depth=7, learning_rate=0.01, criterion='friedman_mse', subsample=0.7, max_features='sqrt', min_samples_split=3, loss='ls', n_iter_no_change=None, random_seed=0)
fold= 1
>>>>>>>>>>>>>training.............
###############################################GBDT#####################################################
GBDT_BET的BA值：-9.740255544439549
GBDT_BET:RMSD: 1.122156, P: 0.218724, R^2: -0.290625
GBDT_AE的BA值 ：-9.681313092761727
GBDT_AE :RMSD: 1.050199, P: 0.303934, R^2: -0.130413
GBDT_ECFP的BA值 ：-10.66655603854382
GBDT_ECFP :RMSD: 1.061488, P: 0.424423, R^2: -0.154846
GBDT_AE_BET的BA值    ：-9.628690268499431
GBDT_AE_BET    :RMSD: 1.081904, P: 0.266534, R^2: -0.199696
GBDT_AE_ECFP的BA值    ：-10.091840515551567
GBDT_AE_ECFP    :RMSD: 1.038145, P: 0.392246, R^2: -0.104613
GBDT_BET_ECFP的BA值    ：-10.203405791491685
GBDT_BET_ECFP    :RMSD: 1.076379, P: 0.354112, R^2: -0.187476
GBDT_AE_BET_ECFP的BA值    ：-9.974645525180895
GBDT_AE_BET_ECFP    :RMSD: 1.061367, P: 0.346611, R^2: -0.154584
fold= 2
>>>>>>>>>>>>>training.............
###############################################GBDT#####################################################
GBDT_BET的BA值：-9.733319755291042
GBDT_BET:RMSD: 0.758391, P: 0.590520, R^2: 0.300552
GBDT_AE的BA值 ：-9.97445067752992
GBDT_AE :RMSD: 0.641457, P: 0.727238, R^2: 0.499615
GBDT_ECFP的BA值 ：-10.387849139896417
GBDT_ECFP :RMSD: 0.789371, P: 0.519740, R^2: 0.242239
GBDT_AE_BET的BA值    ：-9.792416013559151
GBDT_AE_BET    :RMSD: 0.694431, P: 0.673968, R^2: 0.413555
GBDT_AE_ECFP的BA值    ：-9.989711301373799
GBDT_AE_ECFP    :RMSD: 0.694663, P: 0.646267, R^2: 0.413162
GBDT_BET_ECFP的BA值    ：-9.80767663740303
GBDT_BET_ECFP    :RMSD: 0.739968, P: 0.587902, R^2: 0.334120
GBDT_AE_BET_ECFP的BA值    ：-9.863267984111994
GBDT_AE_BET_ECFP    :RMSD: 0.702349, P: 0.646365, R^2: 0.400105
fold= 3
>>>>>>>>>>>>>training.............
###############################################GBDT#####################################################
GBDT_BET的BA值：-10.451614685876553
GBDT_BET:RMSD: 0.916143, P: 0.651842, R^2: 0.318187
GBDT_AE的BA值 ：-10.59528360756207
GBDT_AE :RMSD: 0.828688, P: 0.737514, R^2: 0.442146
GBDT_ECFP的BA值 ：-10.613348017632818
GBDT_ECFP :RMSD: 0.968486, P: 0.508407, R^2: 0.238053
GBDT_AE_BET的BA值    ：-10.523449146719312
GBDT_AE_BET    :RMSD: 0.868112, P: 0.706227, R^2: 0.387805
GBDT_AE_ECFP的BA值    ：-10.604315812597445
GBDT_AE_ECFP    :RMSD: 0.888464, P: 0.645667, R^2: 0.358764
GBDT_BET_ECFP的BA值    ：-10.532481351754686
GBDT_BET_ECFP    :RMSD: 0.928613, P: 0.602099, R^2: 0.299500
GBDT_AE_BET_ECFP的BA值    ：-10.553415437023814
GBDT_AE_BET_ECFP    :RMSD: 0.891766, P: 0.659406, R^2: 0.353988
fold= 4
>>>>>>>>>>>>>training.............
###############################################GBDT#####################################################
GBDT_BET的BA值：-9.486137009952596
GBDT_BET:RMSD: 0.612545, P: 0.530264, R^2: 0.209636
GBDT_AE的BA值 ：-9.734854802086112
GBDT_AE :RMSD: 0.617532, P: 0.524702, R^2: 0.196715
GBDT_ECFP的BA值 ：-9.497883993364592
GBDT_ECFP :RMSD: 0.622542, P: 0.454872, R^2: 0.183629
GBDT_AE_BET的BA值    ：-9.610495906019354
GBDT_AE_BET    :RMSD: 0.604384, P: 0.562369, R^2: 0.230557
GBDT_AE_ECFP的BA值    ：-9.569072375774361
GBDT_AE_ECFP    :RMSD: 0.598165, P: 0.544784, R^2: 0.246309
GBDT_BET_ECFP的BA值    ：-9.444713479707604
GBDT_BET_ECFP    :RMSD: 0.596339, P: 0.552285, R^2: 0.250903
GBDT_AE_BET_ECFP的BA值    ：-9.541427253833772
GBDT_AE_BET_ECFP    :RMSD: 0.593548, P: 0.574666, R^2: 0.257900
fold= 5
>>>>>>>>>>>>>training.............
###############################################GBDT#####################################################
GBDT_BET的BA值：-10.335892216614393
GBDT_BET:RMSD: 0.720763, P: 0.620686, R^2: 0.366478
GBDT_AE的BA值 ：-10.425844720829815
GBDT_AE :RMSD: 0.694641, P: 0.661306, R^2: 0.411566
GBDT_ECFP的BA值 ：-10.279489582442192
GBDT_ECFP :RMSD: 0.647861, P: 0.740537, R^2: 0.488153
GBDT_AE_BET的BA值    ：-10.380868468722104
GBDT_AE_BET    :RMSD: 0.690789, P: 0.676174, R^2: 0.418076
GBDT_AE_ECFP的BA值    ：-10.352667151636004
GBDT_AE_ECFP    :RMSD: 0.644847, P: 0.767170, R^2: 0.492904
GBDT_BET_ECFP的BA值    ：-10.307690899528293
GBDT_BET_ECFP    :RMSD: 0.668782, P: 0.717349, R^2: 0.454562
GBDT_AE_BET_ECFP的BA值    ：-10.3470755066288
GBDT_AE_BET_ECFP    :RMSD: 0.661597, P: 0.736597, R^2: 0.466219
fold= 6
>>>>>>>>>>>>>training.............
###############################################GBDT#####################################################
GBDT_BET的BA值：-10.011669937053686
GBDT_BET:RMSD: 0.705236, P: 0.514285, R^2: 0.249225
GBDT_AE的BA值 ：-9.697732546244445
GBDT_AE :RMSD: 0.704293, P: 0.501442, R^2: 0.251233
GBDT_ECFP的BA值 ：-9.776249835110356
GBDT_ECFP :RMSD: 0.787846, P: 0.362094, R^2: 0.063035
GBDT_AE_BET的BA值    ：-9.854701241649066
GBDT_AE_BET    :RMSD: 0.696009, P: 0.519473, R^2: 0.268743
GBDT_AE_ECFP的BA值    ：-9.586620990057408
GBDT_AE_ECFP    :RMSD: 0.730335, P: 0.448081, R^2: 0.194834
GBDT_BET_ECFP的BA值    ：-9.743589685462027
GBDT_BET_ECFP    :RMSD: 0.732957, P: 0.458041, R^2: 0.189042
GBDT_AE_BET_ECFP的BA值    ：-9.728303972389499
GBDT_AE_BET_ECFP    :RMSD: 0.715393, P: 0.481844, R^2: 0.227443
fold= 7
>>>>>>>>>>>>>training.............
###############################################GBDT#####################################################
GBDT_BET的BA值：-9.983664941406108
GBDT_BET:RMSD: 0.443493, P: 0.821539, R^2: 0.635346
GBDT_AE的BA值 ：-10.31550977293022
GBDT_AE :RMSD: 0.435052, P: 0.839255, R^2: 0.649093
GBDT_ECFP的BA值 ：-10.984474456898939
GBDT_ECFP :RMSD: 0.507021, P: 0.805362, R^2: 0.523392
GBDT_AE_BET的BA值    ：-10.149587357168164
GBDT_AE_BET    :RMSD: 0.428376, P: 0.847212, R^2: 0.659781
GBDT_AE_ECFP的BA值    ：-10.329627999245737
GBDT_AE_ECFP    :RMSD: 0.419659, P: 0.854587, R^2: 0.673486
GBDT_BET_ECFP的BA值    ：-10.185837804251822
GBDT_BET_ECFP    :RMSD: 0.411898, P: 0.854196, R^2: 0.685451
GBDT_AE_BET_ECFP的BA值    ：-10.171467280773951
GBDT_AE_BET_ECFP    :RMSD: 0.404707, P: 0.865932, R^2: 0.696338
fold= 8
>>>>>>>>>>>>>training.............
###############################################GBDT#####################################################
GBDT_BET的BA值：-10.22486024061634
GBDT_BET:RMSD: 0.844930, P: 0.538401, R^2: 0.202565
GBDT_AE的BA值 ：-10.57580084369734
GBDT_AE :RMSD: 0.875820, P: 0.536497, R^2: 0.143193
GBDT_ECFP的BA值 ：-10.944350759954045
GBDT_ECFP :RMSD: 0.831074, P: 0.564159, R^2: 0.228505
GBDT_AE_BET的BA值    ：-10.40033054215684
GBDT_AE_BET    :RMSD: 0.853085, P: 0.546252, R^2: 0.187097
GBDT_AE_ECFP的BA值    ：-10.760075801825693
GBDT_AE_ECFP    :RMSD: 0.835427, P: 0.572570, R^2: 0.220402
GBDT_BET_ECFP的BA值    ：-10.584605500285193
GBDT_BET_ECFP    :RMSD: 0.820729, P: 0.573510, R^2: 0.247592
GBDT_AE_BET_ECFP的BA值    ：-10.58167061475591
GBDT_AE_BET_ECFP    :RMSD: 0.831699, P: 0.571007, R^2: 0.227345
fold= 9
>>>>>>>>>>>>>training.............
###############################################GBDT#####################################################
GBDT_BET的BA值：-9.760704099621577
GBDT_BET:RMSD: 0.857108, P: 0.636088, R^2: -0.301741
GBDT_AE的BA值 ：-10.051825928794198
GBDT_AE :RMSD: 0.976894, P: 0.442610, R^2: -0.691020
GBDT_ECFP的BA值 ：-9.505510265482872
GBDT_ECFP :RMSD: 0.749360, P: 0.612654, R^2: 0.004974
GBDT_AE_BET的BA值    ：-9.906265014207888
GBDT_AE_BET    :RMSD: 0.912733, P: 0.547409, R^2: -0.476187
GBDT_AE_ECFP的BA值    ：-9.778668097138535
GBDT_AE_ECFP    :RMSD: 0.847461, P: 0.567542, R^2: -0.272602
GBDT_BET_ECFP的BA值    ：-9.633107182552225
GBDT_BET_ECFP    :RMSD: 0.788022, P: 0.666651, R^2: -0.100348
GBDT_AE_BET_ECFP的BA值    ：-9.772680097966216
GBDT_AE_BET_ECFP    :RMSD: 0.845807, P: 0.605100, R^2: -0.267640
fold= 10
>>>>>>>>>>>>>training.............
###############################################GBDT#####################################################
GBDT_BET的BA值：-9.918162661268294
GBDT_BET:RMSD: 0.602005, P: 0.607433, R^2: 0.361993
GBDT_AE的BA值 ：-9.868778405153243
GBDT_AE :RMSD: 0.699915, P: 0.388003, R^2: 0.137586
GBDT_ECFP的BA值 ：-9.82818279766987
GBDT_ECFP :RMSD: 0.829065, P: 0.130825, R^2: -0.210046
GBDT_AE_BET的BA值    ：-9.757955859438443
GBDT_AE_BET    :RMSD: 0.640081, P: 0.529973, R^2: 0.278736
GBDT_AE_ECFP的BA值    ：-9.792678998895571
GBDT_AE_ECFP    :RMSD: 0.751043, P: 0.265667, R^2: 0.006987
GBDT_BET_ECFP的BA值    ：-9.873172729469083
GBDT_BET_ECFP    :RMSD: 0.705659, P: 0.382216, R^2: 0.123374
GBDT_AE_BET_ECFP的BA值    ：-9.78136483884892
GBDT_AE_BET_ECFP    :RMSD: 0.695002, P: 0.400117, R^2: 0.149650
@@@@@@@@@@@@@@@@@@@@@@@@@@@@@@@@@@@@@@@@@@@最终结果@@@@@@@@@@@@@@@@@@@@@@@@@@@@@@@@@@@@@@@@@@@@@@@@@@
@@@@@@@@@@@@@@@@@@@@@@@@@@@@@@@@@@@@@@@@@@@最终结果@@@@@@@@@@@@@@@@@@@@@@@@@@@@@@@@@@@@@@@@@@@@@@@@@@
%%%%%%%%%%%%%%%%%%%%%%%%%%%%%%%%%%%%%%%%%%%GBDT%%%%%%%%%%%%%%%%%%%%%%%%%%%%%%%%%%%%%%%%%%%%%%%%%%%%%%
GBDT_BET:0-th Final RMSD: 0.781772, Final P: 0.518204, Final R^2: 0.267766
GBDT_AE :0-th Final RMSD: 0.773397, Final P: 0.537235, Final R^2: 0.283370
GBDT_ECFP :0-th Final RMSD: 0.796401, Final P: 0.502921, Final R^2: 0.240106
GBDT_AE_BET    :0-th Final RMSD: 0.769198, Final P: 0.543946, Final R^2: 0.291131
GBDT_AE_ECFP    :0-th Final RMSD: 0.764038, Final P: 0.550316, Final R^2: 0.300608
GBDT_BET_ECFP    :0-th Final RMSD: 0.768350, Final P: 0.541532, Final R^2: 0.292693
GBDT_AE_BET_ECFP    :0-th Final RMSD: 0.761545, Final P: 0.555858, Final R^2: 0.305165
0-th GBDT_AE的BA值 ：-10.595284
0-th GBDT_BET的BA值：-10.451615
0-th GBDT_ECFP的BA值 ：-10.984474
0-th GBDT_AE_BET的BA值：-10.523449
0-th GBDT_AE_ECFP的BA值    ：-10.760076
0-th GBDT_BET_ECFP的BA值    ：-10.584606
0-th GBDT_AE_BET_ECFP的BA值    ：-10.581671
total time: 0.08002492043707106 h
