size of data: (291,)
size of train size: 232
GBDT parameter
Namespace(n_estimators=10000, dataset='CHEMBL3359', max_depth=7, learning_rate=0.01, criterion='friedman_mse', subsample=0.7, max_features='sqrt', min_samples_split=3, loss='ls', n_iter_no_change=None, random_seed=0)
fold= 1
>>>>>>>>>>>>>training.............
###############################################GBDT#####################################################
GBDT_BET的BA值：-9.418637881861521
GBDT_BET:RMSD: 0.774152, P: 0.759704, R^2: 0.490539
GBDT_AE的BA值 ：-9.475937018178364
GBDT_AE :RMSD: 0.872238, P: 0.748013, R^2: 0.353262
GBDT_ECFP的BA值 ：-10.165373860331231
GBDT_ECFP :RMSD: 0.622243, P: 0.848236, R^2: 0.670861
GBDT_AE_BET的BA值    ：-9.298297697535006
GBDT_AE_BET    :RMSD: 0.803692, P: 0.764138, R^2: 0.450916
GBDT_AE_ECFP的BA值    ：-9.63929884246291
GBDT_AE_ECFP    :RMSD: 0.698069, P: 0.819612, R^2: 0.585757
GBDT_BET_ECFP的BA值    ：-9.58709255130739
GBDT_BET_ECFP    :RMSD: 0.664418, P: 0.821512, R^2: 0.624733
GBDT_AE_BET_ECFP的BA值    ：-9.42913630906979
GBDT_AE_BET_ECFP    :RMSD: 0.711133, P: 0.807658, R^2: 0.570107
fold= 2
>>>>>>>>>>>>>training.............
###############################################GBDT#####################################################
GBDT_BET的BA值：-9.572454706762823
GBDT_BET:RMSD: 0.722968, P: 0.939612, R^2: 0.772375
GBDT_AE的BA值 ：-9.312373722765717
GBDT_AE :RMSD: 0.751522, P: 0.929752, R^2: 0.754039
GBDT_ECFP的BA值 ：-10.317219544915742
GBDT_ECFP :RMSD: 0.639264, P: 0.927767, R^2: 0.822031
GBDT_AE_BET的BA值    ：-9.44241421476427
GBDT_AE_BET    :RMSD: 0.723478, P: 0.944870, R^2: 0.772053
GBDT_AE_ECFP的BA值    ：-9.811280455642791
GBDT_AE_ECFP    :RMSD: 0.663568, P: 0.941932, R^2: 0.808242
GBDT_BET_ECFP的BA值    ：-9.81611915022438
GBDT_BET_ECFP    :RMSD: 0.656623, P: 0.942799, R^2: 0.812235
GBDT_AE_BET_ECFP的BA值    ：-9.645859888939533
GBDT_AE_BET_ECFP    :RMSD: 0.673586, P: 0.946983, R^2: 0.802408
fold= 3
>>>>>>>>>>>>>training.............
###############################################GBDT#####################################################
GBDT_BET的BA值：-9.197170802659159
GBDT_BET:RMSD: 0.806093, P: 0.714195, R^2: 0.505864
GBDT_AE的BA值 ：-9.12727317010998
GBDT_AE :RMSD: 0.823765, P: 0.705377, R^2: 0.483960
GBDT_ECFP的BA值 ：-10.754817993650699
GBDT_ECFP :RMSD: 0.751034, P: 0.768329, R^2: 0.571061
GBDT_AE_BET的BA值    ：-9.16222198638457
GBDT_AE_BET    :RMSD: 0.806217, P: 0.716001, R^2: 0.505711
GBDT_AE_ECFP的BA值    ：-9.941045581880338
GBDT_AE_ECFP    :RMSD: 0.743719, P: 0.761332, R^2: 0.579376
GBDT_BET_ECFP的BA值    ：-9.975994398154928
GBDT_BET_ECFP    :RMSD: 0.746150, P: 0.760303, R^2: 0.576621
GBDT_AE_BET_ECFP的BA值    ：-9.693087322139945
GBDT_AE_BET_ECFP    :RMSD: 0.756230, P: 0.752226, R^2: 0.565105
fold= 4
>>>>>>>>>>>>>training.............
###############################################GBDT#####################################################
GBDT_BET的BA值：-8.90683488595446
GBDT_BET:RMSD: 0.937131, P: 0.654669, R^2: 0.395581
GBDT_AE的BA值 ：-9.320322982521333
GBDT_AE :RMSD: 0.903983, P: 0.744238, R^2: 0.437583
GBDT_ECFP的BA值 ：-9.548013446373124
GBDT_ECFP :RMSD: 0.729529, P: 0.816977, R^2: 0.633712
GBDT_AE_BET的BA值    ：-9.113578934237896
GBDT_AE_BET    :RMSD: 0.899911, P: 0.720917, R^2: 0.442639
GBDT_AE_ECFP的BA值    ：-9.336751505956173
GBDT_AE_ECFP    :RMSD: 0.787830, P: 0.808009, R^2: 0.572828
GBDT_BET_ECFP的BA值    ：-9.079610203511075
GBDT_BET_ECFP    :RMSD: 0.809236, P: 0.772951, R^2: 0.549299
GBDT_AE_BET_ECFP的BA值    ：-9.015230632216282
GBDT_AE_BET_ECFP    :RMSD: 0.824210, P: 0.777589, R^2: 0.532466
fold= 5
>>>>>>>>>>>>>training.............
###############################################GBDT#####################################################
GBDT_BET的BA值：-9.39262405275159
GBDT_BET:RMSD: 1.113092, P: 0.696077, R^2: 0.424994
GBDT_AE的BA值 ：-9.402590115987866
GBDT_AE :RMSD: 1.167728, P: 0.638004, R^2: 0.367160
GBDT_ECFP的BA值 ：-10.136527250885356
GBDT_ECFP :RMSD: 0.976271, P: 0.748230, R^2: 0.557665
GBDT_AE_BET的BA值    ：-9.36239127347358
GBDT_AE_BET    :RMSD: 1.124006, P: 0.688853, R^2: 0.413662
GBDT_AE_ECFP的BA值    ：-9.679250430786237
GBDT_AE_ECFP    :RMSD: 1.031211, P: 0.732800, R^2: 0.506479
GBDT_BET_ECFP的BA值    ：-9.63905158827195
GBDT_BET_ECFP    :RMSD: 1.006395, P: 0.749304, R^2: 0.529946
GBDT_AE_BET_ECFP的BA值    ：-9.56023109751059
GBDT_AE_BET_ECFP    :RMSD: 1.043647, P: 0.734851, R^2: 0.494503
fold= 6
>>>>>>>>>>>>>training.............
###############################################GBDT#####################################################
GBDT_BET的BA值：-9.686121644488065
GBDT_BET:RMSD: 0.637478, P: 0.878936, R^2: 0.769620
GBDT_AE的BA值 ：-10.335481811853597
GBDT_AE :RMSD: 0.793918, P: 0.829335, R^2: 0.642673
GBDT_ECFP的BA值 ：-10.04713667312114
GBDT_ECFP :RMSD: 0.691340, P: 0.855686, R^2: 0.729045
GBDT_AE_BET的BA值    ：-9.84961182004218
GBDT_AE_BET    :RMSD: 0.690591, P: 0.861992, R^2: 0.729632
GBDT_AE_ECFP的BA值    ：-9.910112405795683
GBDT_AE_ECFP    :RMSD: 0.667838, P: 0.868963, R^2: 0.747154
GBDT_BET_ECFP的BA值    ：-9.866629158804603
GBDT_BET_ECFP    :RMSD: 0.639332, P: 0.876648, R^2: 0.768278
GBDT_AE_BET_ECFP的BA值    ：-9.835448818693145
GBDT_AE_BET_ECFP    :RMSD: 0.650815, P: 0.874617, R^2: 0.759880
fold= 7
>>>>>>>>>>>>>training.............
###############################################GBDT#####################################################
GBDT_BET的BA值：-9.27449832265004
GBDT_BET:RMSD: 1.183428, P: 0.765928, R^2: 0.506403
GBDT_AE的BA值 ：-10.209834235574904
GBDT_AE :RMSD: 1.138312, P: 0.782831, R^2: 0.543321
GBDT_ECFP的BA值 ：-10.663153727695407
GBDT_ECFP :RMSD: 1.036351, P: 0.794925, R^2: 0.621469
GBDT_AE_BET的BA值    ：-9.703248960042481
GBDT_AE_BET    :RMSD: 1.145832, P: 0.792518, R^2: 0.537267
GBDT_AE_ECFP的BA值    ：-10.436493981635156
GBDT_AE_ECFP    :RMSD: 1.028677, P: 0.817476, R^2: 0.627054
GBDT_BET_ECFP的BA值    ：-9.929908706102733
GBDT_BET_ECFP    :RMSD: 1.055600, P: 0.803606, R^2: 0.607277
GBDT_AE_BET_ECFP的BA值    ：-10.02321721592679
GBDT_AE_BET_ECFP    :RMSD: 1.063083, P: 0.813734, R^2: 0.601688
fold= 8
>>>>>>>>>>>>>training.............
###############################################GBDT#####################################################
GBDT_BET的BA值：-10.45979852608507
GBDT_BET:RMSD: 0.951639, P: 0.847396, R^2: 0.634576
GBDT_AE的BA值 ：-9.731907546724532
GBDT_AE :RMSD: 1.019476, P: 0.830882, R^2: 0.580621
GBDT_ECFP的BA值 ：-11.23563628742921
GBDT_ECFP :RMSD: 0.826529, P: 0.857798, R^2: 0.724343
GBDT_AE_BET的BA值    ：-9.96497762124534
GBDT_AE_BET    :RMSD: 0.973915, P: 0.849052, R^2: 0.617268
GBDT_AE_ECFP的BA值    ：-10.35289650191741
GBDT_AE_ECFP    :RMSD: 0.876246, P: 0.856797, R^2: 0.690183
GBDT_BET_ECFP的BA值    ：-10.847717406757141
GBDT_BET_ECFP    :RMSD: 0.849223, P: 0.862051, R^2: 0.708998
GBDT_AE_BET_ECFP的BA值    ：-10.388530509973299
GBDT_AE_BET_ECFP    :RMSD: 0.889562, P: 0.859682, R^2: 0.680695
fold= 9
>>>>>>>>>>>>>training.............
###############################################GBDT#####################################################
GBDT_BET的BA值：-9.564792633346759
GBDT_BET:RMSD: 0.777234, P: 0.763398, R^2: 0.573300
GBDT_AE的BA值 ：-9.259570504743177
GBDT_AE :RMSD: 0.774376, P: 0.779489, R^2: 0.576433
GBDT_ECFP的BA值 ：-9.475212211013995
GBDT_ECFP :RMSD: 0.795548, P: 0.748175, R^2: 0.552955
GBDT_AE_BET的BA值    ：-9.34717415440144
GBDT_AE_BET    :RMSD: 0.765065, P: 0.779012, R^2: 0.586557
GBDT_AE_ECFP的BA值    ：-9.302383943235059
GBDT_AE_ECFP    :RMSD: 0.749267, P: 0.785387, R^2: 0.603456
GBDT_BET_ECFP的BA值    ：-9.520002422180376
GBDT_BET_ECFP    :RMSD: 0.759484, P: 0.773615, R^2: 0.592568
GBDT_AE_BET_ECFP的BA值    ：-9.389853506605625
GBDT_AE_BET_ECFP    :RMSD: 0.749631, P: 0.785353, R^2: 0.603071
fold= 10
>>>>>>>>>>>>>training.............
###############################################GBDT#####################################################
GBDT_BET的BA值：-9.118846719652598
GBDT_BET:RMSD: 0.873351, P: 0.746093, R^2: 0.526065
GBDT_AE的BA值 ：-9.488135901889674
GBDT_AE :RMSD: 0.851530, P: 0.756376, R^2: 0.549452
GBDT_ECFP的BA值 ：-9.075946718491288
GBDT_ECFP :RMSD: 0.740627, P: 0.816631, R^2: 0.659168
GBDT_AE_BET的BA值    ：-9.281144185159372
GBDT_AE_BET    :RMSD: 0.848658, P: 0.764042, R^2: 0.552485
GBDT_AE_ECFP的BA值    ：-9.25749480370725
GBDT_AE_ECFP    :RMSD: 0.761372, P: 0.811221, R^2: 0.639807
GBDT_BET_ECFP的BA值    ：-9.026380206386083
GBDT_BET_ECFP    :RMSD: 0.781602, P: 0.802945, R^2: 0.620411
GBDT_AE_BET_ECFP的BA值    ：-9.180298771553947
GBDT_AE_BET_ECFP    :RMSD: 0.789294, P: 0.800108, R^2: 0.612903
@@@@@@@@@@@@@@@@@@@@@@@@@@@@@@@@@@@@@@@@@@@最终结果@@@@@@@@@@@@@@@@@@@@@@@@@@@@@@@@@@@@@@@@@@@@@@@@@@
@@@@@@@@@@@@@@@@@@@@@@@@@@@@@@@@@@@@@@@@@@@最终结果@@@@@@@@@@@@@@@@@@@@@@@@@@@@@@@@@@@@@@@@@@@@@@@@@@
%%%%%%%%%%%%%%%%%%%%%%%%%%%%%%%%%%%%%%%%%%%GBDT%%%%%%%%%%%%%%%%%%%%%%%%%%%%%%%%%%%%%%%%%%%%%%%%%%%%%%
GBDT_BET:0-th Final RMSD: 0.892273, Final P: 0.773233, Final R^2: 0.582916
GBDT_AE :0-th Final RMSD: 0.920441, Final P: 0.757570, Final R^2: 0.556166
GBDT_ECFP :0-th Final RMSD: 0.790794, Final P: 0.820213, Final R^2: 0.672392
GBDT_AE_BET    :0-th Final RMSD: 0.890583, Final P: 0.778687, Final R^2: 0.584494
GBDT_AE_ECFP    :0-th Final RMSD: 0.810681, Final P: 0.818516, Final R^2: 0.655707
GBDT_BET_ECFP    :0-th Final RMSD: 0.807571, Final P: 0.817642, Final R^2: 0.658344
GBDT_AE_BET_ECFP    :0-th Final RMSD: 0.826057, Final P: 0.813008, Final R^2: 0.642523
0-th GBDT_AE的BA值 ：-10.335482
0-th GBDT_BET的BA值：-10.459799
0-th GBDT_ECFP的BA值 ：-11.235636
0-th GBDT_AE_BET的BA值：-9.964978
0-th GBDT_AE_ECFP的BA值    ：-10.436494
0-th GBDT_BET_ECFP的BA值    ：-10.847717
0-th GBDT_AE_BET_ECFP的BA值    ：-10.388531
total time: 0.13718828916549683 h
