size of data: (149,)
size of train size: 119
GBDT parameter
Namespace(n_estimators=10000, dataset='CHEMBL2073', max_depth=7, learning_rate=0.01, criterion='friedman_mse', subsample=0.7, max_features='sqrt', min_samples_split=3, loss='ls', n_iter_no_change=None, random_seed=0)
fold= 1
>>>>>>>>>>>>>training.............
###############################################GBDT#####################################################
GBDT_BET的BA值：-11.667302323753557
GBDT_BET:RMSD: 1.141730, P: 0.836165, R^2: 0.644010
GBDT_AE的BA值 ：-11.62087016503817
GBDT_AE :RMSD: 1.114072, P: 0.881579, R^2: 0.661048
GBDT_ECFP的BA值 ：-12.465294681413686
GBDT_ECFP :RMSD: 0.978661, P: 0.877393, R^2: 0.738438
GBDT_AE_BET的BA值    ：-11.343699606846526
GBDT_AE_BET    :RMSD: 1.104917, P: 0.875056, R^2: 0.666596
GBDT_AE_ECFP的BA值    ：-12.043082423225929
GBDT_AE_ECFP    :RMSD: 0.968097, P: 0.898156, R^2: 0.744054
GBDT_BET_ECFP的BA值    ：-11.765911865034283
GBDT_BET_ECFP    :RMSD: 0.972885, P: 0.889243, R^2: 0.741515
GBDT_AE_BET_ECFP的BA值    ：-11.717564631702245
GBDT_AE_BET_ECFP    :RMSD: 0.995309, P: 0.896773, R^2: 0.729463
fold= 2
>>>>>>>>>>>>>training.............
###############################################GBDT#####################################################
GBDT_BET的BA值：-10.960697602329411
GBDT_BET:RMSD: 1.342223, P: 0.641183, R^2: 0.310072
GBDT_AE的BA值 ：-11.167361362878214
GBDT_AE :RMSD: 1.218687, P: 0.700371, R^2: 0.431227
GBDT_ECFP的BA值 ：-11.554956186369335
GBDT_ECFP :RMSD: 1.152447, P: 0.723489, R^2: 0.491376
GBDT_AE_BET的BA值    ：-10.878207169338673
GBDT_AE_BET    :RMSD: 1.251231, P: 0.703513, R^2: 0.400444
GBDT_AE_ECFP的BA值    ：-11.16300459554907
GBDT_AE_ECFP    :RMSD: 1.134042, P: 0.755332, R^2: 0.507493
GBDT_BET_ECFP的BA值    ：-11.245495028539809
GBDT_BET_ECFP    :RMSD: 1.223530, P: 0.703886, R^2: 0.426697
GBDT_AE_BET_ECFP的BA值    ：-11.095568931142518
GBDT_AE_BET_ECFP    :RMSD: 1.191625, P: 0.732803, R^2: 0.456207
fold= 3
>>>>>>>>>>>>>training.............
###############################################GBDT#####################################################
GBDT_BET的BA值：-11.982598937525314
GBDT_BET:RMSD: 1.170010, P: 0.833816, R^2: 0.659722
GBDT_AE的BA值 ：-11.536913451099444
GBDT_AE :RMSD: 1.141876, P: 0.862058, R^2: 0.675890
GBDT_ECFP的BA值 ：-12.398978020416921
GBDT_ECFP :RMSD: 0.967596, P: 0.883687, R^2: 0.767275
GBDT_AE_BET的BA值    ：-11.759756194312379
GBDT_AE_BET    :RMSD: 1.138684, P: 0.857892, R^2: 0.677699
GBDT_AE_ECFP的BA值    ：-11.967945735758182
GBDT_AE_ECFP    :RMSD: 1.009334, P: 0.884814, R^2: 0.746765
GBDT_BET_ECFP的BA值    ：-12.190788478971118
GBDT_BET_ECFP    :RMSD: 1.032586, P: 0.871240, R^2: 0.734963
GBDT_AE_BET_ECFP的BA值    ：-11.972830136347227
GBDT_AE_BET_ECFP    :RMSD: 1.049726, P: 0.875343, R^2: 0.726091
fold= 4
>>>>>>>>>>>>>training.............
###############################################GBDT#####################################################
GBDT_BET的BA值：-11.208386401306011
GBDT_BET:RMSD: 1.467223, P: 0.767925, R^2: 0.404161
GBDT_AE的BA值 ：-11.722154997906749
GBDT_AE :RMSD: 1.603783, P: 0.667681, R^2: 0.288086
GBDT_ECFP的BA值 ：-11.596228790825043
GBDT_ECFP :RMSD: 1.176162, P: 0.786977, R^2: 0.617113
GBDT_AE_BET的BA值    ：-11.46527069960638
GBDT_AE_BET    :RMSD: 1.498221, P: 0.761712, R^2: 0.378718
GBDT_AE_ECFP的BA值    ：-11.659191894365897
GBDT_AE_ECFP    :RMSD: 1.298719, P: 0.774181, R^2: 0.533161
GBDT_BET_ECFP的BA值    ：-11.402307596065526
GBDT_BET_ECFP    :RMSD: 1.248706, P: 0.796855, R^2: 0.568425
GBDT_AE_BET_ECFP的BA值    ：-11.508923396679267
GBDT_AE_BET_ECFP    :RMSD: 1.327244, P: 0.789851, R^2: 0.512429
fold= 5
>>>>>>>>>>>>>training.............
###############################################GBDT#####################################################
GBDT_BET的BA值：-11.293950581556079
GBDT_BET:RMSD: 1.327277, P: 0.766097, R^2: 0.556798
GBDT_AE的BA值 ：-11.52045878938238
GBDT_AE :RMSD: 1.271147, P: 0.797733, R^2: 0.593491
GBDT_ECFP的BA值 ：-11.833561084237498
GBDT_ECFP :RMSD: 1.454151, P: 0.685407, R^2: 0.468018
GBDT_AE_BET的BA值    ：-11.407204685469228
GBDT_AE_BET    :RMSD: 1.283324, P: 0.793407, R^2: 0.585665
GBDT_AE_ECFP的BA值    ：-11.677009936809938
GBDT_AE_ECFP    :RMSD: 1.319440, P: 0.763218, R^2: 0.562017
GBDT_BET_ECFP的BA值    ：-11.563755832896788
GBDT_BET_ECFP    :RMSD: 1.369887, P: 0.733972, R^2: 0.527885
GBDT_AE_BET_ECFP的BA值    ：-11.549323485058652
GBDT_AE_BET_ECFP    :RMSD: 1.315113, P: 0.768565, R^2: 0.564884
fold= 6
>>>>>>>>>>>>>training.............
###############################################GBDT#####################################################
GBDT_BET的BA值：-11.185460514480901
GBDT_BET:RMSD: 1.502978, P: 0.821143, R^2: 0.524791
GBDT_AE的BA值 ：-11.178739595413276
GBDT_AE :RMSD: 1.487225, P: 0.853806, R^2: 0.534701
GBDT_ECFP的BA值 ：-11.514820230506244
GBDT_ECFP :RMSD: 1.380931, P: 0.796996, R^2: 0.598835
GBDT_AE_BET的BA值    ：-11.182100054947089
GBDT_AE_BET    :RMSD: 1.481266, P: 0.853079, R^2: 0.538422
GBDT_AE_ECFP的BA值    ：-11.105285161953763
GBDT_AE_ECFP    :RMSD: 1.374457, P: 0.859897, R^2: 0.602588
GBDT_BET_ECFP的BA值    ：-11.13795096614993
GBDT_BET_ECFP    :RMSD: 1.413338, P: 0.822710, R^2: 0.579785
GBDT_AE_BET_ECFP的BA值    ：-11.13201027946281
GBDT_AE_BET_ECFP    :RMSD: 1.412070, P: 0.853709, R^2: 0.580539
fold= 7
>>>>>>>>>>>>>training.............
###############################################GBDT#####################################################
GBDT_BET的BA值：-11.470861509564585
GBDT_BET:RMSD: 1.292762, P: 0.782868, R^2: 0.568092
GBDT_AE的BA值 ：-11.643862379867446
GBDT_AE :RMSD: 1.239331, P: 0.802556, R^2: 0.603056
GBDT_ECFP的BA值 ：-12.654121199558292
GBDT_ECFP :RMSD: 1.183791, P: 0.800399, R^2: 0.637837
GBDT_AE_BET的BA值    ：-11.557361944716016
GBDT_AE_BET    :RMSD: 1.231317, P: 0.817357, R^2: 0.608173
GBDT_AE_ECFP的BA值    ：-12.14899178971287
GBDT_AE_ECFP    :RMSD: 1.164553, P: 0.819859, R^2: 0.649512
GBDT_BET_ECFP的BA值    ：-12.062491354561438
GBDT_BET_ECFP    :RMSD: 1.192202, P: 0.808874, R^2: 0.632672
GBDT_AE_BET_ECFP的BA值    ：-11.922948362996772
GBDT_AE_BET_ECFP    :RMSD: 1.181625, P: 0.821991, R^2: 0.639161
fold= 8
>>>>>>>>>>>>>training.............
###############################################GBDT#####################################################
GBDT_BET的BA值：-11.572506983688907
GBDT_BET:RMSD: 1.580192, P: 0.591460, R^2: 0.259342
GBDT_AE的BA值 ：-11.05679408462085
GBDT_AE :RMSD: 1.491582, P: 0.611165, R^2: 0.340079
GBDT_ECFP的BA值 ：-12.22670957783386
GBDT_ECFP :RMSD: 1.291824, P: 0.743659, R^2: 0.505001
GBDT_AE_BET的BA值    ：-11.314650534154879
GBDT_AE_BET    :RMSD: 1.482865, P: 0.653406, R^2: 0.347770
GBDT_AE_ECFP的BA值    ：-11.641751831227356
GBDT_AE_ECFP    :RMSD: 1.339538, P: 0.722304, R^2: 0.467760
GBDT_BET_ECFP的BA值    ：-11.899608280761385
GBDT_BET_ECFP    :RMSD: 1.415565, P: 0.691482, R^2: 0.405629
GBDT_AE_BET_ECFP的BA值    ：-11.618670215381206
GBDT_AE_BET_ECFP    :RMSD: 1.398319, P: 0.702166, R^2: 0.420024
fold= 9
>>>>>>>>>>>>>training.............
###############################################GBDT#####################################################
GBDT_BET的BA值：-10.974117821342865
GBDT_BET:RMSD: 1.453277, P: 0.669949, R^2: 0.092658
GBDT_AE的BA值 ：-11.063934060773775
GBDT_AE :RMSD: 1.575704, P: 0.505470, R^2: -0.066654
GBDT_ECFP的BA值 ：-11.39952550817259
GBDT_ECFP :RMSD: 1.289144, P: 0.704422, R^2: 0.286035
GBDT_AE_BET的BA值    ：-10.883365833544902
GBDT_AE_BET    :RMSD: 1.479393, P: 0.639072, R^2: 0.059755
GBDT_AE_ECFP的BA值    ：-10.978239981473365
GBDT_AE_ECFP    :RMSD: 1.295331, P: 0.714954, R^2: 0.279166
GBDT_BET_ECFP的BA值    ：-11.172543704592712
GBDT_BET_ECFP    :RMSD: 1.321556, P: 0.703690, R^2: 0.249682
GBDT_AE_BET_ECFP的BA值    ：-10.967347287986522
GBDT_AE_BET_ECFP    :RMSD: 1.341443, P: 0.706240, R^2: 0.226930
fold= 10
>>>>>>>>>>>>>training.............
###############################################GBDT#####################################################
GBDT_BET的BA值：-11.558038446149396
GBDT_BET:RMSD: 1.764182, P: 0.529613, R^2: 0.170500
GBDT_AE的BA值 ：-11.476072446359545
GBDT_AE :RMSD: 1.660822, P: 0.569018, R^2: 0.264850
GBDT_ECFP的BA值 ：-11.998469997505016
GBDT_ECFP :RMSD: 1.404139, P: 0.722007, R^2: 0.474528
GBDT_AE_BET的BA值    ：-11.51705544625447
GBDT_AE_BET    :RMSD: 1.692688, P: 0.569621, R^2: 0.236369
GBDT_AE_ECFP的BA值    ：-11.73727122193228
GBDT_AE_ECFP    :RMSD: 1.490167, P: 0.688992, R^2: 0.408166
GBDT_BET_ECFP的BA值    ：-11.778254221827206
GBDT_BET_ECFP    :RMSD: 1.547226, P: 0.656859, R^2: 0.361975
GBDT_AE_BET_ECFP的BA值    ：-11.677526963337987
GBDT_AE_BET_ECFP    :RMSD: 1.566188, P: 0.649620, R^2: 0.346241
@@@@@@@@@@@@@@@@@@@@@@@@@@@@@@@@@@@@@@@@@@@最终结果@@@@@@@@@@@@@@@@@@@@@@@@@@@@@@@@@@@@@@@@@@@@@@@@@@
@@@@@@@@@@@@@@@@@@@@@@@@@@@@@@@@@@@@@@@@@@@最终结果@@@@@@@@@@@@@@@@@@@@@@@@@@@@@@@@@@@@@@@@@@@@@@@@@@
%%%%%%%%%%%%%%%%%%%%%%%%%%%%%%%%%%%%%%%%%%%GBDT%%%%%%%%%%%%%%%%%%%%%%%%%%%%%%%%%%%%%%%%%%%%%%%%%%%%%%
GBDT_BET:0-th Final RMSD: 1.412996, Final P: 0.717901, Final R^2: 0.483430
GBDT_AE :0-th Final RMSD: 1.392021, Final P: 0.734031, Final R^2: 0.498653
GBDT_ECFP :0-th Final RMSD: 1.236983, Final P: 0.779804, Final R^2: 0.604110
GBDT_AE_BET    :0-th Final RMSD: 1.373768, Final P: 0.752738, Final R^2: 0.511715
GBDT_AE_ECFP    :0-th Final RMSD: 1.247537, Final P: 0.796920, Final R^2: 0.597326
GBDT_BET_ECFP    :0-th Final RMSD: 1.282921, Final P: 0.774419, Final R^2: 0.574160
GBDT_AE_BET_ECFP    :0-th Final RMSD: 1.286403, Final P: 0.786049, Final R^2: 0.571845
0-th GBDT_AE的BA值 ：-11.722155
0-th GBDT_BET的BA值：-11.982599
0-th GBDT_ECFP的BA值 ：-12.654121
0-th GBDT_AE_BET的BA值：-11.759756
0-th GBDT_AE_ECFP的BA值    ：-12.148992
0-th GBDT_BET_ECFP的BA值    ：-12.190788
0-th GBDT_AE_BET_ECFP的BA值    ：-11.972830
total time: 0.07437844435373941 h
