size of data: (732,)
size of train size: 585
GBDT parameter
Namespace(n_estimators=10000, dataset='CHEMBL4306', max_depth=7, learning_rate=0.01, criterion='friedman_mse', subsample=0.7, max_features='sqrt', min_samples_split=3, loss='ls', n_iter_no_change=None, random_seed=0)
fold= 1
>>>>>>>>>>>>>training.............
###############################################GBDT#####################################################
GBDT_BET的BA值：-9.872966835101371
GBDT_BET:RMSD: 0.607236, P: 0.761407, R^2: 0.574682
GBDT_AE的BA值 ：-9.790609896019795
GBDT_AE :RMSD: 0.585118, P: 0.787069, R^2: 0.605102
GBDT_ECFP的BA值 ：-10.913845832473777
GBDT_ECFP :RMSD: 0.605717, P: 0.768783, R^2: 0.576808
GBDT_AE_BET的BA值    ：-9.828613977665018
GBDT_AE_BET    :RMSD: 0.589687, P: 0.781523, R^2: 0.598910
GBDT_AE_ECFP的BA值    ：-10.184967233558767
GBDT_AE_ECFP    :RMSD: 0.568032, P: 0.793878, R^2: 0.627828
GBDT_BET_ECFP的BA值    ：-10.36391647158479
GBDT_BET_ECFP    :RMSD: 0.582266, P: 0.780975, R^2: 0.608942
GBDT_AE_BET_ECFP的BA值    ：-10.061307192604446
GBDT_AE_BET_ECFP    :RMSD: 0.573460, P: 0.790617, R^2: 0.620681
fold= 2
>>>>>>>>>>>>>training.............
###############################################GBDT#####################################################
GBDT_BET的BA值：-10.08618407362253
GBDT_BET:RMSD: 0.747398, P: 0.814421, R^2: 0.611248
GBDT_AE的BA值 ：-10.016850038168924
GBDT_AE :RMSD: 0.720593, P: 0.835068, R^2: 0.638633
GBDT_ECFP的BA值 ：-10.26929829201084
GBDT_ECFP :RMSD: 0.705177, P: 0.814058, R^2: 0.653930
GBDT_AE_BET的BA值    ：-10.051517055895726
GBDT_AE_BET    :RMSD: 0.728413, P: 0.831673, R^2: 0.630747
GBDT_AE_ECFP的BA值    ：-10.071885034067822
GBDT_AE_ECFP    :RMSD: 0.694153, P: 0.836636, R^2: 0.664665
GBDT_BET_ECFP的BA值    ：-10.106552051794626
GBDT_BET_ECFP    :RMSD: 0.703191, P: 0.831750, R^2: 0.655875
GBDT_AE_BET_ECFP的BA值    ：-10.076651380586059
GBDT_AE_BET_ECFP    :RMSD: 0.703366, P: 0.838084, R^2: 0.655704
fold= 3
>>>>>>>>>>>>>training.............
###############################################GBDT#####################################################
GBDT_BET的BA值：-9.92546574947224
GBDT_BET:RMSD: 0.543981, P: 0.833590, R^2: 0.678745
GBDT_AE的BA值 ：-9.905851685477895
GBDT_AE :RMSD: 0.569349, P: 0.814888, R^2: 0.648084
GBDT_ECFP的BA值 ：-10.109053599987021
GBDT_ECFP :RMSD: 0.518291, P: 0.841689, R^2: 0.708372
GBDT_AE_BET的BA值    ：-9.915658717475068
GBDT_AE_BET    :RMSD: 0.550306, P: 0.830951, R^2: 0.671231
GBDT_AE_ECFP的BA值    ：-10.007452642732458
GBDT_AE_ECFP    :RMSD: 0.518344, P: 0.847352, R^2: 0.708312
GBDT_BET_ECFP的BA值    ：-10.01725967472963
GBDT_BET_ECFP    :RMSD: 0.509898, P: 0.852070, R^2: 0.717740
GBDT_AE_BET_ECFP的BA值    ：-9.980123678312385
GBDT_AE_BET_ECFP    :RMSD: 0.520401, P: 0.848544, R^2: 0.705992
fold= 4
>>>>>>>>>>>>>training.............
###############################################GBDT#####################################################
GBDT_BET的BA值：-10.11145300066642
GBDT_BET:RMSD: 0.646890, P: 0.751787, R^2: 0.557214
GBDT_AE的BA值 ：-9.974484980407054
GBDT_AE :RMSD: 0.618850, P: 0.771571, R^2: 0.594767
GBDT_ECFP的BA值 ：-10.516079194451125
GBDT_ECFP :RMSD: 0.671287, P: 0.743158, R^2: 0.523186
GBDT_AE_BET的BA值    ：-10.042968990536737
GBDT_AE_BET    :RMSD: 0.626501, P: 0.765860, R^2: 0.584686
GBDT_AE_ECFP的BA值    ：-10.24528208742909
GBDT_AE_ECFP    :RMSD: 0.625453, P: 0.767941, R^2: 0.586075
GBDT_BET_ECFP的BA值    ：-10.313766097558773
GBDT_BET_ECFP    :RMSD: 0.643460, P: 0.757446, R^2: 0.561898
GBDT_AE_BET_ECFP的BA值    ：-10.200672391841534
GBDT_AE_BET_ECFP    :RMSD: 0.627063, P: 0.766843, R^2: 0.583941
fold= 5
>>>>>>>>>>>>>training.............
###############################################GBDT#####################################################
GBDT_BET的BA值：-9.954373338771601
GBDT_BET:RMSD: 0.552364, P: 0.814823, R^2: 0.635983
GBDT_AE的BA值 ：-9.944352591746396
GBDT_AE :RMSD: 0.567906, P: 0.810950, R^2: 0.615210
GBDT_ECFP的BA值 ：-10.186814344396627
GBDT_ECFP :RMSD: 0.593318, P: 0.765578, R^2: 0.580003
GBDT_AE_BET的BA值    ：-9.942099531953733
GBDT_AE_BET    :RMSD: 0.553262, P: 0.820103, R^2: 0.634798
GBDT_AE_ECFP的BA值    ：-10.065583468071512
GBDT_AE_ECFP    :RMSD: 0.562786, P: 0.799052, R^2: 0.622117
GBDT_BET_ECFP的BA值    ：-10.063330408278848
GBDT_BET_ECFP    :RMSD: 0.553360, P: 0.804823, R^2: 0.634669
GBDT_AE_BET_ECFP的BA值    ：-10.023671136101363
GBDT_AE_BET_ECFP    :RMSD: 0.551411, P: 0.812153, R^2: 0.637238
fold= 6
>>>>>>>>>>>>>training.............
###############################################GBDT#####################################################
GBDT_BET的BA值：-10.14172519964152
GBDT_BET:RMSD: 0.639753, P: 0.797628, R^2: 0.606342
GBDT_AE的BA值 ：-10.048763711469437
GBDT_AE :RMSD: 0.664861, P: 0.793542, R^2: 0.574838
GBDT_ECFP的BA值 ：-10.4387225613864
GBDT_ECFP :RMSD: 0.608280, P: 0.803657, R^2: 0.644123
GBDT_AE_BET的BA值    ：-10.095244455555479
GBDT_AE_BET    :RMSD: 0.643837, P: 0.805056, R^2: 0.601300
GBDT_AE_ECFP的BA值    ：-10.09696309022032
GBDT_AE_ECFP    :RMSD: 0.604656, P: 0.814445, R^2: 0.648350
GBDT_BET_ECFP的BA值    ：-10.143443834306362
GBDT_BET_ECFP    :RMSD: 0.597869, P: 0.815712, R^2: 0.656201
GBDT_AE_BET_ECFP的BA值    ：-10.11188379336072
GBDT_AE_BET_ECFP    :RMSD: 0.608185, P: 0.816859, R^2: 0.644233
fold= 7
>>>>>>>>>>>>>training.............
###############################################GBDT#####################################################
GBDT_BET的BA值：-10.179320395037136
GBDT_BET:RMSD: 0.680355, P: 0.750817, R^2: 0.521149
GBDT_AE的BA值 ：-10.01875716405858
GBDT_AE :RMSD: 0.685631, P: 0.736336, R^2: 0.513692
GBDT_ECFP的BA值 ：-10.336993632460382
GBDT_ECFP :RMSD: 0.636072, P: 0.776955, R^2: 0.581456
GBDT_AE_BET的BA值    ：-10.099038779547858
GBDT_AE_BET    :RMSD: 0.676610, P: 0.750572, R^2: 0.526405
GBDT_AE_ECFP的BA值    ：-10.17787539825948
GBDT_AE_ECFP    :RMSD: 0.637909, P: 0.779122, R^2: 0.579034
GBDT_BET_ECFP的BA值    ：-10.25815701374876
GBDT_BET_ECFP    :RMSD: 0.638268, P: 0.782401, R^2: 0.578560
GBDT_AE_BET_ECFP的BA值    ：-10.178357063852033
GBDT_AE_BET_ECFP    :RMSD: 0.645575, P: 0.776638, R^2: 0.568856
fold= 8
>>>>>>>>>>>>>training.............
###############################################GBDT#####################################################
GBDT_BET的BA值：-10.223952952833788
GBDT_BET:RMSD: 0.570783, P: 0.846270, R^2: 0.681507
GBDT_AE的BA值 ：-10.077602089239162
GBDT_AE :RMSD: 0.567537, P: 0.854467, R^2: 0.685119
GBDT_ECFP的BA值 ：-10.53809772080106
GBDT_ECFP :RMSD: 0.531816, P: 0.853972, R^2: 0.723509
GBDT_AE_BET的BA值    ：-10.150777521036474
GBDT_AE_BET    :RMSD: 0.562222, P: 0.856994, R^2: 0.690988
GBDT_AE_ECFP的BA值    ：-10.240571571601965
GBDT_AE_ECFP    :RMSD: 0.523890, P: 0.872899, R^2: 0.731689
GBDT_BET_ECFP的BA值    ：-10.311353180790643
GBDT_BET_ECFP    :RMSD: 0.524071, P: 0.870459, R^2: 0.731503
GBDT_AE_BET_ECFP的BA值    ：-10.233436150273484
GBDT_AE_BET_ECFP    :RMSD: 0.530210, P: 0.872489, R^2: 0.725176
fold= 9
>>>>>>>>>>>>>training.............
###############################################GBDT#####################################################
GBDT_BET的BA值：-10.039317897459686
GBDT_BET:RMSD: 0.576492, P: 0.817735, R^2: 0.645287
GBDT_AE的BA值 ：-10.226818920241843
GBDT_AE :RMSD: 0.578158, P: 0.812954, R^2: 0.643233
GBDT_ECFP的BA值 ：-10.38321409354823
GBDT_ECFP :RMSD: 0.553687, P: 0.822149, R^2: 0.672795
GBDT_AE_BET的BA值    ：-10.019269492116653
GBDT_AE_BET    :RMSD: 0.570786, P: 0.821930, R^2: 0.652274
GBDT_AE_ECFP的BA值    ：-10.305016506895036
GBDT_AE_ECFP    :RMSD: 0.542427, P: 0.836667, R^2: 0.685968
GBDT_BET_ECFP的BA值    ：-10.097467078769846
GBDT_BET_ECFP    :RMSD: 0.544802, P: 0.836658, R^2: 0.683212
GBDT_AE_BET_ECFP的BA值    ：-10.140584359260512
GBDT_AE_BET_ECFP    :RMSD: 0.547129, P: 0.837023, R^2: 0.680500
fold= 10
>>>>>>>>>>>>>training.............
###############################################GBDT#####################################################
GBDT_BET的BA值：-10.20622535768409
GBDT_BET:RMSD: 0.680707, P: 0.764441, R^2: 0.563443
GBDT_AE的BA值 ：-10.08816459092409
GBDT_AE :RMSD: 0.662272, P: 0.772923, R^2: 0.586768
GBDT_ECFP的BA值 ：-10.44813402775873
GBDT_ECFP :RMSD: 0.671268, P: 0.771758, R^2: 0.575466
GBDT_AE_BET的BA值    ：-10.147194974304089
GBDT_AE_BET    :RMSD: 0.664565, P: 0.774220, R^2: 0.583902
GBDT_AE_ECFP的BA值    ：-10.181083553493904
GBDT_AE_ECFP    :RMSD: 0.643128, P: 0.784595, R^2: 0.610312
GBDT_BET_ECFP的BA值    ：-10.240113936873904
GBDT_BET_ECFP    :RMSD: 0.653277, P: 0.781097, R^2: 0.597917
GBDT_AE_BET_ECFP的BA值    ：-10.189464154890631
GBDT_AE_BET_ECFP    :RMSD: 0.647693, P: 0.783995, R^2: 0.604761
@@@@@@@@@@@@@@@@@@@@@@@@@@@@@@@@@@@@@@@@@@@最终结果@@@@@@@@@@@@@@@@@@@@@@@@@@@@@@@@@@@@@@@@@@@@@@@@@@
@@@@@@@@@@@@@@@@@@@@@@@@@@@@@@@@@@@@@@@@@@@最终结果@@@@@@@@@@@@@@@@@@@@@@@@@@@@@@@@@@@@@@@@@@@@@@@@@@
%%%%%%%%%%%%%%%%%%%%%%%%%%%%%%%%%%%%%%%%%%%GBDT%%%%%%%%%%%%%%%%%%%%%%%%%%%%%%%%%%%%%%%%%%%%%%%%%%%%%%
GBDT_BET:0-th Final RMSD: 0.627885, Final P: 0.788930, Final R^2: 0.612240
GBDT_AE :0-th Final RMSD: 0.624459, Final P: 0.795801, Final R^2: 0.616460
GBDT_ECFP :0-th Final RMSD: 0.612503, Final P: 0.795624, Final R^2: 0.631006
GBDT_AE_BET    :0-th Final RMSD: 0.619446, Final P: 0.799238, Final R^2: 0.622592
GBDT_AE_ECFP    :0-th Final RMSD: 0.594750, Final P: 0.812045, Final R^2: 0.652086
GBDT_BET_ECFP    :0-th Final RMSD: 0.598200, Final P: 0.808491, Final R^2: 0.648038
GBDT_AE_BET_ECFP    :0-th Final RMSD: 0.598312, Final P: 0.811628, Final R^2: 0.647906
0-th GBDT_AE的BA值 ：-10.226819
0-th GBDT_BET的BA值：-10.223953
0-th GBDT_ECFP的BA值 ：-10.913846
0-th GBDT_AE_BET的BA值：-10.150778
0-th GBDT_AE_ECFP的BA值    ：-10.305017
0-th GBDT_BET_ECFP的BA值    ：-10.363916
0-th GBDT_AE_BET_ECFP的BA值    ：-10.233436
total time: 0.3403600260284212 h
