size of data: (1382,)
size of train size: 1105
GBDT parameter
Namespace(n_estimators=10000, dataset='CHEMBL2525', max_depth=8, learning_rate=0.01, criterion='friedman_mse', subsample=0.5, max_features='sqrt', min_samples_split=4, loss='ls', n_iter_no_change=None, random_seed=0)
fold= 1
>>>>>>>>>>>>>training.............
###############################################GBDT#####################################################
GBDT_BET的BA值：-11.767227598988242
GBDT_BET:RMSD: 0.877843, P: 0.807116, R^2: 0.648091
GBDT_AE的BA值 ：-11.923839624321428
GBDT_AE :RMSD: 0.884538, P: 0.809956, R^2: 0.642703
GBDT_ECFP的BA值 ：-12.534085975045132
GBDT_ECFP :RMSD: 0.894232, P: 0.805798, R^2: 0.634829
GBDT_AE_BET的BA值    ：-11.772810777674653
GBDT_AE_BET    :RMSD: 0.867070, P: 0.815087, R^2: 0.656675
GBDT_AE_ECFP的BA值    ：-12.22896279968328
GBDT_AE_ECFP    :RMSD: 0.842405, P: 0.822985, R^2: 0.675930
GBDT_BET_ECFP的BA值    ：-12.077933953036505
GBDT_BET_ECFP    :RMSD: 0.842727, P: 0.822122, R^2: 0.675683
GBDT_AE_BET_ECFP的BA值    ：-12.026569176798146
GBDT_AE_BET_ECFP    :RMSD: 0.838909, P: 0.825009, R^2: 0.678615
fold= 2
>>>>>>>>>>>>>training.............
###############################################GBDT#####################################################
GBDT_BET的BA值：-12.181484039382973
GBDT_BET:RMSD: 0.964456, P: 0.780287, R^2: 0.598769
GBDT_AE的BA值 ：-11.945803387239073
GBDT_AE :RMSD: 0.975063, P: 0.799793, R^2: 0.589896
GBDT_ECFP的BA值 ：-12.593205340406804
GBDT_ECFP :RMSD: 0.897827, P: 0.810229, R^2: 0.652292
GBDT_AE_BET的BA值    ：-11.995703119848958
GBDT_AE_BET    :RMSD: 0.954711, P: 0.797036, R^2: 0.606837
GBDT_AE_ECFP的BA值    ：-12.201563770360874
GBDT_AE_ECFP    :RMSD: 0.890687, P: 0.821563, R^2: 0.657800
GBDT_BET_ECFP的BA值    ：-12.387344689894888
GBDT_BET_ECFP    :RMSD: 0.889023, P: 0.815193, R^2: 0.659078
GBDT_AE_BET_ECFP的BA值    ：-12.194870526701573
GBDT_AE_BET_ECFP    :RMSD: 0.900224, P: 0.816989, R^2: 0.650434
fold= 3
>>>>>>>>>>>>>training.............
###############################################GBDT#####################################################
GBDT_BET的BA值：-12.092918157057898
GBDT_BET:RMSD: 1.029225, P: 0.818351, R^2: 0.639759
GBDT_AE的BA值 ：-12.03231256215991
GBDT_AE :RMSD: 1.067569, P: 0.820767, R^2: 0.612417
GBDT_ECFP的BA值 ：-12.15509127969007
GBDT_ECFP :RMSD: 0.964487, P: 0.829836, R^2: 0.683651
GBDT_AE_BET的BA值    ：-12.062615359608905
GBDT_AE_BET    :RMSD: 1.035867, P: 0.827799, R^2: 0.635094
GBDT_AE_ECFP的BA值    ：-12.09370192092499
GBDT_AE_ECFP    :RMSD: 0.974687, P: 0.842853, R^2: 0.676925
GBDT_BET_ECFP的BA值    ：-12.124004718373985
GBDT_BET_ECFP    :RMSD: 0.957101, P: 0.843007, R^2: 0.688478
GBDT_AE_BET_ECFP的BA值    ：-12.093440666302627
GBDT_AE_BET_ECFP    :RMSD: 0.979062, P: 0.843686, R^2: 0.674018
fold= 4
>>>>>>>>>>>>>training.............
###############################################GBDT#####################################################
GBDT_BET的BA值：-11.663318732541564
GBDT_BET:RMSD: 0.964818, P: 0.797924, R^2: 0.613683
GBDT_AE的BA值 ：-11.508762763655008
GBDT_AE :RMSD: 0.969581, P: 0.806769, R^2: 0.609859
GBDT_ECFP的BA值 ：-12.674494856878638
GBDT_ECFP :RMSD: 0.891406, P: 0.821343, R^2: 0.670235
GBDT_AE_BET的BA值    ：-11.586040748098286
GBDT_AE_BET    :RMSD: 0.952042, P: 0.811137, R^2: 0.623846
GBDT_AE_ECFP的BA值    ：-11.944768518796636
GBDT_AE_ECFP    :RMSD: 0.884019, P: 0.829664, R^2: 0.675678
GBDT_BET_ECFP的BA值    ：-12.151366422426275
GBDT_BET_ECFP    :RMSD: 0.888345, P: 0.822827, R^2: 0.672496
GBDT_AE_BET_ECFP的BA值    ：-11.839258341855727
GBDT_AE_BET_ECFP    :RMSD: 0.897067, P: 0.825853, R^2: 0.666034
fold= 5
>>>>>>>>>>>>>training.............
###############################################GBDT#####################################################
GBDT_BET的BA值：-12.087088462122846
GBDT_BET:RMSD: 1.063549, P: 0.781387, R^2: 0.605155
GBDT_AE的BA值 ：-11.896178540447071
GBDT_AE :RMSD: 1.091200, P: 0.777531, R^2: 0.584358
GBDT_ECFP的BA值 ：-12.606053325539403
GBDT_ECFP :RMSD: 0.990669, P: 0.813454, R^2: 0.657415
GBDT_AE_BET的BA值    ：-11.984007428401117
GBDT_AE_BET    :RMSD: 1.066062, P: 0.785465, R^2: 0.603287
GBDT_AE_ECFP的BA值    ：-12.251115932993237
GBDT_AE_ECFP    :RMSD: 0.998703, P: 0.812218, R^2: 0.651836
GBDT_BET_ECFP的BA值    ：-12.338944820947283
GBDT_BET_ECFP    :RMSD: 0.992436, P: 0.811983, R^2: 0.656192
GBDT_AE_BET_ECFP的BA值    ：-12.191356060780544
GBDT_AE_BET_ECFP    :RMSD: 1.009511, P: 0.807994, R^2: 0.644259
fold= 6
>>>>>>>>>>>>>training.............
###############################################GBDT#####################################################
GBDT_BET的BA值：-12.052131735835763
GBDT_BET:RMSD: 1.052464, P: 0.770646, R^2: 0.575219
GBDT_AE的BA值 ：-11.787915314114015
GBDT_AE :RMSD: 1.092525, P: 0.762131, R^2: 0.542265
GBDT_ECFP的BA值 ：-12.208849524460032
GBDT_ECFP :RMSD: 0.909466, P: 0.830949, R^2: 0.682807
GBDT_AE_BET的BA值    ：-11.902099536354807
GBDT_AE_BET    :RMSD: 1.059453, P: 0.775123, R^2: 0.569558
GBDT_AE_ECFP的BA值    ：-11.980458430666943
GBDT_AE_ECFP    :RMSD: 0.970102, P: 0.816320, R^2: 0.639101
GBDT_BET_ECFP的BA值    ：-12.130490630147897
GBDT_BET_ECFP    :RMSD: 0.948738, P: 0.820449, R^2: 0.654822
GBDT_AE_BET_ECFP的BA值    ：-12.004349532389881
GBDT_AE_BET_ECFP    :RMSD: 0.984669, P: 0.809910, R^2: 0.628181
fold= 7
>>>>>>>>>>>>>training.............
###############################################GBDT#####################################################
GBDT_BET的BA值：-12.21188271386711
GBDT_BET:RMSD: 1.021146, P: 0.816528, R^2: 0.648500
GBDT_AE的BA值 ：-12.074474500653054
GBDT_AE :RMSD: 1.021352, P: 0.829202, R^2: 0.648358
GBDT_ECFP的BA值 ：-12.406922393559467
GBDT_ECFP :RMSD: 0.924042, P: 0.844428, R^2: 0.712172
GBDT_AE_BET的BA值    ：-12.143178607260083
GBDT_AE_BET    :RMSD: 1.009064, P: 0.829876, R^2: 0.656769
GBDT_AE_ECFP的BA值    ：-12.240698447106261
GBDT_AE_ECFP    :RMSD: 0.922308, P: 0.852139, R^2: 0.713251
GBDT_BET_ECFP的BA值    ：-12.309402553713289
GBDT_BET_ECFP    :RMSD: 0.931385, P: 0.845157, R^2: 0.707579
GBDT_AE_BET_ECFP的BA值    ：-12.231093202693211
GBDT_AE_BET_ECFP    :RMSD: 0.943140, P: 0.847194, R^2: 0.700152
fold= 8
>>>>>>>>>>>>>training.............
###############################################GBDT#####################################################
GBDT_BET的BA值：-12.039921652019078
GBDT_BET:RMSD: 1.017626, P: 0.767950, R^2: 0.577002
GBDT_AE的BA值 ：-12.078316841251365
GBDT_AE :RMSD: 1.005706, P: 0.777255, R^2: 0.586854
GBDT_ECFP的BA值 ：-12.502607601095475
GBDT_ECFP :RMSD: 1.009077, P: 0.774335, R^2: 0.584080
GBDT_AE_BET的BA值    ：-12.059119246635222
GBDT_AE_BET    :RMSD: 0.991080, P: 0.782038, R^2: 0.598783
GBDT_AE_ECFP的BA值    ：-12.29046222117342
GBDT_AE_ECFP    :RMSD: 0.957648, P: 0.794064, R^2: 0.625395
GBDT_BET_ECFP的BA值    ：-12.271264626557276
GBDT_BET_ECFP    :RMSD: 0.977730, P: 0.786331, R^2: 0.609520
GBDT_AE_BET_ECFP的BA值    ：-12.206948698121971
GBDT_AE_BET_ECFP    :RMSD: 0.963552, P: 0.792832, R^2: 0.620762
fold= 9
>>>>>>>>>>>>>training.............
###############################################GBDT#####################################################
GBDT_BET的BA值：-11.95453559122557
GBDT_BET:RMSD: 0.924653, P: 0.810431, R^2: 0.633112
GBDT_AE的BA值 ：-11.70607838463615
GBDT_AE :RMSD: 0.944974, P: 0.812980, R^2: 0.616808
GBDT_ECFP的BA值 ：-12.370939230708663
GBDT_ECFP :RMSD: 0.807780, P: 0.848781, R^2: 0.719997
GBDT_AE_BET的BA值    ：-11.83030698793086
GBDT_AE_BET    :RMSD: 0.920073, P: 0.822427, R^2: 0.636737
GBDT_AE_ECFP的BA值    ：-11.867307742910452
GBDT_AE_ECFP    :RMSD: 0.816370, P: 0.857515, R^2: 0.714011
GBDT_BET_ECFP的BA值    ：-12.120196127520597
GBDT_BET_ECFP    :RMSD: 0.819522, P: 0.850663, R^2: 0.711798
GBDT_AE_BET_ECFP的BA值    ：-11.896383692348826
GBDT_AE_BET_ECFP    :RMSD: 0.839178, P: 0.851238, R^2: 0.697807
fold= 10
>>>>>>>>>>>>>training.............
###############################################GBDT#####################################################
GBDT_BET的BA值：-11.900005339087578
GBDT_BET:RMSD: 0.870152, P: 0.828428, R^2: 0.681485
GBDT_AE的BA值 ：-11.884575787394697
GBDT_AE :RMSD: 0.862715, P: 0.844489, R^2: 0.686906
GBDT_ECFP的BA值 ：-12.70556671251677
GBDT_ECFP :RMSD: 0.871186, P: 0.835602, R^2: 0.680727
GBDT_AE_BET的BA值    ：-11.88711882591532
GBDT_AE_BET    :RMSD: 0.852245, P: 0.842565, R^2: 0.694460
GBDT_AE_ECFP的BA值    ：-12.295071249955733
GBDT_AE_ECFP    :RMSD: 0.810256, P: 0.854454, R^2: 0.723825
GBDT_BET_ECFP的BA值    ：-12.297614288476357
GBDT_BET_ECFP    :RMSD: 0.814502, P: 0.851443, R^2: 0.720923
GBDT_AE_BET_ECFP的BA值    ：-12.159934788115804
GBDT_AE_BET_ECFP    :RMSD: 0.811349, P: 0.855052, R^2: 0.723079
@@@@@@@@@@@@@@@@@@@@@@@@@@@@@@@@@@@@@@@@@@@最终结果@@@@@@@@@@@@@@@@@@@@@@@@@@@@@@@@@@@@@@@@@@@@@@@@@@
@@@@@@@@@@@@@@@@@@@@@@@@@@@@@@@@@@@@@@@@@@@最终结果@@@@@@@@@@@@@@@@@@@@@@@@@@@@@@@@@@@@@@@@@@@@@@@@@@
%%%%%%%%%%%%%%%%%%%%%%%%%%%%%%%%%%%%%%%%%%%GBDT%%%%%%%%%%%%%%%%%%%%%%%%%%%%%%%%%%%%%%%%%%%%%%%%%%%%%%
GBDT_BET:0-th Final RMSD: 0.980745, Final P: 0.794994, Final R^2: 0.625233
GBDT_AE :0-th Final RMSD: 0.994352, Final P: 0.801328, Final R^2: 0.614761
GBDT_ECFP :0-th Final RMSD: 0.917722, Final P: 0.820511, Final R^2: 0.671851
GBDT_AE_BET    :0-th Final RMSD: 0.973306, Final P: 0.806124, Final R^2: 0.630896
GBDT_AE_ECFP    :0-th Final RMSD: 0.908989, Final P: 0.829177, Final R^2: 0.678066
GBDT_BET_ECFP    :0-th Final RMSD: 0.908194, Final P: 0.825724, Final R^2: 0.678629
GBDT_AE_BET_ECFP    :0-th Final RMSD: 0.918985, Final P: 0.826089, Final R^2: 0.670947
0-th GBDT_AE的BA值 ：-12.078317
0-th GBDT_BET的BA值：-12.211883
0-th GBDT_ECFP的BA值 ：-12.705567
0-th GBDT_AE_BET的BA值：-12.143179
0-th GBDT_AE_ECFP的BA值    ：-12.295071
0-th GBDT_BET_ECFP的BA值    ：-12.387345
0-th GBDT_AE_BET_ECFP的BA值    ：-12.231093
total time: 0.5263375652498669 h
