size of data: (217,)
size of train size: 173
GBDT parameter
Namespace(n_estimators=10000, dataset='CHEMBL4767', max_depth=7, learning_rate=0.01, criterion='friedman_mse', subsample=0.7, max_features='sqrt', min_samples_split=3, loss='ls', n_iter_no_change=None, random_seed=0)
fold= 1
>>>>>>>>>>>>>training.............
###############################################GBDT#####################################################
GBDT_BET的BA值：-11.104263284698064
GBDT_BET:RMSD: 0.843803, P: 0.766719, R^2: 0.566050
GBDT_AE的BA值 ：-11.233694466992738
GBDT_AE :RMSD: 0.861955, P: 0.748780, R^2: 0.547179
GBDT_ECFP的BA值 ：-11.413891068666118
GBDT_ECFP :RMSD: 1.207548, P: 0.528787, R^2: 0.111278
GBDT_AE_BET的BA值    ：-11.1689788758454
GBDT_AE_BET    :RMSD: 0.841556, P: 0.765361, R^2: 0.568358
GBDT_AE_ECFP的BA值    ：-11.323792767829428
GBDT_AE_ECFP    :RMSD: 0.977628, P: 0.660325, R^2: 0.417489
GBDT_BET_ECFP的BA值    ：-11.25907717668209
GBDT_BET_ECFP    :RMSD: 0.966303, P: 0.661840, R^2: 0.430907
GBDT_AE_BET_ECFP的BA值    ：-11.250616273452307
GBDT_AE_BET_ECFP    :RMSD: 0.911514, P: 0.705677, R^2: 0.493612
fold= 2
>>>>>>>>>>>>>training.............
###############################################GBDT#####################################################
GBDT_BET的BA值：-11.850626865123761
GBDT_BET:RMSD: 1.152435, P: 0.703700, R^2: 0.369033
GBDT_AE的BA值 ：-11.149200111810124
GBDT_AE :RMSD: 1.195536, P: 0.738183, R^2: 0.320955
GBDT_ECFP的BA值 ：-12.320812049321407
GBDT_ECFP :RMSD: 1.248612, P: 0.582521, R^2: 0.259324
GBDT_AE_BET的BA值    ：-11.499913488466943
GBDT_AE_BET    :RMSD: 1.146868, P: 0.739958, R^2: 0.375115
GBDT_AE_ECFP的BA值    ：-11.460636099272705
GBDT_AE_ECFP    :RMSD: 1.153197, P: 0.690559, R^2: 0.368199
GBDT_BET_ECFP的BA值    ：-11.583662285622747
GBDT_BET_ECFP    :RMSD: 1.143938, P: 0.675252, R^2: 0.378303
GBDT_AE_BET_ECFP的BA值    ：-11.43884156101854
GBDT_AE_BET_ECFP    :RMSD: 1.130320, P: 0.713105, R^2: 0.393017
fold= 3
>>>>>>>>>>>>>training.............
###############################################GBDT#####################################################
GBDT_BET的BA值：-11.922878887838731
GBDT_BET:RMSD: 1.260712, P: 0.665700, R^2: 0.419676
GBDT_AE的BA值 ：-11.791867327664143
GBDT_AE :RMSD: 1.158928, P: 0.731849, R^2: 0.509599
GBDT_ECFP的BA值 ：-12.27686619134175
GBDT_ECFP :RMSD: 1.051976, P: 0.796820, R^2: 0.595936
GBDT_AE_BET的BA值    ：-11.857373107751437
GBDT_AE_BET    :RMSD: 1.190396, P: 0.715343, R^2: 0.482605
GBDT_AE_ECFP的BA值    ：-12.034366759502946
GBDT_AE_ECFP    :RMSD: 1.049856, P: 0.794202, R^2: 0.597563
GBDT_BET_ECFP的BA值    ：-12.09987253959024
GBDT_BET_ECFP    :RMSD: 1.106646, P: 0.773281, R^2: 0.552847
GBDT_AE_BET_ECFP的BA值    ：-11.997204135614874
GBDT_AE_BET_ECFP    :RMSD: 1.102344, P: 0.772489, R^2: 0.556317
fold= 4
>>>>>>>>>>>>>training.............
###############################################GBDT#####################################################
GBDT_BET的BA值：-11.675889986659573
GBDT_BET:RMSD: 1.050916, P: 0.588523, R^2: 0.321121
GBDT_AE的BA值 ：-11.385559703642347
GBDT_AE :RMSD: 0.961855, P: 0.663096, R^2: 0.431309
GBDT_ECFP的BA值 ：-11.974244774654723
GBDT_ECFP :RMSD: 0.962156, P: 0.657908, R^2: 0.430954
GBDT_AE_BET的BA值    ：-11.53072484515096
GBDT_AE_BET    :RMSD: 0.991471, P: 0.637356, R^2: 0.395750
GBDT_AE_ECFP的BA值    ：-11.679902239148536
GBDT_AE_ECFP    :RMSD: 0.922557, P: 0.694745, R^2: 0.476830
GBDT_BET_ECFP的BA值    ：-11.82506738065715
GBDT_BET_ECFP    :RMSD: 0.980287, P: 0.643480, R^2: 0.409306
GBDT_AE_BET_ECFP的BA值    ：-11.678564821652216
GBDT_AE_BET_ECFP    :RMSD: 0.955976, P: 0.665923, R^2: 0.438240
fold= 5
>>>>>>>>>>>>>training.............
###############################################GBDT#####################################################
GBDT_BET的BA值：-11.501010534810742
GBDT_BET:RMSD: 1.118428, P: 0.831862, R^2: 0.611433
GBDT_AE的BA值 ：-11.822969082607656
GBDT_AE :RMSD: 1.166479, P: 0.826885, R^2: 0.577328
GBDT_ECFP的BA值 ：-11.79047248461504
GBDT_ECFP :RMSD: 1.106387, P: 0.811444, R^2: 0.619754
GBDT_AE_BET的BA值    ：-11.6619898087092
GBDT_AE_BET    :RMSD: 1.134906, P: 0.835982, R^2: 0.599899
GBDT_AE_ECFP的BA值    ：-11.445146900822596
GBDT_AE_ECFP    :RMSD: 1.081258, P: 0.849628, R^2: 0.636831
GBDT_BET_ECFP的BA值    ：-11.445021870867995
GBDT_BET_ECFP    :RMSD: 1.065421, P: 0.845787, R^2: 0.647391
GBDT_AE_BET_ECFP的BA值    ：-11.431533168709919
GBDT_AE_BET_ECFP    :RMSD: 1.081838, P: 0.852600, R^2: 0.636441
fold= 6
>>>>>>>>>>>>>training.............
###############################################GBDT#####################################################
GBDT_BET的BA值：-11.741185030314735
GBDT_BET:RMSD: 1.036637, P: 0.711401, R^2: 0.468566
GBDT_AE的BA值 ：-11.209541244244008
GBDT_AE :RMSD: 1.159466, P: 0.585940, R^2: 0.335168
GBDT_ECFP的BA值 ：-13.98690474867146
GBDT_ECFP :RMSD: 1.322037, P: 0.583042, R^2: 0.135663
GBDT_AE_BET的BA值    ：-11.475363137279372
GBDT_AE_BET    :RMSD: 1.086779, P: 0.663465, R^2: 0.415912
GBDT_AE_ECFP的BA值    ：-11.776766359288839
GBDT_AE_ECFP    :RMSD: 1.090114, P: 0.663082, R^2: 0.412322
GBDT_BET_ECFP的BA值    ：-12.147505970015331
GBDT_BET_ECFP    :RMSD: 1.077267, P: 0.681309, R^2: 0.426092
GBDT_AE_BET_ECFP的BA值    ：-11.499835289306404
GBDT_AE_BET_ECFP    :RMSD: 1.051612, P: 0.694848, R^2: 0.453101
fold= 7
>>>>>>>>>>>>>training.............
###############################################GBDT#####################################################
GBDT_BET的BA值：-10.788963762756879
GBDT_BET:RMSD: 1.535732, P: 0.712196, R^2: 0.296556
GBDT_AE的BA值 ：-10.6914727433307
GBDT_AE :RMSD: 1.461348, P: 0.767814, R^2: 0.363049
GBDT_ECFP的BA值 ：-12.774641275187346
GBDT_ECFP :RMSD: 1.283435, P: 0.730370, R^2: 0.508700
GBDT_AE_BET的BA值    ：-10.711662840677326
GBDT_AE_BET    :RMSD: 1.489072, P: 0.761399, R^2: 0.338652
GBDT_AE_ECFP的BA值    ：-11.69378721189997
GBDT_AE_ECFP    :RMSD: 1.318825, P: 0.774045, R^2: 0.481233
GBDT_BET_ECFP的BA值    ：-11.525533936570312
GBDT_BET_ECFP    :RMSD: 1.347565, P: 0.763289, R^2: 0.458375
GBDT_AE_BET_ECFP的BA值    ：-11.22133367391774
GBDT_AE_BET_ECFP    :RMSD: 1.372308, P: 0.779394, R^2: 0.438304
fold= 8
>>>>>>>>>>>>>training.............
###############################################GBDT#####################################################
GBDT_BET的BA值：-11.484184304170022
GBDT_BET:RMSD: 1.157924, P: 0.598696, R^2: 0.267086
GBDT_AE的BA值 ：-11.318450723473116
GBDT_AE :RMSD: 1.173341, P: 0.598420, R^2: 0.247440
GBDT_ECFP的BA值 ：-12.027547050721813
GBDT_ECFP :RMSD: 1.163392, P: 0.656769, R^2: 0.260148
GBDT_AE_BET的BA值    ：-11.401317513821569
GBDT_AE_BET    :RMSD: 1.156689, P: 0.606207, R^2: 0.268649
GBDT_AE_ECFP的BA值    ：-11.025016997881742
GBDT_AE_ECFP    :RMSD: 1.087159, P: 0.695517, R^2: 0.353930
GBDT_BET_ECFP的BA值    ：-11.197965776114632
GBDT_BET_ECFP    :RMSD: 1.090221, P: 0.681694, R^2: 0.350287
GBDT_AE_BET_ECFP的BA值    ：-11.076279188823401
GBDT_AE_BET_ECFP    :RMSD: 1.093552, P: 0.678909, R^2: 0.346310
fold= 9
>>>>>>>>>>>>>training.............
###############################################GBDT#####################################################
GBDT_BET的BA值：-11.939086093948312
GBDT_BET:RMSD: 1.205756, P: 0.814235, R^2: 0.592333
GBDT_AE的BA值 ：-11.960613407857444
GBDT_AE :RMSD: 1.073025, P: 0.868064, R^2: 0.677146
GBDT_ECFP的BA值 ：-11.495490165409157
GBDT_ECFP :RMSD: 1.306703, P: 0.768908, R^2: 0.521216
GBDT_AE_BET的BA值    ：-11.949849750902878
GBDT_AE_BET    :RMSD: 1.129047, P: 0.851551, R^2: 0.642554
GBDT_AE_ECFP的BA值    ：-11.361608165570855
GBDT_AE_ECFP    :RMSD: 1.096090, P: 0.858859, R^2: 0.663117
GBDT_BET_ECFP的BA值    ：-11.350844508616289
GBDT_BET_ECFP    :RMSD: 1.140342, P: 0.847112, R^2: 0.635367
GBDT_AE_BET_ECFP的BA值    ：-11.554100808363339
GBDT_AE_BET_ECFP    :RMSD: 1.095113, P: 0.868801, R^2: 0.663718
fold= 10
>>>>>>>>>>>>>training.............
###############################################GBDT#####################################################
GBDT_BET的BA值：-11.437904959810194
GBDT_BET:RMSD: 1.328244, P: 0.718684, R^2: 0.474970
GBDT_AE的BA值 ：-11.506779037006535
GBDT_AE :RMSD: 1.379879, P: 0.685220, R^2: 0.433356
GBDT_ECFP的BA值 ：-13.058984450289145
GBDT_ECFP :RMSD: 1.122883, P: 0.801559, R^2: 0.624770
GBDT_AE_BET的BA值    ：-11.472341998408364
GBDT_AE_BET    :RMSD: 1.340810, P: 0.716939, R^2: 0.464989
GBDT_AE_ECFP的BA值    ：-12.275077745179415
GBDT_AE_ECFP    :RMSD: 1.206789, P: 0.783681, R^2: 0.566598
GBDT_BET_ECFP的BA值    ：-12.086682536796372
GBDT_BET_ECFP    :RMSD: 1.184647, P: 0.792064, R^2: 0.582356
GBDT_AE_BET_ECFP的BA值    ：-11.888178704554143
GBDT_AE_BET_ECFP    :RMSD: 1.233821, P: 0.775892, R^2: 0.546964
@@@@@@@@@@@@@@@@@@@@@@@@@@@@@@@@@@@@@@@@@@@最终结果@@@@@@@@@@@@@@@@@@@@@@@@@@@@@@@@@@@@@@@@@@@@@@@@@@
@@@@@@@@@@@@@@@@@@@@@@@@@@@@@@@@@@@@@@@@@@@最终结果@@@@@@@@@@@@@@@@@@@@@@@@@@@@@@@@@@@@@@@@@@@@@@@@@@
%%%%%%%%%%%%%%%%%%%%%%%%%%%%%%%%%%%%%%%%%%%GBDT%%%%%%%%%%%%%%%%%%%%%%%%%%%%%%%%%%%%%%%%%%%%%%%%%%%%%%
GBDT_BET:0-th Final RMSD: 1.181521, Final P: 0.696710, Final R^2: 0.468526
GBDT_AE :0-th Final RMSD: 1.170412, Final P: 0.708148, Final R^2: 0.478473
GBDT_ECFP :0-th Final RMSD: 1.182571, Final P: 0.688758, Final R^2: 0.467580
GBDT_AE_BET    :0-th Final RMSD: 1.162073, Final P: 0.716238, Final R^2: 0.485878
GBDT_AE_ECFP    :0-th Final RMSD: 1.103030, Final P: 0.742500, Final R^2: 0.536794
GBDT_BET_ECFP    :0-th Final RMSD: 1.114646, Final P: 0.733636, Final R^2: 0.526986
GBDT_AE_BET_ECFP    :0-th Final RMSD: 1.109242, Final P: 0.745608, Final R^2: 0.531562
0-th GBDT_AE的BA值 ：-11.960613
0-th GBDT_BET的BA值：-11.939086
0-th GBDT_ECFP的BA值 ：-13.986905
0-th GBDT_AE_BET的BA值：-11.949850
0-th GBDT_AE_ECFP的BA值    ：-12.275078
0-th GBDT_BET_ECFP的BA值    ：-12.147506
0-th GBDT_AE_BET_ECFP的BA值    ：-11.997204
total time: 0.10498989118470085 h
