size of data: (347,)
size of train size: 277
GBDT parameter
Namespace(n_estimators=10000, dataset='CHEMBL2083', max_depth=7, learning_rate=0.01, criterion='friedman_mse', subsample=0.7, max_features='sqrt', min_samples_split=3, loss='ls', n_iter_no_change=None, random_seed=0)
fold= 1
>>>>>>>>>>>>>training.............
###############################################GBDT#####################################################
GBDT_BET的BA值：-10.76879757021119
GBDT_BET:RMSD: 0.643619, P: 0.895812, R^2: 0.767069
GBDT_AE的BA值 ：-10.644352862992704
GBDT_AE :RMSD: 0.738490, P: 0.888872, R^2: 0.693339
GBDT_ECFP的BA值 ：-11.358147616203077
GBDT_ECFP :RMSD: 0.792784, P: 0.805885, R^2: 0.646590
GBDT_AE_BET的BA值    ：-10.67286882127916
GBDT_AE_BET    :RMSD: 0.678783, P: 0.898726, R^2: 0.740921
GBDT_AE_ECFP的BA值    ：-10.967543844275104
GBDT_AE_ECFP    :RMSD: 0.725473, P: 0.866496, R^2: 0.704054
GBDT_BET_ECFP的BA值    ：-11.063472593207134
GBDT_BET_ECFP    :RMSD: 0.695686, P: 0.866049, R^2: 0.727857
GBDT_AE_BET_ECFP的BA值    ：-10.901295086253802
GBDT_AE_BET_ECFP    :RMSD: 0.690896, P: 0.882260, R^2: 0.731592
fold= 2
>>>>>>>>>>>>>training.............
###############################################GBDT#####################################################
GBDT_BET的BA值：-10.338120633005873
GBDT_BET:RMSD: 0.670093, P: 0.884724, R^2: 0.736829
GBDT_AE的BA值 ：-10.321619391503454
GBDT_AE :RMSD: 0.769078, P: 0.833155, R^2: 0.653337
GBDT_ECFP的BA值 ：-10.263412757987323
GBDT_ECFP :RMSD: 0.653024, P: 0.878629, R^2: 0.750066
GBDT_AE_BET的BA值    ：-10.329870012254663
GBDT_AE_BET    :RMSD: 0.708940, P: 0.869950, R^2: 0.705432
GBDT_AE_ECFP的BA值    ：-10.287248754376183
GBDT_AE_ECFP    :RMSD: 0.694135, P: 0.869866, R^2: 0.717606
GBDT_BET_ECFP的BA值    ：-10.295499375127392
GBDT_BET_ECFP    :RMSD: 0.639528, P: 0.895939, R^2: 0.760290
GBDT_AE_BET_ECFP的BA值    ：-10.304206047252746
GBDT_AE_BET_ECFP    :RMSD: 0.675501, P: 0.883179, R^2: 0.732564
fold= 3
>>>>>>>>>>>>>training.............
###############################################GBDT#####################################################
GBDT_BET的BA值：-10.731014866809327
GBDT_BET:RMSD: 0.670890, P: 0.913952, R^2: 0.791751
GBDT_AE的BA值 ：-10.536190865638927
GBDT_AE :RMSD: 0.786695, P: 0.886839, R^2: 0.713653
GBDT_ECFP的BA值 ：-10.792298433170266
GBDT_ECFP :RMSD: 0.632543, P: 0.905546, R^2: 0.814877
GBDT_AE_BET的BA值    ：-10.633602866224127
GBDT_AE_BET    :RMSD: 0.717593, P: 0.908601, R^2: 0.761748
GBDT_AE_ECFP的BA值    ：-10.54026596725691
GBDT_AE_ECFP    :RMSD: 0.661509, P: 0.914449, R^2: 0.797534
GBDT_BET_ECFP的BA值    ：-10.637677967842109
GBDT_BET_ECFP    :RMSD: 0.625148, P: 0.916963, R^2: 0.819180
GBDT_AE_BET_ECFP的BA值    ：-10.603848933774382
GBDT_AE_BET_ECFP    :RMSD: 0.658642, P: 0.917267, R^2: 0.799285
fold= 4
>>>>>>>>>>>>>training.............
###############################################GBDT#####################################################
GBDT_BET的BA值：-10.6635549981629
GBDT_BET:RMSD: 0.776725, P: 0.773265, R^2: 0.592675
GBDT_AE的BA值 ：-10.444777122537225
GBDT_AE :RMSD: 0.827833, P: 0.733383, R^2: 0.537309
GBDT_ECFP的BA值 ：-11.03543955604158
GBDT_ECFP :RMSD: 0.838853, P: 0.749703, R^2: 0.524908
GBDT_AE_BET的BA值    ：-10.517415464117441
GBDT_AE_BET    :RMSD: 0.795803, P: 0.757832, R^2: 0.572421
GBDT_AE_ECFP的BA值    ：-10.740108339289403
GBDT_AE_ECFP    :RMSD: 0.813380, P: 0.748639, R^2: 0.553324
GBDT_BET_ECFP的BA值    ：-10.847427307894982
GBDT_BET_ECFP    :RMSD: 0.791043, P: 0.768970, R^2: 0.577520
GBDT_AE_BET_ECFP的BA值    ：-10.688710181953985
GBDT_AE_BET_ECFP    :RMSD: 0.795143, P: 0.760828, R^2: 0.573130
fold= 5
>>>>>>>>>>>>>training.............
###############################################GBDT#####################################################
GBDT_BET的BA值：-9.878113075161464
GBDT_BET:RMSD: 0.933202, P: 0.874224, R^2: 0.567400
GBDT_AE的BA值 ：-9.911960349778546
GBDT_AE :RMSD: 1.005520, P: 0.837073, R^2: 0.497754
GBDT_ECFP的BA值 ：-10.983952397331906
GBDT_ECFP :RMSD: 0.519877, P: 0.936034, R^2: 0.865743
GBDT_AE_BET的BA值    ：-9.881157896330027
GBDT_AE_BET    :RMSD: 0.962109, P: 0.866805, R^2: 0.540185
GBDT_AE_ECFP的BA值    ：-10.247632391469086
GBDT_AE_ECFP    :RMSD: 0.715967, P: 0.916724, R^2: 0.745363
GBDT_BET_ECFP的BA值    ：-10.431032736246685
GBDT_BET_ECFP    :RMSD: 0.677736, P: 0.927338, R^2: 0.771831
GBDT_AE_BET_ECFP的BA值    ：-10.124459286033211
GBDT_AE_BET_ECFP    :RMSD: 0.777328, P: 0.912372, R^2: 0.699846
fold= 6
>>>>>>>>>>>>>training.............
###############################################GBDT#####################################################
GBDT_BET的BA值：-10.685668804140526
GBDT_BET:RMSD: 0.722846, P: 0.825241, R^2: 0.645186
GBDT_AE的BA值 ：-10.528285854664485
GBDT_AE :RMSD: 0.797333, P: 0.793182, R^2: 0.568292
GBDT_ECFP的BA值 ：-11.19960074693128
GBDT_ECFP :RMSD: 0.705257, P: 0.833251, R^2: 0.662242
GBDT_AE_BET的BA值    ：-10.580724885068934
GBDT_AE_BET    :RMSD: 0.751654, P: 0.816565, R^2: 0.616340
GBDT_AE_ECFP的BA值    ：-10.705401418445234
GBDT_AE_ECFP    :RMSD: 0.704663, P: 0.833315, R^2: 0.662811
GBDT_BET_ECFP的BA值    ：-10.942634775535904
GBDT_BET_ECFP    :RMSD: 0.680614, P: 0.841347, R^2: 0.685434
GBDT_AE_BET_ECFP的BA值    ：-10.68132225078795
GBDT_AE_BET_ECFP    :RMSD: 0.702649, P: 0.835583, R^2: 0.664736
fold= 7
>>>>>>>>>>>>>training.............
###############################################GBDT#####################################################
GBDT_BET的BA值：-10.596121062307244
GBDT_BET:RMSD: 0.959959, P: 0.773583, R^2: 0.583933
GBDT_AE的BA值 ：-10.459372633246058
GBDT_AE :RMSD: 0.952191, P: 0.779875, R^2: 0.590640
GBDT_ECFP的BA值 ：-11.035221336213427
GBDT_ECFP :RMSD: 0.864170, P: 0.815446, R^2: 0.662825
GBDT_AE_BET的BA值    ：-10.478554047476642
GBDT_AE_BET    :RMSD: 0.949778, P: 0.781208, R^2: 0.592712
GBDT_AE_ECFP的BA值    ：-10.702983296485051
GBDT_AE_ECFP    :RMSD: 0.886195, P: 0.808167, R^2: 0.645418
GBDT_BET_ECFP的BA值    ：-10.718532826083866
GBDT_BET_ECFP    :RMSD: 0.890860, P: 0.805660, R^2: 0.641675
GBDT_AE_BET_ECFP的BA值    ：-10.602603636308135
GBDT_AE_BET_ECFP    :RMSD: 0.903649, P: 0.801630, R^2: 0.631314
fold= 8
>>>>>>>>>>>>>training.............
###############################################GBDT#####################################################
GBDT_BET的BA值：-10.629095766881182
GBDT_BET:RMSD: 1.172146, P: 0.713841, R^2: 0.478185
GBDT_AE的BA值 ：-10.626359168769039
GBDT_AE :RMSD: 1.212862, P: 0.704003, R^2: 0.441304
GBDT_ECFP的BA值 ：-10.856283631946141
GBDT_ECFP :RMSD: 1.217875, P: 0.662981, R^2: 0.436675
GBDT_AE_BET的BA值    ：-10.62772746782511
GBDT_AE_BET    :RMSD: 1.186349, P: 0.714927, R^2: 0.465463
GBDT_AE_ECFP的BA值    ：-10.440120779956512
GBDT_AE_ECFP    :RMSD: 1.192883, P: 0.694272, R^2: 0.459558
GBDT_BET_ECFP的BA值    ：-10.441489079012584
GBDT_BET_ECFP    :RMSD: 1.178583, P: 0.697288, R^2: 0.472438
GBDT_AE_BET_ECFP的BA值    ：-10.503112442264735
GBDT_AE_BET_ECFP    :RMSD: 1.180848, P: 0.705546, R^2: 0.470408
fold= 9
>>>>>>>>>>>>>training.............
###############################################GBDT#####################################################
GBDT_BET的BA值：-10.782375090517737
GBDT_BET:RMSD: 0.831486, P: 0.734751, R^2: 0.539729
GBDT_AE的BA值 ：-10.611520482826425
GBDT_AE :RMSD: 0.793675, P: 0.776585, R^2: 0.580637
GBDT_ECFP的BA值 ：-11.552385110228785
GBDT_ECFP :RMSD: 0.737680, P: 0.803718, R^2: 0.637723
GBDT_AE_BET的BA值    ：-10.69694778667208
GBDT_AE_BET    :RMSD: 0.804511, P: 0.758181, R^2: 0.569108
GBDT_AE_ECFP的BA值    ：-11.081952796527606
GBDT_AE_ECFP    :RMSD: 0.732625, P: 0.803828, R^2: 0.642672
GBDT_BET_ECFP的BA值    ：-11.167380100373261
GBDT_BET_ECFP    :RMSD: 0.757080, P: 0.786825, R^2: 0.618418
GBDT_AE_BET_ECFP的BA值    ：-10.982093561190984
GBDT_AE_BET_ECFP    :RMSD: 0.757417, P: 0.787695, R^2: 0.618078
fold= 10
>>>>>>>>>>>>>training.............
###############################################GBDT#####################################################
GBDT_BET的BA值：-10.583757293278381
GBDT_BET:RMSD: 0.851241, P: 0.804933, R^2: 0.641508
GBDT_AE的BA值 ：-10.53586841689511
GBDT_AE :RMSD: 0.908932, P: 0.784881, R^2: 0.591269
GBDT_ECFP的BA值 ：-11.349964244163518
GBDT_ECFP :RMSD: 0.889258, P: 0.780578, R^2: 0.608772
GBDT_AE_BET的BA值    ：-10.559812855086745
GBDT_AE_BET    :RMSD: 0.870958, P: 0.800762, R^2: 0.624708
GBDT_AE_ECFP的BA值    ：-10.724521740909601
GBDT_AE_ECFP    :RMSD: 0.862879, P: 0.802964, R^2: 0.631638
GBDT_BET_ECFP的BA值    ：-10.819082273765847
GBDT_BET_ECFP    :RMSD: 0.839535, P: 0.810207, R^2: 0.651299
GBDT_AE_BET_ECFP的BA值    ：-10.677600258365862
GBDT_AE_BET_ECFP    :RMSD: 0.849199, P: 0.810128, R^2: 0.643226
@@@@@@@@@@@@@@@@@@@@@@@@@@@@@@@@@@@@@@@@@@@最终结果@@@@@@@@@@@@@@@@@@@@@@@@@@@@@@@@@@@@@@@@@@@@@@@@@@
@@@@@@@@@@@@@@@@@@@@@@@@@@@@@@@@@@@@@@@@@@@最终结果@@@@@@@@@@@@@@@@@@@@@@@@@@@@@@@@@@@@@@@@@@@@@@@@@@
%%%%%%%%%%%%%%%%%%%%%%%%%%%%%%%%%%%%%%%%%%%GBDT%%%%%%%%%%%%%%%%%%%%%%%%%%%%%%%%%%%%%%%%%%%%%%%%%%%%%%
GBDT_BET:0-th Final RMSD: 0.836766, Final P: 0.810449, Final R^2: 0.639124
GBDT_AE :0-th Final RMSD: 0.889144, Final P: 0.790688, Final R^2: 0.592531
GBDT_ECFP :0-th Final RMSD: 0.804130, Final P: 0.816993, Final R^2: 0.666725
GBDT_AE_BET    :0-th Final RMSD: 0.854384, Final P: 0.807717, Final R^2: 0.623767
GBDT_AE_ECFP    :0-th Final RMSD: 0.811497, Final P: 0.822682, Final R^2: 0.660591
GBDT_BET_ECFP    :0-th Final RMSD: 0.791853, Final P: 0.828418, Final R^2: 0.676823
GBDT_AE_BET_ECFP    :0-th Final RMSD: 0.811360, Final P: 0.824843, Final R^2: 0.660705
0-th GBDT_AE的BA值 ：-10.644353
0-th GBDT_BET的BA值：-10.782375
0-th GBDT_ECFP的BA值 ：-11.552385
0-th GBDT_AE_BET的BA值：-10.696948
0-th GBDT_AE_ECFP的BA值    ：-11.081953
0-th GBDT_BET_ECFP的BA值    ：-11.167380
0-th GBDT_AE_BET_ECFP的BA值    ：-10.982094
total time: 0.16013757030169168 h
