size of data: (360,)
size of train size: 288
GBDT parameter
Namespace(n_estimators=10000, dataset='CHEMBL4076', max_depth=7, learning_rate=0.01, criterion='friedman_mse', subsample=0.7, max_features='sqrt', min_samples_split=3, loss='ls', n_iter_no_change=None, random_seed=0)
fold= 1
>>>>>>>>>>>>>training.............
###############################################GBDT#####################################################
GBDT_BET的BA值：-9.579079421602522
GBDT_BET:RMSD: 0.489505, P: 0.595148, R^2: 0.344795
GBDT_AE的BA值 ：-9.394072725917567
GBDT_AE :RMSD: 0.515842, P: 0.544202, R^2: 0.272394
GBDT_ECFP的BA值 ：-9.53418350005616
GBDT_ECFP :RMSD: 0.535166, P: 0.480081, R^2: 0.216857
GBDT_AE_BET的BA值    ：-9.486576073760045
GBDT_AE_BET    :RMSD: 0.496023, P: 0.584199, R^2: 0.327228
GBDT_AE_ECFP的BA值    ：-9.420204540751119
GBDT_AE_ECFP    :RMSD: 0.507780, P: 0.548489, R^2: 0.294958
GBDT_BET_ECFP的BA值    ：-9.512707888593596
GBDT_BET_ECFP    :RMSD: 0.500350, P: 0.576519, R^2: 0.315441
GBDT_AE_BET_ECFP的BA值    ：-9.473162834368253
GBDT_AE_BET_ECFP    :RMSD: 0.497193, P: 0.579982, R^2: 0.324052
fold= 2
>>>>>>>>>>>>>training.............
###############################################GBDT#####################################################
GBDT_BET的BA值：-9.65059132833209
GBDT_BET:RMSD: 0.488242, P: 0.259562, R^2: -0.052316
GBDT_AE的BA值 ：-9.438907503575088
GBDT_AE :RMSD: 0.482266, P: 0.248016, R^2: -0.026710
GBDT_ECFP的BA值 ：-9.887058914874796
GBDT_ECFP :RMSD: 0.485630, P: 0.374838, R^2: -0.041085
GBDT_AE_BET的BA值    ：-9.54474941595359
GBDT_AE_BET    :RMSD: 0.477744, P: 0.264961, R^2: -0.007549
GBDT_AE_ECFP的BA值    ：-9.432628871470758
GBDT_AE_ECFP    :RMSD: 0.460480, P: 0.353322, R^2: 0.063954
GBDT_BET_ECFP的BA值    ：-9.53847078384926
GBDT_BET_ECFP    :RMSD: 0.465789, P: 0.365610, R^2: 0.042248
GBDT_AE_BET_ECFP的BA值    ：-9.505283023757869
GBDT_AE_BET_ECFP    :RMSD: 0.462141, P: 0.340314, R^2: 0.057192
fold= 3
>>>>>>>>>>>>>training.............
###############################################GBDT#####################################################
GBDT_BET的BA值：-9.47455455804852
GBDT_BET:RMSD: 0.531243, P: 0.452345, R^2: 0.174068
GBDT_AE的BA值 ：-9.427839754951574
GBDT_AE :RMSD: 0.539285, P: 0.475619, R^2: 0.148874
GBDT_ECFP的BA值 ：-9.952238652820922
GBDT_ECFP :RMSD: 0.546854, P: 0.495538, R^2: 0.124817
GBDT_AE_BET的BA值    ：-9.451197156500047
GBDT_AE_BET    :RMSD: 0.529458, P: 0.478133, R^2: 0.179611
GBDT_AE_ECFP的BA值    ：-9.637163696587706
GBDT_AE_ECFP    :RMSD: 0.509003, P: 0.532622, R^2: 0.241775
GBDT_BET_ECFP的BA值    ：-9.670781722762314
GBDT_BET_ECFP    :RMSD: 0.512532, P: 0.510532, R^2: 0.231225
GBDT_AE_BET_ECFP的BA值    ：-9.55901786731574
GBDT_AE_BET_ECFP    :RMSD: 0.509499, P: 0.523218, R^2: 0.240298
fold= 4
>>>>>>>>>>>>>training.............
###############################################GBDT#####################################################
GBDT_BET的BA值：-9.42764821054524
GBDT_BET:RMSD: 0.480493, P: 0.595242, R^2: 0.292777
GBDT_AE的BA值 ：-9.38659195042382
GBDT_AE :RMSD: 0.539712, P: 0.450152, R^2: 0.107713
GBDT_ECFP的BA值 ：-9.553882808812489
GBDT_ECFP :RMSD: 0.588345, P: 0.342179, R^2: -0.060342
GBDT_AE_BET的BA值    ：-9.368697567112932
GBDT_AE_BET    :RMSD: 0.505023, P: 0.541289, R^2: 0.218726
GBDT_AE_ECFP的BA值    ：-9.392102747447066
GBDT_AE_ECFP    :RMSD: 0.541917, P: 0.411944, R^2: 0.100406
GBDT_BET_ECFP的BA值    ：-9.423878773668843
GBDT_BET_ECFP    :RMSD: 0.510859, P: 0.485247, R^2: 0.200564
GBDT_AE_BET_ECFP的BA值    ：-9.374460665623861
GBDT_AE_BET_ECFP    :RMSD: 0.513213, P: 0.488587, R^2: 0.193181
fold= 5
>>>>>>>>>>>>>training.............
###############################################GBDT#####################################################
GBDT_BET的BA值：-9.388581738995779
GBDT_BET:RMSD: 0.575874, P: 0.577248, R^2: 0.256069
GBDT_AE的BA值 ：-9.583625529239022
GBDT_AE :RMSD: 0.541723, P: 0.669949, R^2: 0.341688
GBDT_ECFP的BA值 ：-10.258159446044397
GBDT_ECFP :RMSD: 0.551054, P: 0.570786, R^2: 0.318815
GBDT_AE_BET的BA值    ：-9.44451450585818
GBDT_AE_BET    :RMSD: 0.552963, P: 0.649941, R^2: 0.314086
GBDT_AE_ECFP的BA值    ：-9.920892487641709
GBDT_AE_ECFP    :RMSD: 0.517610, P: 0.656523, R^2: 0.398988
GBDT_BET_ECFP的BA值    ：-9.781781464260867
GBDT_BET_ECFP    :RMSD: 0.535704, P: 0.619772, R^2: 0.356235
GBDT_AE_BET_ECFP的BA值    ：-9.715729485920251
GBDT_AE_BET_ECFP    :RMSD: 0.528511, P: 0.658871, R^2: 0.373407
fold= 6
>>>>>>>>>>>>>training.............
###############################################GBDT#####################################################
GBDT_BET的BA值：-9.354839282995105
GBDT_BET:RMSD: 0.463671, P: 0.792660, R^2: 0.512710
GBDT_AE的BA值 ：-9.380109965397253
GBDT_AE :RMSD: 0.458011, P: 0.793713, R^2: 0.524533
GBDT_ECFP的BA值 ：-9.958089904079625
GBDT_ECFP :RMSD: 0.461553, P: 0.736402, R^2: 0.517152
GBDT_AE_BET的BA值    ：-9.367474624196179
GBDT_AE_BET    :RMSD: 0.456073, P: 0.806245, R^2: 0.528549
GBDT_AE_ECFP的BA值    ：-9.66132787497889
GBDT_AE_ECFP    :RMSD: 0.410697, P: 0.801339, R^2: 0.617695
GBDT_BET_ECFP的BA值    ：-9.648692533777815
GBDT_BET_ECFP    :RMSD: 0.419295, P: 0.792538, R^2: 0.601520
GBDT_AE_BET_ECFP的BA值    ：-9.559165010984294
GBDT_AE_BET_ECFP    :RMSD: 0.417949, P: 0.813727, R^2: 0.604074
fold= 7
>>>>>>>>>>>>>training.............
###############################################GBDT#####################################################
GBDT_BET的BA值：-9.755042186999514
GBDT_BET:RMSD: 0.506262, P: 0.607213, R^2: 0.343614
GBDT_AE的BA值 ：-9.707297460484796
GBDT_AE :RMSD: 0.487239, P: 0.651302, R^2: 0.392014
GBDT_ECFP的BA值 ：-9.725997568276673
GBDT_ECFP :RMSD: 0.502270, P: 0.624269, R^2: 0.353925
GBDT_AE_BET的BA值    ：-9.731169823742155
GBDT_AE_BET    :RMSD: 0.492700, P: 0.644093, R^2: 0.378311
GBDT_AE_ECFP的BA值    ：-9.716647514380735
GBDT_AE_ECFP    :RMSD: 0.472785, P: 0.676360, R^2: 0.427552
GBDT_BET_ECFP的BA值    ：-9.740519877638093
GBDT_BET_ECFP    :RMSD: 0.480827, P: 0.657604, R^2: 0.407911
GBDT_AE_BET_ECFP的BA值    ：-9.729445738586994
GBDT_AE_BET_ECFP    :RMSD: 0.476552, P: 0.674367, R^2: 0.418394
fold= 8
>>>>>>>>>>>>>training.............
###############################################GBDT#####################################################
GBDT_BET的BA值：-9.550206078254728
GBDT_BET:RMSD: 0.482615, P: 0.440745, R^2: 0.191894
GBDT_AE的BA值 ：-9.572850820706755
GBDT_AE :RMSD: 0.509628, P: 0.362253, R^2: 0.098897
GBDT_ECFP的BA值 ：-9.542105516297795
GBDT_ECFP :RMSD: 0.441236, P: 0.579514, R^2: 0.324525
GBDT_AE_BET的BA值    ：-9.517653128403797
GBDT_AE_BET    :RMSD: 0.489445, P: 0.417215, R^2: 0.168858
GBDT_AE_ECFP的BA值    ：-9.557478168502275
GBDT_AE_ECFP    :RMSD: 0.446183, P: 0.560902, R^2: 0.309293
GBDT_BET_ECFP的BA值    ：-9.502280476199317
GBDT_BET_ECFP    :RMSD: 0.441346, P: 0.570516, R^2: 0.324190
GBDT_AE_BET_ECFP的BA值    ：-9.525803924368462
GBDT_AE_BET_ECFP    :RMSD: 0.452936, P: 0.540097, R^2: 0.288227
fold= 9
>>>>>>>>>>>>>training.............
###############################################GBDT#####################################################
GBDT_BET的BA值：-9.451139684700468
GBDT_BET:RMSD: 0.691127, P: 0.592242, R^2: 0.139157
GBDT_AE的BA值 ：-9.499709730910833
GBDT_AE :RMSD: 0.661681, P: 0.600821, R^2: 0.210947
GBDT_ECFP的BA值 ：-9.383967848428265
GBDT_ECFP :RMSD: 0.677298, P: 0.497961, R^2: 0.173261
GBDT_AE_BET的BA值    ：-9.43077541152738
GBDT_AE_BET    :RMSD: 0.672731, P: 0.614874, R^2: 0.184374
GBDT_AE_ECFP的BA值    ：-9.366947270748195
GBDT_AE_ECFP    :RMSD: 0.652524, P: 0.596092, R^2: 0.232637
GBDT_BET_ECFP的BA值    ：-9.349579663861617
GBDT_BET_ECFP    :RMSD: 0.670212, P: 0.572024, R^2: 0.190469
GBDT_AE_BET_ECFP的BA值    ：-9.365245211213438
GBDT_AE_BET_ECFP    :RMSD: 0.661307, P: 0.610176, R^2: 0.211839
fold= 10
>>>>>>>>>>>>>training.............
###############################################GBDT#####################################################
GBDT_BET的BA值：-9.607071265679526
GBDT_BET:RMSD: 0.522937, P: 0.500635, R^2: 0.226958
GBDT_AE的BA值 ：-9.408378047700293
GBDT_AE :RMSD: 0.502211, P: 0.564101, R^2: 0.287021
GBDT_ECFP的BA值 ：-9.861196142976564
GBDT_ECFP :RMSD: 0.623237, P: 0.331414, R^2: -0.098023
GBDT_AE_BET的BA值    ：-9.50560227970946
GBDT_AE_BET    :RMSD: 0.509590, P: 0.548451, R^2: 0.265914
GBDT_AE_ECFP的BA值    ：-9.581462925173856
GBDT_AE_ECFP    :RMSD: 0.538597, P: 0.521953, R^2: 0.179963
GBDT_BET_ECFP的BA值    ：-9.556251890137336
GBDT_BET_ECFP    :RMSD: 0.551399, P: 0.472915, R^2: 0.140516
GBDT_AE_BET_ECFP的BA值    ：-9.505545691338023
GBDT_AE_BET_ECFP    :RMSD: 0.527166, P: 0.539531, R^2: 0.214402
@@@@@@@@@@@@@@@@@@@@@@@@@@@@@@@@@@@@@@@@@@@最终结果@@@@@@@@@@@@@@@@@@@@@@@@@@@@@@@@@@@@@@@@@@@@@@@@@@
@@@@@@@@@@@@@@@@@@@@@@@@@@@@@@@@@@@@@@@@@@@最终结果@@@@@@@@@@@@@@@@@@@@@@@@@@@@@@@@@@@@@@@@@@@@@@@@@@
%%%%%%%%%%%%%%%%%%%%%%%%%%%%%%%%%%%%%%%%%%%GBDT%%%%%%%%%%%%%%%%%%%%%%%%%%%%%%%%%%%%%%%%%%%%%%%%%%%%%%
GBDT_BET:0-th Final RMSD: 0.527072, Final P: 0.533708, Final R^2: 0.277668
GBDT_AE :0-th Final RMSD: 0.526421, Final P: 0.534977, Final R^2: 0.279451
GBDT_ECFP :0-th Final RMSD: 0.545734, Final P: 0.514429, Final R^2: 0.225612
GBDT_AE_BET    :0-th Final RMSD: 0.521343, Final P: 0.551148, Final R^2: 0.293286
GBDT_AE_ECFP    :0-th Final RMSD: 0.509678, Final P: 0.572067, Final R^2: 0.324557
GBDT_BET_ECFP    :0-th Final RMSD: 0.513125, Final P: 0.567585, Final R^2: 0.315390
GBDT_AE_BET_ECFP    :0-th Final RMSD: 0.508453, Final P: 0.580815, Final R^2: 0.327800
0-th GBDT_AE的BA值 ：-9.707297
0-th GBDT_BET的BA值：-9.755042
0-th GBDT_ECFP的BA值 ：-10.258159
0-th GBDT_AE_BET的BA值：-9.731170
0-th GBDT_AE_ECFP的BA值    ：-9.920892
0-th GBDT_BET_ECFP的BA值    ：-9.781781
0-th GBDT_AE_BET_ECFP的BA值    ：-9.729446
total time: 0.16325887077384524 h
