size of data: (331,)
size of train size: 264
GBDT parameter
Namespace(n_estimators=10000, dataset='CHEMBL2085', max_depth=7, learning_rate=0.01, criterion='friedman_mse', subsample=0.7, max_features='sqrt', min_samples_split=3, loss='ls', n_iter_no_change=None, random_seed=0)
fold= 1
>>>>>>>>>>>>>training.............
###############################################GBDT#####################################################
GBDT_BET的BA值：-8.413409818073308
GBDT_BET:RMSD: 0.731988, P: 0.575493, R^2: 0.150298
GBDT_AE的BA值 ：-8.411085048084868
GBDT_AE :RMSD: 0.798416, P: 0.496682, R^2: -0.010920
GBDT_ECFP的BA值 ：-8.549966334789202
GBDT_ECFP :RMSD: 0.811963, P: 0.403451, R^2: -0.045518
GBDT_AE_BET的BA值    ：-8.412247433079088
GBDT_AE_BET    :RMSD: 0.759839, P: 0.545836, R^2: 0.084409
GBDT_AE_ECFP的BA值    ：-8.28237880193288
GBDT_AE_ECFP    :RMSD: 0.769895, P: 0.476297, R^2: 0.060014
GBDT_BET_ECFP的BA值    ：-8.365238705807158
GBDT_BET_ECFP    :RMSD: 0.746403, P: 0.501777, R^2: 0.116502
GBDT_AE_BET_ECFP的BA值    ：-8.249454065183347
GBDT_AE_BET_ECFP    :RMSD: 0.751020, P: 0.516328, R^2: 0.105537
fold= 2
>>>>>>>>>>>>>training.............
###############################################GBDT#####################################################
GBDT_BET的BA值：-8.898196596594751
GBDT_BET:RMSD: 0.828552, P: 0.825668, R^2: 0.517357
GBDT_AE的BA值 ：-8.849085005067153
GBDT_AE :RMSD: 0.974955, P: 0.714928, R^2: 0.331723
GBDT_ECFP的BA值 ：-9.909104052763473
GBDT_ECFP :RMSD: 0.887915, P: 0.686831, R^2: 0.445720
GBDT_AE_BET的BA值    ：-8.797859007211851
GBDT_AE_BET    :RMSD: 0.895952, P: 0.794156, R^2: 0.435640
GBDT_AE_ECFP的BA值    ：-9.379094528915314
GBDT_AE_ECFP    :RMSD: 0.903267, P: 0.715890, R^2: 0.426387
GBDT_BET_ECFP的BA值    ：-9.327868531060012
GBDT_BET_ECFP    :RMSD: 0.831825, P: 0.770759, R^2: 0.513536
GBDT_AE_BET_ECFP的BA值    ：-9.168274022395726
GBDT_AE_BET_ECFP    :RMSD: 0.870299, P: 0.766959, R^2: 0.467495
fold= 3
>>>>>>>>>>>>>training.............
###############################################GBDT#####################################################
GBDT_BET的BA值：-8.856687357686742
GBDT_BET:RMSD: 0.890051, P: 0.690232, R^2: 0.389832
GBDT_AE的BA值 ：-8.820777242168774
GBDT_AE :RMSD: 0.878632, P: 0.692768, R^2: 0.405388
GBDT_ECFP的BA值 ：-9.482710346997015
GBDT_ECFP :RMSD: 0.744472, P: 0.785822, R^2: 0.573110
GBDT_AE_BET的BA值    ：-8.838732299927758
GBDT_AE_BET    :RMSD: 0.877656, P: 0.705702, R^2: 0.406709
GBDT_AE_ECFP的BA值    ：-9.062451934058323
GBDT_AE_ECFP    :RMSD: 0.792374, P: 0.776502, R^2: 0.516407
GBDT_BET_ECFP的BA值    ：-9.080406991817306
GBDT_BET_ECFP    :RMSD: 0.795399, P: 0.782520, R^2: 0.512708
GBDT_AE_BET_ECFP的BA值    ：-8.993863741934462
GBDT_AE_BET_ECFP    :RMSD: 0.816820, P: 0.768291, R^2: 0.486108
fold= 4
>>>>>>>>>>>>>training.............
###############################################GBDT#####################################################
GBDT_BET的BA值：-9.625009450304928
GBDT_BET:RMSD: 0.792987, P: 0.680020, R^2: 0.449642
GBDT_AE的BA值 ：-9.50693228173386
GBDT_AE :RMSD: 0.815276, P: 0.679769, R^2: 0.418269
GBDT_ECFP的BA值 ：-9.855173268102869
GBDT_ECFP :RMSD: 0.805311, P: 0.663036, R^2: 0.432403
GBDT_AE_BET的BA值    ：-9.565970866019395
GBDT_AE_BET    :RMSD: 0.795591, P: 0.689975, R^2: 0.446021
GBDT_AE_ECFP的BA值    ：-9.681052774918363
GBDT_AE_ECFP    :RMSD: 0.785101, P: 0.687169, R^2: 0.460533
GBDT_BET_ECFP的BA值    ：-9.740091359203898
GBDT_BET_ECFP    :RMSD: 0.772944, P: 0.693782, R^2: 0.477111
GBDT_AE_BET_ECFP的BA值    ：-9.662371666713886
GBDT_AE_BET_ECFP    :RMSD: 0.777828, P: 0.697138, R^2: 0.470483
fold= 5
>>>>>>>>>>>>>training.............
###############################################GBDT#####################################################
GBDT_BET的BA值：-8.551879729069505
GBDT_BET:RMSD: 0.742203, P: 0.619438, R^2: 0.380507
GBDT_AE的BA值 ：-8.496114436033547
GBDT_AE :RMSD: 0.799849, P: 0.534723, R^2: 0.280538
GBDT_ECFP的BA值 ：-9.194747228234137
GBDT_ECFP :RMSD: 0.725966, P: 0.652106, R^2: 0.407315
GBDT_AE_BET的BA值    ：-8.523997082551526
GBDT_AE_BET    :RMSD: 0.761026, P: 0.596966, R^2: 0.348685
GBDT_AE_ECFP的BA值    ：-8.786892341459374
GBDT_AE_ECFP    :RMSD: 0.735668, P: 0.625796, R^2: 0.391368
GBDT_BET_ECFP的BA值    ：-8.855516401678123
GBDT_BET_ECFP    :RMSD: 0.714121, P: 0.654182, R^2: 0.426498
GBDT_AE_BET_ECFP的BA值    ：-8.69669008601362
GBDT_AE_BET_ECFP    :RMSD: 0.730578, P: 0.634158, R^2: 0.399761
fold= 6
>>>>>>>>>>>>>training.............
###############################################GBDT#####################################################
GBDT_BET的BA值：-8.804854052689212
GBDT_BET:RMSD: 0.836800, P: 0.653780, R^2: 0.273827
GBDT_AE的BA值 ：-9.173103554284463
GBDT_AE :RMSD: 0.777052, P: 0.727044, R^2: 0.373823
GBDT_ECFP的BA值 ：-9.784018637955805
GBDT_ECFP :RMSD: 0.755317, P: 0.669648, R^2: 0.408363
GBDT_AE_BET的BA值    ：-8.988978803486837
GBDT_AE_BET    :RMSD: 0.801749, P: 0.704345, R^2: 0.333387
GBDT_AE_ECFP的BA值    ：-9.270967286431041
GBDT_AE_ECFP    :RMSD: 0.739993, P: 0.713162, R^2: 0.432125
GBDT_BET_ECFP的BA值    ：-9.16397112686699
GBDT_BET_ECFP    :RMSD: 0.770669, P: 0.680882, R^2: 0.384069
GBDT_AE_BET_ECFP的BA值    ：-9.115596208517099
GBDT_AE_BET_ECFP    :RMSD: 0.764689, P: 0.705857, R^2: 0.393590
fold= 7
>>>>>>>>>>>>>training.............
###############################################GBDT#####################################################
GBDT_BET的BA值：-9.461875705080605
GBDT_BET:RMSD: 0.725397, P: 0.671267, R^2: 0.447917
GBDT_AE的BA值 ：-9.340682290149562
GBDT_AE :RMSD: 0.780788, P: 0.604309, R^2: 0.360384
GBDT_ECFP的BA值 ：-9.76394250747757
GBDT_ECFP :RMSD: 0.888237, P: 0.487308, R^2: 0.172228
GBDT_AE_BET的BA值    ：-9.401278997615083
GBDT_AE_BET    :RMSD: 0.748541, P: 0.645119, R^2: 0.412126
GBDT_AE_ECFP的BA值    ：-9.552312398813566
GBDT_AE_ECFP    :RMSD: 0.811567, P: 0.565317, R^2: 0.308962
GBDT_BET_ECFP的BA值    ：-9.612909106279087
GBDT_BET_ECFP    :RMSD: 0.782406, P: 0.602274, R^2: 0.357731
GBDT_AE_BET_ECFP的BA值    ：-9.522166834235913
GBDT_AE_BET_ECFP    :RMSD: 0.774572, P: 0.611964, R^2: 0.370527
fold= 8
>>>>>>>>>>>>>training.............
###############################################GBDT#####################################################
GBDT_BET的BA值：-9.56389246026615
GBDT_BET:RMSD: 0.769397, P: 0.793495, R^2: 0.590059
GBDT_AE的BA值 ：-9.402199177829004
GBDT_AE :RMSD: 0.799812, P: 0.771102, R^2: 0.557006
GBDT_ECFP的BA值 ：-9.97282320009753
GBDT_ECFP :RMSD: 0.783579, P: 0.772765, R^2: 0.574806
GBDT_AE_BET的BA值    ：-9.365791981709906
GBDT_AE_BET    :RMSD: 0.778427, P: 0.790127, R^2: 0.580379
GBDT_AE_ECFP的BA值    ：-9.687511188963267
GBDT_AE_ECFP    :RMSD: 0.767656, P: 0.781763, R^2: 0.591911
GBDT_BET_ECFP的BA值    ：-9.736083057348523
GBDT_BET_ECFP    :RMSD: 0.751558, P: 0.794426, R^2: 0.608847
GBDT_AE_BET_ECFP的BA值    ：-9.562179218192385
GBDT_AE_BET_ECFP    :RMSD: 0.759727, P: 0.792415, R^2: 0.600298
fold= 9
>>>>>>>>>>>>>training.............
###############################################GBDT#####################################################
GBDT_BET的BA值：-9.757583289659387
GBDT_BET:RMSD: 0.789963, P: 0.737263, R^2: 0.492445
GBDT_AE的BA值 ：-9.370096323273305
GBDT_AE :RMSD: 0.813243, P: 0.717284, R^2: 0.462090
GBDT_ECFP的BA值 ：-10.446025961658227
GBDT_ECFP :RMSD: 0.807407, P: 0.725764, R^2: 0.469782
GBDT_AE_BET的BA值    ：-9.563839806466346
GBDT_AE_BET    :RMSD: 0.797616, P: 0.733536, R^2: 0.482563
GBDT_AE_ECFP的BA值    ：-9.615081912216782
GBDT_AE_ECFP    :RMSD: 0.767787, P: 0.739758, R^2: 0.520542
GBDT_BET_ECFP的BA值    ：-9.808825395409823
GBDT_BET_ECFP    :RMSD: 0.758823, P: 0.748054, R^2: 0.531672
GBDT_AE_BET_ECFP的BA值    ：-9.662582371364318
GBDT_AE_BET_ECFP    :RMSD: 0.765120, P: 0.747035, R^2: 0.523866
fold= 10
>>>>>>>>>>>>>training.............
###############################################GBDT#####################################################
GBDT_BET的BA值：-8.893973969743623
GBDT_BET:RMSD: 1.001103, P: 0.595932, R^2: 0.336465
GBDT_AE的BA值 ：-8.702155864563512
GBDT_AE :RMSD: 1.015507, P: 0.578451, R^2: 0.317234
GBDT_ECFP的BA值 ：-8.937103529336458
GBDT_ECFP :RMSD: 0.947643, P: 0.644531, R^2: 0.405440
GBDT_AE_BET的BA值    ：-8.795750193951159
GBDT_AE_BET    :RMSD: 1.005194, P: 0.593094, R^2: 0.331030
GBDT_AE_ECFP的BA值    ：-8.819629696949985
GBDT_AE_ECFP    :RMSD: 0.972727, P: 0.624536, R^2: 0.373547
GBDT_BET_ECFP的BA值    ：-8.909103713744866
GBDT_BET_ECFP    :RMSD: 0.965504, P: 0.632669, R^2: 0.382816
GBDT_AE_BET_ECFP的BA值    ：-8.840121097351082
GBDT_AE_BET_ECFP    :RMSD: 0.978875, P: 0.620668, R^2: 0.365604
@@@@@@@@@@@@@@@@@@@@@@@@@@@@@@@@@@@@@@@@@@@最终结果@@@@@@@@@@@@@@@@@@@@@@@@@@@@@@@@@@@@@@@@@@@@@@@@@@
@@@@@@@@@@@@@@@@@@@@@@@@@@@@@@@@@@@@@@@@@@@最终结果@@@@@@@@@@@@@@@@@@@@@@@@@@@@@@@@@@@@@@@@@@@@@@@@@@
%%%%%%%%%%%%%%%%%%%%%%%%%%%%%%%%%%%%%%%%%%%GBDT%%%%%%%%%%%%%%%%%%%%%%%%%%%%%%%%%%%%%%%%%%%%%%%%%%%%%%
GBDT_BET:0-th Final RMSD: 0.814553, Final P: 0.681515, Final R^2: 0.440048
GBDT_AE :0-th Final RMSD: 0.848980, Final P: 0.647213, Final R^2: 0.391717
GBDT_ECFP :0-th Final RMSD: 0.818568, Final P: 0.661867, Final R^2: 0.434515
GBDT_AE_BET    :0-th Final RMSD: 0.825530, Final P: 0.675533, Final R^2: 0.424855
GBDT_AE_ECFP    :0-th Final RMSD: 0.807681, Final P: 0.677247, Final R^2: 0.449457
GBDT_BET_ECFP    :0-th Final RMSD: 0.791578, Final P: 0.692293, Final R^2: 0.471192
GBDT_AE_BET_ECFP    :0-th Final RMSD: 0.801905, Final P: 0.689348, Final R^2: 0.457304
0-th GBDT_AE的BA值 ：-9.506932
0-th GBDT_BET的BA值：-9.757583
0-th GBDT_ECFP的BA值 ：-10.446026
0-th GBDT_AE_BET的BA值：-9.565971
0-th GBDT_AE_ECFP的BA值    ：-9.687511
0-th GBDT_BET_ECFP的BA值    ：-9.808825
0-th GBDT_AE_BET_ECFP的BA值    ：-9.662582
total time: 0.15359174072742462 h
