size of data: (187,)
size of train size: 149
SVM parameter
Namespace(dataset='CHEMBL3194', C=10, kernel='rbf', gamma='scale', random_seed=0)
fold= 1
>>>>>>>>>>>>>training.............
###############################################SVM#####################################################
SVM_BET的BA值：-8.759069762445272
SVM_BET:RMSD: 0.477382, P: 0.749664, R^2: 0.559158
SVM_AE的BA值 ：-8.758226985632744
SVM_AE :RMSD: 0.521319, P: 0.691960, R^2: 0.474276
SVM_ECFP的BA值 ：-8.916171857777599
SVM_ECFP :RMSD: 0.528091, P: 0.728583, R^2: 0.460527
SVM_AE_BET的BA值    ：-8.706700563591419
SVM_AE_BET    :RMSD: 0.493739, P: 0.730999, R^2: 0.528431
SVM_AE_ECFP的BA值    ：-8.786956901918565
SVM_AE_ECFP    :RMSD: 0.510116, P: 0.726992, R^2: 0.496628
SVM_BET_ECFP的BA值    ：-8.837620810111435
SVM_BET_ECFP    :RMSD: 0.488860, P: 0.752109, R^2: 0.537704
SVM_AE_BET_ECFP的BA值    ：-8.743029315129073
SVM_AE_BET_ECFP    :RMSD: 0.493668, P: 0.741080, R^2: 0.528566
fold= 2
>>>>>>>>>>>>>training.............
###############################################SVM#####################################################
SVM_BET的BA值：-9.115087451590599
SVM_BET:RMSD: 0.942984, P: 0.562893, R^2: 0.308650
SVM_AE的BA值 ：-8.81162587761807
SVM_AE :RMSD: 1.045073, P: 0.398682, R^2: 0.150853
SVM_ECFP的BA值 ：-8.982511383353078
SVM_ECFP :RMSD: 1.013053, P: 0.450946, R^2: 0.202090
SVM_AE_BET的BA值    ：-8.963356664604333
SVM_AE_BET    :RMSD: 0.986069, P: 0.497115, R^2: 0.244032
SVM_AE_ECFP的BA值    ：-8.897068630485574
SVM_AE_ECFP    :RMSD: 1.015830, P: 0.444891, R^2: 0.197710
SVM_BET_ECFP的BA值    ：-9.048799417471837
SVM_BET_ECFP    :RMSD: 0.970906, P: 0.520705, R^2: 0.267103
SVM_AE_BET_ECFP的BA值    ：-8.969741570853914
SVM_AE_BET_ECFP    :RMSD: 0.987698, P: 0.493846, R^2: 0.241532
fold= 3
>>>>>>>>>>>>>training.............
###############################################SVM#####################################################
SVM_BET的BA值：-9.249970338947968
SVM_BET:RMSD: 0.633744, P: 0.784010, R^2: 0.546323
SVM_AE的BA值 ：-9.264788371096966
SVM_AE :RMSD: 0.675303, P: 0.730150, R^2: 0.484869
SVM_ECFP的BA值 ：-9.208960637537624
SVM_ECFP :RMSD: 0.664599, P: 0.717281, R^2: 0.501070
SVM_AE_BET的BA值    ：-9.257379355022467
SVM_AE_BET    :RMSD: 0.648702, P: 0.765327, R^2: 0.524654
SVM_AE_ECFP的BA值    ：-9.236874504317296
SVM_AE_ECFP    :RMSD: 0.657330, P: 0.733236, R^2: 0.511925
SVM_BET_ECFP的BA值    ：-9.229465488242795
SVM_BET_ECFP    :RMSD: 0.630187, P: 0.768470, R^2: 0.551401
SVM_AE_BET_ECFP的BA值    ：-9.241239782527519
SVM_AE_BET_ECFP    :RMSD: 0.641246, P: 0.759591, R^2: 0.535518
fold= 4
>>>>>>>>>>>>>training.............
###############################################SVM#####################################################
SVM_BET的BA值：-9.47731249519568
SVM_BET:RMSD: 0.801311, P: 0.598516, R^2: 0.353465
SVM_AE的BA值 ：-9.329037925597294
SVM_AE :RMSD: 0.825424, P: 0.561220, R^2: 0.313968
SVM_ECFP的BA值 ：-9.227665179231723
SVM_ECFP :RMSD: 0.822309, P: 0.582038, R^2: 0.319137
SVM_AE_BET的BA值    ：-9.403175210396487
SVM_AE_BET    :RMSD: 0.807622, P: 0.587975, R^2: 0.343241
SVM_AE_ECFP的BA值    ：-9.27835155241451
SVM_AE_ECFP    :RMSD: 0.804707, P: 0.594691, R^2: 0.347974
SVM_BET_ECFP的BA值    ：-9.352488837213702
SVM_BET_ECFP    :RMSD: 0.792097, P: 0.608637, R^2: 0.368248
SVM_AE_BET_ECFP的BA值    ：-9.344671866674899
SVM_AE_BET_ECFP    :RMSD: 0.796470, P: 0.602644, R^2: 0.361254
fold= 5
>>>>>>>>>>>>>training.............
###############################################SVM#####################################################
SVM_BET的BA值：-9.026935944841783
SVM_BET:RMSD: 0.773469, P: 0.558591, R^2: 0.152832
SVM_AE的BA值 ：-8.984978236932918
SVM_AE :RMSD: 0.825789, P: 0.499668, R^2: 0.034345
SVM_ECFP的BA值 ：-9.064861831440947
SVM_ECFP :RMSD: 0.892169, P: 0.523770, R^2: -0.127141
SVM_AE_BET的BA值    ：-9.00595709088735
SVM_AE_BET    :RMSD: 0.791391, P: 0.537777, R^2: 0.113116
SVM_AE_ECFP的BA值    ：-9.024920034186932
SVM_AE_ECFP    :RMSD: 0.837777, P: 0.532699, R^2: 0.006105
SVM_BET_ECFP的BA值    ：-9.045898888141366
SVM_BET_ECFP    :RMSD: 0.813867, P: 0.564325, R^2: 0.062025
SVM_AE_BET_ECFP的BA值    ：-9.025592004405217
SVM_AE_BET_ECFP    :RMSD: 0.808706, P: 0.550848, R^2: 0.073883
fold= 6
>>>>>>>>>>>>>training.............
###############################################SVM#####################################################
SVM_BET的BA值：-8.594608893536
SVM_BET:RMSD: 0.632732, P: 0.744147, R^2: 0.430240
SVM_AE的BA值 ：-9.121500428893844
SVM_AE :RMSD: 0.596220, P: 0.727979, R^2: 0.494099
SVM_ECFP的BA值 ：-8.98643412404866
SVM_ECFP :RMSD: 0.667991, P: 0.659111, R^2: 0.364970
SVM_AE_BET的BA值    ：-8.858054661214922
SVM_AE_BET    :RMSD: 0.597035, P: 0.775610, R^2: 0.492715
SVM_AE_ECFP的BA值    ：-9.053967276471251
SVM_AE_ECFP    :RMSD: 0.617568, P: 0.733899, R^2: 0.457221
SVM_BET_ECFP的BA值    ：-8.790521508792331
SVM_BET_ECFP    :RMSD: 0.632169, P: 0.752787, R^2: 0.431252
SVM_AE_BET_ECFP的BA值    ：-8.900847815492837
SVM_AE_BET_ECFP    :RMSD: 0.609907, P: 0.769593, R^2: 0.470605
fold= 7
>>>>>>>>>>>>>training.............
###############################################SVM#####################################################
SVM_BET的BA值：-8.887046727177971
SVM_BET:RMSD: 0.476036, P: 0.856215, R^2: 0.594753
SVM_AE的BA值 ：-9.12508232134472
SVM_AE :RMSD: 0.483553, P: 0.813923, R^2: 0.581853
SVM_ECFP的BA值 ：-8.898494154925523
SVM_ECFP :RMSD: 0.474303, P: 0.788121, R^2: 0.597698
SVM_AE_BET的BA值    ：-9.006064524261346
SVM_AE_BET    :RMSD: 0.469536, P: 0.843872, R^2: 0.605743
SVM_AE_ECFP的BA值    ：-9.011788238135122
SVM_AE_ECFP    :RMSD: 0.461391, P: 0.815306, R^2: 0.619303
SVM_BET_ECFP的BA值    ：-8.892770441051747
SVM_BET_ECFP    :RMSD: 0.455321, P: 0.835897, R^2: 0.629254
SVM_AE_BET_ECFP的BA值    ：-8.970207734482738
SVM_AE_BET_ECFP    :RMSD: 0.456710, P: 0.835746, R^2: 0.626989
fold= 8
>>>>>>>>>>>>>training.............
###############################################SVM#####################################################
SVM_BET的BA值：-8.8807310792568
SVM_BET:RMSD: 0.698767, P: 0.495194, R^2: 0.199306
SVM_AE的BA值 ：-8.664141387477889
SVM_AE :RMSD: 0.711004, P: 0.443515, R^2: 0.171017
SVM_ECFP的BA值 ：-9.01437266178278
SVM_ECFP :RMSD: 0.798025, P: 0.351825, R^2: -0.044322
SVM_AE_BET的BA值    ：-8.772436233367344
SVM_AE_BET    :RMSD: 0.699576, P: 0.480966, R^2: 0.197450
SVM_AE_ECFP的BA值    ：-8.838988922153835
SVM_AE_ECFP    :RMSD: 0.736255, P: 0.411527, R^2: 0.111088
SVM_BET_ECFP的BA值    ：-8.947283768043288
SVM_BET_ECFP    :RMSD: 0.724677, P: 0.449065, R^2: 0.138826
SVM_AE_BET_ECFP的BA值    ：-8.85290297452149
SVM_AE_BET_ECFP    :RMSD: 0.714601, P: 0.455853, R^2: 0.162606
fold= 9
>>>>>>>>>>>>>training.............
###############################################SVM#####################################################
SVM_BET的BA值：-8.785000833272452
SVM_BET:RMSD: 0.839242, P: 0.529526, R^2: 0.127410
SVM_AE的BA值 ：-8.675497158854284
SVM_AE :RMSD: 0.890744, P: 0.344386, R^2: 0.017027
SVM_ECFP的BA值 ：-9.345638542456783
SVM_ECFP :RMSD: 0.965239, P: 0.447345, R^2: -0.154266
SVM_AE_BET的BA值    ：-8.580721279187859
SVM_AE_BET    :RMSD: 0.852837, P: 0.454090, R^2: 0.098910
SVM_AE_ECFP的BA值    ：-8.861040133780023
SVM_AE_ECFP    :RMSD: 0.901306, P: 0.422799, R^2: -0.006423
SVM_BET_ECFP的BA值    ：-9.065319687864617
SVM_BET_ECFP    :RMSD: 0.893825, P: 0.498744, R^2: 0.010215
SVM_AE_BET_ECFP的BA值    ：-8.835693700277501
SVM_AE_BET_ECFP    :RMSD: 0.877179, P: 0.465895, R^2: 0.046737
fold= 10
>>>>>>>>>>>>>training.............
###############################################SVM#####################################################
SVM_BET的BA值：-8.986936586333428
SVM_BET:RMSD: 0.417142, P: 0.838155, R^2: 0.640980
SVM_AE的BA值 ：-8.779496660776044
SVM_AE :RMSD: 0.486627, P: 0.759052, R^2: 0.511412
SVM_ECFP的BA值 ：-9.228066706805143
SVM_ECFP :RMSD: 0.523257, P: 0.667841, R^2: 0.435088
SVM_AE_BET的BA值    ：-8.883216623554736
SVM_AE_BET    :RMSD: 0.444652, P: 0.814563, R^2: 0.592065
SVM_AE_ECFP的BA值    ：-9.003781683790592
SVM_AE_ECFP    :RMSD: 0.480394, P: 0.731925, R^2: 0.523847
SVM_BET_ECFP的BA值    ：-9.107501646569286
SVM_BET_ECFP    :RMSD: 0.450554, P: 0.770614, R^2: 0.581164
SVM_AE_BET_ECFP的BA值    ：-8.998166651304873
SVM_AE_BET_ECFP    :RMSD: 0.452322, P: 0.778656, R^2: 0.577870
@@@@@@@@@@@@@@@@@@@@@@@@@@@@@@@@@@@@@@@@@@@最终结果@@@@@@@@@@@@@@@@@@@@@@@@@@@@@@@@@@@@@@@@@@@@@@@@@@
@@@@@@@@@@@@@@@@@@@@@@@@@@@@@@@@@@@@@@@@@@@最终结果@@@@@@@@@@@@@@@@@@@@@@@@@@@@@@@@@@@@@@@@@@@@@@@@@@
%%%%%%%%%%%%%%%%%%%%%%%%%%%%%%%%%%%%%%%%%%%SVM%%%%%%%%%%%%%%%%%%%%%%%%%%%%%%%%%%%%%%%%%%%%%%%%%%%%%%
SVM_BET:0-th Final RMSD: 0.689625, Final P: 0.627781, Final R^2: 0.393054
SVM_AE :0-th Final RMSD: 0.728789, Final P: 0.568198, Final R^2: 0.322161
SVM_ECFP :0-th Final RMSD: 0.756700, Final P: 0.550039, Final R^2: 0.269246
SVM_AE_BET    :0-th Final RMSD: 0.700709, Final P: 0.611833, Final R^2: 0.373389
SVM_AE_ECFP    :0-th Final RMSD: 0.724749, Final P: 0.581785, Final R^2: 0.329654
SVM_BET_ECFP    :0-th Final RMSD: 0.707192, Final P: 0.609802, Final R^2: 0.361740
SVM_AE_BET_ECFP    :0-th Final RMSD: 0.706020, Final P: 0.607968, Final R^2: 0.363852
0-th SVM_AE的BA值 ：-9.329038
0-th SVM_BET的BA值：-9.477312
0-th SVM_ECFP的BA值 ：-9.345639
0-th SVM_AE_BET的BA值：-9.403175
0-th SVM_AE_ECFP的BA值    ：-9.278352
0-th SVM_BET_ECFP的BA值    ：-9.352489
0-th SVM_AE_BET_ECFP的BA值    ：-9.344672
total time: 0.0015572584337658353 h
