size of data: (261,)
size of train size: 208
SVM parameter
Namespace(dataset='CHEMBL1250348', C=10, kernel='rbf', gamma='scale', random_seed=0)
fold= 1
>>>>>>>>>>>>>training.............
###############################################SVM#####################################################
SVM_BET的BA值：-12.177091481841575
SVM_BET:RMSD: 0.769643, P: 0.874776, R^2: 0.752088
SVM_AE的BA值 ：-12.590638541747044
SVM_AE :RMSD: 0.758728, P: 0.873473, R^2: 0.759070
SVM_ECFP的BA值 ：-12.125871346611792
SVM_ECFP :RMSD: 0.667587, P: 0.911968, R^2: 0.813475
SVM_AE_BET的BA值    ：-12.38386501179431
SVM_AE_BET    :RMSD: 0.753430, P: 0.878222, R^2: 0.762423
SVM_AE_ECFP的BA值    ：-11.820765501535094
SVM_AE_ECFP    :RMSD: 0.667787, P: 0.909957, R^2: 0.813364
SVM_BET_ECFP的BA值    ：-11.654363463805645
SVM_BET_ECFP    :RMSD: 0.682461, P: 0.908775, R^2: 0.805072
SVM_AE_BET_ECFP的BA值    ：-11.93954082830392
SVM_AE_BET_ECFP    :RMSD: 0.691512, P: 0.902932, R^2: 0.799866
fold= 2
>>>>>>>>>>>>>training.............
###############################################SVM#####################################################
SVM_BET的BA值：-9.193919679521075
SVM_BET:RMSD: 0.790716, P: 0.811537, R^2: 0.448512
SVM_AE的BA值 ：-9.00475525126892
SVM_AE :RMSD: 0.795390, P: 0.790241, R^2: 0.441973
SVM_ECFP的BA值 ：-9.373551192380017
SVM_ECFP :RMSD: 0.941144, P: 0.740201, R^2: 0.218720
SVM_AE_BET的BA值    ：-9.09069703271891
SVM_AE_BET    :RMSD: 0.785876, P: 0.809437, R^2: 0.455244
SVM_AE_ECFP的BA值    ：-9.147078520544154
SVM_AE_ECFP    :RMSD: 0.837977, P: 0.808054, R^2: 0.380618
SVM_BET_ECFP的BA值    ：-9.283735435950547
SVM_BET_ECFP    :RMSD: 0.841594, P: 0.811244, R^2: 0.375259
SVM_AE_BET_ECFP的BA值    ：-9.162692240203128
SVM_AE_BET_ECFP    :RMSD: 0.814365, P: 0.819338, R^2: 0.415031
fold= 3
>>>>>>>>>>>>>training.............
###############################################SVM#####################################################
SVM_BET的BA值：-11.274941010388165
SVM_BET:RMSD: 0.783350, P: 0.788637, R^2: 0.598630
SVM_AE的BA值 ：-11.336859844953604
SVM_AE :RMSD: 0.734909, P: 0.828772, R^2: 0.646735
SVM_ECFP的BA值 ：-11.214448964148866
SVM_ECFP :RMSD: 0.811579, P: 0.781652, R^2: 0.569181
SVM_AE_BET的BA值    ：-11.305900427670885
SVM_AE_BET    :RMSD: 0.745758, P: 0.822246, R^2: 0.636228
SVM_AE_ECFP的BA值    ：-11.275654404551236
SVM_AE_ECFP    :RMSD: 0.741487, P: 0.841575, R^2: 0.640383
SVM_BET_ECFP的BA值    ：-11.244694987268517
SVM_BET_ECFP    :RMSD: 0.760695, P: 0.825124, R^2: 0.621510
SVM_AE_BET_ECFP的BA值    ：-11.275416606496881
SVM_AE_BET_ECFP    :RMSD: 0.739825, P: 0.839742, R^2: 0.641993
fold= 4
>>>>>>>>>>>>>training.............
###############################################SVM#####################################################
SVM_BET的BA值：-9.14533693736226
SVM_BET:RMSD: 0.579792, P: 0.816024, R^2: 0.638807
SVM_AE的BA值 ：-8.917980770233317
SVM_AE :RMSD: 0.583414, P: 0.807241, R^2: 0.634280
SVM_ECFP的BA值 ：-8.964805785341007
SVM_ECFP :RMSD: 0.758370, P: 0.658064, R^2: 0.382043
SVM_AE_BET的BA值    ：-8.966754156052513
SVM_AE_BET    :RMSD: 0.559962, P: 0.834676, R^2: 0.663091
SVM_AE_ECFP的BA值    ：-8.937957628008428
SVM_AE_ECFP    :RMSD: 0.634636, P: 0.792669, R^2: 0.567242
SVM_BET_ECFP的BA值    ：-9.002794783430826
SVM_BET_ECFP    :RMSD: 0.638622, P: 0.790617, R^2: 0.561789
SVM_AE_BET_ECFP的BA值    ：-8.931253647201473
SVM_AE_BET_ECFP    :RMSD: 0.600461, P: 0.821307, R^2: 0.612595
fold= 5
>>>>>>>>>>>>>training.............
###############################################SVM#####################################################
SVM_BET的BA值：-11.66877932337572
SVM_BET:RMSD: 0.749918, P: 0.945420, R^2: 0.836937
SVM_AE的BA值 ：-11.966271832200523
SVM_AE :RMSD: 0.708898, P: 0.943814, R^2: 0.854288
SVM_ECFP的BA值 ：-10.177271452483389
SVM_ECFP :RMSD: 1.158992, P: 0.855424, R^2: 0.610516
SVM_AE_BET的BA值    ：-11.817525577788121
SVM_AE_BET    :RMSD: 0.720931, P: 0.947084, R^2: 0.849299
SVM_AE_ECFP的BA值    ：-11.071771642341956
SVM_AE_ECFP    :RMSD: 0.892918, P: 0.929855, R^2: 0.768819
SVM_BET_ECFP的BA值    ：-10.923025387929554
SVM_BET_ECFP    :RMSD: 0.920253, P: 0.930642, R^2: 0.754448
SVM_AE_BET_ECFP的BA值    ：-11.270774202686544
SVM_AE_BET_ECFP    :RMSD: 0.833164, P: 0.941034, R^2: 0.798725
fold= 6
>>>>>>>>>>>>>training.............
###############################################SVM#####################################################
SVM_BET的BA值：-12.693647461491402
SVM_BET:RMSD: 0.725054, P: 0.908892, R^2: 0.808284
SVM_AE的BA值 ：-12.556780662710995
SVM_AE :RMSD: 0.794816, P: 0.893471, R^2: 0.769616
SVM_ECFP的BA值 ：-11.980891247304115
SVM_ECFP :RMSD: 0.955825, P: 0.831241, R^2: 0.666823
SVM_AE_BET的BA值    ：-12.625214062101199
SVM_AE_BET    :RMSD: 0.749081, P: 0.905329, R^2: 0.795366
SVM_AE_ECFP的BA值    ：-11.653834194284205
SVM_AE_ECFP    :RMSD: 0.834708, P: 0.883785, R^2: 0.745910
SVM_BET_ECFP的BA值    ：-11.807396298227857
SVM_BET_ECFP    :RMSD: 0.800885, P: 0.892050, R^2: 0.766084
SVM_AE_BET_ECFP的BA值    ：-12.000438616686603
SVM_AE_BET_ECFP    :RMSD: 0.783587, P: 0.898749, R^2: 0.776080
fold= 7
>>>>>>>>>>>>>training.............
###############################################SVM#####################################################
SVM_BET的BA值：-9.041833232564112
SVM_BET:RMSD: 0.724498, P: 0.695272, R^2: 0.407082
SVM_AE的BA值 ：-9.224659553690072
SVM_AE :RMSD: 0.723939, P: 0.671842, R^2: 0.407997
SVM_ECFP的BA值 ：-9.563349565715722
SVM_ECFP :RMSD: 0.796879, P: 0.672783, R^2: 0.282693
SVM_AE_BET的BA值    ：-9.133246393127092
SVM_AE_BET    :RMSD: 0.709541, P: 0.704716, R^2: 0.431310
SVM_AE_ECFP的BA值    ：-9.226721517113418
SVM_AE_ECFP    :RMSD: 0.720526, P: 0.725696, R^2: 0.413565
SVM_BET_ECFP的BA值    ：-9.202773625903093
SVM_BET_ECFP    :RMSD: 0.734573, P: 0.721080, R^2: 0.390476
SVM_AE_BET_ECFP的BA值    ：-9.160418463715056
SVM_AE_BET_ECFP    :RMSD: 0.712181, P: 0.731740, R^2: 0.427070
fold= 8
>>>>>>>>>>>>>training.............
###############################################SVM#####################################################
SVM_BET的BA值：-12.4480103264458
SVM_BET:RMSD: 0.800944, P: 0.763468, R^2: 0.495127
SVM_AE的BA值 ：-12.056952304985925
SVM_AE :RMSD: 0.728112, P: 0.792587, R^2: 0.582771
SVM_ECFP的BA值 ：-12.423369716846963
SVM_ECFP :RMSD: 0.752368, P: 0.789935, R^2: 0.554510
SVM_AE_BET的BA值    ：-12.252481315715862
SVM_AE_BET    :RMSD: 0.753781, P: 0.782539, R^2: 0.552834
SVM_AE_ECFP的BA值    ：-12.240161010916445
SVM_AE_ECFP    :RMSD: 0.713581, P: 0.803627, R^2: 0.599259
SVM_BET_ECFP的BA值    ：-12.435690021646382
SVM_BET_ECFP    :RMSD: 0.740551, P: 0.791959, R^2: 0.568393
SVM_AE_BET_ECFP的BA值    ：-12.309444116092896
SVM_AE_BET_ECFP    :RMSD: 0.727666, P: 0.796217, R^2: 0.583282
fold= 9
>>>>>>>>>>>>>training.............
###############################################SVM#####################################################
SVM_BET的BA值：-12.239563119025384
SVM_BET:RMSD: 0.613376, P: 0.891213, R^2: 0.793626
SVM_AE的BA值 ：-12.160495535563129
SVM_AE :RMSD: 0.580114, P: 0.903800, R^2: 0.815402
SVM_ECFP的BA值 ：-12.093493449993996
SVM_ECFP :RMSD: 0.739427, P: 0.837782, R^2: 0.700090
SVM_AE_BET的BA值    ：-12.200029327294256
SVM_AE_BET    :RMSD: 0.584125, P: 0.902062, R^2: 0.812840
SVM_AE_ECFP的BA值    ：-12.126994492778563
SVM_AE_ECFP    :RMSD: 0.628118, P: 0.886562, R^2: 0.783587
SVM_BET_ECFP的BA值    ：-12.16652828450969
SVM_BET_ECFP    :RMSD: 0.647147, P: 0.878490, R^2: 0.770276
SVM_AE_BET_ECFP的BA值    ：-12.164517368194169
SVM_AE_BET_ECFP    :RMSD: 0.610884, P: 0.892887, R^2: 0.795299
fold= 10
>>>>>>>>>>>>>training.............
###############################################SVM#####################################################
SVM_BET的BA值：-12.321018340670253
SVM_BET:RMSD: 0.766116, P: 0.832236, R^2: 0.682928
SVM_AE的BA值 ：-11.070169091846227
SVM_AE :RMSD: 0.819656, P: 0.801245, R^2: 0.637063
SVM_ECFP的BA值 ：-11.739051052875041
SVM_ECFP :RMSD: 0.801929, P: 0.807955, R^2: 0.652591
SVM_AE_BET的BA值    ：-11.69559371625824
SVM_AE_BET    :RMSD: 0.772283, P: 0.825672, R^2: 0.677803
SVM_AE_ECFP的BA值    ：-11.404610072360633
SVM_AE_ECFP    :RMSD: 0.784907, P: 0.818981, R^2: 0.667184
SVM_BET_ECFP的BA值    ：-12.030034696772647
SVM_BET_ECFP    :RMSD: 0.761418, P: 0.829486, R^2: 0.686805
SVM_AE_BET_ECFP的BA值    ：-11.710079495130508
SVM_AE_BET_ECFP    :RMSD: 0.765010, P: 0.828203, R^2: 0.683843
@@@@@@@@@@@@@@@@@@@@@@@@@@@@@@@@@@@@@@@@@@@最终结果@@@@@@@@@@@@@@@@@@@@@@@@@@@@@@@@@@@@@@@@@@@@@@@@@@
@@@@@@@@@@@@@@@@@@@@@@@@@@@@@@@@@@@@@@@@@@@最终结果@@@@@@@@@@@@@@@@@@@@@@@@@@@@@@@@@@@@@@@@@@@@@@@@@@
%%%%%%%%%%%%%%%%%%%%%%%%%%%%%%%%%%%%%%%%%%%SVM%%%%%%%%%%%%%%%%%%%%%%%%%%%%%%%%%%%%%%%%%%%%%%%%%%%%%%
SVM_BET:0-th Final RMSD: 0.733968, Final P: 0.847619, Final R^2: 0.713230
SVM_AE :0-th Final RMSD: 0.727149, Final P: 0.850953, Final R^2: 0.718534
SVM_ECFP :0-th Final RMSD: 0.848671, Final P: 0.792928, Final R^2: 0.616595
SVM_AE_BET    :0-th Final RMSD: 0.717435, Final P: 0.856446, Final R^2: 0.726004
SVM_AE_ECFP    :0-th Final RMSD: 0.750281, Final P: 0.847370, Final R^2: 0.700341
SVM_BET_ECFP    :0-th Final RMSD: 0.757050, Final P: 0.843398, Final R^2: 0.694910
SVM_AE_BET_ECFP    :0-th Final RMSD: 0.731463, Final P: 0.855057, Final R^2: 0.715185
0-th SVM_AE的BA值 ：-12.590639
0-th SVM_BET的BA值：-12.693647
0-th SVM_ECFP的BA值 ：-12.423370
0-th SVM_AE_BET的BA值：-12.625214
0-th SVM_AE_ECFP的BA值    ：-12.240161
0-th SVM_BET_ECFP的BA值    ：-12.435690
0-th SVM_AE_BET_ECFP的BA值    ：-12.309444
total time: 0.0023458541764153373 h
