size of data: (273,)
size of train size: 218
SVM parameter
Namespace(dataset='CHEMBL1293293', C=10, kernel='rbf', gamma='scale', random_seed=0)
fold= 1
>>>>>>>>>>>>>training.............
###############################################SVM#####################################################
SVM_BET的BA值：-9.297709473778443
SVM_BET:RMSD: 0.559607, P: 0.905047, R^2: 0.718982
SVM_AE的BA值 ：-9.116074020502335
SVM_AE :RMSD: 0.621424, P: 0.861461, R^2: 0.653468
SVM_ECFP的BA值 ：-9.367094083308533
SVM_ECFP :RMSD: 0.795873, P: 0.757822, R^2: 0.431599
SVM_AE_BET的BA值    ：-9.059290925739216
SVM_AE_BET    :RMSD: 0.575386, P: 0.906173, R^2: 0.702911
SVM_AE_ECFP的BA值    ：-9.102777036137816
SVM_AE_ECFP    :RMSD: 0.675310, P: 0.854707, R^2: 0.590764
SVM_BET_ECFP的BA值    ：-9.127708626377146
SVM_BET_ECFP    :RMSD: 0.640597, P: 0.889914, R^2: 0.631754
SVM_AE_BET_ECFP的BA值    ：-9.069353967750574
SVM_AE_BET_ECFP    :RMSD: 0.619782, P: 0.898700, R^2: 0.655297
fold= 2
>>>>>>>>>>>>>training.............
###############################################SVM#####################################################
SVM_BET的BA值：-8.941030837975337
SVM_BET:RMSD: 0.635151, P: 0.843910, R^2: 0.582895
SVM_AE的BA值 ：-9.342244933369418
SVM_AE :RMSD: 0.607615, P: 0.856367, R^2: 0.618278
SVM_ECFP的BA值 ：-9.458825316782198
SVM_ECFP :RMSD: 1.011976, P: 0.701765, R^2: -0.058840
SVM_AE_BET的BA值    ：-9.141258192662491
SVM_AE_BET    :RMSD: 0.609624, P: 0.866339, R^2: 0.615749
SVM_AE_ECFP的BA值    ：-9.09049098850237
SVM_AE_ECFP    :RMSD: 0.785468, P: 0.834095, R^2: 0.362108
SVM_BET_ECFP的BA值    ：-8.946418472739945
SVM_BET_ECFP    :RMSD: 0.792233, P: 0.847752, R^2: 0.351073
SVM_AE_BET_ECFP的BA值    ：-9.031651162895763
SVM_AE_BET_ECFP    :RMSD: 0.720203, P: 0.861830, R^2: 0.463710
fold= 3
>>>>>>>>>>>>>training.............
###############################################SVM#####################################################
SVM_BET的BA值：-10.271907885733452
SVM_BET:RMSD: 0.666168, P: 0.801077, R^2: 0.617177
SVM_AE的BA值 ：-10.199924561313228
SVM_AE :RMSD: 0.748897, P: 0.729168, R^2: 0.516190
SVM_ECFP的BA值 ：-10.17931968166455
SVM_ECFP :RMSD: 0.899460, P: 0.674722, R^2: 0.302098
SVM_AE_BET的BA值    ：-10.23591622352334
SVM_AE_BET    :RMSD: 0.694019, P: 0.780246, R^2: 0.584497
SVM_AE_ECFP的BA值    ：-10.189622121488888
SVM_AE_ECFP    :RMSD: 0.787906, P: 0.737018, R^2: 0.464475
SVM_BET_ECFP的BA值    ：-10.225613783699
SVM_BET_ECFP    :RMSD: 0.756857, P: 0.768877, R^2: 0.505850
SVM_AE_BET_ECFP的BA值    ：-10.21705070957041
SVM_AE_BET_ECFP    :RMSD: 0.736924, P: 0.770775, R^2: 0.531536
fold= 4
>>>>>>>>>>>>>training.............
###############################################SVM#####################################################
SVM_BET的BA值：-9.775661416115554
SVM_BET:RMSD: 0.625601, P: 0.755874, R^2: 0.395736
SVM_AE的BA值 ：-9.647886736784512
SVM_AE :RMSD: 0.572472, P: 0.790995, R^2: 0.494013
SVM_ECFP的BA值 ：-10.305540496594489
SVM_ECFP :RMSD: 0.477566, P: 0.805733, R^2: 0.647874
SVM_AE_BET的BA值    ：-9.711774076450034
SVM_AE_BET    :RMSD: 0.587444, P: 0.783146, R^2: 0.467199
SVM_AE_ECFP的BA值    ：-9.976713616689501
SVM_AE_ECFP    :RMSD: 0.466925, P: 0.835388, R^2: 0.663391
SVM_BET_ECFP的BA值    ：-10.040600956355021
SVM_BET_ECFP    :RMSD: 0.500883, P: 0.809814, R^2: 0.612650
SVM_AE_BET_ECFP的BA值    ：-9.909696216498185
SVM_AE_BET_ECFP    :RMSD: 0.506491, P: 0.816843, R^2: 0.603927
fold= 5
>>>>>>>>>>>>>training.............
###############################################SVM#####################################################
SVM_BET的BA值：-10.6812765689008
SVM_BET:RMSD: 0.601788, P: 0.814430, R^2: 0.651168
SVM_AE的BA值 ：-10.42100583501301
SVM_AE :RMSD: 0.590814, P: 0.833482, R^2: 0.663773
SVM_ECFP的BA值 ：-9.835412302195952
SVM_ECFP :RMSD: 0.746683, P: 0.722336, R^2: 0.462965
SVM_AE_BET的BA值    ：-10.551141201956906
SVM_AE_BET    :RMSD: 0.578178, P: 0.835820, R^2: 0.678002
SVM_AE_ECFP的BA值    ：-10.12820906860448
SVM_AE_ECFP    :RMSD: 0.617714, P: 0.824279, R^2: 0.632459
SVM_BET_ECFP的BA值    ：-10.258344435548377
SVM_BET_ECFP    :RMSD: 0.609672, P: 0.818720, R^2: 0.641967
SVM_AE_BET_ECFP的BA值    ：-10.31256490203659
SVM_AE_BET_ECFP    :RMSD: 0.585140, P: 0.836255, R^2: 0.670201
fold= 6
>>>>>>>>>>>>>training.............
###############################################SVM#####################################################
SVM_BET的BA值：-9.18947675616672
SVM_BET:RMSD: 0.770948, P: 0.682053, R^2: 0.454268
SVM_AE的BA值 ：-9.122406373689149
SVM_AE :RMSD: 0.712957, P: 0.767190, R^2: 0.533281
SVM_ECFP的BA值 ：-9.753451779116087
SVM_ECFP :RMSD: 0.783247, P: 0.744984, R^2: 0.436717
SVM_AE_BET的BA值    ：-9.055208168807775
SVM_AE_BET    :RMSD: 0.735594, P: 0.732743, R^2: 0.503172
SVM_AE_ECFP的BA值    ：-9.37489401395601
SVM_AE_ECFP    :RMSD: 0.710208, P: 0.774607, R^2: 0.536872
SVM_BET_ECFP的BA值    ：-9.21061282795908
SVM_BET_ECFP    :RMSD: 0.737631, P: 0.739226, R^2: 0.500417
SVM_AE_BET_ECFP的BA值    ：-9.139187301571365
SVM_AE_BET_ECFP    :RMSD: 0.718195, P: 0.755076, R^2: 0.526397
fold= 7
>>>>>>>>>>>>>training.............
###############################################SVM#####################################################
SVM_BET的BA值：-8.835457089516812
SVM_BET:RMSD: 0.408436, P: 0.811100, R^2: 0.651332
SVM_AE的BA值 ：-9.118549688945157
SVM_AE :RMSD: 0.419582, P: 0.801230, R^2: 0.632043
SVM_ECFP的BA值 ：-9.176167617506483
SVM_ECFP :RMSD: 0.717289, P: 0.603630, R^2: -0.075355
SVM_AE_BET的BA值    ：-8.977003389230983
SVM_AE_BET    :RMSD: 0.393951, P: 0.825907, R^2: 0.675625
SVM_AE_ECFP的BA值    ：-9.13457518390229
SVM_AE_ECFP    :RMSD: 0.499239, P: 0.797528, R^2: 0.479069
SVM_BET_ECFP的BA值    ：-8.993028884188117
SVM_BET_ECFP    :RMSD: 0.509699, P: 0.785461, R^2: 0.457011
SVM_AE_BET_ECFP的BA值    ：-9.034869152440464
SVM_AE_BET_ECFP    :RMSD: 0.447157, P: 0.821904, R^2: 0.582088
fold= 8
>>>>>>>>>>>>>training.............
###############################################SVM#####################################################
SVM_BET的BA值：-10.557081399866988
SVM_BET:RMSD: 0.707549, P: 0.765346, R^2: 0.560798
SVM_AE的BA值 ：-10.011800226408125
SVM_AE :RMSD: 0.713756, P: 0.774018, R^2: 0.553058
SVM_ECFP的BA值 ：-10.583514695635952
SVM_ECFP :RMSD: 0.814779, P: 0.668896, R^2: 0.417587
SVM_AE_BET的BA值    ：-10.284440813137557
SVM_AE_BET    :RMSD: 0.700513, P: 0.780272, R^2: 0.569490
SVM_AE_ECFP的BA值    ：-10.297657461022037
SVM_AE_ECFP    :RMSD: 0.728049, P: 0.744530, R^2: 0.534979
SVM_BET_ECFP的BA值    ：-10.57029804775147
SVM_BET_ECFP    :RMSD: 0.730730, P: 0.736879, R^2: 0.531548
SVM_AE_BET_ECFP的BA值    ：-10.384132107303687
SVM_AE_BET_ECFP    :RMSD: 0.710635, P: 0.759934, R^2: 0.556958
fold= 9
>>>>>>>>>>>>>training.............
###############################################SVM#####################################################
SVM_BET的BA值：-10.765521589866864
SVM_BET:RMSD: 0.617167, P: 0.833722, R^2: 0.665932
SVM_AE的BA值 ：-10.683825109053686
SVM_AE :RMSD: 0.668342, P: 0.790389, R^2: 0.608233
SVM_ECFP的BA值 ：-10.949249969581581
SVM_ECFP :RMSD: 0.717663, P: 0.817259, R^2: 0.548278
SVM_AE_BET的BA值    ：-10.724673349460275
SVM_AE_BET    :RMSD: 0.625082, P: 0.825062, R^2: 0.657308
SVM_AE_ECFP的BA值    ：-10.816537539317633
SVM_AE_ECFP    :RMSD: 0.655260, P: 0.827719, R^2: 0.623420
SVM_BET_ECFP的BA值    ：-10.857385779724222
SVM_BET_ECFP    :RMSD: 0.643895, P: 0.841508, R^2: 0.636369
SVM_AE_BET_ECFP的BA值    ：-10.799532222834044
SVM_AE_BET_ECFP    :RMSD: 0.632118, P: 0.837320, R^2: 0.649549
fold= 10
>>>>>>>>>>>>>training.............
###############################################SVM#####################################################
SVM_BET的BA值：-10.092074267781646
SVM_BET:RMSD: 0.707845, P: 0.752684, R^2: 0.555572
SVM_AE的BA值 ：-9.736044624730793
SVM_AE :RMSD: 0.707452, P: 0.748378, R^2: 0.556065
SVM_ECFP的BA值 ：-10.17164646894405
SVM_ECFP :RMSD: 0.861283, P: 0.639796, R^2: 0.342014
SVM_AE_BET的BA值    ：-9.825001526695743
SVM_AE_BET    :RMSD: 0.693594, P: 0.759874, R^2: 0.573288
SVM_AE_ECFP的BA值    ：-9.864787627276947
SVM_AE_ECFP    :RMSD: 0.739269, P: 0.730883, R^2: 0.515236
SVM_BET_ECFP的BA值    ：-10.131860368362847
SVM_BET_ECFP    :RMSD: 0.739950, P: 0.731577, R^2: 0.514343
SVM_AE_BET_ECFP的BA值    ：-9.94054984077851
SVM_AE_BET_ECFP    :RMSD: 0.711581, P: 0.748462, R^2: 0.550869
@@@@@@@@@@@@@@@@@@@@@@@@@@@@@@@@@@@@@@@@@@@最终结果@@@@@@@@@@@@@@@@@@@@@@@@@@@@@@@@@@@@@@@@@@@@@@@@@@
@@@@@@@@@@@@@@@@@@@@@@@@@@@@@@@@@@@@@@@@@@@最终结果@@@@@@@@@@@@@@@@@@@@@@@@@@@@@@@@@@@@@@@@@@@@@@@@@@
%%%%%%%%%%%%%%%%%%%%%%%%%%%%%%%%%%%%%%%%%%%SVM%%%%%%%%%%%%%%%%%%%%%%%%%%%%%%%%%%%%%%%%%%%%%%%%%%%%%%
SVM_BET:0-th Final RMSD: 0.636831, Final P: 0.778622, Final R^2: 0.603765
SVM_AE :0-th Final RMSD: 0.643176, Final P: 0.775552, Final R^2: 0.595831
SVM_ECFP :0-th Final RMSD: 0.795107, Final P: 0.700630, Final R^2: 0.382333
SVM_AE_BET    :0-th Final RMSD: 0.626326, Final P: 0.790047, Final R^2: 0.616730
SVM_AE_ECFP    :0-th Final RMSD: 0.675646, Final P: 0.776612, Final R^2: 0.553993
SVM_BET_ECFP    :0-th Final RMSD: 0.673987, Final P: 0.776626, Final R^2: 0.556180
SVM_AE_BET_ECFP    :0-th Final RMSD: 0.646421, Final P: 0.790321, Final R^2: 0.591742
0-th SVM_AE的BA值 ：-10.683825
0-th SVM_BET的BA值：-10.765522
0-th SVM_ECFP的BA值 ：-10.949250
0-th SVM_AE_BET的BA值：-10.724673
0-th SVM_AE_ECFP的BA值    ：-10.816538
0-th SVM_BET_ECFP的BA值    ：-10.857386
0-th SVM_AE_BET_ECFP的BA值    ：-10.799532
total time: 0.002454143762588501 h
