size of data: (450,)
size of train size: 360
SVM parameter
Namespace(dataset='CHEMBL4789', C=10, kernel='rbf', gamma='scale', random_seed=0)
fold= 1
>>>>>>>>>>>>>training.............
###############################################SVM#####################################################
SVM_BET的BA值：-10.861226871395075
SVM_BET:RMSD: 0.777895, P: 0.824410, R^2: 0.563633
SVM_AE的BA值 ：-10.783519349234373
SVM_AE :RMSD: 0.858015, P: 0.763701, R^2: 0.469115
SVM_ECFP的BA值 ：-10.18116404544466
SVM_ECFP :RMSD: 1.091802, P: 0.691823, R^2: 0.140397
SVM_AE_BET的BA值    ：-10.758615958026983
SVM_AE_BET    :RMSD: 0.790500, P: 0.811615, R^2: 0.549376
SVM_AE_ECFP的BA值    ：-10.387513316441048
SVM_AE_ECFP    :RMSD: 0.917535, P: 0.771904, R^2: 0.392907
SVM_BET_ECFP的BA值    ：-10.390042239704053
SVM_BET_ECFP    :RMSD: 0.883511, P: 0.808431, R^2: 0.437096
SVM_AE_BET_ECFP的BA值    ：-10.41068776441067
SVM_AE_BET_ECFP    :RMSD: 0.846960, P: 0.809193, R^2: 0.482708
fold= 2
>>>>>>>>>>>>>training.............
###############################################SVM#####################################################
SVM_BET的BA值：-11.239403610333415
SVM_BET:RMSD: 0.902306, P: 0.816505, R^2: 0.663513
SVM_AE的BA值 ：-11.201062991984617
SVM_AE :RMSD: 0.919120, P: 0.808746, R^2: 0.650855
SVM_ECFP的BA值 ：-10.641681434784072
SVM_ECFP :RMSD: 1.092495, P: 0.740509, R^2: 0.506713
SVM_AE_BET的BA值    ：-11.220233301159016
SVM_AE_BET    :RMSD: 0.902907, P: 0.815555, R^2: 0.663065
SVM_AE_ECFP的BA值    ：-10.921372213384345
SVM_AE_ECFP    :RMSD: 0.955243, P: 0.797789, R^2: 0.622872
SVM_BET_ECFP的BA值    ：-10.940542522558744
SVM_BET_ECFP    :RMSD: 0.942147, P: 0.803512, R^2: 0.633142
SVM_AE_BET_ECFP的BA值    ：-11.027382679034034
SVM_AE_BET_ECFP    :RMSD: 0.919480, P: 0.809419, R^2: 0.650582
fold= 3
>>>>>>>>>>>>>training.............
###############################################SVM#####################################################
SVM_BET的BA值：-11.355789789517505
SVM_BET:RMSD: 0.912724, P: 0.794168, R^2: 0.596663
SVM_AE的BA值 ：-11.182407358904317
SVM_AE :RMSD: 0.887058, P: 0.808693, R^2: 0.619028
SVM_ECFP的BA值 ：-10.609561255058063
SVM_ECFP :RMSD: 0.814328, P: 0.842083, R^2: 0.678939
SVM_AE_BET的BA值    ：-11.269098574210911
SVM_AE_BET    :RMSD: 0.886997, P: 0.808886, R^2: 0.619081
SVM_AE_ECFP的BA值    ：-10.607561354131892
SVM_AE_ECFP    :RMSD: 0.790168, P: 0.857158, R^2: 0.697707
SVM_BET_ECFP的BA值    ：-10.667416123457814
SVM_BET_ECFP    :RMSD: 0.812149, P: 0.847880, R^2: 0.680655
SVM_AE_BET_ECFP的BA值    ：-10.769621584116834
SVM_AE_BET_ECFP    :RMSD: 0.816483, P: 0.844655, R^2: 0.677238
fold= 4
>>>>>>>>>>>>>training.............
###############################################SVM#####################################################
SVM_BET的BA值：-10.888187649263564
SVM_BET:RMSD: 0.740347, P: 0.830490, R^2: 0.686259
SVM_AE的BA值 ：-10.885767943974166
SVM_AE :RMSD: 0.763595, P: 0.818290, R^2: 0.666246
SVM_ECFP的BA值 ：-10.900985509002782
SVM_ECFP :RMSD: 0.970789, P: 0.690179, R^2: 0.460552
SVM_AE_BET的BA值    ：-10.886977796618865
SVM_AE_BET    :RMSD: 0.736142, P: 0.834021, R^2: 0.689813
SVM_AE_ECFP的BA值    ：-10.893376726488473
SVM_AE_ECFP    :RMSD: 0.809471, P: 0.801443, R^2: 0.624938
SVM_BET_ECFP的BA值    ：-10.894586579133172
SVM_BET_ECFP    :RMSD: 0.804331, P: 0.802287, R^2: 0.629687
SVM_AE_BET_ECFP的BA值    ：-10.89164703408017
SVM_AE_BET_ECFP    :RMSD: 0.767591, P: 0.823565, R^2: 0.662744
fold= 5
>>>>>>>>>>>>>training.............
###############################################SVM#####################################################
SVM_BET的BA值：-10.58625523441967
SVM_BET:RMSD: 0.906658, P: 0.765856, R^2: 0.584915
SVM_AE的BA值 ：-10.835878012274954
SVM_AE :RMSD: 0.881256, P: 0.780597, R^2: 0.607848
SVM_ECFP的BA值 ：-11.016956874000808
SVM_ECFP :RMSD: 1.051816, P: 0.677554, R^2: 0.441364
SVM_AE_BET的BA值    ：-10.66144478443184
SVM_AE_BET    :RMSD: 0.885586, P: 0.777830, R^2: 0.603986
SVM_AE_ECFP的BA值    ：-10.735566713692009
SVM_AE_ECFP    :RMSD: 0.905064, P: 0.769773, R^2: 0.586373
SVM_BET_ECFP的BA值    ：-10.73950626922225
SVM_BET_ECFP    :RMSD: 0.932097, P: 0.751936, R^2: 0.561296
SVM_AE_BET_ECFP的BA值    ：-10.64439636394257
SVM_AE_BET_ECFP    :RMSD: 0.893425, P: 0.774066, R^2: 0.596943
fold= 6
>>>>>>>>>>>>>training.............
###############################################SVM#####################################################
SVM_BET的BA值：-10.887161259818882
SVM_BET:RMSD: 0.904458, P: 0.791682, R^2: 0.612959
SVM_AE的BA值 ：-10.903617540620909
SVM_AE :RMSD: 0.964458, P: 0.760506, R^2: 0.559905
SVM_ECFP的BA值 ：-11.060278738758601
SVM_ECFP :RMSD: 1.217839, P: 0.600328, R^2: 0.298287
SVM_AE_BET的BA值    ：-10.80222538417945
SVM_AE_BET    :RMSD: 0.924649, P: 0.781143, R^2: 0.595485
SVM_AE_ECFP的BA值    ：-10.981948139689756
SVM_AE_ECFP    :RMSD: 1.055846, P: 0.712779, R^2: 0.472550
SVM_BET_ECFP的BA值    ：-10.880555983248296
SVM_BET_ECFP    :RMSD: 1.029690, P: 0.728399, R^2: 0.498359
SVM_AE_BET_ECFP的BA值    ：-10.888243169039166
SVM_AE_BET_ECFP    :RMSD: 0.993806, P: 0.748451, R^2: 0.532714
fold= 7
>>>>>>>>>>>>>training.............
###############################################SVM#####################################################
SVM_BET的BA值：-10.988601436779469
SVM_BET:RMSD: 0.631002, P: 0.854828, R^2: 0.718615
SVM_AE的BA值 ：-11.00547705737946
SVM_AE :RMSD: 0.680171, P: 0.834928, R^2: 0.673054
SVM_ECFP的BA值 ：-10.866091940148852
SVM_ECFP :RMSD: 0.881598, P: 0.715679, R^2: 0.450736
SVM_AE_BET的BA值    ：-10.926538890532754
SVM_AE_BET    :RMSD: 0.641900, P: 0.851218, R^2: 0.708811
SVM_AE_ECFP的BA值    ：-10.840401913859772
SVM_AE_ECFP    :RMSD: 0.722905, P: 0.815849, R^2: 0.630680
SVM_BET_ECFP的BA值    ：-10.92734668846416
SVM_BET_ECFP    :RMSD: 0.703282, P: 0.826380, R^2: 0.650458
SVM_AE_BET_ECFP的BA值    ：-10.889801754833003
SVM_AE_BET_ECFP    :RMSD: 0.673211, P: 0.840263, R^2: 0.679710
fold= 8
>>>>>>>>>>>>>training.............
###############################################SVM#####################################################
SVM_BET的BA值：-10.826690942208263
SVM_BET:RMSD: 1.055919, P: 0.598567, R^2: 0.329654
SVM_AE的BA值 ：-10.899896383856928
SVM_AE :RMSD: 1.126816, P: 0.547944, R^2: 0.236615
SVM_ECFP的BA值 ：-10.084604695850194
SVM_ECFP :RMSD: 1.078782, P: 0.555749, R^2: 0.300312
SVM_AE_BET的BA值    ：-10.863293663032596
SVM_AE_BET    :RMSD: 1.085905, P: 0.575257, R^2: 0.291040
SVM_AE_ECFP的BA值    ：-10.292618044852517
SVM_AE_ECFP    :RMSD: 1.064853, P: 0.575699, R^2: 0.318263
SVM_BET_ECFP的BA值    ：-10.256015324028183
SVM_BET_ECFP    :RMSD: 1.033987, P: 0.605721, R^2: 0.357212
SVM_AE_BET_ECFP的BA值    ：-10.470642343971098
SVM_AE_BET_ECFP    :RMSD: 1.053063, P: 0.590043, R^2: 0.333275
fold= 9
>>>>>>>>>>>>>training.............
###############################################SVM#####################################################
SVM_BET的BA值：-11.17605156042734
SVM_BET:RMSD: 0.941621, P: 0.721141, R^2: 0.435570
SVM_AE的BA值 ：-11.402028036718132
SVM_AE :RMSD: 0.964948, P: 0.710166, R^2: 0.407257
SVM_ECFP的BA值 ：-10.653123451799164
SVM_ECFP :RMSD: 1.028357, P: 0.619686, R^2: 0.326797
SVM_AE_BET的BA值    ：-11.289039798572736
SVM_AE_BET    :RMSD: 0.941325, P: 0.723701, R^2: 0.435924
SVM_AE_ECFP的BA值    ：-10.714769629476391
SVM_AE_ECFP    :RMSD: 0.954272, P: 0.698826, R^2: 0.420302
SVM_BET_ECFP的BA值    ：-10.628066322393671
SVM_BET_ECFP    :RMSD: 0.948692, P: 0.700739, R^2: 0.427060
SVM_AE_BET_ECFP的BA值    ：-10.677516150646987
SVM_AE_BET_ECFP    :RMSD: 0.937591, P: 0.715473, R^2: 0.440391
fold= 10
>>>>>>>>>>>>>training.............
###############################################SVM#####################################################
SVM_BET的BA值：-11.150617986635535
SVM_BET:RMSD: 0.824297, P: 0.820880, R^2: 0.670940
SVM_AE的BA值 ：-11.033196791794524
SVM_AE :RMSD: 0.780615, P: 0.842705, R^2: 0.704892
SVM_ECFP的BA值 ：-10.789198947671347
SVM_ECFP :RMSD: 0.906594, P: 0.784558, R^2: 0.601954
SVM_AE_BET的BA值    ：-11.091907389215029
SVM_AE_BET    :RMSD: 0.790306, P: 0.838150, R^2: 0.697519
SVM_AE_ECFP的BA值    ：-10.814295126815129
SVM_AE_ECFP    :RMSD: 0.798576, P: 0.843039, R^2: 0.691155
SVM_BET_ECFP的BA值    ：-10.873005724235634
SVM_BET_ECFP    :RMSD: 0.816003, P: 0.832679, R^2: 0.677529
SVM_AE_BET_ECFP的BA值    ：-10.926402746755263
SVM_AE_BET_ECFP    :RMSD: 0.788947, P: 0.844451, R^2: 0.698558
@@@@@@@@@@@@@@@@@@@@@@@@@@@@@@@@@@@@@@@@@@@最终结果@@@@@@@@@@@@@@@@@@@@@@@@@@@@@@@@@@@@@@@@@@@@@@@@@@
@@@@@@@@@@@@@@@@@@@@@@@@@@@@@@@@@@@@@@@@@@@最终结果@@@@@@@@@@@@@@@@@@@@@@@@@@@@@@@@@@@@@@@@@@@@@@@@@@
%%%%%%%%%%%%%%%%%%%%%%%%%%%%%%%%%%%%%%%%%%%SVM%%%%%%%%%%%%%%%%%%%%%%%%%%%%%%%%%%%%%%%%%%%%%%%%%%%%%%
SVM_BET:0-th Final RMSD: 0.867166, Final P: 0.777399, Final R^2: 0.604226
SVM_AE :0-th Final RMSD: 0.890536, Final P: 0.764525, Final R^2: 0.582607
SVM_ECFP :0-th Final RMSD: 1.019853, Final P: 0.682526, Final R^2: 0.452584
SVM_AE_BET    :0-th Final RMSD: 0.866599, Final P: 0.777778, Final R^2: 0.604743
SVM_AE_ECFP    :0-th Final RMSD: 0.904034, Final P: 0.759450, Final R^2: 0.569857
SVM_BET_ECFP    :0-th Final RMSD: 0.896295, Final P: 0.765199, Final R^2: 0.577191
SVM_AE_BET_ECFP    :0-th Final RMSD: 0.875680, Final P: 0.775184, Final R^2: 0.596417
0-th SVM_AE的BA值 ：-11.402028
0-th SVM_BET的BA值：-11.355790
0-th SVM_ECFP的BA值 ：-11.060279
0-th SVM_AE_BET的BA值：-11.289040
0-th SVM_AE_ECFP的BA值    ：-10.981948
0-th SVM_BET_ECFP的BA值    ：-10.940543
0-th SVM_AE_BET_ECFP的BA值    ：-11.027383
total time: 0.00480344745847914 h
