size of data: (217,)
size of train size: 173
SVM parameter
Namespace(dataset='CHEMBL4767', C=10, kernel='rbf', gamma='scale', random_seed=0)
fold= 1
>>>>>>>>>>>>>training.............
###############################################SVM#####################################################
SVM_BET的BA值：-12.264690197662844
SVM_BET:RMSD: 0.849741, P: 0.750405, R^2: 0.559922
SVM_AE的BA值 ：-12.595129450449026
SVM_AE :RMSD: 0.913585, P: 0.724298, R^2: 0.491307
SVM_ECFP的BA值 ：-12.114897677467436
SVM_ECFP :RMSD: 1.142606, P: 0.571838, R^2: 0.204299
SVM_AE_BET的BA值    ：-12.429909824055935
SVM_AE_BET    :RMSD: 0.871804, P: 0.740715, R^2: 0.536772
SVM_AE_ECFP的BA值    ：-12.35501356395823
SVM_AE_ECFP    :RMSD: 0.962464, P: 0.683702, R^2: 0.435419
SVM_BET_ECFP的BA值    ：-12.18979393756514
SVM_BET_ECFP    :RMSD: 0.937580, P: 0.694371, R^2: 0.464236
SVM_AE_BET_ECFP的BA值    ：-12.324905775193102
SVM_AE_BET_ECFP    :RMSD: 0.906734, P: 0.715945, R^2: 0.498909
fold= 2
>>>>>>>>>>>>>training.............
###############################################SVM#####################################################
SVM_BET的BA值：-11.96169267175414
SVM_BET:RMSD: 1.040107, P: 0.754283, R^2: 0.486039
SVM_AE的BA值 ：-11.71379125029041
SVM_AE :RMSD: 1.131321, P: 0.720522, R^2: 0.391942
SVM_ECFP的BA值 ：-11.86012228332927
SVM_ECFP :RMSD: 1.158565, P: 0.637663, R^2: 0.362303
SVM_AE_BET的BA值    ：-11.837741961022274
SVM_AE_BET    :RMSD: 1.055565, P: 0.753080, R^2: 0.470650
SVM_AE_ECFP的BA值    ：-11.639373081626399
SVM_AE_ECFP    :RMSD: 1.072657, P: 0.721468, R^2: 0.453368
SVM_BET_ECFP的BA值    ：-11.850800113788512
SVM_BET_ECFP    :RMSD: 1.026509, P: 0.741099, R^2: 0.499391
SVM_AE_BET_ECFP的BA值    ：-11.706741369166851
SVM_AE_BET_ECFP    :RMSD: 1.031188, P: 0.749912, R^2: 0.494817
fold= 3
>>>>>>>>>>>>>training.............
###############################################SVM#####################################################
SVM_BET的BA值：-12.579415338455945
SVM_BET:RMSD: 1.203884, P: 0.706648, R^2: 0.470815
SVM_AE的BA值 ：-12.954037606314815
SVM_AE :RMSD: 1.044546, P: 0.778619, R^2: 0.601623
SVM_ECFP的BA值 ：-12.754190280590537
SVM_ECFP :RMSD: 1.154421, P: 0.773065, R^2: 0.513405
SVM_AE_BET的BA值    ：-12.766726472385379
SVM_AE_BET    :RMSD: 1.101362, P: 0.756098, R^2: 0.557107
SVM_AE_ECFP的BA值    ：-12.854113943452676
SVM_AE_ECFP    :RMSD: 1.029920, P: 0.806845, R^2: 0.612702
SVM_BET_ECFP的BA值    ：-12.66680280952324
SVM_BET_ECFP    :RMSD: 1.134844, P: 0.766257, R^2: 0.529769
SVM_AE_BET_ECFP的BA值    ：-12.762547741787097
SVM_AE_BET_ECFP    :RMSD: 1.073588, P: 0.784420, R^2: 0.579163
fold= 4
>>>>>>>>>>>>>training.............
###############################################SVM#####################################################
SVM_BET的BA值：-11.852324064911317
SVM_BET:RMSD: 1.094814, P: 0.562240, R^2: 0.263221
SVM_AE的BA值 ：-12.079075566360675
SVM_AE :RMSD: 1.076558, P: 0.560370, R^2: 0.287588
SVM_ECFP的BA值 ：-12.37208272544078
SVM_ECFP :RMSD: 0.991942, P: 0.700472, R^2: 0.395176
SVM_AE_BET的BA值    ：-11.965699815635997
SVM_AE_BET    :RMSD: 1.065677, P: 0.574272, R^2: 0.301915
SVM_AE_ECFP的BA值    ：-12.225579145900728
SVM_AE_ECFP    :RMSD: 0.975143, P: 0.666967, R^2: 0.415488
SVM_BET_ECFP的BA值    ：-12.11220339517605
SVM_BET_ECFP    :RMSD: 0.965091, P: 0.677474, R^2: 0.427477
SVM_AE_BET_ECFP的BA值    ：-12.101160785570926
SVM_AE_BET_ECFP    :RMSD: 0.984905, P: 0.650189, R^2: 0.403726
fold= 5
>>>>>>>>>>>>>training.............
###############################################SVM#####################################################
SVM_BET的BA值：-12.537991023529425
SVM_BET:RMSD: 1.049920, P: 0.828973, R^2: 0.657577
SVM_AE的BA值 ：-12.997325757499562
SVM_AE :RMSD: 0.959224, P: 0.868675, R^2: 0.714181
SVM_ECFP的BA值 ：-11.552062546096428
SVM_ECFP :RMSD: 1.287824, P: 0.741376, R^2: 0.484815
SVM_AE_BET的BA值    ：-12.767658390514494
SVM_AE_BET    :RMSD: 0.993473, P: 0.855059, R^2: 0.693407
SVM_AE_ECFP的BA值    ：-12.266869990474987
SVM_AE_ECFP    :RMSD: 1.078950, P: 0.840052, R^2: 0.638380
SVM_BET_ECFP的BA值    ：-12.03720262348992
SVM_BET_ECFP    :RMSD: 1.124649, P: 0.815393, R^2: 0.607098
SVM_AE_BET_ECFP的BA值    ：-12.357243668159802
SVM_AE_BET_ECFP    :RMSD: 1.053191, P: 0.844559, R^2: 0.655441
fold= 6
>>>>>>>>>>>>>training.............
###############################################SVM#####################################################
SVM_BET的BA值：-11.597350139659003
SVM_BET:RMSD: 1.136172, P: 0.607912, R^2: 0.361613
SVM_AE的BA值 ：-11.491384411010262
SVM_AE :RMSD: 1.156400, P: 0.602131, R^2: 0.338680
SVM_ECFP的BA值 ：-12.37821348150493
SVM_ECFP :RMSD: 1.168933, P: 0.693135, R^2: 0.324267
SVM_AE_BET的BA值    ：-11.436386600731517
SVM_AE_BET    :RMSD: 1.123399, P: 0.624899, R^2: 0.375886
SVM_AE_ECFP的BA值    ：-11.496951286696882
SVM_AE_ECFP    :RMSD: 1.074108, P: 0.718422, R^2: 0.429453
SVM_BET_ECFP的BA值    ：-11.544091845709875
SVM_BET_ECFP    :RMSD: 1.073171, P: 0.705088, R^2: 0.430448
SVM_AE_BET_ECFP的BA值    ：-11.454535584407926
SVM_AE_BET_ECFP    :RMSD: 1.068497, P: 0.701127, R^2: 0.435398
fold= 7
>>>>>>>>>>>>>training.............
###############################################SVM#####################################################
SVM_BET的BA值：-11.456705843341773
SVM_BET:RMSD: 1.297076, P: 0.782098, R^2: 0.498201
SVM_AE的BA值 ：-12.152421343705182
SVM_AE :RMSD: 1.193025, P: 0.807011, R^2: 0.575481
SVM_ECFP的BA值 ：-11.501374261327346
SVM_ECFP :RMSD: 1.495436, P: 0.640413, R^2: 0.332987
SVM_AE_BET的BA值    ：-11.757845314262509
SVM_AE_BET    :RMSD: 1.229281, P: 0.808542, R^2: 0.549286
SVM_AE_ECFP的BA值    ：-11.628285592274086
SVM_AE_ECFP    :RMSD: 1.308809, P: 0.774756, R^2: 0.489082
SVM_BET_ECFP的BA值    ：-11.233709562831411
SVM_BET_ECFP    :RMSD: 1.367328, P: 0.755651, R^2: 0.442372
SVM_AE_BET_ECFP的BA值    ：-11.539946823122667
SVM_AE_BET_ECFP    :RMSD: 1.292403, P: 0.791410, R^2: 0.501811
fold= 8
>>>>>>>>>>>>>training.............
###############################################SVM#####################################################
SVM_BET的BA值：-11.434551752233984
SVM_BET:RMSD: 1.137700, P: 0.628973, R^2: 0.292465
SVM_AE的BA值 ：-11.025010446137411
SVM_AE :RMSD: 1.113041, P: 0.614150, R^2: 0.322802
SVM_ECFP的BA值 ：-11.740945036720735
SVM_ECFP :RMSD: 1.226819, P: 0.683185, R^2: 0.177277
SVM_AE_BET的BA值    ：-11.184865106219837
SVM_AE_BET    :RMSD: 1.110649, P: 0.631355, R^2: 0.325710
SVM_AE_ECFP的BA值    ：-11.102173852048328
SVM_AE_ECFP    :RMSD: 1.107901, P: 0.685474, R^2: 0.329043
SVM_BET_ECFP的BA值    ：-11.279997340748192
SVM_BET_ECFP    :RMSD: 1.128644, P: 0.690633, R^2: 0.303684
SVM_AE_BET_ECFP的BA值    ：-11.119765975391125
SVM_AE_BET_ECFP    :RMSD: 1.100554, P: 0.678311, R^2: 0.337912
fold= 9
>>>>>>>>>>>>>training.............
###############################################SVM#####################################################
SVM_BET的BA值：-12.524395592873896
SVM_BET:RMSD: 1.050972, P: 0.850713, R^2: 0.690281
SVM_AE的BA值 ：-12.383792001305974
SVM_AE :RMSD: 1.002373, P: 0.855174, R^2: 0.718263
SVM_ECFP的BA值 ：-11.664079221839359
SVM_ECFP :RMSD: 1.241644, P: 0.770690, R^2: 0.567705
SVM_AE_BET的BA值    ：-12.454093797089936
SVM_AE_BET    :RMSD: 1.009680, P: 0.860272, R^2: 0.714140
SVM_AE_ECFP的BA值    ：-12.011661177981022
SVM_AE_ECFP    :RMSD: 1.077346, P: 0.838909, R^2: 0.674541
SVM_BET_ECFP的BA值    ：-12.081962973764982
SVM_BET_ECFP    :RMSD: 1.083300, P: 0.850090, R^2: 0.670934
SVM_AE_BET_ECFP的BA值    ：-12.182572649611979
SVM_AE_BET_ECFP    :RMSD: 1.041564, P: 0.856920, R^2: 0.695801
fold= 10
>>>>>>>>>>>>>training.............
###############################################SVM#####################################################
SVM_BET的BA值：-11.807305400730474
SVM_BET:RMSD: 1.270239, P: 0.738774, R^2: 0.519825
SVM_AE的BA值 ：-12.777917697659554
SVM_AE :RMSD: 1.254617, P: 0.738475, R^2: 0.531564
SVM_ECFP的BA值 ：-11.383597312631395
SVM_ECFP :RMSD: 1.427243, P: 0.695297, R^2: 0.393789
SVM_AE_BET的BA值    ：-12.292611549195014
SVM_AE_BET    :RMSD: 1.246940, P: 0.749360, R^2: 0.537279
SVM_AE_ECFP的BA值    ：-11.666323759114805
SVM_AE_ECFP    :RMSD: 1.286359, P: 0.764599, R^2: 0.507561
SVM_BET_ECFP的BA值    ：-11.32759655140958
SVM_BET_ECFP    :RMSD: 1.318311, P: 0.745848, R^2: 0.482793
SVM_AE_BET_ECFP的BA值    ：-11.713317639653361
SVM_AE_BET_ECFP    :RMSD: 1.272159, P: 0.761385, R^2: 0.518372
@@@@@@@@@@@@@@@@@@@@@@@@@@@@@@@@@@@@@@@@@@@最终结果@@@@@@@@@@@@@@@@@@@@@@@@@@@@@@@@@@@@@@@@@@@@@@@@@@
@@@@@@@@@@@@@@@@@@@@@@@@@@@@@@@@@@@@@@@@@@@最终结果@@@@@@@@@@@@@@@@@@@@@@@@@@@@@@@@@@@@@@@@@@@@@@@@@@
%%%%%%%%%%%%%%%%%%%%%%%%%%%%%%%%%%%%%%%%%%%SVM%%%%%%%%%%%%%%%%%%%%%%%%%%%%%%%%%%%%%%%%%%%%%%%%%%%%%%
SVM_BET:0-th Final RMSD: 1.119300, Final P: 0.724522, Final R^2: 0.523028
SVM_AE :0-th Final RMSD: 1.088623, Final P: 0.741164, Final R^2: 0.548815
SVM_ECFP :0-th Final RMSD: 1.236400, Final P: 0.664707, Final R^2: 0.418007
SVM_AE_BET    :0-th Final RMSD: 1.085286, Final P: 0.744717, Final R^2: 0.551577
SVM_AE_ECFP    :0-th Final RMSD: 1.102001, Final P: 0.743638, Final R^2: 0.537658
SVM_BET_ECFP    :0-th Final RMSD: 1.122726, Final P: 0.733153, Final R^2: 0.520104
SVM_AE_BET_ECFP    :0-th Final RMSD: 1.087527, Final P: 0.750747, Final R^2: 0.549723
0-th SVM_AE的BA值 ：-12.997326
0-th SVM_BET的BA值：-12.579415
0-th SVM_ECFP的BA值 ：-12.754190
0-th SVM_AE_BET的BA值：-12.767658
0-th SVM_AE_ECFP的BA值    ：-12.854114
0-th SVM_BET_ECFP的BA值    ：-12.666803
0-th SVM_AE_BET_ECFP的BA值    ：-12.762548
total time: 0.001861573060353597 h
