size of data: (468,)
size of train size: 374
SVM parameter
Namespace(dataset='CHEMBL4607', C=10, kernel='rbf', gamma='scale', random_seed=0)
fold= 1
>>>>>>>>>>>>>training.............
###############################################SVM#####################################################
SVM_BET的BA值：-12.73723277848991
SVM_BET:RMSD: 1.015984, P: 0.718174, R^2: 0.490095
SVM_AE的BA值 ：-13.088588972016337
SVM_AE :RMSD: 1.029199, P: 0.708301, R^2: 0.476744
SVM_ECFP的BA值 ：-12.80029558447156
SVM_ECFP :RMSD: 1.180681, P: 0.616385, R^2: 0.311377
SVM_AE_BET的BA值    ：-12.724498492144985
SVM_AE_BET    :RMSD: 0.996093, P: 0.725791, R^2: 0.509864
SVM_AE_ECFP的BA值    ：-12.576842814453235
SVM_AE_ECFP    :RMSD: 1.071452, P: 0.678884, R^2: 0.432898
SVM_BET_ECFP的BA值    ：-12.596772621791935
SVM_BET_ECFP    :RMSD: 1.067365, P: 0.683855, R^2: 0.437215
SVM_AE_BET_ECFP的BA值    ：-12.532164447036083
SVM_AE_BET_ECFP    :RMSD: 1.034539, P: 0.701551, R^2: 0.471299
fold= 2
>>>>>>>>>>>>>training.............
###############################################SVM#####################################################
SVM_BET的BA值：-12.88167571011968
SVM_BET:RMSD: 1.168149, P: 0.738421, R^2: 0.517624
SVM_AE的BA值 ：-12.608034770282902
SVM_AE :RMSD: 1.062840, P: 0.782810, R^2: 0.600676
SVM_ECFP的BA值 ：-13.394122587679744
SVM_ECFP :RMSD: 1.346778, P: 0.657326, R^2: 0.358818
SVM_AE_BET的BA值    ：-12.628341507136723
SVM_AE_BET    :RMSD: 1.098275, P: 0.770794, R^2: 0.573606
SVM_AE_ECFP的BA值    ：-12.791463623065152
SVM_AE_ECFP    :RMSD: 1.169232, P: 0.741409, R^2: 0.516729
SVM_BET_ECFP的BA值    ：-13.137899148899713
SVM_BET_ECFP    :RMSD: 1.232326, P: 0.712954, R^2: 0.463166
SVM_AE_BET_ECFP的BA值    ：-12.743858496706949
SVM_AE_BET_ECFP    :RMSD: 1.157571, P: 0.747297, R^2: 0.526321
fold= 3
>>>>>>>>>>>>>training.............
###############################################SVM#####################################################
SVM_BET的BA值：-12.578563136147991
SVM_BET:RMSD: 0.922454, P: 0.806565, R^2: 0.607835
SVM_AE的BA值 ：-12.71676681374059
SVM_AE :RMSD: 0.874912, P: 0.811135, R^2: 0.647216
SVM_ECFP的BA值 ：-13.24459711213481
SVM_ECFP :RMSD: 1.076504, P: 0.691750, R^2: 0.465914
SVM_AE_BET的BA值    ：-12.474035684489895
SVM_AE_BET    :RMSD: 0.843502, P: 0.831000, R^2: 0.672092
SVM_AE_ECFP的BA值    ：-12.9806819629377
SVM_AE_ECFP    :RMSD: 0.905777, P: 0.792337, R^2: 0.621887
SVM_BET_ECFP的BA值    ：-12.453026687386576
SVM_BET_ECFP    :RMSD: 0.920959, P: 0.789968, R^2: 0.609105
SVM_AE_BET_ECFP的BA值    ：-12.429021268525842
SVM_AE_BET_ECFP    :RMSD: 0.865712, P: 0.816430, R^2: 0.654596
fold= 4
>>>>>>>>>>>>>training.............
###############################################SVM#####################################################
SVM_BET的BA值：-12.726369909510069
SVM_BET:RMSD: 0.859738, P: 0.805083, R^2: 0.620290
SVM_AE的BA值 ：-12.687254863204783
SVM_AE :RMSD: 0.739038, P: 0.855944, R^2: 0.719423
SVM_ECFP的BA值 ：-13.165829165259446
SVM_ECFP :RMSD: 0.855359, P: 0.791739, R^2: 0.624148
SVM_AE_BET的BA值    ：-12.706812386357427
SVM_AE_BET    :RMSD: 0.779110, P: 0.840679, R^2: 0.688170
SVM_AE_ECFP的BA值    ：-12.71005949394134
SVM_AE_ECFP    :RMSD: 0.736423, P: 0.854411, R^2: 0.721405
SVM_BET_ECFP的BA值    ：-12.729617017093982
SVM_BET_ECFP    :RMSD: 0.810779, P: 0.820315, R^2: 0.662305
SVM_AE_BET_ECFP的BA值    ：-12.715496299130917
SVM_AE_BET_ECFP    :RMSD: 0.760833, P: 0.845375, R^2: 0.702629
fold= 5
>>>>>>>>>>>>>training.............
###############################################SVM#####################################################
SVM_BET的BA值：-12.351614302183808
SVM_BET:RMSD: 1.093604, P: 0.724109, R^2: 0.502669
SVM_AE的BA值 ：-12.989591721169877
SVM_AE :RMSD: 1.022744, P: 0.766108, R^2: 0.565029
SVM_ECFP的BA值 ：-12.607270145425867
SVM_ECFP :RMSD: 1.200068, P: 0.689335, R^2: 0.401123
SVM_AE_BET的BA值    ：-12.574791113576607
SVM_AE_BET    :RMSD: 1.033754, P: 0.760878, R^2: 0.555614
SVM_AE_ECFP的BA值    ：-12.75011361259947
SVM_AE_ECFP    :RMSD: 1.063950, P: 0.758632, R^2: 0.529274
SVM_BET_ECFP的BA值    ：-12.443617042201765
SVM_BET_ECFP    :RMSD: 1.112995, P: 0.727663, R^2: 0.484875
SVM_AE_BET_ECFP的BA值    ：-12.55340591039409
SVM_AE_BET_ECFP    :RMSD: 1.058061, P: 0.757052, R^2: 0.534470
fold= 6
>>>>>>>>>>>>>training.............
###############################################SVM#####################################################
SVM_BET的BA值：-12.757527749737049
SVM_BET:RMSD: 0.818867, P: 0.819547, R^2: 0.656484
SVM_AE的BA值 ：-12.667676012950624
SVM_AE :RMSD: 0.854847, P: 0.793318, R^2: 0.625634
SVM_ECFP的BA值 ：-12.7046404458701
SVM_ECFP :RMSD: 1.004681, P: 0.726405, R^2: 0.482898
SVM_AE_BET的BA值    ：-12.42708903937067
SVM_AE_BET    :RMSD: 0.812770, P: 0.816983, R^2: 0.661581
SVM_AE_ECFP的BA值    ：-12.374491422769594
SVM_AE_ECFP    :RMSD: 0.865455, P: 0.792742, R^2: 0.616285
SVM_BET_ECFP的BA值    ：-12.731084097803574
SVM_BET_ECFP    :RMSD: 0.867469, P: 0.798610, R^2: 0.614497
SVM_AE_BET_ECFP的BA值    ：-12.502170198425413
SVM_AE_BET_ECFP    :RMSD: 0.832516, P: 0.810608, R^2: 0.644937
fold= 7
>>>>>>>>>>>>>training.............
###############################################SVM#####################################################
SVM_BET的BA值：-12.58852451092492
SVM_BET:RMSD: 1.111792, P: 0.683383, R^2: 0.465933
SVM_AE的BA值 ：-12.41103560758601
SVM_AE :RMSD: 1.179160, P: 0.634823, R^2: 0.399249
SVM_ECFP的BA值 ：-12.61110817565794
SVM_ECFP :RMSD: 1.049875, P: 0.727897, R^2: 0.523762
SVM_AE_BET的BA值    ：-12.429311706163169
SVM_AE_BET    :RMSD: 1.123307, P: 0.674600, R^2: 0.454813
SVM_AE_ECFP的BA值    ：-12.412276456975182
SVM_AE_ECFP    :RMSD: 1.054407, P: 0.725608, R^2: 0.519642
SVM_BET_ECFP的BA值    ：-12.59981634329143
SVM_BET_ECFP    :RMSD: 1.035212, P: 0.736314, R^2: 0.536972
SVM_AE_BET_ECFP的BA值    ：-12.424046906230231
SVM_AE_BET_ECFP    :RMSD: 1.056845, P: 0.722240, R^2: 0.517418
fold= 8
>>>>>>>>>>>>>training.............
###############################################SVM#####################################################
SVM_BET的BA值：-12.62754829416877
SVM_BET:RMSD: 0.853968, P: 0.801681, R^2: 0.629480
SVM_AE的BA值 ：-12.680499605401149
SVM_AE :RMSD: 0.872392, P: 0.793767, R^2: 0.613320
SVM_ECFP的BA值 ：-13.378076734797133
SVM_ECFP :RMSD: 0.951766, P: 0.745642, R^2: 0.539755
SVM_AE_BET的BA值    ：-12.608330156695711
SVM_AE_BET    :RMSD: 0.830539, P: 0.817156, R^2: 0.649532
SVM_AE_ECFP的BA值    ：-12.983594377009894
SVM_AE_ECFP    :RMSD: 0.864645, P: 0.792175, R^2: 0.620157
SVM_BET_ECFP的BA值    ：-13.002812514482951
SVM_BET_ECFP    :RMSD: 0.858599, P: 0.795381, R^2: 0.625451
SVM_AE_BET_ECFP的BA值    ：-12.864912349396185
SVM_AE_BET_ECFP    :RMSD: 0.836806, P: 0.809271, R^2: 0.644222
fold= 9
>>>>>>>>>>>>>training.............
###############################################SVM#####################################################
SVM_BET的BA值：-12.837020593733158
SVM_BET:RMSD: 0.837548, P: 0.843710, R^2: 0.706228
SVM_AE的BA值 ：-12.49466699132887
SVM_AE :RMSD: 0.785384, P: 0.871485, R^2: 0.741682
SVM_ECFP的BA值 ：-12.74743679025762
SVM_ECFP :RMSD: 0.772486, P: 0.867024, R^2: 0.750097
SVM_AE_BET的BA值    ：-12.646930219712043
SVM_AE_BET    :RMSD: 0.793557, P: 0.864223, R^2: 0.736278
SVM_AE_ECFP的BA值    ：-12.621051890793245
SVM_AE_ECFP    :RMSD: 0.727678, P: 0.887342, R^2: 0.778247
SVM_BET_ECFP的BA值    ：-12.72749102672747
SVM_BET_ECFP    :RMSD: 0.754596, P: 0.874967, R^2: 0.761538
SVM_AE_BET_ECFP的BA值    ：-12.649883014927937
SVM_AE_BET_ECFP    :RMSD: 0.745327, P: 0.880390, R^2: 0.767360
fold= 10
>>>>>>>>>>>>>training.............
###############################################SVM#####################################################
SVM_BET的BA值：-13.105367771253894
SVM_BET:RMSD: 1.343708, P: 0.684799, R^2: 0.437602
SVM_AE的BA值 ：-12.756968485346107
SVM_AE :RMSD: 1.405571, P: 0.649529, R^2: 0.384625
SVM_ECFP的BA值 ：-13.518243259035664
SVM_ECFP :RMSD: 1.316073, P: 0.704578, R^2: 0.460497
SVM_AE_BET的BA值    ：-12.76682379513687
SVM_AE_BET    :RMSD: 1.357585, P: 0.676172, R^2: 0.425925
SVM_AE_ECFP的BA值    ：-12.76660772106119
SVM_AE_ECFP    :RMSD: 1.327021, P: 0.695934, R^2: 0.451483
SVM_BET_ECFP的BA值    ：-13.31180551514478
SVM_BET_ECFP    :RMSD: 1.302592, P: 0.712120, R^2: 0.471493
SVM_AE_BET_ECFP的BA值    ：-12.879527737792094
SVM_AE_BET_ECFP    :RMSD: 1.320347, P: 0.699842, R^2: 0.456987
@@@@@@@@@@@@@@@@@@@@@@@@@@@@@@@@@@@@@@@@@@@最终结果@@@@@@@@@@@@@@@@@@@@@@@@@@@@@@@@@@@@@@@@@@@@@@@@@@
@@@@@@@@@@@@@@@@@@@@@@@@@@@@@@@@@@@@@@@@@@@最终结果@@@@@@@@@@@@@@@@@@@@@@@@@@@@@@@@@@@@@@@@@@@@@@@@@@
%%%%%%%%%%%%%%%%%%%%%%%%%%%%%%%%%%%%%%%%%%%SVM%%%%%%%%%%%%%%%%%%%%%%%%%%%%%%%%%%%%%%%%%%%%%%%%%%%%%%
SVM_BET:0-th Final RMSD: 1.015693, Final P: 0.751027, Final R^2: 0.562215
SVM_AE :0-th Final RMSD: 1.000434, Final P: 0.758992, Final R^2: 0.575270
SVM_ECFP :0-th Final RMSD: 1.090219, Final P: 0.712206, Final R^2: 0.495613
SVM_AE_BET    :0-th Final RMSD: 0.982804, Final P: 0.768277, Final R^2: 0.590107
SVM_AE_ECFP    :0-th Final RMSD: 0.995096, Final P: 0.763101, Final R^2: 0.579790
SVM_BET_ECFP    :0-th Final RMSD: 1.011187, Final P: 0.754377, Final R^2: 0.566090
SVM_AE_BET_ECFP    :0-th Final RMSD: 0.982819, Final P: 0.769275, Final R^2: 0.590095
0-th SVM_AE的BA值 ：-13.088589
0-th SVM_BET的BA值：-13.105368
0-th SVM_ECFP的BA值 ：-13.518243
0-th SVM_AE_BET的BA值：-12.766824
0-th SVM_AE_ECFP的BA值    ：-12.983594
0-th SVM_BET_ECFP的BA值    ：-13.311806
0-th SVM_AE_BET_ECFP的BA值    ：-12.879528
total time: 0.0051566323969099255 h
