size of data: (149,)
size of train size: 119
SVM parameter
Namespace(dataset='CHEMBL2073', C=10, kernel='rbf', gamma='scale', random_seed=0)
fold= 1
>>>>>>>>>>>>>training.............
###############################################SVM#####################################################
SVM_BET的BA值：-11.815776025542727
SVM_BET:RMSD: 1.007494, P: 0.877833, R^2: 0.722798
SVM_AE的BA值 ：-12.357106678605902
SVM_AE :RMSD: 1.036780, P: 0.852820, R^2: 0.706448
SVM_ECFP的BA值 ：-11.911325753277497
SVM_ECFP :RMSD: 1.258721, P: 0.826497, R^2: 0.567317
SVM_AE_BET的BA值    ：-12.013059051745694
SVM_AE_BET    :RMSD: 1.000403, P: 0.875439, R^2: 0.726686
SVM_AE_ECFP的BA值    ：-12.134216215941699
SVM_AE_ECFP    :RMSD: 1.058012, P: 0.865664, R^2: 0.694302
SVM_BET_ECFP的BA值    ：-11.790168589081492
SVM_BET_ECFP    :RMSD: 1.059029, P: 0.873517, R^2: 0.693714
SVM_AE_BET_ECFP的BA值    ：-11.979147952256296
SVM_AE_BET_ECFP    :RMSD: 1.016126, P: 0.878811, R^2: 0.718028
fold= 2
>>>>>>>>>>>>>training.............
###############################################SVM#####################################################
SVM_BET的BA值：-11.48278970844915
SVM_BET:RMSD: 1.241890, P: 0.674855, R^2: 0.409363
SVM_AE的BA值 ：-11.551272292852488
SVM_AE :RMSD: 1.186049, P: 0.692867, R^2: 0.461284
SVM_ECFP的BA值 ：-11.433845314402198
SVM_ECFP :RMSD: 1.456530, P: 0.676294, R^2: 0.187556
SVM_AE_BET的BA值    ：-11.51703100065082
SVM_AE_BET    :RMSD: 1.206882, P: 0.687340, R^2: 0.442193
SVM_AE_ECFP的BA值    ：-11.18334053800804
SVM_AE_ECFP    :RMSD: 1.240213, P: 0.720449, R^2: 0.410957
SVM_BET_ECFP的BA值    ：-11.149099245806372
SVM_BET_ECFP    :RMSD: 1.295053, P: 0.702900, R^2: 0.357712
SVM_AE_BET_ECFP的BA值    ：-11.283156928155078
SVM_AE_BET_ECFP    :RMSD: 1.230037, P: 0.710741, R^2: 0.420583
fold= 3
>>>>>>>>>>>>>training.............
###############################################SVM#####################################################
SVM_BET的BA值：-12.165475495531634
SVM_BET:RMSD: 0.950705, P: 0.891786, R^2: 0.775329
SVM_AE的BA值 ：-12.495960057693964
SVM_AE :RMSD: 1.012859, P: 0.869080, R^2: 0.744993
SVM_ECFP的BA值 ：-11.867785837777781
SVM_ECFP :RMSD: 1.237748, P: 0.822174, R^2: 0.619181
SVM_AE_BET的BA值    ：-12.330717776612799
SVM_AE_BET    :RMSD: 0.962200, P: 0.887511, R^2: 0.769864
SVM_AE_ECFP的BA值    ：-12.181872947735872
SVM_AE_ECFP    :RMSD: 1.094123, P: 0.856259, R^2: 0.702431
SVM_BET_ECFP的BA值    ：-12.016630666654708
SVM_BET_ECFP    :RMSD: 1.060265, P: 0.869079, R^2: 0.720563
SVM_AE_BET_ECFP的BA值    ：-12.176407130334459
SVM_AE_BET_ECFP    :RMSD: 1.028842, P: 0.874228, R^2: 0.736881
fold= 4
>>>>>>>>>>>>>training.............
###############################################SVM#####################################################
SVM_BET的BA值：-12.229356155198856
SVM_BET:RMSD: 1.265053, P: 0.792434, R^2: 0.557051
SVM_AE的BA值 ：-11.989483462771208
SVM_AE :RMSD: 1.370180, P: 0.772240, R^2: 0.480373
SVM_ECFP的BA值 ：-11.868498114964936
SVM_ECFP :RMSD: 1.230975, P: 0.788833, R^2: 0.580593
SVM_AE_BET的BA值    ：-12.109419808985031
SVM_AE_BET    :RMSD: 1.305210, P: 0.789152, R^2: 0.528483
SVM_AE_ECFP的BA值    ：-11.928990788868072
SVM_AE_ECFP    :RMSD: 1.262154, P: 0.800373, R^2: 0.559078
SVM_BET_ECFP的BA值    ：-12.048927135081897
SVM_BET_ECFP    :RMSD: 1.209743, P: 0.809292, R^2: 0.594937
SVM_AE_BET_ECFP的BA值    ：-12.029112577645
SVM_AE_BET_ECFP    :RMSD: 1.249324, P: 0.804445, R^2: 0.567997
fold= 5
>>>>>>>>>>>>>training.............
###############################################SVM#####################################################
SVM_BET的BA值：-11.379204493623105
SVM_BET:RMSD: 1.333852, P: 0.751935, R^2: 0.552396
SVM_AE的BA值 ：-11.852351097335887
SVM_AE :RMSD: 1.266550, P: 0.775531, R^2: 0.596426
SVM_ECFP的BA值 ：-11.646675234254134
SVM_ECFP :RMSD: 1.444021, P: 0.711558, R^2: 0.475403
SVM_AE_BET的BA值    ：-11.615777795479495
SVM_AE_BET    :RMSD: 1.295881, P: 0.765937, R^2: 0.577518
SVM_AE_ECFP的BA值    ：-11.749513165795012
SVM_AE_ECFP    :RMSD: 1.323471, P: 0.758205, R^2: 0.559336
SVM_BET_ECFP的BA值    ：-11.51293986393862
SVM_BET_ECFP    :RMSD: 1.362541, P: 0.743344, R^2: 0.532935
SVM_AE_BET_ECFP的BA值    ：-11.626076941737708
SVM_AE_BET_ECFP    :RMSD: 1.319978, P: 0.758729, R^2: 0.561659
fold= 6
>>>>>>>>>>>>>training.............
###############################################SVM#####################################################
SVM_BET的BA值：-11.541397222804187
SVM_BET:RMSD: 1.366989, P: 0.848478, R^2: 0.606894
SVM_AE的BA值 ：-11.317511650628003
SVM_AE :RMSD: 1.324026, P: 0.864206, R^2: 0.631216
SVM_ECFP的BA值 ：-11.47236878141535
SVM_ECFP :RMSD: 1.618232, P: 0.704400, R^2: 0.449116
SVM_AE_BET的BA值    ：-11.429454436716096
SVM_AE_BET    :RMSD: 1.330254, P: 0.870465, R^2: 0.627739
SVM_AE_ECFP的BA值    ：-11.13974217401259
SVM_AE_ECFP    :RMSD: 1.424468, P: 0.822805, R^2: 0.573141
SVM_BET_ECFP的BA值    ：-11.099621534934776
SVM_BET_ECFP    :RMSD: 1.458978, P: 0.802211, R^2: 0.552208
SVM_AE_BET_ECFP的BA值    ：-11.172251573499187
SVM_AE_BET_ECFP    :RMSD: 1.393191, P: 0.841945, R^2: 0.591681
fold= 7
>>>>>>>>>>>>>training.............
###############################################SVM#####################################################
SVM_BET的BA值：-11.858702939693815
SVM_BET:RMSD: 1.161319, P: 0.832173, R^2: 0.651456
SVM_AE的BA值 ：-12.107208832158516
SVM_AE :RMSD: 1.246107, P: 0.779806, R^2: 0.598704
SVM_ECFP的BA值 ：-11.3712667470892
SVM_ECFP :RMSD: 1.310744, P: 0.846564, R^2: 0.555993
SVM_AE_BET的BA值    ：-11.982955885926167
SVM_AE_BET    :RMSD: 1.178978, P: 0.816429, R^2: 0.640776
SVM_AE_ECFP的BA值    ：-11.739237789623857
SVM_AE_ECFP    :RMSD: 1.224449, P: 0.824985, R^2: 0.612532
SVM_BET_ECFP的BA值    ：-11.614984843391507
SVM_BET_ECFP    :RMSD: 1.198048, P: 0.847842, R^2: 0.629061
SVM_AE_BET_ECFP的BA值    ：-11.779059506313843
SVM_AE_BET_ECFP    :RMSD: 1.186912, P: 0.833456, R^2: 0.635925
fold= 8
>>>>>>>>>>>>>training.............
###############################################SVM#####################################################
SVM_BET的BA值：-12.065832846914159
SVM_BET:RMSD: 1.331847, P: 0.726863, R^2: 0.473854
SVM_AE的BA值 ：-11.880817411272279
SVM_AE :RMSD: 1.286540, P: 0.738311, R^2: 0.509042
SVM_ECFP的BA值 ：-11.669913553358445
SVM_ECFP :RMSD: 1.619458, P: 0.717142, R^2: 0.222076
SVM_AE_BET的BA值    ：-11.973325129093219
SVM_AE_BET    :RMSD: 1.271565, P: 0.758826, R^2: 0.520404
SVM_AE_ECFP的BA值    ：-11.775365482315362
SVM_AE_ECFP    :RMSD: 1.394964, P: 0.750498, R^2: 0.422804
SVM_BET_ECFP的BA值    ：-11.867873200136302
SVM_BET_ECFP    :RMSD: 1.433701, P: 0.736684, R^2: 0.390302
SVM_AE_BET_ECFP的BA值    ：-11.872187937181627
SVM_AE_BET_ECFP    :RMSD: 1.350784, P: 0.756261, R^2: 0.458785
fold= 9
>>>>>>>>>>>>>training.............
###############################################SVM#####################################################
SVM_BET的BA值：-11.864973378574128
SVM_BET:RMSD: 1.340336, P: 0.743926, R^2: 0.228206
SVM_AE的BA值 ：-11.701281453037202
SVM_AE :RMSD: 1.327914, P: 0.730134, R^2: 0.242445
SVM_ECFP的BA值 ：-11.219595889210261
SVM_ECFP :RMSD: 1.109129, P: 0.775881, R^2: 0.471508
SVM_AE_BET的BA值    ：-11.783127415805666
SVM_AE_BET    :RMSD: 1.314349, P: 0.748951, R^2: 0.257844
SVM_AE_ECFP的BA值    ：-11.460438671123732
SVM_AE_ECFP    :RMSD: 1.179648, P: 0.774442, R^2: 0.402168
SVM_BET_ECFP的BA值    ：-11.542284633892194
SVM_BET_ECFP    :RMSD: 1.210450, P: 0.766688, R^2: 0.370540
SVM_AE_BET_ECFP的BA值    ：-11.595283573607198
SVM_AE_BET_ECFP    :RMSD: 1.226878, P: 0.768319, R^2: 0.353339
fold= 10
>>>>>>>>>>>>>training.............
###############################################SVM#####################################################
SVM_BET的BA值：-11.771713660374228
SVM_BET:RMSD: 1.483217, P: 0.734726, R^2: 0.413674
SVM_AE的BA值 ：-11.879306423538171
SVM_AE :RMSD: 1.627091, P: 0.596257, R^2: 0.294408
SVM_ECFP的BA值 ：-11.394023205112065
SVM_ECFP :RMSD: 1.779264, P: 0.709574, R^2: 0.156256
SVM_AE_BET的BA值    ：-11.8255100419562
SVM_AE_BET    :RMSD: 1.546822, P: 0.670611, R^2: 0.362309
SVM_AE_ECFP的BA值    ：-11.636664814325119
SVM_AE_ECFP    :RMSD: 1.660822, P: 0.668628, R^2: 0.264850
SVM_BET_ECFP的BA值    ：-11.582868432743147
SVM_BET_ECFP    :RMSD: 1.599074, P: 0.727205, R^2: 0.318498
SVM_AE_BET_ECFP的BA值    ：-11.681681096341487
SVM_AE_BET_ECFP    :RMSD: 1.592307, P: 0.692365, R^2: 0.324254
@@@@@@@@@@@@@@@@@@@@@@@@@@@@@@@@@@@@@@@@@@@最终结果@@@@@@@@@@@@@@@@@@@@@@@@@@@@@@@@@@@@@@@@@@@@@@@@@@
@@@@@@@@@@@@@@@@@@@@@@@@@@@@@@@@@@@@@@@@@@@最终结果@@@@@@@@@@@@@@@@@@@@@@@@@@@@@@@@@@@@@@@@@@@@@@@@@@
%%%%%%%%%%%%%%%%%%%%%%%%%%%%%%%%%%%%%%%%%%%SVM%%%%%%%%%%%%%%%%%%%%%%%%%%%%%%%%%%%%%%%%%%%%%%%%%%%%%%
SVM_BET:0-th Final RMSD: 1.256457, Final P: 0.784955, Final R^2: 0.591547
SVM_AE :0-th Final RMSD: 1.276439, Final P: 0.767338, Final R^2: 0.578452
SVM_ECFP :0-th Final RMSD: 1.418335, Final P: 0.735895, Final R^2: 0.479519
SVM_AE_BET    :0-th Final RMSD: 1.249289, Final P: 0.786080, Final R^2: 0.596194
SVM_AE_ECFP    :0-th Final RMSD: 1.294265, Final P: 0.774423, Final R^2: 0.566596
SVM_BET_ECFP    :0-th Final RMSD: 1.297160, Final P: 0.777620, Final R^2: 0.564655
SVM_AE_BET_ECFP    :0-th Final RMSD: 1.267290, Final P: 0.785152, Final R^2: 0.584473
0-th SVM_AE的BA值 ：-12.495960
0-th SVM_BET的BA值：-12.229356
0-th SVM_ECFP的BA值 ：-11.911326
0-th SVM_AE_BET的BA值：-12.330718
0-th SVM_AE_ECFP的BA值    ：-12.181873
0-th SVM_BET_ECFP的BA值    ：-12.048927
0-th SVM_AE_BET_ECFP的BA值    ：-12.176407
total time: 0.0011995238065719603 h
