size of data: (547,)
size of train size: 437
SVM parameter
Namespace(dataset='CHEMBL5314', C=10, kernel='rbf', gamma='scale', random_seed=0)
fold= 1
>>>>>>>>>>>>>training.............
###############################################SVM#####################################################
SVM_BET的BA值：-11.060936635305394
SVM_BET:RMSD: 0.725714, P: 0.897501, R^2: 0.795098
SVM_AE的BA值 ：-10.854666840273758
SVM_AE :RMSD: 0.655609, P: 0.921612, R^2: 0.832774
SVM_ECFP的BA值 ：-11.597269529978274
SVM_ECFP :RMSD: 0.961537, P: 0.804038, R^2: 0.640296
SVM_AE_BET的BA值    ：-10.957801737789577
SVM_AE_BET    :RMSD: 0.665127, P: 0.918680, R^2: 0.827883
SVM_AE_ECFP的BA值    ：-11.0979759961929
SVM_AE_ECFP    :RMSD: 0.726288, P: 0.906084, R^2: 0.794774
SVM_BET_ECFP的BA值    ：-11.16069964752111
SVM_BET_ECFP    :RMSD: 0.768858, P: 0.885559, R^2: 0.770012
SVM_AE_BET_ECFP的BA值    ：-10.973360585816584
SVM_AE_BET_ECFP    :RMSD: 0.696266, P: 0.913186, R^2: 0.811390
fold= 2
>>>>>>>>>>>>>training.............
###############################################SVM#####################################################
SVM_BET的BA值：-11.870554432760684
SVM_BET:RMSD: 0.745122, P: 0.844321, R^2: 0.707243
SVM_AE的BA值 ：-11.726626295367364
SVM_AE :RMSD: 0.741054, P: 0.843262, R^2: 0.710431
SVM_ECFP的BA值 ：-11.130922927151143
SVM_ECFP :RMSD: 0.989132, P: 0.708620, R^2: 0.484105
SVM_AE_BET的BA值    ：-11.798590364064024
SVM_AE_BET    :RMSD: 0.719561, P: 0.853615, R^2: 0.726984
SVM_AE_ECFP的BA值    ：-11.428774611259254
SVM_AE_ECFP    :RMSD: 0.826524, P: 0.801208, R^2: 0.639784
SVM_BET_ECFP的BA值    ：-11.500738679955914
SVM_BET_ECFP    :RMSD: 0.824311, P: 0.805407, R^2: 0.641710
SVM_AE_BET_ECFP的BA值    ：-11.576034551759731
SVM_AE_BET_ECFP    :RMSD: 0.777378, P: 0.827536, R^2: 0.681348
fold= 3
>>>>>>>>>>>>>training.............
###############################################SVM#####################################################
SVM_BET的BA值：-11.631631447084917
SVM_BET:RMSD: 0.868289, P: 0.828412, R^2: 0.659283
SVM_AE的BA值 ：-11.123956374722225
SVM_AE :RMSD: 0.814423, P: 0.856175, R^2: 0.700245
SVM_ECFP的BA值 ：-11.296521231119959
SVM_ECFP :RMSD: 1.009966, P: 0.770201, R^2: 0.539022
SVM_AE_BET的BA值    ：-11.37779391090357
SVM_AE_BET    :RMSD: 0.821027, P: 0.853577, R^2: 0.695364
SVM_AE_ECFP的BA值    ：-11.177758326151455
SVM_AE_ECFP    :RMSD: 0.878933, P: 0.836505, R^2: 0.650877
SVM_BET_ECFP的BA值    ：-11.352415009043575
SVM_BET_ECFP    :RMSD: 0.910577, P: 0.817879, R^2: 0.625286
SVM_AE_BET_ECFP的BA值    ：-11.254608479756703
SVM_AE_BET_ECFP    :RMSD: 0.860607, P: 0.842053, R^2: 0.665285
fold= 4
>>>>>>>>>>>>>training.............
###############################################SVM#####################################################
SVM_BET的BA值：-10.81360486061242
SVM_BET:RMSD: 1.135333, P: 0.630251, R^2: 0.288487
SVM_AE的BA值 ：-11.272601915860658
SVM_AE :RMSD: 1.133844, P: 0.598235, R^2: 0.290352
SVM_ECFP的BA值 ：-10.82630773377645
SVM_ECFP :RMSD: 1.221107, P: 0.591676, R^2: 0.176916
SVM_AE_BET的BA值    ：-11.043103388236538
SVM_AE_BET    :RMSD: 1.120389, P: 0.622656, R^2: 0.307093
SVM_AE_ECFP的BA值    ：-10.917069340745035
SVM_AE_ECFP    :RMSD: 1.144965, P: 0.614394, R^2: 0.276362
SVM_BET_ECFP的BA值    ：-10.78380564186304
SVM_BET_ECFP    :RMSD: 1.150978, P: 0.631853, R^2: 0.268742
SVM_AE_BET_ECFP的BA值    ：-10.858459927521643
SVM_AE_BET_ECFP    :RMSD: 1.130299, P: 0.628400, R^2: 0.294782
fold= 5
>>>>>>>>>>>>>training.............
###############################################SVM#####################################################
SVM_BET的BA值：-11.210276406373758
SVM_BET:RMSD: 0.918195, P: 0.824571, R^2: 0.645233
SVM_AE的BA值 ：-11.50081684543978
SVM_AE :RMSD: 0.910426, P: 0.828666, R^2: 0.651211
SVM_ECFP的BA值 ：-11.520626947064482
SVM_ECFP :RMSD: 0.963433, P: 0.787289, R^2: 0.609414
SVM_AE_BET的BA值    ：-11.333596049544884
SVM_AE_BET    :RMSD: 0.899200, P: 0.833908, R^2: 0.659760
SVM_AE_ECFP的BA值    ：-11.510721896252132
SVM_AE_ECFP    :RMSD: 0.879426, P: 0.837096, R^2: 0.674559
SVM_BET_ECFP的BA值    ：-11.343501100357233
SVM_BET_ECFP    :RMSD: 0.878321, P: 0.841051, R^2: 0.675377
SVM_AE_BET_ECFP的BA值    ：-11.395939682051415
SVM_AE_BET_ECFP    :RMSD: 0.870085, P: 0.844794, R^2: 0.681436
fold= 6
>>>>>>>>>>>>>training.............
###############################################SVM#####################################################
SVM_BET的BA值：-11.68837124010151
SVM_BET:RMSD: 1.020645, P: 0.728075, R^2: 0.527235
SVM_AE的BA值 ：-11.40748857167732
SVM_AE :RMSD: 0.893546, P: 0.798958, R^2: 0.637649
SVM_ECFP的BA值 ：-11.595633024578042
SVM_ECFP :RMSD: 1.144454, P: 0.661231, R^2: 0.405581
SVM_AE_BET的BA值    ：-11.528081310620681
SVM_AE_BET    :RMSD: 0.943004, P: 0.772801, R^2: 0.596426
SVM_AE_ECFP的BA值    ：-11.169093430779016
SVM_AE_ECFP    :RMSD: 0.979845, P: 0.752923, R^2: 0.564277
SVM_BET_ECFP的BA值    ：-11.01945954826817
SVM_BET_ECFP    :RMSD: 1.045562, P: 0.712988, R^2: 0.503870
SVM_AE_BET_ECFP的BA值    ：-11.134520277133566
SVM_AE_BET_ECFP    :RMSD: 0.978678, P: 0.752303, R^2: 0.565314
fold= 7
>>>>>>>>>>>>>training.............
###############################################SVM#####################################################
SVM_BET的BA值：-11.642203621422194
SVM_BET:RMSD: 0.633075, P: 0.915728, R^2: 0.833516
SVM_AE的BA值 ：-11.298235543972451
SVM_AE :RMSD: 0.642103, P: 0.914240, R^2: 0.828733
SVM_ECFP的BA值 ：-10.89266822618955
SVM_ECFP :RMSD: 0.878894, P: 0.844174, R^2: 0.679125
SVM_AE_BET的BA值    ：-11.470219582697322
SVM_AE_BET    :RMSD: 0.619430, P: 0.920753, R^2: 0.840615
SVM_AE_ECFP的BA值    ：-10.919242112611373
SVM_AE_ECFP    :RMSD: 0.718574, P: 0.899192, R^2: 0.785511
SVM_BET_ECFP的BA值    ：-11.081290485134915
SVM_BET_ECFP    :RMSD: 0.704442, P: 0.900746, R^2: 0.793864
SVM_AE_BET_ECFP的BA值    ：-11.153605504747427
SVM_AE_BET_ECFP    :RMSD: 0.666632, P: 0.911683, R^2: 0.815398
fold= 8
>>>>>>>>>>>>>training.............
###############################################SVM#####################################################
SVM_BET的BA值：-11.01017943033532
SVM_BET:RMSD: 0.802521, P: 0.791840, R^2: 0.606417
SVM_AE的BA值 ：-10.793001680180794
SVM_AE :RMSD: 0.801972, P: 0.800175, R^2: 0.606955
SVM_ECFP的BA值 ：-11.02025697989518
SVM_ECFP :RMSD: 0.864963, P: 0.748571, R^2: 0.542787
SVM_AE_BET的BA值    ：-10.82588610931933
SVM_AE_BET    :RMSD: 0.780465, P: 0.807358, R^2: 0.627754
SVM_AE_ECFP的BA值    ：-10.83092488409926
SVM_AE_ECFP    :RMSD: 0.792764, P: 0.791880, R^2: 0.615930
SVM_BET_ECFP的BA值    ：-11.01521820511525
SVM_BET_ECFP    :RMSD: 0.795647, P: 0.787202, R^2: 0.613131
SVM_AE_BET_ECFP的BA值    ：-10.890676399511278
SVM_AE_BET_ECFP    :RMSD: 0.777979, P: 0.800893, R^2: 0.630122
fold= 9
>>>>>>>>>>>>>training.............
###############################################SVM#####################################################
SVM_BET的BA值：-11.036109568765163
SVM_BET:RMSD: 0.743332, P: 0.820528, R^2: 0.662832
SVM_AE的BA值 ：-10.63398576507975
SVM_AE :RMSD: 0.779429, P: 0.798883, R^2: 0.629289
SVM_ECFP的BA值 ：-10.897670640477411
SVM_ECFP :RMSD: 0.764366, P: 0.816728, R^2: 0.643479
SVM_AE_BET的BA值    ：-10.835047666922456
SVM_AE_BET    :RMSD: 0.743417, P: 0.821962, R^2: 0.662754
SVM_AE_ECFP的BA值    ：-10.647885876799391
SVM_AE_ECFP    :RMSD: 0.704520, P: 0.848068, R^2: 0.697122
SVM_BET_ECFP的BA值    ：-10.59345432627071
SVM_BET_ECFP    :RMSD: 0.682374, P: 0.863329, R^2: 0.715864
SVM_AE_BET_ECFP的BA值    ：-10.5892643910736
SVM_AE_BET_ECFP    :RMSD: 0.692363, P: 0.856617, R^2: 0.707484
fold= 10
>>>>>>>>>>>>>training.............
###############################################SVM#####################################################
SVM_BET的BA值：-11.707332914581734
SVM_BET:RMSD: 0.774731, P: 0.877798, R^2: 0.767658
SVM_AE的BA值 ：-11.669162830507545
SVM_AE :RMSD: 0.781738, P: 0.874480, R^2: 0.763436
SVM_ECFP的BA值 ：-11.052389020617696
SVM_ECFP :RMSD: 0.946833, P: 0.818817, R^2: 0.652966
SVM_AE_BET的BA值    ：-11.659132220709477
SVM_AE_BET    :RMSD: 0.764107, P: 0.880814, R^2: 0.773987
SVM_AE_ECFP的BA值    ：-11.359495352182485
SVM_AE_ECFP    :RMSD: 0.799447, P: 0.870384, R^2: 0.752597
SVM_BET_ECFP的BA值    ：-11.352025889144688
SVM_BET_ECFP    :RMSD: 0.805324, P: 0.868675, R^2: 0.748946
SVM_AE_BET_ECFP的BA值    ：-11.45688448734555
SVM_AE_BET_ECFP    :RMSD: 0.773036, P: 0.878471, R^2: 0.768673
@@@@@@@@@@@@@@@@@@@@@@@@@@@@@@@@@@@@@@@@@@@最终结果@@@@@@@@@@@@@@@@@@@@@@@@@@@@@@@@@@@@@@@@@@@@@@@@@@
@@@@@@@@@@@@@@@@@@@@@@@@@@@@@@@@@@@@@@@@@@@最终结果@@@@@@@@@@@@@@@@@@@@@@@@@@@@@@@@@@@@@@@@@@@@@@@@@@
%%%%%%%%%%%%%%%%%%%%%%%%%%%%%%%%%%%%%%%%%%%SVM%%%%%%%%%%%%%%%%%%%%%%%%%%%%%%%%%%%%%%%%%%%%%%%%%%%%%%
SVM_BET:0-th Final RMSD: 0.849342, Final P: 0.816315, Final R^2: 0.666047
SVM_AE :0-th Final RMSD: 0.826600, Final P: 0.827038, Final R^2: 0.683692
SVM_ECFP :0-th Final RMSD: 0.983138, Final P: 0.753489, Final R^2: 0.552545
SVM_AE_BET    :0-th Final RMSD: 0.819854, Final P: 0.830645, Final R^2: 0.688833
SVM_AE_ECFP    :0-th Final RMSD: 0.855319, Final P: 0.816826, Final R^2: 0.661330
SVM_BET_ECFP    :0-th Final RMSD: 0.868448, Final P: 0.810930, Final R^2: 0.650853
SVM_AE_BET_ECFP    :0-th Final RMSD: 0.834035, Final P: 0.826434, Final R^2: 0.677976
0-th SVM_AE的BA值 ：-11.726626
0-th SVM_BET的BA值：-11.870554
0-th SVM_ECFP的BA值 ：-11.597270
0-th SVM_AE_BET的BA值：-11.798590
0-th SVM_AE_ECFP的BA值    ：-11.510722
0-th SVM_BET_ECFP的BA值    ：-11.500739
0-th SVM_AE_BET_ECFP的BA值    ：-11.576035
total time: 0.006505314111709595 h
