size of data: (1382,)
size of train size: 1105
SVM parameter
Namespace(dataset='CHEMBL2525', C=5, kernel='rbf', gamma='scale', random_seed=0)
fold= 1
>>>>>>>>>>>>>training.............
###############################################SVM#####################################################
SVM_BET的BA值：-12.277560537712812
SVM_BET:RMSD: 0.852594, P: 0.822631, R^2: 0.668044
SVM_AE的BA值 ：-12.340891131375418
SVM_AE :RMSD: 0.884727, P: 0.809054, R^2: 0.642550
SVM_ECFP的BA值 ：-12.636829436301294
SVM_ECFP :RMSD: 0.880669, P: 0.806598, R^2: 0.645822
SVM_AE_BET的BA值    ：-12.309225834544115
SVM_AE_BET    :RMSD: 0.850140, P: 0.823264, R^2: 0.669952
SVM_AE_ECFP的BA值    ：-12.488860283838356
SVM_AE_ECFP    :RMSD: 0.841214, P: 0.823820, R^2: 0.676846
SVM_BET_ECFP的BA值    ：-12.457194987007053
SVM_BET_ECFP    :RMSD: 0.819825, P: 0.833111, R^2: 0.693070
SVM_AE_BET_ECFP的BA值    ：-12.418427035129843
SVM_AE_BET_ECFP    :RMSD: 0.824940, P: 0.831381, R^2: 0.689229
fold= 2
>>>>>>>>>>>>>training.............
###############################################SVM#####################################################
SVM_BET的BA值：-12.191261221112383
SVM_BET:RMSD: 0.883029, P: 0.818649, R^2: 0.663660
SVM_AE的BA值 ：-12.639191248002302
SVM_AE :RMSD: 0.959262, P: 0.785975, R^2: 0.603079
SVM_ECFP的BA值 ：-13.049938358317835
SVM_ECFP :RMSD: 0.941141, P: 0.805051, R^2: 0.617934
SVM_AE_BET的BA值    ：-12.415226234557341
SVM_AE_BET    :RMSD: 0.900361, P: 0.812222, R^2: 0.650327
SVM_AE_ECFP的BA值    ：-12.527953190510502
SVM_AE_ECFP    :RMSD: 0.913406, P: 0.812923, R^2: 0.640121
SVM_BET_ECFP的BA值    ：-12.511675606192776
SVM_BET_ECFP    :RMSD: 0.873683, P: 0.828876, R^2: 0.670741
SVM_AE_BET_ECFP的BA值    ：-12.34310641169624
SVM_AE_BET_ECFP    :RMSD: 0.884901, P: 0.823043, R^2: 0.662232
fold= 3
>>>>>>>>>>>>>training.............
###############################################SVM#####################################################
SVM_BET的BA值：-12.745219067932032
SVM_BET:RMSD: 0.900991, P: 0.858249, R^2: 0.723934
SVM_AE的BA值 ：-12.474477037710626
SVM_AE :RMSD: 0.915851, P: 0.856443, R^2: 0.714752
SVM_ECFP的BA值 ：-12.382832385482478
SVM_ECFP :RMSD: 1.055163, P: 0.793476, R^2: 0.621373
SVM_AE_BET的BA值    ：-12.407902626873517
SVM_AE_BET    :RMSD: 0.894378, P: 0.863712, R^2: 0.727971
SVM_AE_ECFP的BA值    ：-12.428654711596552
SVM_AE_ECFP    :RMSD: 0.947978, P: 0.845038, R^2: 0.694389
SVM_BET_ECFP的BA值    ：-12.365905469613732
SVM_BET_ECFP    :RMSD: 0.929865, P: 0.851119, R^2: 0.705956
SVM_AE_BET_ECFP的BA值    ：-12.380790461357556
SVM_AE_BET_ECFP    :RMSD: 0.912198, P: 0.859273, R^2: 0.717023
fold= 4
>>>>>>>>>>>>>training.............
###############################################SVM#####################################################
SVM_BET的BA值：-12.228774829321665
SVM_BET:RMSD: 0.915643, P: 0.812821, R^2: 0.652059
SVM_AE的BA值 ：-12.096090538476659
SVM_AE :RMSD: 0.937853, P: 0.800912, R^2: 0.634974
SVM_ECFP的BA值 ：-12.489839220269172
SVM_ECFP :RMSD: 0.879303, P: 0.825454, R^2: 0.679129
SVM_AE_BET的BA值    ：-12.1439899341988
SVM_AE_BET    :RMSD: 0.909480, P: 0.814879, R^2: 0.656727
SVM_AE_ECFP的BA值    ：-12.292964879372915
SVM_AE_ECFP    :RMSD: 0.857828, P: 0.837973, R^2: 0.694611
SVM_BET_ECFP的BA值    ：-12.340864275095056
SVM_BET_ECFP    :RMSD: 0.847221, P: 0.841691, R^2: 0.702116
SVM_AE_BET_ECFP的BA值    ：-12.259273029555592
SVM_AE_BET_ECFP    :RMSD: 0.858427, P: 0.837645, R^2: 0.694184
fold= 5
>>>>>>>>>>>>>training.............
###############################################SVM#####################################################
SVM_BET的BA值：-12.412770866551902
SVM_BET:RMSD: 1.013280, P: 0.803127, R^2: 0.641598
SVM_AE的BA值 ：-12.324256992160773
SVM_AE :RMSD: 0.989005, P: 0.812162, R^2: 0.658565
SVM_ECFP的BA值 ：-13.165885544001288
SVM_ECFP :RMSD: 1.007259, P: 0.813063, R^2: 0.645845
SVM_AE_BET的BA值    ：-12.312136699425983
SVM_AE_BET    :RMSD: 0.987307, P: 0.813139, R^2: 0.659737
SVM_AE_ECFP的BA值    ：-12.688694038150675
SVM_AE_ECFP    :RMSD: 0.963054, P: 0.825341, R^2: 0.676248
SVM_BET_ECFP的BA值    ：-12.789328205276595
SVM_BET_ECFP    :RMSD: 0.972414, P: 0.822688, R^2: 0.669924
SVM_AE_BET_ECFP的BA值    ：-12.596719647617752
SVM_AE_BET_ECFP    :RMSD: 0.964475, P: 0.824091, R^2: 0.675292
fold= 6
>>>>>>>>>>>>>training.............
###############################################SVM#####################################################
SVM_BET的BA值：-12.27200338908185
SVM_BET:RMSD: 0.996917, P: 0.798964, R^2: 0.618874
SVM_AE的BA值 ：-12.520014836560104
SVM_AE :RMSD: 1.001494, P: 0.803908, R^2: 0.615366
SVM_ECFP的BA值 ：-12.741573772226578
SVM_ECFP :RMSD: 0.978073, P: 0.819844, R^2: 0.633146
SVM_AE_BET的BA值    ：-12.221632077926772
SVM_AE_BET    :RMSD: 0.980392, P: 0.810878, R^2: 0.631404
SVM_AE_ECFP的BA值    ：-12.456417269499138
SVM_AE_ECFP    :RMSD: 0.949773, P: 0.833052, R^2: 0.654068
SVM_BET_ECFP的BA值    ：-12.506788580654213
SVM_BET_ECFP    :RMSD: 0.948608, P: 0.829762, R^2: 0.654916
SVM_AE_BET_ECFP的BA值    ：-12.394945976026706
SVM_AE_BET_ECFP    :RMSD: 0.948620, P: 0.830242, R^2: 0.654908
fold= 7
>>>>>>>>>>>>>training.............
###############################################SVM#####################################################
SVM_BET的BA值：-12.523683513756506
SVM_BET:RMSD: 0.900215, P: 0.854330, R^2: 0.726824
SVM_AE的BA值 ：-12.474892161028862
SVM_AE :RMSD: 0.871334, P: 0.864225, R^2: 0.744071
SVM_ECFP的BA值 ：-12.474566667470807
SVM_ECFP :RMSD: 0.992940, P: 0.823780, R^2: 0.667650
SVM_AE_BET的BA值    ：-12.481847340083512
SVM_AE_BET    :RMSD: 0.863195, P: 0.867752, R^2: 0.748830
SVM_AE_ECFP的BA值    ：-12.457288916940662
SVM_AE_ECFP    :RMSD: 0.883591, P: 0.864366, R^2: 0.736820
SVM_BET_ECFP的BA值    ：-12.499125090613656
SVM_BET_ECFP    :RMSD: 0.904475, P: 0.856901, R^2: 0.724233
SVM_AE_BET_ECFP的BA值    ：-12.47942044921261
SVM_AE_BET_ECFP    :RMSD: 0.870512, P: 0.868210, R^2: 0.744554
fold= 8
>>>>>>>>>>>>>training.............
###############################################SVM#####################################################
SVM_BET的BA值：-12.487636681902995
SVM_BET:RMSD: 0.909445, P: 0.819174, R^2: 0.662157
SVM_AE的BA值 ：-12.563822433056838
SVM_AE :RMSD: 0.990266, P: 0.779924, R^2: 0.599442
SVM_ECFP的BA值 ：-12.678896337256079
SVM_ECFP :RMSD: 1.012824, P: 0.766480, R^2: 0.580985
SVM_AE_BET的BA值    ：-12.525729557479917
SVM_AE_BET    :RMSD: 0.932734, P: 0.807426, R^2: 0.644633
SVM_AE_ECFP的BA值    ：-12.5996097809176
SVM_AE_ECFP    :RMSD: 0.970553, P: 0.787294, R^2: 0.615231
SVM_BET_ECFP的BA值    ：-12.51218611520099
SVM_BET_ECFP    :RMSD: 0.927286, P: 0.808420, R^2: 0.648772
SVM_AE_BET_ECFP的BA值    ：-12.52939822115294
SVM_AE_BET_ECFP    :RMSD: 0.934153, P: 0.805327, R^2: 0.643551
fold= 9
>>>>>>>>>>>>>training.............
###############################################SVM#####################################################
SVM_BET的BA值：-12.047863624396083
SVM_BET:RMSD: 0.852113, P: 0.831341, R^2: 0.688420
SVM_AE的BA值 ：-12.227482875632768
SVM_AE :RMSD: 0.878328, P: 0.822042, R^2: 0.668953
SVM_ECFP的BA值 ：-12.31355754446652
SVM_ECFP :RMSD: 0.875264, P: 0.820551, R^2: 0.671259
SVM_AE_BET的BA值    ：-11.992671631802592
SVM_AE_BET    :RMSD: 0.846658, P: 0.834684, R^2: 0.692396
SVM_AE_ECFP的BA值    ：-12.035944314451196
SVM_AE_ECFP    :RMSD: 0.824717, P: 0.844848, R^2: 0.708132
SVM_BET_ECFP的BA值    ：-12.180710584431301
SVM_BET_ECFP    :RMSD: 0.819374, P: 0.847397, R^2: 0.711902
SVM_AE_BET_ECFP的BA值    ：-12.017919731153128
SVM_AE_BET_ECFP    :RMSD: 0.817163, P: 0.848135, R^2: 0.713454
fold= 10
>>>>>>>>>>>>>training.............
###############################################SVM#####################################################
SVM_BET的BA值：-12.849397820858327
SVM_BET:RMSD: 0.789799, P: 0.860699, R^2: 0.737595
SVM_AE的BA值 ：-12.595579289527452
SVM_AE :RMSD: 0.774667, P: 0.868691, R^2: 0.747553
SVM_ECFP的BA值 ：-12.812928983522628
SVM_ECFP :RMSD: 0.849531, P: 0.836354, R^2: 0.696402
SVM_AE_BET的BA值    ：-12.72248855519289
SVM_AE_BET    :RMSD: 0.760496, P: 0.871327, R^2: 0.756705
SVM_AE_ECFP的BA值    ：-12.597352982238318
SVM_AE_ECFP    :RMSD: 0.760284, P: 0.870249, R^2: 0.756840
SVM_BET_ECFP的BA值    ：-12.724262247903756
SVM_BET_ECFP    :RMSD: 0.777510, P: 0.863927, R^2: 0.745697
SVM_AE_BET_ECFP的BA值    ：-12.681367928444987
SVM_AE_BET_ECFP    :RMSD: 0.752628, P: 0.872941, R^2: 0.761713
@@@@@@@@@@@@@@@@@@@@@@@@@@@@@@@@@@@@@@@@@@@最终结果@@@@@@@@@@@@@@@@@@@@@@@@@@@@@@@@@@@@@@@@@@@@@@@@@@
@@@@@@@@@@@@@@@@@@@@@@@@@@@@@@@@@@@@@@@@@@@最终结果@@@@@@@@@@@@@@@@@@@@@@@@@@@@@@@@@@@@@@@@@@@@@@@@@@
%%%%%%%%%%%%%%%%%%%%%%%%%%%%%%%%%%%%%%%%%%%SVM%%%%%%%%%%%%%%%%%%%%%%%%%%%%%%%%%%%%%%%%%%%%%%%%%%%%%%
SVM_BET:0-th Final RMSD: 0.903541, Final P: 0.825899, Final R^2: 0.681914
SVM_AE :0-th Final RMSD: 0.922704, Final P: 0.817608, Final R^2: 0.668278
SVM_ECFP :0-th Final RMSD: 0.949609, Final P: 0.807820, Final R^2: 0.648651
SVM_AE_BET    :0-th Final RMSD: 0.894773, Final P: 0.829597, Final R^2: 0.688057
SVM_AE_ECFP    :0-th Final RMSD: 0.893673, Final P: 0.831377, Final R^2: 0.688823
SVM_BET_ECFP    :0-th Final RMSD: 0.884094, Final P: 0.835518, Final R^2: 0.695459
SVM_AE_BET_ECFP    :0-th Final RMSD: 0.879017, Final P: 0.837234, Final R^2: 0.698946
0-th SVM_AE的BA值 ：-12.639191
0-th SVM_BET的BA值：-12.849398
0-th SVM_ECFP的BA值 ：-13.165886
0-th SVM_AE_BET的BA值：-12.722489
0-th SVM_AE_ECFP的BA值    ：-12.688694
0-th SVM_BET_ECFP的BA值    ：-12.789328
0-th SVM_AE_BET_ECFP的BA值    ：-12.681368
total time: 0.028561001088884142 h
