size of data: (798,)
size of train size: 638
SVM parameter
Namespace(dataset='CHEMBL3869', C=10, kernel='rbf', gamma='scale', random_seed=0)
fold= 1
>>>>>>>>>>>>>training.............
###############################################SVM#####################################################
SVM_BET的BA值：-12.22607538891689
SVM_BET:RMSD: 1.203821, P: 0.678315, R^2: 0.452279
SVM_AE的BA值 ：-11.908946846399983
SVM_AE :RMSD: 1.133354, P: 0.718431, R^2: 0.514526
SVM_ECFP的BA值 ：-11.172479572302121
SVM_ECFP :RMSD: 1.240157, P: 0.686924, R^2: 0.418715
SVM_AE_BET的BA值    ：-12.067511117658437
SVM_AE_BET    :RMSD: 1.146153, P: 0.710914, R^2: 0.503498
SVM_AE_ECFP的BA值    ：-11.482147923287446
SVM_AE_ECFP    :RMSD: 1.123158, P: 0.744861, R^2: 0.523221
SVM_BET_ECFP的BA值    ：-11.640712194545898
SVM_BET_ECFP    :RMSD: 1.144565, P: 0.728427, R^2: 0.504874
SVM_AE_BET_ECFP的BA值    ：-11.730123745163928
SVM_AE_BET_ECFP    :RMSD: 1.118980, P: 0.737739, R^2: 0.526761
fold= 2
>>>>>>>>>>>>>training.............
###############################################SVM#####################################################
SVM_BET的BA值：-11.45333514603124
SVM_BET:RMSD: 0.984566, P: 0.754982, R^2: 0.554034
SVM_AE的BA值 ：-11.43376546708102
SVM_AE :RMSD: 1.045832, P: 0.721468, R^2: 0.496806
SVM_ECFP的BA值 ：-11.927102679966998
SVM_ECFP :RMSD: 1.156699, P: 0.713240, R^2: 0.384465
SVM_AE_BET的BA值    ：-11.44355030655613
SVM_AE_BET    :RMSD: 0.977692, P: 0.755999, R^2: 0.560240
SVM_AE_ECFP的BA值    ：-11.433558175079714
SVM_AE_ECFP    :RMSD: 1.026447, P: 0.746454, R^2: 0.515287
SVM_BET_ECFP的BA值    ：-11.44414324314735
SVM_BET_ECFP    :RMSD: 1.006262, P: 0.761930, R^2: 0.534163
SVM_AE_BET_ECFP的BA值    ：-11.31289521999746
SVM_AE_BET_ECFP    :RMSD: 0.982461, P: 0.763580, R^2: 0.555939
fold= 3
>>>>>>>>>>>>>training.............
###############################################SVM#####################################################
SVM_BET的BA值：-12.50541723377394
SVM_BET:RMSD: 1.015484, P: 0.811845, R^2: 0.656639
SVM_AE的BA值 ：-12.283749399983753
SVM_AE :RMSD: 0.955355, P: 0.834908, R^2: 0.696097
SVM_ECFP的BA值 ：-11.845393878463966
SVM_ECFP :RMSD: 1.098128, P: 0.792204, R^2: 0.598476
SVM_AE_BET的BA值    ：-12.237631886600141
SVM_AE_BET    :RMSD: 0.948584, P: 0.836949, R^2: 0.700390
SVM_AE_ECFP的BA值    ：-11.575986677281795
SVM_AE_ECFP    :RMSD: 0.942076, P: 0.849591, R^2: 0.704487
SVM_BET_ECFP的BA值    ：-12.175405556118953
SVM_BET_ECFP    :RMSD: 0.991232, P: 0.827147, R^2: 0.672843
SVM_AE_BET_ECFP的BA值    ：-11.802922447442356
SVM_AE_BET_ECFP    :RMSD: 0.938654, P: 0.845468, R^2: 0.706630
fold= 4
>>>>>>>>>>>>>training.............
###############################################SVM#####################################################
SVM_BET的BA值：-11.343903205635133
SVM_BET:RMSD: 1.153367, P: 0.766448, R^2: 0.570672
SVM_AE的BA值 ：-11.770699810772314
SVM_AE :RMSD: 1.115445, P: 0.782515, R^2: 0.598440
SVM_ECFP的BA值 ：-11.525397781431003
SVM_ECFP :RMSD: 1.184047, P: 0.782250, R^2: 0.547528
SVM_AE_BET的BA值    ：-11.557301508203723
SVM_AE_BET    :RMSD: 1.109752, P: 0.791187, R^2: 0.602529
SVM_AE_ECFP的BA值    ：-11.629684027207944
SVM_AE_ECFP    :RMSD: 1.092753, P: 0.815141, R^2: 0.614612
SVM_BET_ECFP的BA值    ：-11.416285724639353
SVM_BET_ECFP    :RMSD: 1.104153, P: 0.812754, R^2: 0.606529
SVM_AE_BET_ECFP的BA值    ：-11.534423753350339
SVM_AE_BET_ECFP    :RMSD: 1.085398, P: 0.816429, R^2: 0.619782
fold= 5
>>>>>>>>>>>>>training.............
###############################################SVM#####################################################
SVM_BET的BA值：-11.667009025692098
SVM_BET:RMSD: 1.022707, P: 0.784414, R^2: 0.602805
SVM_AE的BA值 ：-11.598294719981553
SVM_AE :RMSD: 1.012694, P: 0.785345, R^2: 0.610545
SVM_ECFP的BA值 ：-11.798184384453235
SVM_ECFP :RMSD: 1.021947, P: 0.806674, R^2: 0.603395
SVM_AE_BET的BA值    ：-11.610537891254282
SVM_AE_BET    :RMSD: 0.992123, P: 0.794777, R^2: 0.626206
SVM_AE_ECFP的BA值    ：-11.578548916696647
SVM_AE_ECFP    :RMSD: 0.950984, P: 0.815585, R^2: 0.656563
SVM_BET_ECFP的BA值    ：-11.590792087969376
SVM_BET_ECFP    :RMSD: 0.958491, P: 0.812710, R^2: 0.651119
SVM_AE_BET_ECFP的BA值    ：-11.593292965306768
SVM_AE_BET_ECFP    :RMSD: 0.949484, P: 0.812563, R^2: 0.657645
fold= 6
>>>>>>>>>>>>>training.............
###############################################SVM#####################################################
SVM_BET的BA值：-12.626527108912558
SVM_BET:RMSD: 1.262966, P: 0.717058, R^2: 0.505209
SVM_AE的BA值 ：-12.47147743728684
SVM_AE :RMSD: 1.202812, P: 0.745002, R^2: 0.551219
SVM_ECFP的BA值 ：-12.418121558200083
SVM_ECFP :RMSD: 1.216717, P: 0.741723, R^2: 0.540783
SVM_AE_BET的BA值    ：-12.549002273099699
SVM_AE_BET    :RMSD: 1.206934, P: 0.742890, R^2: 0.548138
SVM_AE_ECFP的BA值    ：-12.44479949774346
SVM_AE_ECFP    :RMSD: 1.150882, P: 0.771607, R^2: 0.589134
SVM_BET_ECFP的BA值    ：-12.52232433355632
SVM_BET_ECFP    :RMSD: 1.180912, P: 0.755229, R^2: 0.567412
SVM_AE_BET_ECFP的BA值    ：-12.505375368133159
SVM_AE_BET_ECFP    :RMSD: 1.163369, P: 0.763408, R^2: 0.580169
fold= 7
>>>>>>>>>>>>>training.............
###############################################SVM#####################################################
SVM_BET的BA值：-12.264939606930755
SVM_BET:RMSD: 0.995008, P: 0.765770, R^2: 0.543133
SVM_AE的BA值 ：-11.380429565677447
SVM_AE :RMSD: 1.002208, P: 0.762883, R^2: 0.536496
SVM_ECFP的BA值 ：-11.403737623610319
SVM_ECFP :RMSD: 1.215730, P: 0.661977, R^2: 0.317957
SVM_AE_BET的BA值    ：-11.822684586304101
SVM_AE_BET    :RMSD: 0.966426, P: 0.778702, R^2: 0.569002
SVM_AE_ECFP的BA值    ：-11.089069489052614
SVM_AE_ECFP    :RMSD: 1.050257, P: 0.747011, R^2: 0.490987
SVM_BET_ECFP的BA值    ：-11.343407597866154
SVM_BET_ECFP    :RMSD: 1.036164, P: 0.752049, R^2: 0.504556
SVM_AE_BET_ECFP的BA值    ：-11.35574825380325
SVM_AE_BET_ECFP    :RMSD: 0.998341, P: 0.768954, R^2: 0.540066
fold= 8
>>>>>>>>>>>>>training.............
###############################################SVM#####################################################
SVM_BET的BA值：-11.007639890783087
SVM_BET:RMSD: 0.877471, P: 0.831468, R^2: 0.687041
SVM_AE的BA值 ：-11.133028741287866
SVM_AE :RMSD: 0.862806, P: 0.840778, R^2: 0.697415
SVM_ECFP的BA值 ：-11.565364055543078
SVM_ECFP :RMSD: 1.044981, P: 0.773249, R^2: 0.556148
SVM_AE_BET的BA值    ：-10.956053074194951
SVM_AE_BET    :RMSD: 0.835989, P: 0.853384, R^2: 0.715932
SVM_AE_ECFP的BA值    ：-11.106829840971033
SVM_AE_ECFP    :RMSD: 0.897379, P: 0.842982, R^2: 0.672679
SVM_BET_ECFP的BA值    ：-11.189918158465435
SVM_BET_ECFP    :RMSD: 0.898392, P: 0.837052, R^2: 0.671940
SVM_AE_BET_ECFP的BA值    ：-10.962970294715618
SVM_AE_BET_ECFP    :RMSD: 0.858857, P: 0.854237, R^2: 0.700178
fold= 9
>>>>>>>>>>>>>training.............
###############################################SVM#####################################################
SVM_BET的BA值：-12.62688497369309
SVM_BET:RMSD: 1.242624, P: 0.736029, R^2: 0.514012
SVM_AE的BA值 ：-12.500355770648056
SVM_AE :RMSD: 1.225388, P: 0.736521, R^2: 0.527400
SVM_ECFP的BA值 ：-12.012036220728216
SVM_ECFP :RMSD: 1.447322, P: 0.607095, R^2: 0.340710
SVM_AE_BET的BA值    ：-12.563620372170572
SVM_AE_BET    :RMSD: 1.206270, P: 0.747645, R^2: 0.542032
SVM_AE_ECFP的BA值    ：-12.256195995688136
SVM_AE_ECFP    :RMSD: 1.296806, P: 0.698543, R^2: 0.470707
SVM_BET_ECFP的BA值    ：-12.319460597210654
SVM_BET_ECFP    :RMSD: 1.298304, P: 0.699947, R^2: 0.469484
SVM_AE_BET_ECFP的BA值    ：-12.379758988356455
SVM_AE_BET_ECFP    :RMSD: 1.253843, P: 0.722475, R^2: 0.505197
fold= 10
>>>>>>>>>>>>>training.............
###############################################SVM#####################################################
SVM_BET的BA值：-12.478605973602656
SVM_BET:RMSD: 1.105869, P: 0.773870, R^2: 0.567633
SVM_AE的BA值 ：-12.444697899133848
SVM_AE :RMSD: 1.072061, P: 0.787496, R^2: 0.593666
SVM_ECFP的BA值 ：-11.619185108001911
SVM_ECFP :RMSD: 1.058438, P: 0.788060, R^2: 0.603927
SVM_AE_BET的BA值    ：-12.461651936368252
SVM_AE_BET    :RMSD: 1.056651, P: 0.799878, R^2: 0.605263
SVM_AE_ECFP的BA值    ：-11.947207855567555
SVM_AE_ECFP    :RMSD: 0.998057, P: 0.828208, R^2: 0.647827
SVM_BET_ECFP的BA值    ：-11.96416189280196
SVM_BET_ECFP    :RMSD: 1.017958, P: 0.816759, R^2: 0.633643
SVM_AE_BET_ECFP的BA值    ：-12.124340561579254
SVM_AE_BET_ECFP    :RMSD: 1.005702, P: 0.825716, R^2: 0.642412
@@@@@@@@@@@@@@@@@@@@@@@@@@@@@@@@@@@@@@@@@@@最终结果@@@@@@@@@@@@@@@@@@@@@@@@@@@@@@@@@@@@@@@@@@@@@@@@@@
@@@@@@@@@@@@@@@@@@@@@@@@@@@@@@@@@@@@@@@@@@@最终结果@@@@@@@@@@@@@@@@@@@@@@@@@@@@@@@@@@@@@@@@@@@@@@@@@@
%%%%%%%%%%%%%%%%%%%%%%%%%%%%%%%%%%%%%%%%%%%SVM%%%%%%%%%%%%%%%%%%%%%%%%%%%%%%%%%%%%%%%%%%%%%%%%%%%%%%
SVM_BET:0-th Final RMSD: 1.092857, Final P: 0.755053, Final R^2: 0.567652
SVM_AE :0-th Final RMSD: 1.067829, Final P: 0.766628, Final R^2: 0.587227
SVM_ECFP :0-th Final RMSD: 1.174218, Final P: 0.729314, Final R^2: 0.500881
SVM_AE_BET    :0-th Final RMSD: 1.050801, Final P: 0.774933, Final R^2: 0.600287
SVM_AE_ECFP    :0-th Final RMSD: 1.058598, Final P: 0.780220, Final R^2: 0.594334
SVM_BET_ECFP    :0-th Final RMSD: 1.069331, Final P: 0.773429, Final R^2: 0.586066
SVM_AE_BET_ECFP    :0-th Final RMSD: 1.041353, Final P: 0.784579, Final R^2: 0.607443
0-th SVM_AE的BA值 ：-12.500356
0-th SVM_BET的BA值：-12.626885
0-th SVM_ECFP的BA值 ：-12.418122
0-th SVM_AE_BET的BA值：-12.563620
0-th SVM_AE_ECFP的BA值    ：-12.444799
0-th SVM_BET_ECFP的BA值    ：-12.522324
0-th SVM_AE_BET_ECFP的BA值    ：-12.505375
total time: 0.011593361761834887 h
