size of data: (353,)
size of train size: 282
SVM parameter
Namespace(dataset='CHEMBL2593', C=10, kernel='rbf', gamma='scale', random_seed=0)
fold= 1
>>>>>>>>>>>>>training.............
###############################################SVM#####################################################
SVM_BET的BA值：-11.185128353094845
SVM_BET:RMSD: 0.800937, P: 0.818966, R^2: 0.655582
SVM_AE的BA值 ：-11.40337096897207
SVM_AE :RMSD: 0.737139, P: 0.845504, R^2: 0.708266
SVM_ECFP的BA值 ：-11.544975213475455
SVM_ECFP :RMSD: 0.767975, P: 0.836268, R^2: 0.683347
SVM_AE_BET的BA值    ：-11.294249661033458
SVM_AE_BET    :RMSD: 0.731850, P: 0.850810, R^2: 0.712437
SVM_AE_ECFP的BA值    ：-11.178073812689021
SVM_AE_ECFP    :RMSD: 0.689440, P: 0.868764, R^2: 0.744799
SVM_BET_ECFP的BA值    ：-11.320622945763127
SVM_BET_ECFP    :RMSD: 0.687007, P: 0.872069, R^2: 0.746597
SVM_AE_BET_ECFP的BA值    ：-11.150806101142948
SVM_AE_BET_ECFP    :RMSD: 0.679623, P: 0.874010, R^2: 0.752015
fold= 2
>>>>>>>>>>>>>training.............
###############################################SVM#####################################################
SVM_BET的BA值：-11.16945467553218
SVM_BET:RMSD: 0.882674, P: 0.822471, R^2: 0.671844
SVM_AE的BA值 ：-11.359787748065973
SVM_AE :RMSD: 0.843472, P: 0.836915, R^2: 0.700346
SVM_ECFP的BA值 ：-11.364743206442148
SVM_ECFP :RMSD: 0.908487, P: 0.824218, R^2: 0.652370
SVM_AE_BET的BA值    ：-11.160033687226601
SVM_AE_BET    :RMSD: 0.842592, P: 0.837521, R^2: 0.700970
SVM_AE_ECFP的BA值    ：-11.36226547725406
SVM_AE_ECFP    :RMSD: 0.824449, P: 0.848683, R^2: 0.713709
SVM_BET_ECFP的BA值    ：-11.134978796450612
SVM_BET_ECFP    :RMSD: 0.845772, P: 0.842324, R^2: 0.698709
SVM_AE_BET_ECFP的BA值    ：-11.200522406233247
SVM_AE_BET_ECFP    :RMSD: 0.823551, P: 0.847933, R^2: 0.714333
fold= 3
>>>>>>>>>>>>>training.............
###############################################SVM#####################################################
SVM_BET的BA值：-11.079369228004545
SVM_BET:RMSD: 1.026366, P: 0.704881, R^2: 0.365921
SVM_AE的BA值 ：-11.140859845819387
SVM_AE :RMSD: 0.988121, P: 0.720512, R^2: 0.412296
SVM_ECFP的BA值 ：-10.72793215698234
SVM_ECFP :RMSD: 1.310191, P: 0.547578, R^2: -0.033255
SVM_AE_BET的BA值    ：-11.110114536911965
SVM_AE_BET    :RMSD: 0.993036, P: 0.719905, R^2: 0.406434
SVM_AE_ECFP的BA值    ：-10.840703312974593
SVM_AE_ECFP    :RMSD: 1.112958, P: 0.660193, R^2: 0.254417
SVM_BET_ECFP的BA值    ：-10.809958004067173
SVM_BET_ECFP    :RMSD: 1.125275, P: 0.655291, R^2: 0.237823
SVM_AE_BET_ECFP的BA值    ：-10.920258617984578
SVM_AE_BET_ECFP    :RMSD: 1.065507, P: 0.685546, R^2: 0.316637
fold= 4
>>>>>>>>>>>>>training.............
###############################################SVM#####################################################
SVM_BET的BA值：-10.879262601769282
SVM_BET:RMSD: 0.994649, P: 0.776926, R^2: 0.572395
SVM_AE的BA值 ：-10.906124588882966
SVM_AE :RMSD: 0.840563, P: 0.847523, R^2: 0.694618
SVM_ECFP的BA值 ：-11.292178215894499
SVM_ECFP :RMSD: 0.958962, P: 0.782274, R^2: 0.602528
SVM_AE_BET的BA值    ：-10.653159394247488
SVM_AE_BET    :RMSD: 0.896444, P: 0.824451, R^2: 0.652664
SVM_AE_ECFP的BA值    ：-10.985439501602254
SVM_AE_ECFP    :RMSD: 0.821874, P: 0.844761, R^2: 0.708047
SVM_BET_ECFP的BA值    ：-10.772911569559469
SVM_BET_ECFP    :RMSD: 0.882850, P: 0.819564, R^2: 0.663118
SVM_AE_BET_ECFP的BA值    ：-10.77143550746785
SVM_AE_BET_ECFP    :RMSD: 0.844497, P: 0.838328, R^2: 0.691753
fold= 5
>>>>>>>>>>>>>training.............
###############################################SVM#####################################################
SVM_BET的BA值：-11.866842303202198
SVM_BET:RMSD: 1.154853, P: 0.674480, R^2: 0.266929
SVM_AE的BA值 ：-11.416543569216167
SVM_AE :RMSD: 0.902191, P: 0.813630, R^2: 0.552607
SVM_ECFP的BA值 ：-11.074388968719262
SVM_ECFP :RMSD: 0.856989, P: 0.794362, R^2: 0.596315
SVM_AE_BET的BA值    ：-11.641692936209182
SVM_AE_BET    :RMSD: 1.007368, P: 0.756420, R^2: 0.442212
SVM_AE_ECFP的BA值    ：-11.1663309491483
SVM_AE_ECFP    :RMSD: 0.822779, P: 0.830561, R^2: 0.627901
SVM_BET_ECFP的BA值    ：-11.391480316141315
SVM_BET_ECFP    :RMSD: 0.938926, P: 0.767535, R^2: 0.515431
SVM_AE_BET_ECFP的BA值    ：-11.399834733832932
SVM_AE_BET_ECFP    :RMSD: 0.907456, P: 0.792988, R^2: 0.547370
fold= 6
>>>>>>>>>>>>>training.............
###############################################SVM#####################################################
SVM_BET的BA值：-11.359415120120882
SVM_BET:RMSD: 1.049022, P: 0.856878, R^2: 0.650340
SVM_AE的BA值 ：-11.172582716031139
SVM_AE :RMSD: 0.961563, P: 0.873481, R^2: 0.706213
SVM_ECFP的BA值 ：-11.688862657457157
SVM_ECFP :RMSD: 1.218244, P: 0.796909, R^2: 0.528430
SVM_AE_BET的BA值    ：-11.265998918076011
SVM_AE_BET    :RMSD: 0.987085, P: 0.875451, R^2: 0.690410
SVM_AE_ECFP的BA值    ：-11.368226697265492
SVM_AE_ECFP    :RMSD: 1.034395, P: 0.861716, R^2: 0.660022
SVM_BET_ECFP的BA值    ：-11.394461717732476
SVM_BET_ECFP    :RMSD: 1.081517, P: 0.853992, R^2: 0.628341
SVM_AE_BET_ECFP的BA值    ：-11.313366902013241
SVM_AE_BET_ECFP    :RMSD: 1.019084, P: 0.871905, R^2: 0.670013
fold= 7
>>>>>>>>>>>>>training.............
###############################################SVM#####################################################
SVM_BET的BA值：-11.821660687974372
SVM_BET:RMSD: 0.788605, P: 0.882524, R^2: 0.773763
SVM_AE的BA值 ：-11.68971619332168
SVM_AE :RMSD: 0.880631, P: 0.851514, R^2: 0.717880
SVM_ECFP的BA值 ：-11.420610085991369
SVM_ECFP :RMSD: 1.079136, P: 0.796860, R^2: 0.576359
SVM_AE_BET的BA值    ：-11.755688440648026
SVM_AE_BET    :RMSD: 0.811388, P: 0.876859, R^2: 0.760502
SVM_AE_ECFP的BA值    ：-11.555163139656525
SVM_AE_ECFP    :RMSD: 0.928976, P: 0.849392, R^2: 0.686054
SVM_BET_ECFP的BA值    ：-11.621135386982871
SVM_BET_ECFP    :RMSD: 0.857645, P: 0.876040, R^2: 0.732416
SVM_AE_BET_ECFP的BA值    ：-11.643995655762474
SVM_AE_BET_ECFP    :RMSD: 0.847589, P: 0.874988, R^2: 0.738654
fold= 8
>>>>>>>>>>>>>training.............
###############################################SVM#####################################################
SVM_BET的BA值：-11.682829365111505
SVM_BET:RMSD: 1.055014, P: 0.821231, R^2: 0.640011
SVM_AE的BA值 ：-11.319984893782442
SVM_AE :RMSD: 0.854933, P: 0.898286, R^2: 0.763606
SVM_ECFP的BA值 ：-12.023439199412222
SVM_ECFP :RMSD: 1.135708, P: 0.818027, R^2: 0.582836
SVM_AE_BET的BA值    ：-11.450895278910252
SVM_AE_BET    :RMSD: 0.935210, P: 0.867580, R^2: 0.717127
SVM_AE_ECFP的BA值    ：-11.559050193459665
SVM_AE_ECFP    :RMSD: 0.967329, P: 0.876787, R^2: 0.697364
SVM_BET_ECFP的BA值    ：-11.719778274266499
SVM_BET_ECFP    :RMSD: 1.054287, P: 0.836923, R^2: 0.640507
SVM_AE_BET_ECFP的BA值    ：-11.550023933567182
SVM_AE_BET_ECFP    :RMSD: 0.974888, P: 0.865163, R^2: 0.692615
fold= 9
>>>>>>>>>>>>>training.............
###############################################SVM#####################################################
SVM_BET的BA值：-11.886686417962789
SVM_BET:RMSD: 1.134568, P: 0.689664, R^2: 0.417156
SVM_AE的BA值 ：-11.953625487633893
SVM_AE :RMSD: 1.051209, P: 0.745037, R^2: 0.499655
SVM_ECFP的BA值 ：-11.95887148163188
SVM_ECFP :RMSD: 1.260174, P: 0.565376, R^2: 0.280961
SVM_AE_BET的BA值    ：-11.920155952798341
SVM_AE_BET    :RMSD: 1.076659, P: 0.724852, R^2: 0.475135
SVM_AE_ECFP的BA值    ：-11.956248484632887
SVM_AE_ECFP    :RMSD: 1.076455, P: 0.695986, R^2: 0.475334
SVM_BET_ECFP的BA值    ：-11.922778949797333
SVM_BET_ECFP    :RMSD: 1.112317, P: 0.671339, R^2: 0.439793
SVM_AE_BET_ECFP的BA值    ：-11.933061129076187
SVM_AE_BET_ECFP    :RMSD: 1.066691, P: 0.708245, R^2: 0.484809
fold= 10
>>>>>>>>>>>>>training.............
###############################################SVM#####################################################
SVM_BET的BA值：-11.428602656168064
SVM_BET:RMSD: 0.768760, P: 0.868788, R^2: 0.754222
SVM_AE的BA值 ：-11.317297345495298
SVM_AE :RMSD: 0.811597, P: 0.852375, R^2: 0.726069
SVM_ECFP的BA值 ：-11.561457158545222
SVM_ECFP :RMSD: 0.872460, P: 0.841952, R^2: 0.683443
SVM_AE_BET的BA值    ：-11.333356946776737
SVM_AE_BET    :RMSD: 0.778553, P: 0.864909, R^2: 0.747921
SVM_AE_ECFP的BA值    ：-11.352269778941386
SVM_AE_ECFP    :RMSD: 0.802698, P: 0.858908, R^2: 0.732043
SVM_BET_ECFP的BA值    ：-11.495029907356642
SVM_BET_ECFP    :RMSD: 0.778471, P: 0.866667, R^2: 0.747974
SVM_AE_BET_ECFP的BA值    ：-11.351645475670097
SVM_AE_BET_ECFP    :RMSD: 0.775677, P: 0.866828, R^2: 0.749780
@@@@@@@@@@@@@@@@@@@@@@@@@@@@@@@@@@@@@@@@@@@最终结果@@@@@@@@@@@@@@@@@@@@@@@@@@@@@@@@@@@@@@@@@@@@@@@@@@
@@@@@@@@@@@@@@@@@@@@@@@@@@@@@@@@@@@@@@@@@@@最终结果@@@@@@@@@@@@@@@@@@@@@@@@@@@@@@@@@@@@@@@@@@@@@@@@@@
%%%%%%%%%%%%%%%%%%%%%%%%%%%%%%%%%%%%%%%%%%%SVM%%%%%%%%%%%%%%%%%%%%%%%%%%%%%%%%%%%%%%%%%%%%%%%%%%%%%%
SVM_BET:0-th Final RMSD: 0.974677, Final P: 0.782056, Final R^2: 0.610070
SVM_AE :0-th Final RMSD: 0.891186, Final P: 0.821301, Final R^2: 0.674012
SVM_ECFP :0-th Final RMSD: 1.052050, Final P: 0.757598, Final R^2: 0.545705
SVM_AE_BET    :0-th Final RMSD: 0.911879, Final P: 0.811698, Final R^2: 0.658698
SVM_AE_ECFP    :0-th Final RMSD: 0.917290, Final P: 0.814689, Final R^2: 0.654635
SVM_BET_ECFP    :0-th Final RMSD: 0.946985, Final P: 0.799874, Final R^2: 0.631912
SVM_AE_BET_ECFP    :0-th Final RMSD: 0.908471, Final P: 0.816184, Final R^2: 0.661244
0-th SVM_AE的BA值 ：-11.953625
0-th SVM_BET的BA值：-11.886686
0-th SVM_ECFP的BA值 ：-12.023439
0-th SVM_AE_BET的BA值：-11.920156
0-th SVM_AE_ECFP的BA值    ：-11.956248
0-th SVM_BET_ECFP的BA值    ：-11.922779
0-th SVM_AE_BET_ECFP的BA值    ：-11.933061
total time: 0.0034100229210323758 h
