size of data: (291,)
size of train size: 232
SVM parameter
Namespace(dataset='CHEMBL3359', C=10, kernel='rbf', gamma='scale', random_seed=0)
fold= 1
>>>>>>>>>>>>>training.............
###############################################SVM#####################################################
SVM_BET的BA值：-9.66643825757981
SVM_BET:RMSD: 0.789230, P: 0.790714, R^2: 0.470500
SVM_AE的BA值 ：-10.097166302930095
SVM_AE :RMSD: 0.762981, P: 0.802296, R^2: 0.505136
SVM_ECFP的BA值 ：-9.909865257153431
SVM_ECFP :RMSD: 0.891660, P: 0.779544, R^2: 0.324140
SVM_AE_BET的BA值    ：-9.81312951944782
SVM_AE_BET    :RMSD: 0.763508, P: 0.802137, R^2: 0.504452
SVM_AE_ECFP的BA值    ：-9.903633395344771
SVM_AE_ECFP    :RMSD: 0.772587, P: 0.814898, R^2: 0.492597
SVM_BET_ECFP的BA值    ：-9.775496431581635
SVM_BET_ECFP    :RMSD: 0.793988, P: 0.803996, R^2: 0.464097
SVM_AE_BET_ECFP的BA值    ：-9.778786508885029
SVM_AE_BET_ECFP    :RMSD: 0.763102, P: 0.812001, R^2: 0.504978
fold= 2
>>>>>>>>>>>>>training.............
###############################################SVM#####################################################
SVM_BET的BA值：-9.924596281315992
SVM_BET:RMSD: 0.546882, P: 0.961801, R^2: 0.869752
SVM_AE的BA值 ：-10.155298768773415
SVM_AE :RMSD: 0.584938, P: 0.941803, R^2: 0.850994
SVM_ECFP的BA值 ：-10.16433331397258
SVM_ECFP :RMSD: 1.025914, P: 0.822497, R^2: 0.541642
SVM_AE_BET的BA值    ：-9.965585536376395
SVM_AE_BET    :RMSD: 0.537282, P: 0.962283, R^2: 0.874285
SVM_AE_ECFP的BA值    ：-10.159816041372999
SVM_AE_ECFP    :RMSD: 0.781249, P: 0.904263, R^2: 0.734196
SVM_BET_ECFP的BA值    ：-9.970102808975978
SVM_BET_ECFP    :RMSD: 0.753217, P: 0.930909, R^2: 0.752928
SVM_AE_BET_ECFP的BA值    ：-10.031834795575124
SVM_AE_BET_ECFP    :RMSD: 0.680825, P: 0.939961, R^2: 0.798138
fold= 3
>>>>>>>>>>>>>training.............
###############################################SVM#####################################################
SVM_BET的BA值：-9.872464074281822
SVM_BET:RMSD: 0.774408, P: 0.755256, R^2: 0.543947
SVM_AE的BA值 ：-9.495604217383052
SVM_AE :RMSD: 0.783304, P: 0.735315, R^2: 0.533408
SVM_ECFP的BA值 ：-10.845376480988275
SVM_ECFP :RMSD: 0.969616, P: 0.664537, R^2: 0.285050
SVM_AE_BET的BA值    ：-9.684034145832438
SVM_AE_BET    :RMSD: 0.763273, P: 0.753790, R^2: 0.556967
SVM_AE_ECFP的BA值    ：-10.170490349185663
SVM_AE_ECFP    :RMSD: 0.808262, P: 0.732689, R^2: 0.503200
SVM_BET_ECFP的BA值    ：-10.358920277635049
SVM_BET_ECFP    :RMSD: 0.814232, P: 0.736068, R^2: 0.495835
SVM_AE_BET_ECFP的BA值    ：-10.07114825755105
SVM_AE_BET_ECFP    :RMSD: 0.777600, P: 0.748412, R^2: 0.540178
fold= 4
>>>>>>>>>>>>>training.............
###############################################SVM#####################################################
SVM_BET的BA值：-9.309532199475354
SVM_BET:RMSD: 0.766540, P: 0.796259, R^2: 0.595603
SVM_AE的BA值 ：-9.424819930172415
SVM_AE :RMSD: 0.774029, P: 0.790442, R^2: 0.587663
SVM_ECFP的BA值 ：-10.297345957454928
SVM_ECFP :RMSD: 0.886279, P: 0.787567, R^2: 0.459397
SVM_AE_BET的BA值    ：-9.281093531658987
SVM_AE_BET    :RMSD: 0.756718, P: 0.802676, R^2: 0.605901
SVM_AE_ECFP的BA值    ：-9.537664432145249
SVM_AE_ECFP    :RMSD: 0.767838, P: 0.836082, R^2: 0.594233
SVM_BET_ECFP的BA值    ：-9.41331414879944
SVM_BET_ECFP    :RMSD: 0.770661, P: 0.836217, R^2: 0.591244
SVM_AE_BET_ECFP的BA值    ：-9.330465894004908
SVM_AE_BET_ECFP    :RMSD: 0.749241, P: 0.836260, R^2: 0.613650
fold= 5
>>>>>>>>>>>>>training.............
###############################################SVM#####################################################
SVM_BET的BA值：-10.069832455373128
SVM_BET:RMSD: 1.050865, P: 0.734515, R^2: 0.487487
SVM_AE的BA值 ：-9.82007342885709
SVM_AE :RMSD: 1.149854, P: 0.660966, R^2: 0.386385
SVM_ECFP的BA值 ：-9.532161462676271
SVM_ECFP :RMSD: 1.035026, P: 0.713954, R^2: 0.502821
SVM_AE_BET的BA值    ：-9.944952942115108
SVM_AE_BET    :RMSD: 1.082205, P: 0.716468, R^2: 0.456462
SVM_AE_ECFP的BA值    ：-9.67611744576668
SVM_AE_ECFP    :RMSD: 1.058175, P: 0.714287, R^2: 0.480333
SVM_BET_ECFP的BA值    ：-9.8009969590247
SVM_BET_ECFP    :RMSD: 1.010197, P: 0.746793, R^2: 0.526388
SVM_AE_BET_ECFP的BA值    ：-9.807355782302162
SVM_AE_BET_ECFP    :RMSD: 1.040718, P: 0.733902, R^2: 0.497338
fold= 6
>>>>>>>>>>>>>training.............
###############################################SVM#####################################################
SVM_BET的BA值：-10.307738928998255
SVM_BET:RMSD: 0.679721, P: 0.868330, R^2: 0.738076
SVM_AE的BA值 ：-10.608112789830285
SVM_AE :RMSD: 0.733323, P: 0.857087, R^2: 0.695137
SVM_ECFP的BA值 ：-9.821337767240426
SVM_ECFP :RMSD: 0.926345, P: 0.760514, R^2: 0.513526
SVM_AE_BET的BA值    ：-10.45792585941427
SVM_AE_BET    :RMSD: 0.696563, P: 0.865662, R^2: 0.724935
SVM_AE_ECFP的BA值    ：-10.214725278535354
SVM_AE_ECFP    :RMSD: 0.781739, P: 0.828740, R^2: 0.653552
SVM_BET_ECFP的BA值    ：-10.06453834811934
SVM_BET_ECFP    :RMSD: 0.761416, P: 0.834307, R^2: 0.671332
SVM_AE_BET_ECFP的BA值    ：-10.245729828689655
SVM_AE_BET_ECFP    :RMSD: 0.733817, P: 0.847016, R^2: 0.694726
fold= 7
>>>>>>>>>>>>>training.............
###############################################SVM#####################################################
SVM_BET的BA值：-9.579251055138382
SVM_BET:RMSD: 1.172974, P: 0.728817, R^2: 0.515086
SVM_AE的BA值 ：-10.01072342735346
SVM_AE :RMSD: 1.050471, P: 0.812440, R^2: 0.611084
SVM_ECFP的BA值 ：-10.840936335965733
SVM_ECFP :RMSD: 1.002664, P: 0.824215, R^2: 0.645677
SVM_AE_BET的BA值    ：-9.752480454492398
SVM_AE_BET    :RMSD: 1.100100, P: 0.780735, R^2: 0.573467
SVM_AE_ECFP的BA值    ：-10.093577491449766
SVM_AE_ECFP    :RMSD: 0.996207, P: 0.838615, R^2: 0.650226
SVM_BET_ECFP的BA值    ：-10.210093695552057
SVM_BET_ECFP    :RMSD: 1.069062, P: 0.792572, R^2: 0.597195
SVM_AE_BET_ECFP的BA值    ：-9.922135346012638
SVM_AE_BET_ECFP    :RMSD: 1.048675, P: 0.809253, R^2: 0.612412
fold= 8
>>>>>>>>>>>>>training.............
###############################################SVM#####################################################
SVM_BET的BA值：-10.480479525332164
SVM_BET:RMSD: 0.880764, P: 0.859960, R^2: 0.686980
SVM_AE的BA值 ：-10.54268390217145
SVM_AE :RMSD: 0.883450, P: 0.847900, R^2: 0.685068
SVM_ECFP的BA值 ：-10.406500639844868
SVM_ECFP :RMSD: 0.906478, P: 0.827298, R^2: 0.668436
SVM_AE_BET的BA值    ：-10.511581713751807
SVM_AE_BET    :RMSD: 0.866438, P: 0.861699, R^2: 0.697080
SVM_AE_ECFP的BA值    ：-10.47459227100816
SVM_AE_ECFP    :RMSD: 0.862803, P: 0.853691, R^2: 0.699616
SVM_BET_ECFP的BA值    ：-10.443490082588516
SVM_BET_ECFP    :RMSD: 0.868554, P: 0.855153, R^2: 0.695598
SVM_AE_BET_ECFP的BA值    ：-10.476554689116162
SVM_AE_BET_ECFP    :RMSD: 0.857658, P: 0.860884, R^2: 0.703188
fold= 9
>>>>>>>>>>>>>training.............
###############################################SVM#####################################################
SVM_BET的BA值：-9.915673137674393
SVM_BET:RMSD: 0.764083, P: 0.768937, R^2: 0.587618
SVM_AE的BA值 ：-9.649334758553238
SVM_AE :RMSD: 0.738759, P: 0.784696, R^2: 0.614500
SVM_ECFP的BA值 ：-9.866601220181256
SVM_ECFP :RMSD: 0.984108, P: 0.647908, R^2: 0.315925
SVM_AE_BET的BA值    ：-9.782503948113815
SVM_AE_BET    :RMSD: 0.733701, P: 0.787729, R^2: 0.619760
SVM_AE_ECFP的BA值    ：-9.757967989367247
SVM_AE_ECFP    :RMSD: 0.804977, P: 0.750100, R^2: 0.542295
SVM_BET_ECFP的BA值    ：-9.891137178927824
SVM_BET_ECFP    :RMSD: 0.825003, P: 0.740350, R^2: 0.519238
SVM_AE_BET_ECFP的BA值    ：-9.810536372136296
SVM_AE_BET_ECFP    :RMSD: 0.772420, P: 0.768758, R^2: 0.578570
fold= 10
>>>>>>>>>>>>>training.............
###############################################SVM#####################################################
SVM_BET的BA值：-9.188941848717455
SVM_BET:RMSD: 0.780833, P: 0.794083, R^2: 0.621159
SVM_AE的BA值 ：-9.573907443894688
SVM_AE :RMSD: 0.763647, P: 0.799010, R^2: 0.637651
SVM_ECFP的BA值 ：-9.32118375664293
SVM_ECFP :RMSD: 0.921223, P: 0.729211, R^2: 0.472684
SVM_AE_BET的BA值    ：-9.381424646306073
SVM_AE_BET    :RMSD: 0.744933, P: 0.812324, R^2: 0.655193
SVM_AE_ECFP的BA值    ：-9.373881986080303
SVM_AE_ECFP    :RMSD: 0.797527, P: 0.790909, R^2: 0.604786
SVM_BET_ECFP的BA值    ：-9.170115262100824
SVM_BET_ECFP    :RMSD: 0.814377, P: 0.781722, R^2: 0.587910
SVM_AE_BET_ECFP的BA值    ：-9.296177855124219
SVM_AE_BET_ECFP    :RMSD: 0.772818, P: 0.802351, R^2: 0.628896
@@@@@@@@@@@@@@@@@@@@@@@@@@@@@@@@@@@@@@@@@@@最终结果@@@@@@@@@@@@@@@@@@@@@@@@@@@@@@@@@@@@@@@@@@@@@@@@@@
@@@@@@@@@@@@@@@@@@@@@@@@@@@@@@@@@@@@@@@@@@@最终结果@@@@@@@@@@@@@@@@@@@@@@@@@@@@@@@@@@@@@@@@@@@@@@@@@@
%%%%%%%%%%%%%%%%%%%%%%%%%%%%%%%%%%%%%%%%%%%SVM%%%%%%%%%%%%%%%%%%%%%%%%%%%%%%%%%%%%%%%%%%%%%%%%%%%%%%
SVM_BET:0-th Final RMSD: 0.837735, Final P: 0.795452, Final R^2: 0.632343
SVM_AE :0-th Final RMSD: 0.837002, Final P: 0.795635, Final R^2: 0.632987
SVM_ECFP :0-th Final RMSD: 0.956172, Final P: 0.747459, Final R^2: 0.521039
SVM_AE_BET    :0-th Final RMSD: 0.820625, Final P: 0.805129, Final R^2: 0.647209
SVM_AE_ECFP    :0-th Final RMSD: 0.848387, Final P: 0.797548, Final R^2: 0.622935
SVM_BET_ECFP    :0-th Final RMSD: 0.853968, Final P: 0.794929, Final R^2: 0.617958
SVM_AE_BET_ECFP    :0-th Final RMSD: 0.828194, Final P: 0.805771, Final R^2: 0.640670
0-th SVM_AE的BA值 ：-10.608113
0-th SVM_BET的BA值：-10.480480
0-th SVM_ECFP的BA值 ：-10.845376
0-th SVM_AE_BET的BA值：-10.511582
0-th SVM_AE_ECFP的BA值    ：-10.474592
0-th SVM_BET_ECFP的BA值    ：-10.443490
0-th SVM_AE_BET_ECFP的BA值    ：-10.476555
total time: 0.002644639611244202 h
