size of data: (982,)
size of train size: 785
SVM parameter
Namespace(dataset='CHEMBL2959', C=10, kernel='rbf', gamma='scale', random_seed=0)
fold= 1
>>>>>>>>>>>>>training.............
###############################################SVM#####################################################
SVM_BET的BA值：-12.250503685723421
SVM_BET:RMSD: 0.925471, P: 0.775320, R^2: 0.550176
SVM_AE的BA值 ：-12.523557521476064
SVM_AE :RMSD: 0.872981, P: 0.796902, R^2: 0.599754
SVM_ECFP的BA值 ：-12.278897639483304
SVM_ECFP :RMSD: 0.906185, P: 0.785239, R^2: 0.568729
SVM_AE_BET的BA值    ：-12.366271515620985
SVM_AE_BET    :RMSD: 0.881426, P: 0.799158, R^2: 0.591973
SVM_AE_ECFP的BA值    ：-12.305455606920475
SVM_AE_ECFP    :RMSD: 0.857341, P: 0.814027, R^2: 0.613967
SVM_BET_ECFP的BA值    ：-12.264700662603364
SVM_BET_ECFP    :RMSD: 0.890585, P: 0.800089, R^2: 0.583449
SVM_AE_BET_ECFP的BA值    ：-12.27329890786895
SVM_AE_BET_ECFP    :RMSD: 0.867985, P: 0.810920, R^2: 0.604322
fold= 2
>>>>>>>>>>>>>training.............
###############################################SVM#####################################################
SVM_BET的BA值：-12.641351583532629
SVM_BET:RMSD: 1.042280, P: 0.815031, R^2: 0.622001
SVM_AE的BA值 ：-12.5931733312002
SVM_AE :RMSD: 1.036752, P: 0.816377, R^2: 0.626000
SVM_ECFP的BA值 ：-12.51789187019967
SVM_ECFP :RMSD: 1.085753, P: 0.820177, R^2: 0.589811
SVM_AE_BET的BA值    ：-12.617262457366415
SVM_AE_BET    :RMSD: 1.024412, P: 0.824827, R^2: 0.634850
SVM_AE_ECFP的BA值    ：-12.555532600699934
SVM_AE_ECFP    :RMSD: 1.030251, P: 0.838338, R^2: 0.630675
SVM_BET_ECFP的BA值    ：-12.579621726866149
SVM_BET_ECFP    :RMSD: 1.034508, P: 0.836395, R^2: 0.627617
SVM_AE_BET_ECFP的BA值    ：-12.584138928310834
SVM_AE_BET_ECFP    :RMSD: 1.021117, P: 0.838327, R^2: 0.637195
fold= 3
>>>>>>>>>>>>>training.............
###############################################SVM#####################################################
SVM_BET的BA值：-12.974170317284425
SVM_BET:RMSD: 0.871432, P: 0.789830, R^2: 0.614799
SVM_AE的BA值 ：-13.085987143723525
SVM_AE :RMSD: 0.820747, P: 0.813894, R^2: 0.658305
SVM_ECFP的BA值 ：-12.47617791079643
SVM_ECFP :RMSD: 0.912414, P: 0.765129, R^2: 0.577717
SVM_AE_BET的BA值    ：-12.919660658195566
SVM_AE_BET    :RMSD: 0.823417, P: 0.813685, R^2: 0.656078
SVM_AE_ECFP的BA值    ：-12.670664454951568
SVM_AE_ECFP    :RMSD: 0.820499, P: 0.817239, R^2: 0.658511
SVM_BET_ECFP的BA值    ：-12.725174114040428
SVM_BET_ECFP    :RMSD: 0.836846, P: 0.811030, R^2: 0.644769
SVM_AE_BET_ECFP的BA值    ：-12.771833075729186
SVM_AE_BET_ECFP    :RMSD: 0.812449, P: 0.821572, R^2: 0.665179
fold= 4
>>>>>>>>>>>>>training.............
###############################################SVM#####################################################
SVM_BET的BA值：-12.898206132775499
SVM_BET:RMSD: 0.895778, P: 0.750620, R^2: 0.525678
SVM_AE的BA值 ：-13.051715109786027
SVM_AE :RMSD: 0.870577, P: 0.779161, R^2: 0.551991
SVM_ECFP的BA值 ：-13.043274056496909
SVM_ECFP :RMSD: 0.809992, P: 0.790672, R^2: 0.612177
SVM_AE_BET的BA值    ：-12.930783926789656
SVM_AE_BET    :RMSD: 0.848708, P: 0.781277, R^2: 0.574217
SVM_AE_ECFP的BA值    ：-12.993952264517544
SVM_AE_ECFP    :RMSD: 0.776163, P: 0.816150, R^2: 0.643895
SVM_BET_ECFP的BA值    ：-12.970740094636204
SVM_BET_ECFP    :RMSD: 0.797316, P: 0.798939, R^2: 0.624221
SVM_AE_BET_ECFP的BA值    ：-12.962036887270196
SVM_AE_BET_ECFP    :RMSD: 0.790033, P: 0.807065, R^2: 0.631054
fold= 5
>>>>>>>>>>>>>training.............
###############################################SVM#####################################################
SVM_BET的BA值：-12.907335361400815
SVM_BET:RMSD: 0.859001, P: 0.738666, R^2: 0.476290
SVM_AE的BA值 ：-12.757400494455434
SVM_AE :RMSD: 0.813582, P: 0.752193, R^2: 0.530206
SVM_ECFP的BA值 ：-12.06934272070579
SVM_ECFP :RMSD: 0.864374, P: 0.703704, R^2: 0.469717
SVM_AE_BET的BA值    ：-12.832367927928125
SVM_AE_BET    :RMSD: 0.821251, P: 0.752190, R^2: 0.521308
SVM_AE_ECFP的BA值    ：-11.852548819005172
SVM_AE_ECFP    :RMSD: 0.790992, P: 0.756037, R^2: 0.555933
SVM_BET_ECFP的BA值    ：-12.130464075499198
SVM_BET_ECFP    :RMSD: 0.812675, P: 0.746145, R^2: 0.531254
SVM_AE_BET_ECFP的BA值    ：-12.204144333137053
SVM_AE_BET_ECFP    :RMSD: 0.795495, P: 0.757439, R^2: 0.550863
fold= 6
>>>>>>>>>>>>>training.............
###############################################SVM#####################################################
SVM_BET的BA值：-12.138828496307761
SVM_BET:RMSD: 0.872502, P: 0.753448, R^2: 0.551979
SVM_AE的BA值 ：-12.989702809715745
SVM_AE :RMSD: 0.829769, P: 0.775918, R^2: 0.594790
SVM_ECFP的BA值 ：-12.321763114259427
SVM_ECFP :RMSD: 0.995752, P: 0.664786, R^2: 0.416464
SVM_AE_BET的BA值    ：-12.549672356372554
SVM_AE_BET    :RMSD: 0.836589, P: 0.772048, R^2: 0.588102
SVM_AE_ECFP的BA值    ：-12.655732961987585
SVM_AE_ECFP    :RMSD: 0.880975, P: 0.742708, R^2: 0.543235
SVM_BET_ECFP的BA值    ：-12.215702508644396
SVM_BET_ECFP    :RMSD: 0.899220, P: 0.730861, R^2: 0.524120
SVM_AE_BET_ECFP的BA值    ：-12.473702609001512
SVM_AE_BET_ECFP    :RMSD: 0.862624, P: 0.754161, R^2: 0.562066
fold= 7
>>>>>>>>>>>>>training.............
###############################################SVM#####################################################
SVM_BET的BA值：-12.718244244524548
SVM_BET:RMSD: 0.910806, P: 0.766094, R^2: 0.576108
SVM_AE的BA值 ：-12.526830357600515
SVM_AE :RMSD: 1.009662, P: 0.699459, R^2: 0.479098
SVM_ECFP的BA值 ：-13.237688154766296
SVM_ECFP :RMSD: 0.901386, P: 0.766093, R^2: 0.584830
SVM_AE_BET的BA值    ：-12.615378705822195
SVM_AE_BET    :RMSD: 0.941953, P: 0.744223, R^2: 0.546620
SVM_AE_ECFP的BA值    ：-12.882259256183406
SVM_AE_ECFP    :RMSD: 0.901330, P: 0.767040, R^2: 0.584882
SVM_BET_ECFP的BA值    ：-12.970807604405087
SVM_BET_ECFP    :RMSD: 0.860099, P: 0.792814, R^2: 0.621992
SVM_AE_BET_ECFP的BA值    ：-12.822815188803562
SVM_AE_BET_ECFP    :RMSD: 0.887962, P: 0.775809, R^2: 0.597104
fold= 8
>>>>>>>>>>>>>training.............
###############################################SVM#####################################################
SVM_BET的BA值：-12.815817678967257
SVM_BET:RMSD: 0.837202, P: 0.792502, R^2: 0.627051
SVM_AE的BA值 ：-12.821065098247328
SVM_AE :RMSD: 0.869128, P: 0.776117, R^2: 0.598065
SVM_ECFP的BA值 ：-11.570990459801529
SVM_ECFP :RMSD: 0.906403, P: 0.756764, R^2: 0.562849
SVM_AE_BET的BA值    ：-12.818441388607292
SVM_AE_BET    :RMSD: 0.835873, P: 0.792998, R^2: 0.628234
SVM_AE_ECFP的BA值    ：-12.196027779024428
SVM_AE_ECFP    :RMSD: 0.835255, P: 0.795565, R^2: 0.628784
SVM_BET_ECFP的BA值    ：-12.193404069384393
SVM_BET_ECFP    :RMSD: 0.832386, P: 0.799492, R^2: 0.631330
SVM_AE_BET_ECFP的BA值    ：-12.402624412338705
SVM_AE_BET_ECFP    :RMSD: 0.821851, P: 0.802624, R^2: 0.640603
fold= 9
>>>>>>>>>>>>>training.............
###############################################SVM#####################################################
SVM_BET的BA值：-13.261589449841926
SVM_BET:RMSD: 0.896845, P: 0.777513, R^2: 0.593953
SVM_AE的BA值 ：-13.22507656298134
SVM_AE :RMSD: 0.911581, P: 0.767114, R^2: 0.580499
SVM_ECFP的BA值 ：-13.049408824395215
SVM_ECFP :RMSD: 0.887640, P: 0.779406, R^2: 0.602244
SVM_AE_BET的BA值    ：-13.072794186916877
SVM_AE_BET    :RMSD: 0.885018, P: 0.781350, R^2: 0.604591
SVM_AE_ECFP的BA值    ：-12.88352988245958
SVM_AE_ECFP    :RMSD: 0.854380, P: 0.795422, R^2: 0.631494
SVM_BET_ECFP的BA值    ：-13.141601436199046
SVM_BET_ECFP    :RMSD: 0.845038, P: 0.800239, R^2: 0.639509
SVM_AE_BET_ECFP的BA值    ：-13.009549738253696
SVM_AE_BET_ECFP    :RMSD: 0.848923, P: 0.798046, R^2: 0.636187
fold= 10
>>>>>>>>>>>>>training.............
###############################################SVM#####################################################
SVM_BET的BA值：-12.616047057455987
SVM_BET:RMSD: 0.844061, P: 0.859738, R^2: 0.718728
SVM_AE的BA值 ：-12.905504361451746
SVM_AE :RMSD: 0.882922, P: 0.838690, R^2: 0.692232
SVM_ECFP的BA值 ：-12.578498260386741
SVM_ECFP :RMSD: 0.921363, P: 0.828460, R^2: 0.664849
SVM_AE_BET的BA值    ：-12.660793787914542
SVM_AE_BET    :RMSD: 0.847041, P: 0.857457, R^2: 0.716739
SVM_AE_ECFP的BA值    ：-12.450144377647568
SVM_AE_ECFP    :RMSD: 0.864647, P: 0.853807, R^2: 0.704841
SVM_BET_ECFP的BA值    ：-12.51611582181972
SVM_BET_ECFP    :RMSD: 0.838092, P: 0.866551, R^2: 0.722692
SVM_AE_BET_ECFP的BA值    ：-12.45134071284928
SVM_AE_BET_ECFP    :RMSD: 0.838588, P: 0.864763, R^2: 0.722364
@@@@@@@@@@@@@@@@@@@@@@@@@@@@@@@@@@@@@@@@@@@最终结果@@@@@@@@@@@@@@@@@@@@@@@@@@@@@@@@@@@@@@@@@@@@@@@@@@
@@@@@@@@@@@@@@@@@@@@@@@@@@@@@@@@@@@@@@@@@@@最终结果@@@@@@@@@@@@@@@@@@@@@@@@@@@@@@@@@@@@@@@@@@@@@@@@@@
%%%%%%%%%%%%%%%%%%%%%%%%%%%%%%%%%%%%%%%%%%%SVM%%%%%%%%%%%%%%%%%%%%%%%%%%%%%%%%%%%%%%%%%%%%%%%%%%%%%%
SVM_BET:0-th Final RMSD: 0.897465, Final P: 0.775073, Final R^2: 0.599595
SVM_AE :0-th Final RMSD: 0.894799, Final P: 0.776577, Final R^2: 0.601970
SVM_ECFP :0-th Final RMSD: 0.922020, Final P: 0.764369, Final R^2: 0.577384
SVM_AE_BET    :0-th Final RMSD: 0.876848, Final P: 0.786136, Final R^2: 0.617780
SVM_AE_ECFP    :0-th Final RMSD: 0.863980, Final P: 0.796104, Final R^2: 0.628916
SVM_BET_ECFP    :0-th Final RMSD: 0.867248, Final P: 0.794037, Final R^2: 0.626103
SVM_AE_BET_ECFP    :0-th Final RMSD: 0.857227, Final P: 0.798564, Final R^2: 0.634694
0-th SVM_AE的BA值 ：-13.225077
0-th SVM_BET的BA值：-13.261589
0-th SVM_ECFP的BA值 ：-13.237688
0-th SVM_AE_BET的BA值：-13.072794
0-th SVM_AE_ECFP的BA值    ：-12.993952
0-th SVM_BET_ECFP的BA值    ：-13.141601
0-th SVM_AE_BET_ECFP的BA值    ：-13.009550
total time: 0.016471124490102133 h
