size of data: (327,)
size of train size: 261
SVM parameter
Namespace(dataset='CHEMBL2047', C=10, kernel='rbf', gamma='scale', random_seed=0)
fold= 1
>>>>>>>>>>>>>training.............
###############################################SVM#####################################################
SVM_BET的BA值：-11.233192908442616
SVM_BET:RMSD: 0.913754, P: 0.736910, R^2: 0.461133
SVM_AE的BA值 ：-11.085448603525336
SVM_AE :RMSD: 0.950346, P: 0.715608, R^2: 0.417110
SVM_ECFP的BA值 ：-11.472917878058297
SVM_ECFP :RMSD: 0.849980, P: 0.793565, R^2: 0.533727
SVM_AE_BET的BA值    ：-11.159320755983977
SVM_AE_BET    :RMSD: 0.916080, P: 0.738910, R^2: 0.458386
SVM_AE_ECFP的BA值    ：-10.949954435291275
SVM_AE_ECFP    :RMSD: 0.866240, P: 0.784135, R^2: 0.515717
SVM_BET_ECFP的BA值    ：-11.023826587749916
SVM_BET_ECFP    :RMSD: 0.836957, P: 0.798706, R^2: 0.547906
SVM_AE_BET_ECFP的BA值    ：-11.044367259675056
SVM_AE_BET_ECFP    :RMSD: 0.862793, P: 0.782996, R^2: 0.519563
fold= 2
>>>>>>>>>>>>>training.............
###############################################SVM#####################################################
SVM_BET的BA值：-11.182578899740975
SVM_BET:RMSD: 0.978597, P: 0.783510, R^2: 0.605520
SVM_AE的BA值 ：-11.005229445979959
SVM_AE :RMSD: 0.993540, P: 0.786801, R^2: 0.593380
SVM_ECFP的BA值 ：-10.658439187595802
SVM_ECFP :RMSD: 1.104287, P: 0.709454, R^2: 0.497679
SVM_AE_BET的BA值    ：-11.093904172860466
SVM_AE_BET    :RMSD: 0.967437, P: 0.793683, R^2: 0.614465
SVM_AE_ECFP的BA值    ：-10.83183431678788
SVM_AE_ECFP    :RMSD: 1.011313, P: 0.769351, R^2: 0.578702
SVM_BET_ECFP的BA值    ：-10.920509043668389
SVM_BET_ECFP    :RMSD: 1.015360, P: 0.763216, R^2: 0.575324
SVM_AE_BET_ECFP的BA值    ：-10.948749177772244
SVM_AE_BET_ECFP    :RMSD: 0.988509, P: 0.780730, R^2: 0.597488
fold= 3
>>>>>>>>>>>>>training.............
###############################################SVM#####################################################
SVM_BET的BA值：-10.544190054764368
SVM_BET:RMSD: 1.106432, P: 0.515209, R^2: 0.253522
SVM_AE的BA值 ：-10.217773252733739
SVM_AE :RMSD: 1.201339, P: 0.416408, R^2: 0.119968
SVM_ECFP的BA值 ：-11.09682567584138
SVM_ECFP :RMSD: 1.310736, P: 0.313531, R^2: -0.047605
SVM_AE_BET的BA值    ：-10.380981653749053
SVM_AE_BET    :RMSD: 1.129088, P: 0.488222, R^2: 0.222638
SVM_AE_ECFP的BA值    ：-10.31150407844626
SVM_AE_ECFP    :RMSD: 1.215953, P: 0.384683, R^2: 0.098427
SVM_BET_ECFP的BA值    ：-10.569312165886712
SVM_BET_ECFP    :RMSD: 1.163744, P: 0.443234, R^2: 0.174187
SVM_AE_BET_ECFP的BA值    ：-10.327052985159614
SVM_AE_BET_ECFP    :RMSD: 1.156877, P: 0.447658, R^2: 0.183903
fold= 4
>>>>>>>>>>>>>training.............
###############################################SVM#####################################################
SVM_BET的BA值：-11.773113936477728
SVM_BET:RMSD: 1.390112, P: 0.504882, R^2: 0.169833
SVM_AE的BA值 ：-11.839158874379365
SVM_AE :RMSD: 1.337292, P: 0.552944, R^2: 0.231722
SVM_ECFP的BA值 ：-11.978588991092519
SVM_ECFP :RMSD: 1.213197, P: 0.640858, R^2: 0.367692
SVM_AE_BET的BA值    ：-11.806136405428546
SVM_AE_BET    :RMSD: 1.353835, P: 0.534163, R^2: 0.212596
SVM_AE_ECFP的BA值    ：-11.908873932735942
SVM_AE_ECFP    :RMSD: 1.250484, P: 0.608782, R^2: 0.328227
SVM_BET_ECFP的BA值    ：-11.875851463785123
SVM_BET_ECFP    :RMSD: 1.277357, P: 0.586433, R^2: 0.299044
SVM_AE_BET_ECFP的BA值    ：-11.863620600649872
SVM_AE_BET_ECFP    :RMSD: 1.287560, P: 0.579685, R^2: 0.287802
fold= 5
>>>>>>>>>>>>>training.............
###############################################SVM#####################################################
SVM_BET的BA值：-11.163597180263203
SVM_BET:RMSD: 0.983670, P: 0.791203, R^2: 0.625175
SVM_AE的BA值 ：-11.047904140846951
SVM_AE :RMSD: 1.088764, P: 0.739065, R^2: 0.540805
SVM_ECFP的BA值 ：-11.545285236188574
SVM_ECFP :RMSD: 1.063287, P: 0.751095, R^2: 0.562044
SVM_AE_BET的BA值    ：-11.055620521686269
SVM_AE_BET    :RMSD: 1.022598, P: 0.772662, R^2: 0.594921
SVM_AE_ECFP的BA值    ：-11.104214908770587
SVM_AE_ECFP    :RMSD: 1.019447, P: 0.776027, R^2: 0.597413
SVM_BET_ECFP的BA值    ：-11.35444120822589
SVM_BET_ECFP    :RMSD: 0.965469, P: 0.802469, R^2: 0.638918
SVM_AE_BET_ECFP的BA值    ：-11.124008999268128
SVM_AE_BET_ECFP    :RMSD: 0.987975, P: 0.791302, R^2: 0.621887
fold= 6
>>>>>>>>>>>>>training.............
###############################################SVM#####################################################
SVM_BET的BA值：-11.471212323034099
SVM_BET:RMSD: 0.804060, P: 0.845429, R^2: 0.662384
SVM_AE的BA值 ：-11.607611160121618
SVM_AE :RMSD: 0.705757, P: 0.882882, R^2: 0.739891
SVM_ECFP的BA值 ：-11.093645221446891
SVM_ECFP :RMSD: 0.714964, P: 0.877760, R^2: 0.733059
SVM_AE_BET的BA值    ：-11.539411741577858
SVM_AE_BET    :RMSD: 0.730127, P: 0.876672, R^2: 0.721617
SVM_AE_ECFP的BA值    ：-11.121841914060468
SVM_AE_ECFP    :RMSD: 0.662757, P: 0.901488, R^2: 0.770620
SVM_BET_ECFP的BA值    ：-11.053642495516709
SVM_BET_ECFP    :RMSD: 0.731020, P: 0.876404, R^2: 0.720935
SVM_AE_BET_ECFP的BA值    ：-11.238298717051677
SVM_AE_BET_ECFP    :RMSD: 0.696907, P: 0.890354, R^2: 0.746373
fold= 7
>>>>>>>>>>>>>training.............
###############################################SVM#####################################################
SVM_BET的BA值：-10.938802278664255
SVM_BET:RMSD: 0.856646, P: 0.758933, R^2: 0.492025
SVM_AE的BA值 ：-10.437766241270173
SVM_AE :RMSD: 0.880684, P: 0.739886, R^2: 0.463117
SVM_ECFP的BA值 ：-12.633765270367045
SVM_ECFP :RMSD: 0.933624, P: 0.713301, R^2: 0.396629
SVM_AE_BET的BA值    ：-10.653654549546628
SVM_AE_BET    :RMSD: 0.839558, P: 0.763477, R^2: 0.512088
SVM_AE_ECFP的BA值    ：-11.501136045398024
SVM_AE_ECFP    :RMSD: 0.812546, P: 0.773264, R^2: 0.542979
SVM_BET_ECFP的BA值    ：-11.786283774515649
SVM_BET_ECFP    :RMSD: 0.847818, P: 0.759038, R^2: 0.502440
SVM_AE_BET_ECFP的BA值    ：-11.313691456486765
SVM_AE_BET_ECFP    :RMSD: 0.813390, P: 0.775471, R^2: 0.542029
fold= 8
>>>>>>>>>>>>>training.............
###############################################SVM#####################################################
SVM_BET的BA值：-11.807458046086312
SVM_BET:RMSD: 1.411285, P: 0.668171, R^2: 0.399822
SVM_AE的BA值 ：-12.052757495551099
SVM_AE :RMSD: 1.435945, P: 0.638696, R^2: 0.378665
SVM_ECFP的BA值 ：-11.358156006640693
SVM_ECFP :RMSD: 1.512540, P: 0.622060, R^2: 0.310611
SVM_AE_BET的BA值    ：-11.930107770818704
SVM_AE_BET    :RMSD: 1.406373, P: 0.662892, R^2: 0.403993
SVM_AE_ECFP的BA值    ：-11.435523612116874
SVM_AE_ECFP    :RMSD: 1.426513, P: 0.659304, R^2: 0.386801
SVM_BET_ECFP的BA值    ：-11.31287388738448
SVM_BET_ECFP    :RMSD: 1.422703, P: 0.672598, R^2: 0.390072
SVM_AE_BET_ECFP的BA值    ：-11.559501756773352
SVM_AE_BET_ECFP    :RMSD: 1.406579, P: 0.672156, R^2: 0.403818
fold= 9
>>>>>>>>>>>>>training.............
###############################################SVM#####################################################
SVM_BET的BA值：-11.306443786479285
SVM_BET:RMSD: 0.997401, P: 0.745742, R^2: 0.504878
SVM_AE的BA值 ：-11.65344360423144
SVM_AE :RMSD: 1.019882, P: 0.728129, R^2: 0.482306
SVM_ECFP的BA值 ：-10.906836990104932
SVM_ECFP :RMSD: 1.047698, P: 0.676789, R^2: 0.453683
SVM_AE_BET的BA值    ：-11.348491528921812
SVM_AE_BET    :RMSD: 0.988345, P: 0.746300, R^2: 0.513829
SVM_AE_ECFP的BA值    ：-11.280140297168185
SVM_AE_ECFP    :RMSD: 0.993568, P: 0.722777, R^2: 0.508677
SVM_BET_ECFP的BA值    ：-10.97518822185856
SVM_BET_ECFP    :RMSD: 0.974641, P: 0.735511, R^2: 0.527217
SVM_AE_BET_ECFP的BA值    ：-11.201273349316187
SVM_AE_BET_ECFP    :RMSD: 0.973143, P: 0.740372, R^2: 0.528669
fold= 10
>>>>>>>>>>>>>training.............
###############################################SVM#####################################################
SVM_BET的BA值：-11.868406360118549
SVM_BET:RMSD: 0.939223, P: 0.862371, R^2: 0.716215
SVM_AE的BA值 ：-11.95389507872001
SVM_AE :RMSD: 0.974861, P: 0.848307, R^2: 0.694271
SVM_ECFP的BA值 ：-12.23811639312366
SVM_ECFP :RMSD: 0.915341, P: 0.865746, R^2: 0.730464
SVM_AE_BET的BA值    ：-11.911150719419279
SVM_AE_BET    :RMSD: 0.940342, P: 0.863924, R^2: 0.715539
SVM_AE_ECFP的BA值    ：-12.096005735921835
SVM_AE_ECFP    :RMSD: 0.912464, P: 0.873587, R^2: 0.732156
SVM_BET_ECFP的BA值    ：-12.053261376621105
SVM_BET_ECFP    :RMSD: 0.903597, P: 0.874695, R^2: 0.737336
SVM_AE_BET_ECFP的BA值    ：-12.02013927732074
SVM_AE_BET_ECFP    :RMSD: 0.910613, P: 0.874788, R^2: 0.733241
@@@@@@@@@@@@@@@@@@@@@@@@@@@@@@@@@@@@@@@@@@@最终结果@@@@@@@@@@@@@@@@@@@@@@@@@@@@@@@@@@@@@@@@@@@@@@@@@@
@@@@@@@@@@@@@@@@@@@@@@@@@@@@@@@@@@@@@@@@@@@最终结果@@@@@@@@@@@@@@@@@@@@@@@@@@@@@@@@@@@@@@@@@@@@@@@@@@
%%%%%%%%%%%%%%%%%%%%%%%%%%%%%%%%%%%%%%%%%%%SVM%%%%%%%%%%%%%%%%%%%%%%%%%%%%%%%%%%%%%%%%%%%%%%%%%%%%%%
SVM_BET:0-th Final RMSD: 1.055934, Final P: 0.717874, Final R^2: 0.512549
SVM_AE :0-th Final RMSD: 1.077785, Final P: 0.705493, Final R^2: 0.492167
SVM_ECFP :0-th Final RMSD: 1.088496, Final P: 0.695860, Final R^2: 0.482023
SVM_AE_BET    :0-th Final RMSD: 1.048285, Final P: 0.722046, Final R^2: 0.519586
SVM_AE_ECFP    :0-th Final RMSD: 1.038755, Final P: 0.726916, Final R^2: 0.528281
SVM_BET_ECFP    :0-th Final RMSD: 1.033218, Final P: 0.730422, Final R^2: 0.533297
SVM_AE_BET_ECFP    :0-th Final RMSD: 1.028503, Final P: 0.733242, Final R^2: 0.537546
0-th SVM_AE的BA值 ：-12.052757
0-th SVM_BET的BA值：-11.868406
0-th SVM_ECFP的BA值 ：-12.633765
0-th SVM_AE_BET的BA值：-11.930108
0-th SVM_AE_ECFP的BA值    ：-12.096006
0-th SVM_BET_ECFP的BA值    ：-12.053261
0-th SVM_AE_BET_ECFP的BA值    ：-12.020139
total time: 0.003159187502331204 h
