size of data: (549,)
size of train size: 439
SVM parameter
Namespace(dataset='CHEMBL2068', C=10, kernel='rbf', gamma='scale', random_seed=0)
fold= 1
>>>>>>>>>>>>>training.............
###############################################SVM#####################################################
SVM_BET的BA值：-11.029874832156274
SVM_BET:RMSD: 0.722898, P: 0.842738, R^2: 0.696343
SVM_AE的BA值 ：-10.807102908190528
SVM_AE :RMSD: 0.848427, P: 0.771272, R^2: 0.581729
SVM_ECFP的BA值 ：-10.8001766889121
SVM_ECFP :RMSD: 0.923620, P: 0.715231, R^2: 0.504303
SVM_AE_BET的BA值    ：-10.640164676308412
SVM_AE_BET    :RMSD: 0.753662, P: 0.832922, R^2: 0.669948
SVM_AE_ECFP的BA值    ：-10.795325850100635
SVM_AE_ECFP    :RMSD: 0.849171, P: 0.774532, R^2: 0.580994
SVM_BET_ECFP的BA值    ：-10.892001898631941
SVM_BET_ECFP    :RMSD: 0.792592, P: 0.808299, R^2: 0.634970
SVM_AE_BET_ECFP的BA值    ：-10.693502013842973
SVM_AE_BET_ECFP    :RMSD: 0.786958, P: 0.815592, R^2: 0.640142
fold= 2
>>>>>>>>>>>>>training.............
###############################################SVM#####################################################
SVM_BET的BA值：-11.431731987257658
SVM_BET:RMSD: 0.870117, P: 0.712529, R^2: 0.484992
SVM_AE的BA值 ：-11.183805939413029
SVM_AE :RMSD: 0.884841, P: 0.692175, R^2: 0.467415
SVM_ECFP的BA值 ：-10.863398020427772
SVM_ECFP :RMSD: 0.826992, P: 0.733010, R^2: 0.534778
SVM_AE_BET的BA值    ：-11.307768963335343
SVM_AE_BET    :RMSD: 0.853072, P: 0.717177, R^2: 0.504973
SVM_AE_ECFP的BA值    ：-11.0236019799204
SVM_AE_ECFP    :RMSD: 0.808363, P: 0.748693, R^2: 0.555501
SVM_BET_ECFP的BA值    ：-11.147565003842715
SVM_BET_ECFP    :RMSD: 0.805771, P: 0.748625, R^2: 0.558347
SVM_AE_BET_ECFP的BA值    ：-11.159645315699485
SVM_AE_BET_ECFP    :RMSD: 0.809515, P: 0.746326, R^2: 0.554233
fold= 3
>>>>>>>>>>>>>training.............
###############################################SVM#####################################################
SVM_BET的BA值：-10.950482557805923
SVM_BET:RMSD: 0.737943, P: 0.793614, R^2: 0.620000
SVM_AE的BA值 ：-10.80018547812377
SVM_AE :RMSD: 0.835751, P: 0.724200, R^2: 0.512593
SVM_ECFP的BA值 ：-11.18290916313738
SVM_ECFP :RMSD: 0.690385, P: 0.820346, R^2: 0.667401
SVM_AE_BET的BA值    ：-10.727855824063166
SVM_AE_BET    :RMSD: 0.768802, P: 0.774444, R^2: 0.587554
SVM_AE_ECFP的BA值    ：-10.758173243831012
SVM_AE_ECFP    :RMSD: 0.715836, P: 0.811976, R^2: 0.642426
SVM_BET_ECFP的BA值    ：-11.06669586047165
SVM_BET_ECFP    :RMSD: 0.680834, P: 0.829927, R^2: 0.676540
SVM_AE_BET_ECFP的BA值    ：-10.723957552554863
SVM_AE_BET_ECFP    :RMSD: 0.710898, P: 0.814269, R^2: 0.647343
fold= 4
>>>>>>>>>>>>>training.............
###############################################SVM#####################################################
SVM_BET的BA值：-10.603001816698972
SVM_BET:RMSD: 0.871221, P: 0.793368, R^2: 0.602961
SVM_AE的BA值 ：-10.631571009467054
SVM_AE :RMSD: 0.912763, P: 0.784230, R^2: 0.564194
SVM_ECFP的BA值 ：-10.404634650356716
SVM_ECFP :RMSD: 0.930508, P: 0.766649, R^2: 0.547085
SVM_AE_BET的BA值    ：-10.549323601526677
SVM_AE_BET    :RMSD: 0.871482, P: 0.802486, R^2: 0.602723
SVM_AE_ECFP的BA值    ：-10.385066827732837
SVM_AE_ECFP    :RMSD: 0.899201, P: 0.792307, R^2: 0.577049
SVM_BET_ECFP的BA值    ：-10.403302846051567
SVM_BET_ECFP    :RMSD: 0.885964, P: 0.790888, R^2: 0.589410
SVM_AE_BET_ECFP的BA值    ：-10.408074973668441
SVM_AE_BET_ECFP    :RMSD: 0.879008, P: 0.799955, R^2: 0.595832
fold= 5
>>>>>>>>>>>>>training.............
###############################################SVM#####################################################
SVM_BET的BA值：-11.14670102273328
SVM_BET:RMSD: 0.801947, P: 0.821259, R^2: 0.643878
SVM_AE的BA值 ：-10.714201724986479
SVM_AE :RMSD: 0.915381, P: 0.748559, R^2: 0.536008
SVM_ECFP的BA值 ：-10.643617064212648
SVM_ECFP :RMSD: 0.784862, P: 0.825112, R^2: 0.658890
SVM_AE_BET的BA值    ：-10.681226839458214
SVM_AE_BET    :RMSD: 0.832436, P: 0.803004, R^2: 0.616285
SVM_AE_ECFP的BA值    ：-10.678909394599565
SVM_AE_ECFP    :RMSD: 0.821249, P: 0.807505, R^2: 0.626529
SVM_BET_ECFP的BA值    ：-10.892763880425328
SVM_BET_ECFP    :RMSD: 0.766307, P: 0.836468, R^2: 0.674828
SVM_AE_BET_ECFP的BA值    ：-10.668690247709693
SVM_AE_BET_ECFP    :RMSD: 0.797318, P: 0.821580, R^2: 0.647977
fold= 6
>>>>>>>>>>>>>training.............
###############################################SVM#####################################################
SVM_BET的BA值：-11.185709818472652
SVM_BET:RMSD: 0.908058, P: 0.806988, R^2: 0.634344
SVM_AE的BA值 ：-10.824303229058557
SVM_AE :RMSD: 0.953973, P: 0.786494, R^2: 0.596431
SVM_ECFP的BA值 ：-10.947880929049479
SVM_ECFP :RMSD: 0.892523, P: 0.819613, R^2: 0.646748
SVM_AE_BET的BA值    ：-10.722834673338646
SVM_AE_BET    :RMSD: 0.902093, P: 0.817913, R^2: 0.639132
SVM_AE_ECFP的BA值    ：-10.72309708916522
SVM_AE_ECFP    :RMSD: 0.895981, P: 0.824417, R^2: 0.644006
SVM_BET_ECFP的BA值    ：-11.04240494093245
SVM_BET_ECFP    :RMSD: 0.881405, P: 0.825986, R^2: 0.655494
SVM_AE_BET_ECFP的BA值    ：-10.689186765316393
SVM_AE_BET_ECFP    :RMSD: 0.884589, P: 0.829076, R^2: 0.653000
fold= 7
>>>>>>>>>>>>>training.............
###############################################SVM#####################################################
SVM_BET的BA值：-11.338636188883523
SVM_BET:RMSD: 0.888118, P: 0.700745, R^2: 0.485534
SVM_AE的BA值 ：-10.87457189000934
SVM_AE :RMSD: 0.915587, P: 0.673251, R^2: 0.453217
SVM_ECFP的BA值 ：-11.207566541677654
SVM_ECFP :RMSD: 0.779215, P: 0.783511, R^2: 0.603967
SVM_AE_BET的BA值    ：-10.991407495061985
SVM_AE_BET    :RMSD: 0.865954, P: 0.715387, R^2: 0.510891
SVM_AE_ECFP的BA值    ：-10.9574960763184
SVM_AE_ECFP    :RMSD: 0.803387, P: 0.768554, R^2: 0.579017
SVM_BET_ECFP的BA值    ：-11.124447791081304
SVM_BET_ECFP    :RMSD: 0.809882, P: 0.757168, R^2: 0.572182
SVM_AE_BET_ECFP的BA值    ：-11.007745084250478
SVM_AE_BET_ECFP    :RMSD: 0.814496, P: 0.756201, R^2: 0.567293
fold= 8
>>>>>>>>>>>>>training.............
###############################################SVM#####################################################
SVM_BET的BA值：-10.902671599804382
SVM_BET:RMSD: 0.651969, P: 0.746085, R^2: 0.527033
SVM_AE的BA值 ：-10.77631141793603
SVM_AE :RMSD: 0.722423, P: 0.668704, R^2: 0.419289
SVM_ECFP的BA值 ：-10.950365078100257
SVM_ECFP :RMSD: 0.701696, P: 0.701264, R^2: 0.452132
SVM_AE_BET的BA值    ：-10.633167203274379
SVM_AE_BET    :RMSD: 0.669933, P: 0.722252, R^2: 0.500609
SVM_AE_ECFP的BA值    ：-10.523102625137009
SVM_AE_ECFP    :RMSD: 0.658383, P: 0.732084, R^2: 0.517680
SVM_BET_ECFP的BA值    ：-10.92651833895232
SVM_BET_ECFP    :RMSD: 0.638508, P: 0.756178, R^2: 0.546361
SVM_AE_BET_ECFP的BA值    ：-10.551417285701094
SVM_AE_BET_ECFP    :RMSD: 0.642958, P: 0.747184, R^2: 0.540017
fold= 9
>>>>>>>>>>>>>training.............
###############################################SVM#####################################################
SVM_BET的BA值：-11.191718912257715
SVM_BET:RMSD: 0.727532, P: 0.799446, R^2: 0.611608
SVM_AE的BA值 ：-10.742437798840136
SVM_AE :RMSD: 0.851774, P: 0.746808, R^2: 0.467628
SVM_ECFP的BA值 ：-11.153667712838336
SVM_ECFP :RMSD: 0.842946, P: 0.766826, R^2: 0.478605
SVM_AE_BET的BA值    ：-10.836998225040121
SVM_AE_BET    :RMSD: 0.750848, P: 0.798423, R^2: 0.586314
SVM_AE_ECFP的BA值    ：-10.40455376232018
SVM_AE_ECFP    :RMSD: 0.802444, P: 0.793036, R^2: 0.527506
SVM_BET_ECFP的BA值    ：-11.025564169608426
SVM_BET_ECFP    :RMSD: 0.747842, P: 0.805527, R^2: 0.589620
SVM_AE_BET_ECFP的BA值    ：-10.568856050339626
SVM_AE_BET_ECFP    :RMSD: 0.752953, P: 0.808625, R^2: 0.583991
fold= 10
>>>>>>>>>>>>>training.............
###############################################SVM#####################################################
SVM_BET的BA值：-11.341991327819152
SVM_BET:RMSD: 0.777733, P: 0.759794, R^2: 0.576054
SVM_AE的BA值 ：-11.45771869656205
SVM_AE :RMSD: 0.821902, P: 0.733307, R^2: 0.526533
SVM_ECFP的BA值 ：-10.975225991307338
SVM_ECFP :RMSD: 0.757263, P: 0.774739, R^2: 0.598076
SVM_AE_BET的BA值    ：-11.399855012190601
SVM_AE_BET    :RMSD: 0.773577, P: 0.762660, R^2: 0.580572
SVM_AE_ECFP的BA值    ：-10.670891730431762
SVM_AE_ECFP    :RMSD: 0.747063, P: 0.781497, R^2: 0.608831
SVM_BET_ECFP的BA值    ：-11.112695678643231
SVM_BET_ECFP    :RMSD: 0.735769, P: 0.787789, R^2: 0.620569
SVM_AE_BET_ECFP的BA值    ：-10.894591596227556
SVM_AE_BET_ECFP    :RMSD: 0.740697, P: 0.784878, R^2: 0.615469
@@@@@@@@@@@@@@@@@@@@@@@@@@@@@@@@@@@@@@@@@@@最终结果@@@@@@@@@@@@@@@@@@@@@@@@@@@@@@@@@@@@@@@@@@@@@@@@@@
@@@@@@@@@@@@@@@@@@@@@@@@@@@@@@@@@@@@@@@@@@@最终结果@@@@@@@@@@@@@@@@@@@@@@@@@@@@@@@@@@@@@@@@@@@@@@@@@@
%%%%%%%%%%%%%%%%%%%%%%%%%%%%%%%%%%%%%%%%%%%SVM%%%%%%%%%%%%%%%%%%%%%%%%%%%%%%%%%%%%%%%%%%%%%%%%%%%%%%
SVM_BET:0-th Final RMSD: 0.799974, Final P: 0.777996, Final R^2: 0.604547
SVM_AE :0-th Final RMSD: 0.868622, Final P: 0.730602, Final R^2: 0.533765
SVM_ECFP :0-th Final RMSD: 0.817150, Final P: 0.768679, Final R^2: 0.587383
SVM_AE_BET    :0-th Final RMSD: 0.807146, Final P: 0.774046, Final R^2: 0.597425
SVM_AE_ECFP    :0-th Final RMSD: 0.803447, Final P: 0.780146, Final R^2: 0.601107
SVM_BET_ECFP    :0-th Final RMSD: 0.778167, Final P: 0.793662, Final R^2: 0.625814
SVM_AE_BET_ECFP    :0-th Final RMSD: 0.785141, Final P: 0.790687, Final R^2: 0.619076
0-th SVM_AE的BA值 ：-11.457719
0-th SVM_BET的BA值：-11.431732
0-th SVM_ECFP的BA值 ：-11.207567
0-th SVM_AE_BET的BA值：-11.399855
0-th SVM_AE_ECFP的BA值    ：-11.023602
0-th SVM_BET_ECFP的BA值    ：-11.147565
0-th SVM_AE_BET_ECFP的BA值    ：-11.159645
total time: 0.006400322450531854 h
