size of data: (260,)
size of train size: 208
SVM parameter
Namespace(dataset='CHEMBL1995', C=10, kernel='rbf', gamma='scale', random_seed=0)
fold= 1
>>>>>>>>>>>>>training.............
###############################################SVM#####################################################
SVM_BET的BA值：-10.657467083167301
SVM_BET:RMSD: 0.652432, P: 0.862517, R^2: 0.712337
SVM_AE的BA值 ：-10.519151198965389
SVM_AE :RMSD: 0.717949, P: 0.820963, R^2: 0.651662
SVM_ECFP的BA值 ：-10.912488424036306
SVM_ECFP :RMSD: 0.992580, P: 0.740133, R^2: 0.334199
SVM_AE_BET的BA值    ：-10.588309141066345
SVM_AE_BET    :RMSD: 0.669592, P: 0.851630, R^2: 0.697006
SVM_AE_ECFP的BA值    ：-10.715819811500847
SVM_AE_ECFP    :RMSD: 0.808867, P: 0.815512, R^2: 0.557852
SVM_BET_ECFP的BA值    ：-10.784977753601805
SVM_BET_ECFP    :RMSD: 0.790285, P: 0.834470, R^2: 0.577933
SVM_AE_BET_ECFP的BA值    ：-10.696368902056333
SVM_AE_BET_ECFP    :RMSD: 0.744039, P: 0.841106, R^2: 0.625885
fold= 2
>>>>>>>>>>>>>training.............
###############################################SVM#####################################################
SVM_BET的BA值：-10.750318730241286
SVM_BET:RMSD: 1.091315, P: 0.636421, R^2: 0.387760
SVM_AE的BA值 ：-10.80697316125091
SVM_AE :RMSD: 0.984344, P: 0.713467, R^2: 0.501902
SVM_ECFP的BA值 ：-10.353346611955548
SVM_ECFP :RMSD: 1.073616, P: 0.662459, R^2: 0.407458
SVM_AE_BET的BA值    ：-10.7786459457461
SVM_AE_BET    :RMSD: 1.027743, P: 0.681743, R^2: 0.457012
SVM_AE_ECFP的BA值    ：-10.58015988660323
SVM_AE_ECFP    :RMSD: 0.995834, P: 0.716995, R^2: 0.490206
SVM_BET_ECFP的BA值    ：-10.551832671098417
SVM_BET_ECFP    :RMSD: 1.043329, P: 0.670428, R^2: 0.440419
SVM_AE_BET_ECFP的BA值    ：-10.636879501149247
SVM_AE_BET_ECFP    :RMSD: 1.012881, P: 0.694453, R^2: 0.472603
fold= 3
>>>>>>>>>>>>>training.............
###############################################SVM#####################################################
SVM_BET的BA值：-10.932151882559946
SVM_BET:RMSD: 1.103784, P: 0.685240, R^2: 0.465723
SVM_AE的BA值 ：-10.739153968029058
SVM_AE :RMSD: 0.911396, P: 0.808427, R^2: 0.635739
SVM_ECFP的BA值 ：-10.689962678443027
SVM_ECFP :RMSD: 1.077278, P: 0.733508, R^2: 0.491075
SVM_AE_BET的BA值    ：-10.835652925294502
SVM_AE_BET    :RMSD: 1.001930, P: 0.753363, R^2: 0.559776
SVM_AE_ECFP的BA值    ：-10.714558323236043
SVM_AE_ECFP    :RMSD: 0.965795, P: 0.798094, R^2: 0.590958
SVM_BET_ECFP的BA值    ：-10.811057280501487
SVM_BET_ECFP    :RMSD: 1.057604, P: 0.729113, R^2: 0.509494
SVM_AE_BET_ECFP的BA值    ：-10.787089509677344
SVM_AE_BET_ECFP    :RMSD: 1.000616, P: 0.765182, R^2: 0.560931
fold= 4
>>>>>>>>>>>>>training.............
###############################################SVM#####################################################
SVM_BET的BA值：-11.07923623918176
SVM_BET:RMSD: 0.767002, P: 0.696326, R^2: 0.465931
SVM_AE的BA值 ：-10.625628957926546
SVM_AE :RMSD: 0.766173, P: 0.704943, R^2: 0.467085
SVM_ECFP的BA值 ：-10.82017291036726
SVM_ECFP :RMSD: 0.842521, P: 0.597466, R^2: 0.355585
SVM_AE_BET的BA值    ：-10.852432598554152
SVM_AE_BET    :RMSD: 0.756531, P: 0.707797, R^2: 0.480414
SVM_AE_ECFP的BA值    ：-10.57568993001131
SVM_AE_ECFP    :RMSD: 0.778072, P: 0.683569, R^2: 0.450404
SVM_BET_ECFP的BA值    ：-10.70334413578849
SVM_BET_ECFP    :RMSD: 0.762473, P: 0.693494, R^2: 0.472220
SVM_AE_BET_ECFP的BA值    ：-10.579298407077445
SVM_AE_BET_ECFP    :RMSD: 0.756545, P: 0.703691, R^2: 0.480394
fold= 5
>>>>>>>>>>>>>training.............
###############################################SVM#####################################################
SVM_BET的BA值：-10.880327224246937
SVM_BET:RMSD: 0.841454, P: 0.763374, R^2: 0.546858
SVM_AE的BA值 ：-10.854446523715662
SVM_AE :RMSD: 0.834072, P: 0.762592, R^2: 0.554774
SVM_ECFP的BA值 ：-10.540623270157585
SVM_ECFP :RMSD: 1.007787, P: 0.691720, R^2: 0.350005
SVM_AE_BET的BA值    ：-10.8673868739813
SVM_AE_BET    :RMSD: 0.820481, P: 0.775798, R^2: 0.569166
SVM_AE_ECFP的BA值    ：-10.597271029736497
SVM_AE_ECFP    :RMSD: 0.887172, P: 0.757956, R^2: 0.496280
SVM_BET_ECFP的BA值    ：-10.610211380002134
SVM_BET_ECFP    :RMSD: 0.883931, P: 0.767305, R^2: 0.499955
SVM_AE_BET_ECFP的BA值    ：-10.69162309457331
SVM_AE_BET_ECFP    :RMSD: 0.852906, P: 0.775218, R^2: 0.534441
fold= 6
>>>>>>>>>>>>>training.............
###############################################SVM#####################################################
SVM_BET的BA值：-10.251840998259809
SVM_BET:RMSD: 0.803276, P: 0.719145, R^2: 0.516784
SVM_AE的BA值 ：-10.454852650873864
SVM_AE :RMSD: 0.732953, P: 0.773703, R^2: 0.597687
SVM_ECFP的BA值 ：-10.484232023559036
SVM_ECFP :RMSD: 0.964451, P: 0.566634, R^2: 0.303417
SVM_AE_BET的BA值    ：-10.353346824566836
SVM_AE_BET    :RMSD: 0.760875, P: 0.752733, R^2: 0.566451
SVM_AE_ECFP的BA值    ：-10.46954233721645
SVM_AE_ECFP    :RMSD: 0.803861, P: 0.728880, R^2: 0.516079
SVM_BET_ECFP的BA值    ：-10.368036510909423
SVM_BET_ECFP    :RMSD: 0.841806, P: 0.694377, R^2: 0.469316
SVM_AE_BET_ECFP的BA值    ：-10.396975224230903
SVM_AE_BET_ECFP    :RMSD: 0.790387, P: 0.735216, R^2: 0.532166
fold= 7
>>>>>>>>>>>>>training.............
###############################################SVM#####################################################
SVM_BET的BA值：-9.959655294425934
SVM_BET:RMSD: 0.829983, P: 0.678878, R^2: 0.438887
SVM_AE的BA值 ：-10.321303048116967
SVM_AE :RMSD: 0.733919, P: 0.757694, R^2: 0.561258
SVM_ECFP的BA值 ：-9.700365416267495
SVM_ECFP :RMSD: 1.035419, P: 0.525673, R^2: 0.126738
SVM_AE_BET的BA值    ：-10.128256721783602
SVM_AE_BET    :RMSD: 0.770299, P: 0.727978, R^2: 0.516685
SVM_AE_ECFP的BA值    ：-9.936518601176292
SVM_AE_ECFP    :RMSD: 0.828935, P: 0.708194, R^2: 0.440303
SVM_BET_ECFP的BA值    ：-9.811001933268365
SVM_BET_ECFP    :RMSD: 0.879208, P: 0.652603, R^2: 0.370355
SVM_AE_BET_ECFP的BA值    ：-9.936082532600942
SVM_AE_BET_ECFP    :RMSD: 0.810651, P: 0.707194, R^2: 0.464721
fold= 8
>>>>>>>>>>>>>training.............
###############################################SVM#####################################################
SVM_BET的BA值：-10.426703435554273
SVM_BET:RMSD: 0.745040, P: 0.713934, R^2: 0.497761
SVM_AE的BA值 ：-10.31769457582985
SVM_AE :RMSD: 0.759340, P: 0.698419, R^2: 0.478296
SVM_ECFP的BA值 ：-10.62199132745482
SVM_ECFP :RMSD: 0.741513, P: 0.721638, R^2: 0.502504
SVM_AE_BET的BA值    ：-10.36494775003796
SVM_AE_BET    :RMSD: 0.741968, P: 0.714296, R^2: 0.501895
SVM_AE_ECFP的BA值    ：-10.469842951642335
SVM_AE_ECFP    :RMSD: 0.717343, P: 0.732856, R^2: 0.534409
SVM_BET_ECFP的BA值    ：-10.461540812810883
SVM_BET_ECFP    :RMSD: 0.701920, P: 0.746689, R^2: 0.554214
SVM_AE_BET_ECFP的BA值    ：-10.413592067150539
SVM_AE_BET_ECFP    :RMSD: 0.710995, P: 0.737086, R^2: 0.542612
fold= 9
>>>>>>>>>>>>>training.............
###############################################SVM#####################################################
SVM_BET的BA值：-10.359542077132428
SVM_BET:RMSD: 0.977238, P: 0.617836, R^2: 0.377020
SVM_AE的BA值 ：-10.542833804720182
SVM_AE :RMSD: 0.993426, P: 0.603585, R^2: 0.356209
SVM_ECFP的BA值 ：-10.809098440831198
SVM_ECFP :RMSD: 1.092057, P: 0.490172, R^2: 0.222027
SVM_AE_BET的BA值    ：-10.447643099227658
SVM_AE_BET    :RMSD: 0.973603, P: 0.617962, R^2: 0.381645
SVM_AE_ECFP的BA值    ：-10.672421281077042
SVM_AE_ECFP    :RMSD: 1.011930, P: 0.579379, R^2: 0.332003
SVM_BET_ECFP的BA值    ：-10.584320258981812
SVM_BET_ECFP    :RMSD: 1.021429, P: 0.566811, R^2: 0.319402
SVM_AE_BET_ECFP的BA值    ：-10.568128213095504
SVM_AE_BET_ECFP    :RMSD: 0.995903, P: 0.595232, R^2: 0.352994
fold= 10
>>>>>>>>>>>>>training.............
###############################################SVM#####################################################
SVM_BET的BA值：-10.119791908044663
SVM_BET:RMSD: 0.571236, P: 0.871927, R^2: 0.749833
SVM_AE的BA值 ：-10.209048985999308
SVM_AE :RMSD: 0.604168, P: 0.853032, R^2: 0.720157
SVM_ECFP的BA值 ：-10.456649194878661
SVM_ECFP :RMSD: 0.831547, P: 0.716648, R^2: 0.469881
SVM_AE_BET的BA值    ：-10.164420447021985
SVM_AE_BET    :RMSD: 0.573135, P: 0.870647, R^2: 0.748167
SVM_AE_ECFP的BA值    ：-10.30153598396104
SVM_AE_ECFP    :RMSD: 0.658247, P: 0.825976, R^2: 0.667817
SVM_BET_ECFP的BA值    ：-10.170858457327448
SVM_BET_ECFP    :RMSD: 0.647447, P: 0.834573, R^2: 0.678628
SVM_AE_BET_ECFP的BA值    ：-10.144388380921276
SVM_AE_BET_ECFP    :RMSD: 0.609284, P: 0.852560, R^2: 0.715397
@@@@@@@@@@@@@@@@@@@@@@@@@@@@@@@@@@@@@@@@@@@最终结果@@@@@@@@@@@@@@@@@@@@@@@@@@@@@@@@@@@@@@@@@@@@@@@@@@
@@@@@@@@@@@@@@@@@@@@@@@@@@@@@@@@@@@@@@@@@@@最终结果@@@@@@@@@@@@@@@@@@@@@@@@@@@@@@@@@@@@@@@@@@@@@@@@@@
%%%%%%%%%%%%%%%%%%%%%%%%%%%%%%%%%%%%%%%%%%%SVM%%%%%%%%%%%%%%%%%%%%%%%%%%%%%%%%%%%%%%%%%%%%%%%%%%%%%%
SVM_BET:0-th Final RMSD: 0.854507, Final P: 0.721267, Final R^2: 0.519675
SVM_AE :0-th Final RMSD: 0.812533, Final P: 0.752306, Final R^2: 0.565705
SVM_ECFP :0-th Final RMSD: 0.972627, Final P: 0.642257, Final R^2: 0.377705
SVM_AE_BET    :0-th Final RMSD: 0.821778, Final P: 0.745745, Final R^2: 0.555765
SVM_AE_ECFP    :0-th Final RMSD: 0.853017, Final P: 0.736021, Final R^2: 0.521349
SVM_BET_ECFP    :0-th Final RMSD: 0.873565, Final P: 0.718125, Final R^2: 0.498012
SVM_AE_BET_ECFP    :0-th Final RMSD: 0.838510, Final P: 0.741228, Final R^2: 0.537491
0-th SVM_AE的BA值 ：-10.854447
0-th SVM_BET的BA值：-11.079236
0-th SVM_ECFP的BA值 ：-10.912488
0-th SVM_AE_BET的BA值：-10.867387
0-th SVM_AE_ECFP的BA值    ：-10.715820
0-th SVM_BET_ECFP的BA值    ：-10.811057
0-th SVM_AE_BET_ECFP的BA值    ：-10.787090
total time: 0.0022895112964842054 h
