size of data: (469,)
size of train size: 375
SVM parameter
Namespace(dataset='CHEMBL1741179', C=10, kernel='rbf', gamma='scale', random_seed=0)
fold= 1
>>>>>>>>>>>>>training.............
###############################################SVM#####################################################
SVM_BET的BA值：-8.284576652163727
SVM_BET:RMSD: 0.465909, P: 0.607446, R^2: 0.341261
SVM_AE的BA值 ：-8.149358371975191
SVM_AE :RMSD: 0.415271, P: 0.728593, R^2: 0.476671
SVM_ECFP的BA值 ：-8.229659554700795
SVM_ECFP :RMSD: 0.543008, P: 0.484829, R^2: 0.105208
SVM_AE_BET的BA值    ：-8.180223139932501
SVM_AE_BET    :RMSD: 0.433330, P: 0.692369, R^2: 0.430168
SVM_AE_ECFP的BA值    ：-8.189508963337992
SVM_AE_ECFP    :RMSD: 0.467935, P: 0.669714, R^2: 0.335521
SVM_BET_ECFP的BA值    ：-8.220373731295304
SVM_BET_ECFP    :RMSD: 0.493357, P: 0.586108, R^2: 0.261360
SVM_AE_BET_ECFP的BA值    ：-8.196701944855265
SVM_AE_BET_ECFP    :RMSD: 0.461420, P: 0.663167, R^2: 0.353895
fold= 2
>>>>>>>>>>>>>training.............
###############################################SVM#####################################################
SVM_BET的BA值：-8.148645837750816
SVM_BET:RMSD: 0.383345, P: 0.648547, R^2: 0.408965
SVM_AE的BA值 ：-8.111399595462823
SVM_AE :RMSD: 0.384591, P: 0.645535, R^2: 0.405120
SVM_ECFP的BA值 ：-8.161405229987638
SVM_ECFP :RMSD: 0.454831, P: 0.500287, R^2: 0.167984
SVM_AE_BET的BA值    ：-8.094792865676158
SVM_AE_BET    :RMSD: 0.376441, P: 0.670773, R^2: 0.430062
SVM_AE_ECFP的BA值    ：-8.102985255953946
SVM_AE_ECFP    :RMSD: 0.400442, P: 0.627831, R^2: 0.355073
SVM_BET_ECFP的BA值    ：-8.153134267283923
SVM_BET_ECFP    :RMSD: 0.403131, P: 0.627768, R^2: 0.346382
SVM_AE_BET_ECFP的BA值    ：-8.116970796304676
SVM_AE_BET_ECFP    :RMSD: 0.388240, P: 0.655955, R^2: 0.393778
fold= 3
>>>>>>>>>>>>>training.............
###############################################SVM#####################################################
SVM_BET的BA值：-8.21637921867899
SVM_BET:RMSD: 0.465052, P: 0.635689, R^2: 0.383207
SVM_AE的BA值 ：-8.200401037989593
SVM_AE :RMSD: 0.501915, P: 0.547062, R^2: 0.281549
SVM_ECFP的BA值 ：-8.126308071855986
SVM_ECFP :RMSD: 0.561548, P: 0.497716, R^2: 0.100688
SVM_AE_BET的BA值    ：-8.185446952970192
SVM_AE_BET    :RMSD: 0.479365, P: 0.603458, R^2: 0.344657
SVM_AE_ECFP的BA值    ：-8.122775171982726
SVM_AE_ECFP    :RMSD: 0.517144, P: 0.559641, R^2: 0.237289
SVM_BET_ECFP的BA值    ：-8.109208998897447
SVM_BET_ECFP    :RMSD: 0.498234, P: 0.622046, R^2: 0.292049
SVM_AE_BET_ECFP的BA值    ：-8.13914370795012
SVM_AE_BET_ECFP    :RMSD: 0.494226, P: 0.603267, R^2: 0.303393
fold= 4
>>>>>>>>>>>>>training.............
###############################################SVM#####################################################
SVM_BET的BA值：-8.188291552345277
SVM_BET:RMSD: 0.427694, P: 0.495572, R^2: 0.215567
SVM_AE的BA值 ：-8.234825598123617
SVM_AE :RMSD: 0.413398, P: 0.535655, R^2: 0.267131
SVM_ECFP的BA值 ：-8.055875509003872
SVM_ECFP :RMSD: 0.443713, P: 0.432304, R^2: 0.155706
SVM_AE_BET的BA值    ：-8.211558575234447
SVM_AE_BET    :RMSD: 0.416030, P: 0.526082, R^2: 0.257772
SVM_AE_ECFP的BA值    ：-8.086926326915805
SVM_AE_ECFP    :RMSD: 0.412921, P: 0.520970, R^2: 0.268823
SVM_BET_ECFP的BA值    ：-8.063659304026634
SVM_BET_ECFP    :RMSD: 0.419049, P: 0.498825, R^2: 0.246959
SVM_AE_BET_ECFP的BA值    ：-8.120714735392296
SVM_AE_BET_ECFP    :RMSD: 0.411777, P: 0.522545, R^2: 0.272868
fold= 5
>>>>>>>>>>>>>training.............
###############################################SVM#####################################################
SVM_BET的BA值：-8.183646083617596
SVM_BET:RMSD: 0.418489, P: 0.683417, R^2: 0.452208
SVM_AE的BA值 ：-8.268602568296416
SVM_AE :RMSD: 0.371693, P: 0.758720, R^2: 0.567866
SVM_ECFP的BA值 ：-8.203956326524766
SVM_ECFP :RMSD: 0.474122, P: 0.619793, R^2: 0.296881
SVM_AE_BET的BA值    ：-8.226124325957006
SVM_AE_BET    :RMSD: 0.387651, P: 0.740710, R^2: 0.529965
SVM_AE_ECFP的BA值    ：-8.229857546239945
SVM_AE_ECFP    :RMSD: 0.404396, P: 0.736967, R^2: 0.488480
SVM_BET_ECFP的BA值    ：-8.187379303900535
SVM_BET_ECFP    :RMSD: 0.433845, P: 0.680081, R^2: 0.411267
SVM_AE_BET_ECFP的BA值    ：-8.214453725365829
SVM_AE_BET_ECFP    :RMSD: 0.404151, P: 0.729502, R^2: 0.489099
fold= 6
>>>>>>>>>>>>>training.............
###############################################SVM#####################################################
SVM_BET的BA值：-8.24646560644129
SVM_BET:RMSD: 0.389384, P: 0.611438, R^2: 0.373516
SVM_AE的BA值 ：-8.239741674599834
SVM_AE :RMSD: 0.340801, P: 0.729447, R^2: 0.520094
SVM_ECFP的BA值 ：-8.188993745155491
SVM_ECFP :RMSD: 0.419075, P: 0.599563, R^2: 0.274332
SVM_AE_BET的BA值    ：-8.243103640520562
SVM_AE_BET    :RMSD: 0.360288, P: 0.685187, R^2: 0.463642
SVM_AE_ECFP的BA值    ：-8.214367709877664
SVM_AE_ECFP    :RMSD: 0.363486, P: 0.699784, R^2: 0.454079
SVM_BET_ECFP的BA值    ：-8.217729675798392
SVM_BET_ECFP    :RMSD: 0.391595, P: 0.626670, R^2: 0.366381
SVM_AE_BET_ECFP的BA值    ：-8.225067008732205
SVM_AE_BET_ECFP    :RMSD: 0.367834, P: 0.677928, R^2: 0.440941
fold= 7
>>>>>>>>>>>>>training.............
###############################################SVM#####################################################
SVM_BET的BA值：-8.25765237201166
SVM_BET:RMSD: 0.500445, P: 0.444757, R^2: 0.171671
SVM_AE的BA值 ：-8.270567631602962
SVM_AE :RMSD: 0.489213, P: 0.497713, R^2: 0.208438
SVM_ECFP的BA值 ：-8.294783325560239
SVM_ECFP :RMSD: 0.546285, P: 0.385181, R^2: 0.012973
SVM_AE_BET的BA值    ：-8.24534330467649
SVM_AE_BET    :RMSD: 0.490118, P: 0.480743, R^2: 0.205507
SVM_AE_ECFP的BA值    ：-8.206953446755037
SVM_AE_ECFP    :RMSD: 0.500070, P: 0.465122, R^2: 0.172912
SVM_BET_ECFP的BA值    ：-8.194173108321088
SVM_BET_ECFP    :RMSD: 0.505465, P: 0.440306, R^2: 0.154972
SVM_AE_BET_ECFP的BA值    ：-8.176193237622586
SVM_AE_BET_ECFP    :RMSD: 0.493842, P: 0.467808, R^2: 0.193387
fold= 8
>>>>>>>>>>>>>training.............
###############################################SVM#####################################################
SVM_BET的BA值：-8.268547383915102
SVM_BET:RMSD: 0.398066, P: 0.599132, R^2: 0.358841
SVM_AE的BA值 ：-8.350807338089847
SVM_AE :RMSD: 0.406158, P: 0.579695, R^2: 0.332508
SVM_ECFP的BA值 ：-8.261307314389615
SVM_ECFP :RMSD: 0.497785, P: 0.380998, R^2: -0.002625
SVM_AE_BET的BA值    ：-8.309677361002475
SVM_AE_BET    :RMSD: 0.395076, P: 0.607710, R^2: 0.368436
SVM_AE_ECFP的BA值    ：-8.306057326239731
SVM_AE_ECFP    :RMSD: 0.436704, P: 0.524014, R^2: 0.228332
SVM_BET_ECFP的BA值    ：-8.264927349152359
SVM_BET_ECFP    :RMSD: 0.430191, P: 0.535676, R^2: 0.251178
SVM_AE_BET_ECFP的BA值    ：-8.293554012131521
SVM_AE_BET_ECFP    :RMSD: 0.415830, P: 0.567579, R^2: 0.300340
fold= 9
>>>>>>>>>>>>>training.............
###############################################SVM#####################################################
SVM_BET的BA值：-8.298273227978195
SVM_BET:RMSD: 0.430540, P: 0.634674, R^2: 0.402090
SVM_AE的BA值 ：-8.20539883128977
SVM_AE :RMSD: 0.450190, P: 0.593192, R^2: 0.346266
SVM_ECFP的BA值 ：-8.277568292685046
SVM_ECFP :RMSD: 0.521021, P: 0.517650, R^2: 0.124371
SVM_AE_BET的BA值    ：-8.231015430939607
SVM_AE_BET    :RMSD: 0.434690, P: 0.627154, R^2: 0.390508
SVM_AE_ECFP的BA值    ：-8.21327220509552
SVM_AE_ECFP    :RMSD: 0.471897, P: 0.580622, R^2: 0.281703
SVM_BET_ECFP的BA值    ：-8.28792076033162
SVM_BET_ECFP    :RMSD: 0.457179, P: 0.612366, R^2: 0.325809
SVM_AE_BET_ECFP的BA值    ：-8.216431497361754
SVM_AE_BET_ECFP    :RMSD: 0.450077, P: 0.614260, R^2: 0.346594
fold= 10
>>>>>>>>>>>>>training.............
###############################################SVM#####################################################
SVM_BET的BA值：-8.161983989071649
SVM_BET:RMSD: 0.413568, P: 0.516219, R^2: 0.144535
SVM_AE的BA值 ：-8.150317778222899
SVM_AE :RMSD: 0.427401, P: 0.492387, R^2: 0.086350
SVM_ECFP的BA值 ：-8.26620609792697
SVM_ECFP :RMSD: 0.417823, P: 0.369381, R^2: 0.126840
SVM_AE_BET的BA值    ：-8.156150883647275
SVM_AE_BET    :RMSD: 0.416035, P: 0.512978, R^2: 0.134297
SVM_AE_ECFP的BA值    ：-8.208261938074934
SVM_AE_ECFP    :RMSD: 0.400535, P: 0.474444, R^2: 0.197600
SVM_BET_ECFP的BA值    ：-8.21409504349931
SVM_BET_ECFP    :RMSD: 0.394377, P: 0.493304, R^2: 0.222084
SVM_AE_BET_ECFP的BA值    ：-8.19283595507384
SVM_AE_BET_ECFP    :RMSD: 0.398316, P: 0.502391, R^2: 0.206467
@@@@@@@@@@@@@@@@@@@@@@@@@@@@@@@@@@@@@@@@@@@最终结果@@@@@@@@@@@@@@@@@@@@@@@@@@@@@@@@@@@@@@@@@@@@@@@@@@
@@@@@@@@@@@@@@@@@@@@@@@@@@@@@@@@@@@@@@@@@@@最终结果@@@@@@@@@@@@@@@@@@@@@@@@@@@@@@@@@@@@@@@@@@@@@@@@@@
%%%%%%%%%%%%%%%%%%%%%%%%%%%%%%%%%%%%%%%%%%%SVM%%%%%%%%%%%%%%%%%%%%%%%%%%%%%%%%%%%%%%%%%%%%%%%%%%%%%%
SVM_BET:0-th Final RMSD: 0.430765, Final P: 0.583908, Final R^2: 0.340651
SVM_AE :0-th Final RMSD: 0.422733, Final P: 0.604684, Final R^2: 0.365011
SVM_ECFP :0-th Final RMSD: 0.490716, Final P: 0.471866, Final R^2: 0.144351
SVM_AE_BET    :0-th Final RMSD: 0.420816, Final P: 0.609051, Final R^2: 0.370757
SVM_AE_ECFP    :0-th Final RMSD: 0.440173, Final P: 0.579972, Final R^2: 0.311537
SVM_BET_ECFP    :0-th Final RMSD: 0.444671, Final P: 0.568361, Final R^2: 0.297393
SVM_AE_BET_ECFP    :0-th Final RMSD: 0.430661, Final P: 0.595309, Final R^2: 0.340970
0-th SVM_AE的BA值 ：-8.350807
0-th SVM_BET的BA值：-8.298273
0-th SVM_ECFP的BA值 ：-8.294783
0-th SVM_AE_BET的BA值：-8.309677
0-th SVM_AE_ECFP的BA值    ：-8.306057
0-th SVM_BET_ECFP的BA值    ：-8.287921
0-th SVM_AE_BET_ECFP的BA值    ：-8.293554
total time: 0.004836483465300666 h
