size of data: (1353,)
size of train size: 1082
SVM parameter
Namespace(dataset='CHEMBL4616', C=5, kernel='rbf', gamma='scale', random_seed=0)
fold= 1
>>>>>>>>>>>>>training.............
###############################################SVM#####################################################
SVM_BET的BA值：-13.22959985576157
SVM_BET:RMSD: 1.093181, P: 0.621796, R^2: 0.366955
SVM_AE的BA值 ：-13.5027820243709
SVM_AE :RMSD: 1.068862, P: 0.645447, R^2: 0.394807
SVM_ECFP的BA值 ：-12.613385089459916
SVM_ECFP :RMSD: 1.085334, P: 0.625581, R^2: 0.376010
SVM_AE_BET的BA值    ：-13.366190940066236
SVM_AE_BET    :RMSD: 1.059570, P: 0.646095, R^2: 0.405284
SVM_AE_ECFP的BA值    ：-13.052239198634352
SVM_AE_ECFP    :RMSD: 1.037254, P: 0.662611, R^2: 0.430072
SVM_BET_ECFP的BA值    ：-12.915648114329688
SVM_BET_ECFP    :RMSD: 1.044976, P: 0.652666, R^2: 0.421554
SVM_AE_BET_ECFP的BA值    ：-13.11135941767676
SVM_AE_BET_ECFP    :RMSD: 1.035308, P: 0.661592, R^2: 0.432207
fold= 2
>>>>>>>>>>>>>training.............
###############################################SVM#####################################################
SVM_BET的BA值：-13.45570269295494
SVM_BET:RMSD: 1.102372, P: 0.755516, R^2: 0.548231
SVM_AE的BA值 ：-13.423147144949748
SVM_AE :RMSD: 1.157742, P: 0.738287, R^2: 0.501709
SVM_ECFP的BA值 ：-13.253070311517831
SVM_ECFP :RMSD: 1.144154, P: 0.748675, R^2: 0.513337
SVM_AE_BET的BA值    ：-13.439424918952344
SVM_AE_BET    :RMSD: 1.103275, P: 0.762778, R^2: 0.547491
SVM_AE_ECFP的BA值    ：-13.272429590664649
SVM_AE_ECFP    :RMSD: 1.111760, P: 0.769309, R^2: 0.540504
SVM_BET_ECFP的BA值    ：-13.300408074830305
SVM_BET_ECFP    :RMSD: 1.086561, P: 0.775554, R^2: 0.561098
SVM_AE_BET_ECFP的BA值    ：-13.29753500649069
SVM_AE_BET_ECFP    :RMSD: 1.088867, P: 0.776633, R^2: 0.559233
fold= 3
>>>>>>>>>>>>>training.............
###############################################SVM#####################################################
SVM_BET的BA值：-13.114343598606695
SVM_BET:RMSD: 1.098238, P: 0.677686, R^2: 0.446366
SVM_AE的BA值 ：-13.1758331481156
SVM_AE :RMSD: 1.055212, P: 0.707581, R^2: 0.488896
SVM_ECFP的BA值 ：-12.99787846957618
SVM_ECFP :RMSD: 1.113522, P: 0.659466, R^2: 0.430850
SVM_AE_BET的BA值    ：-13.145088373361148
SVM_AE_BET    :RMSD: 1.057594, P: 0.703040, R^2: 0.486587
SVM_AE_ECFP的BA值    ：-13.08685580884589
SVM_AE_ECFP    :RMSD: 1.036777, P: 0.714151, R^2: 0.506600
SVM_BET_ECFP的BA值    ：-13.056111034091437
SVM_BET_ECFP    :RMSD: 1.057377, P: 0.698680, R^2: 0.486798
SVM_AE_BET_ECFP的BA值    ：-13.096018405432824
SVM_AE_BET_ECFP    :RMSD: 1.037427, P: 0.712977, R^2: 0.505980
fold= 4
>>>>>>>>>>>>>training.............
###############################################SVM#####################################################
SVM_BET的BA值：-12.537555776676509
SVM_BET:RMSD: 1.057095, P: 0.741481, R^2: 0.541168
SVM_AE的BA值 ：-12.714988083803156
SVM_AE :RMSD: 1.026730, P: 0.757328, R^2: 0.567149
SVM_ECFP的BA值 ：-12.259761966503273
SVM_ECFP :RMSD: 1.052033, P: 0.746985, R^2: 0.545551
SVM_AE_BET的BA值    ：-12.626271930239833
SVM_AE_BET    :RMSD: 1.026725, P: 0.760142, R^2: 0.567153
SVM_AE_ECFP的BA值    ：-12.396478926580087
SVM_AE_ECFP    :RMSD: 1.010379, P: 0.773145, R^2: 0.580826
SVM_BET_ECFP的BA值    ：-12.387180375399357
SVM_BET_ECFP    :RMSD: 1.025152, P: 0.765463, R^2: 0.568479
SVM_AE_BET_ECFP的BA值    ：-12.443504543278896
SVM_AE_BET_ECFP    :RMSD: 1.012448, P: 0.772160, R^2: 0.579107
fold= 5
>>>>>>>>>>>>>training.............
###############################################SVM#####################################################
SVM_BET的BA值：-13.032368918913333
SVM_BET:RMSD: 1.088136, P: 0.718405, R^2: 0.515843
SVM_AE的BA值 ：-13.141554560213113
SVM_AE :RMSD: 1.076416, P: 0.731968, R^2: 0.526217
SVM_ECFP的BA值 ：-13.09841573733539
SVM_ECFP :RMSD: 1.133537, P: 0.689006, R^2: 0.474599
SVM_AE_BET的BA值    ：-13.086961739563222
SVM_AE_BET    :RMSD: 1.062644, P: 0.737048, R^2: 0.538262
SVM_AE_ECFP的BA值    ：-13.119985148774251
SVM_AE_ECFP    :RMSD: 1.059845, P: 0.741918, R^2: 0.540691
SVM_BET_ECFP的BA值    ：-13.06539232812436
SVM_BET_ECFP    :RMSD: 1.071819, P: 0.729471, R^2: 0.530254
SVM_AE_BET_ECFP的BA值    ：-13.09077973882061
SVM_AE_BET_ECFP    :RMSD: 1.052906, P: 0.744225, R^2: 0.546686
fold= 6
>>>>>>>>>>>>>training.............
###############################################SVM#####################################################
SVM_BET的BA值：-13.70756716296702
SVM_BET:RMSD: 1.067048, P: 0.698371, R^2: 0.487245
SVM_AE的BA值 ：-13.133869170438661
SVM_AE :RMSD: 1.097513, P: 0.683053, R^2: 0.457548
SVM_ECFP的BA值 ：-13.385294058874685
SVM_ECFP :RMSD: 1.101703, P: 0.674660, R^2: 0.453398
SVM_AE_BET的BA值    ：-13.34639274845524
SVM_AE_BET    :RMSD: 1.056946, P: 0.709874, R^2: 0.496908
SVM_AE_ECFP的BA值    ：-13.259581614656673
SVM_AE_ECFP    :RMSD: 1.057248, P: 0.708914, R^2: 0.496620
SVM_BET_ECFP的BA值    ：-13.311783826498539
SVM_BET_ECFP    :RMSD: 1.044129, P: 0.714950, R^2: 0.509035
SVM_AE_BET_ECFP的BA值    ：-13.252478941145247
SVM_AE_BET_ECFP    :RMSD: 1.040490, P: 0.720838, R^2: 0.512451
fold= 7
>>>>>>>>>>>>>training.............
###############################################SVM#####################################################
SVM_BET的BA值：-13.283168423614574
SVM_BET:RMSD: 1.017655, P: 0.754228, R^2: 0.550257
SVM_AE的BA值 ：-13.41219654696083
SVM_AE :RMSD: 0.989340, P: 0.763204, R^2: 0.574936
SVM_ECFP的BA值 ：-13.67763157045832
SVM_ECFP :RMSD: 1.034233, P: 0.742468, R^2: 0.535485
SVM_AE_BET的BA值    ：-13.268746965525693
SVM_AE_BET    :RMSD: 0.985007, P: 0.768505, R^2: 0.578651
SVM_AE_ECFP的BA值    ：-13.457029104075852
SVM_AE_ECFP    :RMSD: 0.974926, P: 0.775166, R^2: 0.587232
SVM_BET_ECFP的BA值    ：-13.448731862118548
SVM_BET_ECFP    :RMSD: 0.989155, P: 0.770279, R^2: 0.575095
SVM_AE_BET_ECFP的BA值    ：-13.377963453976827
SVM_AE_BET_ECFP    :RMSD: 0.972542, P: 0.777121, R^2: 0.589248
fold= 8
>>>>>>>>>>>>>training.............
###############################################SVM#####################################################
SVM_BET的BA值：-13.01665477207281
SVM_BET:RMSD: 1.006877, P: 0.693572, R^2: 0.462819
SVM_AE的BA值 ：-13.125440618508165
SVM_AE :RMSD: 1.006061, P: 0.693133, R^2: 0.463689
SVM_ECFP的BA值 ：-13.593275326376235
SVM_ECFP :RMSD: 1.020659, P: 0.688788, R^2: 0.448013
SVM_AE_BET的BA值    ：-13.022208304907405
SVM_AE_BET    :RMSD: 0.983417, P: 0.707121, R^2: 0.487559
SVM_AE_ECFP的BA值    ：-13.3593579724422
SVM_AE_ECFP    :RMSD: 0.968538, P: 0.720674, R^2: 0.502948
SVM_BET_ECFP的BA值    ：-13.179760823200844
SVM_BET_ECFP    :RMSD: 0.972469, P: 0.716719, R^2: 0.498906
SVM_AE_BET_ECFP的BA值    ：-13.161654088303285
SVM_AE_BET_ECFP    :RMSD: 0.962392, P: 0.722449, R^2: 0.509237
fold= 9
>>>>>>>>>>>>>training.............
###############################################SVM#####################################################
SVM_BET的BA值：-13.317663183413936
SVM_BET:RMSD: 1.011217, P: 0.745456, R^2: 0.555496
SVM_AE的BA值 ：-13.521578962572047
SVM_AE :RMSD: 1.056989, P: 0.717473, R^2: 0.514345
SVM_ECFP的BA值 ：-12.82321313009263
SVM_ECFP :RMSD: 1.076181, P: 0.704999, R^2: 0.496548
SVM_AE_BET的BA值    ：-13.419621072992992
SVM_AE_BET    :RMSD: 1.014431, P: 0.744257, R^2: 0.552665
SVM_AE_ECFP的BA值    ：-12.854927027550328
SVM_AE_ECFP    :RMSD: 1.021263, P: 0.742928, R^2: 0.546620
SVM_BET_ECFP的BA值    ：-12.752969137971274
SVM_BET_ECFP    :RMSD: 1.001753, P: 0.754179, R^2: 0.563777
SVM_AE_BET_ECFP的BA值    ：-13.009172412838197
SVM_AE_BET_ECFP    :RMSD: 1.000238, P: 0.755490, R^2: 0.565096
fold= 10
>>>>>>>>>>>>>training.............
###############################################SVM#####################################################
SVM_BET的BA值：-12.784342608582069
SVM_BET:RMSD: 0.869622, P: 0.799063, R^2: 0.636244
SVM_AE的BA值 ：-13.049569946014511
SVM_AE :RMSD: 0.905752, P: 0.778880, R^2: 0.605391
SVM_ECFP的BA值 ：-12.428433607851089
SVM_ECFP :RMSD: 0.956389, P: 0.749007, R^2: 0.560035
SVM_AE_BET的BA值    ：-12.901106530732303
SVM_AE_BET    :RMSD: 0.867014, P: 0.800461, R^2: 0.638423
SVM_AE_ECFP的BA值    ：-12.522832595337423
SVM_AE_ECFP    :RMSD: 0.885698, P: 0.791505, R^2: 0.622670
SVM_BET_ECFP的BA值    ：-12.406068673187189
SVM_BET_ECFP    :RMSD: 0.865769, P: 0.802206, R^2: 0.639460
SVM_AE_BET_ECFP的BA值    ：-12.610002599752306
SVM_AE_BET_ECFP    :RMSD: 0.859691, P: 0.805581, R^2: 0.644505
@@@@@@@@@@@@@@@@@@@@@@@@@@@@@@@@@@@@@@@@@@@最终结果@@@@@@@@@@@@@@@@@@@@@@@@@@@@@@@@@@@@@@@@@@@@@@@@@@
@@@@@@@@@@@@@@@@@@@@@@@@@@@@@@@@@@@@@@@@@@@最终结果@@@@@@@@@@@@@@@@@@@@@@@@@@@@@@@@@@@@@@@@@@@@@@@@@@
%%%%%%%%%%%%%%%%%%%%%%%%%%%%%%%%%%%%%%%%%%%SVM%%%%%%%%%%%%%%%%%%%%%%%%%%%%%%%%%%%%%%%%%%%%%%%%%%%%%%
SVM_BET:0-th Final RMSD: 1.043422, Final P: 0.721170, Final R^2: 0.519542
SVM_AE :0-th Final RMSD: 1.046163, Final P: 0.719193, Final R^2: 0.517015
SVM_ECFP :0-th Final RMSD: 1.073249, Final P: 0.701481, Final R^2: 0.491681
SVM_AE_BET    :0-th Final RMSD: 1.023689, Final P: 0.733321, Final R^2: 0.537543
SVM_AE_ECFP    :0-th Final RMSD: 1.018173, Final P: 0.738684, Final R^2: 0.542513
SVM_BET_ECFP    :0-th Final RMSD: 1.017834, Final P: 0.738201, Final R^2: 0.542818
SVM_AE_BET_ECFP    :0-th Final RMSD: 1.008153, Final P: 0.744483, Final R^2: 0.551474
0-th SVM_AE的BA值 ：-13.521579
0-th SVM_BET的BA值：-13.707567
0-th SVM_ECFP的BA值 ：-13.677632
0-th SVM_AE_BET的BA值：-13.439425
0-th SVM_AE_ECFP的BA值    ：-13.457029
0-th SVM_BET_ECFP的BA值    ：-13.448732
0-th SVM_AE_BET_ECFP的BA值    ：-13.377963
total time: 0.02779411964946323 h
