size of data: (194,)
size of train size: 155
SVM parameter
Namespace(dataset='CHEMBL3106', C=10, kernel='rbf', gamma='scale', random_seed=0)
fold= 1
>>>>>>>>>>>>>training.............
###############################################SVM#####################################################
SVM_BET的BA值：-8.993375014245803
SVM_BET:RMSD: 0.717000, P: 0.877446, R^2: 0.653534
SVM_AE的BA值 ：-9.309249200261286
SVM_AE :RMSD: 0.693732, P: 0.900865, R^2: 0.675657
SVM_ECFP的BA值 ：-8.50230147865031
SVM_ECFP :RMSD: 0.803827, P: 0.947273, R^2: 0.564541
SVM_AE_BET的BA值    ：-9.071201446537438
SVM_AE_BET    :RMSD: 0.697209, P: 0.897376, R^2: 0.672398
SVM_AE_ECFP的BA值    ：-8.85923513444066
SVM_AE_ECFP    :RMSD: 0.730579, P: 0.935200, R^2: 0.640288
SVM_BET_ECFP的BA值    ：-8.747838246448056
SVM_BET_ECFP    :RMSD: 0.746395, P: 0.918141, R^2: 0.624544
SVM_AE_BET_ECFP的BA值    ：-8.857812605472304
SVM_AE_BET_ECFP    :RMSD: 0.720055, P: 0.919581, R^2: 0.650576
fold= 2
>>>>>>>>>>>>>training.............
###############################################SVM#####################################################
SVM_BET的BA值：-8.916507823807521
SVM_BET:RMSD: 0.761418, P: 0.550838, R^2: 0.243300
SVM_AE的BA值 ：-9.248218463472043
SVM_AE :RMSD: 0.864662, P: 0.431710, R^2: 0.024178
SVM_ECFP的BA值 ：-8.632043801640853
SVM_ECFP :RMSD: 0.780332, P: 0.488192, R^2: 0.205237
SVM_AE_BET的BA值    ：-9.082363143639782
SVM_AE_BET    :RMSD: 0.804061, P: 0.498213, R^2: 0.156169
SVM_AE_ECFP的BA值    ：-8.899185380091945
SVM_AE_ECFP    :RMSD: 0.807738, P: 0.468128, R^2: 0.148431
SVM_BET_ECFP的BA值    ：-8.733330060259684
SVM_BET_ECFP    :RMSD: 0.752957, P: 0.538237, R^2: 0.260024
SVM_AE_BET_ECFP的BA值    ：-8.904959527997137
SVM_AE_BET_ECFP    :RMSD: 0.783672, P: 0.504983, R^2: 0.198420
fold= 3
>>>>>>>>>>>>>training.............
###############################################SVM#####################################################
SVM_BET的BA值：-9.918050653979822
SVM_BET:RMSD: 0.866780, P: 0.822530, R^2: 0.627309
SVM_AE的BA值 ：-9.819052140846123
SVM_AE :RMSD: 0.748251, P: 0.885633, R^2: 0.722268
SVM_ECFP的BA值 ：-8.273512994511403
SVM_ECFP :RMSD: 1.219500, P: 0.554166, R^2: 0.262274
SVM_AE_BET的BA值    ：-9.868551397412972
SVM_AE_BET    :RMSD: 0.798769, P: 0.863863, R^2: 0.683500
SVM_AE_ECFP的BA值    ：-8.817197615164094
SVM_AE_ECFP    :RMSD: 0.947644, P: 0.831275, R^2: 0.554526
SVM_BET_ECFP的BA值    ：-8.866696871730943
SVM_BET_ECFP    :RMSD: 1.005259, P: 0.781906, R^2: 0.498711
SVM_AE_BET_ECFP的BA值    ：-9.184148628102669
SVM_AE_BET_ECFP    :RMSD: 0.906033, P: 0.842206, R^2: 0.592789
fold= 4
>>>>>>>>>>>>>training.............
###############################################SVM#####################################################
SVM_BET的BA值：-10.124090483808196
SVM_BET:RMSD: 0.777542, P: 0.716639, R^2: 0.244406
SVM_AE的BA值 ：-10.163358347346094
SVM_AE :RMSD: 0.703804, P: 0.739126, R^2: 0.380924
SVM_ECFP的BA值 ：-10.279808623917447
SVM_ECFP :RMSD: 0.966597, P: 0.542256, R^2: -0.167701
SVM_AE_BET的BA值    ：-10.143724415577145
SVM_AE_BET    :RMSD: 0.734620, P: 0.731655, R^2: 0.325524
SVM_AE_ECFP的BA值    ：-10.22158348563177
SVM_AE_ECFP    :RMSD: 0.818595, P: 0.656668, R^2: 0.162511
SVM_BET_ECFP的BA值    ：-10.201949553862821
SVM_BET_ECFP    :RMSD: 0.860604, P: 0.641213, R^2: 0.074348
SVM_AE_BET_ECFP的BA值    ：-10.189085818357245
SVM_AE_BET_ECFP    :RMSD: 0.800514, P: 0.680499, R^2: 0.199100
fold= 5
>>>>>>>>>>>>>training.............
###############################################SVM#####################################################
SVM_BET的BA值：-10.150590053230697
SVM_BET:RMSD: 0.623927, P: 0.923573, R^2: 0.799627
SVM_AE的BA值 ：-10.16395796701514
SVM_AE :RMSD: 0.705034, P: 0.894353, R^2: 0.744147
SVM_ECFP的BA值 ：-9.607122708361194
SVM_ECFP :RMSD: 0.840407, P: 0.863860, R^2: 0.636462
SVM_AE_BET的BA值    ：-10.157274010122919
SVM_AE_BET    :RMSD: 0.658640, P: 0.913814, R^2: 0.776711
SVM_AE_ECFP的BA值    ：-9.885540337688166
SVM_AE_ECFP    :RMSD: 0.762267, P: 0.885118, R^2: 0.700922
SVM_BET_ECFP的BA值    ：-9.878856380795945
SVM_BET_ECFP    :RMSD: 0.718796, P: 0.904187, R^2: 0.734061
SVM_AE_BET_ECFP的BA值    ：-9.97389024286901
SVM_AE_BET_ECFP    :RMSD: 0.709731, P: 0.903356, R^2: 0.740727
fold= 6
>>>>>>>>>>>>>training.............
###############################################SVM#####################################################
SVM_BET的BA值：-10.164057595659319
SVM_BET:RMSD: 0.458133, P: 0.956659, R^2: 0.877985
SVM_AE的BA值 ：-10.185580087039769
SVM_AE :RMSD: 0.497688, P: 0.950173, R^2: 0.856006
SVM_ECFP的BA值 ：-10.721460160305634
SVM_ECFP :RMSD: 0.768096, P: 0.829740, R^2: 0.657026
SVM_AE_BET的BA值    ：-9.994663252068664
SVM_AE_BET    :RMSD: 0.465419, P: 0.959111, R^2: 0.874073
SVM_AE_ECFP的BA值    ：-10.453520123672702
SVM_AE_ECFP    :RMSD: 0.598859, P: 0.917350, R^2: 0.791513
SVM_BET_ECFP的BA值    ：-10.262603288701596
SVM_BET_ECFP    :RMSD: 0.557116, P: 0.938703, R^2: 0.819565
SVM_AE_BET_ECFP的BA值    ：-10.236928888147654
SVM_AE_BET_ECFP    :RMSD: 0.526514, P: 0.946970, R^2: 0.838843
fold= 7
>>>>>>>>>>>>>training.............
###############################################SVM#####################################################
SVM_BET的BA值：-8.514058239534068
SVM_BET:RMSD: 0.733012, P: 0.601961, R^2: 0.318688
SVM_AE的BA值 ：-8.35136077535656
SVM_AE :RMSD: 0.656466, P: 0.689645, R^2: 0.453553
SVM_ECFP的BA值 ：-8.506691532620197
SVM_ECFP :RMSD: 0.824424, P: 0.505232, R^2: 0.138165
SVM_AE_BET的BA值    ：-8.318964023087618
SVM_AE_BET    :RMSD: 0.688119, P: 0.654595, R^2: 0.399586
SVM_AE_ECFP的BA值    ：-8.382653121728184
SVM_AE_ECFP    :RMSD: 0.727859, P: 0.621026, R^2: 0.328235
SVM_BET_ECFP的BA值    ：-8.510374886077132
SVM_BET_ECFP    :RMSD: 0.767160, P: 0.570106, R^2: 0.253731
SVM_AE_BET_ECFP的BA值    ：-8.350624504758349
SVM_AE_BET_ECFP    :RMSD: 0.724136, P: 0.620614, R^2: 0.335089
fold= 8
>>>>>>>>>>>>>training.............
###############################################SVM#####################################################
SVM_BET的BA值：-8.479444601364607
SVM_BET:RMSD: 0.957369, P: 0.489826, R^2: 0.203685
SVM_AE的BA值 ：-8.386318091864274
SVM_AE :RMSD: 0.845154, P: 0.645186, R^2: 0.379419
SVM_ECFP的BA值 ：-8.547500113010855
SVM_ECFP :RMSD: 0.984872, P: 0.431429, R^2: 0.157275
SVM_AE_BET的BA值    ：-8.43288134661444
SVM_AE_BET    :RMSD: 0.892290, P: 0.573940, R^2: 0.308268
SVM_AE_ECFP的BA值    ：-8.302598963928292
SVM_AE_ECFP    :RMSD: 0.890718, P: 0.584908, R^2: 0.310702
SVM_BET_ECFP的BA值    ：-8.39496974143267
SVM_BET_ECFP    :RMSD: 0.944052, P: 0.504044, R^2: 0.225683
SVM_AE_BET_ECFP的BA值    ：-8.28254576590369
SVM_AE_BET_ECFP    :RMSD: 0.901996, P: 0.566993, R^2: 0.293137
fold= 9
>>>>>>>>>>>>>training.............
###############################################SVM#####################################################
SVM_BET的BA值：-8.4603314318253
SVM_BET:RMSD: 1.000325, P: 0.249437, R^2: -0.223894
SVM_AE的BA值 ：-8.44810082758261
SVM_AE :RMSD: 0.985374, P: 0.274643, R^2: -0.187584
SVM_ECFP的BA值 ：-8.332296468219884
SVM_ECFP :RMSD: 0.937289, P: 0.318980, R^2: -0.074507
SVM_AE_BET的BA值    ：-8.446390250848554
SVM_AE_BET    :RMSD: 0.988227, P: 0.264020, R^2: -0.194471
SVM_AE_ECFP的BA值    ：-8.215424754657105
SVM_AE_ECFP    :RMSD: 0.931478, P: 0.317358, R^2: -0.061225
SVM_BET_ECFP的BA值    ：-8.213714177923048
SVM_BET_ECFP    :RMSD: 0.929469, P: 0.306620, R^2: -0.056651
SVM_AE_BET_ECFP的BA值    ：-8.291843061142902
SVM_AE_BET_ECFP    :RMSD: 0.941778, P: 0.299000, R^2: -0.084823
fold= 10
>>>>>>>>>>>>>training.............
###############################################SVM#####################################################
SVM_BET的BA值：-8.936885973774597
SVM_BET:RMSD: 0.596087, P: 0.782795, R^2: 0.598545
SVM_AE的BA值 ：-8.965881502776666
SVM_AE :RMSD: 0.591486, P: 0.784541, R^2: 0.604719
SVM_ECFP的BA值 ：-8.326272218173617
SVM_ECFP :RMSD: 0.792542, P: 0.570974, R^2: 0.290322
SVM_AE_BET的BA值    ：-8.95138373827563
SVM_AE_BET    :RMSD: 0.586065, P: 0.791596, R^2: 0.611932
SVM_AE_ECFP的BA值    ：-8.50535326723852
SVM_AE_ECFP    :RMSD: 0.666778, P: 0.731816, R^2: 0.497681
SVM_BET_ECFP的BA值    ：-8.490855502737485
SVM_BET_ECFP    :RMSD: 0.663705, P: 0.740128, R^2: 0.502300
SVM_AE_BET_ECFP的BA值    ：-8.649197502750546
SVM_AE_BET_ECFP    :RMSD: 0.630783, P: 0.766019, R^2: 0.550452
@@@@@@@@@@@@@@@@@@@@@@@@@@@@@@@@@@@@@@@@@@@最终结果@@@@@@@@@@@@@@@@@@@@@@@@@@@@@@@@@@@@@@@@@@@@@@@@@@
@@@@@@@@@@@@@@@@@@@@@@@@@@@@@@@@@@@@@@@@@@@最终结果@@@@@@@@@@@@@@@@@@@@@@@@@@@@@@@@@@@@@@@@@@@@@@@@@@
%%%%%%%%%%%%%%%%%%%%%%%%%%%%%%%%%%%%%%%%%%%SVM%%%%%%%%%%%%%%%%%%%%%%%%%%%%%%%%%%%%%%%%%%%%%%%%%%%%%%
SVM_BET:0-th Final RMSD: 0.765781, Final P: 0.742252, Final R^2: 0.546710
SVM_AE :0-th Final RMSD: 0.741578, Final P: 0.761929, Final R^2: 0.574910
SVM_ECFP :0-th Final RMSD: 0.902828, Final P: 0.613324, Final R^2: 0.369947
SVM_AE_BET    :0-th Final RMSD: 0.745328, Final P: 0.759659, Final R^2: 0.570601
SVM_AE_ECFP    :0-th Final RMSD: 0.796296, Final P: 0.725411, Final R^2: 0.509865
SVM_BET_ECFP    :0-th Final RMSD: 0.806284, Final P: 0.715850, Final R^2: 0.497492
SVM_AE_BET_ECFP    :0-th Final RMSD: 0.775121, Final P: 0.742237, Final R^2: 0.535585
0-th SVM_AE的BA值 ：-10.185580
0-th SVM_BET的BA值：-10.164058
0-th SVM_ECFP的BA值 ：-10.721460
0-th SVM_AE_BET的BA值：-10.157274
0-th SVM_AE_ECFP的BA值    ：-10.453520
0-th SVM_BET_ECFP的BA值    ：-10.262603
0-th SVM_AE_BET_ECFP的BA值    ：-10.236929
total time: 0.0015418748723136054 h
