size of data: (4601,)
size of train size: 3680
SVM parameter
Namespace(dataset='CHEMBL2147', C=5, kernel='rbf', gamma='scale', random_seed=0)
fold= 1
>>>>>>>>>>>>>training.............
###############################################SVM#####################################################
SVM_BET的BA值：-15.066562704510451
SVM_BET:RMSD: 0.847519, P: 0.921534, R^2: 0.849110
SVM_AE的BA值 ：-15.647921447931889
SVM_AE :RMSD: 0.873055, P: 0.916877, R^2: 0.839880
SVM_ECFP的BA值 ：-15.328560260010015
SVM_ECFP :RMSD: 0.981896, P: 0.893157, R^2: 0.797468
SVM_AE_BET的BA值    ：-15.35724207622117
SVM_AE_BET    :RMSD: 0.840406, P: 0.922921, R^2: 0.851632
SVM_AE_ECFP的BA值    ：-15.488240853970952
SVM_AE_ECFP    :RMSD: 0.867850, P: 0.917627, R^2: 0.841783
SVM_BET_ECFP的BA值    ：-15.197561482260234
SVM_BET_ECFP    :RMSD: 0.858930, P: 0.919631, R^2: 0.845019
SVM_AE_BET_ECFP的BA值    ：-15.347681470817454
SVM_AE_BET_ECFP    :RMSD: 0.839589, P: 0.923168, R^2: 0.851920
fold= 2
>>>>>>>>>>>>>training.............
###############################################SVM#####################################################
SVM_BET的BA值：-15.228572060659179
SVM_BET:RMSD: 0.812477, P: 0.927462, R^2: 0.860044
SVM_AE的BA值 ：-15.024503359265985
SVM_AE :RMSD: 0.800809, P: 0.929620, R^2: 0.864035
SVM_ECFP的BA值 ：-15.354870497746514
SVM_ECFP :RMSD: 0.921946, P: 0.907084, R^2: 0.819789
SVM_AE_BET的BA值    ：-15.126537709962582
SVM_AE_BET    :RMSD: 0.785244, P: 0.932420, R^2: 0.869269
SVM_AE_ECFP的BA值    ：-15.055957694955906
SVM_AE_ECFP    :RMSD: 0.794003, P: 0.932505, R^2: 0.866336
SVM_BET_ECFP的BA值    ：-15.080263088647985
SVM_BET_ECFP    :RMSD: 0.799340, P: 0.931097, R^2: 0.864533
SVM_AE_BET_ECFP的BA值    ：-15.031575879188017
SVM_AE_BET_ECFP    :RMSD: 0.774064, P: 0.935421, R^2: 0.872965
fold= 3
>>>>>>>>>>>>>training.............
###############################################SVM#####################################################
SVM_BET的BA值：-15.095680324223164
SVM_BET:RMSD: 0.876186, P: 0.922077, R^2: 0.847337
SVM_AE的BA值 ：-14.936331193040626
SVM_AE :RMSD: 0.877509, P: 0.921440, R^2: 0.846876
SVM_ECFP的BA值 ：-15.134084688196396
SVM_ECFP :RMSD: 1.039557, P: 0.890448, R^2: 0.785100
SVM_AE_BET的BA值    ：-15.016005758631895
SVM_AE_BET    :RMSD: 0.855321, P: 0.925977, R^2: 0.854522
SVM_AE_ECFP的BA值    ：-15.03520794061851
SVM_AE_ECFP    :RMSD: 0.899054, P: 0.919782, R^2: 0.839264
SVM_BET_ECFP的BA值    ：-15.11488250620978
SVM_BET_ECFP    :RMSD: 0.902687, P: 0.919222, R^2: 0.837963
SVM_AE_BET_ECFP的BA值    ：-15.055365401820062
SVM_AE_BET_ECFP    :RMSD: 0.869257, P: 0.925047, R^2: 0.849742
fold= 4
>>>>>>>>>>>>>training.............
###############################################SVM#####################################################
SVM_BET的BA值：-14.843143396754366
SVM_BET:RMSD: 0.811435, P: 0.929250, R^2: 0.862803
SVM_AE的BA值 ：-15.05473834224799
SVM_AE :RMSD: 0.806880, P: 0.930332, R^2: 0.864339
SVM_ECFP的BA值 ：-15.11293648908726
SVM_ECFP :RMSD: 0.956584, P: 0.901786, R^2: 0.809329
SVM_AE_BET的BA值    ：-14.948940869501179
SVM_AE_BET    :RMSD: 0.789399, P: 0.933517, R^2: 0.870153
SVM_AE_ECFP的BA值    ：-14.966543561729129
SVM_AE_ECFP    :RMSD: 0.812505, P: 0.931364, R^2: 0.862441
SVM_BET_ECFP的BA值    ：-14.860746088982317
SVM_BET_ECFP    :RMSD: 0.812327, P: 0.931186, R^2: 0.862501
SVM_AE_BET_ECFP的BA值    ：-14.925410173404208
SVM_AE_BET_ECFP    :RMSD: 0.785156, P: 0.935803, R^2: 0.871545
fold= 5
>>>>>>>>>>>>>training.............
###############################################SVM#####################################################
SVM_BET的BA值：-15.083036323976255
SVM_BET:RMSD: 0.883073, P: 0.918982, R^2: 0.840478
SVM_AE的BA值 ：-15.03378147622928
SVM_AE :RMSD: 0.865377, P: 0.922254, R^2: 0.846807
SVM_ECFP的BA值 ：-15.520899430788438
SVM_ECFP :RMSD: 1.006322, P: 0.895251, R^2: 0.792842
SVM_AE_BET的BA值    ：-15.058408900102767
SVM_AE_BET    :RMSD: 0.855860, P: 0.924259, R^2: 0.850158
SVM_AE_ECFP的BA值    ：-15.27734045350886
SVM_AE_ECFP    :RMSD: 0.875234, P: 0.922321, R^2: 0.843297
SVM_BET_ECFP的BA值    ：-15.301967877382346
SVM_BET_ECFP    :RMSD: 0.884590, P: 0.920481, R^2: 0.839929
SVM_AE_BET_ECFP的BA值    ：-15.212572410331324
SVM_AE_BET_ECFP    :RMSD: 0.855229, P: 0.925731, R^2: 0.850379
fold= 6
>>>>>>>>>>>>>training.............
###############################################SVM#####################################################
SVM_BET的BA值：-15.176188631672073
SVM_BET:RMSD: 0.812228, P: 0.926866, R^2: 0.858242
SVM_AE的BA值 ：-14.903959665644186
SVM_AE :RMSD: 0.844466, P: 0.920235, R^2: 0.846766
SVM_ECFP的BA值 ：-14.957334093707711
SVM_ECFP :RMSD: 0.932382, P: 0.903269, R^2: 0.813199
SVM_AE_BET的BA值    ：-14.935226270939092
SVM_AE_BET    :RMSD: 0.807047, P: 0.927594, R^2: 0.860045
SVM_AE_ECFP的BA值    ：-14.824322216242226
SVM_AE_ECFP    :RMSD: 0.830955, P: 0.923954, R^2: 0.851630
SVM_BET_ECFP的BA值    ：-14.995938319766804
SVM_BET_ECFP    :RMSD: 0.816209, P: 0.927000, R^2: 0.856849
SVM_AE_BET_ECFP的BA值    ：-14.895380183246573
SVM_AE_BET_ECFP    :RMSD: 0.802071, P: 0.929272, R^2: 0.861765
fold= 7
>>>>>>>>>>>>>training.............
###############################################SVM#####################################################
SVM_BET的BA值：-14.978923369899901
SVM_BET:RMSD: 0.764436, P: 0.938251, R^2: 0.878937
SVM_AE的BA值 ：-14.926357011689724
SVM_AE :RMSD: 0.778193, P: 0.935783, R^2: 0.874541
SVM_ECFP的BA值 ：-15.347704775195094
SVM_ECFP :RMSD: 0.923756, P: 0.911530, R^2: 0.823216
SVM_AE_BET的BA值    ：-14.93099734522523
SVM_AE_BET    :RMSD: 0.747531, P: 0.941223, R^2: 0.884232
SVM_AE_ECFP的BA值    ：-14.973116578727552
SVM_AE_ECFP    :RMSD: 0.786083, P: 0.937066, R^2: 0.871984
SVM_BET_ECFP的BA值    ：-15.036970874712619
SVM_BET_ECFP    :RMSD: 0.774824, P: 0.939245, R^2: 0.875625
SVM_AE_BET_ECFP的BA值    ：-14.975052175785002
SVM_AE_BET_ECFP    :RMSD: 0.750189, P: 0.942636, R^2: 0.883408
fold= 8
>>>>>>>>>>>>>training.............
###############################################SVM#####################################################
SVM_BET的BA值：-14.698466952715084
SVM_BET:RMSD: 0.875519, P: 0.917933, R^2: 0.841727
SVM_AE的BA值 ：-14.971338674882542
SVM_AE :RMSD: 0.879606, P: 0.917083, R^2: 0.840246
SVM_ECFP的BA值 ：-15.344358457614385
SVM_ECFP :RMSD: 1.000996, P: 0.893763, R^2: 0.793110
SVM_AE_BET的BA值    ：-14.76110338992329
SVM_AE_BET    :RMSD: 0.858883, P: 0.921065, R^2: 0.847685
SVM_AE_ECFP的BA值    ：-14.874118503850397
SVM_AE_ECFP    :RMSD: 0.882255, P: 0.917745, R^2: 0.839282
SVM_BET_ECFP的BA值    ：-14.905542684012914
SVM_BET_ECFP    :RMSD: 0.888377, P: 0.916918, R^2: 0.837044
SVM_AE_BET_ECFP的BA值    ：-14.738321306037413
SVM_AE_BET_ECFP    :RMSD: 0.861448, P: 0.921480, R^2: 0.846774
fold= 9
>>>>>>>>>>>>>training.............
###############################################SVM#####################################################
SVM_BET的BA值：-14.631118230244496
SVM_BET:RMSD: 0.846670, P: 0.924848, R^2: 0.854153
SVM_AE的BA值 ：-14.747395674367542
SVM_AE :RMSD: 0.827993, P: 0.928334, R^2: 0.860517
SVM_ECFP的BA值 ：-15.42024990508926
SVM_ECFP :RMSD: 0.972726, P: 0.901101, R^2: 0.807492
SVM_AE_BET的BA值    ：-14.68925695230602
SVM_AE_BET    :RMSD: 0.817019, P: 0.930591, R^2: 0.864190
SVM_AE_ECFP的BA值    ：-14.989772307240273
SVM_AE_ECFP    :RMSD: 0.839502, P: 0.928597, R^2: 0.856612
SVM_BET_ECFP的BA值    ：-14.976406520974848
SVM_BET_ECFP    :RMSD: 0.850708, P: 0.926269, R^2: 0.852759
SVM_AE_BET_ECFP的BA值    ：-14.837369250446992
SVM_AE_BET_ECFP    :RMSD: 0.818897, P: 0.931847, R^2: 0.863565
fold= 10
>>>>>>>>>>>>>training.............
###############################################SVM#####################################################
SVM_BET的BA值：-14.907844472035425
SVM_BET:RMSD: 0.840601, P: 0.920666, R^2: 0.847564
SVM_AE的BA值 ：-14.914838828812389
SVM_AE :RMSD: 0.841953, P: 0.920370, R^2: 0.847073
SVM_ECFP的BA值 ：-15.004269981731214
SVM_ECFP :RMSD: 0.991987, P: 0.888177, R^2: 0.787714
SVM_AE_BET的BA值    ：-14.911341650423907
SVM_AE_BET    :RMSD: 0.823099, P: 0.924045, R^2: 0.853845
SVM_AE_ECFP的BA值    ：-14.83659672943864
SVM_AE_ECFP    :RMSD: 0.861293, P: 0.917469, R^2: 0.839966
SVM_BET_ECFP的BA值    ：-14.833099551050157
SVM_BET_ECFP    :RMSD: 0.859783, P: 0.917604, R^2: 0.840527
SVM_AE_BET_ECFP的BA值    ：-14.8603459769709
SVM_AE_BET_ECFP    :RMSD: 0.832309, P: 0.922886, R^2: 0.850556
@@@@@@@@@@@@@@@@@@@@@@@@@@@@@@@@@@@@@@@@@@@最终结果@@@@@@@@@@@@@@@@@@@@@@@@@@@@@@@@@@@@@@@@@@@@@@@@@@
@@@@@@@@@@@@@@@@@@@@@@@@@@@@@@@@@@@@@@@@@@@最终结果@@@@@@@@@@@@@@@@@@@@@@@@@@@@@@@@@@@@@@@@@@@@@@@@@@
%%%%%%%%%%%%%%%%%%%%%%%%%%%%%%%%%%%%%%%%%%%SVM%%%%%%%%%%%%%%%%%%%%%%%%%%%%%%%%%%%%%%%%%%%%%%%%%%%%%%
SVM_BET:0-th Final RMSD: 0.837762, Final P: 0.924461, Final R^2: 0.854164
SVM_AE :0-th Final RMSD: 0.840266, Final P: 0.923936, Final R^2: 0.853291
SVM_ECFP :0-th Final RMSD: 0.973522, Final P: 0.898100, Final R^2: 0.803068
SVM_AE_BET    :0-th Final RMSD: 0.818719, Final P: 0.928076, Final R^2: 0.860718
SVM_AE_ECFP    :0-th Final RMSD: 0.845669, Final P: 0.924492, Final R^2: 0.851398
SVM_BET_ECFP    :0-th Final RMSD: 0.845734, Final P: 0.924492, Final R^2: 0.851375
SVM_AE_BET_ECFP    :0-th Final RMSD: 0.819706, Final P: 0.929000, Final R^2: 0.860382
0-th SVM_AE的BA值 ：-15.647921
0-th SVM_BET的BA值：-15.228572
0-th SVM_ECFP的BA值 ：-15.520899
0-th SVM_AE_BET的BA值：-15.357242
0-th SVM_AE_ECFP的BA值    ：-15.488241
0-th SVM_BET_ECFP的BA值    ：-15.301968
0-th SVM_AE_BET_ECFP的BA值    ：-15.347681
total time: 0.24908898519145117 h
