size of data: (538,)
size of train size: 430
SVM parameter
Namespace(dataset='CHEMBL4427', C=10, kernel='rbf', gamma='scale', random_seed=0)
fold= 1
>>>>>>>>>>>>>training.............
###############################################SVM#####################################################
SVM_BET的BA值：-12.829931678478474
SVM_BET:RMSD: 0.815371, P: 0.896546, R^2: 0.775281
SVM_AE的BA值 ：-12.575437955625235
SVM_AE :RMSD: 0.801127, P: 0.909833, R^2: 0.783064
SVM_ECFP的BA值 ：-12.419495819069223
SVM_ECFP :RMSD: 0.862326, P: 0.875906, R^2: 0.748653
SVM_AE_BET的BA值    ：-12.702684817051853
SVM_AE_BET    :RMSD: 0.786683, P: 0.909699, R^2: 0.790816
SVM_AE_ECFP的BA值    ：-12.297672794943477
SVM_AE_ECFP    :RMSD: 0.759324, P: 0.916464, R^2: 0.805112
SVM_BET_ECFP的BA值    ：-12.35740235266248
SVM_BET_ECFP    :RMSD: 0.784817, P: 0.903493, R^2: 0.791806
SVM_AE_BET_ECFP的BA值    ：-12.367561886769948
SVM_AE_BET_ECFP    :RMSD: 0.759772, P: 0.914748, R^2: 0.804882
fold= 2
>>>>>>>>>>>>>training.............
###############################################SVM#####################################################
SVM_BET的BA值：-12.870616281597062
SVM_BET:RMSD: 0.919415, P: 0.865800, R^2: 0.654973
SVM_AE的BA值 ：-12.734149091078358
SVM_AE :RMSD: 0.955593, P: 0.841657, R^2: 0.627286
SVM_ECFP的BA值 ：-13.28611014102465
SVM_ECFP :RMSD: 1.364726, P: 0.765547, R^2: 0.239812
SVM_AE_BET的BA值    ：-12.792054460225105
SVM_AE_BET    :RMSD: 0.910319, P: 0.866534, R^2: 0.661766
SVM_AE_ECFP的BA值    ：-12.999801389938899
SVM_AE_ECFP    :RMSD: 1.101530, P: 0.830839, R^2: 0.504752
SVM_BET_ECFP的BA值    ：-13.078363211310856
SVM_BET_ECFP    :RMSD: 1.082065, P: 0.847381, R^2: 0.522101
SVM_AE_BET_ECFP的BA值    ：-12.956739687158285
SVM_AE_BET_ECFP    :RMSD: 1.012735, P: 0.857147, R^2: 0.581378
fold= 3
>>>>>>>>>>>>>training.............
###############################################SVM#####################################################
SVM_BET的BA值：-12.870826995894685
SVM_BET:RMSD: 0.950126, P: 0.873895, R^2: 0.742174
SVM_AE的BA值 ：-13.33321222920959
SVM_AE :RMSD: 0.937328, P: 0.878225, R^2: 0.749073
SVM_ECFP的BA值 ：-12.683799459154034
SVM_ECFP :RMSD: 1.053209, P: 0.829547, R^2: 0.683195
SVM_AE_BET的BA值    ：-13.102019612552137
SVM_AE_BET    :RMSD: 0.931727, P: 0.880126, R^2: 0.752063
SVM_AE_ECFP的BA值    ：-13.008505844181812
SVM_AE_ECFP    :RMSD: 0.945709, P: 0.870681, R^2: 0.744566
SVM_BET_ECFP的BA值    ：-12.77731322752436
SVM_BET_ECFP    :RMSD: 0.955572, P: 0.867994, R^2: 0.739210
SVM_AE_BET_ECFP的BA值    ：-12.962612894752771
SVM_AE_BET_ECFP    :RMSD: 0.931655, P: 0.876881, R^2: 0.752102
fold= 4
>>>>>>>>>>>>>training.............
###############################################SVM#####################################################
SVM_BET的BA值：-12.334591766707849
SVM_BET:RMSD: 0.793494, P: 0.889244, R^2: 0.776078
SVM_AE的BA值 ：-12.223689526660383
SVM_AE :RMSD: 0.805038, P: 0.884226, R^2: 0.769516
SVM_ECFP的BA值 ：-12.32349305403463
SVM_ECFP :RMSD: 1.022484, P: 0.815323, R^2: 0.628189
SVM_AE_BET的BA值    ：-12.264593403210831
SVM_AE_BET    :RMSD: 0.780098, P: 0.893699, R^2: 0.783575
SVM_AE_ECFP的BA值    ：-12.162204724301116
SVM_AE_ECFP    :RMSD: 0.850660, P: 0.873056, R^2: 0.742652
SVM_BET_ECFP的BA值    ：-12.266308478691347
SVM_BET_ECFP    :RMSD: 0.867434, P: 0.869240, R^2: 0.732403
SVM_AE_BET_ECFP的BA值    ：-12.198619056126567
SVM_AE_BET_ECFP    :RMSD: 0.817535, P: 0.884393, R^2: 0.762304
fold= 5
>>>>>>>>>>>>>training.............
###############################################SVM#####################################################
SVM_BET的BA值：-13.037528283952724
SVM_BET:RMSD: 0.811885, P: 0.893609, R^2: 0.797159
SVM_AE的BA值 ：-13.410323225444735
SVM_AE :RMSD: 0.899784, P: 0.866602, R^2: 0.750860
SVM_ECFP的BA值 ：-13.425659565106653
SVM_ECFP :RMSD: 0.943557, P: 0.863059, R^2: 0.726030
SVM_AE_BET的BA值    ：-13.22392575469873
SVM_AE_BET    :RMSD: 0.838505, P: 0.885911, R^2: 0.783639
SVM_AE_ECFP的BA值    ：-13.417991395275694
SVM_AE_ECFP    :RMSD: 0.882276, P: 0.876453, R^2: 0.760461
SVM_BET_ECFP的BA值    ：-13.231593924529689
SVM_BET_ECFP    :RMSD: 0.838750, P: 0.890081, R^2: 0.783513
SVM_AE_BET_ECFP的BA值    ：-13.291170358168037
SVM_AE_BET_ECFP    :RMSD: 0.842018, P: 0.887338, R^2: 0.781823
fold= 6
>>>>>>>>>>>>>training.............
###############################################SVM#####################################################
SVM_BET的BA值：-13.895719635391416
SVM_BET:RMSD: 1.056560, P: 0.816416, R^2: 0.651629
SVM_AE的BA值 ：-14.075245370243355
SVM_AE :RMSD: 0.950432, P: 0.856032, R^2: 0.718099
SVM_ECFP的BA值 ：-13.198243679407414
SVM_ECFP :RMSD: 1.189471, P: 0.796216, R^2: 0.558469
SVM_AE_BET的BA值    ：-13.985482502817385
SVM_AE_BET    :RMSD: 0.984407, P: 0.843509, R^2: 0.697585
SVM_AE_ECFP的BA值    ：-13.636744524825385
SVM_AE_ECFP    :RMSD: 1.016520, P: 0.846774, R^2: 0.677533
SVM_BET_ECFP的BA值    ：-13.546981657399414
SVM_BET_ECFP    :RMSD: 1.065999, P: 0.826391, R^2: 0.645377
SVM_AE_BET_ECFP的BA值    ：-13.723069561680726
SVM_AE_BET_ECFP    :RMSD: 1.006667, P: 0.844312, R^2: 0.683754
fold= 7
>>>>>>>>>>>>>training.............
###############################################SVM#####################################################
SVM_BET的BA值：-12.970716031215476
SVM_BET:RMSD: 0.730529, P: 0.911412, R^2: 0.816613
SVM_AE的BA值 ：-12.84972568231221
SVM_AE :RMSD: 0.711067, P: 0.910673, R^2: 0.826254
SVM_ECFP的BA值 ：-13.86180469198725
SVM_ECFP :RMSD: 0.884323, P: 0.890293, R^2: 0.731270
SVM_AE_BET的BA值    ：-12.910220856763843
SVM_AE_BET    :RMSD: 0.701012, P: 0.916184, R^2: 0.831133
SVM_AE_ECFP的BA值    ：-13.35576518714973
SVM_AE_ECFP    :RMSD: 0.732086, P: 0.916387, R^2: 0.815830
SVM_BET_ECFP的BA值    ：-13.416260361601363
SVM_BET_ECFP    :RMSD: 0.747743, P: 0.917838, R^2: 0.807869
SVM_AE_BET_ECFP的BA值    ：-13.22741546850498
SVM_AE_BET_ECFP    :RMSD: 0.709039, P: 0.921184, R^2: 0.827243
fold= 8
>>>>>>>>>>>>>training.............
###############################################SVM#####################################################
SVM_BET的BA值：-12.677272249272656
SVM_BET:RMSD: 0.752734, P: 0.898431, R^2: 0.806376
SVM_AE的BA值 ：-12.588698894311804
SVM_AE :RMSD: 0.752007, P: 0.899430, R^2: 0.806750
SVM_ECFP的BA值 ：-12.646078957797105
SVM_ECFP :RMSD: 0.908170, P: 0.848439, R^2: 0.718155
SVM_AE_BET的BA值    ：-12.62944750215993
SVM_AE_BET    :RMSD: 0.731687, P: 0.905060, R^2: 0.817053
SVM_AE_ECFP的BA值    ：-12.57131674163059
SVM_AE_ECFP    :RMSD: 0.779195, P: 0.891518, R^2: 0.792524
SVM_BET_ECFP的BA值    ：-12.65712496515069
SVM_BET_ECFP    :RMSD: 0.782539, P: 0.889831, R^2: 0.790739
SVM_AE_BET_ECFP的BA值    ：-12.606635244177944
SVM_AE_BET_ECFP    :RMSD: 0.750008, P: 0.900033, R^2: 0.807776
fold= 9
>>>>>>>>>>>>>training.............
###############################################SVM#####################################################
SVM_BET的BA值：-13.624716468207225
SVM_BET:RMSD: 0.847478, P: 0.873579, R^2: 0.761579
SVM_AE的BA值 ：-13.569754036505241
SVM_AE :RMSD: 0.928764, P: 0.846644, R^2: 0.713649
SVM_ECFP的BA值 ：-14.04745520247133
SVM_ECFP :RMSD: 1.160891, P: 0.763749, R^2: 0.552626
SVM_AE_BET的BA值    ：-13.597235252356233
SVM_AE_BET    :RMSD: 0.862765, P: 0.868224, R^2: 0.752900
SVM_AE_ECFP的BA值    ：-13.750051695211598
SVM_AE_ECFP    :RMSD: 0.996586, P: 0.821815, R^2: 0.670301
SVM_BET_ECFP的BA值    ：-13.58778295650798
SVM_BET_ECFP    :RMSD: 0.962264, P: 0.834476, R^2: 0.692619
SVM_AE_BET_ECFP的BA值    ：-13.542738033655942
SVM_AE_BET_ECFP    :RMSD: 0.926493, P: 0.846189, R^2: 0.715048
fold= 10
>>>>>>>>>>>>>training.............
###############################################SVM#####################################################
SVM_BET的BA值：-12.662821744886449
SVM_BET:RMSD: 0.907193, P: 0.824647, R^2: 0.670076
SVM_AE的BA值 ：-12.480932454185949
SVM_AE :RMSD: 0.910154, P: 0.822688, R^2: 0.667919
SVM_ECFP的BA值 ：-12.831176336442123
SVM_ECFP :RMSD: 0.974021, P: 0.828373, R^2: 0.619678
SVM_AE_BET的BA值    ：-12.571877099536199
SVM_AE_BET    :RMSD: 0.892777, P: 0.831383, R^2: 0.680478
SVM_AE_ECFP的BA值    ：-12.656054395314037
SVM_AE_ECFP    :RMSD: 0.890637, P: 0.846655, R^2: 0.682008
SVM_BET_ECFP的BA值    ：-12.746999040664285
SVM_BET_ECFP    :RMSD: 0.892985, P: 0.846011, R^2: 0.680329
SVM_AE_BET_ECFP的BA值    ：-12.65831017850484
SVM_AE_BET_ECFP    :RMSD: 0.878808, P: 0.846899, R^2: 0.690399
@@@@@@@@@@@@@@@@@@@@@@@@@@@@@@@@@@@@@@@@@@@最终结果@@@@@@@@@@@@@@@@@@@@@@@@@@@@@@@@@@@@@@@@@@@@@@@@@@
@@@@@@@@@@@@@@@@@@@@@@@@@@@@@@@@@@@@@@@@@@@最终结果@@@@@@@@@@@@@@@@@@@@@@@@@@@@@@@@@@@@@@@@@@@@@@@@@@
%%%%%%%%%%%%%%%%%%%%%%%%%%%%%%%%%%%%%%%%%%%SVM%%%%%%%%%%%%%%%%%%%%%%%%%%%%%%%%%%%%%%%%%%%%%%%%%%%%%%
SVM_BET:0-th Final RMSD: 0.863631, Final P: 0.870118, Final R^2: 0.755215
SVM_AE :0-th Final RMSD: 0.869099, Final P: 0.867832, Final R^2: 0.752106
SVM_ECFP :0-th Final RMSD: 1.047245, Final P: 0.817061, Final R^2: 0.640065
SVM_AE_BET    :0-th Final RMSD: 0.846318, Final P: 0.875987, Final R^2: 0.764931
SVM_AE_ECFP    :0-th Final RMSD: 0.902566, Final P: 0.862326, Final R^2: 0.732647
SVM_BET_ECFP    :0-th Final RMSD: 0.904736, Final P: 0.862411, Final R^2: 0.731359
SVM_AE_BET_ECFP    :0-th Final RMSD: 0.869214, Final P: 0.872094, Final R^2: 0.752040
0-th SVM_AE的BA值 ：-14.075245
0-th SVM_BET的BA值：-13.895720
0-th SVM_ECFP的BA值 ：-14.047455
0-th SVM_AE_BET的BA值：-13.985483
0-th SVM_AE_ECFP的BA值    ：-13.750052
0-th SVM_BET_ECFP的BA值    ：-13.587783
0-th SVM_AE_BET_ECFP的BA值    ：-13.723070
total time: 0.0064139050245285035 h
