size of data: (259,)
size of train size: 207
SVM parameter
Namespace(dataset='CHEMBL5480', C=10, kernel='rbf', gamma='scale', random_seed=0)
fold= 1
>>>>>>>>>>>>>training.............
###############################################SVM#####################################################
SVM_BET的BA值：-8.796989144592144
SVM_BET:RMSD: 0.543599, P: 0.389349, R^2: -0.113490
SVM_AE的BA值 ：-8.651325358914095
SVM_AE :RMSD: 0.491512, P: 0.481180, R^2: 0.089675
SVM_ECFP的BA值 ：-8.803611476121961
SVM_ECFP :RMSD: 0.450652, P: 0.562939, R^2: 0.234737
SVM_AE_BET的BA值    ：-8.718114815669075
SVM_AE_BET    :RMSD: 0.508976, P: 0.445195, R^2: 0.023836
SVM_AE_ECFP的BA值    ：-8.727468417518029
SVM_AE_ECFP    :RMSD: 0.427085, P: 0.573776, R^2: 0.312683
SVM_BET_ECFP的BA值    ：-8.673602309986952
SVM_BET_ECFP    :RMSD: 0.449060, P: 0.522972, R^2: 0.240133
SVM_AE_BET_ECFP的BA值    ：-8.666176659629334
SVM_AE_BET_ECFP    :RMSD: 0.451206, P: 0.523138, R^2: 0.232854
fold= 2
>>>>>>>>>>>>>training.............
###############################################SVM#####################################################
SVM_BET的BA值：-8.435734487065405
SVM_BET:RMSD: 0.530860, P: 0.367641, R^2: -0.003886
SVM_AE的BA值 ：-8.426740023378878
SVM_AE :RMSD: 0.535834, P: 0.397897, R^2: -0.022789
SVM_ECFP的BA值 ：-8.707473964407018
SVM_ECFP :RMSD: 0.518201, P: 0.457567, R^2: 0.043420
SVM_AE_BET的BA值    ：-8.431237255222142
SVM_AE_BET    :RMSD: 0.522463, P: 0.401381, R^2: 0.027619
SVM_AE_ECFP的BA值    ：-8.538186276724453
SVM_AE_ECFP    :RMSD: 0.512917, P: 0.453365, R^2: 0.062828
SVM_BET_ECFP的BA值    ：-8.519748033369561
SVM_BET_ECFP    :RMSD: 0.505699, P: 0.449680, R^2: 0.089019
SVM_AE_BET_ECFP的BA值    ：-8.482173432049896
SVM_AE_BET_ECFP    :RMSD: 0.508775, P: 0.444225, R^2: 0.077902
fold= 3
>>>>>>>>>>>>>training.............
###############################################SVM#####################################################
SVM_BET的BA值：-8.460091734715228
SVM_BET:RMSD: 0.419607, P: 0.599219, R^2: 0.324622
SVM_AE的BA值 ：-8.588568791741574
SVM_AE :RMSD: 0.407802, P: 0.623050, R^2: 0.362091
SVM_ECFP的BA值 ：-8.667228118264163
SVM_ECFP :RMSD: 0.502866, P: 0.424471, R^2: 0.030016
SVM_AE_BET的BA值    ：-8.5243302632284
SVM_AE_BET    :RMSD: 0.407055, P: 0.622753, R^2: 0.364425
SVM_AE_ECFP的BA值    ：-8.563291628528392
SVM_AE_ECFP    :RMSD: 0.431510, P: 0.560671, R^2: 0.285763
SVM_BET_ECFP的BA值    ：-8.509348375926432
SVM_BET_ECFP    :RMSD: 0.434801, P: 0.550446, R^2: 0.274827
SVM_AE_BET_ECFP的BA值    ：-8.528891663924002
SVM_AE_BET_ECFP    :RMSD: 0.417471, P: 0.590498, R^2: 0.331481
fold= 4
>>>>>>>>>>>>>training.............
###############################################SVM#####################################################
SVM_BET的BA值：-8.486970976371035
SVM_BET:RMSD: 0.535541, P: 0.526241, R^2: 0.217818
SVM_AE的BA值 ：-8.63571651910761
SVM_AE :RMSD: 0.498700, P: 0.598665, R^2: 0.321733
SVM_ECFP的BA值 ：-8.640066150371734
SVM_ECFP :RMSD: 0.477275, P: 0.625009, R^2: 0.378759
SVM_AE_BET的BA值    ：-8.561343747739322
SVM_AE_BET    :RMSD: 0.511868, P: 0.570883, R^2: 0.285440
SVM_AE_ECFP的BA值    ：-8.637891334739672
SVM_AE_ECFP    :RMSD: 0.477717, P: 0.626422, R^2: 0.377607
SVM_BET_ECFP的BA值    ：-8.563518563371385
SVM_BET_ECFP    :RMSD: 0.499893, P: 0.585380, R^2: 0.318483
SVM_AE_BET_ECFP的BA值    ：-8.587584548616794
SVM_AE_BET_ECFP    :RMSD: 0.494095, P: 0.597867, R^2: 0.334201
fold= 5
>>>>>>>>>>>>>training.............
###############################################SVM#####################################################
SVM_BET的BA值：-9.047539745143911
SVM_BET:RMSD: 0.659952, P: 0.408701, R^2: 0.007445
SVM_AE的BA值 ：-9.000056188575273
SVM_AE :RMSD: 0.617456, P: 0.463796, R^2: 0.131157
SVM_ECFP的BA值 ：-8.743009857198894
SVM_ECFP :RMSD: 0.500600, P: 0.661996, R^2: 0.428901
SVM_AE_BET的BA值    ：-8.934134885999566
SVM_AE_BET    :RMSD: 0.632543, P: 0.441790, R^2: 0.088180
SVM_AE_ECFP的BA值    ：-8.871533022887084
SVM_AE_ECFP    :RMSD: 0.538745, P: 0.588713, R^2: 0.338551
SVM_BET_ECFP的BA值    ：-8.747933520578137
SVM_BET_ECFP    :RMSD: 0.557010, P: 0.556385, R^2: 0.292940
SVM_AE_BET_ECFP的BA值    ：-8.831974409910515
SVM_AE_BET_ECFP    :RMSD: 0.571069, P: 0.532299, R^2: 0.256798
fold= 6
>>>>>>>>>>>>>training.............
###############################################SVM#####################################################
SVM_BET的BA值：-9.116821021157069
SVM_BET:RMSD: 0.510253, P: 0.565825, R^2: -0.063483
SVM_AE的BA值 ：-9.191006379690384
SVM_AE :RMSD: 0.448108, P: 0.662190, R^2: 0.179789
SVM_ECFP的BA值 ：-8.901876965202964
SVM_ECFP :RMSD: 0.452237, P: 0.577420, R^2: 0.164604
SVM_AE_BET的BA值    ：-9.153913700423725
SVM_AE_BET    :RMSD: 0.459095, P: 0.634784, R^2: 0.139075
SVM_AE_ECFP的BA值    ：-8.997002152823487
SVM_AE_ECFP    :RMSD: 0.426222, P: 0.651407, R^2: 0.257952
SVM_BET_ECFP的BA值    ：-8.976421341628015
SVM_BET_ECFP    :RMSD: 0.452310, P: 0.601476, R^2: 0.164337
SVM_AE_BET_ECFP的BA值    ：-9.014990007900012
SVM_AE_BET_ECFP    :RMSD: 0.437467, P: 0.638766, R^2: 0.218283
fold= 7
>>>>>>>>>>>>>training.............
###############################################SVM#####################################################
SVM_BET的BA值：-8.738401239604443
SVM_BET:RMSD: 0.373031, P: 0.875842, R^2: 0.643294
SVM_AE的BA值 ：-8.808978095700779
SVM_AE :RMSD: 0.407418, P: 0.807113, R^2: 0.574498
SVM_ECFP的BA值 ：-8.619793679749183
SVM_ECFP :RMSD: 0.510407, P: 0.719501, R^2: 0.332189
SVM_AE_BET的BA值    ：-8.773689667652611
SVM_AE_BET    :RMSD: 0.379251, P: 0.864827, R^2: 0.631300
SVM_AE_ECFP的BA值    ：-8.71438588772498
SVM_AE_ECFP    :RMSD: 0.440319, P: 0.819348, R^2: 0.503002
SVM_BET_ECFP的BA值    ：-8.679097459676813
SVM_BET_ECFP    :RMSD: 0.425707, P: 0.863761, R^2: 0.535441
SVM_AE_BET_ECFP的BA值    ：-8.722391005018133
SVM_AE_BET_ECFP    :RMSD: 0.409620, P: 0.864741, R^2: 0.569888
fold= 8
>>>>>>>>>>>>>training.............
###############################################SVM#####################################################
SVM_BET的BA值：-9.109675700789369
SVM_BET:RMSD: 0.433268, P: 0.725781, R^2: 0.493603
SVM_AE的BA值 ：-8.884280765892475
SVM_AE :RMSD: 0.472270, P: 0.650744, R^2: 0.398331
SVM_ECFP的BA值 ：-8.938578655562313
SVM_ECFP :RMSD: 0.486353, P: 0.608445, R^2: 0.361912
SVM_AE_BET的BA值    ：-8.996978233340922
SVM_AE_BET    :RMSD: 0.444325, P: 0.699750, R^2: 0.467427
SVM_AE_ECFP的BA值    ：-8.911429710727393
SVM_AE_ECFP    :RMSD: 0.459598, P: 0.656603, R^2: 0.430185
SVM_BET_ECFP的BA值    ：-9.024127178175842
SVM_BET_ECFP    :RMSD: 0.433667, P: 0.703196, R^2: 0.492671
SVM_AE_BET_ECFP的BA值    ：-8.97751170741472
SVM_AE_BET_ECFP    :RMSD: 0.439645, P: 0.694146, R^2: 0.478588
fold= 9
>>>>>>>>>>>>>training.............
###############################################SVM#####################################################
SVM_BET的BA值：-8.737813497732157
SVM_BET:RMSD: 0.604244, P: 0.491763, R^2: 0.229249
SVM_AE的BA值 ：-8.79320715743714
SVM_AE :RMSD: 0.654383, P: 0.383730, R^2: 0.096031
SVM_ECFP的BA值 ：-8.678728810856654
SVM_ECFP :RMSD: 0.576678, P: 0.567868, R^2: 0.297969
SVM_AE_BET的BA值    ：-8.765510327584648
SVM_AE_BET    :RMSD: 0.623657, P: 0.446489, R^2: 0.178930
SVM_AE_ECFP的BA值    ：-8.678978967260633
SVM_AE_ECFP    :RMSD: 0.597230, P: 0.501702, R^2: 0.247039
SVM_BET_ECFP的BA值    ：-8.651282137408142
SVM_BET_ECFP    :RMSD: 0.570354, P: 0.575765, R^2: 0.313282
SVM_AE_BET_ECFP的BA值    ：-8.698590477417808
SVM_AE_BET_ECFP    :RMSD: 0.592345, P: 0.513710, R^2: 0.259306
fold= 10
>>>>>>>>>>>>>training.............
###############################################SVM#####################################################
SVM_BET的BA值：-8.518067007500445
SVM_BET:RMSD: 0.447674, P: 0.664361, R^2: 0.405667
SVM_AE的BA值 ：-8.581110112435429
SVM_AE :RMSD: 0.452207, P: 0.652720, R^2: 0.393570
SVM_ECFP的BA值 ：-8.604482893928642
SVM_ECFP :RMSD: 0.544523, P: 0.405785, R^2: 0.120699
SVM_AE_BET的BA值    ：-8.549588559967937
SVM_AE_BET    :RMSD: 0.442595, P: 0.670382, R^2: 0.419077
SVM_AE_ECFP的BA值    ：-8.563310776460511
SVM_AE_ECFP    :RMSD: 0.471282, P: 0.590499, R^2: 0.341331
SVM_BET_ECFP的BA值    ：-8.53693296380549
SVM_BET_ECFP    :RMSD: 0.467572, P: 0.599776, R^2: 0.351661
SVM_AE_BET_ECFP的BA值    ：-8.54822952014049
SVM_AE_BET_ECFP    :RMSD: 0.452778, P: 0.635792, R^2: 0.392038
@@@@@@@@@@@@@@@@@@@@@@@@@@@@@@@@@@@@@@@@@@@最终结果@@@@@@@@@@@@@@@@@@@@@@@@@@@@@@@@@@@@@@@@@@@@@@@@@@
@@@@@@@@@@@@@@@@@@@@@@@@@@@@@@@@@@@@@@@@@@@最终结果@@@@@@@@@@@@@@@@@@@@@@@@@@@@@@@@@@@@@@@@@@@@@@@@@@
%%%%%%%%%%%%%%%%%%%%%%%%%%%%%%%%%%%%%%%%%%%SVM%%%%%%%%%%%%%%%%%%%%%%%%%%%%%%%%%%%%%%%%%%%%%%%%%%%%%%
SVM_BET:0-th Final RMSD: 0.512922, Final P: 0.545113, Final R^2: 0.247712
SVM_AE :0-th Final RMSD: 0.504919, Final P: 0.556133, Final R^2: 0.271002
SVM_ECFP :0-th Final RMSD: 0.503175, Final P: 0.554731, Final R^2: 0.276030
SVM_AE_BET    :0-th Final RMSD: 0.499878, Final P: 0.563456, Final R^2: 0.285489
SVM_AE_ECFP    :0-th Final RMSD: 0.481257, Final P: 0.591468, Final R^2: 0.337730
SVM_BET_ECFP    :0-th Final RMSD: 0.482175, Final P: 0.589160, Final R^2: 0.335199
SVM_AE_BET_ECFP    :0-th Final RMSD: 0.481283, Final P: 0.590536, Final R^2: 0.337658
0-th SVM_AE的BA值 ：-9.191006
0-th SVM_BET的BA值：-9.116821
0-th SVM_ECFP的BA值 ：-8.938579
0-th SVM_AE_BET的BA值：-9.153914
0-th SVM_AE_ECFP的BA值    ：-8.997002
0-th SVM_BET_ECFP的BA值    ：-9.024127
0-th SVM_AE_BET_ECFP的BA值    ：-9.014990
total time: 0.002246929142210219 h
