size of data: (313,)
size of train size: 250
SVM parameter
Namespace(dataset='CHEMBL3785', C=10, kernel='rbf', gamma='scale', random_seed=0)
fold= 1
>>>>>>>>>>>>>training.............
###############################################SVM#####################################################
SVM_BET的BA值：-11.757518616127712
SVM_BET:RMSD: 0.801189, P: 0.854580, R^2: 0.722378
SVM_AE的BA值 ：-11.739571580303728
SVM_AE :RMSD: 0.771106, P: 0.866295, R^2: 0.742834
SVM_ECFP的BA值 ：-11.947560176870489
SVM_ECFP :RMSD: 0.929357, P: 0.829199, R^2: 0.626449
SVM_AE_BET的BA值    ：-11.732248094462687
SVM_AE_BET    :RMSD: 0.780554, P: 0.862520, R^2: 0.736494
SVM_AE_ECFP的BA值    ：-11.6625552581951
SVM_AE_ECFP    :RMSD: 0.773792, P: 0.867323, R^2: 0.741039
SVM_BET_ECFP的BA值    ：-11.687825779860125
SVM_BET_ECFP    :RMSD: 0.785810, P: 0.862293, R^2: 0.732933
SVM_AE_BET_ECFP的BA值    ：-11.694209710839303
SVM_AE_BET_ECFP    :RMSD: 0.760252, P: 0.867695, R^2: 0.750023
fold= 2
>>>>>>>>>>>>>training.............
###############################################SVM#####################################################
SVM_BET的BA值：-11.474696780035021
SVM_BET:RMSD: 0.768732, P: 0.801986, R^2: 0.598231
SVM_AE的BA值 ：-11.679366676005277
SVM_AE :RMSD: 0.807678, P: 0.774460, R^2: 0.556491
SVM_ECFP的BA值 ：-11.79533448226558
SVM_ECFP :RMSD: 1.178481, P: 0.705381, R^2: 0.055784
SVM_AE_BET的BA值    ：-11.577031728020149
SVM_AE_BET    :RMSD: 0.774539, P: 0.794259, R^2: 0.592139
SVM_AE_ECFP的BA值    ：-11.673155045030764
SVM_AE_ECFP    :RMSD: 0.890253, P: 0.789937, R^2: 0.461169
SVM_BET_ECFP的BA值    ：-11.570820097045637
SVM_BET_ECFP    :RMSD: 0.901056, P: 0.798073, R^2: 0.448012
SVM_AE_BET_ECFP的BA值    ：-11.607002290032185
SVM_AE_BET_ECFP    :RMSD: 0.829012, P: 0.803551, R^2: 0.532753
fold= 3
>>>>>>>>>>>>>training.............
###############################################SVM#####################################################
SVM_BET的BA值：-12.109604427266202
SVM_BET:RMSD: 0.806431, P: 0.800079, R^2: 0.618482
SVM_AE的BA值 ：-12.172381900499213
SVM_AE :RMSD: 0.818435, P: 0.790954, R^2: 0.607039
SVM_ECFP的BA值 ：-12.499398765817842
SVM_ECFP :RMSD: 0.943610, P: 0.704435, R^2: 0.477644
SVM_AE_BET的BA值    ：-12.140993163882708
SVM_AE_BET    :RMSD: 0.802901, P: 0.800332, R^2: 0.621815
SVM_AE_ECFP的BA值    ：-12.335890333158527
SVM_AE_ECFP    :RMSD: 0.824932, P: 0.775155, R^2: 0.600776
SVM_BET_ECFP的BA值    ：-12.304501596542021
SVM_BET_ECFP    :RMSD: 0.824510, P: 0.776299, R^2: 0.601184
SVM_AE_BET_ECFP的BA值    ：-12.260461697861084
SVM_AE_BET_ECFP    :RMSD: 0.803420, P: 0.790144, R^2: 0.621326
fold= 4
>>>>>>>>>>>>>training.............
###############################################SVM#####################################################
SVM_BET的BA值：-11.305063726526413
SVM_BET:RMSD: 0.820166, P: 0.804628, R^2: 0.590025
SVM_AE的BA值 ：-11.420716739424241
SVM_AE :RMSD: 0.805338, P: 0.823159, R^2: 0.604715
SVM_ECFP的BA值 ：-12.2060148486719
SVM_ECFP :RMSD: 1.199034, P: 0.757530, R^2: 0.123772
SVM_AE_BET的BA值    ：-11.358044958555464
SVM_AE_BET    :RMSD: 0.799840, P: 0.821656, R^2: 0.610094
SVM_AE_ECFP的BA值    ：-11.813365794048071
SVM_AE_ECFP    :RMSD: 0.948621, P: 0.825101, R^2: 0.451547
SVM_BET_ECFP的BA值    ：-11.750694013179293
SVM_BET_ECFP    :RMSD: 0.945753, P: 0.817845, R^2: 0.454858
SVM_AE_BET_ECFP的BA值    ：-11.640701588594276
SVM_AE_BET_ECFP    :RMSD: 0.880490, P: 0.829675, R^2: 0.527498
fold= 5
>>>>>>>>>>>>>training.............
###############################################SVM#####################################################
SVM_BET的BA值：-11.637987841443419
SVM_BET:RMSD: 0.671438, P: 0.917871, R^2: 0.806861
SVM_AE的BA值 ：-11.678472403408982
SVM_AE :RMSD: 0.731368, P: 0.894957, R^2: 0.770845
SVM_ECFP的BA值 ：-12.323691470170928
SVM_ECFP :RMSD: 0.944190, P: 0.855525, R^2: 0.618077
SVM_AE_BET的BA值    ：-11.6582301224262
SVM_AE_BET    :RMSD: 0.688093, P: 0.912520, R^2: 0.797162
SVM_AE_ECFP的BA值    ：-12.001081936789955
SVM_AE_ECFP    :RMSD: 0.736613, P: 0.899912, R^2: 0.767547
SVM_BET_ECFP的BA值    ：-11.980839655807173
SVM_BET_ECFP    :RMSD: 0.705452, P: 0.911128, R^2: 0.786798
SVM_AE_BET_ECFP的BA值    ：-11.880050571674444
SVM_AE_BET_ECFP    :RMSD: 0.681315, P: 0.913327, R^2: 0.801138
fold= 6
>>>>>>>>>>>>>training.............
###############################################SVM#####################################################
SVM_BET的BA值：-12.07646441758118
SVM_BET:RMSD: 0.776364, P: 0.833657, R^2: 0.691805
SVM_AE的BA值 ：-11.924737715605616
SVM_AE :RMSD: 0.775396, P: 0.834667, R^2: 0.692573
SVM_ECFP的BA值 ：-11.666599449197555
SVM_ECFP :RMSD: 0.846222, P: 0.861196, R^2: 0.633846
SVM_AE_BET的BA值    ：-12.000601066593397
SVM_AE_BET    :RMSD: 0.766368, P: 0.839265, R^2: 0.699689
SVM_AE_ECFP的BA值    ：-11.771855352790354
SVM_AE_ECFP    :RMSD: 0.746391, P: 0.866672, R^2: 0.715142
SVM_BET_ECFP的BA值    ：-11.847718703778135
SVM_BET_ECFP    :RMSD: 0.746467, P: 0.869631, R^2: 0.715084
SVM_AE_BET_ECFP的BA值    ：-11.873391707720629
SVM_AE_BET_ECFP    :RMSD: 0.736845, P: 0.863189, R^2: 0.722382
fold= 7
>>>>>>>>>>>>>training.............
###############################################SVM#####################################################
SVM_BET的BA值：-11.283013991566882
SVM_BET:RMSD: 0.749179, P: 0.850736, R^2: 0.713617
SVM_AE的BA值 ：-11.109058713043682
SVM_AE :RMSD: 0.767283, P: 0.843678, R^2: 0.699609
SVM_ECFP的BA值 ：-11.588696619292165
SVM_ECFP :RMSD: 1.041790, P: 0.737419, R^2: 0.446221
SVM_AE_BET的BA值    ：-11.175910315503646
SVM_AE_BET    :RMSD: 0.740449, P: 0.857823, R^2: 0.720252
SVM_AE_ECFP的BA值    ：-11.307293345218572
SVM_AE_ECFP    :RMSD: 0.837576, P: 0.828618, R^2: 0.642048
SVM_BET_ECFP的BA值    ：-11.371404982901039
SVM_BET_ECFP    :RMSD: 0.836248, P: 0.824731, R^2: 0.643182
SVM_AE_BET_ECFP的BA值    ：-11.270538868414162
SVM_AE_BET_ECFP    :RMSD: 0.786067, P: 0.846137, R^2: 0.684721
fold= 8
>>>>>>>>>>>>>training.............
###############################################SVM#####################################################
SVM_BET的BA值：-11.892900880766561
SVM_BET:RMSD: 0.888586, P: 0.834305, R^2: 0.691193
SVM_AE的BA值 ：-11.879027963288785
SVM_AE :RMSD: 0.849618, P: 0.848221, R^2: 0.717683
SVM_ECFP的BA值 ：-11.952237163858818
SVM_ECFP :RMSD: 1.195732, P: 0.757654, R^2: 0.440813
SVM_AE_BET的BA值    ：-11.885964422027673
SVM_AE_BET    :RMSD: 0.861652, P: 0.844577, R^2: 0.709630
SVM_AE_ECFP的BA值    ：-11.915632563573801
SVM_AE_ECFP    :RMSD: 0.949939, P: 0.836235, R^2: 0.647077
SVM_BET_ECFP的BA值    ：-11.92256902231269
SVM_BET_ECFP    :RMSD: 0.966315, P: 0.834204, R^2: 0.634804
SVM_AE_BET_ECFP的BA值    ：-11.908055335971389
SVM_AE_BET_ECFP    :RMSD: 0.905119, P: 0.845054, R^2: 0.679595
fold= 9
>>>>>>>>>>>>>training.............
###############################################SVM#####################################################
SVM_BET的BA值：-11.629919931226073
SVM_BET:RMSD: 0.725765, P: 0.851452, R^2: 0.621989
SVM_AE的BA值 ：-11.5270797392116
SVM_AE :RMSD: 0.779500, P: 0.806448, R^2: 0.563941
SVM_ECFP的BA值 ：-11.846297250842456
SVM_ECFP :RMSD: 0.708859, P: 0.802303, R^2: 0.639395
SVM_AE_BET的BA值    ：-11.578499835218835
SVM_AE_BET    :RMSD: 0.735231, P: 0.838854, R^2: 0.612064
SVM_AE_ECFP的BA值    ：-11.580935240100136
SVM_AE_ECFP    :RMSD: 0.673421, P: 0.830164, R^2: 0.674549
SVM_BET_ECFP的BA值    ：-11.486829595959573
SVM_BET_ECFP    :RMSD: 0.640777, P: 0.851491, R^2: 0.705337
SVM_AE_BET_ECFP的BA值    ：-11.429744140425655
SVM_AE_BET_ECFP    :RMSD: 0.665147, P: 0.847044, R^2: 0.682497
fold= 10
>>>>>>>>>>>>>training.............
###############################################SVM#####################################################
SVM_BET的BA值：-11.287512533390348
SVM_BET:RMSD: 0.941822, P: 0.673035, R^2: 0.287021
SVM_AE的BA值 ：-11.100210790433993
SVM_AE :RMSD: 0.946098, P: 0.666434, R^2: 0.280532
SVM_ECFP的BA值 ：-11.680402401708047
SVM_ECFP :RMSD: 1.279488, P: 0.539965, R^2: -0.315865
SVM_AE_BET的BA值    ：-11.002740816886904
SVM_AE_BET    :RMSD: 0.935994, P: 0.675572, R^2: 0.295818
SVM_AE_ECFP的BA值    ：-11.199185751045754
SVM_AE_ECFP    :RMSD: 1.094347, P: 0.612706, R^2: 0.037393
SVM_BET_ECFP的BA值    ：-11.483957467549198
SVM_BET_ECFP    :RMSD: 1.090353, P: 0.617925, R^2: 0.044407
SVM_AE_BET_ECFP的BA值    ：-11.228628011827285
SVM_AE_BET_ECFP    :RMSD: 1.034460, P: 0.638793, R^2: 0.139865
@@@@@@@@@@@@@@@@@@@@@@@@@@@@@@@@@@@@@@@@@@@最终结果@@@@@@@@@@@@@@@@@@@@@@@@@@@@@@@@@@@@@@@@@@@@@@@@@@
@@@@@@@@@@@@@@@@@@@@@@@@@@@@@@@@@@@@@@@@@@@最终结果@@@@@@@@@@@@@@@@@@@@@@@@@@@@@@@@@@@@@@@@@@@@@@@@@@
%%%%%%%%%%%%%%%%%%%%%%%%%%%%%%%%%%%%%%%%%%%SVM%%%%%%%%%%%%%%%%%%%%%%%%%%%%%%%%%%%%%%%%%%%%%%%%%%%%%%
SVM_BET:0-th Final RMSD: 0.798318, Final P: 0.818953, Final R^2: 0.670295
SVM_AE :0-th Final RMSD: 0.807068, Final P: 0.814295, Final R^2: 0.663028
SVM_ECFP :0-th Final RMSD: 1.041122, Final P: 0.748611, Final R^2: 0.439240
SVM_AE_BET    :0-th Final RMSD: 0.791260, Final P: 0.822527, Final R^2: 0.676099
SVM_AE_ECFP    :0-th Final RMSD: 0.855709, Final P: 0.810949, Final R^2: 0.621186
SVM_BET_ECFP    :0-th Final RMSD: 0.853732, Final P: 0.812970, Final R^2: 0.622934
SVM_AE_BET_ECFP    :0-th Final RMSD: 0.814872, Final P: 0.822155, Final R^2: 0.656479
0-th SVM_AE的BA值 ：-12.172382
0-th SVM_BET的BA值：-12.109604
0-th SVM_ECFP的BA值 ：-12.499399
0-th SVM_AE_BET的BA值：-12.140993
0-th SVM_AE_ECFP的BA值    ：-12.335890
0-th SVM_BET_ECFP的BA值    ：-12.304502
0-th SVM_AE_BET_ECFP的BA值    ：-12.260462
total time: 0.002982520858446757 h
