size of data: (47,)
size of train size: 37
SVM parameter
Namespace(dataset='CHEMBL5918', C=10, kernel='rbf', gamma='scale', random_seed=0)
fold= 1
>>>>>>>>>>>>>training.............
###############################################SVM#####################################################
SVM_BET的BA值：-6.803876593931634
SVM_BET:RMSD: 0.649435, P: -0.345943, R^2: -0.336591
SVM_AE的BA值 ：-6.8130391313897105
SVM_AE :RMSD: 0.695556, P: -0.476550, R^2: -0.533177
SVM_ECFP的BA值 ：-6.496987869707725
SVM_ECFP :RMSD: 0.675257, P: 0.895004, R^2: -0.444991
SVM_AE_BET的BA值    ：-6.7687709503798
SVM_AE_BET    :RMSD: 0.670998, P: -0.450070, R^2: -0.426822
SVM_AE_ECFP的BA值    ：-6.611966281524053
SVM_AE_ECFP    :RMSD: 0.675272, P: -0.323343, R^2: -0.445057
SVM_BET_ECFP的BA值    ：-6.634797645000681
SVM_BET_ECFP    :RMSD: 0.654035, P: -0.081375, R^2: -0.355591
SVM_AE_BET_ECFP的BA值    ：-6.667753532276443
SVM_AE_BET_ECFP    :RMSD: 0.664532, P: -0.351100, R^2: -0.399458
fold= 2
>>>>>>>>>>>>>training.............
###############################################SVM#####################################################
SVM_BET的BA值：-6.824632514365951
SVM_BET:RMSD: 0.512594, P: 0.295814, R^2: -0.473550
SVM_AE的BA值 ：-6.7675691402721805
SVM_AE :RMSD: 0.466906, P: 0.532696, R^2: -0.222576
SVM_ECFP的BA值 ：-6.513602821102454
SVM_ECFP :RMSD: 0.438713, P: 0.162360, R^2: -0.079390
SVM_AE_BET的BA值    ：-6.796100827319066
SVM_AE_BET    :RMSD: 0.487477, P: 0.413177, R^2: -0.332678
SVM_AE_ECFP的BA值    ：-6.618523988202648
SVM_AE_ECFP    :RMSD: 0.444843, P: 0.442985, R^2: -0.109766
SVM_BET_ECFP的BA值    ：-6.647055675249534
SVM_BET_ECFP    :RMSD: 0.464027, P: 0.275283, R^2: -0.207550
SVM_AE_BET_ECFP的BA值    ：-6.6872268302570825
SVM_AE_BET_ECFP    :RMSD: 0.463098, P: 0.382996, R^2: -0.202718
fold= 3
>>>>>>>>>>>>>training.............
###############################################SVM#####################################################
SVM_BET的BA值：-6.976374489445346
SVM_BET:RMSD: 1.030087, P: 0.039169, R^2: -0.045671
SVM_AE的BA值 ：-6.979946915145703
SVM_AE :RMSD: 0.959997, P: 0.321060, R^2: 0.091788
SVM_ECFP的BA值 ：-6.679744184035023
SVM_ECFP :RMSD: 0.972238, P: 0.327696, R^2: 0.068481
SVM_AE_BET的BA值    ：-6.978160702295525
SVM_AE_BET    :RMSD: 0.991934, P: 0.187062, R^2: 0.030356
SVM_AE_ECFP的BA值    ：-6.829845549590363
SVM_AE_ECFP    :RMSD: 0.962166, P: 0.327808, R^2: 0.087681
SVM_BET_ECFP的BA值    ：-6.828059336740185
SVM_BET_ECFP    :RMSD: 0.996562, P: 0.152312, R^2: 0.021285
SVM_AE_BET_ECFP的BA值    ：-6.878688529542025
SVM_AE_BET_ECFP    :RMSD: 0.982254, P: 0.223370, R^2: 0.049188
fold= 4
>>>>>>>>>>>>>training.............
###############################################SVM#####################################################
SVM_BET的BA值：-7.002227197275358
SVM_BET:RMSD: 0.555410, P: -0.579127, R^2: -1.294700
SVM_AE的BA值 ：-7.064945365489098
SVM_AE :RMSD: 0.591012, P: -0.667501, R^2: -1.598309
SVM_ECFP的BA值 ：-6.554556307224445
SVM_ECFP :RMSD: 0.608102, P: -0.393029, R^2: -1.750748
SVM_AE_BET的BA值    ：-7.033586281382228
SVM_AE_BET    :RMSD: 0.572079, P: -0.634921, R^2: -1.434504
SVM_AE_ECFP的BA值    ：-6.809750836356772
SVM_AE_ECFP    :RMSD: 0.579409, P: -0.643133, R^2: -1.497293
SVM_BET_ECFP的BA值    ：-6.7783917522499015
SVM_BET_ECFP    :RMSD: 0.567569, P: -0.544391, R^2: -1.396274
SVM_AE_BET_ECFP的BA值    ：-6.8739096233296335
SVM_AE_BET_ECFP    :RMSD: 0.568911, P: -0.620226, R^2: -1.407615
fold= 5
>>>>>>>>>>>>>training.............
###############################################SVM#####################################################
SVM_BET的BA值：-7.124226535289504
SVM_BET:RMSD: 0.453023, P: 0.469392, R^2: 0.101205
SVM_AE的BA值 ：-6.975720701015894
SVM_AE :RMSD: 0.355665, P: 0.699987, R^2: 0.446011
SVM_ECFP的BA值 ：-6.709634968490412
SVM_ECFP :RMSD: 0.420902, P: 0.505882, R^2: 0.224144
SVM_AE_BET的BA值    ：-7.049973618152698
SVM_AE_BET    :RMSD: 0.399080, P: 0.582313, R^2: 0.302510
SVM_AE_ECFP的BA值    ：-6.842677834753153
SVM_AE_ECFP    :RMSD: 0.381474, P: 0.635919, R^2: 0.362693
SVM_BET_ECFP的BA值    ：-6.916930751889957
SVM_BET_ECFP    :RMSD: 0.421082, P: 0.482231, R^2: 0.223479
SVM_AE_BET_ECFP的BA值    ：-6.936527401598603
SVM_AE_BET_ECFP    :RMSD: 0.397143, P: 0.566924, R^2: 0.309263
fold= 6
>>>>>>>>>>>>>training.............
###############################################SVM#####################################################
SVM_BET的BA值：-6.963235541902221
SVM_BET:RMSD: 0.501096, P: -0.347038, R^2: -1.497823
SVM_AE的BA值 ：-6.950512447445222
SVM_AE :RMSD: 0.485579, P: -0.028361, R^2: -1.345517
SVM_ECFP的BA值 ：-6.476670924471329
SVM_ECFP :RMSD: 0.324114, P: 0.411563, R^2: -0.045000
SVM_AE_BET的BA值    ：-6.956873994673721
SVM_AE_BET    :RMSD: 0.491794, P: -0.188210, R^2: -1.405948
SVM_AE_ECFP的BA值    ：-6.70833149116012
SVM_AE_ECFP    :RMSD: 0.387269, P: 0.006972, R^2: -0.491919
SVM_BET_ECFP的BA值    ：-6.714693038388619
SVM_BET_ECFP    :RMSD: 0.400221, P: -0.299711, R^2: -0.593383
SVM_AE_BET_ECFP的BA值    ：-6.793299508074154
SVM_AE_BET_ECFP    :RMSD: 0.423757, P: -0.167407, R^2: -0.786296
fold= 7
>>>>>>>>>>>>>training.............
###############################################SVM#####################################################
SVM_BET的BA值：-6.703586625718767
SVM_BET:RMSD: 0.657464, P: 0.576749, R^2: 0.068504
SVM_AE的BA值 ：-6.881580749091487
SVM_AE :RMSD: 0.805328, P: -0.863192, R^2: -0.397599
SVM_ECFP的BA值 ：-6.418815126079939
SVM_ECFP :RMSD: 0.745141, P: -0.886249, R^2: -0.196504
SVM_AE_BET的BA值    ：-6.767808222868261
SVM_AE_BET    :RMSD: 0.730640, P: -0.726800, R^2: -0.150388
SVM_AE_ECFP的BA值    ：-6.646148346562143
SVM_AE_ECFP    :RMSD: 0.760530, P: -0.901631, R^2: -0.246436
SVM_BET_ECFP的BA值    ：-6.532375820338917
SVM_BET_ECFP    :RMSD: 0.690722, P: -0.079552, R^2: -0.028121
SVM_AE_BET_ECFP的BA值    ：-6.64877746325644
SVM_AE_BET_ECFP    :RMSD: 0.724285, P: -0.794751, R^2: -0.130464
fold= 8
>>>>>>>>>>>>>training.............
###############################################SVM#####################################################
SVM_BET的BA值：-6.659410862391122
SVM_BET:RMSD: 0.952445, P: 0.246058, R^2: -0.155678
SVM_AE的BA值 ：-6.741499622427429
SVM_AE :RMSD: 0.942762, P: 0.196362, R^2: -0.132299
SVM_ECFP的BA值 ：-6.393747093374669
SVM_ECFP :RMSD: 1.102152, P: -0.540414, R^2: -0.547532
SVM_AE_BET的BA值    ：-6.700455242409276
SVM_AE_BET    :RMSD: 0.947113, P: 0.232271, R^2: -0.142775
SVM_AE_ECFP的BA值    ：-6.567623357901049
SVM_AE_ECFP    :RMSD: 1.015519, P: -0.006646, R^2: -0.313811
SVM_BET_ECFP的BA值    ：-6.526578977882895
SVM_BET_ECFP    :RMSD: 1.021611, P: -0.071998, R^2: -0.329622
SVM_AE_BET_ECFP的BA值    ：-6.598219192731073
SVM_AE_BET_ECFP    :RMSD: 0.993159, P: 0.085998, R^2: -0.256592
fold= 9
>>>>>>>>>>>>>training.............
###############################################SVM#####################################################
SVM_BET的BA值：-6.772298904801737
SVM_BET:RMSD: 0.420108, P: -0.219415, R^2: -0.272239
SVM_AE的BA值 ：-6.772294001966419
SVM_AE :RMSD: 0.340281, P: 0.565661, R^2: 0.165315
SVM_ECFP的BA值 ：-6.441293744943593
SVM_ECFP :RMSD: 0.434440, P: -0.534157, R^2: -0.360530
SVM_AE_BET的BA值    ：-6.772296453384078
SVM_AE_BET    :RMSD: 0.380142, P: 0.179125, R^2: -0.041695
SVM_AE_ECFP的BA值    ：-6.5908059352308115
SVM_AE_ECFP    :RMSD: 0.367708, P: 0.183945, R^2: 0.025341
SVM_BET_ECFP的BA值    ：-6.590808386648471
SVM_BET_ECFP    :RMSD: 0.404960, P: -0.352252, R^2: -0.182147
SVM_AE_BET_ECFP的BA值    ：-6.651303591754453
SVM_AE_BET_ECFP    :RMSD: 0.379154, P: 0.005692, R^2: -0.036283
fold= 10
>>>>>>>>>>>>>training.............
###############################################SVM#####################################################
SVM_BET的BA值：-6.8160595721609845
SVM_BET:RMSD: 0.319223, P: -0.046384, R^2: -0.381390
SVM_AE的BA值 ：-6.932469340624084
SVM_AE :RMSD: 0.396354, P: -0.387937, R^2: -1.129590
SVM_ECFP的BA值 ：-6.599123024526771
SVM_ECFP :RMSD: 0.481165, P: -0.280334, R^2: -2.138459
SVM_AE_BET的BA值    ：-6.874264456392535
SVM_AE_BET    :RMSD: 0.357564, P: -0.253526, R^2: -0.733154
SVM_AE_ECFP的BA值    ：-6.765796182575428
SVM_AE_ECFP    :RMSD: 0.418806, P: -0.353615, R^2: -1.377686
SVM_BET_ECFP的BA值    ：-6.707591298343878
SVM_BET_ECFP    :RMSD: 0.386099, P: -0.169013, R^2: -1.020819
SVM_AE_BET_ECFP的BA值    ：-6.7825506457706135
SVM_AE_BET_ECFP    :RMSD: 0.382793, P: -0.267164, R^2: -0.986356
@@@@@@@@@@@@@@@@@@@@@@@@@@@@@@@@@@@@@@@@@@@最终结果@@@@@@@@@@@@@@@@@@@@@@@@@@@@@@@@@@@@@@@@@@@@@@@@@@
@@@@@@@@@@@@@@@@@@@@@@@@@@@@@@@@@@@@@@@@@@@最终结果@@@@@@@@@@@@@@@@@@@@@@@@@@@@@@@@@@@@@@@@@@@@@@@@@@
%%%%%%%%%%%%%%%%%%%%%%%%%%%%%%%%%%%%%%%%%%%SVM%%%%%%%%%%%%%%%%%%%%%%%%%%%%%%%%%%%%%%%%%%%%%%%%%%%%%%
SVM_BET:0-th Final RMSD: 0.643387, Final P: 0.026553, Final R^2: -0.070302
SVM_AE :0-th Final RMSD: 0.645185, Final P: 0.018198, Final R^2: -0.076292
SVM_ECFP :0-th Final RMSD: 0.661149, Final P: 0.002037, Final R^2: -0.130215
SVM_AE_BET    :0-th Final RMSD: 0.641603, Final P: 0.023613, Final R^2: -0.064373
SVM_AE_ECFP    :0-th Final RMSD: 0.641041, Final P: 0.013626, Final R^2: -0.062509
SVM_BET_ECFP    :0-th Final RMSD: 0.640673, Final P: 0.018902, Final R^2: -0.061291
SVM_AE_BET_ECFP    :0-th Final RMSD: 0.638128, Final P: 0.019669, Final R^2: -0.052876
0-th SVM_AE的BA值 ：-7.064945
0-th SVM_BET的BA值：-7.124227
0-th SVM_ECFP的BA值 ：-6.709635
0-th SVM_AE_BET的BA值：-7.049974
0-th SVM_AE_ECFP的BA值    ：-6.842678
0-th SVM_BET_ECFP的BA值    ：-6.916931
0-th SVM_AE_BET_ECFP的BA值    ：-6.936527
total time: 0.0003707399633195665 h
