size of data: (313,)
size of train size: 250
SVM parameter
Namespace(dataset='CHEMBL1293255', C=10, kernel='rbf', gamma='scale', random_seed=0)
fold= 1
>>>>>>>>>>>>>training.............
###############################################SVM#####################################################
SVM_BET的BA值：-12.446964196953182
SVM_BET:RMSD: 0.768479, P: 0.780699, R^2: 0.598008
SVM_AE的BA值 ：-12.206209480981977
SVM_AE :RMSD: 0.877226, P: 0.700847, R^2: 0.476188
SVM_ECFP的BA值 ：-12.56172830562141
SVM_ECFP :RMSD: 0.742333, P: 0.804775, R^2: 0.624896
SVM_AE_BET的BA值    ：-12.326586838967579
SVM_AE_BET    :RMSD: 0.805064, P: 0.754042, R^2: 0.558822
SVM_AE_ECFP的BA值    ：-12.23313549697929
SVM_AE_ECFP    :RMSD: 0.730323, P: 0.798341, R^2: 0.636936
SVM_BET_ECFP的BA值    ：-12.353512854964894
SVM_BET_ECFP    :RMSD: 0.695868, P: 0.819346, R^2: 0.670385
SVM_AE_BET_ECFP的BA值    ：-12.30441173030392
SVM_AE_BET_ECFP    :RMSD: 0.726620, P: 0.800513, R^2: 0.640609
fold= 2
>>>>>>>>>>>>>training.............
###############################################SVM#####################################################
SVM_BET的BA值：-12.828431150011316
SVM_BET:RMSD: 0.798317, P: 0.840411, R^2: 0.660484
SVM_AE的BA值 ：-12.593391391956363
SVM_AE :RMSD: 0.842336, P: 0.820433, R^2: 0.622010
SVM_ECFP的BA值 ：-12.849092788339348
SVM_ECFP :RMSD: 0.863212, P: 0.819487, R^2: 0.603041
SVM_AE_BET的BA值    ：-12.686355776568952
SVM_AE_BET    :RMSD: 0.807743, P: 0.835342, R^2: 0.652419
SVM_AE_ECFP的BA值    ：-12.696686595732967
SVM_AE_ECFP    :RMSD: 0.828324, P: 0.829673, R^2: 0.634481
SVM_BET_ECFP的BA值    ：-12.838761969175332
SVM_BET_ECFP    :RMSD: 0.810329, P: 0.839022, R^2: 0.650190
SVM_AE_BET_ECFP的BA值    ：-12.740601447159085
SVM_AE_BET_ECFP    :RMSD: 0.808897, P: 0.837325, R^2: 0.651425
fold= 3
>>>>>>>>>>>>>training.............
###############################################SVM#####################################################
SVM_BET的BA值：-12.324745301255984
SVM_BET:RMSD: 0.899544, P: 0.671936, R^2: 0.387925
SVM_AE的BA值 ：-12.300264769208315
SVM_AE :RMSD: 0.996342, P: 0.606658, R^2: 0.249110
SVM_ECFP的BA值 ：-12.726894017127133
SVM_ECFP :RMSD: 1.040816, P: 0.576407, R^2: 0.180577
SVM_AE_BET的BA值    ：-12.31250503523215
SVM_AE_BET    :RMSD: 0.939049, P: 0.643309, R^2: 0.332984
SVM_AE_ECFP的BA值    ：-12.513579393167724
SVM_AE_ECFP    :RMSD: 1.001594, P: 0.598489, R^2: 0.241172
SVM_BET_ECFP的BA值    ：-12.525819659191558
SVM_BET_ECFP    :RMSD: 0.951622, P: 0.634050, R^2: 0.315003
SVM_AE_BET_ECFP的BA值    ：-12.450634695863812
SVM_AE_BET_ECFP    :RMSD: 0.959003, P: 0.627696, R^2: 0.304336
fold= 4
>>>>>>>>>>>>>training.............
###############################################SVM#####################################################
SVM_BET的BA值：-12.22303373525814
SVM_BET:RMSD: 0.906772, P: 0.788071, R^2: 0.615317
SVM_AE的BA值 ：-12.191212631925364
SVM_AE :RMSD: 0.872795, P: 0.809638, R^2: 0.643606
SVM_ECFP的BA值 ：-12.653013428490327
SVM_ECFP :RMSD: 0.909187, P: 0.798588, R^2: 0.613265
SVM_AE_BET的BA值    ：-12.185858020116733
SVM_AE_BET    :RMSD: 0.878999, P: 0.805744, R^2: 0.638521
SVM_AE_ECFP的BA值    ：-12.115104696376257
SVM_AE_ECFP    :RMSD: 0.828591, P: 0.842262, R^2: 0.678791
SVM_BET_ECFP的BA值    ：-12.161134075602266
SVM_BET_ECFP    :RMSD: 0.834132, P: 0.837801, R^2: 0.674481
SVM_AE_BET_ECFP的BA值    ：-12.099707136635507
SVM_AE_BET_ECFP    :RMSD: 0.830615, P: 0.838502, R^2: 0.677220
fold= 5
>>>>>>>>>>>>>training.............
###############################################SVM#####################################################
SVM_BET的BA值：-12.185187174004483
SVM_BET:RMSD: 0.915899, P: 0.813063, R^2: 0.629049
SVM_AE的BA值 ：-12.19294635329017
SVM_AE :RMSD: 0.878150, P: 0.832884, R^2: 0.658997
SVM_ECFP的BA值 ：-12.048372752443488
SVM_ECFP :RMSD: 1.072929, P: 0.754878, R^2: 0.490947
SVM_AE_BET的BA值    ：-11.986929520665026
SVM_AE_BET    :RMSD: 0.885004, P: 0.828968, R^2: 0.653653
SVM_AE_ECFP的BA值    ：-12.12065955286683
SVM_AE_ECFP    :RMSD: 0.950229, P: 0.812157, R^2: 0.600720
SVM_BET_ECFP的BA值    ：-11.934930604583124
SVM_BET_ECFP    :RMSD: 0.956168, P: 0.808837, R^2: 0.595713
SVM_AE_BET_ECFP的BA值    ：-12.007410597924514
SVM_AE_BET_ECFP    :RMSD: 0.921382, P: 0.822150, R^2: 0.624595
fold= 6
>>>>>>>>>>>>>training.............
###############################################SVM#####################################################
SVM_BET的BA值：-12.170336274434355
SVM_BET:RMSD: 0.691020, P: 0.913207, R^2: 0.776739
SVM_AE的BA值 ：-12.293795275404825
SVM_AE :RMSD: 0.716538, P: 0.900483, R^2: 0.759946
SVM_ECFP的BA值 ：-12.011200680518495
SVM_ECFP :RMSD: 0.747718, P: 0.884017, R^2: 0.738599
SVM_AE_BET的BA值    ：-12.202457961671401
SVM_AE_BET    :RMSD: 0.689794, P: 0.913837, R^2: 0.777531
SVM_AE_ECFP的BA值    ：-12.15249797796166
SVM_AE_ECFP    :RMSD: 0.700349, P: 0.908940, R^2: 0.770671
SVM_BET_ECFP的BA值    ：-12.039098419721393
SVM_BET_ECFP    :RMSD: 0.683428, P: 0.917598, R^2: 0.781618
SVM_AE_BET_ECFP的BA值    ：-12.123997371615872
SVM_AE_BET_ECFP    :RMSD: 0.681787, P: 0.918159, R^2: 0.782666
fold= 7
>>>>>>>>>>>>>training.............
###############################################SVM#####################################################
SVM_BET的BA值：-12.077263971425678
SVM_BET:RMSD: 0.969133, P: 0.855100, R^2: 0.648950
SVM_AE的BA值 ：-12.16806596576722
SVM_AE :RMSD: 0.862184, P: 0.900387, R^2: 0.722156
SVM_ECFP的BA值 ：-12.537771458851266
SVM_ECFP :RMSD: 1.158767, P: 0.800059, R^2: 0.498126
SVM_AE_BET的BA值    ：-12.12266496859645
SVM_AE_BET    :RMSD: 0.902325, P: 0.887905, R^2: 0.695682
SVM_AE_ECFP的BA值    ：-12.161245495394896
SVM_AE_ECFP    :RMSD: 0.983385, P: 0.873393, R^2: 0.638549
SVM_BET_ECFP的BA值    ：-12.282203270084704
SVM_BET_ECFP    :RMSD: 1.040688, P: 0.842634, R^2: 0.595198
SVM_AE_BET_ECFP的BA值    ：-12.116375357369312
SVM_AE_BET_ECFP    :RMSD: 0.967916, P: 0.873674, R^2: 0.649831
fold= 8
>>>>>>>>>>>>>training.............
###############################################SVM#####################################################
SVM_BET的BA值：-12.200161779148084
SVM_BET:RMSD: 0.915050, P: 0.842392, R^2: 0.696810
SVM_AE的BA值 ：-12.237391882363971
SVM_AE :RMSD: 0.900656, P: 0.850808, R^2: 0.706274
SVM_ECFP的BA值 ：-12.534408929693623
SVM_ECFP :RMSD: 1.088851, P: 0.787011, R^2: 0.570699
SVM_AE_BET的BA值    ：-12.218776830756028
SVM_AE_BET    :RMSD: 0.901365, P: 0.849422, R^2: 0.705811
SVM_AE_ECFP的BA值    ：-12.385900406028796
SVM_AE_ECFP    :RMSD: 0.954877, P: 0.840468, R^2: 0.669843
SVM_BET_ECFP的BA值    ：-12.367285354420854
SVM_BET_ECFP    :RMSD: 0.961418, P: 0.835393, R^2: 0.665304
SVM_AE_BET_ECFP的BA值    ：-12.323987530401894
SVM_AE_BET_ECFP    :RMSD: 0.928571, P: 0.846674, R^2: 0.687783
fold= 9
>>>>>>>>>>>>>training.............
###############################################SVM#####################################################
SVM_BET的BA值：-12.56501837333036
SVM_BET:RMSD: 0.774994, P: 0.750865, R^2: 0.482893
SVM_AE的BA值 ：-12.445671041369804
SVM_AE :RMSD: 0.768494, P: 0.746599, R^2: 0.491531
SVM_ECFP的BA值 ：-12.798483198534985
SVM_ECFP :RMSD: 0.813226, P: 0.742077, R^2: 0.430616
SVM_AE_BET的BA值    ：-12.505344707350083
SVM_AE_BET    :RMSD: 0.757661, P: 0.755049, R^2: 0.505765
SVM_AE_ECFP的BA值    ：-12.622077119952394
SVM_AE_ECFP    :RMSD: 0.753027, P: 0.757534, R^2: 0.511792
SVM_BET_ECFP的BA值    ：-12.681750785932673
SVM_BET_ECFP    :RMSD: 0.761343, P: 0.759753, R^2: 0.500950
SVM_AE_BET_ECFP的BA值    ：-12.60305753774505
SVM_AE_BET_ECFP    :RMSD: 0.747621, P: 0.761381, R^2: 0.518776
fold= 10
>>>>>>>>>>>>>training.............
###############################################SVM#####################################################
SVM_BET的BA值：-11.518796003305697
SVM_BET:RMSD: 0.777027, P: 0.805525, R^2: 0.636951
SVM_AE的BA值 ：-11.565379807474578
SVM_AE :RMSD: 0.751515, P: 0.815080, R^2: 0.660400
SVM_ECFP的BA值 ：-12.630909203396053
SVM_ECFP :RMSD: 1.050129, P: 0.650249, R^2: 0.336901
SVM_AE_BET的BA值    ：-11.443236417639955
SVM_AE_BET    :RMSD: 0.744160, P: 0.823111, R^2: 0.667014
SVM_AE_ECFP的BA值    ：-11.97735491437449
SVM_AE_ECFP    :RMSD: 0.844013, P: 0.760038, R^2: 0.571657
SVM_BET_ECFP的BA值    ：-12.067428476743569
SVM_BET_ECFP    :RMSD: 0.856737, P: 0.753658, R^2: 0.558644
SVM_AE_BET_ECFP的BA值    ：-11.81955252628002
SVM_AE_BET_ECFP    :RMSD: 0.797859, P: 0.788478, R^2: 0.617224
@@@@@@@@@@@@@@@@@@@@@@@@@@@@@@@@@@@@@@@@@@@最终结果@@@@@@@@@@@@@@@@@@@@@@@@@@@@@@@@@@@@@@@@@@@@@@@@@@
@@@@@@@@@@@@@@@@@@@@@@@@@@@@@@@@@@@@@@@@@@@最终结果@@@@@@@@@@@@@@@@@@@@@@@@@@@@@@@@@@@@@@@@@@@@@@@@@@
%%%%%%%%%%%%%%%%%%%%%%%%%%%%%%%%%%%%%%%%%%%SVM%%%%%%%%%%%%%%%%%%%%%%%%%%%%%%%%%%%%%%%%%%%%%%%%%%%%%%
SVM_BET:0-th Final RMSD: 0.845758, Final P: 0.800844, Final R^2: 0.639915
SVM_AE :0-th Final RMSD: 0.850746, Final P: 0.797569, Final R^2: 0.635655
SVM_ECFP :0-th Final RMSD: 0.958988, Final P: 0.750688, Final R^2: 0.537045
SVM_AE_BET    :0-th Final RMSD: 0.834954, Final P: 0.806396, Final R^2: 0.649056
SVM_AE_ECFP    :0-th Final RMSD: 0.863737, Final P: 0.795418, Final R^2: 0.624443
SVM_BET_ECFP    :0-th Final RMSD: 0.862472, Final P: 0.797098, Final R^2: 0.625542
SVM_AE_BET_ECFP    :0-th Final RMSD: 0.842579, Final P: 0.805447, Final R^2: 0.642617
0-th SVM_AE的BA值 ：-12.593391
0-th SVM_BET的BA值：-12.828431
0-th SVM_ECFP的BA值 ：-12.849093
0-th SVM_AE_BET的BA值：-12.686356
0-th SVM_AE_ECFP的BA值    ：-12.696687
0-th SVM_BET_ECFP的BA值    ：-12.838762
0-th SVM_AE_BET_ECFP的BA值    ：-12.740601
total time: 0.002947679426934984 h
