size of data: (289,)
size of train size: 231
SVM parameter
Namespace(dataset='CHEMBL2778', C=10, kernel='rbf', gamma='scale', random_seed=0)
fold= 1
>>>>>>>>>>>>>training.............
###############################################SVM#####################################################
SVM_BET的BA值：-12.493106255696626
SVM_BET:RMSD: 0.963203, P: 0.854161, R^2: 0.714798
SVM_AE的BA值 ：-12.596288307441021
SVM_AE :RMSD: 0.933653, P: 0.860477, R^2: 0.732029
SVM_ECFP的BA值 ：-12.518212242472163
SVM_ECFP :RMSD: 1.110123, P: 0.841729, R^2: 0.621158
SVM_AE_BET的BA值    ：-12.522307685976353
SVM_AE_BET    :RMSD: 0.922101, P: 0.865418, R^2: 0.738619
SVM_AE_ECFP的BA值    ：-12.505009634968598
SVM_AE_ECFP    :RMSD: 0.926630, P: 0.880306, R^2: 0.736046
SVM_BET_ECFP的BA值    ：-12.43102901350393
SVM_BET_ECFP    :RMSD: 0.968275, P: 0.867995, R^2: 0.711787
SVM_AE_BET_ECFP的BA值    ：-12.486115444816292
SVM_AE_BET_ECFP    :RMSD: 0.916154, P: 0.877385, R^2: 0.741980
fold= 2
>>>>>>>>>>>>>training.............
###############################################SVM#####################################################
SVM_BET的BA值：-12.480806280745167
SVM_BET:RMSD: 1.153444, P: 0.826869, R^2: 0.678849
SVM_AE的BA值 ：-12.612452661518063
SVM_AE :RMSD: 1.251695, P: 0.792553, R^2: 0.621807
SVM_ECFP的BA值 ：-12.820497163387486
SVM_ECFP :RMSD: 1.196303, P: 0.838838, R^2: 0.654540
SVM_AE_BET的BA值    ：-12.546629471131615
SVM_AE_BET    :RMSD: 1.174339, P: 0.822629, R^2: 0.667108
SVM_AE_ECFP的BA值    ：-12.056935434629946
SVM_AE_ECFP    :RMSD: 1.140181, P: 0.842667, R^2: 0.686192
SVM_BET_ECFP的BA值    ：-12.172266228348246
SVM_BET_ECFP    :RMSD: 1.068115, P: 0.864723, R^2: 0.724608
SVM_AE_BET_ECFP的BA值    ：-12.146173405789478
SVM_AE_BET_ECFP    :RMSD: 1.103102, P: 0.852019, R^2: 0.706271
fold= 3
>>>>>>>>>>>>>training.............
###############################################SVM#####################################################
SVM_BET的BA值：-11.703732395384698
SVM_BET:RMSD: 0.908189, P: 0.851785, R^2: 0.719628
SVM_AE的BA值 ：-11.38581875806529
SVM_AE :RMSD: 0.992871, P: 0.841317, R^2: 0.664906
SVM_ECFP的BA值 ：-12.17299386190512
SVM_ECFP :RMSD: 1.072784, P: 0.793169, R^2: 0.608794
SVM_AE_BET的BA值    ：-11.480250051391977
SVM_AE_BET    :RMSD: 0.902028, P: 0.861831, R^2: 0.723420
SVM_AE_ECFP的BA值    ：-11.760660575959847
SVM_AE_ECFP    :RMSD: 0.957173, P: 0.832811, R^2: 0.688568
SVM_BET_ECFP的BA值    ：-11.938363128644909
SVM_BET_ECFP    :RMSD: 0.944014, P: 0.836563, R^2: 0.697073
SVM_AE_BET_ECFP的BA值    ：-11.711164654896358
SVM_AE_BET_ECFP    :RMSD: 0.914240, P: 0.848924, R^2: 0.715880
fold= 4
>>>>>>>>>>>>>training.............
###############################################SVM#####################################################
SVM_BET的BA值：-11.856298169246832
SVM_BET:RMSD: 0.987345, P: 0.820560, R^2: 0.645648
SVM_AE的BA值 ：-12.23896874125476
SVM_AE :RMSD: 0.999357, P: 0.824429, R^2: 0.636974
SVM_ECFP的BA值 ：-12.577785334526745
SVM_ECFP :RMSD: 1.177106, P: 0.741580, R^2: 0.496352
SVM_AE_BET的BA值    ：-11.996099841226787
SVM_AE_BET    :RMSD: 0.974307, P: 0.828496, R^2: 0.654945
SVM_AE_ECFP的BA值    ：-11.828701081966132
SVM_AE_ECFP    :RMSD: 1.014763, P: 0.806604, R^2: 0.625695
SVM_BET_ECFP的BA值    ：-12.069824244826252
SVM_BET_ECFP    :RMSD: 1.036195, P: 0.795739, R^2: 0.609717
SVM_AE_BET_ECFP的BA值    ：-11.78480502184157
SVM_AE_BET_ECFP    :RMSD: 0.991729, P: 0.815625, R^2: 0.642495
fold= 5
>>>>>>>>>>>>>training.............
###############################################SVM#####################################################
SVM_BET的BA值：-12.065633888731194
SVM_BET:RMSD: 1.296799, P: 0.619457, R^2: 0.140611
SVM_AE的BA值 ：-11.68325487996959
SVM_AE :RMSD: 1.140744, P: 0.650820, R^2: 0.335000
SVM_ECFP的BA值 ：-11.482288885115857
SVM_ECFP :RMSD: 1.482813, P: 0.552865, R^2: -0.123616
SVM_AE_BET的BA值    ：-11.874444384350392
SVM_AE_BET    :RMSD: 1.190961, P: 0.645328, R^2: 0.275163
SVM_AE_ECFP的BA值    ：-11.30946502560101
SVM_AE_ECFP    :RMSD: 1.206070, P: 0.656433, R^2: 0.256656
SVM_BET_ECFP的BA值    ：-11.500654529981812
SVM_BET_ECFP    :RMSD: 1.272618, P: 0.651364, R^2: 0.172361
SVM_AE_BET_ECFP的BA值    ：-11.56152131331107
SVM_AE_BET_ECFP    :RMSD: 1.192033, P: 0.663308, R^2: 0.273859
fold= 6
>>>>>>>>>>>>>training.............
###############################################SVM#####################################################
SVM_BET的BA值：-12.795561282164368
SVM_BET:RMSD: 0.832633, P: 0.890932, R^2: 0.753801
SVM_AE的BA值 ：-12.63257883820852
SVM_AE :RMSD: 0.769761, P: 0.906196, R^2: 0.789578
SVM_ECFP的BA值 ：-12.341311444727726
SVM_ECFP :RMSD: 0.657436, P: 0.925609, R^2: 0.846508
SVM_AE_BET的BA值    ：-12.714070060186444
SVM_AE_BET    :RMSD: 0.765861, P: 0.908887, R^2: 0.791705
SVM_AE_ECFP的BA值    ：-12.125482531133393
SVM_AE_ECFP    :RMSD: 0.661519, P: 0.930179, R^2: 0.844595
SVM_BET_ECFP的BA值    ：-12.553545953572595
SVM_BET_ECFP    :RMSD: 0.688789, P: 0.923723, R^2: 0.831519
SVM_AE_BET_ECFP的BA值    ：-12.33891517489475
SVM_AE_BET_ECFP    :RMSD: 0.689306, P: 0.925517, R^2: 0.831265
fold= 7
>>>>>>>>>>>>>training.............
###############################################SVM#####################################################
SVM_BET的BA值：-11.455122321734548
SVM_BET:RMSD: 0.959921, P: 0.825490, R^2: 0.670345
SVM_AE的BA值 ：-11.86681077064767
SVM_AE :RMSD: 0.842318, P: 0.873794, R^2: 0.746171
SVM_ECFP的BA值 ：-11.968031192461652
SVM_ECFP :RMSD: 1.107038, P: 0.801584, R^2: 0.561556
SVM_AE_BET的BA值    ：-11.660966546191109
SVM_AE_BET    :RMSD: 0.872964, P: 0.865277, R^2: 0.727365
SVM_AE_ECFP的BA值    ：-11.737900957622442
SVM_AE_ECFP    :RMSD: 0.909964, P: 0.864363, R^2: 0.703764
SVM_BET_ECFP的BA值    ：-11.522208430870604
SVM_BET_ECFP    :RMSD: 0.975646, P: 0.834773, R^2: 0.659456
SVM_AE_BET_ECFP的BA值    ：-11.564244312247164
SVM_AE_BET_ECFP    :RMSD: 0.901324, P: 0.862344, R^2: 0.709363
fold= 8
>>>>>>>>>>>>>training.............
###############################################SVM#####################################################
SVM_BET的BA值：-12.243215001719948
SVM_BET:RMSD: 1.020285, P: 0.884189, R^2: 0.767243
SVM_AE的BA值 ：-12.14779495894741
SVM_AE :RMSD: 1.176525, P: 0.838334, R^2: 0.690499
SVM_ECFP的BA值 ：-13.262707279974945
SVM_ECFP :RMSD: 1.647984, P: 0.700187, R^2: 0.392753
SVM_AE_BET的BA值    ：-12.180412901308138
SVM_AE_BET    :RMSD: 1.089207, P: 0.864726, R^2: 0.734735
SVM_AE_ECFP的BA值    ：-12.670152039361906
SVM_AE_ECFP    :RMSD: 1.360563, P: 0.790097, R^2: 0.586099
SVM_BET_ECFP的BA值    ：-12.12931914541249
SVM_BET_ECFP    :RMSD: 1.280571, P: 0.818508, R^2: 0.633337
SVM_AE_BET_ECFP的BA值    ：-12.112078363191282
SVM_AE_BET_ECFP    :RMSD: 1.227844, P: 0.830754, R^2: 0.662910
fold= 9
>>>>>>>>>>>>>training.............
###############################################SVM#####################################################
SVM_BET的BA值：-12.22477741022879
SVM_BET:RMSD: 0.781117, P: 0.906180, R^2: 0.805510
SVM_AE的BA值 ：-12.567929611327482
SVM_AE :RMSD: 0.803635, P: 0.897028, R^2: 0.794134
SVM_ECFP的BA值 ：-12.691519427457226
SVM_ECFP :RMSD: 1.015117, P: 0.822856, R^2: 0.671528
SVM_AE_BET的BA值    ：-12.396353510778136
SVM_AE_BET    :RMSD: 0.770940, P: 0.907776, R^2: 0.810545
SVM_AE_ECFP的BA值    ：-12.629724519392354
SVM_AE_ECFP    :RMSD: 0.868791, P: 0.872927, R^2: 0.759400
SVM_BET_ECFP的BA值    ：-12.458148418843008
SVM_BET_ECFP    :RMSD: 0.834112, P: 0.884499, R^2: 0.778224
SVM_AE_BET_ECFP的BA值    ：-12.494742149671167
SVM_AE_BET_ECFP    :RMSD: 0.809192, P: 0.892995, R^2: 0.791278
fold= 10
>>>>>>>>>>>>>training.............
###############################################SVM#####################################################
SVM_BET的BA值：-11.70776957397591
SVM_BET:RMSD: 0.925698, P: 0.879715, R^2: 0.733758
SVM_AE的BA值 ：-11.807214984668956
SVM_AE :RMSD: 0.972453, P: 0.870602, R^2: 0.706184
SVM_ECFP的BA值 ：-12.216967533069557
SVM_ECFP :RMSD: 1.439347, P: 0.783389, R^2: 0.356321
SVM_AE_BET的BA值    ：-11.757492279322433
SVM_AE_BET    :RMSD: 0.920134, P: 0.889232, R^2: 0.736949
SVM_AE_ECFP的BA值    ：-11.836263764429361
SVM_AE_ECFP    :RMSD: 1.092732, P: 0.869003, R^2: 0.629008
SVM_BET_ECFP的BA值    ：-11.786541059082836
SVM_BET_ECFP    :RMSD: 1.103997, P: 0.853762, R^2: 0.621318
SVM_AE_BET_ECFP的BA值    ：-11.793432367611544
SVM_AE_BET_ECFP    :RMSD: 1.009058, P: 0.881192, R^2: 0.683648
@@@@@@@@@@@@@@@@@@@@@@@@@@@@@@@@@@@@@@@@@@@最终结果@@@@@@@@@@@@@@@@@@@@@@@@@@@@@@@@@@@@@@@@@@@@@@@@@@
@@@@@@@@@@@@@@@@@@@@@@@@@@@@@@@@@@@@@@@@@@@最终结果@@@@@@@@@@@@@@@@@@@@@@@@@@@@@@@@@@@@@@@@@@@@@@@@@@
%%%%%%%%%%%%%%%%%%%%%%%%%%%%%%%%%%%%%%%%%%%SVM%%%%%%%%%%%%%%%%%%%%%%%%%%%%%%%%%%%%%%%%%%%%%%%%%%%%%%
SVM_BET:0-th Final RMSD: 0.993317, Final P: 0.836262, Final R^2: 0.698984
SVM_AE :0-th Final RMSD: 1.000194, Final P: 0.833645, Final R^2: 0.694802
SVM_ECFP :0-th Final RMSD: 1.218781, Final P: 0.770859, Final R^2: 0.546826
SVM_AE_BET    :0-th Final RMSD: 0.969011, Final P: 0.845154, Final R^2: 0.713535
SVM_AE_ECFP    :0-th Final RMSD: 1.030547, Final P: 0.828774, Final R^2: 0.675997
SVM_BET_ECFP    :0-th Final RMSD: 1.031418, Final P: 0.829629, Final R^2: 0.675449
SVM_AE_BET_ECFP    :0-th Final RMSD: 0.988087, Final P: 0.841997, Final R^2: 0.702146
0-th SVM_AE的BA值 ：-12.632579
0-th SVM_BET的BA值：-12.795561
0-th SVM_ECFP的BA值 ：-13.262707
0-th SVM_AE_BET的BA值：-12.714070
0-th SVM_AE_ECFP的BA值    ：-12.670152
0-th SVM_BET_ECFP的BA值    ：-12.553546
0-th SVM_AE_BET_ECFP的BA值    ：-12.494742
total time: 0.002718327310350206 h
