size of data: (260,)
size of train size: 208
SVM parameter
Namespace(dataset='CHEMBL3475', C=10, kernel='rbf', gamma='scale', random_seed=0)
fold= 1
>>>>>>>>>>>>>training.............
###############################################SVM#####################################################
SVM_BET的BA值：-11.044247240770506
SVM_BET:RMSD: 0.903121, P: 0.641840, R^2: 0.347122
SVM_AE的BA值 ：-10.703470756502337
SVM_AE :RMSD: 0.847329, P: 0.694281, R^2: 0.425296
SVM_ECFP的BA值 ：-10.452466185339889
SVM_ECFP :RMSD: 0.767487, P: 0.776466, R^2: 0.528499
SVM_AE_BET的BA值    ：-10.873858998636422
SVM_AE_BET    :RMSD: 0.852149, P: 0.688379, R^2: 0.418738
SVM_AE_ECFP的BA值    ：-10.577968470921114
SVM_AE_ECFP    :RMSD: 0.789475, P: 0.749700, R^2: 0.501096
SVM_BET_ECFP的BA值    ：-10.748356713055198
SVM_BET_ECFP    :RMSD: 0.801859, P: 0.742262, R^2: 0.485321
SVM_AE_BET_ECFP的BA值    ：-10.733394727537577
SVM_AE_BET_ECFP    :RMSD: 0.806019, P: 0.734484, R^2: 0.479967
fold= 2
>>>>>>>>>>>>>training.............
###############################################SVM#####################################################
SVM_BET的BA值：-10.913170377168079
SVM_BET:RMSD: 0.774609, P: 0.743434, R^2: 0.551586
SVM_AE的BA值 ：-10.781906802544205
SVM_AE :RMSD: 0.756429, P: 0.756971, R^2: 0.572388
SVM_ECFP的BA值 ：-10.960309179404943
SVM_ECFP :RMSD: 0.877674, P: 0.678447, R^2: 0.424322
SVM_AE_BET的BA值    ：-10.847538589856143
SVM_AE_BET    :RMSD: 0.760164, P: 0.754371, R^2: 0.568155
SVM_AE_ECFP的BA值    ：-10.871107990974574
SVM_AE_ECFP    :RMSD: 0.796494, P: 0.730911, R^2: 0.525890
SVM_BET_ECFP的BA值    ：-10.936739778286512
SVM_BET_ECFP    :RMSD: 0.799032, P: 0.729075, R^2: 0.522865
SVM_AE_BET_ECFP的BA值    ：-10.88512878637241
SVM_AE_BET_ECFP    :RMSD: 0.778910, P: 0.742523, R^2: 0.546594
fold= 3
>>>>>>>>>>>>>training.............
###############################################SVM#####################################################
SVM_BET的BA值：-9.55366010733719
SVM_BET:RMSD: 0.721971, P: 0.653386, R^2: 0.345160
SVM_AE的BA值 ：-8.943541958798445
SVM_AE :RMSD: 0.701924, P: 0.651723, R^2: 0.381021
SVM_ECFP的BA值 ：-9.148495866332546
SVM_ECFP :RMSD: 0.846928, P: 0.526350, R^2: 0.098867
SVM_AE_BET的BA值    ：-9.248601033067818
SVM_AE_BET    :RMSD: 0.701990, P: 0.662611, R^2: 0.380903
SVM_AE_ECFP的BA值    ：-8.95896726135884
SVM_AE_ECFP    :RMSD: 0.753705, P: 0.610409, R^2: 0.286327
SVM_BET_ECFP的BA值    ：-9.264026335628213
SVM_BET_ECFP    :RMSD: 0.765114, P: 0.613063, R^2: 0.264558
SVM_AE_BET_ECFP的BA值    ：-9.15719821001829
SVM_AE_BET_ECFP    :RMSD: 0.734380, P: 0.635684, R^2: 0.322456
fold= 4
>>>>>>>>>>>>>training.............
###############################################SVM#####################################################
SVM_BET的BA值：-9.668251337673484
SVM_BET:RMSD: 0.638823, P: 0.661335, R^2: 0.390353
SVM_AE的BA值 ：-9.232655282259401
SVM_AE :RMSD: 0.611181, P: 0.683493, R^2: 0.441970
SVM_ECFP的BA值 ：-9.423998898121024
SVM_ECFP :RMSD: 0.753955, P: 0.557200, R^2: 0.150802
SVM_AE_BET的BA值    ：-9.426802713415565
SVM_AE_BET    :RMSD: 0.615874, P: 0.679985, R^2: 0.433366
SVM_AE_ECFP的BA值    ：-9.304676493639336
SVM_AE_ECFP    :RMSD: 0.660311, P: 0.635882, R^2: 0.348650
SVM_BET_ECFP的BA值    ：-9.546125117897255
SVM_BET_ECFP    :RMSD: 0.664981, P: 0.632889, R^2: 0.339403
SVM_AE_BET_ECFP的BA值    ：-9.425868108317387
SVM_AE_BET_ECFP    :RMSD: 0.639441, P: 0.655954, R^2: 0.389173
fold= 5
>>>>>>>>>>>>>training.............
###############################################SVM#####################################################
SVM_BET的BA值：-9.425229664762462
SVM_BET:RMSD: 0.513536, P: 0.752886, R^2: 0.541601
SVM_AE的BA值 ：-9.512622755986241
SVM_AE :RMSD: 0.529815, P: 0.739977, R^2: 0.512078
SVM_ECFP的BA值 ：-9.7542458839663
SVM_ECFP :RMSD: 0.704718, P: 0.576122, R^2: 0.136759
SVM_AE_BET的BA值    ：-9.468926210374352
SVM_AE_BET    :RMSD: 0.501876, P: 0.762878, R^2: 0.562181
SVM_AE_ECFP的BA值    ：-9.391232994671482
SVM_AE_ECFP    :RMSD: 0.557061, P: 0.705201, R^2: 0.460604
SVM_BET_ECFP的BA值    ：-9.347536449059593
SVM_BET_ECFP    :RMSD: 0.578514, P: 0.688125, R^2: 0.418259
SVM_AE_BET_ECFP的BA值    ：-9.402565218035143
SVM_AE_BET_ECFP    :RMSD: 0.531920, P: 0.730768, R^2: 0.508193
fold= 6
>>>>>>>>>>>>>training.............
###############################################SVM#####################################################
SVM_BET的BA值：-8.8695709007367
SVM_BET:RMSD: 0.543788, P: 0.747810, R^2: 0.517773
SVM_AE的BA值 ：-8.970685253877338
SVM_AE :RMSD: 0.503229, P: 0.791913, R^2: 0.587024
SVM_ECFP的BA值 ：-9.29072751561136
SVM_ECFP :RMSD: 0.655995, P: 0.607809, R^2: 0.298231
SVM_AE_BET的BA值    ：-8.92012807730702
SVM_AE_BET    :RMSD: 0.513517, P: 0.788983, R^2: 0.569966
SVM_AE_ECFP的BA值    ：-9.086046402817736
SVM_AE_ECFP    :RMSD: 0.534184, P: 0.747102, R^2: 0.534656
SVM_BET_ECFP的BA值    ：-9.035489226247417
SVM_BET_ECFP    :RMSD: 0.551494, P: 0.720033, R^2: 0.504007
SVM_AE_BET_ECFP的BA值    ：-9.013887902124058
SVM_AE_BET_ECFP    :RMSD: 0.519991, P: 0.771386, R^2: 0.559054
fold= 7
>>>>>>>>>>>>>training.............
###############################################SVM#####################################################
SVM_BET的BA值：-9.797168798906425
SVM_BET:RMSD: 0.911021, P: 0.689494, R^2: 0.406348
SVM_AE的BA值 ：-9.896145988304825
SVM_AE :RMSD: 0.800235, P: 0.776294, R^2: 0.541954
SVM_ECFP的BA值 ：-9.183454224482958
SVM_ECFP :RMSD: 0.742228, P: 0.833596, R^2: 0.605952
SVM_AE_BET的BA值    ：-9.846657393605625
SVM_AE_BET    :RMSD: 0.850292, P: 0.739325, R^2: 0.482857
SVM_AE_ECFP的BA值    ：-9.490237949020845
SVM_AE_ECFP    :RMSD: 0.750855, P: 0.825376, R^2: 0.596739
SVM_BET_ECFP的BA值    ：-9.440749354321643
SVM_BET_ECFP    :RMSD: 0.803899, P: 0.782925, R^2: 0.537750
SVM_AE_BET_ECFP的BA值    ：-9.592548232316036
SVM_AE_BET_ECFP    :RMSD: 0.796583, P: 0.787153, R^2: 0.546125
fold= 8
>>>>>>>>>>>>>training.............
###############################################SVM#####################################################
SVM_BET的BA值：-9.351395753285995
SVM_BET:RMSD: 0.728870, P: 0.728682, R^2: 0.507906
SVM_AE的BA值 ：-9.058121706857364
SVM_AE :RMSD: 0.691608, P: 0.758799, R^2: 0.556934
SVM_ECFP的BA值 ：-9.601654000489942
SVM_ECFP :RMSD: 0.621253, P: 0.831008, R^2: 0.642493
SVM_AE_BET的BA值    ：-9.20475873007168
SVM_AE_BET    :RMSD: 0.689352, P: 0.765982, R^2: 0.559821
SVM_AE_ECFP的BA值    ：-9.13745706871353
SVM_AE_ECFP    :RMSD: 0.600527, P: 0.846062, R^2: 0.665950
SVM_BET_ECFP的BA值    ：-9.284094091927845
SVM_BET_ECFP    :RMSD: 0.610201, P: 0.849226, R^2: 0.655100
SVM_AE_BET_ECFP的BA值    ：-9.208769963571017
SVM_AE_BET_ECFP    :RMSD: 0.617990, P: 0.839261, R^2: 0.646239
fold= 9
>>>>>>>>>>>>>training.............
###############################################SVM#####################################################
SVM_BET的BA值：-8.971726617133436
SVM_BET:RMSD: 0.664975, P: 0.629271, R^2: 0.254233
SVM_AE的BA值 ：-9.060870245639764
SVM_AE :RMSD: 0.631082, P: 0.657673, R^2: 0.328318
SVM_ECFP的BA值 ：-9.504132504104195
SVM_ECFP :RMSD: 0.649950, P: 0.670883, R^2: 0.287553
SVM_AE_BET的BA值    ：-8.983312633970131
SVM_AE_BET    :RMSD: 0.636693, P: 0.654227, R^2: 0.316321
SVM_AE_ECFP的BA值    ：-9.195888770150468
SVM_AE_ECFP    :RMSD: 0.611402, P: 0.690255, R^2: 0.369556
SVM_BET_ECFP的BA值    ：-9.028974737053531
SVM_BET_ECFP    :RMSD: 0.620774, P: 0.685189, R^2: 0.350080
SVM_AE_BET_ECFP的BA值    ：-8.981864836767933
SVM_AE_BET_ECFP    :RMSD: 0.614212, P: 0.685172, R^2: 0.363747
fold= 10
>>>>>>>>>>>>>training.............
###############################################SVM#####################################################
SVM_BET的BA值：-10.779722730572168
SVM_BET:RMSD: 0.703842, P: 0.904717, R^2: 0.786232
SVM_AE的BA值 ：-10.03004762869535
SVM_AE :RMSD: 0.821487, P: 0.887213, R^2: 0.708798
SVM_ECFP的BA值 ：-9.149146567301067
SVM_ECFP :RMSD: 1.079489, P: 0.756015, R^2: 0.497161
SVM_AE_BET的BA值    ：-10.392226430413029
SVM_AE_BET    :RMSD: 0.740442, P: 0.909068, R^2: 0.763422
SVM_AE_ECFP的BA值    ：-9.589597097998208
SVM_AE_ECFP    :RMSD: 0.928987, P: 0.857813, R^2: 0.627599
SVM_BET_ECFP的BA值    ：-9.964434648936617
SVM_BET_ECFP    :RMSD: 0.851845, P: 0.880596, R^2: 0.686878
SVM_AE_BET_ECFP的BA值    ：-9.977866476042374
SVM_AE_BET_ECFP    :RMSD: 0.830804, P: 0.892693, R^2: 0.702156
@@@@@@@@@@@@@@@@@@@@@@@@@@@@@@@@@@@@@@@@@@@最终结果@@@@@@@@@@@@@@@@@@@@@@@@@@@@@@@@@@@@@@@@@@@@@@@@@@
@@@@@@@@@@@@@@@@@@@@@@@@@@@@@@@@@@@@@@@@@@@最终结果@@@@@@@@@@@@@@@@@@@@@@@@@@@@@@@@@@@@@@@@@@@@@@@@@@
%%%%%%%%%%%%%%%%%%%%%%%%%%%%%%%%%%%%%%%%%%%SVM%%%%%%%%%%%%%%%%%%%%%%%%%%%%%%%%%%%%%%%%%%%%%%%%%%%%%%
SVM_BET:0-th Final RMSD: 0.721332, Final P: 0.726352, Final R^2: 0.527573
SVM_AE :0-th Final RMSD: 0.698723, Final P: 0.747769, Final R^2: 0.556724
SVM_ECFP :0-th Final RMSD: 0.780809, Final P: 0.671501, Final R^2: 0.446454
SVM_AE_BET    :0-th Final RMSD: 0.695954, Final P: 0.749974, Final R^2: 0.560231
SVM_AE_ECFP    :0-th Final RMSD: 0.708426, Final P: 0.740005, Final R^2: 0.544328
SVM_BET_ECFP    :0-th Final RMSD: 0.712562, Final P: 0.735825, Final R^2: 0.538991
SVM_AE_BET_ECFP    :0-th Final RMSD: 0.695833, Final P: 0.751686, Final R^2: 0.560383
0-th SVM_AE的BA值 ：-10.781907
0-th SVM_BET的BA值：-11.044247
0-th SVM_ECFP的BA值 ：-10.960309
0-th SVM_AE_BET的BA值：-10.873859
0-th SVM_AE_ECFP的BA值    ：-10.871108
0-th SVM_BET_ECFP的BA值    ：-10.936740
0-th SVM_AE_BET_ECFP的BA值    ：-10.885129
total time: 0.002230076988538106 h
