size of data: (141,)
size of train size: 112
SVM parameter
Namespace(dataset='CHEMBL3060', C=10, kernel='rbf', gamma='scale', random_seed=0)
fold= 1
>>>>>>>>>>>>>training.............
###############################################SVM#####################################################
SVM_BET的BA值：-10.082303210300385
SVM_BET:RMSD: 0.568964, P: 0.842977, R^2: 0.681755
SVM_AE的BA值 ：-9.932517977555957
SVM_AE :RMSD: 0.683535, P: 0.772998, R^2: 0.540682
SVM_ECFP的BA值 ：-10.042086748022957
SVM_ECFP :RMSD: 0.771293, P: 0.816331, R^2: 0.415169
SVM_AE_BET的BA值    ：-9.921469688351554
SVM_AE_BET    :RMSD: 0.617377, P: 0.818507, R^2: 0.625292
SVM_AE_ECFP的BA值    ：-9.987302362789457
SVM_AE_ECFP    :RMSD: 0.701245, P: 0.814236, R^2: 0.516572
SVM_BET_ECFP的BA值    ：-10.060051667645125
SVM_BET_ECFP    :RMSD: 0.634071, P: 0.853509, R^2: 0.604754
SVM_AE_BET_ECFP的BA值    ：-9.960246500564324
SVM_AE_BET_ECFP    :RMSD: 0.642387, P: 0.834618, R^2: 0.594318
fold= 2
>>>>>>>>>>>>>training.............
###############################################SVM#####################################################
SVM_BET的BA值：-9.997365489725096
SVM_BET:RMSD: 0.546741, P: 0.828638, R^2: 0.674592
SVM_AE的BA值 ：-10.136313158601858
SVM_AE :RMSD: 0.521813, P: 0.862909, R^2: 0.703588
SVM_ECFP的BA值 ：-10.030418161258018
SVM_ECFP :RMSD: 0.531191, P: 0.897903, R^2: 0.692838
SVM_AE_BET的BA值    ：-10.066839324163478
SVM_AE_BET    :RMSD: 0.518508, P: 0.859226, R^2: 0.707332
SVM_AE_ECFP的BA值    ：-10.010310902782525
SVM_AE_ECFP    :RMSD: 0.475463, P: 0.916108, R^2: 0.753908
SVM_BET_ECFP的BA值    ：-9.940837068344145
SVM_BET_ECFP    :RMSD: 0.489283, P: 0.900069, R^2: 0.739394
SVM_AE_BET_ECFP的BA值    ：-10.005995765096715
SVM_AE_BET_ECFP    :RMSD: 0.481187, P: 0.900185, R^2: 0.747946
fold= 3
>>>>>>>>>>>>>training.............
###############################################SVM#####################################################
SVM_BET的BA值：-10.044937542511445
SVM_BET:RMSD: 0.641403, P: 0.807733, R^2: 0.568952
SVM_AE的BA值 ：-10.196112375121242
SVM_AE :RMSD: 0.651945, P: 0.797573, R^2: 0.554666
SVM_ECFP的BA值 ：-10.284012176531416
SVM_ECFP :RMSD: 0.672926, P: 0.832154, R^2: 0.525542
SVM_AE_BET的BA值    ：-10.120524958816343
SVM_AE_BET    :RMSD: 0.642088, P: 0.805632, R^2: 0.568032
SVM_AE_ECFP的BA值    ：-10.152359763081783
SVM_AE_ECFP    :RMSD: 0.634337, P: 0.840992, R^2: 0.578397
SVM_BET_ECFP的BA值    ：-10.157576919697004
SVM_BET_ECFP    :RMSD: 0.628012, P: 0.854116, R^2: 0.586763
SVM_AE_BET_ECFP的BA值    ：-10.111953729675387
SVM_AE_BET_ECFP    :RMSD: 0.627781, P: 0.839469, R^2: 0.587067
fold= 4
>>>>>>>>>>>>>training.............
###############################################SVM#####################################################
SVM_BET的BA值：-9.852144807255982
SVM_BET:RMSD: 0.686814, P: 0.843972, R^2: 0.635128
SVM_AE的BA值 ：-9.83904019267554
SVM_AE :RMSD: 0.717749, P: 0.821758, R^2: 0.601519
SVM_ECFP的BA值 ：-10.129718109577126
SVM_ECFP :RMSD: 0.888763, P: 0.744362, R^2: 0.389010
SVM_AE_BET的BA值    ：-9.831827523070361
SVM_AE_BET    :RMSD: 0.689133, P: 0.852263, R^2: 0.632660
SVM_AE_ECFP的BA值    ：-9.697543833539772
SVM_AE_ECFP    :RMSD: 0.760937, P: 0.848536, R^2: 0.552122
SVM_BET_ECFP的BA值    ：-9.990931458416554
SVM_BET_ECFP    :RMSD: 0.748633, P: 0.848141, R^2: 0.566489
SVM_AE_BET_ECFP的BA值    ：-9.726165922121096
SVM_AE_BET_ECFP    :RMSD: 0.721168, P: 0.863004, R^2: 0.597714
fold= 5
>>>>>>>>>>>>>training.............
###############################################SVM#####################################################
SVM_BET的BA值：-10.566253785271254
SVM_BET:RMSD: 0.936226, P: 0.658985, R^2: 0.429627
SVM_AE的BA值 ：-10.567509348723437
SVM_AE :RMSD: 0.967649, P: 0.633991, R^2: 0.390697
SVM_ECFP的BA值 ：-10.427764504750924
SVM_ECFP :RMSD: 1.072313, P: 0.534935, R^2: 0.251760
SVM_AE_BET的BA值    ：-10.42188116034204
SVM_AE_BET    :RMSD: 0.942342, P: 0.653618, R^2: 0.422151
SVM_AE_ECFP的BA值    ：-10.291070983198367
SVM_AE_ECFP    :RMSD: 1.002655, P: 0.598640, R^2: 0.345815
SVM_BET_ECFP的BA值    ：-10.436098030995977
SVM_BET_ECFP    :RMSD: 0.989462, P: 0.611495, R^2: 0.362918
SVM_AE_BET_ECFP的BA值    ：-10.38279858388933
SVM_AE_BET_ECFP    :RMSD: 0.973352, P: 0.625230, R^2: 0.383494
fold= 6
>>>>>>>>>>>>>training.............
###############################################SVM#####################################################
SVM_BET的BA值：-10.071420172136484
SVM_BET:RMSD: 0.905503, P: 0.570784, R^2: 0.257928
SVM_AE的BA值 ：-10.313813955016112
SVM_AE :RMSD: 0.889432, P: 0.585683, R^2: 0.284034
SVM_ECFP的BA值 ：-10.051521837589062
SVM_ECFP :RMSD: 0.825387, P: 0.661025, R^2: 0.383431
SVM_AE_BET的BA值    ：-10.192617063576298
SVM_AE_BET    :RMSD: 0.888031, P: 0.591528, R^2: 0.286288
SVM_AE_ECFP的BA值    ：-10.182667896302586
SVM_AE_ECFP    :RMSD: 0.839166, P: 0.651203, R^2: 0.362673
SVM_BET_ECFP的BA值    ：-10.061471004862774
SVM_BET_ECFP    :RMSD: 0.855963, P: 0.629816, R^2: 0.336905
SVM_AE_BET_ECFP的BA值    ：-10.145585321580553
SVM_AE_BET_ECFP    :RMSD: 0.856971, P: 0.630285, R^2: 0.335341
fold= 7
>>>>>>>>>>>>>training.............
###############################################SVM#####################################################
SVM_BET的BA值：-10.082762505198973
SVM_BET:RMSD: 0.495570, P: 0.901388, R^2: 0.748263
SVM_AE的BA值 ：-10.164956227716957
SVM_AE :RMSD: 0.568010, P: 0.869188, R^2: 0.669288
SVM_ECFP的BA值 ：-10.057721851169191
SVM_ECFP :RMSD: 0.792410, P: 0.687361, R^2: 0.356369
SVM_AE_BET的BA值    ：-10.123859366457964
SVM_AE_BET    :RMSD: 0.523864, P: 0.891615, R^2: 0.718697
SVM_AE_ECFP的BA值    ：-9.910678500967025
SVM_AE_ECFP    :RMSD: 0.654239, P: 0.820224, R^2: 0.561258
SVM_BET_ECFP的BA值    ：-9.866208132188982
SVM_BET_ECFP    :RMSD: 0.616292, P: 0.845344, R^2: 0.610676
SVM_AE_BET_ECFP的BA值    ：-9.924774314323345
SVM_AE_BET_ECFP    :RMSD: 0.590007, P: 0.862238, R^2: 0.643178
fold= 8
>>>>>>>>>>>>>training.............
###############################################SVM#####################################################
SVM_BET的BA值：-10.267684055588376
SVM_BET:RMSD: 0.446284, P: 0.856829, R^2: 0.717184
SVM_AE的BA值 ：-10.366971685091958
SVM_AE :RMSD: 0.360148, P: 0.903597, R^2: 0.815819
SVM_ECFP的BA值 ：-10.06139827461759
SVM_ECFP :RMSD: 0.501641, P: 0.825648, R^2: 0.642670
SVM_AE_BET的BA值    ：-10.317327870340167
SVM_AE_BET    :RMSD: 0.388518, P: 0.889697, R^2: 0.785659
SVM_AE_ECFP的BA值    ：-10.094834407653007
SVM_AE_ECFP    :RMSD: 0.402203, P: 0.888817, R^2: 0.770293
SVM_BET_ECFP的BA值    ：-10.045190592901216
SVM_BET_ECFP    :RMSD: 0.449133, P: 0.860128, R^2: 0.713561
SVM_AE_BET_ECFP的BA值    ：-10.152450956964797
SVM_AE_BET_ECFP    :RMSD: 0.405136, P: 0.884882, R^2: 0.766931
fold= 9
>>>>>>>>>>>>>training.............
###############################################SVM#####################################################
SVM_BET的BA值：-10.532526641678453
SVM_BET:RMSD: 0.750600, P: 0.499864, R^2: 0.065092
SVM_AE的BA值 ：-10.139020084010262
SVM_AE :RMSD: 0.691358, P: 0.528749, R^2: 0.206844
SVM_ECFP的BA值 ：-10.061340239523297
SVM_ECFP :RMSD: 0.832990, P: 0.396476, R^2: -0.151415
SVM_AE_BET的BA值    ：-10.335773362844357
SVM_AE_BET    :RMSD: 0.715027, P: 0.516643, R^2: 0.151606
SVM_AE_ECFP的BA值    ：-10.10018016176678
SVM_AE_ECFP    :RMSD: 0.732475, P: 0.474849, R^2: 0.109696
SVM_BET_ECFP的BA值    ：-10.296933440600874
SVM_BET_ECFP    :RMSD: 0.766885, P: 0.460586, R^2: 0.024084
SVM_AE_BET_ECFP的BA值    ：-10.24429565507067
SVM_AE_BET_ECFP    :RMSD: 0.730931, P: 0.487228, R^2: 0.113447
fold= 10
>>>>>>>>>>>>>training.............
###############################################SVM#####################################################
SVM_BET的BA值：-10.75608219286931
SVM_BET:RMSD: 0.972927, P: 0.646778, R^2: 0.359700
SVM_AE的BA值 ：-10.333023453254098
SVM_AE :RMSD: 0.961654, P: 0.723285, R^2: 0.374453
SVM_ECFP的BA值 ：-10.172317623564256
SVM_ECFP :RMSD: 0.832454, P: 0.761229, R^2: 0.531248
SVM_AE_BET的BA值    ：-10.544552823061704
SVM_AE_BET    :RMSD: 0.952497, P: 0.694181, R^2: 0.386309
SVM_AE_ECFP的BA值    ：-10.219302997998168
SVM_AE_ECFP    :RMSD: 0.879726, P: 0.755548, R^2: 0.476499
SVM_BET_ECFP的BA值    ：-10.430832367805774
SVM_BET_ECFP    :RMSD: 0.881304, P: 0.724434, R^2: 0.474619
SVM_AE_BET_ECFP的BA值    ：-10.39822939628855
SVM_AE_BET_ECFP    :RMSD: 0.898587, P: 0.729749, R^2: 0.453812
@@@@@@@@@@@@@@@@@@@@@@@@@@@@@@@@@@@@@@@@@@@最终结果@@@@@@@@@@@@@@@@@@@@@@@@@@@@@@@@@@@@@@@@@@@@@@@@@@
@@@@@@@@@@@@@@@@@@@@@@@@@@@@@@@@@@@@@@@@@@@最终结果@@@@@@@@@@@@@@@@@@@@@@@@@@@@@@@@@@@@@@@@@@@@@@@@@@
%%%%%%%%%%%%%%%%%%%%%%%%%%%%%%%%%%%%%%%%%%%SVM%%%%%%%%%%%%%%%%%%%%%%%%%%%%%%%%%%%%%%%%%%%%%%%%%%%%%%
SVM_BET:0-th Final RMSD: 0.717171, Final P: 0.736221, Final R^2: 0.541688
SVM_AE :0-th Final RMSD: 0.725124, Final P: 0.729822, Final R^2: 0.531467
SVM_ECFP :0-th Final RMSD: 0.788379, Final P: 0.692368, Final R^2: 0.446159
SVM_AE_BET    :0-th Final RMSD: 0.710553, Final P: 0.743000, Final R^2: 0.550108
SVM_AE_ECFP    :0-th Final RMSD: 0.728436, Final P: 0.737618, Final R^2: 0.527177
SVM_BET_ECFP    :0-th Final RMSD: 0.724265, Final P: 0.741296, Final R^2: 0.532577
SVM_AE_BET_ECFP    :0-th Final RMSD: 0.713254, Final P: 0.747367, Final R^2: 0.546682
0-th SVM_AE的BA值 ：-10.567509
0-th SVM_BET的BA值：-10.756082
0-th SVM_ECFP的BA值 ：-10.427765
0-th SVM_AE_BET的BA值：-10.544553
0-th SVM_AE_ECFP的BA值    ：-10.291071
0-th SVM_BET_ECFP的BA值    ：-10.436098
0-th SVM_AE_BET_ECFP的BA值    ：-10.398229
total time: 0.0011244655317730373 h
