size of data: (221,)
size of train size: 176
SVM parameter
Namespace(dataset='CHEMBL1741200', C=10, kernel='rbf', gamma='scale', random_seed=0)
fold= 1
>>>>>>>>>>>>>training.............
###############################################SVM#####################################################
SVM_BET的BA值：-7.753165682953854
SVM_BET:RMSD: 0.567542, P: 0.133766, R^2: -0.183078
SVM_AE的BA值 ：-7.733476258536758
SVM_AE :RMSD: 0.555646, P: 0.256437, R^2: -0.134002
SVM_ECFP的BA值 ：-7.814606841159125
SVM_ECFP :RMSD: 0.529095, P: 0.157231, R^2: -0.028217
SVM_AE_BET的BA值    ：-7.743320970745306
SVM_AE_BET    :RMSD: 0.558945, P: 0.203195, R^2: -0.147510
SVM_AE_ECFP的BA值    ：-7.774041549847942
SVM_AE_ECFP    :RMSD: 0.530353, P: 0.230968, R^2: -0.033113
SVM_BET_ECFP的BA值    ：-7.783886262056489
SVM_BET_ECFP    :RMSD: 0.540131, P: 0.154705, R^2: -0.071559
SVM_AE_BET_ECFP的BA值    ：-7.767082927549912
SVM_AE_BET_ECFP    :RMSD: 0.540674, P: 0.200868, R^2: -0.073714
fold= 2
>>>>>>>>>>>>>training.............
###############################################SVM#####################################################
SVM_BET的BA值：-8.160523859050901
SVM_BET:RMSD: 0.369450, P: 0.522442, R^2: 0.210840
SVM_AE的BA值 ：-8.086634032594851
SVM_AE :RMSD: 0.328806, P: 0.641333, R^2: 0.374924
SVM_ECFP的BA值 ：-7.976440993642021
SVM_ECFP :RMSD: 0.347526, P: 0.597869, R^2: 0.301724
SVM_AE_BET的BA值    ：-8.123578945822876
SVM_AE_BET    :RMSD: 0.344020, P: 0.593039, R^2: 0.315740
SVM_AE_ECFP的BA值    ：-8.031537513118437
SVM_AE_ECFP    :RMSD: 0.318072, P: 0.646909, R^2: 0.415071
SVM_BET_ECFP的BA值    ：-8.068482426346462
SVM_BET_ECFP    :RMSD: 0.341275, P: 0.574809, R^2: 0.326617
SVM_AE_BET_ECFP的BA值    ：-8.074532961762591
SVM_AE_BET_ECFP    :RMSD: 0.329743, P: 0.610275, R^2: 0.371358
fold= 3
>>>>>>>>>>>>>training.............
###############################################SVM#####################################################
SVM_BET的BA值：-7.690529493338885
SVM_BET:RMSD: 0.428383, P: 0.463609, R^2: 0.198193
SVM_AE的BA值 ：-7.74864684716115
SVM_AE :RMSD: 0.418409, P: 0.504051, R^2: 0.235097
SVM_ECFP的BA值 ：-7.742186170433248
SVM_ECFP :RMSD: 0.541118, P: 0.123432, R^2: -0.279349
SVM_AE_BET的BA值    ：-7.7195881702500175
SVM_AE_BET    :RMSD: 0.420014, P: 0.498334, R^2: 0.229218
SVM_AE_ECFP的BA值    ：-7.614937546760176
SVM_AE_ECFP    :RMSD: 0.468438, P: 0.364329, R^2: 0.041242
SVM_BET_ECFP的BA值    ：-7.585878869849044
SVM_BET_ECFP    :RMSD: 0.473175, P: 0.337678, R^2: 0.021754
SVM_AE_BET_ECFP的BA值    ：-7.640134862286413
SVM_AE_BET_ECFP    :RMSD: 0.450626, P: 0.415087, R^2: 0.112768
fold= 4
>>>>>>>>>>>>>training.............
###############################################SVM#####################################################
SVM_BET的BA值：-7.575250862353704
SVM_BET:RMSD: 0.455114, P: 0.354329, R^2: 0.026557
SVM_AE的BA值 ：-7.739543815709401
SVM_AE :RMSD: 0.436838, P: 0.394398, R^2: 0.103168
SVM_ECFP的BA值 ：-7.862719533785531
SVM_ECFP :RMSD: 0.446282, P: 0.303607, R^2: 0.063970
SVM_AE_BET的BA值    ：-7.657397339031553
SVM_AE_BET    :RMSD: 0.442636, P: 0.385847, R^2: 0.079204
SVM_AE_ECFP的BA值    ：-7.801131674747466
SVM_AE_ECFP    :RMSD: 0.426324, P: 0.384344, R^2: 0.145818
SVM_BET_ECFP的BA值    ：-7.718985198069618
SVM_BET_ECFP    :RMSD: 0.431792, P: 0.361401, R^2: 0.123766
SVM_AE_BET_ECFP的BA值    ：-7.725838070616212
SVM_AE_BET_ECFP    :RMSD: 0.429388, P: 0.386439, R^2: 0.133495
fold= 5
>>>>>>>>>>>>>training.............
###############################################SVM#####################################################
SVM_BET的BA值：-7.864147672680273
SVM_BET:RMSD: 0.439757, P: 0.329919, R^2: -0.056115
SVM_AE的BA值 ：-7.910387272934814
SVM_AE :RMSD: 0.466169, P: 0.249998, R^2: -0.186784
SVM_ECFP的BA值 ：-7.761676764939735
SVM_ECFP :RMSD: 0.503710, P: 0.508402, R^2: -0.385623
SVM_AE_BET的BA值    ：-7.887267472807544
SVM_AE_BET    :RMSD: 0.448686, P: 0.296275, R^2: -0.099436
SVM_AE_ECFP的BA值    ：-7.698892835617836
SVM_AE_ECFP    :RMSD: 0.463517, P: 0.379478, R^2: -0.173317
SVM_BET_ECFP的BA值    ：-7.6230927651008855
SVM_BET_ECFP    :RMSD: 0.452739, P: 0.448108, R^2: -0.119386
SVM_AE_BET_ECFP的BA值    ：-7.703199443391282
SVM_AE_BET_ECFP    :RMSD: 0.449708, P: 0.374331, R^2: -0.104448
fold= 6
>>>>>>>>>>>>>training.............
###############################################SVM#####################################################
SVM_BET的BA值：-7.375917046644602
SVM_BET:RMSD: 0.518521, P: 0.132167, R^2: -0.316066
SVM_AE的BA值 ：-7.495268522400119
SVM_AE :RMSD: 0.488303, P: 0.231766, R^2: -0.167139
SVM_ECFP的BA值 ：-7.855333825812051
SVM_ECFP :RMSD: 0.456352, P: 0.204195, R^2: -0.019400
SVM_AE_BET的BA值    ：-7.4345164791526965
SVM_AE_BET    :RMSD: 0.500227, P: 0.189025, R^2: -0.224837
SVM_AE_ECFP的BA值    ：-7.60842569020944
SVM_AE_ECFP    :RMSD: 0.450710, P: 0.242456, R^2: 0.005654
SVM_BET_ECFP的BA值    ：-7.58679646692663
SVM_BET_ECFP    :RMSD: 0.463832, P: 0.185132, R^2: -0.053092
SVM_AE_BET_ECFP的BA值    ：-7.5117034961533635
SVM_AE_BET_ECFP    :RMSD: 0.466484, P: 0.211021, R^2: -0.065166
fold= 7
>>>>>>>>>>>>>training.............
###############################################SVM#####################################################
SVM_BET的BA值：-7.728900541901441
SVM_BET:RMSD: 0.548490, P: 0.328400, R^2: 0.030837
SVM_AE的BA值 ：-7.59451311270848
SVM_AE :RMSD: 0.527597, P: 0.390235, R^2: 0.103265
SVM_ECFP的BA值 ：-7.799632343314065
SVM_ECFP :RMSD: 0.610174, P: 0.296438, R^2: -0.199407
SVM_AE_BET的BA值    ：-7.660983006030541
SVM_AE_BET    :RMSD: 0.534972, P: 0.365619, R^2: 0.078018
SVM_AE_ECFP的BA值    ：-7.6511545025237115
SVM_AE_ECFP    :RMSD: 0.556870, P: 0.375227, R^2: 0.000996
SVM_BET_ECFP的BA值    ：-7.695758697996542
SVM_BET_ECFP    :RMSD: 0.566501, P: 0.334214, R^2: -0.033858
SVM_AE_BET_ECFP的BA值    ：-7.662010169567188
SVM_AE_BET_ECFP    :RMSD: 0.549483, P: 0.364050, R^2: 0.027325
fold= 8
>>>>>>>>>>>>>training.............
###############################################SVM#####################################################
SVM_BET的BA值：-7.8957734266058
SVM_BET:RMSD: 0.524107, P: 0.420187, R^2: 0.112236
SVM_AE的BA值 ：-7.850707185585755
SVM_AE :RMSD: 0.522425, P: 0.412520, R^2: 0.117924
SVM_ECFP的BA值 ：-7.959449947415604
SVM_ECFP :RMSD: 0.552174, P: 0.550409, R^2: 0.014605
SVM_AE_BET的BA值    ：-7.873240306095777
SVM_AE_BET    :RMSD: 0.519546, P: 0.427138, R^2: 0.127621
SVM_AE_ECFP的BA值    ：-7.905078566500679
SVM_AE_ECFP    :RMSD: 0.527683, P: 0.488768, R^2: 0.100079
SVM_BET_ECFP的BA值    ：-7.927611687010701
SVM_BET_ECFP    :RMSD: 0.528156, P: 0.492821, R^2: 0.098465
SVM_AE_BET_ECFP的BA值    ：-7.9019768532023855
SVM_AE_BET_ECFP    :RMSD: 0.522472, P: 0.472707, R^2: 0.117766
fold= 9
>>>>>>>>>>>>>training.............
###############################################SVM#####################################################
SVM_BET的BA值：-8.019040246422863
SVM_BET:RMSD: 0.505542, P: 0.457938, R^2: 0.208017
SVM_AE的BA值 ：-7.906516186840173
SVM_AE :RMSD: 0.520007, P: 0.404099, R^2: 0.162046
SVM_ECFP的BA值 ：-7.774479785396964
SVM_ECFP :RMSD: 0.600118, P: 0.070414, R^2: -0.116027
SVM_AE_BET的BA值    ：-7.962778216631518
SVM_AE_BET    :RMSD: 0.507109, P: 0.451989, R^2: 0.203098
SVM_AE_ECFP的BA值    ：-7.840497986118569
SVM_AE_ECFP    :RMSD: 0.554834, P: 0.266262, R^2: 0.046046
SVM_BET_ECFP的BA值    ：-7.896760015909914
SVM_BET_ECFP    :RMSD: 0.543348, P: 0.322798, R^2: 0.085132
SVM_AE_BET_ECFP的BA值    ：-7.900012072886668
SVM_AE_BET_ECFP    :RMSD: 0.532790, P: 0.360119, R^2: 0.120341
fold= 10
>>>>>>>>>>>>>training.............
###############################################SVM#####################################################
SVM_BET的BA值：-7.76396783344961
SVM_BET:RMSD: 0.488945, P: 0.074356, R^2: -0.394019
SVM_AE的BA值 ：-7.745673669944332
SVM_AE :RMSD: 0.447049, P: 0.281009, R^2: -0.165355
SVM_ECFP的BA值 ：-7.655757010117188
SVM_ECFP :RMSD: 0.528386, P: 0.253439, R^2: -0.627986
SVM_AE_BET的BA值    ：-7.754820751696971
SVM_AE_BET    :RMSD: 0.464716, P: 0.189282, R^2: -0.259284
SVM_AE_ECFP的BA值    ：-7.692949765566434
SVM_AE_ECFP    :RMSD: 0.476710, P: 0.282048, R^2: -0.325126
SVM_BET_ECFP的BA值    ：-7.702096847319073
SVM_BET_ECFP    :RMSD: 0.498721, P: 0.161326, R^2: -0.450317
SVM_AE_BET_ECFP的BA值    ：-7.7166224548608255
SVM_AE_BET_ECFP    :RMSD: 0.477218, P: 0.214348, R^2: -0.327950
@@@@@@@@@@@@@@@@@@@@@@@@@@@@@@@@@@@@@@@@@@@最终结果@@@@@@@@@@@@@@@@@@@@@@@@@@@@@@@@@@@@@@@@@@@@@@@@@@
@@@@@@@@@@@@@@@@@@@@@@@@@@@@@@@@@@@@@@@@@@@最终结果@@@@@@@@@@@@@@@@@@@@@@@@@@@@@@@@@@@@@@@@@@@@@@@@@@
%%%%%%%%%%%%%%%%%%%%%%%%%%%%%%%%%%%%%%%%%%%SVM%%%%%%%%%%%%%%%%%%%%%%%%%%%%%%%%%%%%%%%%%%%%%%%%%%%%%%
SVM_BET:0-th Final RMSD: 0.488411, Final P: 0.309365, Final R^2: 0.058790
SVM_AE :0-th Final RMSD: 0.475793, Final P: 0.353147, Final R^2: 0.106794
SVM_ECFP :0-th Final RMSD: 0.516894, Final P: 0.278131, Final R^2: -0.054189
SVM_AE_BET    :0-th Final RMSD: 0.478299, Final P: 0.341251, Final R^2: 0.097360
SVM_AE_ECFP    :0-th Final RMSD: 0.482439, Final P: 0.342933, Final R^2: 0.081669
SVM_BET_ECFP    :0-th Final RMSD: 0.488355, Final P: 0.317497, Final R^2: 0.059007
SVM_AE_BET_ECFP    :0-th Final RMSD: 0.479343, Final P: 0.340496, Final R^2: 0.093417
0-th SVM_AE的BA值 ：-8.086634
0-th SVM_BET的BA值：-8.160524
0-th SVM_ECFP的BA值 ：-7.976441
0-th SVM_AE_BET的BA值：-8.123579
0-th SVM_AE_ECFP的BA值    ：-8.031538
0-th SVM_BET_ECFP的BA值    ：-8.068482
0-th SVM_AE_BET_ECFP的BA值    ：-8.074533
total time: 0.0018164475096596612 h
