size of data: (274,)
size of train size: 219
SVM parameter
Namespace(dataset='CHEMBL2889', C=10, kernel='rbf', gamma='scale', random_seed=0)
fold= 1
>>>>>>>>>>>>>training.............
###############################################SVM#####################################################
SVM_BET的BA值：-9.049668147205022
SVM_BET:RMSD: 0.407396, P: 0.845648, R^2: 0.711042
SVM_AE的BA值 ：-9.152754758141569
SVM_AE :RMSD: 0.423504, P: 0.831861, R^2: 0.687740
SVM_ECFP的BA值 ：-9.219169686742674
SVM_ECFP :RMSD: 0.554906, P: 0.719269, R^2: 0.463907
SVM_AE_BET的BA值    ：-9.101211452673295
SVM_AE_BET    :RMSD: 0.389388, P: 0.858734, R^2: 0.736022
SVM_AE_ECFP的BA值    ：-9.185962222442122
SVM_AE_ECFP    :RMSD: 0.450977, P: 0.808647, R^2: 0.645913
SVM_BET_ECFP的BA值    ：-9.134418916973848
SVM_BET_ECFP    :RMSD: 0.442523, P: 0.816203, R^2: 0.659064
SVM_AE_BET_ECFP的BA值    ：-9.140530864029754
SVM_AE_BET_ECFP    :RMSD: 0.415006, P: 0.838752, R^2: 0.700145
fold= 2
>>>>>>>>>>>>>training.............
###############################################SVM#####################################################
SVM_BET的BA值：-8.961225366740676
SVM_BET:RMSD: 0.612328, P: 0.752881, R^2: 0.554753
SVM_AE的BA值 ：-8.852138423669569
SVM_AE :RMSD: 0.567118, P: 0.803659, R^2: 0.618074
SVM_ECFP的BA值 ：-9.072568058443489
SVM_ECFP :RMSD: 0.732605, P: 0.659974, R^2: 0.362658
SVM_AE_BET的BA值    ：-8.906681895205121
SVM_AE_BET    :RMSD: 0.567781, P: 0.798413, R^2: 0.617181
SVM_AE_ECFP的BA值    ：-8.96235324105653
SVM_AE_ECFP    :RMSD: 0.624937, P: 0.751976, R^2: 0.536227
SVM_BET_ECFP的BA值    ：-9.016896712592082
SVM_BET_ECFP    :RMSD: 0.649406, P: 0.728110, R^2: 0.499199
SVM_AE_BET_ECFP的BA值    ：-8.961977282951244
SVM_AE_BET_ECFP    :RMSD: 0.606018, P: 0.767047, R^2: 0.563883
fold= 3
>>>>>>>>>>>>>training.............
###############################################SVM#####################################################
SVM_BET的BA值：-8.915191991595693
SVM_BET:RMSD: 0.691259, P: 0.712195, R^2: 0.503407
SVM_AE的BA值 ：-8.70647142989219
SVM_AE :RMSD: 0.673470, P: 0.738646, R^2: 0.528636
SVM_ECFP的BA值 ：-8.541993282413637
SVM_ECFP :RMSD: 0.679505, P: 0.753118, R^2: 0.520151
SVM_AE_BET的BA值    ：-8.695843723354125
SVM_AE_BET    :RMSD: 0.677309, P: 0.730869, R^2: 0.523248
SVM_AE_ECFP的BA值    ：-8.57114325586563
SVM_AE_ECFP    :RMSD: 0.660152, P: 0.768666, R^2: 0.547095
SVM_BET_ECFP的BA值    ：-8.728592637004665
SVM_BET_ECFP    :RMSD: 0.666556, P: 0.754442, R^2: 0.538264
SVM_AE_BET_ECFP的BA值    ：-8.64456024304063
SVM_AE_BET_ECFP    :RMSD: 0.663514, P: 0.756070, R^2: 0.542470
fold= 4
>>>>>>>>>>>>>training.............
###############################################SVM#####################################################
SVM_BET的BA值：-8.66233410495403
SVM_BET:RMSD: 0.678390, P: 0.671218, R^2: 0.433155
SVM_AE的BA值 ：-8.981510282885221
SVM_AE :RMSD: 0.664149, P: 0.685434, R^2: 0.456704
SVM_ECFP的BA值 ：-8.890618549353128
SVM_ECFP :RMSD: 0.733795, P: 0.595628, R^2: 0.336785
SVM_AE_BET的BA值    ：-8.821922193919626
SVM_AE_BET    :RMSD: 0.663298, P: 0.686005, R^2: 0.458096
SVM_AE_ECFP的BA值    ：-8.796988137549668
SVM_AE_ECFP    :RMSD: 0.686520, P: 0.656748, R^2: 0.419487
SVM_BET_ECFP的BA值    ：-8.637400048584073
SVM_BET_ECFP    :RMSD: 0.687847, P: 0.655130, R^2: 0.417240
SVM_AE_BET_ECFP的BA值    ：-8.75210346001779
SVM_AE_BET_ECFP    :RMSD: 0.674773, P: 0.670907, R^2: 0.439183
fold= 5
>>>>>>>>>>>>>training.............
###############################################SVM#####################################################
SVM_BET的BA值：-9.016599153388846
SVM_BET:RMSD: 0.824169, P: 0.200307, R^2: -0.567702
SVM_AE的BA值 ：-9.328994522080084
SVM_AE :RMSD: 0.887915, P: 0.197120, R^2: -0.819593
SVM_ECFP的BA值 ：-9.298994131950273
SVM_ECFP :RMSD: 0.872543, P: 0.202387, R^2: -0.757137
SVM_AE_BET的BA值    ：-9.172796837734465
SVM_AE_BET    :RMSD: 0.848391, P: 0.201082, R^2: -0.661207
SVM_AE_ECFP的BA值    ：-9.313994327015179
SVM_AE_ECFP    :RMSD: 0.864757, P: 0.205250, R^2: -0.725916
SVM_BET_ECFP的BA值    ：-9.15779664266956
SVM_BET_ECFP    :RMSD: 0.830781, P: 0.207763, R^2: -0.592961
SVM_AE_BET_ECFP的BA值    ：-9.214862602473067
SVM_AE_BET_ECFP    :RMSD: 0.843413, P: 0.206321, R^2: -0.641767
fold= 6
>>>>>>>>>>>>>training.............
###############################################SVM#####################################################
SVM_BET的BA值：-8.903648105788948
SVM_BET:RMSD: 0.606893, P: 0.829248, R^2: 0.656994
SVM_AE的BA值 ：-8.879864767412796
SVM_AE :RMSD: 0.625717, P: 0.820346, R^2: 0.635386
SVM_ECFP的BA值 ：-8.764873502068408
SVM_ECFP :RMSD: 0.626128, P: 0.806165, R^2: 0.634907
SVM_AE_BET的BA值    ：-8.891756436600872
SVM_AE_BET    :RMSD: 0.604756, P: 0.837841, R^2: 0.659406
SVM_AE_ECFP的BA值    ：-8.822369134740601
SVM_AE_ECFP    :RMSD: 0.604363, P: 0.835898, R^2: 0.659848
SVM_BET_ECFP的BA值    ：-8.834260803928679
SVM_BET_ECFP    :RMSD: 0.592579, P: 0.841944, R^2: 0.672984
SVM_AE_BET_ECFP的BA值    ：-8.849462125090051
SVM_AE_BET_ECFP    :RMSD: 0.594106, P: 0.845719, R^2: 0.671296
fold= 7
>>>>>>>>>>>>>training.............
###############################################SVM#####################################################
SVM_BET的BA值：-9.176885713302966
SVM_BET:RMSD: 0.751420, P: 0.677912, R^2: 0.458302
SVM_AE的BA值 ：-9.050844667257309
SVM_AE :RMSD: 0.730253, P: 0.702205, R^2: 0.488391
SVM_ECFP的BA值 ：-8.809329823061425
SVM_ECFP :RMSD: 0.881952, P: 0.527445, R^2: 0.253756
SVM_AE_BET的BA值    ：-9.113865190280137
SVM_AE_BET    :RMSD: 0.734580, P: 0.695006, R^2: 0.482311
SVM_AE_ECFP的BA值    ：-8.930087245159367
SVM_AE_ECFP    :RMSD: 0.788870, P: 0.637924, R^2: 0.402963
SVM_BET_ECFP的BA值    ：-8.993107768182195
SVM_BET_ECFP    :RMSD: 0.803582, P: 0.619361, R^2: 0.380486
SVM_AE_BET_ECFP的BA值    ：-9.012353401207234
SVM_AE_BET_ECFP    :RMSD: 0.771357, P: 0.656120, R^2: 0.429177
fold= 8
>>>>>>>>>>>>>training.............
###############################################SVM#####################################################
SVM_BET的BA值：-8.828336124101117
SVM_BET:RMSD: 0.545789, P: 0.730008, R^2: 0.528020
SVM_AE的BA值 ：-8.922013276821897
SVM_AE :RMSD: 0.504098, P: 0.778342, R^2: 0.597372
SVM_ECFP的BA值 ：-9.036111619792852
SVM_ECFP :RMSD: 0.562384, P: 0.730874, R^2: 0.498882
SVM_AE_BET的BA值    ：-8.875174700461507
SVM_AE_BET    :RMSD: 0.513501, P: 0.767236, R^2: 0.582211
SVM_AE_ECFP的BA值    ：-8.979062448307374
SVM_AE_ECFP    :RMSD: 0.515636, P: 0.770658, R^2: 0.578729
SVM_BET_ECFP的BA值    ：-8.932223871946984
SVM_BET_ECFP    :RMSD: 0.531484, P: 0.751495, R^2: 0.552437
SVM_AE_BET_ECFP的BA值    ：-8.928820340238621
SVM_AE_BET_ECFP    :RMSD: 0.514229, P: 0.769151, R^2: 0.581026
fold= 9
>>>>>>>>>>>>>training.............
###############################################SVM#####################################################
SVM_BET的BA值：-8.798031241152255
SVM_BET:RMSD: 0.592315, P: 0.873016, R^2: 0.694412
SVM_AE的BA值 ：-9.146921078558535
SVM_AE :RMSD: 0.677108, P: 0.788354, R^2: 0.600656
SVM_ECFP的BA值 ：-8.471633445572879
SVM_ECFP :RMSD: 0.644860, P: 0.850546, R^2: 0.637789
SVM_AE_BET的BA值    ：-8.972476159855395
SVM_AE_BET    :RMSD: 0.624125, P: 0.842856, R^2: 0.660707
SVM_AE_ECFP的BA值    ：-8.694678603916659
SVM_AE_ECFP    :RMSD: 0.640927, P: 0.840026, R^2: 0.642193
SVM_BET_ECFP的BA值    ：-8.520233685213519
SVM_BET_ECFP    :RMSD: 0.604334, P: 0.879935, R^2: 0.681884
SVM_AE_BET_ECFP的BA值    ：-8.72912948299519
SVM_AE_BET_ECFP    :RMSD: 0.617972, P: 0.860046, R^2: 0.667364
fold= 10
>>>>>>>>>>>>>training.............
###############################################SVM#####################################################
SVM_BET的BA值：-8.74701878376471
SVM_BET:RMSD: 0.609759, P: 0.660261, R^2: 0.395578
SVM_AE的BA值 ：-8.761153197626221
SVM_AE :RMSD: 0.645191, P: 0.610524, R^2: 0.323293
SVM_ECFP的BA值 ：-9.104540488485188
SVM_ECFP :RMSD: 0.650864, P: 0.608516, R^2: 0.311341
SVM_AE_BET的BA值    ：-8.754085990695465
SVM_AE_BET    :RMSD: 0.617584, P: 0.644387, R^2: 0.379965
SVM_AE_ECFP的BA值    ：-8.932846843055705
SVM_AE_ECFP    :RMSD: 0.631223, P: 0.625175, R^2: 0.352277
SVM_BET_ECFP的BA值    ：-8.92577963612495
SVM_BET_ECFP    :RMSD: 0.611737, P: 0.652080, R^2: 0.391650
SVM_AE_BET_ECFP的BA值    ：-8.870904156625373
SVM_AE_BET_ECFP    :RMSD: 0.615052, P: 0.645493, R^2: 0.385040
@@@@@@@@@@@@@@@@@@@@@@@@@@@@@@@@@@@@@@@@@@@最终结果@@@@@@@@@@@@@@@@@@@@@@@@@@@@@@@@@@@@@@@@@@@@@@@@@@
@@@@@@@@@@@@@@@@@@@@@@@@@@@@@@@@@@@@@@@@@@@最终结果@@@@@@@@@@@@@@@@@@@@@@@@@@@@@@@@@@@@@@@@@@@@@@@@@@
%%%%%%%%%%%%%%%%%%%%%%%%%%%%%%%%%%%%%%%%%%%SVM%%%%%%%%%%%%%%%%%%%%%%%%%%%%%%%%%%%%%%%%%%%%%%%%%%%%%%
SVM_BET:0-th Final RMSD: 0.640754, Final P: 0.709429, Final R^2: 0.501532
SVM_AE :0-th Final RMSD: 0.650135, Final P: 0.699387, Final R^2: 0.486829
SVM_ECFP :0-th Final RMSD: 0.701933, Final P: 0.643043, Final R^2: 0.401801
SVM_AE_BET    :0-th Final RMSD: 0.634324, Final P: 0.715765, Final R^2: 0.511485
SVM_AE_ECFP    :0-th Final RMSD: 0.656000, Final P: 0.692644, Final R^2: 0.477528
SVM_BET_ECFP    :0-th Final RMSD: 0.651004, Final P: 0.698263, Final R^2: 0.485457
SVM_AE_BET_ECFP    :0-th Final RMSD: 0.641187, Final P: 0.708678, Final R^2: 0.500858
0-th SVM_AE的BA值 ：-9.328995
0-th SVM_BET的BA值：-9.176886
0-th SVM_ECFP的BA值 ：-9.298994
0-th SVM_AE_BET的BA值：-9.172797
0-th SVM_AE_ECFP的BA值    ：-9.313994
0-th SVM_BET_ECFP的BA值    ：-9.157797
0-th SVM_AE_BET_ECFP的BA值    ：-9.214863
total time: 0.002420821785926819 h
