size of data: (314,)
size of train size: 251
SVM parameter
Namespace(dataset='CHEMBL4029', C=10, kernel='rbf', gamma='scale', random_seed=0)
fold= 1
>>>>>>>>>>>>>training.............
###############################################SVM#####################################################
SVM_BET的BA值：-10.865866158330215
SVM_BET:RMSD: 1.175798, P: 0.653254, R^2: 0.363970
SVM_AE的BA值 ：-11.2183973843216
SVM_AE :RMSD: 1.023090, P: 0.743394, R^2: 0.518451
SVM_ECFP的BA值 ：-11.042454792010659
SVM_ECFP :RMSD: 1.191305, P: 0.731209, R^2: 0.347083
SVM_AE_BET的BA值    ：-10.934348659895125
SVM_AE_BET    :RMSD: 1.084768, P: 0.707855, R^2: 0.458640
SVM_AE_ECFP的BA值    ：-11.028082742497112
SVM_AE_ECFP    :RMSD: 1.068839, P: 0.752769, R^2: 0.474423
SVM_BET_ECFP的BA值    ：-10.951197694256177
SVM_BET_ECFP    :RMSD: 1.149271, P: 0.704240, R^2: 0.392345
SVM_AE_BET_ECFP的BA值    ：-10.935286678209415
SVM_AE_BET_ECFP    :RMSD: 1.090944, P: 0.725745, R^2: 0.452458
fold= 2
>>>>>>>>>>>>>training.............
###############################################SVM#####################################################
SVM_BET的BA值：-11.039592202934587
SVM_BET:RMSD: 1.044895, P: 0.647153, R^2: 0.408787
SVM_AE的BA值 ：-10.98587355101227
SVM_AE :RMSD: 1.085770, P: 0.626647, R^2: 0.361627
SVM_ECFP的BA值 ：-10.98905284382896
SVM_ECFP :RMSD: 1.226456, P: 0.550501, R^2: 0.185478
SVM_AE_BET的BA值    ：-11.012732876973429
SVM_AE_BET    :RMSD: 1.054534, P: 0.642875, R^2: 0.397829
SVM_AE_ECFP的BA值    ：-10.987463197420615
SVM_AE_ECFP    :RMSD: 1.083129, P: 0.626569, R^2: 0.364729
SVM_BET_ECFP的BA值    ：-11.014322523381773
SVM_BET_ECFP    :RMSD: 1.070487, P: 0.635231, R^2: 0.379472
SVM_AE_BET_ECFP的BA值    ：-11.004839532591939
SVM_AE_BET_ECFP    :RMSD: 1.051439, P: 0.642826, R^2: 0.401358
fold= 3
>>>>>>>>>>>>>training.............
###############################################SVM#####################################################
SVM_BET的BA值：-10.641547582982948
SVM_BET:RMSD: 1.121050, P: 0.707692, R^2: 0.400554
SVM_AE的BA值 ：-10.612925683300725
SVM_AE :RMSD: 1.081132, P: 0.733632, R^2: 0.442484
SVM_ECFP的BA值 ：-10.642979699876662
SVM_ECFP :RMSD: 1.143568, P: 0.651786, R^2: 0.376230
SVM_AE_BET的BA值    ：-10.499742108240293
SVM_AE_BET    :RMSD: 1.087966, P: 0.731658, R^2: 0.435414
SVM_AE_ECFP的BA值    ：-10.627952691588693
SVM_AE_ECFP    :RMSD: 1.075882, P: 0.713788, R^2: 0.447885
SVM_BET_ECFP的BA值    ：-10.589523487532661
SVM_BET_ECFP    :RMSD: 1.099218, P: 0.698272, R^2: 0.423675
SVM_AE_BET_ECFP的BA值    ：-10.514683047246818
SVM_AE_BET_ECFP    :RMSD: 1.078298, P: 0.720969, R^2: 0.445403
fold= 4
>>>>>>>>>>>>>training.............
###############################################SVM#####################################################
SVM_BET的BA值：-11.006299281229754
SVM_BET:RMSD: 0.961543, P: 0.696476, R^2: 0.448554
SVM_AE的BA值 ：-10.992505585213726
SVM_AE :RMSD: 1.006247, P: 0.660277, R^2: 0.396087
SVM_ECFP的BA值 ：-10.531237471189428
SVM_ECFP :RMSD: 1.054991, P: 0.630537, R^2: 0.336160
SVM_AE_BET的BA值    ：-10.99940243322174
SVM_AE_BET    :RMSD: 0.978066, P: 0.681593, R^2: 0.429439
SVM_AE_ECFP的BA值    ：-10.65519079343182
SVM_AE_ECFP    :RMSD: 0.945278, P: 0.687362, R^2: 0.467052
SVM_BET_ECFP的BA值    ：-10.662087641439834
SVM_BET_ECFP    :RMSD: 0.914057, P: 0.709557, R^2: 0.501675
SVM_AE_BET_ECFP的BA值    ：-10.772226956031131
SVM_AE_BET_ECFP    :RMSD: 0.924515, P: 0.701512, R^2: 0.490207
fold= 5
>>>>>>>>>>>>>training.............
###############################################SVM#####################################################
SVM_BET的BA值：-11.113829395572838
SVM_BET:RMSD: 1.382815, P: 0.534345, R^2: 0.156518
SVM_AE的BA值 ：-11.011129237866331
SVM_AE :RMSD: 1.340852, P: 0.543676, R^2: 0.206934
SVM_ECFP的BA值 ：-10.774952606084424
SVM_ECFP :RMSD: 1.309458, P: 0.527965, R^2: 0.243636
SVM_AE_BET的BA值    ：-11.037007347589753
SVM_AE_BET    :RMSD: 1.354807, P: 0.542514, R^2: 0.190340
SVM_AE_ECFP的BA值    ：-10.712405714322834
SVM_AE_ECFP    :RMSD: 1.291846, P: 0.553836, R^2: 0.263846
SVM_BET_ECFP的BA值    ：-10.722240661140995
SVM_BET_ECFP    :RMSD: 1.305503, P: 0.550689, R^2: 0.248198
SVM_AE_BET_ECFP的BA值    ：-10.818536853382774
SVM_AE_BET_ECFP    :RMSD: 1.308523, P: 0.553263, R^2: 0.244716
fold= 6
>>>>>>>>>>>>>training.............
###############################################SVM#####################################################
SVM_BET的BA值：-10.3432981330194
SVM_BET:RMSD: 0.579579, P: 0.890991, R^2: 0.772287
SVM_AE的BA值 ：-10.33402597193965
SVM_AE :RMSD: 0.571549, P: 0.899542, R^2: 0.778553
SVM_ECFP的BA值 ：-10.640253702537947
SVM_ECFP :RMSD: 0.847343, P: 0.801035, R^2: 0.513278
SVM_AE_BET的BA值    ：-10.338662052479524
SVM_AE_BET    :RMSD: 0.551298, P: 0.907410, R^2: 0.793967
SVM_AE_ECFP的BA值    ：-10.44228437739023
SVM_AE_ECFP    :RMSD: 0.650643, P: 0.889548, R^2: 0.713022
SVM_BET_ECFP的BA值    ：-10.40043845603417
SVM_BET_ECFP    :RMSD: 0.656316, P: 0.883600, R^2: 0.707996
SVM_AE_BET_ECFP的BA值    ：-10.34839732143695
SVM_AE_BET_ECFP    :RMSD: 0.601064, P: 0.903914, R^2: 0.755091
fold= 7
>>>>>>>>>>>>>training.............
###############################################SVM#####################################################
SVM_BET的BA值：-10.717479369994155
SVM_BET:RMSD: 0.636030, P: 0.834409, R^2: 0.693270
SVM_AE的BA值 ：-10.554235645238574
SVM_AE :RMSD: 0.619590, P: 0.850266, R^2: 0.708922
SVM_ECFP的BA值 ：-11.095674379249383
SVM_ECFP :RMSD: 0.809325, P: 0.729886, R^2: 0.503354
SVM_AE_BET的BA值    ：-10.513546342423853
SVM_AE_BET    :RMSD: 0.612016, P: 0.852628, R^2: 0.715995
SVM_AE_ECFP的BA值    ：-10.82495501224398
SVM_AE_ECFP    :RMSD: 0.656598, P: 0.822745, R^2: 0.673111
SVM_BET_ECFP的BA值    ：-10.784265709429256
SVM_BET_ECFP    :RMSD: 0.655454, P: 0.823083, R^2: 0.674249
SVM_AE_BET_ECFP的BA值    ：-10.707589021365697
SVM_AE_BET_ECFP    :RMSD: 0.623412, P: 0.844403, R^2: 0.705320
fold= 8
>>>>>>>>>>>>>training.............
###############################################SVM#####################################################
SVM_BET的BA值：-11.009037019410364
SVM_BET:RMSD: 0.884029, P: 0.803304, R^2: 0.636306
SVM_AE的BA值 ：-11.168393305014511
SVM_AE :RMSD: 0.804888, P: 0.842774, R^2: 0.698509
SVM_ECFP的BA值 ：-11.201733565234543
SVM_ECFP :RMSD: 0.866883, P: 0.895340, R^2: 0.650277
SVM_AE_BET的BA值    ：-11.011794674687348
SVM_AE_BET    :RMSD: 0.838706, P: 0.825590, R^2: 0.672643
SVM_AE_ECFP的BA值    ：-11.069470712429034
SVM_AE_ECFP    :RMSD: 0.781740, P: 0.884758, R^2: 0.715602
SVM_BET_ECFP的BA值    ：-11.105385292322453
SVM_BET_ECFP    :RMSD: 0.806423, P: 0.867912, R^2: 0.697358
SVM_AE_BET_ECFP的BA值    ：-11.017961742378581
SVM_AE_BET_ECFP    :RMSD: 0.794328, P: 0.862808, R^2: 0.706369
fold= 9
>>>>>>>>>>>>>training.............
###############################################SVM#####################################################
SVM_BET的BA值：-10.559828677052892
SVM_BET:RMSD: 1.043892, P: 0.649375, R^2: 0.373738
SVM_AE的BA值 ：-10.277209313222597
SVM_AE :RMSD: 1.013014, P: 0.682405, R^2: 0.410239
SVM_ECFP的BA值 ：-10.85161154144662
SVM_ECFP :RMSD: 1.152831, P: 0.664054, R^2: 0.236206
SVM_AE_BET的BA值    ：-10.418518995137745
SVM_AE_BET    :RMSD: 1.022327, P: 0.670438, R^2: 0.399345
SVM_AE_ECFP的BA值    ：-10.54606744996339
SVM_AE_ECFP    :RMSD: 1.053395, P: 0.692839, R^2: 0.362283
SVM_BET_ECFP的BA值    ：-10.58874339993995
SVM_BET_ECFP    :RMSD: 1.062558, P: 0.679355, R^2: 0.351141
SVM_AE_BET_ECFP的BA值    ：-10.4848987043675
SVM_AE_BET_ECFP    :RMSD: 1.037646, P: 0.686510, R^2: 0.381210
fold= 10
>>>>>>>>>>>>>training.............
###############################################SVM#####################################################
SVM_BET的BA值：-10.842489865344735
SVM_BET:RMSD: 0.929688, P: 0.686129, R^2: 0.453919
SVM_AE的BA值 ：-10.29670840185036
SVM_AE :RMSD: 0.866505, P: 0.725817, R^2: 0.525622
SVM_ECFP的BA值 ：-10.813589612748267
SVM_ECFP :RMSD: 0.927946, P: 0.718547, R^2: 0.455964
SVM_AE_BET的BA值    ：-10.569599133597547
SVM_AE_BET    :RMSD: 0.886593, P: 0.710642, R^2: 0.503372
SVM_AE_ECFP的BA值    ：-10.545958898683867
SVM_AE_ECFP    :RMSD: 0.845945, P: 0.746889, R^2: 0.547867
SVM_BET_ECFP的BA值    ：-10.669975526029532
SVM_BET_ECFP    :RMSD: 0.879561, P: 0.732437, R^2: 0.511219
SVM_AE_BET_ECFP的BA值    ：-10.54555315130314
SVM_AE_BET_ECFP    :RMSD: 0.857967, P: 0.737569, R^2: 0.534925
@@@@@@@@@@@@@@@@@@@@@@@@@@@@@@@@@@@@@@@@@@@最终结果@@@@@@@@@@@@@@@@@@@@@@@@@@@@@@@@@@@@@@@@@@@@@@@@@@
@@@@@@@@@@@@@@@@@@@@@@@@@@@@@@@@@@@@@@@@@@@最终结果@@@@@@@@@@@@@@@@@@@@@@@@@@@@@@@@@@@@@@@@@@@@@@@@@@
%%%%%%%%%%%%%%%%%%%%%%%%%%%%%%%%%%%%%%%%%%%SVM%%%%%%%%%%%%%%%%%%%%%%%%%%%%%%%%%%%%%%%%%%%%%%%%%%%%%%
SVM_BET:0-th Final RMSD: 1.003200, Final P: 0.693105, Final R^2: 0.475203
SVM_AE :0-th Final RMSD: 0.967557, Final P: 0.716187, Final R^2: 0.511832
SVM_ECFP :0-th Final RMSD: 1.067648, Final P: 0.673857, Final R^2: 0.405609
SVM_AE_BET    :0-th Final RMSD: 0.974576, Final P: 0.711485, Final R^2: 0.504724
SVM_AE_ECFP    :0-th Final RMSD: 0.966779, Final P: 0.723190, Final R^2: 0.512617
SVM_BET_ECFP    :0-th Final RMSD: 0.982305, Final P: 0.712071, Final R^2: 0.496837
SVM_AE_BET_ECFP    :0-th Final RMSD: 0.961196, Final P: 0.722710, Final R^2: 0.518230
0-th SVM_AE的BA值 ：-11.218397
0-th SVM_BET的BA值：-11.113829
0-th SVM_ECFP的BA值 ：-11.201734
0-th SVM_AE_BET的BA值：-11.037007
0-th SVM_AE_ECFP的BA值    ：-11.069471
0-th SVM_BET_ECFP的BA值    ：-11.105385
0-th SVM_AE_BET_ECFP的BA值    ：-11.017962
total time: 0.0030023464891645642 h
