size of data: (732,)
size of train size: 585
SVM parameter
Namespace(dataset='CHEMBL4306', C=10, kernel='rbf', gamma='scale', random_seed=0)
fold= 1
>>>>>>>>>>>>>training.............
###############################################SVM#####################################################
SVM_BET的BA值：-10.285654760568354
SVM_BET:RMSD: 0.639357, P: 0.729982, R^2: 0.528496
SVM_AE的BA值 ：-10.075431628924253
SVM_AE :RMSD: 0.646568, P: 0.722299, R^2: 0.517800
SVM_ECFP的BA值 ：-10.56493968040705
SVM_ECFP :RMSD: 0.614916, P: 0.761579, R^2: 0.563856
SVM_AE_BET的BA值    ：-10.168142396183462
SVM_AE_BET    :RMSD: 0.631563, P: 0.736365, R^2: 0.539921
SVM_AE_ECFP的BA值    ：-10.149006501714664
SVM_AE_ECFP    :RMSD: 0.597431, P: 0.767544, R^2: 0.588306
SVM_BET_ECFP的BA值    ：-10.25641271294582
SVM_BET_ECFP    :RMSD: 0.594118, P: 0.770850, R^2: 0.592860
SVM_AE_BET_ECFP的BA值    ：-10.095052992821639
SVM_AE_BET_ECFP    :RMSD: 0.599087, P: 0.765637, R^2: 0.586022
fold= 2
>>>>>>>>>>>>>training.............
###############################################SVM#####################################################
SVM_BET的BA值：-10.219374008921605
SVM_BET:RMSD: 0.702558, P: 0.817018, R^2: 0.656495
SVM_AE的BA值 ：-10.421340658282343
SVM_AE :RMSD: 0.687697, P: 0.822756, R^2: 0.670873
SVM_ECFP的BA值 ：-10.560634225878582
SVM_ECFP :RMSD: 0.745208, P: 0.795112, R^2: 0.613523
SVM_AE_BET的BA值    ：-10.227713572264925
SVM_AE_BET    :RMSD: 0.685712, P: 0.826765, R^2: 0.672771
SVM_AE_ECFP的BA值    ：-10.360679361700328
SVM_AE_ECFP    :RMSD: 0.693985, P: 0.826247, R^2: 0.664827
SVM_BET_ECFP的BA值    ：-10.35087932967959
SVM_BET_ECFP    :RMSD: 0.699519, P: 0.825638, R^2: 0.659461
SVM_AE_BET_ECFP的BA值    ：-10.270726623234262
SVM_AE_BET_ECFP    :RMSD: 0.686595, P: 0.831005, R^2: 0.671927
fold= 3
>>>>>>>>>>>>>training.............
###############################################SVM#####################################################
SVM_BET的BA值：-10.188705553013596
SVM_BET:RMSD: 0.523699, P: 0.838648, R^2: 0.702254
SVM_AE的BA值 ：-10.348872408158261
SVM_AE :RMSD: 0.602579, P: 0.781877, R^2: 0.605806
SVM_ECFP的BA值 ：-10.577017119182909
SVM_ECFP :RMSD: 0.522111, P: 0.842740, R^2: 0.704057
SVM_AE_BET的BA值    ：-10.268788980585928
SVM_AE_BET    :RMSD: 0.551016, P: 0.819375, R^2: 0.670382
SVM_AE_ECFP的BA值    ：-10.247583830484356
SVM_AE_ECFP    :RMSD: 0.519788, P: 0.842197, R^2: 0.706685
SVM_BET_ECFP的BA值    ：-10.203637278408848
SVM_BET_ECFP    :RMSD: 0.483660, P: 0.866808, R^2: 0.746042
SVM_AE_BET_ECFP的BA值    ：-10.122088861027335
SVM_AE_BET_ECFP    :RMSD: 0.507821, P: 0.849962, R^2: 0.720035
fold= 4
>>>>>>>>>>>>>training.............
###############################################SVM#####################################################
SVM_BET的BA值：-10.18679662989311
SVM_BET:RMSD: 0.700981, P: 0.726314, R^2: 0.480069
SVM_AE的BA值 ：-10.499275944752743
SVM_AE :RMSD: 0.666822, P: 0.748000, R^2: 0.529508
SVM_ECFP的BA值 ：-10.315120544004413
SVM_ECFP :RMSD: 0.690513, P: 0.722702, R^2: 0.495482
SVM_AE_BET的BA值    ：-10.289289936181508
SVM_AE_BET    :RMSD: 0.670575, P: 0.745745, R^2: 0.524197
SVM_AE_ECFP的BA值    ：-10.407198244378577
SVM_AE_ECFP    :RMSD: 0.647906, P: 0.756751, R^2: 0.555822
SVM_BET_ECFP的BA值    ：-10.197212235807342
SVM_BET_ECFP    :RMSD: 0.669338, P: 0.742681, R^2: 0.525950
SVM_AE_BET_ECFP的BA值    ：-10.297900138789142
SVM_AE_BET_ECFP    :RMSD: 0.654644, P: 0.753780, R^2: 0.546535
fold= 5
>>>>>>>>>>>>>training.............
###############################################SVM#####################################################
SVM_BET的BA值：-10.294885898438585
SVM_BET:RMSD: 0.581247, P: 0.796328, R^2: 0.596919
SVM_AE的BA值 ：-10.235790577586666
SVM_AE :RMSD: 0.594228, P: 0.782959, R^2: 0.578713
SVM_ECFP的BA值 ：-10.104999616611414
SVM_ECFP :RMSD: 0.562573, P: 0.796337, R^2: 0.622403
SVM_AE_BET的BA值    ：-10.224097184704776
SVM_AE_BET    :RMSD: 0.573414, P: 0.799407, R^2: 0.607709
SVM_AE_ECFP的BA值    ：-10.12915404379119
SVM_AE_ECFP    :RMSD: 0.546423, P: 0.811698, R^2: 0.643772
SVM_BET_ECFP的BA值    ：-10.199942757525
SVM_BET_ECFP    :RMSD: 0.541840, P: 0.817392, R^2: 0.649722
SVM_AE_BET_ECFP的BA值    ：-10.184397995340321
SVM_AE_BET_ECFP    :RMSD: 0.545328, P: 0.815036, R^2: 0.645197
fold= 6
>>>>>>>>>>>>>training.............
###############################################SVM#####################################################
SVM_BET的BA值：-10.26969196178112
SVM_BET:RMSD: 0.646483, P: 0.778268, R^2: 0.598017
SVM_AE的BA值 ：-10.228020311406214
SVM_AE :RMSD: 0.644735, P: 0.781718, R^2: 0.600188
SVM_ECFP的BA值 ：-10.295629548688177
SVM_ECFP :RMSD: 0.624279, P: 0.793776, R^2: 0.625156
SVM_AE_BET的BA值    ：-10.236484258797443
SVM_AE_BET    :RMSD: 0.627372, P: 0.794850, R^2: 0.621432
SVM_AE_ECFP的BA值    ：-10.261824930047196
SVM_AE_ECFP    :RMSD: 0.607371, P: 0.809384, R^2: 0.645186
SVM_BET_ECFP的BA值    ：-10.1207231365043
SVM_BET_ECFP    :RMSD: 0.611190, P: 0.807177, R^2: 0.640709
SVM_AE_BET_ECFP的BA值    ：-10.156488861471603
SVM_AE_BET_ECFP    :RMSD: 0.607439, P: 0.810545, R^2: 0.645105
fold= 7
>>>>>>>>>>>>>training.............
###############################################SVM#####################################################
SVM_BET的BA值：-10.280356208461749
SVM_BET:RMSD: 0.697981, P: 0.722203, R^2: 0.496016
SVM_AE的BA值 ：-10.373724640233977
SVM_AE :RMSD: 0.714322, P: 0.722905, R^2: 0.472141
SVM_ECFP的BA值 ：-10.634915293597935
SVM_ECFP :RMSD: 0.684621, P: 0.766136, R^2: 0.515125
SVM_AE_BET的BA值    ：-10.26140398887284
SVM_AE_BET    :RMSD: 0.695415, P: 0.730716, R^2: 0.499714
SVM_AE_ECFP的BA值    ：-10.504319966915956
SVM_AE_ECFP    :RMSD: 0.675633, P: 0.766177, R^2: 0.527773
SVM_BET_ECFP的BA值    ：-10.391999315554818
SVM_BET_ECFP    :RMSD: 0.658919, P: 0.769342, R^2: 0.550848
SVM_AE_BET_ECFP的BA值    ：-10.385907757114538
SVM_AE_BET_ECFP    :RMSD: 0.669235, P: 0.761677, R^2: 0.536673
fold= 8
>>>>>>>>>>>>>training.............
###############################################SVM#####################################################
SVM_BET的BA值：-10.658858136191148
SVM_BET:RMSD: 0.577448, P: 0.828333, R^2: 0.674025
SVM_AE的BA值 ：-10.688436756206054
SVM_AE :RMSD: 0.578517, P: 0.833588, R^2: 0.672817
SVM_ECFP的BA值 ：-10.425126602633048
SVM_ECFP :RMSD: 0.568711, P: 0.836456, R^2: 0.683815
SVM_AE_BET的BA值    ：-10.6736474461986
SVM_AE_BET    :RMSD: 0.566296, P: 0.837810, R^2: 0.686494
SVM_AE_ECFP的BA值    ：-10.404117956423143
SVM_AE_ECFP    :RMSD: 0.540858, P: 0.855691, R^2: 0.714027
SVM_BET_ECFP的BA值    ：-10.42113063547756
SVM_BET_ECFP    :RMSD: 0.535205, P: 0.856036, R^2: 0.719974
SVM_AE_BET_ECFP的BA值    ：-10.478709729431586
SVM_AE_BET_ECFP    :RMSD: 0.538216, P: 0.854936, R^2: 0.716813
fold= 9
>>>>>>>>>>>>>training.............
###############################################SVM#####################################################
SVM_BET的BA值：-10.326269929662288
SVM_BET:RMSD: 0.502247, P: 0.855653, R^2: 0.730768
SVM_AE的BA值 ：-10.412411873350361
SVM_AE :RMSD: 0.549075, P: 0.824321, R^2: 0.678224
SVM_ECFP的BA值 ：-10.27172741295161
SVM_ECFP :RMSD: 0.609413, P: 0.777039, R^2: 0.603618
SVM_AE_BET的BA值    ：-10.369340901506325
SVM_AE_BET    :RMSD: 0.514518, P: 0.847214, R^2: 0.717452
SVM_AE_ECFP的BA值    ：-10.306686971824629
SVM_AE_ECFP    :RMSD: 0.550045, P: 0.823190, R^2: 0.677086
SVM_BET_ECFP的BA值    ：-10.20287228799356
SVM_BET_ECFP    :RMSD: 0.526154, P: 0.841047, R^2: 0.704528
SVM_AE_BET_ECFP的BA值    ：-10.269139959761844
SVM_AE_BET_ECFP    :RMSD: 0.521892, P: 0.843091, R^2: 0.709295
fold= 10
>>>>>>>>>>>>>training.............
###############################################SVM#####################################################
SVM_BET的BA值：-10.589446346759658
SVM_BET:RMSD: 0.693976, P: 0.770110, R^2: 0.546257
SVM_AE的BA值 ：-10.470006531409767
SVM_AE :RMSD: 0.658357, P: 0.783566, R^2: 0.591640
SVM_ECFP的BA值 ：-10.531200604579007
SVM_ECFP :RMSD: 0.659193, P: 0.778326, R^2: 0.590602
SVM_AE_BET的BA值    ：-10.529726439084712
SVM_AE_BET    :RMSD: 0.665069, P: 0.784078, R^2: 0.583270
SVM_AE_ECFP的BA值    ：-10.493239960415412
SVM_AE_ECFP    :RMSD: 0.631737, P: 0.800123, R^2: 0.623995
SVM_BET_ECFP的BA值    ：-10.416529394616848
SVM_BET_ECFP    :RMSD: 0.650557, P: 0.792616, R^2: 0.601258
SVM_AE_BET_ECFP的BA值    ：-10.429446035161838
SVM_AE_BET_ECFP    :RMSD: 0.641956, P: 0.797213, R^2: 0.611732
@@@@@@@@@@@@@@@@@@@@@@@@@@@@@@@@@@@@@@@@@@@最终结果@@@@@@@@@@@@@@@@@@@@@@@@@@@@@@@@@@@@@@@@@@@@@@@@@@
@@@@@@@@@@@@@@@@@@@@@@@@@@@@@@@@@@@@@@@@@@@最终结果@@@@@@@@@@@@@@@@@@@@@@@@@@@@@@@@@@@@@@@@@@@@@@@@@@
%%%%%%%%%%%%%%%%%%%%%%%%%%%%%%%%%%%%%%%%%%%SVM%%%%%%%%%%%%%%%%%%%%%%%%%%%%%%%%%%%%%%%%%%%%%%%%%%%%%%
SVM_BET:0-th Final RMSD: 0.630851, Final P: 0.781003, Final R^2: 0.608568
SVM_AE :0-th Final RMSD: 0.636277, Final P: 0.777182, Final R^2: 0.601805
SVM_ECFP :0-th Final RMSD: 0.631585, Final P: 0.780959, Final R^2: 0.607656
SVM_AE_BET    :0-th Final RMSD: 0.621083, Final P: 0.788142, Final R^2: 0.620596
SVM_AE_ECFP    :0-th Final RMSD: 0.603997, Final P: 0.801408, Final R^2: 0.641184
SVM_BET_ECFP    :0-th Final RMSD: 0.601141, Final P: 0.803896, Final R^2: 0.644568
SVM_AE_BET_ECFP    :0-th Final RMSD: 0.600554, Final P: 0.803832, Final R^2: 0.645262
0-th SVM_AE的BA值 ：-10.688437
0-th SVM_BET的BA值：-10.658858
0-th SVM_ECFP的BA值 ：-10.634915
0-th SVM_AE_BET的BA值：-10.673647
0-th SVM_AE_ECFP的BA值    ：-10.504320
0-th SVM_BET_ECFP的BA值    ：-10.421131
0-th SVM_AE_BET_ECFP的BA值    ：-10.478710
total time: 0.009915605452325608 h
