size of data: (331,)
size of train size: 264
SVM parameter
Namespace(dataset='CHEMBL2085', C=10, kernel='rbf', gamma='scale', random_seed=0)
fold= 1
>>>>>>>>>>>>>training.............
###############################################SVM#####################################################
SVM_BET的BA值：-8.482490877653344
SVM_BET:RMSD: 0.711096, P: 0.571289, R^2: 0.198110
SVM_AE的BA值 ：-8.459459908776191
SVM_AE :RMSD: 0.793633, P: 0.472275, R^2: 0.001155
SVM_ECFP的BA值 ：-8.915983168994169
SVM_ECFP :RMSD: 0.842470, P: 0.415500, R^2: -0.125559
SVM_AE_BET的BA值    ：-8.241403541781608
SVM_AE_BET    :RMSD: 0.736410, P: 0.540930, R^2: 0.140000
SVM_AE_ECFP的BA值    ：-8.392731174630798
SVM_AE_ECFP    :RMSD: 0.780304, P: 0.499782, R^2: 0.034424
SVM_BET_ECFP的BA值    ：-8.699237023323757
SVM_BET_ECFP    :RMSD: 0.751532, P: 0.541579, R^2: 0.104319
SVM_AE_BET_ECFP的BA值    ：-8.422651075638315
SVM_AE_BET_ECFP    :RMSD: 0.746743, P: 0.541944, R^2: 0.115696
fold= 2
>>>>>>>>>>>>>training.............
###############################################SVM#####################################################
SVM_BET的BA值：-9.197870033973375
SVM_BET:RMSD: 0.859758, P: 0.722095, R^2: 0.480316
SVM_AE的BA值 ：-8.940279831215353
SVM_AE :RMSD: 0.922093, P: 0.690006, R^2: 0.402227
SVM_ECFP的BA值 ：-9.592419848242358
SVM_ECFP :RMSD: 0.903076, P: 0.688139, R^2: 0.426629
SVM_AE_BET的BA值    ：-9.061966876989
SVM_AE_BET    :RMSD: 0.878028, P: 0.721040, R^2: 0.457994
SVM_AE_ECFP的BA值    ：-9.251403845255885
SVM_AE_ECFP    :RMSD: 0.894862, P: 0.715221, R^2: 0.437012
SVM_BET_ECFP的BA值    ：-9.395144941107866
SVM_BET_ECFP    :RMSD: 0.858983, P: 0.732237, R^2: 0.481252
SVM_AE_BET_ECFP的BA值    ：-9.233559241495048
SVM_AE_BET_ECFP    :RMSD: 0.871351, P: 0.730637, R^2: 0.466207
fold= 3
>>>>>>>>>>>>>training.............
###############################################SVM#####################################################
SVM_BET的BA值：-9.302222807722439
SVM_BET:RMSD: 0.918412, P: 0.611386, R^2: 0.350327
SVM_AE的BA值 ：-9.544901209196468
SVM_AE :RMSD: 0.891722, P: 0.633482, R^2: 0.387538
SVM_ECFP的BA值 ：-8.714769705812994
SVM_ECFP :RMSD: 0.908691, P: 0.629719, R^2: 0.364007
SVM_AE_BET的BA值    ：-9.423562008459452
SVM_AE_BET    :RMSD: 0.896661, P: 0.632742, R^2: 0.380736
SVM_AE_ECFP的BA值    ：-9.129835457504731
SVM_AE_ECFP    :RMSD: 0.870867, P: 0.671552, R^2: 0.415851
SVM_BET_ECFP的BA值    ：-9.008496256767717
SVM_BET_ECFP    :RMSD: 0.888985, P: 0.658675, R^2: 0.391293
SVM_AE_BET_ECFP的BA值    ：-9.187297907577301
SVM_AE_BET_ECFP    :RMSD: 0.878537, P: 0.663279, R^2: 0.405516
fold= 4
>>>>>>>>>>>>>training.............
###############################################SVM#####################################################
SVM_BET的BA值：-9.812129998208158
SVM_BET:RMSD: 0.776979, P: 0.691722, R^2: 0.471637
SVM_AE的BA值 ：-9.852629878918243
SVM_AE :RMSD: 0.788415, P: 0.683818, R^2: 0.455969
SVM_ECFP的BA值 ：-9.905454531663077
SVM_ECFP :RMSD: 0.783377, P: 0.682578, R^2: 0.462900
SVM_AE_BET的BA值    ：-9.776816145524784
SVM_AE_BET    :RMSD: 0.774386, P: 0.693843, R^2: 0.475158
SVM_AE_ECFP的BA值    ：-9.73908487764476
SVM_AE_ECFP    :RMSD: 0.755246, P: 0.708481, R^2: 0.500782
SVM_BET_ECFP的BA值    ：-9.858792264935618
SVM_BET_ECFP    :RMSD: 0.747839, P: 0.715578, R^2: 0.510526
SVM_AE_BET_ECFP的BA值    ：-9.763433251165893
SVM_AE_BET_ECFP    :RMSD: 0.751174, P: 0.711528, R^2: 0.506151
fold= 5
>>>>>>>>>>>>>training.............
###############################################SVM#####################################################
SVM_BET的BA值：-8.778978996069318
SVM_BET:RMSD: 0.701880, P: 0.675082, R^2: 0.445990
SVM_AE的BA值 ：-9.221406618224842
SVM_AE :RMSD: 0.718928, P: 0.652451, R^2: 0.418751
SVM_ECFP的BA值 ：-9.147061667470883
SVM_ECFP :RMSD: 0.733011, P: 0.633707, R^2: 0.395755
SVM_AE_BET的BA值    ：-8.962241477930615
SVM_AE_BET    :RMSD: 0.699030, P: 0.674656, R^2: 0.450481
SVM_AE_ECFP的BA值    ：-8.788236241512966
SVM_AE_ECFP    :RMSD: 0.690130, P: 0.681979, R^2: 0.464384
SVM_BET_ECFP的BA值    ：-8.941027036038511
SVM_BET_ECFP    :RMSD: 0.688832, P: 0.682953, R^2: 0.466397
SVM_AE_BET_ECFP的BA值    ：-8.770488295877357
SVM_AE_BET_ECFP    :RMSD: 0.684012, P: 0.688380, R^2: 0.473839
fold= 6
>>>>>>>>>>>>>training.............
###############################################SVM#####################################################
SVM_BET的BA值：-9.629541593560099
SVM_BET:RMSD: 0.806196, P: 0.672639, R^2: 0.325972
SVM_AE的BA值 ：-9.387620512919879
SVM_AE :RMSD: 0.848689, P: 0.622369, R^2: 0.253046
SVM_ECFP的BA值 ：-9.75296966351177
SVM_ECFP :RMSD: 0.801160, P: 0.688139, R^2: 0.334366
SVM_AE_BET的BA值    ：-9.477403238713578
SVM_AE_BET    :RMSD: 0.820911, P: 0.654075, R^2: 0.301141
SVM_AE_ECFP的BA值    ：-9.26528787086505
SVM_AE_ECFP    :RMSD: 0.802242, P: 0.677792, R^2: 0.332566
SVM_BET_ECFP的BA值    ：-9.327922591324402
SVM_BET_ECFP    :RMSD: 0.781331, P: 0.700633, R^2: 0.366908
SVM_AE_BET_ECFP的BA值    ：-9.310647420343061
SVM_AE_BET_ECFP    :RMSD: 0.795807, P: 0.682457, R^2: 0.343231
fold= 7
>>>>>>>>>>>>>training.............
###############################################SVM#####################################################
SVM_BET的BA值：-10.739428562455448
SVM_BET:RMSD: 0.870501, P: 0.571104, R^2: 0.204955
SVM_AE的BA值 ：-10.719832136495091
SVM_AE :RMSD: 0.869151, P: 0.551084, R^2: 0.207418
SVM_ECFP的BA值 ：-9.522517482986354
SVM_ECFP :RMSD: 0.792713, P: 0.594342, R^2: 0.340696
SVM_AE_BET的BA值    ：-10.729630349475269
SVM_AE_BET    :RMSD: 0.863460, P: 0.565451, R^2: 0.217764
SVM_AE_ECFP的BA值    ：-10.121174809740722
SVM_AE_ECFP    :RMSD: 0.811145, P: 0.585341, R^2: 0.309680
SVM_BET_ECFP的BA值    ：-10.130973022720902
SVM_BET_ECFP    :RMSD: 0.802684, P: 0.600162, R^2: 0.324007
SVM_AE_BET_ECFP的BA值    ：-10.327259393978965
SVM_AE_BET_ECFP    :RMSD: 0.819871, P: 0.586785, R^2: 0.294748
fold= 8
>>>>>>>>>>>>>training.............
###############################################SVM#####################################################
SVM_BET的BA值：-10.032630236726368
SVM_BET:RMSD: 0.800743, P: 0.750348, R^2: 0.555975
SVM_AE的BA值 ：-9.823413674583042
SVM_AE :RMSD: 0.790428, P: 0.763311, R^2: 0.567341
SVM_ECFP的BA值 ：-9.528735443621626
SVM_ECFP :RMSD: 0.794210, P: 0.760119, R^2: 0.563191
SVM_AE_BET的BA值    ：-9.928021955654705
SVM_AE_BET    :RMSD: 0.787598, P: 0.762318, R^2: 0.570434
SVM_AE_ECFP的BA值    ：-9.670302819586809
SVM_AE_ECFP    :RMSD: 0.778269, P: 0.769878, R^2: 0.580549
SVM_BET_ECFP的BA值    ：-9.774911100658471
SVM_BET_ECFP    :RMSD: 0.777163, P: 0.769146, R^2: 0.581741
SVM_AE_BET_ECFP的BA值    ：-9.791078625299996
SVM_AE_BET_ECFP    :RMSD: 0.776262, P: 0.769973, R^2: 0.582710
fold= 9
>>>>>>>>>>>>>training.............
###############################################SVM#####################################################
SVM_BET的BA值：-9.817425383404746
SVM_BET:RMSD: 0.746884, P: 0.742812, R^2: 0.546293
SVM_AE的BA值 ：-9.854734592800948
SVM_AE :RMSD: 0.827664, P: 0.669133, R^2: 0.442843
SVM_ECFP的BA值 ：-9.657176999379136
SVM_ECFP :RMSD: 0.808695, P: 0.700564, R^2: 0.468089
SVM_AE_BET的BA值    ：-9.836079988102847
SVM_AE_BET    :RMSD: 0.769318, P: 0.723628, R^2: 0.518628
SVM_AE_ECFP的BA值    ：-9.755955796090042
SVM_AE_ECFP    :RMSD: 0.798493, P: 0.702198, R^2: 0.481425
SVM_BET_ECFP的BA值    ：-9.737301191391941
SVM_BET_ECFP    :RMSD: 0.756826, P: 0.740770, R^2: 0.534134
SVM_AE_BET_ECFP的BA值    ：-9.776445658528276
SVM_AE_BET_ECFP    :RMSD: 0.768263, P: 0.728511, R^2: 0.519947
fold= 10
>>>>>>>>>>>>>training.............
###############################################SVM#####################################################
SVM_BET的BA值：-9.702137723192678
SVM_BET:RMSD: 0.992989, P: 0.595030, R^2: 0.347177
SVM_AE的BA值 ：-9.315623683804462
SVM_AE :RMSD: 1.028946, P: 0.558762, R^2: 0.299043
SVM_ECFP的BA值 ：-9.038995544773012
SVM_ECFP :RMSD: 0.946454, P: 0.639977, R^2: 0.406931
SVM_AE_BET的BA值    ：-9.50888070349857
SVM_AE_BET    :RMSD: 1.001459, P: 0.586224, R^2: 0.335993
SVM_AE_ECFP的BA值    ：-9.159217645318556
SVM_AE_ECFP    :RMSD: 0.973588, P: 0.612142, R^2: 0.372438
SVM_BET_ECFP的BA值    ：-9.306117089990064
SVM_BET_ECFP    :RMSD: 0.952550, P: 0.634232, R^2: 0.399266
SVM_AE_BET_ECFP的BA值    ：-9.309285954594863
SVM_AE_BET_ECFP    :RMSD: 0.971371, P: 0.615120, R^2: 0.375293
@@@@@@@@@@@@@@@@@@@@@@@@@@@@@@@@@@@@@@@@@@@最终结果@@@@@@@@@@@@@@@@@@@@@@@@@@@@@@@@@@@@@@@@@@@@@@@@@@
@@@@@@@@@@@@@@@@@@@@@@@@@@@@@@@@@@@@@@@@@@@最终结果@@@@@@@@@@@@@@@@@@@@@@@@@@@@@@@@@@@@@@@@@@@@@@@@@@
%%%%%%%%%%%%%%%%%%%%%%%%%%%%%%%%%%%%%%%%%%%SVM%%%%%%%%%%%%%%%%%%%%%%%%%%%%%%%%%%%%%%%%%%%%%%%%%%%%%%
SVM_BET:0-th Final RMSD: 0.822936, Final P: 0.657220, Final R^2: 0.428465
SVM_AE :0-th Final RMSD: 0.851767, Final P: 0.627021, Final R^2: 0.387716
SVM_ECFP :0-th Final RMSD: 0.833860, Final P: 0.643577, Final R^2: 0.413189
SVM_AE_BET    :0-th Final RMSD: 0.826790, Final P: 0.652078, Final R^2: 0.423099
SVM_AE_ECFP    :0-th Final RMSD: 0.818876, Final P: 0.659461, Final R^2: 0.434089
SVM_BET_ECFP    :0-th Final RMSD: 0.803936, Final P: 0.675052, Final R^2: 0.454551
SVM_AE_BET_ECFP    :0-th Final RMSD: 0.809922, Final P: 0.668420, Final R^2: 0.446398
0-th SVM_AE的BA值 ：-10.719832
0-th SVM_BET的BA值：-10.739429
0-th SVM_ECFP的BA值 ：-9.905455
0-th SVM_AE_BET的BA值：-10.729630
0-th SVM_AE_ECFP的BA值    ：-10.121175
0-th SVM_BET_ECFP的BA值    ：-10.130973
0-th SVM_AE_BET_ECFP的BA值    ：-10.327259
total time: 0.003156813316875034 h
