size of data: (77,)
size of train size: 61
SVM parameter
Namespace(dataset='CHEMBL6003', C=10, kernel='rbf', gamma='scale', random_seed=0)
fold= 1
>>>>>>>>>>>>>training.............
###############################################SVM#####################################################
SVM_BET的BA值：-9.687060896764526
SVM_BET:RMSD: 1.011425, P: 0.311769, R^2: 0.070057
SVM_AE的BA值 ：-9.744786419208106
SVM_AE :RMSD: 1.092969, P: 0.075563, R^2: -0.085937
SVM_ECFP的BA值 ：-8.714402237889377
SVM_ECFP :RMSD: 1.296021, P: 0.545211, R^2: -0.526908
SVM_AE_BET的BA值    ：-9.677619646690705
SVM_AE_BET    :RMSD: 1.050860, P: 0.204379, R^2: -0.003873
SVM_AE_ECFP的BA值    ：-9.091682143765114
SVM_AE_ECFP    :RMSD: 1.116559, P: 0.324532, R^2: -0.133318
SVM_BET_ECFP的BA值    ：-9.200731567326951
SVM_BET_ECFP    :RMSD: 1.080572, P: 0.455421, R^2: -0.061443
SVM_AE_BET_ECFP的BA值    ：-9.29014172809825
SVM_AE_BET_ECFP    :RMSD: 1.063399, P: 0.326476, R^2: -0.027972
fold= 2
>>>>>>>>>>>>>training.............
###############################################SVM#####################################################
SVM_BET的BA值：-9.868536907548599
SVM_BET:RMSD: 1.203185, P: 0.336372, R^2: 0.096856
SVM_AE的BA值 ：-9.477225352508727
SVM_AE :RMSD: 1.304714, P: -0.005512, R^2: -0.061996
SVM_ECFP的BA值 ：-8.674972208153415
SVM_ECFP :RMSD: 1.250937, P: 0.411198, R^2: 0.023746
SVM_AE_BET的BA值    ：-9.672881130028664
SVM_AE_BET    :RMSD: 1.244380, P: 0.219445, R^2: 0.033953
SVM_AE_ECFP的BA值    ：-9.07609878033107
SVM_AE_ECFP    :RMSD: 1.245625, P: 0.221529, R^2: 0.032018
SVM_BET_ECFP的BA值    ：-9.271754557851008
SVM_BET_ECFP    :RMSD: 1.184246, P: 0.380742, R^2: 0.125064
SVM_AE_BET_ECFP的BA值    ：-9.340244822736913
SVM_AE_BET_ECFP    :RMSD: 1.215421, P: 0.285742, R^2: 0.078393
fold= 3
>>>>>>>>>>>>>training.............
###############################################SVM#####################################################
SVM_BET的BA值：-9.653852731739809
SVM_BET:RMSD: 0.434740, P: 0.714470, R^2: 0.354353
SVM_AE的BA值 ：-9.345948496003802
SVM_AE :RMSD: 0.480181, P: 0.658984, R^2: 0.212328
SVM_ECFP的BA值 ：-8.820910317550986
SVM_ECFP :RMSD: 0.487456, P: 0.684922, R^2: 0.188279
SVM_AE_BET的BA值    ：-9.499900613871805
SVM_AE_BET    :RMSD: 0.435796, P: 0.741336, R^2: 0.351213
SVM_AE_ECFP的BA值    ：-9.048401445336825
SVM_AE_ECFP    :RMSD: 0.377867, P: 0.790583, R^2: 0.512231
SVM_BET_ECFP的BA值    ：-9.138294139483651
SVM_BET_ECFP    :RMSD: 0.347851, P: 0.835005, R^2: 0.586647
SVM_AE_BET_ECFP的BA值    ：-9.207512258323701
SVM_AE_BET_ECFP    :RMSD: 0.358643, P: 0.823257, R^2: 0.560600
fold= 4
>>>>>>>>>>>>>training.............
###############################################SVM#####################################################
SVM_BET的BA值：-9.363226198116244
SVM_BET:RMSD: 1.394742, P: 0.620807, R^2: -0.241510
SVM_AE的BA值 ：-9.48535709176006
SVM_AE :RMSD: 1.435628, P: 0.618986, R^2: -0.315366
SVM_ECFP的BA值 ：-9.101790251152046
SVM_ECFP :RMSD: 0.973022, P: 0.807289, R^2: 0.395763
SVM_AE_BET的BA值    ：-9.424291644938151
SVM_AE_BET    :RMSD: 1.413946, P: 0.625035, R^2: -0.275934
SVM_AE_ECFP的BA值    ：-9.293573671456052
SVM_AE_ECFP    :RMSD: 1.183146, P: 0.738586, R^2: 0.106614
SVM_BET_ECFP的BA值    ：-9.232508224634145
SVM_BET_ECFP    :RMSD: 1.165929, P: 0.748237, R^2: 0.132426
SVM_AE_BET_ECFP的BA值    ：-9.316791180342783
SVM_AE_BET_ECFP    :RMSD: 1.250811, P: 0.712122, R^2: 0.001504
fold= 5
>>>>>>>>>>>>>training.............
###############################################SVM#####################################################
SVM_BET的BA值：-9.80613780682601
SVM_BET:RMSD: 1.819007, P: 0.483331, R^2: 0.125164
SVM_AE的BA值 ：-9.597811919727816
SVM_AE :RMSD: 1.772135, P: 0.646788, R^2: 0.169668
SVM_ECFP的BA值 ：-9.060184623358357
SVM_ECFP :RMSD: 2.029639, P: 0.474154, R^2: -0.089170
SVM_AE_BET的BA值    ：-9.652763239712945
SVM_AE_BET    :RMSD: 1.789177, P: 0.579525, R^2: 0.153621
SVM_AE_ECFP的BA值    ：-9.211634944552952
SVM_AE_ECFP    :RMSD: 1.888346, P: 0.627761, R^2: 0.057197
SVM_BET_ECFP的BA值    ：-9.433161215092184
SVM_BET_ECFP    :RMSD: 1.910984, P: 0.491733, R^2: 0.034455
SVM_AE_BET_ECFP的BA值    ：-9.376994816267993
SVM_AE_BET_ECFP    :RMSD: 1.859115, P: 0.571810, R^2: 0.086159
fold= 6
>>>>>>>>>>>>>training.............
###############################################SVM#####################################################
SVM_BET的BA值：-10.381556111984779
SVM_BET:RMSD: 1.140659, P: -0.224600, R^2: -0.921642
SVM_AE的BA值 ：-9.867041453906486
SVM_AE :RMSD: 0.984418, P: -0.123128, R^2: -0.431265
SVM_ECFP的BA值 ：-9.074438368949096
SVM_ECFP :RMSD: 1.171265, P: -0.287356, R^2: -1.026148
SVM_AE_BET的BA值    ：-10.124298782945633
SVM_AE_BET    :RMSD: 1.057844, P: -0.184863, R^2: -0.652740
SVM_AE_ECFP的BA值    ：-9.470739911427792
SVM_AE_ECFP    :RMSD: 1.034195, P: -0.202425, R^2: -0.579669
SVM_BET_ECFP的BA值    ：-9.727997240466937
SVM_BET_ECFP    :RMSD: 1.100489, P: -0.252425, R^2: -0.788681
SVM_AE_BET_ECFP的BA值    ：-9.774345311613454
SVM_AE_BET_ECFP    :RMSD: 1.051805, P: -0.214361, R^2: -0.633923
fold= 7
>>>>>>>>>>>>>training.............
###############################################SVM#####################################################
SVM_BET的BA值：-9.799523657631498
SVM_BET:RMSD: 1.050426, P: 0.891738, R^2: 0.500247
SVM_AE的BA值 ：-9.400260293394524
SVM_AE :RMSD: 1.407693, P: 0.655691, R^2: 0.102487
SVM_ECFP的BA值 ：-9.213960650798821
SVM_ECFP :RMSD: 1.103243, P: 0.889696, R^2: 0.448726
SVM_AE_BET的BA值    ：-9.59989197551301
SVM_AE_BET    :RMSD: 1.221747, P: 0.872223, R^2: 0.323937
SVM_AE_ECFP的BA值    ：-9.307110472096673
SVM_AE_ECFP    :RMSD: 1.212012, P: 0.873371, R^2: 0.334667
SVM_BET_ECFP的BA值    ：-9.50674215421516
SVM_BET_ECFP    :RMSD: 1.036937, P: 0.908006, R^2: 0.512999
SVM_AE_BET_ECFP的BA值    ：-9.471248200608281
SVM_AE_BET_ECFP    :RMSD: 1.147237, P: 0.897915, R^2: 0.403884
fold= 8
>>>>>>>>>>>>>training.............
###############################################SVM#####################################################
SVM_BET的BA值：-9.52273000165494
SVM_BET:RMSD: 2.201918, P: 0.528692, R^2: 0.132906
SVM_AE的BA值 ：-9.436630950718301
SVM_AE :RMSD: 2.129267, P: 0.683854, R^2: 0.189180
SVM_ECFP的BA值 ：-8.822790524525987
SVM_ECFP :RMSD: 2.359757, P: 0.507092, R^2: 0.004140
SVM_AE_BET的BA值    ：-9.479680476186621
SVM_AE_BET    :RMSD: 2.164595, P: 0.618701, R^2: 0.162052
SVM_AE_ECFP的BA值    ：-9.129710737622144
SVM_AE_ECFP    :RMSD: 2.232462, P: 0.646278, R^2: 0.108683
SVM_BET_ECFP的BA值    ：-9.172760263090463
SVM_BET_ECFP    :RMSD: 2.270397, P: 0.530905, R^2: 0.078135
SVM_AE_BET_ECFP的BA值    ：-9.26071715896641
SVM_AE_BET_ECFP    :RMSD: 2.219749, P: 0.605457, R^2: 0.118806
fold= 9
>>>>>>>>>>>>>training.............
###############################################SVM#####################################################
SVM_BET的BA值：-9.804177192052492
SVM_BET:RMSD: 0.795001, P: 0.495022, R^2: 0.187101
SVM_AE的BA值 ：-9.663541733844552
SVM_AE :RMSD: 0.773162, P: 0.546041, R^2: 0.231149
SVM_ECFP的BA值 ：-8.879845360531286
SVM_ECFP :RMSD: 1.138355, P: 0.655622, R^2: -0.666697
SVM_AE_BET的BA值    ：-9.733859462948523
SVM_AE_BET    :RMSD: 0.780557, P: 0.527149, R^2: 0.216370
SVM_AE_ECFP的BA值    ：-9.11958939448628
SVM_AE_ECFP    :RMSD: 0.904143, P: 0.619671, R^2: -0.051417
SVM_BET_ECFP的BA值    ：-9.188118578450505
SVM_BET_ECFP    :RMSD: 0.900243, P: 0.622843, R^2: -0.042366
SVM_AE_BET_ECFP的BA值    ：-9.346592963581854
SVM_AE_BET_ECFP    :RMSD: 0.844792, P: 0.596322, R^2: 0.082088
fold= 10
>>>>>>>>>>>>>training.............
###############################################SVM#####################################################
SVM_BET的BA值：-9.387393072221588
SVM_BET:RMSD: 1.241117, P: -0.455894, R^2: -0.688486
SVM_AE的BA值 ：-9.43680289960366
SVM_AE :RMSD: 1.248550, P: -0.461150, R^2: -0.708771
SVM_ECFP的BA值 ：-8.779741101066053
SVM_ECFP :RMSD: 1.427358, P: -0.220816, R^2: -1.233252
SVM_AE_BET的BA值    ：-9.412097985912624
SVM_AE_BET    :RMSD: 1.241432, P: -0.476695, R^2: -0.689342
SVM_AE_ECFP的BA值    ：-9.108272000334857
SVM_AE_ECFP    :RMSD: 1.306326, P: -0.428635, R^2: -0.870573
SVM_BET_ECFP的BA值    ：-9.083567086643821
SVM_BET_ECFP    :RMSD: 1.306240, P: -0.407179, R^2: -0.870328
SVM_AE_BET_ECFP的BA值    ：-9.201312357630433
SVM_AE_BET_ECFP    :RMSD: 1.277107, P: -0.455213, R^2: -0.787829
@@@@@@@@@@@@@@@@@@@@@@@@@@@@@@@@@@@@@@@@@@@最终结果@@@@@@@@@@@@@@@@@@@@@@@@@@@@@@@@@@@@@@@@@@@@@@@@@@
@@@@@@@@@@@@@@@@@@@@@@@@@@@@@@@@@@@@@@@@@@@最终结果@@@@@@@@@@@@@@@@@@@@@@@@@@@@@@@@@@@@@@@@@@@@@@@@@@
%%%%%%%%%%%%%%%%%%%%%%%%%%%%%%%%%%%%%%%%%%%SVM%%%%%%%%%%%%%%%%%%%%%%%%%%%%%%%%%%%%%%%%%%%%%%%%%%%%%%
SVM_BET:0-th Final RMSD: 1.307777, Final P: 0.378387, Final R^2: 0.141531
SVM_AE :0-th Final RMSD: 1.334214, Final P: 0.333347, Final R^2: 0.106471
SVM_ECFP :0-th Final RMSD: 1.402272, Final P: 0.441862, Final R^2: 0.012989
SVM_AE_BET    :0-th Final RMSD: 1.314701, Final P: 0.373249, Final R^2: 0.132417
SVM_AE_ECFP    :0-th Final RMSD: 1.329570, Final P: 0.426468, Final R^2: 0.112681
SVM_BET_ECFP    :0-th Final RMSD: 1.317263, Final P: 0.435408, Final R^2: 0.129032
SVM_AE_BET_ECFP    :0-th Final RMSD: 1.311010, Final P: 0.419865, Final R^2: 0.137281
0-th SVM_AE的BA值 ：-9.867041
0-th SVM_BET的BA值：-10.381556
0-th SVM_ECFP的BA值 ：-9.213961
0-th SVM_AE_BET的BA值：-10.124299
0-th SVM_AE_ECFP的BA值    ：-9.470740
0-th SVM_BET_ECFP的BA值    ：-9.727997
0-th SVM_AE_BET_ECFP的BA值    ：-9.774345
total time: 0.000586687790022956 h
