size of data: (1044,)
size of train size: 835
SVM parameter
Namespace(dataset='CHEMBL2434', C=10, kernel='rbf', gamma='scale', random_seed=0)
fold= 1
>>>>>>>>>>>>>training.............
###############################################SVM#####################################################
SVM_BET的BA值：-12.274049059675926
SVM_BET:RMSD: 0.860527, P: 0.839365, R^2: 0.699881
SVM_AE的BA值 ：-12.121642689196555
SVM_AE :RMSD: 0.801629, P: 0.862414, R^2: 0.739557
SVM_ECFP的BA值 ：-12.547013225250684
SVM_ECFP :RMSD: 1.005251, P: 0.799091, R^2: 0.590443
SVM_AE_BET的BA值    ：-12.012947652263561
SVM_AE_BET    :RMSD: 0.809274, P: 0.860598, R^2: 0.734566
SVM_AE_ECFP的BA值    ：-12.33432795722362
SVM_AE_ECFP    :RMSD: 0.853980, P: 0.852687, R^2: 0.704430
SVM_BET_ECFP的BA值    ：-12.225632920290625
SVM_BET_ECFP    :RMSD: 0.880036, P: 0.842729, R^2: 0.686118
SVM_AE_BET_ECFP的BA值    ：-12.190969509925935
SVM_AE_BET_ECFP    :RMSD: 0.832735, P: 0.858297, R^2: 0.718953
fold= 2
>>>>>>>>>>>>>training.............
###############################################SVM#####################################################
SVM_BET的BA值：-12.448817549785069
SVM_BET:RMSD: 0.977873, P: 0.747197, R^2: 0.544296
SVM_AE的BA值 ：-12.473815042521366
SVM_AE :RMSD: 0.957343, P: 0.755931, R^2: 0.563230
SVM_ECFP的BA值 ：-13.152389367382579
SVM_ECFP :RMSD: 1.041924, P: 0.746385, R^2: 0.482644
SVM_AE_BET的BA值    ：-12.046869160492772
SVM_AE_BET    :RMSD: 0.949062, P: 0.760717, R^2: 0.570754
SVM_AE_ECFP的BA值    ：-12.813102204951972
SVM_AE_ECFP    :RMSD: 0.961580, P: 0.765411, R^2: 0.559356
SVM_BET_ECFP的BA值    ：-12.395904938991553
SVM_BET_ECFP    :RMSD: 0.967703, P: 0.763751, R^2: 0.553726
SVM_AE_BET_ECFP的BA值    ：-12.322684682489323
SVM_AE_BET_ECFP    :RMSD: 0.948031, P: 0.767909, R^2: 0.571686
fold= 3
>>>>>>>>>>>>>training.............
###############################################SVM#####################################################
SVM_BET的BA值：-12.226804222475154
SVM_BET:RMSD: 0.869826, P: 0.818360, R^2: 0.665360
SVM_AE的BA值 ：-12.334916486079829
SVM_AE :RMSD: 0.898277, P: 0.805313, R^2: 0.643110
SVM_ECFP的BA值 ：-12.38702140757776
SVM_ECFP :RMSD: 0.960733, P: 0.784859, R^2: 0.591757
SVM_AE_BET的BA值    ：-12.280860354277491
SVM_AE_BET    :RMSD: 0.866136, P: 0.819315, R^2: 0.668192
SVM_AE_ECFP的BA值    ：-12.348715806163755
SVM_AE_ECFP    :RMSD: 0.885921, P: 0.811022, R^2: 0.652861
SVM_BET_ECFP的BA值    ：-12.294659674361418
SVM_BET_ECFP    :RMSD: 0.869049, P: 0.817990, R^2: 0.665957
SVM_AE_BET_ECFP的BA值    ：-12.30807861160089
SVM_AE_BET_ECFP    :RMSD: 0.861179, P: 0.820698, R^2: 0.671979
fold= 4
>>>>>>>>>>>>>training.............
###############################################SVM#####################################################
SVM_BET的BA值：-12.0293848052488
SVM_BET:RMSD: 0.924262, P: 0.783316, R^2: 0.605314
SVM_AE的BA值 ：-12.033146239029978
SVM_AE :RMSD: 0.865682, P: 0.809585, R^2: 0.653759
SVM_ECFP的BA值 ：-12.246268411674464
SVM_ECFP :RMSD: 1.040639, P: 0.767301, R^2: 0.499664
SVM_AE_BET的BA值    ：-12.015244525397284
SVM_AE_BET    :RMSD: 0.881395, P: 0.803294, R^2: 0.641076
SVM_AE_ECFP的BA值    ：-12.043575673157495
SVM_AE_ECFP    :RMSD: 0.896407, P: 0.812413, R^2: 0.628746
SVM_BET_ECFP的BA值    ：-12.025673959524799
SVM_BET_ECFP    :RMSD: 0.929132, P: 0.800114, R^2: 0.601144
SVM_AE_BET_ECFP的BA值    ：-12.028164719359859
SVM_AE_BET_ECFP    :RMSD: 0.887453, P: 0.811428, R^2: 0.636125
fold= 5
>>>>>>>>>>>>>training.............
###############################################SVM#####################################################
SVM_BET的BA值：-12.445649522439403
SVM_BET:RMSD: 0.908963, P: 0.794693, R^2: 0.619454
SVM_AE的BA值 ：-12.254917039261304
SVM_AE :RMSD: 0.893226, P: 0.799692, R^2: 0.632516
SVM_ECFP的BA值 ：-12.631152136534746
SVM_ECFP :RMSD: 1.015843, P: 0.738766, R^2: 0.524699
SVM_AE_BET的BA值    ：-12.350283280850354
SVM_AE_BET    :RMSD: 0.880943, P: 0.805755, R^2: 0.642553
SVM_AE_ECFP的BA值    ：-12.443034587898026
SVM_AE_ECFP    :RMSD: 0.905614, P: 0.790398, R^2: 0.622252
SVM_BET_ECFP的BA值    ：-12.538400829487074
SVM_BET_ECFP    :RMSD: 0.914051, P: 0.786825, R^2: 0.615181
SVM_AE_BET_ECFP的BA值    ：-12.44390623274515
SVM_AE_BET_ECFP    :RMSD: 0.886363, P: 0.799955, R^2: 0.638142
fold= 6
>>>>>>>>>>>>>training.............
###############################################SVM#####################################################
SVM_BET的BA值：-12.382736077612222
SVM_BET:RMSD: 0.863117, P: 0.838623, R^2: 0.702111
SVM_AE的BA值 ：-12.340931351740736
SVM_AE :RMSD: 0.884345, P: 0.829855, R^2: 0.687277
SVM_ECFP的BA值 ：-12.231372441166894
SVM_ECFP :RMSD: 0.872357, P: 0.845867, R^2: 0.695698
SVM_AE_BET的BA值    ：-12.286947502357247
SVM_AE_BET    :RMSD: 0.857994, P: 0.841032, R^2: 0.705636
SVM_AE_ECFP的BA值    ：-12.211265684134585
SVM_AE_ECFP    :RMSD: 0.823271, P: 0.859351, R^2: 0.728980
SVM_BET_ECFP的BA值    ：-12.307054259389558
SVM_BET_ECFP    :RMSD: 0.821498, P: 0.860950, R^2: 0.730146
SVM_AE_BET_ECFP的BA值    ：-12.268422481960464
SVM_AE_BET_ECFP    :RMSD: 0.821050, P: 0.858745, R^2: 0.730440
fold= 7
>>>>>>>>>>>>>training.............
###############################################SVM#####################################################
SVM_BET的BA值：-11.753652954401232
SVM_BET:RMSD: 0.894730, P: 0.826783, R^2: 0.675515
SVM_AE的BA值 ：-11.635688169467336
SVM_AE :RMSD: 0.905516, P: 0.822037, R^2: 0.667643
SVM_ECFP的BA值 ：-12.667571527173349
SVM_ECFP :RMSD: 1.090702, P: 0.728958, R^2: 0.517804
SVM_AE_BET的BA值    ：-11.692072742282903
SVM_AE_BET    :RMSD: 0.882301, P: 0.833329, R^2: 0.684467
SVM_AE_ECFP的BA值    ：-11.755658876439291
SVM_AE_ECFP    :RMSD: 0.955858, P: 0.796856, R^2: 0.629662
SVM_BET_ECFP的BA值    ：-11.911069059639148
SVM_BET_ECFP    :RMSD: 0.942910, P: 0.802375, R^2: 0.639627
SVM_AE_BET_ECFP的BA值    ：-11.696713015748315
SVM_AE_BET_ECFP    :RMSD: 0.913763, P: 0.817179, R^2: 0.661563
fold= 8
>>>>>>>>>>>>>training.............
###############################################SVM#####################################################
SVM_BET的BA值：-12.43521109366198
SVM_BET:RMSD: 0.956926, P: 0.795532, R^2: 0.625337
SVM_AE的BA值 ：-12.504040062459053
SVM_AE :RMSD: 0.959414, P: 0.792334, R^2: 0.623386
SVM_ECFP的BA值 ：-12.166230184032962
SVM_ECFP :RMSD: 1.117935, P: 0.735731, R^2: 0.488651
SVM_AE_BET的BA值    ：-12.417907838183647
SVM_AE_BET    :RMSD: 0.944860, P: 0.799348, R^2: 0.634726
SVM_AE_ECFP的BA值    ：-12.213695733964876
SVM_AE_ECFP    :RMSD: 0.987591, P: 0.784821, R^2: 0.600939
SVM_BET_ECFP的BA值    ：-12.21859211938188
SVM_BET_ECFP    :RMSD: 0.992323, P: 0.786128, R^2: 0.597106
SVM_AE_BET_ECFP的BA值    ：-12.279262940489692
SVM_AE_BET_ECFP    :RMSD: 0.961783, P: 0.795229, R^2: 0.621524
fold= 9
>>>>>>>>>>>>>training.............
###############################################SVM#####################################################
SVM_BET的BA值：-12.141954058425357
SVM_BET:RMSD: 0.878126, P: 0.809101, R^2: 0.647796
SVM_AE的BA值 ：-12.525446669337295
SVM_AE :RMSD: 0.825513, P: 0.832363, R^2: 0.688736
SVM_ECFP的BA值 ：-12.933831928295138
SVM_ECFP :RMSD: 0.981841, P: 0.770650, R^2: 0.559685
SVM_AE_BET的BA值    ：-12.255854939835185
SVM_AE_BET    :RMSD: 0.829983, P: 0.829431, R^2: 0.685356
SVM_AE_ECFP的BA值    ：-12.729639298816217
SVM_AE_ECFP    :RMSD: 0.857246, P: 0.818563, R^2: 0.664346
SVM_BET_ECFP的BA值    ：-12.460047569314106
SVM_BET_ECFP    :RMSD: 0.877522, P: 0.811153, R^2: 0.648280
SVM_AE_BET_ECFP的BA值    ：-12.481847269321838
SVM_AE_BET_ECFP    :RMSD: 0.840540, P: 0.825066, R^2: 0.677301
fold= 10
>>>>>>>>>>>>>training.............
###############################################SVM#####################################################
SVM_BET的BA值：-11.661310363593529
SVM_BET:RMSD: 0.897520, P: 0.783699, R^2: 0.609086
SVM_AE的BA值 ：-11.918257185951532
SVM_AE :RMSD: 0.933966, P: 0.763221, R^2: 0.576694
SVM_ECFP的BA值 ：-12.62107350240291
SVM_ECFP :RMSD: 1.130826, P: 0.698867, R^2: 0.379440
SVM_AE_BET的BA值    ：-11.78978377477253
SVM_AE_BET    :RMSD: 0.895028, P: 0.783647, R^2: 0.611254
SVM_AE_ECFP的BA值    ：-12.051881872236269
SVM_AE_ECFP    :RMSD: 0.952516, P: 0.767783, R^2: 0.559712
SVM_BET_ECFP的BA值    ：-12.107204666511926
SVM_BET_ECFP    :RMSD: 0.950248, P: 0.774228, R^2: 0.561806
SVM_AE_BET_ECFP的BA值    ：-11.899033191697827
SVM_AE_BET_ECFP    :RMSD: 0.912185, P: 0.784569, R^2: 0.596207
@@@@@@@@@@@@@@@@@@@@@@@@@@@@@@@@@@@@@@@@@@@最终结果@@@@@@@@@@@@@@@@@@@@@@@@@@@@@@@@@@@@@@@@@@@@@@@@@@
@@@@@@@@@@@@@@@@@@@@@@@@@@@@@@@@@@@@@@@@@@@最终结果@@@@@@@@@@@@@@@@@@@@@@@@@@@@@@@@@@@@@@@@@@@@@@@@@@
%%%%%%%%%%%%%%%%%%%%%%%%%%%%%%%%%%%%%%%%%%%SVM%%%%%%%%%%%%%%%%%%%%%%%%%%%%%%%%%%%%%%%%%%%%%%%%%%%%%%
SVM_BET:0-th Final RMSD: 0.903994, Final P: 0.803634, Final R^2: 0.644659
SVM_AE :0-th Final RMSD: 0.893799, Final P: 0.808271, Final R^2: 0.652628
SVM_ECFP :0-th Final RMSD: 1.028395, Final P: 0.760366, Final R^2: 0.540131
SVM_AE_BET    :0-th Final RMSD: 0.880675, Final P: 0.814208, Final R^2: 0.662755
SVM_AE_ECFP    :0-th Final RMSD: 0.909437, Final P: 0.805851, Final R^2: 0.640367
SVM_BET_ECFP    :0-th Final RMSD: 0.915770, Final P: 0.803864, Final R^2: 0.635341
SVM_AE_BET_ECFP    :0-th Final RMSD: 0.887663, Final P: 0.813806, Final R^2: 0.657382
0-th SVM_AE的BA值 ：-12.525447
0-th SVM_BET的BA值：-12.448818
0-th SVM_ECFP的BA值 ：-13.152389
0-th SVM_AE_BET的BA值：-12.417908
0-th SVM_AE_ECFP的BA值    ：-12.813102
0-th SVM_BET_ECFP的BA值    ：-12.538401
0-th SVM_AE_BET_ECFP的BA值    ：-12.481847
total time: 0.018096412751409743 h
