size of data: (237,)
size of train size: 189
SVM parameter
Namespace(dataset='CHEMBL2319', C=10, kernel='rbf', gamma='scale', random_seed=0)
fold= 1
>>>>>>>>>>>>>training.............
###############################################SVM#####################################################
SVM_BET的BA值：-10.377229384695934
SVM_BET:RMSD: 0.716797, P: 0.813174, R^2: 0.629378
SVM_AE的BA值 ：-10.002470661753529
SVM_AE :RMSD: 0.693328, P: 0.815653, R^2: 0.653250
SVM_ECFP的BA值 ：-10.293617291080622
SVM_ECFP :RMSD: 0.660674, P: 0.829748, R^2: 0.685143
SVM_AE_BET的BA值    ：-10.189850023224732
SVM_AE_BET    :RMSD: 0.687729, P: 0.824972, R^2: 0.658828
SVM_AE_ECFP的BA值    ：-10.148043976417075
SVM_AE_ECFP    :RMSD: 0.660285, P: 0.832282, R^2: 0.685514
SVM_BET_ECFP的BA值    ：-10.335423337888278
SVM_BET_ECFP    :RMSD: 0.659044, P: 0.837502, R^2: 0.686694
SVM_AE_BET_ECFP的BA值    ：-10.224439112510028
SVM_AE_BET_ECFP    :RMSD: 0.661829, P: 0.835732, R^2: 0.684041
fold= 2
>>>>>>>>>>>>>training.............
###############################################SVM#####################################################
SVM_BET的BA值：-9.811481334684707
SVM_BET:RMSD: 0.831971, P: 0.749582, R^2: 0.549349
SVM_AE的BA值 ：-9.993436057786045
SVM_AE :RMSD: 0.859763, P: 0.721610, R^2: 0.518738
SVM_ECFP的BA值 ：-9.80949373301415
SVM_ECFP :RMSD: 0.860162, P: 0.725286, R^2: 0.518291
SVM_AE_BET的BA值    ：-9.902458696235376
SVM_AE_BET    :RMSD: 0.822000, P: 0.755367, R^2: 0.560086
SVM_AE_ECFP的BA值    ：-9.880727940569077
SVM_AE_ECFP    :RMSD: 0.835076, P: 0.742969, R^2: 0.545979
SVM_BET_ECFP的BA值    ：-9.745834139803131
SVM_BET_ECFP    :RMSD: 0.826011, P: 0.756393, R^2: 0.555783
SVM_AE_BET_ECFP的BA值    ：-9.828368112464103
SVM_AE_BET_ECFP    :RMSD: 0.819896, P: 0.758452, R^2: 0.562335
fold= 3
>>>>>>>>>>>>>training.............
###############################################SVM#####################################################
SVM_BET的BA值：-9.496921087980661
SVM_BET:RMSD: 0.619089, P: 0.810257, R^2: 0.644424
SVM_AE的BA值 ：-9.49270705897773
SVM_AE :RMSD: 0.588303, P: 0.839763, R^2: 0.678909
SVM_ECFP的BA值 ：-9.965305034892927
SVM_ECFP :RMSD: 0.680056, P: 0.788519, R^2: 0.570943
SVM_AE_BET的BA值    ：-9.494814073479196
SVM_AE_BET    :RMSD: 0.594097, P: 0.832667, R^2: 0.672553
SVM_AE_ECFP的BA值    ：-9.729006046935329
SVM_AE_ECFP    :RMSD: 0.603102, P: 0.848451, R^2: 0.662551
SVM_BET_ECFP的BA值    ：-9.731113061436794
SVM_BET_ECFP    :RMSD: 0.614727, P: 0.832395, R^2: 0.649418
SVM_AE_BET_ECFP的BA值    ：-9.65164439395044
SVM_AE_BET_ECFP    :RMSD: 0.595020, P: 0.845496, R^2: 0.671535
fold= 4
>>>>>>>>>>>>>training.............
###############################################SVM#####################################################
SVM_BET的BA值：-9.570722108649814
SVM_BET:RMSD: 1.066355, P: 0.642431, R^2: 0.388115
SVM_AE的BA值 ：-9.800250601464159
SVM_AE :RMSD: 1.105523, P: 0.601828, R^2: 0.342340
SVM_ECFP的BA值 ：-9.348547550807226
SVM_ECFP :RMSD: 1.004185, P: 0.707135, R^2: 0.457382
SVM_AE_BET的BA值    ：-9.685486355056987
SVM_AE_BET    :RMSD: 1.080170, P: 0.626170, R^2: 0.372158
SVM_AE_ECFP的BA值    ：-9.411783070672133
SVM_AE_ECFP    :RMSD: 1.026050, P: 0.667239, R^2: 0.433496
SVM_BET_ECFP的BA值    ：-9.297018824264962
SVM_BET_ECFP    :RMSD: 0.997316, P: 0.697320, R^2: 0.464780
SVM_AE_BET_ECFP的BA值    ：-9.464762749998028
SVM_AE_BET_ECFP    :RMSD: 1.026811, P: 0.666045, R^2: 0.432655
fold= 5
>>>>>>>>>>>>>training.............
###############################################SVM#####################################################
SVM_BET的BA值：-10.750695516086086
SVM_BET:RMSD: 1.366979, P: 0.656729, R^2: 0.331004
SVM_AE的BA值 ：-10.972513707635798
SVM_AE :RMSD: 1.338094, P: 0.683671, R^2: 0.358978
SVM_ECFP的BA值 ：-10.528674646367806
SVM_ECFP :RMSD: 1.526014, P: 0.638197, R^2: 0.166287
SVM_AE_BET的BA值    ：-10.861604611860942
SVM_AE_BET    :RMSD: 1.347672, P: 0.674450, R^2: 0.349768
SVM_AE_ECFP的BA值    ：-10.750594177001801
SVM_AE_ECFP    :RMSD: 1.412974, P: 0.676777, R^2: 0.285227
SVM_BET_ECFP的BA值    ：-10.639685081226947
SVM_BET_ECFP    :RMSD: 1.426432, P: 0.663388, R^2: 0.271546
SVM_AE_BET_ECFP的BA值    ：-10.750627956696563
SVM_AE_BET_ECFP    :RMSD: 1.390518, P: 0.675285, R^2: 0.307766
fold= 6
>>>>>>>>>>>>>training.............
###############################################SVM#####################################################
SVM_BET的BA值：-10.248857374344487
SVM_BET:RMSD: 0.763702, P: 0.792189, R^2: 0.568394
SVM_AE的BA值 ：-10.231860276063637
SVM_AE :RMSD: 0.834886, P: 0.742341, R^2: 0.484185
SVM_ECFP的BA值 ：-10.34875359193254
SVM_ECFP :RMSD: 0.849822, P: 0.720927, R^2: 0.465565
SVM_AE_BET的BA值    ：-10.240358825204062
SVM_AE_BET    :RMSD: 0.787227, P: 0.775397, R^2: 0.541395
SVM_AE_ECFP的BA值    ：-10.290306933998089
SVM_AE_ECFP    :RMSD: 0.821244, P: 0.743163, R^2: 0.500905
SVM_BET_ECFP的BA值    ：-10.298805483138514
SVM_BET_ECFP    :RMSD: 0.784717, P: 0.769270, R^2: 0.544314
SVM_AE_BET_ECFP的BA值    ：-10.276490414113555
SVM_AE_BET_ECFP    :RMSD: 0.791435, P: 0.766387, R^2: 0.536479
fold= 7
>>>>>>>>>>>>>training.............
###############################################SVM#####################################################
SVM_BET的BA值：-10.559475850038542
SVM_BET:RMSD: 0.940683, P: 0.774073, R^2: 0.569878
SVM_AE的BA值 ：-10.634195548472832
SVM_AE :RMSD: 0.848791, P: 0.826596, R^2: 0.649808
SVM_ECFP的BA值 ：-10.658461236418683
SVM_ECFP :RMSD: 0.961022, P: 0.781988, R^2: 0.551077
SVM_AE_BET的BA值    ：-10.596835699255687
SVM_AE_BET    :RMSD: 0.888265, P: 0.807420, R^2: 0.616478
SVM_AE_ECFP的BA值    ：-10.646328392445756
SVM_AE_ECFP    :RMSD: 0.883868, P: 0.825675, R^2: 0.620266
SVM_BET_ECFP的BA值    ：-10.608968543228613
SVM_BET_ECFP    :RMSD: 0.932652, P: 0.794670, R^2: 0.577191
SVM_AE_BET_ECFP的BA值    ：-10.617377544976685
SVM_AE_BET_ECFP    :RMSD: 0.896377, P: 0.813910, R^2: 0.609442
fold= 8
>>>>>>>>>>>>>training.............
###############################################SVM#####################################################
SVM_BET的BA值：-10.76195412843132
SVM_BET:RMSD: 0.941968, P: 0.736188, R^2: 0.506543
SVM_AE的BA值 ：-10.101722511467056
SVM_AE :RMSD: 0.916181, P: 0.736385, R^2: 0.533190
SVM_ECFP的BA值 ：-10.291800384560354
SVM_ECFP :RMSD: 0.869361, P: 0.762610, R^2: 0.579682
SVM_AE_BET的BA值    ：-10.431838319949188
SVM_AE_BET    :RMSD: 0.913701, P: 0.742964, R^2: 0.535714
SVM_AE_ECFP的BA值    ：-10.196761448013705
SVM_AE_ECFP    :RMSD: 0.867883, P: 0.766553, R^2: 0.581110
SVM_BET_ECFP的BA值    ：-10.526877256495837
SVM_BET_ECFP    :RMSD: 0.874193, P: 0.762962, R^2: 0.574997
SVM_AE_BET_ECFP的BA值    ：-10.38515900815291
SVM_AE_BET_ECFP    :RMSD: 0.877284, P: 0.761377, R^2: 0.571986
fold= 9
>>>>>>>>>>>>>training.............
###############################################SVM#####################################################
SVM_BET的BA值：-9.60479230597451
SVM_BET:RMSD: 1.015379, P: 0.720389, R^2: 0.516905
SVM_AE的BA值 ：-9.43637874371666
SVM_AE :RMSD: 0.910455, P: 0.791315, R^2: 0.611587
SVM_ECFP的BA值 ：-9.729299580718891
SVM_ECFP :RMSD: 1.102076, P: 0.674371, R^2: 0.430885
SVM_AE_BET的BA值    ：-9.496384334966892
SVM_AE_BET    :RMSD: 0.957665, P: 0.760261, R^2: 0.570262
SVM_AE_ECFP的BA值    ：-9.558637972339083
SVM_AE_ECFP    :RMSD: 0.990257, P: 0.754104, R^2: 0.540513
SVM_BET_ECFP的BA值    ：-9.6670459433467
SVM_BET_ECFP    :RMSD: 1.033004, P: 0.719139, R^2: 0.499987
SVM_AE_BET_ECFP的BA值    ：-9.574022750217559
SVM_AE_BET_ECFP    :RMSD: 0.987973, P: 0.749076, R^2: 0.542630
fold= 10
>>>>>>>>>>>>>training.............
###############################################SVM#####################################################
SVM_BET的BA值：-9.70159985803772
SVM_BET:RMSD: 0.800300, P: 0.728747, R^2: 0.450068
SVM_AE的BA值 ：-9.378231888836721
SVM_AE :RMSD: 0.754327, P: 0.755840, R^2: 0.511435
SVM_ECFP的BA值 ：-10.52066669079302
SVM_ECFP :RMSD: 0.913174, P: 0.618018, R^2: 0.284004
SVM_AE_BET的BA值    ：-9.53991587343722
SVM_AE_BET    :RMSD: 0.766497, P: 0.751575, R^2: 0.495543
SVM_AE_ECFP的BA值    ：-9.94944928981487
SVM_AE_ECFP    :RMSD: 0.807971, P: 0.703902, R^2: 0.439475
SVM_BET_ECFP的BA值    ：-10.11113327441537
SVM_BET_ECFP    :RMSD: 0.826782, P: 0.694569, R^2: 0.413072
SVM_AE_BET_ECFP的BA值    ：-9.86683281255582
SVM_AE_BET_ECFP    :RMSD: 0.792481, P: 0.723133, R^2: 0.460761
@@@@@@@@@@@@@@@@@@@@@@@@@@@@@@@@@@@@@@@@@@@最终结果@@@@@@@@@@@@@@@@@@@@@@@@@@@@@@@@@@@@@@@@@@@@@@@@@@
@@@@@@@@@@@@@@@@@@@@@@@@@@@@@@@@@@@@@@@@@@@最终结果@@@@@@@@@@@@@@@@@@@@@@@@@@@@@@@@@@@@@@@@@@@@@@@@@@
%%%%%%%%%%%%%%%%%%%%%%%%%%%%%%%%%%%%%%%%%%%SVM%%%%%%%%%%%%%%%%%%%%%%%%%%%%%%%%%%%%%%%%%%%%%%%%%%%%%%
SVM_BET:0-th Final RMSD: 0.928605, Final P: 0.720465, Final R^2: 0.518800
SVM_AE :0-th Final RMSD: 0.907926, Final P: 0.735767, Final R^2: 0.539993
SVM_ECFP :0-th Final RMSD: 0.970925, Final P: 0.692502, Final R^2: 0.473940
SVM_AE_BET    :0-th Final RMSD: 0.907652, Final P: 0.736108, Final R^2: 0.540270
SVM_AE_ECFP    :0-th Final RMSD: 0.916195, Final P: 0.733850, Final R^2: 0.531576
SVM_BET_ECFP    :0-th Final RMSD: 0.923372, Final P: 0.727574, Final R^2: 0.524208
SVM_AE_BET_ECFP    :0-th Final RMSD: 0.908852, Final P: 0.737871, Final R^2: 0.539053
0-th SVM_AE的BA值 ：-10.972514
0-th SVM_BET的BA值：-10.761954
0-th SVM_ECFP的BA值 ：-10.658461
0-th SVM_AE_BET的BA值：-10.861605
0-th SVM_AE_ECFP的BA值    ：-10.750594
0-th SVM_BET_ECFP的BA值    ：-10.639685
0-th SVM_AE_BET_ECFP的BA值    ：-10.750628
total time: 0.002079727252324422 h
