size of data: (1889,)
size of train size: 1511
SVM parameter
Namespace(dataset='CHEMBL216', C=5, kernel='rbf', gamma='scale', random_seed=0)
fold= 1
>>>>>>>>>>>>>training.............
###############################################SVM#####################################################
SVM_BET的BA值：-13.743962435285571
SVM_BET:RMSD: 0.910409, P: 0.860729, R^2: 0.734972
SVM_AE的BA值 ：-13.720282414587826
SVM_AE :RMSD: 0.924379, P: 0.852823, R^2: 0.726776
SVM_ECFP的BA值 ：-13.44513779574631
SVM_ECFP :RMSD: 0.975253, P: 0.845052, R^2: 0.695874
SVM_AE_BET的BA值    ：-13.732122424936698
SVM_AE_BET    :RMSD: 0.891564, P: 0.865460, R^2: 0.745830
SVM_AE_ECFP的BA值    ：-13.582710105167068
SVM_AE_ECFP    :RMSD: 0.899860, P: 0.866342, R^2: 0.741078
SVM_BET_ECFP的BA值    ：-13.59455011551594
SVM_BET_ECFP    :RMSD: 0.889728, P: 0.872989, R^2: 0.746876
SVM_AE_BET_ECFP的BA值    ：-13.636460881873235
SVM_AE_BET_ECFP    :RMSD: 0.878797, P: 0.873361, R^2: 0.753057
fold= 2
>>>>>>>>>>>>>training.............
###############################################SVM#####################################################
SVM_BET的BA值：-13.677488491670314
SVM_BET:RMSD: 0.929931, P: 0.852249, R^2: 0.725385
SVM_AE的BA值 ：-13.771552253583856
SVM_AE :RMSD: 0.910528, P: 0.858802, R^2: 0.736725
SVM_ECFP的BA值 ：-13.600669444749702
SVM_ECFP :RMSD: 0.984216, P: 0.832739, R^2: 0.692388
SVM_AE_BET的BA值    ：-13.724520372627085
SVM_AE_BET    :RMSD: 0.897433, P: 0.863686, R^2: 0.744243
SVM_AE_ECFP的BA值    ：-13.686110849166779
SVM_AE_ECFP    :RMSD: 0.903948, P: 0.862063, R^2: 0.740516
SVM_BET_ECFP的BA值    ：-13.639078968210008
SVM_BET_ECFP    :RMSD: 0.906606, P: 0.860996, R^2: 0.738988
SVM_AE_BET_ECFP的BA值    ：-13.68323673000129
SVM_AE_BET_ECFP    :RMSD: 0.889148, P: 0.867166, R^2: 0.748944
fold= 3
>>>>>>>>>>>>>training.............
###############################################SVM#####################################################
SVM_BET的BA值：-13.567522822589408
SVM_BET:RMSD: 1.101454, P: 0.778889, R^2: 0.592041
SVM_AE的BA值 ：-13.270918612765463
SVM_AE :RMSD: 1.060501, P: 0.798179, R^2: 0.621814
SVM_ECFP的BA值 ：-13.31814518227955
SVM_ECFP :RMSD: 1.135966, P: 0.776323, R^2: 0.566075
SVM_AE_BET的BA值    ：-13.419220717677437
SVM_AE_BET    :RMSD: 1.060437, P: 0.797457, R^2: 0.621859
SVM_AE_ECFP的BA值    ：-13.294531897522507
SVM_AE_ECFP    :RMSD: 1.038124, P: 0.816608, R^2: 0.637605
SVM_BET_ECFP的BA值    ：-13.442834002434479
SVM_BET_ECFP    :RMSD: 1.047648, P: 0.810510, R^2: 0.630925
SVM_AE_BET_ECFP的BA值    ：-13.385528872544805
SVM_AE_BET_ECFP    :RMSD: 1.031229, P: 0.815970, R^2: 0.642403
fold= 4
>>>>>>>>>>>>>training.............
###############################################SVM#####################################################
SVM_BET的BA值：-13.396763718603196
SVM_BET:RMSD: 0.960046, P: 0.832773, R^2: 0.692392
SVM_AE的BA值 ：-13.582934985405291
SVM_AE :RMSD: 1.015992, P: 0.811762, R^2: 0.655496
SVM_ECFP的BA值 ：-13.173879516588109
SVM_ECFP :RMSD: 1.016177, P: 0.810136, R^2: 0.655371
SVM_AE_BET的BA值    ：-13.489849352004244
SVM_AE_BET    :RMSD: 0.970195, P: 0.828894, R^2: 0.685854
SVM_AE_ECFP的BA值    ：-13.23909813647676
SVM_AE_ECFP    :RMSD: 0.959250, P: 0.832811, R^2: 0.692902
SVM_BET_ECFP的BA值    ：-13.146012503075713
SVM_BET_ECFP    :RMSD: 0.928427, P: 0.844802, R^2: 0.712321
SVM_AE_BET_ECFP的BA值    ：-13.291653330518907
SVM_AE_BET_ECFP    :RMSD: 0.937320, P: 0.841040, R^2: 0.706783
fold= 5
>>>>>>>>>>>>>training.............
###############################################SVM#####################################################
SVM_BET的BA值：-13.511756979838559
SVM_BET:RMSD: 0.902733, P: 0.883487, R^2: 0.771260
SVM_AE的BA值 ：-13.527262880685747
SVM_AE :RMSD: 0.956643, P: 0.865088, R^2: 0.743124
SVM_ECFP的BA值 ：-13.833486245762948
SVM_ECFP :RMSD: 1.019765, P: 0.845005, R^2: 0.708107
SVM_AE_BET的BA值    ：-13.519509930262153
SVM_AE_BET    :RMSD: 0.900288, P: 0.883771, R^2: 0.772497
SVM_AE_ECFP的BA值    ：-13.680374563224348
SVM_AE_ECFP    :RMSD: 0.930192, P: 0.875602, R^2: 0.757133
SVM_BET_ECFP的BA值    ：-13.672621612800754
SVM_BET_ECFP    :RMSD: 0.899716, P: 0.887113, R^2: 0.772786
SVM_AE_BET_ECFP的BA值    ：-13.624168702095751
SVM_AE_BET_ECFP    :RMSD: 0.892627, P: 0.887999, R^2: 0.776353
fold= 6
>>>>>>>>>>>>>training.............
###############################################SVM#####################################################
SVM_BET的BA值：-13.548786091556739
SVM_BET:RMSD: 0.874973, P: 0.867007, R^2: 0.747985
SVM_AE的BA值 ：-13.375235315107556
SVM_AE :RMSD: 0.909040, P: 0.854544, R^2: 0.727979
SVM_ECFP的BA值 ：-13.824323011922548
SVM_ECFP :RMSD: 0.979619, P: 0.831925, R^2: 0.684099
SVM_AE_BET的BA值    ：-13.462010703332147
SVM_AE_BET    :RMSD: 0.862947, P: 0.871276, R^2: 0.754865
SVM_AE_ECFP的BA值    ：-13.599779163515052
SVM_AE_ECFP    :RMSD: 0.892818, P: 0.863133, R^2: 0.737601
SVM_BET_ECFP的BA值    ：-13.686554551739643
SVM_BET_ECFP    :RMSD: 0.871993, P: 0.870927, R^2: 0.749699
SVM_AE_BET_ECFP的BA值    ：-13.58278147286228
SVM_AE_BET_ECFP    :RMSD: 0.860046, P: 0.874365, R^2: 0.756511
fold= 7
>>>>>>>>>>>>>training.............
###############################################SVM#####################################################
SVM_BET的BA值：-13.930839195347792
SVM_BET:RMSD: 1.089290, P: 0.828165, R^2: 0.680712
SVM_AE的BA值 ：-14.229524686639017
SVM_AE :RMSD: 1.090452, P: 0.826121, R^2: 0.680031
SVM_ECFP的BA值 ：-13.50626462447114
SVM_ECFP :RMSD: 1.149033, P: 0.803338, R^2: 0.644728
SVM_AE_BET的BA值    ：-13.882087628370694
SVM_AE_BET    :RMSD: 1.062747, P: 0.835724, R^2: 0.696083
SVM_AE_ECFP的BA值    ：-13.859258085327864
SVM_AE_ECFP    :RMSD: 1.080043, P: 0.828617, R^2: 0.686110
SVM_BET_ECFP的BA值    ：-13.511821027059543
SVM_BET_ECFP    :RMSD: 1.069943, P: 0.832517, R^2: 0.691953
SVM_AE_BET_ECFP的BA值    ：-13.751055580252702
SVM_AE_BET_ECFP    :RMSD: 1.057612, P: 0.836676, R^2: 0.699013
fold= 8
>>>>>>>>>>>>>training.............
###############################################SVM#####################################################
SVM_BET的BA值：-13.215450095383098
SVM_BET:RMSD: 1.065869, P: 0.830597, R^2: 0.684759
SVM_AE的BA值 ：-13.533533230193196
SVM_AE :RMSD: 1.087556, P: 0.824422, R^2: 0.671800
SVM_ECFP的BA值 ：-13.514736057362022
SVM_ECFP :RMSD: 1.236607, P: 0.766494, R^2: 0.575675
SVM_AE_BET的BA值    ：-13.374491662788147
SVM_AE_BET    :RMSD: 1.056057, P: 0.834853, R^2: 0.690536
SVM_AE_ECFP的BA值    ：-13.524134643777609
SVM_AE_ECFP    :RMSD: 1.095173, P: 0.825135, R^2: 0.667187
SVM_BET_ECFP的BA值    ：-13.36509307637256
SVM_BET_ECFP    :RMSD: 1.082199, P: 0.830025, R^2: 0.675025
SVM_AE_BET_ECFP的BA值    ：-13.421239794312774
SVM_AE_BET_ECFP    :RMSD: 1.059099, P: 0.837097, R^2: 0.688751
fold= 9
>>>>>>>>>>>>>training.............
###############################################SVM#####################################################
SVM_BET的BA值：-13.71051333836376
SVM_BET:RMSD: 0.982810, P: 0.843940, R^2: 0.710592
SVM_AE的BA值 ：-13.771888124967646
SVM_AE :RMSD: 1.033906, P: 0.825231, R^2: 0.679717
SVM_ECFP的BA值 ：-13.521367116097434
SVM_ECFP :RMSD: 1.096755, P: 0.800286, R^2: 0.639595
SVM_AE_BET的BA值    ：-13.741200731665703
SVM_AE_BET    :RMSD: 0.983112, P: 0.843783, R^2: 0.710414
SVM_AE_ECFP的BA值    ：-13.627405858917635
SVM_AE_ECFP    :RMSD: 1.008101, P: 0.835991, R^2: 0.695505
SVM_BET_ECFP的BA值    ：-13.560858783354801
SVM_BET_ECFP    :RMSD: 0.991165, P: 0.841908, R^2: 0.705650
SVM_AE_BET_ECFP的BA值    ：-13.63120189722575
SVM_AE_BET_ECFP    :RMSD: 0.978831, P: 0.846284, R^2: 0.712930
fold= 10
>>>>>>>>>>>>>training.............
###############################################SVM#####################################################
SVM_BET的BA值：-13.325577134877806
SVM_BET:RMSD: 1.011594, P: 0.824899, R^2: 0.672901
SVM_AE的BA值 ：-13.218957243312945
SVM_AE :RMSD: 0.969313, P: 0.837919, R^2: 0.699672
SVM_ECFP的BA值 ：-13.50653402461264
SVM_ECFP :RMSD: 0.989294, P: 0.834712, R^2: 0.687163
SVM_AE_BET的BA值    ：-13.068421100357245
SVM_AE_BET    :RMSD: 0.966500, P: 0.839530, R^2: 0.701413
SVM_AE_ECFP的BA值    ：-13.09165827827681
SVM_AE_ECFP    :RMSD: 0.924939, P: 0.855718, R^2: 0.726540
SVM_BET_ECFP的BA值    ：-13.416055579745223
SVM_BET_ECFP    :RMSD: 0.952580, P: 0.846410, R^2: 0.709952
SVM_AE_BET_ECFP的BA值    ：-13.168917321645045
SVM_AE_BET_ECFP    :RMSD: 0.933725, P: 0.851974, R^2: 0.721320
@@@@@@@@@@@@@@@@@@@@@@@@@@@@@@@@@@@@@@@@@@@最终结果@@@@@@@@@@@@@@@@@@@@@@@@@@@@@@@@@@@@@@@@@@@@@@@@@@
@@@@@@@@@@@@@@@@@@@@@@@@@@@@@@@@@@@@@@@@@@@最终结果@@@@@@@@@@@@@@@@@@@@@@@@@@@@@@@@@@@@@@@@@@@@@@@@@@
%%%%%%%%%%%%%%%%%%%%%%%%%%%%%%%%%%%%%%%%%%%SVM%%%%%%%%%%%%%%%%%%%%%%%%%%%%%%%%%%%%%%%%%%%%%%%%%%%%%%
SVM_BET:0-th Final RMSD: 0.985931, Final P: 0.839398, Final R^2: 0.704554
SVM_AE :0-th Final RMSD: 0.998131, Final P: 0.835006, Final R^2: 0.697198
SVM_ECFP :0-th Final RMSD: 1.061802, Final P: 0.811243, Final R^2: 0.657334
SVM_AE_BET    :0-th Final RMSD: 0.967812, Final P: 0.845837, Final R^2: 0.715314
SVM_AE_ECFP    :0-th Final RMSD: 0.975977, Final P: 0.844445, Final R^2: 0.710490
SVM_BET_ECFP    :0-th Final RMSD: 0.966894, Final P: 0.847739, Final R^2: 0.715854
SVM_AE_BET_ECFP    :0-th Final RMSD: 0.954554, Final P: 0.851772, Final R^2: 0.723061
0-th SVM_AE的BA值 ：-14.229525
0-th SVM_BET的BA值：-13.930839
0-th SVM_ECFP的BA值 ：-13.833486
0-th SVM_AE_BET的BA值：-13.882088
0-th SVM_AE_ECFP的BA值    ：-13.859258
0-th SVM_BET_ECFP的BA值    ：-13.686555
0-th SVM_AE_BET_ECFP的BA值    ：-13.751056
total time: 0.04873803158601125 h
