size of data: (1083,)
size of train size: 866
SVM parameter
Namespace(dataset='CHEMBL3286', C=10, kernel='rbf', gamma='scale', random_seed=0)
fold= 1
>>>>>>>>>>>>>training.............
###############################################SVM#####################################################
SVM_BET的BA值：-11.884155659399134
SVM_BET:RMSD: 0.945056, P: 0.789757, R^2: 0.616455
SVM_AE的BA值 ：-11.236877086396166
SVM_AE :RMSD: 0.904790, P: 0.807053, R^2: 0.648442
SVM_ECFP的BA值 ：-11.613923467248839
SVM_ECFP :RMSD: 0.963709, P: 0.785820, R^2: 0.601165
SVM_AE_BET的BA值    ：-11.56051637289765
SVM_AE_BET    :RMSD: 0.908550, P: 0.805158, R^2: 0.645514
SVM_AE_ECFP的BA值    ：-11.37519024861257
SVM_AE_ECFP    :RMSD: 0.890214, P: 0.821971, R^2: 0.659678
SVM_BET_ECFP的BA值    ：-11.476888413019754
SVM_BET_ECFP    :RMSD: 0.896316, P: 0.815639, R^2: 0.654996
SVM_AE_BET_ECFP的BA值    ：-11.363411285338605
SVM_AE_BET_ECFP    :RMSD: 0.884734, P: 0.820303, R^2: 0.663855
fold= 2
>>>>>>>>>>>>>training.............
###############################################SVM#####################################################
SVM_BET的BA值：-11.121238701248908
SVM_BET:RMSD: 0.859175, P: 0.803593, R^2: 0.640945
SVM_AE的BA值 ：-11.474379067657592
SVM_AE :RMSD: 0.837996, P: 0.815975, R^2: 0.658428
SVM_ECFP的BA值 ：-11.779785202203215
SVM_ECFP :RMSD: 0.920894, P: 0.775863, R^2: 0.587506
SVM_AE_BET的BA值    ：-11.2416120367946
SVM_AE_BET    :RMSD: 0.822697, P: 0.824227, R^2: 0.670786
SVM_AE_ECFP的BA值    ：-11.399712809714115
SVM_AE_ECFP    :RMSD: 0.833694, P: 0.822183, R^2: 0.661926
SVM_BET_ECFP的BA值    ：-11.45051195172606
SVM_BET_ECFP    :RMSD: 0.824586, P: 0.827351, R^2: 0.669272
SVM_AE_BET_ECFP的BA值    ：-11.306888106892378
SVM_AE_BET_ECFP    :RMSD: 0.810954, P: 0.833808, R^2: 0.680117
fold= 3
>>>>>>>>>>>>>training.............
###############################################SVM#####################################################
SVM_BET的BA值：-11.591497104036831
SVM_BET:RMSD: 0.892426, P: 0.799077, R^2: 0.631173
SVM_AE的BA值 ：-11.524245990705278
SVM_AE :RMSD: 0.905075, P: 0.794457, R^2: 0.620643
SVM_ECFP的BA值 ：-12.026228154406542
SVM_ECFP :RMSD: 0.911795, P: 0.805862, R^2: 0.614989
SVM_AE_BET的BA值    ：-11.307524181973283
SVM_AE_BET    :RMSD: 0.880653, P: 0.805917, R^2: 0.640839
SVM_AE_ECFP的BA值    ：-11.608169170455248
SVM_AE_ECFP    :RMSD: 0.864088, P: 0.823916, R^2: 0.654224
SVM_BET_ECFP的BA值    ：-11.358825371438968
SVM_BET_ECFP    :RMSD: 0.850515, P: 0.829755, R^2: 0.665001
SVM_AE_BET_ECFP的BA值    ：-11.328154216659046
SVM_AE_BET_ECFP    :RMSD: 0.852144, P: 0.826030, R^2: 0.663717
fold= 4
>>>>>>>>>>>>>training.............
###############################################SVM#####################################################
SVM_BET的BA值：-11.971084260566048
SVM_BET:RMSD: 0.850195, P: 0.832699, R^2: 0.690532
SVM_AE的BA值 ：-12.17034812464684
SVM_AE :RMSD: 0.862645, P: 0.827270, R^2: 0.681402
SVM_ECFP的BA值 ：-12.11616124726581
SVM_ECFP :RMSD: 0.872959, P: 0.824314, R^2: 0.673738
SVM_AE_BET的BA值    ：-11.99245878092545
SVM_AE_BET    :RMSD: 0.829762, P: 0.840310, R^2: 0.705228
SVM_AE_ECFP的BA值    ：-12.040698807626896
SVM_AE_ECFP    :RMSD: 0.813751, P: 0.847560, R^2: 0.716494
SVM_BET_ECFP的BA值    ：-11.930811704884807
SVM_BET_ECFP    :RMSD: 0.797615, P: 0.854908, R^2: 0.727626
SVM_AE_BET_ECFP的BA值    ：-11.942286592585866
SVM_AE_BET_ECFP    :RMSD: 0.797113, P: 0.853896, R^2: 0.727969
fold= 5
>>>>>>>>>>>>>training.............
###############################################SVM#####################################################
SVM_BET的BA值：-11.31385286248686
SVM_BET:RMSD: 0.742610, P: 0.815751, R^2: 0.656285
SVM_AE的BA值 ：-11.325895842591546
SVM_AE :RMSD: 0.783138, P: 0.793369, R^2: 0.617744
SVM_ECFP的BA值 ：-11.713654940787613
SVM_ECFP :RMSD: 0.817577, P: 0.780778, R^2: 0.583385
SVM_AE_BET的BA值    ：-11.319874352539202
SVM_AE_BET    :RMSD: 0.734717, P: 0.818187, R^2: 0.663553
SVM_AE_ECFP的BA值    ：-11.225630296490449
SVM_AE_ECFP    :RMSD: 0.735484, P: 0.819421, R^2: 0.662849
SVM_BET_ECFP的BA值    ：-11.236534884746673
SVM_BET_ECFP    :RMSD: 0.729111, P: 0.822664, R^2: 0.668667
SVM_AE_BET_ECFP的BA值    ：-11.255037818489251
SVM_AE_BET_ECFP    :RMSD: 0.716177, P: 0.828251, R^2: 0.680318
fold= 6
>>>>>>>>>>>>>training.............
###############################################SVM#####################################################
SVM_BET的BA值：-11.359742869540481
SVM_BET:RMSD: 0.796440, P: 0.888664, R^2: 0.767269
SVM_AE的BA值 ：-11.752902793537427
SVM_AE :RMSD: 0.851309, P: 0.870706, R^2: 0.734097
SVM_ECFP的BA值 ：-11.703668703950562
SVM_ECFP :RMSD: 0.907418, P: 0.851042, R^2: 0.697892
SVM_AE_BET的BA值    ：-11.556322831538953
SVM_AE_BET    :RMSD: 0.805072, P: 0.889370, R^2: 0.762197
SVM_AE_ECFP的BA值    ：-11.436831626280568
SVM_AE_ECFP    :RMSD: 0.832539, P: 0.887903, R^2: 0.745694
SVM_BET_ECFP的BA值    ：-11.240251664282095
SVM_BET_ECFP    :RMSD: 0.807229, P: 0.894995, R^2: 0.760921
SVM_AE_BET_ECFP的BA值    ：-11.41113537403387
SVM_AE_BET_ECFP    :RMSD: 0.802016, P: 0.897603, R^2: 0.763999
fold= 7
>>>>>>>>>>>>>training.............
###############################################SVM#####################################################
SVM_BET的BA值：-11.413855189512514
SVM_BET:RMSD: 0.900230, P: 0.770538, R^2: 0.586976
SVM_AE的BA值 ：-11.64229527211882
SVM_AE :RMSD: 0.984683, P: 0.723937, R^2: 0.505847
SVM_ECFP的BA值 ：-11.600802402645549
SVM_ECFP :RMSD: 0.926338, P: 0.753684, R^2: 0.562672
SVM_AE_BET的BA值    ：-11.528075230815666
SVM_AE_BET    :RMSD: 0.918250, P: 0.759493, R^2: 0.570275
SVM_AE_ECFP的BA值    ：-11.621548837382186
SVM_AE_ECFP    :RMSD: 0.896358, P: 0.769666, R^2: 0.590522
SVM_BET_ECFP的BA值    ：-11.507328796079031
SVM_BET_ECFP    :RMSD: 0.871596, P: 0.783430, R^2: 0.612833
SVM_AE_BET_ECFP的BA值    ：-11.552317621425628
SVM_AE_BET_ECFP    :RMSD: 0.881108, P: 0.778189, R^2: 0.604336
fold= 8
>>>>>>>>>>>>>training.............
###############################################SVM#####################################################
SVM_BET的BA值：-11.58987497274557
SVM_BET:RMSD: 0.881954, P: 0.819371, R^2: 0.655214
SVM_AE的BA值 ：-11.756552101774414
SVM_AE :RMSD: 0.853516, P: 0.833391, R^2: 0.677091
SVM_ECFP的BA值 ：-12.144195884838995
SVM_ECFP :RMSD: 0.986458, P: 0.759229, R^2: 0.568664
SVM_AE_BET的BA值    ：-11.661563131005616
SVM_AE_BET    :RMSD: 0.854527, P: 0.831678, R^2: 0.676325
SVM_AE_ECFP的BA值    ：-11.76941622061392
SVM_AE_ECFP    :RMSD: 0.869171, P: 0.821516, R^2: 0.665136
SVM_BET_ECFP的BA值    ：-11.838199032398897
SVM_BET_ECFP    :RMSD: 0.879787, P: 0.816310, R^2: 0.656906
SVM_AE_BET_ECFP的BA值    ：-11.69034487372888
SVM_AE_BET_ECFP    :RMSD: 0.853709, P: 0.828983, R^2: 0.676944
fold= 9
>>>>>>>>>>>>>training.............
###############################################SVM#####################################################
SVM_BET的BA值：-11.533895243567198
SVM_BET:RMSD: 1.011695, P: 0.758723, R^2: 0.574966
SVM_AE的BA值 ：-11.698409252680579
SVM_AE :RMSD: 1.001386, P: 0.764362, R^2: 0.583584
SVM_ECFP的BA值 ：-11.631818023766893
SVM_ECFP :RMSD: 0.976853, P: 0.785153, R^2: 0.603738
SVM_AE_BET的BA值    ：-11.616152248123889
SVM_AE_BET    :RMSD: 0.989121, P: 0.770708, R^2: 0.593722
SVM_AE_ECFP的BA值    ：-11.389435022370494
SVM_AE_ECFP    :RMSD: 0.953455, P: 0.795681, R^2: 0.622494
SVM_BET_ECFP的BA值    ：-11.578963843780379
SVM_BET_ECFP    :RMSD: 0.950903, P: 0.794460, R^2: 0.624512
SVM_AE_BET_ECFP的BA值    ：-11.434993236178284
SVM_AE_BET_ECFP    :RMSD: 0.953710, P: 0.792618, R^2: 0.622292
fold= 10
>>>>>>>>>>>>>training.............
###############################################SVM#####################################################
SVM_BET的BA值：-11.644824476538066
SVM_BET:RMSD: 0.937618, P: 0.772717, R^2: 0.583127
SVM_AE的BA值 ：-11.919535467795445
SVM_AE :RMSD: 0.897581, P: 0.788981, R^2: 0.617968
SVM_ECFP的BA值 ：-11.907025488971012
SVM_ECFP :RMSD: 0.976708, P: 0.740342, R^2: 0.547643
SVM_AE_BET的BA值    ：-11.782179972166755
SVM_AE_BET    :RMSD: 0.900270, P: 0.788914, R^2: 0.615676
SVM_AE_ECFP的BA值    ：-11.569414800220514
SVM_AE_ECFP    :RMSD: 0.881400, P: 0.797333, R^2: 0.631618
SVM_BET_ECFP的BA值    ：-11.547302953972654
SVM_BET_ECFP    :RMSD: 0.889554, P: 0.792156, R^2: 0.624771
SVM_AE_BET_ECFP的BA值    ：-11.59455135899303
SVM_AE_BET_ECFP    :RMSD: 0.874064, P: 0.800570, R^2: 0.637725
@@@@@@@@@@@@@@@@@@@@@@@@@@@@@@@@@@@@@@@@@@@最终结果@@@@@@@@@@@@@@@@@@@@@@@@@@@@@@@@@@@@@@@@@@@@@@@@@@
@@@@@@@@@@@@@@@@@@@@@@@@@@@@@@@@@@@@@@@@@@@最终结果@@@@@@@@@@@@@@@@@@@@@@@@@@@@@@@@@@@@@@@@@@@@@@@@@@
%%%%%%%%%%%%%%%%%%%%%%%%%%%%%%%%%%%%%%%%%%%SVM%%%%%%%%%%%%%%%%%%%%%%%%%%%%%%%%%%%%%%%%%%%%%%%%%%%%%%
SVM_BET:0-th Final RMSD: 0.884760, Final P: 0.804883, Final R^2: 0.646620
SVM_AE :0-th Final RMSD: 0.890415, Final P: 0.801652, Final R^2: 0.642088
SVM_ECFP :0-th Final RMSD: 0.927454, Final P: 0.782852, Final R^2: 0.611693
SVM_AE_BET    :0-th Final RMSD: 0.866992, Final P: 0.813111, Final R^2: 0.660671
SVM_AE_ECFP    :0-th Final RMSD: 0.858806, Final P: 0.819270, Final R^2: 0.667048
SVM_BET_ECFP    :0-th Final RMSD: 0.851799, Final P: 0.822158, Final R^2: 0.672459
SVM_AE_BET_ECFP    :0-th Final RMSD: 0.844810, Final P: 0.825226, Final R^2: 0.677812
0-th SVM_AE的BA值 ：-12.170348
0-th SVM_BET的BA值：-11.971084
0-th SVM_ECFP的BA值 ：-12.144196
0-th SVM_AE_BET的BA值：-11.992459
0-th SVM_AE_ECFP的BA值    ：-12.040699
0-th SVM_BET_ECFP的BA值    ：-11.930812
0-th SVM_AE_BET_ECFP的BA值    ：-11.942287
total time: 0.019353353248702156 h
