size of data: (805,)
size of train size: 644
SVM parameter
Namespace(dataset='CHEMBL1741213', C=10, kernel='rbf', gamma='scale', random_seed=0)
fold= 1
>>>>>>>>>>>>>training.............
###############################################SVM#####################################################
SVM_BET的BA值：-8.114931508576953
SVM_BET:RMSD: 0.561679, P: 0.281858, R^2: 0.036625
SVM_AE的BA值 ：-8.051465506555077
SVM_AE :RMSD: 0.567895, P: 0.277429, R^2: 0.015183
SVM_ECFP的BA值 ：-8.18301251682238
SVM_ECFP :RMSD: 0.546810, P: 0.360458, R^2: 0.086955
SVM_AE_BET的BA值    ：-8.064854411240287
SVM_AE_BET    :RMSD: 0.553802, P: 0.301733, R^2: 0.063455
SVM_AE_ECFP的BA值    ：-8.103039429457102
SVM_AE_ECFP    :RMSD: 0.543427, P: 0.345222, R^2: 0.098218
SVM_BET_ECFP的BA值    ：-8.131252281172596
SVM_BET_ECFP    :RMSD: 0.537135, P: 0.363741, R^2: 0.118979
SVM_AE_BET_ECFP的BA值    ：-8.092427292082938
SVM_AE_BET_ECFP    :RMSD: 0.540073, P: 0.348308, R^2: 0.109316
fold= 2
>>>>>>>>>>>>>training.............
###############################################SVM#####################################################
SVM_BET的BA值：-8.083375089641441
SVM_BET:RMSD: 0.524167, P: 0.217115, R^2: -0.133735
SVM_AE的BA值 ：-8.303728741197641
SVM_AE :RMSD: 0.566921, P: 0.092655, R^2: -0.326221
SVM_ECFP的BA值 ：-8.51333618852792
SVM_ECFP :RMSD: 0.537414, P: 0.095143, R^2: -0.191762
SVM_AE_BET的BA值    ：-8.19355191541954
SVM_AE_BET    :RMSD: 0.539116, P: 0.160171, R^2: -0.199322
SVM_AE_ECFP的BA值    ：-8.114305062353115
SVM_AE_ECFP    :RMSD: 0.537398, P: 0.103564, R^2: -0.191689
SVM_BET_ECFP的BA值    ：-8.292233379519303
SVM_BET_ECFP    :RMSD: 0.518142, P: 0.171191, R^2: -0.107821
SVM_AE_BET_ECFP的BA值    ：-8.099913565072306
SVM_AE_BET_ECFP    :RMSD: 0.527751, P: 0.149216, R^2: -0.149290
fold= 3
>>>>>>>>>>>>>training.............
###############################################SVM#####################################################
SVM_BET的BA值：-8.186738314596685
SVM_BET:RMSD: 0.455178, P: 0.405817, R^2: 0.146848
SVM_AE的BA值 ：-8.296439257395036
SVM_AE :RMSD: 0.457664, P: 0.411403, R^2: 0.137502
SVM_ECFP的BA值 ：-8.255347641026802
SVM_ECFP :RMSD: 0.454092, P: 0.409972, R^2: 0.150913
SVM_AE_BET的BA值    ：-8.24158878599586
SVM_AE_BET    :RMSD: 0.449253, P: 0.427304, R^2: 0.168913
SVM_AE_ECFP的BA值    ：-8.220410031249024
SVM_AE_ECFP    :RMSD: 0.441671, P: 0.446167, R^2: 0.196728
SVM_BET_ECFP的BA值    ：-8.165559559849848
SVM_BET_ECFP    :RMSD: 0.442640, P: 0.441030, R^2: 0.193199
SVM_AE_BET_ECFP的BA值    ：-8.209186125698244
SVM_AE_BET_ECFP    :RMSD: 0.440768, P: 0.448407, R^2: 0.200011
fold= 4
>>>>>>>>>>>>>training.............
###############################################SVM#####################################################
SVM_BET的BA值：-8.390097069493878
SVM_BET:RMSD: 0.498925, P: 0.352236, R^2: 0.101093
SVM_AE的BA值 ：-8.369578435418617
SVM_AE :RMSD: 0.488123, P: 0.415308, R^2: 0.139596
SVM_ECFP的BA值 ：-8.358435265318935
SVM_ECFP :RMSD: 0.527634, P: 0.273185, R^2: -0.005332
SVM_AE_BET的BA值    ：-8.34232680962757
SVM_AE_BET    :RMSD: 0.486680, P: 0.401408, R^2: 0.144674
SVM_AE_ECFP的BA值    ：-8.338404789783617
SVM_AE_ECFP    :RMSD: 0.492499, P: 0.382743, R^2: 0.124097
SVM_BET_ECFP的BA值    ：-8.310119962080163
SVM_BET_ECFP    :RMSD: 0.498169, P: 0.348843, R^2: 0.103814
SVM_AE_BET_ECFP的BA值    ：-8.312871412802876
SVM_AE_BET_ECFP    :RMSD: 0.488166, P: 0.389138, R^2: 0.139443
fold= 5
>>>>>>>>>>>>>training.............
###############################################SVM#####################################################
SVM_BET的BA值：-8.628831089846267
SVM_BET:RMSD: 0.532072, P: 0.177786, R^2: -0.235536
SVM_AE的BA值 ：-8.22485633797665
SVM_AE :RMSD: 0.522634, P: 0.161122, R^2: -0.192091
SVM_ECFP的BA值 ：-8.567103554407323
SVM_ECFP :RMSD: 0.584648, P: 0.048473, R^2: -0.491777
SVM_AE_BET的BA值    ：-8.42684371391146
SVM_AE_BET    :RMSD: 0.518833, P: 0.179939, R^2: -0.174815
SVM_AE_ECFP的BA值    ：-8.395979946191986
SVM_AE_ECFP    :RMSD: 0.542303, P: 0.108786, R^2: -0.283505
SVM_BET_ECFP的BA值    ：-8.597967322126795
SVM_BET_ECFP    :RMSD: 0.546860, P: 0.120478, R^2: -0.305169
SVM_AE_BET_ECFP的BA值    ：-8.473596994076747
SVM_AE_BET_ECFP    :RMSD: 0.532424, P: 0.139677, R^2: -0.237172
fold= 6
>>>>>>>>>>>>>training.............
###############################################SVM#####################################################
SVM_BET的BA值：-8.383322968379945
SVM_BET:RMSD: 0.610541, P: 0.291635, R^2: -0.028140
SVM_AE的BA值 ：-8.478033882900244
SVM_AE :RMSD: 0.573335, P: 0.375563, R^2: 0.093350
SVM_ECFP的BA值 ：-8.404150851761248
SVM_ECFP :RMSD: 0.586386, P: 0.318689, R^2: 0.051604
SVM_AE_BET的BA值    ：-8.350724758992651
SVM_AE_BET    :RMSD: 0.586199, P: 0.341143, R^2: 0.052208
SVM_AE_ECFP的BA值    ：-8.441092367330747
SVM_AE_ECFP    :RMSD: 0.570110, P: 0.366541, R^2: 0.103522
SVM_BET_ECFP的BA值    ：-8.269377784847297
SVM_BET_ECFP    :RMSD: 0.584099, P: 0.325082, R^2: 0.058987
SVM_AE_BET_ECFP的BA值    ：-8.317373964763318
SVM_AE_BET_ECFP    :RMSD: 0.576771, P: 0.349545, R^2: 0.082450
fold= 7
>>>>>>>>>>>>>training.............
###############################################SVM#####################################################
SVM_BET的BA值：-8.26268131652133
SVM_BET:RMSD: 0.494244, P: 0.353612, R^2: -0.013374
SVM_AE的BA值 ：-8.45008275620484
SVM_AE :RMSD: 0.518252, P: 0.285420, R^2: -0.114215
SVM_ECFP的BA值 ：-8.28544343956594
SVM_ECFP :RMSD: 0.512513, P: 0.339023, R^2: -0.089673
SVM_AE_BET的BA值    ：-8.356382036363085
SVM_AE_BET    :RMSD: 0.497345, P: 0.337694, R^2: -0.026130
SVM_AE_ECFP的BA值    ：-8.27374309510651
SVM_AE_ECFP    :RMSD: 0.502871, P: 0.337422, R^2: -0.049059
SVM_BET_ECFP的BA值    ：-8.180042375264756
SVM_BET_ECFP    :RMSD: 0.489774, P: 0.382849, R^2: 0.004872
SVM_AE_BET_ECFP的BA值    ：-8.270055835578118
SVM_AE_BET_ECFP    :RMSD: 0.492715, P: 0.362108, R^2: -0.007112
fold= 8
>>>>>>>>>>>>>training.............
###############################################SVM#####################################################
SVM_BET的BA值：-8.03014423041871
SVM_BET:RMSD: 0.392664, P: 0.565314, R^2: 0.307820
SVM_AE的BA值 ：-8.02821946960728
SVM_AE :RMSD: 0.425177, P: 0.460152, R^2: 0.188448
SVM_ECFP的BA值 ：-8.307531503091004
SVM_ECFP :RMSD: 0.406256, P: 0.527692, R^2: 0.259073
SVM_AE_BET的BA值    ：-8.029181850012995
SVM_AE_BET    :RMSD: 0.400134, P: 0.536917, R^2: 0.281234
SVM_AE_ECFP的BA值    ：-8.105863397393403
SVM_AE_ECFP    :RMSD: 0.401735, P: 0.528325, R^2: 0.275471
SVM_BET_ECFP的BA值    ：-8.094676775103457
SVM_BET_ECFP    :RMSD: 0.382010, P: 0.587324, R^2: 0.344874
SVM_AE_BET_ECFP的BA值    ：-8.063129979370972
SVM_AE_BET_ECFP    :RMSD: 0.390116, P: 0.563188, R^2: 0.316775
fold= 9
>>>>>>>>>>>>>training.............
###############################################SVM#####################################################
SVM_BET的BA值：-8.2687596225427
SVM_BET:RMSD: 0.516554, P: 0.443822, R^2: 0.179440
SVM_AE的BA值 ：-8.426245894102568
SVM_AE :RMSD: 0.491964, P: 0.509263, R^2: 0.255707
SVM_ECFP的BA值 ：-8.410107716192048
SVM_ECFP :RMSD: 0.508935, P: 0.469151, R^2: 0.203468
SVM_AE_BET的BA值    ：-8.324800778576801
SVM_AE_BET    :RMSD: 0.497461, P: 0.494005, R^2: 0.238980
SVM_AE_ECFP的BA值    ：-8.418176805147308
SVM_AE_ECFP    :RMSD: 0.480362, P: 0.540712, R^2: 0.290398
SVM_BET_ECFP的BA值    ：-8.316731689621541
SVM_BET_ECFP    :RMSD: 0.495188, P: 0.496273, R^2: 0.245919
SVM_AE_BET_ECFP的BA值    ：-8.35323642444855
SVM_AE_BET_ECFP    :RMSD: 0.486008, P: 0.523763, R^2: 0.273619
fold= 10
>>>>>>>>>>>>>training.............
###############################################SVM#####################################################
SVM_BET的BA值：-8.206638597817014
SVM_BET:RMSD: 0.443548, P: 0.447684, R^2: 0.178310
SVM_AE的BA值 ：-8.037919392962868
SVM_AE :RMSD: 0.440886, P: 0.457082, R^2: 0.188141
SVM_ECFP的BA值 ：-8.531644526181129
SVM_ECFP :RMSD: 0.435692, P: 0.473591, R^2: 0.207157
SVM_AE_BET的BA值    ：-8.104545545827815
SVM_AE_BET    :RMSD: 0.432592, P: 0.479132, R^2: 0.218402
SVM_AE_ECFP的BA值    ：-8.192230774787879
SVM_AE_ECFP    :RMSD: 0.424089, P: 0.500382, R^2: 0.248824
SVM_BET_ECFP的BA值    ：-8.17540786884237
SVM_BET_ECFP    :RMSD: 0.420605, P: 0.511181, R^2: 0.261114
SVM_AE_BET_ECFP的BA值    ：-8.117756077174452
SVM_AE_BET_ECFP    :RMSD: 0.420930, P: 0.511197, R^2: 0.259972
@@@@@@@@@@@@@@@@@@@@@@@@@@@@@@@@@@@@@@@@@@@最终结果@@@@@@@@@@@@@@@@@@@@@@@@@@@@@@@@@@@@@@@@@@@@@@@@@@
@@@@@@@@@@@@@@@@@@@@@@@@@@@@@@@@@@@@@@@@@@@最终结果@@@@@@@@@@@@@@@@@@@@@@@@@@@@@@@@@@@@@@@@@@@@@@@@@@
%%%%%%%%%%%%%%%%%%%%%%%%%%%%%%%%%%%%%%%%%%%SVM%%%%%%%%%%%%%%%%%%%%%%%%%%%%%%%%%%%%%%%%%%%%%%%%%%%%%%
SVM_BET:0-th Final RMSD: 0.506441, Final P: 0.341889, Final R^2: 0.068347
SVM_AE :0-th Final RMSD: 0.507955, Final P: 0.341105, Final R^2: 0.062766
SVM_ECFP :0-th Final RMSD: 0.513404, Final P: 0.329373, Final R^2: 0.042552
SVM_AE_BET    :0-th Final RMSD: 0.499164, Final P: 0.358207, Final R^2: 0.094925
SVM_AE_ECFP    :0-th Final RMSD: 0.496664, Final P: 0.363397, Final R^2: 0.103969
SVM_BET_ECFP    :0-th Final RMSD: 0.494993, Final P: 0.366746, Final R^2: 0.109988
SVM_AE_BET_ECFP    :0-th Final RMSD: 0.492765, Final P: 0.372207, Final R^2: 0.117985
0-th SVM_AE的BA值 ：-8.478034
0-th SVM_BET的BA值：-8.628831
0-th SVM_ECFP的BA值 ：-8.567104
0-th SVM_AE_BET的BA值：-8.426844
0-th SVM_AE_ECFP的BA值    ：-8.441092
0-th SVM_BET_ECFP的BA值    ：-8.597967
0-th SVM_AE_BET_ECFP的BA值    ：-8.473597
total time: 0.010977458953857423 h
