size of data: (403,)
size of train size: 322
SVM parameter
Namespace(dataset='CHEMBL1856', C=10, kernel='rbf', gamma='scale', random_seed=0)
fold= 1
>>>>>>>>>>>>>training.............
###############################################SVM#####################################################
SVM_BET的BA值：-14.145164267260178
SVM_BET:RMSD: 1.056882, P: 0.852775, R^2: 0.723892
SVM_AE的BA值 ：-14.02614740334721
SVM_AE :RMSD: 1.249643, P: 0.786825, R^2: 0.613991
SVM_ECFP的BA值 ：-13.821076272608071
SVM_ECFP :RMSD: 1.254278, P: 0.819877, R^2: 0.611122
SVM_AE_BET的BA值    ：-14.085655835303694
SVM_AE_BET    :RMSD: 1.134166, P: 0.827376, R^2: 0.682036
SVM_AE_ECFP的BA值    ：-13.92361183797764
SVM_AE_ECFP    :RMSD: 1.195559, P: 0.820335, R^2: 0.646680
SVM_BET_ECFP的BA值    ：-13.983120269934124
SVM_BET_ECFP    :RMSD: 1.104467, P: 0.849142, R^2: 0.698469
SVM_AE_BET_ECFP的BA值    ：-13.997462647738487
SVM_AE_BET_ECFP    :RMSD: 1.129914, P: 0.836478, R^2: 0.684415
fold= 2
>>>>>>>>>>>>>training.............
###############################################SVM#####################################################
SVM_BET的BA值：-14.011410266075838
SVM_BET:RMSD: 0.993230, P: 0.814507, R^2: 0.630288
SVM_AE的BA值 ：-13.946102441845083
SVM_AE :RMSD: 1.032885, P: 0.798830, R^2: 0.600177
SVM_ECFP的BA值 ：-13.917569670030652
SVM_ECFP :RMSD: 1.058625, P: 0.796941, R^2: 0.580001
SVM_AE_BET的BA值    ：-13.97875635396046
SVM_AE_BET    :RMSD: 0.985191, P: 0.815490, R^2: 0.636249
SVM_AE_ECFP的BA值    ：-13.908920841420102
SVM_AE_ECFP    :RMSD: 0.951371, P: 0.822389, R^2: 0.660794
SVM_BET_ECFP的BA值    ：-13.947522127052215
SVM_BET_ECFP    :RMSD: 0.955939, P: 0.823372, R^2: 0.657529
SVM_AE_BET_ECFP的BA值    ：-13.943083982972015
SVM_AE_BET_ECFP    :RMSD: 0.941869, P: 0.826101, R^2: 0.667536
fold= 3
>>>>>>>>>>>>>training.............
###############################################SVM#####################################################
SVM_BET的BA值：-13.968749559651563
SVM_BET:RMSD: 0.879331, P: 0.899161, R^2: 0.790661
SVM_AE的BA值 ：-13.861988927043557
SVM_AE :RMSD: 0.890536, P: 0.893600, R^2: 0.785292
SVM_ECFP的BA值 ：-13.96943525512506
SVM_ECFP :RMSD: 0.993453, P: 0.857034, R^2: 0.732798
SVM_AE_BET的BA值    ：-13.88783734872844
SVM_AE_BET    :RMSD: 0.864073, P: 0.901906, R^2: 0.797863
SVM_AE_ECFP的BA值    ：-13.915712091084309
SVM_AE_ECFP    :RMSD: 0.880511, P: 0.890085, R^2: 0.790099
SVM_BET_ECFP的BA值    ：-13.876860066101965
SVM_BET_ECFP    :RMSD: 0.875463, P: 0.891704, R^2: 0.792499
SVM_AE_BET_ECFP的BA值    ：-13.871903019749162
SVM_AE_BET_ECFP    :RMSD: 0.856362, P: 0.898348, R^2: 0.801455
fold= 4
>>>>>>>>>>>>>training.............
###############################################SVM#####################################################
SVM_BET的BA值：-13.873418016025465
SVM_BET:RMSD: 1.066558, P: 0.829478, R^2: 0.680784
SVM_AE的BA值 ：-13.884392096592414
SVM_AE :RMSD: 1.157065, P: 0.794094, R^2: 0.624309
SVM_ECFP的BA值 ：-14.109455148118556
SVM_ECFP :RMSD: 1.086080, P: 0.842692, R^2: 0.668992
SVM_AE_BET的BA值    ：-13.793767589092763
SVM_AE_BET    :RMSD: 1.101592, P: 0.815558, R^2: 0.659469
SVM_AE_ECFP的BA值    ：-13.978692529169185
SVM_AE_ECFP    :RMSD: 1.041462, P: 0.837589, R^2: 0.695630
SVM_BET_ECFP的BA值    ：-13.789327251176577
SVM_BET_ECFP    :RMSD: 0.991932, P: 0.853518, R^2: 0.723892
SVM_AE_BET_ECFP的BA值    ：-13.78881717500334
SVM_AE_BET_ECFP    :RMSD: 1.025909, P: 0.839855, R^2: 0.704653
fold= 5
>>>>>>>>>>>>>training.............
###############################################SVM#####################################################
SVM_BET的BA值：-13.853100550432718
SVM_BET:RMSD: 1.228197, P: 0.801113, R^2: 0.571494
SVM_AE的BA值 ：-13.93858225956674
SVM_AE :RMSD: 1.111691, P: 0.821899, R^2: 0.648934
SVM_ECFP的BA值 ：-13.932756274223888
SVM_ECFP :RMSD: 1.419742, P: 0.783674, R^2: 0.427416
SVM_AE_BET的BA值    ：-13.895841404999729
SVM_AE_BET    :RMSD: 1.124128, P: 0.830774, R^2: 0.641035
SVM_AE_ECFP的BA值    ：-13.620384807255746
SVM_AE_ECFP    :RMSD: 1.170851, P: 0.844322, R^2: 0.610575
SVM_BET_ECFP的BA值    ：-13.786086265209487
SVM_BET_ECFP    :RMSD: 1.275955, P: 0.814874, R^2: 0.537522
SVM_AE_BET_ECFP的BA值    ：-13.697956721648069
SVM_AE_BET_ECFP    :RMSD: 1.168592, P: 0.839372, R^2: 0.612076
fold= 6
>>>>>>>>>>>>>training.............
###############################################SVM#####################################################
SVM_BET的BA值：-13.343880261175048
SVM_BET:RMSD: 0.939261, P: 0.879292, R^2: 0.731778
SVM_AE的BA值 ：-13.636082395540944
SVM_AE :RMSD: 0.956738, P: 0.870542, R^2: 0.721704
SVM_ECFP的BA值 ：-13.589997722151006
SVM_ECFP :RMSD: 1.032253, P: 0.823151, R^2: 0.676038
SVM_AE_BET的BA值    ：-13.456009273674848
SVM_AE_BET    :RMSD: 0.929272, P: 0.881935, R^2: 0.737453
SVM_AE_ECFP的BA值    ：-13.467582637874472
SVM_AE_ECFP    :RMSD: 0.910805, P: 0.876001, R^2: 0.747784
SVM_BET_ECFP的BA值    ：-13.43833033823762
SVM_BET_ECFP    :RMSD: 0.919661, P: 0.873791, R^2: 0.742856
SVM_AE_BET_ECFP的BA值    ：-13.426348512307996
SVM_AE_BET_ECFP    :RMSD: 0.900151, P: 0.884084, R^2: 0.753650
fold= 7
>>>>>>>>>>>>>training.............
###############################################SVM#####################################################
SVM_BET的BA值：-13.43328246100791
SVM_BET:RMSD: 1.043178, P: 0.856022, R^2: 0.703246
SVM_AE的BA值 ：-13.522527846247336
SVM_AE :RMSD: 1.140146, P: 0.834960, R^2: 0.645512
SVM_ECFP的BA值 ：-13.626621101150782
SVM_ECFP :RMSD: 1.235677, P: 0.883096, R^2: 0.583620
SVM_AE_BET的BA值    ：-13.477905153627622
SVM_AE_BET    :RMSD: 1.074529, P: 0.852993, R^2: 0.685141
SVM_AE_ECFP的BA值    ：-13.574574473699059
SVM_AE_ECFP    :RMSD: 1.136180, P: 0.878233, R^2: 0.647974
SVM_BET_ECFP的BA值    ：-13.529951781079346
SVM_BET_ECFP    :RMSD: 1.080596, P: 0.885709, R^2: 0.681575
SVM_AE_BET_ECFP的BA值    ：-13.52747713613534
SVM_AE_BET_ECFP    :RMSD: 1.082064, P: 0.876869, R^2: 0.680709
fold= 8
>>>>>>>>>>>>>training.............
###############################################SVM#####################################################
SVM_BET的BA值：-14.218868148313582
SVM_BET:RMSD: 0.981808, P: 0.884242, R^2: 0.772364
SVM_AE的BA值 ：-14.344753302268604
SVM_AE :RMSD: 1.083112, P: 0.854734, R^2: 0.722965
SVM_ECFP的BA值 ：-14.344960308761188
SVM_ECFP :RMSD: 0.994563, P: 0.881594, R^2: 0.766411
SVM_AE_BET的BA值    ：-14.281810725291093
SVM_AE_BET    :RMSD: 1.010495, P: 0.875947, R^2: 0.758868
SVM_AE_ECFP的BA值    ：-14.344856805514896
SVM_AE_ECFP    :RMSD: 0.957503, P: 0.886246, R^2: 0.783495
SVM_BET_ECFP的BA值    ：-14.281914228537385
SVM_BET_ECFP    :RMSD: 0.920999, P: 0.895501, R^2: 0.799688
SVM_AE_BET_ECFP的BA值    ：-14.302860586447792
SVM_AE_BET_ECFP    :RMSD: 0.943891, P: 0.890023, R^2: 0.789607
fold= 9
>>>>>>>>>>>>>training.............
###############################################SVM#####################################################
SVM_BET的BA值：-13.490677672030376
SVM_BET:RMSD: 1.096570, P: 0.821959, R^2: 0.672038
SVM_AE的BA值 ：-14.185530279946489
SVM_AE :RMSD: 1.106541, P: 0.816395, R^2: 0.666046
SVM_ECFP的BA值 ：-14.134731080155138
SVM_ECFP :RMSD: 1.085437, P: 0.865488, R^2: 0.678664
SVM_AE_BET的BA值    ：-13.838103975988432
SVM_AE_BET    :RMSD: 1.085892, P: 0.824755, R^2: 0.678394
SVM_AE_ECFP的BA值    ：-14.044597758082476
SVM_AE_ECFP    :RMSD: 1.017108, P: 0.861799, R^2: 0.717847
SVM_BET_ECFP的BA值    ：-13.703717623329762
SVM_BET_ECFP    :RMSD: 1.022838, P: 0.864237, R^2: 0.714659
SVM_AE_BET_ECFP的BA值    ：-13.859957729398444
SVM_AE_BET_ECFP    :RMSD: 1.023849, P: 0.855318, R^2: 0.714094
fold= 10
>>>>>>>>>>>>>training.............
###############################################SVM#####################################################
SVM_BET的BA值：-14.091663693101061
SVM_BET:RMSD: 1.134068, P: 0.839304, R^2: 0.687192
SVM_AE的BA值 ：-13.860112975621526
SVM_AE :RMSD: 0.977089, P: 0.890355, R^2: 0.767797
SVM_ECFP的BA值 ：-14.017590651885357
SVM_ECFP :RMSD: 1.303691, P: 0.828510, R^2: 0.586620
SVM_AE_BET的BA值    ：-13.972544553811515
SVM_AE_BET    :RMSD: 1.037777, P: 0.870642, R^2: 0.738056
SVM_AE_ECFP的BA值    ：-13.935508033203662
SVM_AE_ECFP    :RMSD: 1.101901, P: 0.874047, R^2: 0.704685
SVM_BET_ECFP的BA值    ：-14.054627172493209
SVM_BET_ECFP    :RMSD: 1.160692, P: 0.850542, R^2: 0.672332
SVM_AE_BET_ECFP的BA值    ：-13.98755991983613
SVM_AE_BET_ECFP    :RMSD: 1.085924, P: 0.869140, R^2: 0.713187
@@@@@@@@@@@@@@@@@@@@@@@@@@@@@@@@@@@@@@@@@@@最终结果@@@@@@@@@@@@@@@@@@@@@@@@@@@@@@@@@@@@@@@@@@@@@@@@@@
@@@@@@@@@@@@@@@@@@@@@@@@@@@@@@@@@@@@@@@@@@@最终结果@@@@@@@@@@@@@@@@@@@@@@@@@@@@@@@@@@@@@@@@@@@@@@@@@@
%%%%%%%%%%%%%%%%%%%%%%%%%%%%%%%%%%%%%%%%%%%SVM%%%%%%%%%%%%%%%%%%%%%%%%%%%%%%%%%%%%%%%%%%%%%%%%%%%%%%
SVM_BET:0-th Final RMSD: 1.045734, Final P: 0.840607, Final R^2: 0.706516
SVM_AE :0-th Final RMSD: 1.075292, Final P: 0.830531, Final R^2: 0.689691
SVM_ECFP :0-th Final RMSD: 1.154449, Final P: 0.829239, Final R^2: 0.642323
SVM_AE_BET    :0-th Final RMSD: 1.037807, Final P: 0.843459, Final R^2: 0.710949
SVM_AE_ECFP    :0-th Final RMSD: 1.041521, Final P: 0.851157, Final R^2: 0.708876
SVM_BET_ECFP    :0-th Final RMSD: 1.037256, Final P: 0.852051, Final R^2: 0.711256
SVM_AE_BET_ECFP    :0-th Final RMSD: 1.020255, Final P: 0.854012, Final R^2: 0.720644
0-th SVM_AE的BA值 ：-14.344753
0-th SVM_BET的BA值：-14.218868
0-th SVM_ECFP的BA值 ：-14.344960
0-th SVM_AE_BET的BA值：-14.281811
0-th SVM_AE_ECFP的BA值    ：-14.344857
0-th SVM_BET_ECFP的BA值    ：-14.281914
0-th SVM_AE_BET_ECFP的BA值    ：-14.302861
total time: 0.003989141914579604 h
