size of data: (2518,)
size of train size: 2014
SVM parameter
Namespace(dataset='CHEMBL1741186', C=5, kernel='rbf', gamma='scale', random_seed=0)
fold= 1
>>>>>>>>>>>>>training.............
###############################################SVM#####################################################
SVM_BET的BA值：-12.087376463783073
SVM_BET:RMSD: 0.717463, P: 0.828106, R^2: 0.682216
SVM_AE的BA值 ：-12.17523304609834
SVM_AE :RMSD: 0.709836, P: 0.832969, R^2: 0.688936
SVM_ECFP的BA值 ：-12.03321973886084
SVM_ECFP :RMSD: 0.859782, P: 0.739432, R^2: 0.543637
SVM_AE_BET的BA值    ：-12.131304754940707
SVM_AE_BET    :RMSD: 0.695140, P: 0.841768, R^2: 0.701683
SVM_AE_ECFP的BA值    ：-12.104226392479589
SVM_AE_ECFP    :RMSD: 0.742063, P: 0.821489, R^2: 0.660050
SVM_BET_ECFP的BA值    ：-12.060298101321957
SVM_BET_ECFP    :RMSD: 0.748979, P: 0.816108, R^2: 0.653684
SVM_AE_BET_ECFP的BA值    ：-12.098609749580751
SVM_AE_BET_ECFP    :RMSD: 0.716592, P: 0.835068, R^2: 0.682986
fold= 2
>>>>>>>>>>>>>training.............
###############################################SVM#####################################################
SVM_BET的BA值：-12.148207041232034
SVM_BET:RMSD: 0.782126, P: 0.791573, R^2: 0.624003
SVM_AE的BA值 ：-12.19878321324502
SVM_AE :RMSD: 0.809999, P: 0.773058, R^2: 0.596726
SVM_ECFP的BA值 ：-11.867442674589046
SVM_ECFP :RMSD: 0.870195, P: 0.740114, R^2: 0.534559
SVM_AE_BET的BA值    ：-12.173495127238528
SVM_AE_BET    :RMSD: 0.780320, P: 0.792790, R^2: 0.625737
SVM_AE_ECFP的BA值    ：-11.966292590094927
SVM_AE_ECFP    :RMSD: 0.799284, P: 0.788563, R^2: 0.607325
SVM_BET_ECFP的BA值    ：-11.951480387993264
SVM_BET_ECFP    :RMSD: 0.780063, P: 0.803064, R^2: 0.625984
SVM_AE_BET_ECFP的BA值    ：-12.006122516492743
SVM_AE_BET_ECFP    :RMSD: 0.774593, P: 0.803014, R^2: 0.631210
fold= 3
>>>>>>>>>>>>>training.............
###############################################SVM#####################################################
SVM_BET的BA值：-11.86467852616234
SVM_BET:RMSD: 0.819677, P: 0.697505, R^2: 0.475865
SVM_AE的BA值 ：-11.922105443113493
SVM_AE :RMSD: 0.819399, P: 0.697483, R^2: 0.476219
SVM_ECFP的BA值 ：-11.66444609696861
SVM_ECFP :RMSD: 0.849067, P: 0.663110, R^2: 0.437604
SVM_AE_BET的BA值    ：-11.891086009199206
SVM_AE_BET    :RMSD: 0.800128, P: 0.711389, R^2: 0.500567
SVM_AE_ECFP的BA值    ：-11.73682208013018
SVM_AE_ECFP    :RMSD: 0.793331, P: 0.714765, R^2: 0.509016
SVM_BET_ECFP的BA值    ：-11.764562311565475
SVM_BET_ECFP    :RMSD: 0.792355, P: 0.715728, R^2: 0.510224
SVM_AE_BET_ECFP的BA值    ：-11.779440895474233
SVM_AE_BET_ECFP    :RMSD: 0.783541, P: 0.722667, R^2: 0.521060
fold= 4
>>>>>>>>>>>>>training.............
###############################################SVM#####################################################
SVM_BET的BA值：-12.448938146671104
SVM_BET:RMSD: 0.777416, P: 0.782996, R^2: 0.603941
SVM_AE的BA值 ：-12.501481231310365
SVM_AE :RMSD: 0.824317, P: 0.752551, R^2: 0.554711
SVM_ECFP的BA值 ：-11.771456003908645
SVM_ECFP :RMSD: 0.832329, P: 0.753303, R^2: 0.546014
SVM_AE_BET的BA值    ：-12.451268795593009
SVM_AE_BET    :RMSD: 0.786937, P: 0.776513, R^2: 0.594180
SVM_AE_ECFP的BA值    ：-12.11252772421178
SVM_AE_ECFP    :RMSD: 0.785502, P: 0.781677, R^2: 0.595659
SVM_BET_ECFP的BA值    ：-12.110197075289875
SVM_BET_ECFP    :RMSD: 0.769954, P: 0.792063, R^2: 0.611507
SVM_AE_BET_ECFP的BA值    ：-12.224664531698222
SVM_AE_BET_ECFP    :RMSD: 0.770268, P: 0.789517, R^2: 0.611191
fold= 5
>>>>>>>>>>>>>training.............
###############################################SVM#####################################################
SVM_BET的BA值：-12.110588810299124
SVM_BET:RMSD: 0.838271, P: 0.726414, R^2: 0.524735
SVM_AE的BA值 ：-12.244820998838376
SVM_AE :RMSD: 0.829556, P: 0.731712, R^2: 0.534566
SVM_ECFP的BA值 ：-12.03856242366152
SVM_ECFP :RMSD: 0.934617, P: 0.645927, R^2: 0.409209
SVM_AE_BET的BA值    ：-12.08762048828876
SVM_AE_BET    :RMSD: 0.816539, P: 0.741944, R^2: 0.549058
SVM_AE_ECFP的BA值    ：-11.814812027515982
SVM_AE_ECFP    :RMSD: 0.843666, P: 0.724273, R^2: 0.518598
SVM_BET_ECFP的BA值    ：-11.975039048118738
SVM_BET_ECFP    :RMSD: 0.851325, P: 0.719114, R^2: 0.509818
SVM_AE_BET_ECFP的BA值    ：-11.901138619468163
SVM_AE_BET_ECFP    :RMSD: 0.826551, P: 0.737402, R^2: 0.537932
fold= 6
>>>>>>>>>>>>>training.............
###############################################SVM#####################################################
SVM_BET的BA值：-12.314370958620739
SVM_BET:RMSD: 0.735286, P: 0.775143, R^2: 0.599896
SVM_AE的BA值 ：-12.02567827275667
SVM_AE :RMSD: 0.702303, P: 0.798269, R^2: 0.634986
SVM_ECFP的BA值 ：-12.5426689881932
SVM_ECFP :RMSD: 0.791151, P: 0.733458, R^2: 0.536789
SVM_AE_BET的BA值    ：-12.170024615688703
SVM_AE_BET    :RMSD: 0.704201, P: 0.796445, R^2: 0.633011
SVM_AE_ECFP的BA值    ：-12.284173630474935
SVM_AE_ECFP    :RMSD: 0.709173, P: 0.795102, R^2: 0.627810
SVM_BET_ECFP的BA值    ：-12.428519973406969
SVM_BET_ECFP    :RMSD: 0.726541, P: 0.782827, R^2: 0.609356
SVM_AE_BET_ECFP的BA值    ：-12.294239406523536
SVM_AE_BET_ECFP    :RMSD: 0.702927, P: 0.798682, R^2: 0.634338
fold= 7
>>>>>>>>>>>>>training.............
###############################################SVM#####################################################
SVM_BET的BA值：-12.07557379170905
SVM_BET:RMSD: 0.834777, P: 0.731142, R^2: 0.530128
SVM_AE的BA值 ：-11.755751047993343
SVM_AE :RMSD: 0.803605, P: 0.752844, R^2: 0.564565
SVM_ECFP的BA值 ：-11.76466690237402
SVM_ECFP :RMSD: 0.878670, P: 0.696798, R^2: 0.479417
SVM_AE_BET的BA值    ：-11.905167910399863
SVM_AE_BET    :RMSD: 0.804588, P: 0.752575, R^2: 0.563499
SVM_AE_ECFP的BA值    ：-11.750528596885381
SVM_AE_ECFP    :RMSD: 0.802775, P: 0.756732, R^2: 0.565464
SVM_BET_ECFP的BA值    ：-11.56016381106921
SVM_BET_ECFP    :RMSD: 0.817689, P: 0.745247, R^2: 0.549169
SVM_AE_BET_ECFP的BA值    ：-11.618905971178387
SVM_AE_BET_ECFP    :RMSD: 0.797705, P: 0.759797, R^2: 0.570935
fold= 8
>>>>>>>>>>>>>training.............
###############################################SVM#####################################################
SVM_BET的BA值：-12.180924120800109
SVM_BET:RMSD: 0.849412, P: 0.774865, R^2: 0.590914
SVM_AE的BA值 ：-12.474850575195592
SVM_AE :RMSD: 0.855201, P: 0.774332, R^2: 0.585319
SVM_ECFP的BA值 ：-11.990073008768253
SVM_ECFP :RMSD: 0.900531, P: 0.753838, R^2: 0.540193
SVM_AE_BET的BA值    ：-12.327887347997851
SVM_AE_BET    :RMSD: 0.833850, P: 0.784558, R^2: 0.605766
SVM_AE_ECFP的BA值    ：-11.994638335159859
SVM_AE_ECFP    :RMSD: 0.832324, P: 0.790659, R^2: 0.607208
SVM_BET_ECFP的BA值    ：-11.887340815069502
SVM_BET_ECFP    :RMSD: 0.835300, P: 0.789490, R^2: 0.604394
SVM_AE_BET_ECFP的BA值    ：-12.056733597039942
SVM_AE_BET_ECFP    :RMSD: 0.821879, P: 0.794676, R^2: 0.617005
fold= 9
>>>>>>>>>>>>>training.............
###############################################SVM#####################################################
SVM_BET的BA值：-11.819228404238597
SVM_BET:RMSD: 0.862170, P: 0.703603, R^2: 0.494520
SVM_AE的BA值 ：-11.84017888227893
SVM_AE :RMSD: 0.806927, P: 0.748095, R^2: 0.557221
SVM_ECFP的BA值 ：-11.853805263392655
SVM_ECFP :RMSD: 0.934059, P: 0.638040, R^2: 0.406709
SVM_AE_BET的BA值    ：-11.829703643258764
SVM_AE_BET    :RMSD: 0.818177, P: 0.739414, R^2: 0.544788
SVM_AE_ECFP的BA值    ：-11.785138205703658
SVM_AE_ECFP    :RMSD: 0.833255, P: 0.733270, R^2: 0.527856
SVM_BET_ECFP的BA值    ：-11.799647522295581
SVM_BET_ECFP    :RMSD: 0.860804, P: 0.707112, R^2: 0.496120
SVM_AE_BET_ECFP的BA值    ：-11.796501605215305
SVM_AE_BET_ECFP    :RMSD: 0.826768, P: 0.736709, R^2: 0.535178
fold= 10
>>>>>>>>>>>>>training.............
###############################################SVM#####################################################
SVM_BET的BA值：-12.348376737389291
SVM_BET:RMSD: 0.824961, P: 0.770757, R^2: 0.586799
SVM_AE的BA值 ：-12.338500372660926
SVM_AE :RMSD: 0.829191, P: 0.769003, R^2: 0.582551
SVM_ECFP的BA值 ：-12.458273702130757
SVM_ECFP :RMSD: 0.913466, P: 0.703449, R^2: 0.493383
SVM_AE_BET的BA值    ：-12.34343855502511
SVM_AE_BET    :RMSD: 0.813407, P: 0.778138, R^2: 0.598292
SVM_AE_ECFP的BA值    ：-12.208638153639802
SVM_AE_ECFP    :RMSD: 0.829204, P: 0.766650, R^2: 0.582538
SVM_BET_ECFP的BA值    ：-12.213576336003985
SVM_BET_ECFP    :RMSD: 0.831248, P: 0.765211, R^2: 0.580477
SVM_AE_BET_ECFP的BA值    ：-12.255217681556298
SVM_AE_BET_ECFP    :RMSD: 0.813647, P: 0.777100, R^2: 0.598055
@@@@@@@@@@@@@@@@@@@@@@@@@@@@@@@@@@@@@@@@@@@最终结果@@@@@@@@@@@@@@@@@@@@@@@@@@@@@@@@@@@@@@@@@@@@@@@@@@
@@@@@@@@@@@@@@@@@@@@@@@@@@@@@@@@@@@@@@@@@@@最终结果@@@@@@@@@@@@@@@@@@@@@@@@@@@@@@@@@@@@@@@@@@@@@@@@@@
%%%%%%%%%%%%%%%%%%%%%%%%%%%%%%%%%%%%%%%%%%%SVM%%%%%%%%%%%%%%%%%%%%%%%%%%%%%%%%%%%%%%%%%%%%%%%%%%%%%%
SVM_BET:0-th Final RMSD: 0.805470, Final P: 0.759776, Final R^2: 0.576315
SVM_AE :0-th Final RMSD: 0.800492, Final P: 0.762949, Final R^2: 0.581535
SVM_ECFP :0-th Final RMSD: 0.877429, Final P: 0.707806, Final R^2: 0.497230
SVM_AE_BET    :0-th Final RMSD: 0.786611, Final P: 0.772199, Final R^2: 0.595922
SVM_AE_ECFP    :0-th Final RMSD: 0.798077, Final P: 0.767891, Final R^2: 0.584056
SVM_BET_ECFP    :0-th Final RMSD: 0.802525, Final P: 0.764825, Final R^2: 0.579407
SVM_AE_BET_ECFP    :0-th Final RMSD: 0.784536, Final P: 0.776226, Final R^2: 0.598051
0-th SVM_AE的BA值 ：-12.501481
0-th SVM_BET的BA值：-12.448938
0-th SVM_ECFP的BA值 ：-12.542669
0-th SVM_AE_BET的BA值：-12.451269
0-th SVM_AE_ECFP的BA值    ：-12.284174
0-th SVM_BET_ECFP的BA值    ：-12.428520
0-th SVM_AE_BET_ECFP的BA值    ：-12.294239
total time: 0.08147285574012332 h
