size of data: (503,)
size of train size: 402
SVM parameter
Namespace(dataset='CHEMBL4835', C=10, kernel='rbf', gamma='scale', random_seed=0)
fold= 1
>>>>>>>>>>>>>training.............
###############################################SVM#####################################################
SVM_BET的BA值：-13.049703639938784
SVM_BET:RMSD: 0.885218, P: 0.858235, R^2: 0.727425
SVM_AE的BA值 ：-13.340136404933222
SVM_AE :RMSD: 0.924436, P: 0.847654, R^2: 0.702737
SVM_ECFP的BA值 ：-11.924590813554481
SVM_ECFP :RMSD: 1.024101, P: 0.804307, R^2: 0.635185
SVM_AE_BET的BA值    ：-13.194920022436003
SVM_AE_BET    :RMSD: 0.889322, P: 0.857995, R^2: 0.724891
SVM_AE_ECFP的BA值    ：-12.3790775568832
SVM_AE_ECFP    :RMSD: 0.933982, P: 0.840219, R^2: 0.696567
SVM_BET_ECFP的BA值    ：-12.233861174385982
SVM_BET_ECFP    :RMSD: 0.914143, P: 0.847334, R^2: 0.709320
SVM_AE_BET_ECFP的BA值    ：-12.602619584568396
SVM_AE_BET_ECFP    :RMSD: 0.901142, P: 0.852003, R^2: 0.717529
fold= 2
>>>>>>>>>>>>>training.............
###############################################SVM#####################################################
SVM_BET的BA值：-11.489943301672342
SVM_BET:RMSD: 0.776560, P: 0.859732, R^2: 0.678172
SVM_AE的BA值 ：-11.336190766041124
SVM_AE :RMSD: 0.707334, P: 0.874291, R^2: 0.732993
SVM_ECFP的BA值 ：-11.335381025000677
SVM_ECFP :RMSD: 0.763359, P: 0.873294, R^2: 0.689020
SVM_AE_BET的BA值    ：-11.413067033856734
SVM_AE_BET    :RMSD: 0.716078, P: 0.876169, R^2: 0.726351
SVM_AE_ECFP的BA值    ：-11.160374317300214
SVM_AE_ECFP    :RMSD: 0.679943, P: 0.893032, R^2: 0.753272
SVM_BET_ECFP的BA值    ：-11.237250585115822
SVM_BET_ECFP    :RMSD: 0.716542, P: 0.889868, R^2: 0.725995
SVM_AE_BET_ECFP的BA值    ：-11.270230645424256
SVM_AE_BET_ECFP    :RMSD: 0.688638, P: 0.891843, R^2: 0.746921
fold= 3
>>>>>>>>>>>>>training.............
###############################################SVM#####################################################
SVM_BET的BA值：-10.673918242389906
SVM_BET:RMSD: 0.748591, P: 0.825461, R^2: 0.672364
SVM_AE的BA值 ：-10.689936015879287
SVM_AE :RMSD: 0.752635, P: 0.818650, R^2: 0.668815
SVM_ECFP的BA值 ：-10.788648090559338
SVM_ECFP :RMSD: 0.748289, P: 0.826184, R^2: 0.672628
SVM_AE_BET的BA值    ：-10.662010665497917
SVM_AE_BET    :RMSD: 0.738786, P: 0.827307, R^2: 0.680890
SVM_AE_ECFP的BA值    ：-10.739292053219312
SVM_AE_ECFP    :RMSD: 0.727924, P: 0.832344, R^2: 0.690204
SVM_BET_ECFP的BA值    ：-10.544648841331806
SVM_BET_ECFP    :RMSD: 0.715497, P: 0.839839, R^2: 0.700692
SVM_AE_BET_ECFP的BA值    ：-10.579800257089847
SVM_AE_BET_ECFP    :RMSD: 0.719852, P: 0.836179, R^2: 0.697038
fold= 4
>>>>>>>>>>>>>training.............
###############################################SVM#####################################################
SVM_BET的BA值：-11.213993829303408
SVM_BET:RMSD: 0.919790, P: 0.851789, R^2: 0.695308
SVM_AE的BA值 ：-11.41659952140121
SVM_AE :RMSD: 0.879132, P: 0.864535, R^2: 0.721649
SVM_ECFP的BA值 ：-11.251060198862955
SVM_ECFP :RMSD: 1.059232, P: 0.808673, R^2: 0.595921
SVM_AE_BET的BA值    ：-11.31529667535231
SVM_AE_BET    :RMSD: 0.879661, P: 0.869358, R^2: 0.721314
SVM_AE_ECFP的BA值    ：-11.333829860132083
SVM_AE_ECFP    :RMSD: 0.941433, P: 0.850839, R^2: 0.680800
SVM_BET_ECFP的BA值    ：-11.232527014083182
SVM_BET_ECFP    :RMSD: 0.955444, P: 0.848203, R^2: 0.671228
SVM_AE_BET_ECFP的BA值    ：-11.293884516522525
SVM_AE_BET_ECFP    :RMSD: 0.915972, P: 0.861117, R^2: 0.697832
fold= 5
>>>>>>>>>>>>>training.............
###############################################SVM#####################################################
SVM_BET的BA值：-13.451413384602361
SVM_BET:RMSD: 0.809383, P: 0.895395, R^2: 0.799340
SVM_AE的BA值 ：-13.20304262535614
SVM_AE :RMSD: 0.797722, P: 0.898380, R^2: 0.805080
SVM_ECFP的BA值 ：-11.203569272532167
SVM_ECFP :RMSD: 1.184511, P: 0.767295, R^2: 0.570234
SVM_AE_BET的BA值    ：-13.32722800497925
SVM_AE_BET    :RMSD: 0.782474, P: 0.902790, R^2: 0.812460
SVM_AE_ECFP的BA值    ：-11.66036743174904
SVM_AE_ECFP    :RMSD: 0.910758, P: 0.879441, R^2: 0.745927
SVM_BET_ECFP的BA值    ：-11.78455281137215
SVM_BET_ECFP    :RMSD: 0.906337, P: 0.880034, R^2: 0.748387
SVM_AE_BET_ECFP的BA值    ：-12.257382749366812
SVM_AE_BET_ECFP    :RMSD: 0.840519, P: 0.896205, R^2: 0.783605
fold= 6
>>>>>>>>>>>>>training.............
###############################################SVM#####################################################
SVM_BET的BA值：-11.204192951942348
SVM_BET:RMSD: 1.321931, P: 0.648599, R^2: 0.409075
SVM_AE的BA值 ：-11.314774952264225
SVM_AE :RMSD: 1.224003, P: 0.702839, R^2: 0.493384
SVM_ECFP的BA值 ：-11.158622263761155
SVM_ECFP :RMSD: 1.204993, P: 0.745358, R^2: 0.508998
SVM_AE_BET的BA值    ：-11.259483952103286
SVM_AE_BET    :RMSD: 1.258085, P: 0.685527, R^2: 0.464778
SVM_AE_ECFP的BA值    ：-11.23669860801269
SVM_AE_ECFP    :RMSD: 1.127373, P: 0.772078, R^2: 0.570216
SVM_BET_ECFP的BA值    ：-11.181407607851751
SVM_BET_ECFP    :RMSD: 1.170244, P: 0.766589, R^2: 0.536908
SVM_AE_BET_ECFP的BA值    ：-11.225863389322576
SVM_AE_BET_ECFP    :RMSD: 1.164053, P: 0.756192, R^2: 0.541795
fold= 7
>>>>>>>>>>>>>training.............
###############################################SVM#####################################################
SVM_BET的BA值：-12.959207640308941
SVM_BET:RMSD: 0.695825, P: 0.897263, R^2: 0.801316
SVM_AE的BA值 ：-13.03644767309606
SVM_AE :RMSD: 0.739149, P: 0.883237, R^2: 0.775805
SVM_ECFP的BA值 ：-11.404097069940608
SVM_ECFP :RMSD: 0.894087, P: 0.842815, R^2: 0.671964
SVM_AE_BET的BA值    ：-12.997827656702501
SVM_AE_BET    :RMSD: 0.696957, P: 0.897455, R^2: 0.800669
SVM_AE_ECFP的BA值    ：-12.220272371518334
SVM_AE_ECFP    :RMSD: 0.755799, P: 0.890073, R^2: 0.765590
SVM_BET_ECFP的BA值    ：-12.181652355124776
SVM_BET_ECFP    :RMSD: 0.743917, P: 0.895943, R^2: 0.772903
SVM_AE_BET_ECFP的BA值    ：-12.466584127781871
SVM_AE_BET_ECFP    :RMSD: 0.715827, P: 0.900121, R^2: 0.789729
fold= 8
>>>>>>>>>>>>>training.............
###############################################SVM#####################################################
SVM_BET的BA值：-11.339199461166004
SVM_BET:RMSD: 0.699705, P: 0.884092, R^2: 0.769332
SVM_AE的BA值 ：-11.054721626268211
SVM_AE :RMSD: 0.752452, P: 0.858998, R^2: 0.733244
SVM_ECFP的BA值 ：-11.161542421187034
SVM_ECFP :RMSD: 0.817298, P: 0.836534, R^2: 0.685284
SVM_AE_BET的BA值    ：-11.196960543717108
SVM_AE_BET    :RMSD: 0.711273, P: 0.877982, R^2: 0.761642
SVM_AE_ECFP的BA值    ：-11.019806772706932
SVM_AE_ECFP    :RMSD: 0.748207, P: 0.867070, R^2: 0.736245
SVM_BET_ECFP的BA值    ：-11.225416458433958
SVM_BET_ECFP    :RMSD: 0.704879, P: 0.888523, R^2: 0.765908
SVM_AE_BET_ECFP的BA值    ：-11.12627100219329
SVM_AE_BET_ECFP    :RMSD: 0.709191, P: 0.883592, R^2: 0.763036
fold= 9
>>>>>>>>>>>>>training.............
###############################################SVM#####################################################
SVM_BET的BA值：-11.647379900142468
SVM_BET:RMSD: 0.889942, P: 0.833563, R^2: 0.686803
SVM_AE的BA值 ：-11.580012595233732
SVM_AE :RMSD: 0.912937, P: 0.820788, R^2: 0.670408
SVM_ECFP的BA值 ：-11.788480393360347
SVM_ECFP :RMSD: 1.073827, P: 0.739028, R^2: 0.544002
SVM_AE_BET的BA值    ：-11.598046320273834
SVM_AE_BET    :RMSD: 0.886892, P: 0.833612, R^2: 0.688946
SVM_AE_ECFP的BA值    ：-11.684246494297039
SVM_AE_ECFP    :RMSD: 0.964664, P: 0.798485, R^2: 0.632001
SVM_BET_ECFP的BA值    ：-11.70228021933714
SVM_BET_ECFP    :RMSD: 0.950280, P: 0.805009, R^2: 0.642893
SVM_AE_BET_ECFP的BA值    ：-11.661524344636005
SVM_AE_BET_ECFP    :RMSD: 0.925094, P: 0.817045, R^2: 0.661572
fold= 10
>>>>>>>>>>>>>training.............
###############################################SVM#####################################################
SVM_BET的BA值：-11.528920810555789
SVM_BET:RMSD: 0.876136, P: 0.833877, R^2: 0.694717
SVM_AE的BA值 ：-11.622543628202505
SVM_AE :RMSD: 0.899715, P: 0.823569, R^2: 0.678064
SVM_ECFP的BA值 ：-11.681630552805071
SVM_ECFP :RMSD: 0.926856, P: 0.816977, R^2: 0.658348
SVM_AE_BET的BA值    ：-11.56546566513879
SVM_AE_BET    :RMSD: 0.873643, P: 0.834791, R^2: 0.696452
SVM_AE_ECFP的BA值    ：-11.652087090503787
SVM_AE_ECFP    :RMSD: 0.887737, P: 0.830090, R^2: 0.686579
SVM_BET_ECFP的BA值    ：-11.595009127440072
SVM_BET_ECFP    :RMSD: 0.873707, P: 0.837466, R^2: 0.696407
SVM_AE_BET_ECFP的BA值    ：-11.604187294360884
SVM_AE_BET_ECFP    :RMSD: 0.870671, P: 0.837211, R^2: 0.698514
@@@@@@@@@@@@@@@@@@@@@@@@@@@@@@@@@@@@@@@@@@@最终结果@@@@@@@@@@@@@@@@@@@@@@@@@@@@@@@@@@@@@@@@@@@@@@@@@@
@@@@@@@@@@@@@@@@@@@@@@@@@@@@@@@@@@@@@@@@@@@最终结果@@@@@@@@@@@@@@@@@@@@@@@@@@@@@@@@@@@@@@@@@@@@@@@@@@
%%%%%%%%%%%%%%%%%%%%%%%%%%%%%%%%%%%%%%%%%%%SVM%%%%%%%%%%%%%%%%%%%%%%%%%%%%%%%%%%%%%%%%%%%%%%%%%%%%%%
SVM_BET:0-th Final RMSD: 0.878729, Final P: 0.834419, Final R^2: 0.694949
SVM_AE :0-th Final RMSD: 0.870472, Final P: 0.837213, Final R^2: 0.700655
SVM_ECFP :0-th Final RMSD: 0.981532, Final P: 0.796234, Final R^2: 0.619398
SVM_AE_BET    :0-th Final RMSD: 0.857477, Final P: 0.843147, Final R^2: 0.709526
SVM_AE_ECFP    :0-th Final RMSD: 0.877046, Final P: 0.840695, Final R^2: 0.696117
SVM_BET_ECFP    :0-th Final RMSD: 0.875938, Final P: 0.843263, Final R^2: 0.696884
SVM_AE_BET_ECFP    :0-th Final RMSD: 0.855939, Final P: 0.848499, Final R^2: 0.710567
0-th SVM_AE的BA值 ：-13.340136
0-th SVM_BET的BA值：-13.451413
0-th SVM_ECFP的BA值 ：-11.924591
0-th SVM_AE_BET的BA值：-13.327228
0-th SVM_AE_ECFP的BA值    ：-12.379078
0-th SVM_BET_ECFP的BA值    ：-12.233861
0-th SVM_AE_BET_ECFP的BA值    ：-12.602620
total time: 0.005721492502424452 h
