size of data: (162,)
size of train size: 129
SVM parameter
Namespace(dataset='CHEMBL5247', C=10, kernel='rbf', gamma='scale', random_seed=0)
fold= 1
>>>>>>>>>>>>>training.............
###############################################SVM#####################################################
SVM_BET的BA值：-9.625997785076436
SVM_BET:RMSD: 1.062641, P: 0.345828, R^2: -0.157356
SVM_AE的BA值 ：-10.103726533143755
SVM_AE :RMSD: 0.933535, P: 0.489106, R^2: 0.106787
SVM_ECFP的BA值 ：-10.450231272271614
SVM_ECFP :RMSD: 0.800051, P: 0.611625, R^2: 0.343962
SVM_AE_BET的BA值    ：-9.848868318065863
SVM_AE_BET    :RMSD: 0.989457, P: 0.435574, R^2: -0.003432
SVM_AE_ECFP的BA值    ：-10.142096517399672
SVM_AE_ECFP    :RMSD: 0.847534, P: 0.570931, R^2: 0.263779
SVM_BET_ECFP的BA值    ：-10.038114528674026
SVM_BET_ECFP    :RMSD: 0.909112, P: 0.511554, R^2: 0.152912
SVM_AE_BET_ECFP的BA值    ：-9.97006360662526
SVM_AE_BET_ECFP    :RMSD: 0.910099, P: 0.513243, R^2: 0.151071
fold= 2
>>>>>>>>>>>>>training.............
###############################################SVM#####################################################
SVM_BET的BA值：-10.372761590670489
SVM_BET:RMSD: 0.613545, P: 0.751277, R^2: 0.542214
SVM_AE的BA值 ：-10.23117076521957
SVM_AE :RMSD: 0.593989, P: 0.778609, R^2: 0.570932
SVM_ECFP的BA值 ：-10.381801584810702
SVM_ECFP :RMSD: 0.749715, P: 0.598060, R^2: 0.316464
SVM_AE_BET的BA值    ：-10.16384632214907
SVM_AE_BET    :RMSD: 0.589245, P: 0.777423, R^2: 0.577758
SVM_AE_ECFP的BA值    ：-10.232136361145606
SVM_AE_ECFP    :RMSD: 0.631442, P: 0.718121, R^2: 0.515117
SVM_BET_ECFP的BA值    ：-10.154365243381184
SVM_BET_ECFP    :RMSD: 0.644599, P: 0.703941, R^2: 0.494700
SVM_AE_BET_ECFP的BA值    ：-10.130498649067922
SVM_AE_BET_ECFP    :RMSD: 0.610502, P: 0.740964, R^2: 0.546743
fold= 3
>>>>>>>>>>>>>training.............
###############################################SVM#####################################################
SVM_BET的BA值：-10.981573931430257
SVM_BET:RMSD: 0.823522, P: 0.688406, R^2: 0.449080
SVM_AE的BA值 ：-10.698800338128727
SVM_AE :RMSD: 0.817512, P: 0.700171, R^2: 0.457091
SVM_ECFP的BA值 ：-10.200420539992757
SVM_ECFP :RMSD: 0.965005, P: 0.568534, R^2: 0.243520
SVM_AE_BET的BA值    ：-10.840187134779491
SVM_AE_BET    :RMSD: 0.814052, P: 0.699903, R^2: 0.461678
SVM_AE_ECFP的BA值    ：-10.449610439060741
SVM_AE_ECFP    :RMSD: 0.837649, P: 0.706171, R^2: 0.430016
SVM_BET_ECFP的BA值    ：-10.590997235711507
SVM_BET_ECFP    :RMSD: 0.830580, P: 0.702113, R^2: 0.439595
SVM_AE_BET_ECFP的BA值    ：-10.626931603183914
SVM_AE_BET_ECFP    :RMSD: 0.812339, P: 0.709582, R^2: 0.463941
fold= 4
>>>>>>>>>>>>>training.............
###############################################SVM#####################################################
SVM_BET的BA值：-9.680411261317946
SVM_BET:RMSD: 0.518462, P: 0.684961, R^2: 0.433781
SVM_AE的BA值 ：-9.84197366706895
SVM_AE :RMSD: 0.539094, P: 0.638011, R^2: 0.387818
SVM_ECFP的BA值 ：-10.073026261478063
SVM_ECFP :RMSD: 0.811663, P: 0.529362, R^2: -0.387723
SVM_AE_BET的BA值    ：-9.76119246419345
SVM_AE_BET    :RMSD: 0.515412, P: 0.675885, R^2: 0.440422
SVM_AE_ECFP的BA值    ：-9.826484414512953
SVM_AE_ECFP    :RMSD: 0.607806, P: 0.651083, R^2: 0.221819
SVM_BET_ECFP的BA值    ：-9.709584613771447
SVM_BET_ECFP    :RMSD: 0.623088, P: 0.671330, R^2: 0.182194
SVM_AE_BET_ECFP的BA值    ：-9.66637059836358
SVM_AE_BET_ECFP    :RMSD: 0.565198, P: 0.680729, R^2: 0.327096
fold= 5
>>>>>>>>>>>>>training.............
###############################################SVM#####################################################
SVM_BET的BA值：-10.89851022262992
SVM_BET:RMSD: 0.604835, P: 0.745809, R^2: 0.553882
SVM_AE的BA值 ：-11.134537324149534
SVM_AE :RMSD: 0.578305, P: 0.778573, R^2: 0.592159
SVM_ECFP的BA值 ：-10.73693599697716
SVM_ECFP :RMSD: 0.720068, P: 0.681452, R^2: 0.367699
SVM_AE_BET的BA值    ：-11.016523773389727
SVM_AE_BET    :RMSD: 0.580359, P: 0.771541, R^2: 0.589258
SVM_AE_ECFP的BA值    ：-10.935736660563347
SVM_AE_ECFP    :RMSD: 0.580836, P: 0.785624, R^2: 0.588582
SVM_BET_ECFP的BA值    ：-10.81772310980354
SVM_BET_ECFP    :RMSD: 0.614995, P: 0.764346, R^2: 0.538768
SVM_AE_BET_ECFP的BA值    ：-10.92332784791887
SVM_AE_BET_ECFP    :RMSD: 0.576470, P: 0.784220, R^2: 0.594743
fold= 6
>>>>>>>>>>>>>training.............
###############################################SVM#####################################################
SVM_BET的BA值：-10.339888638965224
SVM_BET:RMSD: 0.754480, P: 0.538169, R^2: 0.140717
SVM_AE的BA值 ：-10.150082511423285
SVM_AE :RMSD: 0.807386, P: 0.429385, R^2: 0.015982
SVM_ECFP的BA值 ：-10.011449618499359
SVM_ECFP :RMSD: 0.765095, P: 0.505884, R^2: 0.116367
SVM_AE_BET的BA值    ：-10.244985575194255
SVM_AE_BET    :RMSD: 0.773735, P: 0.491704, R^2: 0.096297
SVM_AE_ECFP的BA值    ：-10.080766064961322
SVM_AE_ECFP    :RMSD: 0.721874, P: 0.497229, R^2: 0.213383
SVM_BET_ECFP的BA值    ：-10.175669128732292
SVM_BET_ECFP    :RMSD: 0.695178, P: 0.556353, R^2: 0.270488
SVM_AE_BET_ECFP的BA值    ：-10.167140256295957
SVM_AE_BET_ECFP    :RMSD: 0.715361, P: 0.519683, R^2: 0.227512
fold= 7
>>>>>>>>>>>>>training.............
###############################################SVM#####################################################
SVM_BET的BA值：-10.261289201560265
SVM_BET:RMSD: 0.416873, P: 0.839692, R^2: 0.677807
SVM_AE的BA值 ：-10.325264687630373
SVM_AE :RMSD: 0.396609, P: 0.845319, R^2: 0.708368
SVM_ECFP的BA值 ：-10.6709302387835
SVM_ECFP :RMSD: 0.616143, P: 0.779764, R^2: 0.296163
SVM_AE_BET的BA值    ：-10.29327694459532
SVM_AE_BET    :RMSD: 0.392593, P: 0.852057, R^2: 0.714244
SVM_AE_ECFP的BA值    ：-10.498097463206935
SVM_AE_ECFP    :RMSD: 0.456981, P: 0.841975, R^2: 0.612827
SVM_BET_ECFP的BA值    ：-10.466109720171882
SVM_BET_ECFP    :RMSD: 0.488382, P: 0.832999, R^2: 0.557790
SVM_AE_BET_ECFP的BA值    ：-10.41916137599138
SVM_AE_BET_ECFP    :RMSD: 0.433999, P: 0.849049, R^2: 0.650790
fold= 8
>>>>>>>>>>>>>training.............
###############################################SVM#####################################################
SVM_BET的BA值：-10.556260307802367
SVM_BET:RMSD: 0.861357, P: 0.516255, R^2: 0.171256
SVM_AE的BA值 ：-10.710961323939838
SVM_AE :RMSD: 0.835291, P: 0.561495, R^2: 0.220655
SVM_ECFP的BA值 ：-10.914881669464249
SVM_ECFP :RMSD: 1.026656, P: 0.539804, R^2: -0.177344
SVM_AE_BET的BA值    ：-10.633610815871101
SVM_AE_BET    :RMSD: 0.845234, P: 0.542603, R^2: 0.201991
SVM_AE_ECFP的BA值    ：-10.812921496702042
SVM_AE_ECFP    :RMSD: 0.897726, P: 0.570659, R^2: 0.099795
SVM_BET_ECFP的BA值    ：-10.735570988633308
SVM_BET_ECFP    :RMSD: 0.909543, P: 0.548342, R^2: 0.075939
SVM_AE_BET_ECFP的BA值    ：-10.727367767068818
SVM_AE_BET_ECFP    :RMSD: 0.875388, P: 0.557692, R^2: 0.144037
fold= 9
>>>>>>>>>>>>>training.............
###############################################SVM#####################################################
SVM_BET的BA值：-10.124045929682605
SVM_BET:RMSD: 0.762570, P: 0.620272, R^2: -0.030417
SVM_AE的BA值 ：-10.249558995414597
SVM_AE :RMSD: 0.814111, P: 0.675285, R^2: -0.174414
SVM_ECFP的BA值 ：-9.821240110421991
SVM_ECFP :RMSD: 1.164647, P: 0.586259, R^2: -1.403489
SVM_AE_BET的BA值    ：-10.186802462548602
SVM_AE_BET    :RMSD: 0.775042, P: 0.669790, R^2: -0.064397
SVM_AE_ECFP的BA值    ：-10.00410018523937
SVM_AE_ECFP    :RMSD: 0.972544, P: 0.663648, R^2: -0.675992
SVM_BET_ECFP的BA值    ：-9.941343652373373
SVM_BET_ECFP    :RMSD: 0.937877, P: 0.637029, R^2: -0.558638
SVM_AE_BET_ECFP的BA值    ：-10.04408210005378
SVM_AE_BET_ECFP    :RMSD: 0.888437, P: 0.666570, R^2: -0.398643
fold= 10
>>>>>>>>>>>>>training.............
###############################################SVM#####################################################
SVM_BET的BA值：-10.15888040230276
SVM_BET:RMSD: 0.721125, P: 0.428642, R^2: 0.084525
SVM_AE的BA值 ：-10.205163559600528
SVM_AE :RMSD: 0.721015, P: 0.452689, R^2: 0.084806
SVM_ECFP的BA值 ：-10.072120984351448
SVM_ECFP :RMSD: 0.829955, P: 0.216188, R^2: -0.212647
SVM_AE_BET的BA值    ：-10.182021980951644
SVM_AE_BET    :RMSD: 0.711010, P: 0.450598, R^2: 0.110027
SVM_AE_ECFP的BA值    ：-10.106774173755873
SVM_AE_ECFP    :RMSD: 0.743955, P: 0.377151, R^2: 0.025642
SVM_BET_ECFP的BA值    ：-10.075703705949529
SVM_BET_ECFP    :RMSD: 0.741408, P: 0.364801, R^2: 0.032301
SVM_AE_BET_ECFP的BA值    ：-10.118856990499863
SVM_AE_BET_ECFP    :RMSD: 0.723115, P: 0.407425, R^2: 0.079467
@@@@@@@@@@@@@@@@@@@@@@@@@@@@@@@@@@@@@@@@@@@最终结果@@@@@@@@@@@@@@@@@@@@@@@@@@@@@@@@@@@@@@@@@@@@@@@@@@
@@@@@@@@@@@@@@@@@@@@@@@@@@@@@@@@@@@@@@@@@@@最终结果@@@@@@@@@@@@@@@@@@@@@@@@@@@@@@@@@@@@@@@@@@@@@@@@@@
%%%%%%%%%%%%%%%%%%%%%%%%%%%%%%%%%%%%%%%%%%%SVM%%%%%%%%%%%%%%%%%%%%%%%%%%%%%%%%%%%%%%%%%%%%%%%%%%%%%%
SVM_BET:0-th Final RMSD: 0.736964, Final P: 0.597614, Final R^2: 0.349296
SVM_AE :0-th Final RMSD: 0.722392, Final P: 0.618817, Final R^2: 0.374775
SVM_ECFP :0-th Final RMSD: 0.857793, Final P: 0.523037, Final R^2: 0.118433
SVM_AE_BET    :0-th Final RMSD: 0.719925, Final P: 0.619221, Final R^2: 0.379038
SVM_AE_ECFP    :0-th Final RMSD: 0.745717, Final P: 0.612044, Final R^2: 0.333748
SVM_BET_ECFP    :0-th Final RMSD: 0.753874, Final P: 0.600688, Final R^2: 0.319094
SVM_AE_BET_ECFP    :0-th Final RMSD: 0.728017, Final P: 0.619425, Final R^2: 0.365001
0-th SVM_AE的BA值 ：-11.134537
0-th SVM_BET的BA值：-10.981574
0-th SVM_ECFP的BA值 ：-10.914882
0-th SVM_AE_BET的BA值：-11.016524
0-th SVM_AE_ECFP的BA值    ：-10.935737
0-th SVM_BET_ECFP的BA值    ：-10.817723
0-th SVM_AE_BET_ECFP的BA值    ：-10.923328
total time: 0.0013139018085267808 h
