size of data: (473,)
size of train size: 378
SVM parameter
Namespace(dataset='CHEMBL3119', C=10, kernel='rbf', gamma='scale', random_seed=0)
fold= 1
>>>>>>>>>>>>>training.............
###############################################SVM#####################################################
SVM_BET的BA值：-13.40187777841358
SVM_BET:RMSD: 0.943759, P: 0.845017, R^2: 0.606037
SVM_AE的BA值 ：-13.156211950410775
SVM_AE :RMSD: 0.971717, P: 0.832373, R^2: 0.582349
SVM_ECFP的BA值 ：-13.303461500605895
SVM_ECFP :RMSD: 1.246587, P: 0.787808, R^2: 0.312649
SVM_AE_BET的BA值    ：-13.279044864412178
SVM_AE_BET    :RMSD: 0.940185, P: 0.844933, R^2: 0.609015
SVM_AE_ECFP的BA值    ：-13.068033861835682
SVM_AE_ECFP    :RMSD: 1.063890, P: 0.827074, R^2: 0.499359
SVM_BET_ECFP的BA值    ：-13.122094574198263
SVM_BET_ECFP    :RMSD: 1.047811, P: 0.836497, R^2: 0.514377
SVM_AE_BET_ECFP的BA值    ：-13.086046561627752
SVM_AE_BET_ECFP    :RMSD: 1.003659, P: 0.841144, R^2: 0.554441
fold= 2
>>>>>>>>>>>>>training.............
###############################################SVM#####################################################
SVM_BET的BA值：-12.800844718168317
SVM_BET:RMSD: 0.894030, P: 0.866430, R^2: 0.745144
SVM_AE的BA值 ：-12.91875656128898
SVM_AE :RMSD: 0.828106, P: 0.885727, R^2: 0.781343
SVM_ECFP的BA值 ：-13.293349065779154
SVM_ECFP :RMSD: 0.895211, P: 0.863448, R^2: 0.744470
SVM_AE_BET的BA值    ：-12.684028152269484
SVM_AE_BET    :RMSD: 0.835599, P: 0.884982, R^2: 0.777368
SVM_AE_ECFP的BA值    ：-13.106052813534067
SVM_AE_ECFP    :RMSD: 0.790801, P: 0.895877, R^2: 0.800600
SVM_BET_ECFP的BA值    ：-12.87132440451457
SVM_BET_ECFP    :RMSD: 0.820154, P: 0.888303, R^2: 0.785522
SVM_AE_BET_ECFP的BA值    ：-12.887135123439373
SVM_AE_BET_ECFP    :RMSD: 0.795720, P: 0.896107, R^2: 0.798112
fold= 3
>>>>>>>>>>>>>training.............
###############################################SVM#####################################################
SVM_BET的BA值：-13.14740923143674
SVM_BET:RMSD: 0.854779, P: 0.852633, R^2: 0.723018
SVM_AE的BA值 ：-13.227988324347283
SVM_AE :RMSD: 0.862548, P: 0.849244, R^2: 0.717959
SVM_ECFP的BA值 ：-13.145837968413096
SVM_ECFP :RMSD: 1.023805, P: 0.799891, R^2: 0.602645
SVM_AE_BET的BA值    ：-13.141659030911764
SVM_AE_BET    :RMSD: 0.848305, P: 0.854786, R^2: 0.727197
SVM_AE_ECFP的BA值    ：-13.186913146380189
SVM_AE_ECFP    :RMSD: 0.899364, P: 0.840883, R^2: 0.693369
SVM_BET_ECFP的BA值    ：-13.10058385294467
SVM_BET_ECFP    :RMSD: 0.897842, P: 0.841905, R^2: 0.694406
SVM_AE_BET_ECFP的BA值    ：-13.143052010078875
SVM_AE_BET_ECFP    :RMSD: 0.870222, P: 0.850036, R^2: 0.712919
fold= 4
>>>>>>>>>>>>>training.............
###############################################SVM#####################################################
SVM_BET的BA值：-12.915766272838436
SVM_BET:RMSD: 1.102194, P: 0.666682, R^2: 0.415198
SVM_AE的BA值 ：-13.398463933075316
SVM_AE :RMSD: 1.036503, P: 0.705813, R^2: 0.482829
SVM_ECFP的BA值 ：-13.576781230303194
SVM_ECFP :RMSD: 1.008596, P: 0.737004, R^2: 0.510303
SVM_AE_BET的BA值    ：-13.157115102956876
SVM_AE_BET    :RMSD: 1.048523, P: 0.698026, R^2: 0.470765
SVM_AE_ECFP的BA值    ：-13.487622581689255
SVM_AE_ECFP    :RMSD: 0.975651, P: 0.739510, R^2: 0.541772
SVM_BET_ECFP的BA值    ：-13.246273751570815
SVM_BET_ECFP    :RMSD: 0.992889, P: 0.728180, R^2: 0.525437
SVM_AE_BET_ECFP的BA值    ：-13.297003812072314
SVM_AE_BET_ECFP    :RMSD: 0.991186, P: 0.728488, R^2: 0.527063
fold= 5
>>>>>>>>>>>>>training.............
###############################################SVM#####################################################
SVM_BET的BA值：-12.032887469559615
SVM_BET:RMSD: 1.018066, P: 0.788169, R^2: 0.594511
SVM_AE的BA值 ：-12.292884908936452
SVM_AE :RMSD: 1.029165, P: 0.792350, R^2: 0.585622
SVM_ECFP的BA值 ：-12.703917355791972
SVM_ECFP :RMSD: 1.203389, P: 0.734353, R^2: 0.433449
SVM_AE_BET的BA值    ：-12.162886189248034
SVM_AE_BET    :RMSD: 1.000154, P: 0.802163, R^2: 0.608654
SVM_AE_ECFP的BA值    ：-12.389912326053764
SVM_AE_ECFP    :RMSD: 1.067479, P: 0.789450, R^2: 0.554194
SVM_BET_ECFP的BA值    ：-12.259913606365345
SVM_BET_ECFP    :RMSD: 1.051182, P: 0.791489, R^2: 0.567703
SVM_AE_BET_ECFP的BA值    ：-12.270904040555713
SVM_AE_BET_ECFP    :RMSD: 1.023905, P: 0.802548, R^2: 0.589847
fold= 6
>>>>>>>>>>>>>training.............
###############################################SVM#####################################################
SVM_BET的BA值：-12.874399547972086
SVM_BET:RMSD: 1.000673, P: 0.860638, R^2: 0.700007
SVM_AE的BA值 ：-12.762335440275093
SVM_AE :RMSD: 0.969517, P: 0.881277, R^2: 0.718397
SVM_ECFP的BA值 ：-13.245966502363839
SVM_ECFP :RMSD: 0.957631, P: 0.863836, R^2: 0.725259
SVM_AE_BET的BA值    ：-12.818367494123589
SVM_AE_BET    :RMSD: 0.969022, P: 0.874142, R^2: 0.718684
SVM_AE_ECFP的BA值    ：-12.994922036147187
SVM_AE_ECFP    :RMSD: 0.930696, P: 0.882548, R^2: 0.740496
SVM_BET_ECFP的BA值    ：-12.998706034909965
SVM_BET_ECFP    :RMSD: 0.938068, P: 0.874391, R^2: 0.736370
SVM_AE_BET_ECFP的BA值    ：-12.913763213250157
SVM_AE_BET_ECFP    :RMSD: 0.935849, P: 0.879904, R^2: 0.737615
fold= 7
>>>>>>>>>>>>>training.............
###############################################SVM#####################################################
SVM_BET的BA值：-13.129659616653896
SVM_BET:RMSD: 0.829253, P: 0.885647, R^2: 0.772248
SVM_AE的BA值 ：-13.488706555161208
SVM_AE :RMSD: 0.801289, P: 0.892680, R^2: 0.787350
SVM_ECFP的BA值 ：-13.364329054275558
SVM_ECFP :RMSD: 0.954183, P: 0.870391, R^2: 0.698455
SVM_AE_BET的BA值    ：-13.309183085907552
SVM_AE_BET    :RMSD: 0.803867, P: 0.893590, R^2: 0.785979
SVM_AE_ECFP的BA值    ：-13.328187487235596
SVM_AE_ECFP    :RMSD: 0.801951, P: 0.899862, R^2: 0.786998
SVM_BET_ECFP的BA值    ：-13.14866401798194
SVM_BET_ECFP    :RMSD: 0.830284, P: 0.892047, R^2: 0.771681
SVM_AE_BET_ECFP的BA值    ：-13.262011530375029
SVM_AE_BET_ECFP    :RMSD: 0.794048, P: 0.899673, R^2: 0.791176
fold= 8
>>>>>>>>>>>>>training.............
###############################################SVM#####################################################
SVM_BET的BA值：-13.083330196813073
SVM_BET:RMSD: 0.791678, P: 0.909169, R^2: 0.795528
SVM_AE的BA值 ：-13.13590899423016
SVM_AE :RMSD: 0.660679, P: 0.939204, R^2: 0.857597
SVM_ECFP的BA值 ：-12.897032205176775
SVM_ECFP :RMSD: 0.837597, P: 0.882669, R^2: 0.771120
SVM_AE_BET的BA值    ：-13.109619595521616
SVM_AE_BET    :RMSD: 0.710914, P: 0.929642, R^2: 0.835119
SVM_AE_ECFP的BA值    ：-13.016470599703467
SVM_AE_ECFP    :RMSD: 0.686114, P: 0.931557, R^2: 0.846422
SVM_BET_ECFP的BA值    ：-12.990181200994924
SVM_BET_ECFP    :RMSD: 0.749389, P: 0.916716, R^2: 0.816789
SVM_AE_BET_ECFP的BA值    ：-13.038757132073336
SVM_AE_BET_ECFP    :RMSD: 0.698102, P: 0.931201, R^2: 0.841008
fold= 9
>>>>>>>>>>>>>training.............
###############################################SVM#####################################################
SVM_BET的BA值：-12.225068828445332
SVM_BET:RMSD: 0.899926, P: 0.845908, R^2: 0.713507
SVM_AE的BA值 ：-12.51763082627775
SVM_AE :RMSD: 0.880165, P: 0.853623, R^2: 0.725951
SVM_ECFP的BA值 ：-12.531119570728258
SVM_ECFP :RMSD: 0.912066, P: 0.865806, R^2: 0.705726
SVM_AE_BET的BA值    ：-12.371349827361541
SVM_AE_BET    :RMSD: 0.875356, P: 0.855558, R^2: 0.728938
SVM_AE_ECFP的BA值    ：-12.466282732600607
SVM_AE_ECFP    :RMSD: 0.828840, P: 0.883517, R^2: 0.756980
SVM_BET_ECFP的BA值    ：-12.283994821903445
SVM_BET_ECFP    :RMSD: 0.828325, P: 0.883863, R^2: 0.757282
SVM_AE_BET_ECFP的BA值    ：-12.332185801184997
SVM_AE_BET_ECFP    :RMSD: 0.826032, P: 0.880537, R^2: 0.758624
fold= 10
>>>>>>>>>>>>>training.............
###############################################SVM#####################################################
SVM_BET的BA值：-12.740762193283484
SVM_BET:RMSD: 0.958831, P: 0.812332, R^2: 0.612318
SVM_AE的BA值 ：-12.85015377825948
SVM_AE :RMSD: 0.827861, P: 0.852302, R^2: 0.710995
SVM_ECFP的BA值 ：-13.009872567654726
SVM_ECFP :RMSD: 1.172422, P: 0.738454, R^2: 0.420359
SVM_AE_BET的BA值    ：-12.71009061126017
SVM_AE_BET    :RMSD: 0.869797, P: 0.840937, R^2: 0.680973
SVM_AE_ECFP的BA值    ：-12.930013172957104
SVM_AE_ECFP    :RMSD: 0.954873, P: 0.818302, R^2: 0.615512
SVM_BET_ECFP的BA值    ：-12.789950005957792
SVM_BET_ECFP    :RMSD: 1.023877, P: 0.794782, R^2: 0.557934
SVM_AE_BET_ECFP的BA值    ：-12.810017930058356
SVM_AE_BET_ECFP    :RMSD: 0.936147, P: 0.823641, R^2: 0.630445
@@@@@@@@@@@@@@@@@@@@@@@@@@@@@@@@@@@@@@@@@@@最终结果@@@@@@@@@@@@@@@@@@@@@@@@@@@@@@@@@@@@@@@@@@@@@@@@@@
@@@@@@@@@@@@@@@@@@@@@@@@@@@@@@@@@@@@@@@@@@@最终结果@@@@@@@@@@@@@@@@@@@@@@@@@@@@@@@@@@@@@@@@@@@@@@@@@@
%%%%%%%%%%%%%%%%%%%%%%%%%%%%%%%%%%%%%%%%%%%SVM%%%%%%%%%%%%%%%%%%%%%%%%%%%%%%%%%%%%%%%%%%%%%%%%%%%%%%
SVM_BET:0-th Final RMSD: 0.933423, Final P: 0.832304, Final R^2: 0.692266
SVM_AE :0-th Final RMSD: 0.893622, Final P: 0.847535, Final R^2: 0.717949
SVM_ECFP :0-th Final RMSD: 1.030010, Final P: 0.807787, Final R^2: 0.625285
SVM_AE_BET    :0-th Final RMSD: 0.895139, Final P: 0.847093, Final R^2: 0.716992
SVM_AE_ECFP    :0-th Final RMSD: 0.907653, Final P: 0.847125, Final R^2: 0.709023
SVM_BET_ECFP    :0-th Final RMSD: 0.923754, Final P: 0.841048, Final R^2: 0.698608
SVM_AE_BET_ECFP    :0-th Final RMSD: 0.893368, Final P: 0.850589, Final R^2: 0.718110
0-th SVM_AE的BA值 ：-13.488707
0-th SVM_BET的BA值：-13.401878
0-th SVM_ECFP的BA值 ：-13.576781
0-th SVM_AE_BET的BA值：-13.309183
0-th SVM_AE_ECFP的BA值    ：-13.487623
0-th SVM_BET_ECFP的BA值    ：-13.246274
0-th SVM_AE_BET_ECFP的BA值    ：-13.297004
total time: 0.005263826913303799 h
