size of data: (130,)
size of train size: 104
SVM parameter
Namespace(dataset='CHEMBL5378', C=10, kernel='rbf', gamma='scale', random_seed=0)
fold= 1
>>>>>>>>>>>>>training.............
###############################################SVM#####################################################
SVM_BET的BA值：-8.47853027413004
SVM_BET:RMSD: 0.966012, P: 0.601990, R^2: 0.337869
SVM_AE的BA值 ：-8.324307707983216
SVM_AE :RMSD: 0.984549, P: 0.579069, R^2: 0.312214
SVM_ECFP的BA值 ：-8.877816969897566
SVM_ECFP :RMSD: 0.728889, P: 0.872185, R^2: 0.623034
SVM_AE_BET的BA值    ：-8.401418991056628
SVM_AE_BET    :RMSD: 0.972620, P: 0.595315, R^2: 0.328779
SVM_AE_ECFP的BA值    ：-8.372837556425473
SVM_AE_ECFP    :RMSD: 0.846301, P: 0.771945, R^2: 0.491807
SVM_BET_ECFP的BA值    ：-8.44008592607585
SVM_BET_ECFP    :RMSD: 0.839638, P: 0.776687, R^2: 0.499778
SVM_AE_BET_ECFP的BA值    ：-8.394680345098605
SVM_AE_BET_ECFP    :RMSD: 0.884121, P: 0.724407, R^2: 0.445371
fold= 2
>>>>>>>>>>>>>training.............
###############################################SVM#####################################################
SVM_BET的BA值：-9.215710669046945
SVM_BET:RMSD: 0.723845, P: 0.570340, R^2: 0.228775
SVM_AE的BA值 ：-8.297122109026606
SVM_AE :RMSD: 0.705728, P: 0.523046, R^2: 0.266897
SVM_ECFP的BA值 ：-8.38209264785886
SVM_ECFP :RMSD: 0.650702, P: 0.638216, R^2: 0.376762
SVM_AE_BET的BA值    ：-8.756416389036776
SVM_AE_BET    :RMSD: 0.679401, P: 0.576257, R^2: 0.320575
SVM_AE_ECFP的BA值    ：-8.009747118119376
SVM_AE_ECFP    :RMSD: 0.637458, P: 0.654113, R^2: 0.401873
SVM_BET_ECFP的BA值    ：-8.443447456905925
SVM_BET_ECFP    :RMSD: 0.640687, P: 0.656739, R^2: 0.395798
SVM_AE_BET_ECFP的BA值    ：-8.394672340946153
SVM_AE_BET_ECFP    :RMSD: 0.638423, P: 0.644541, R^2: 0.400061
fold= 3
>>>>>>>>>>>>>training.............
###############################################SVM#####################################################
SVM_BET的BA值：-9.183159512967483
SVM_BET:RMSD: 0.652177, P: 0.889146, R^2: 0.733999
SVM_AE的BA值 ：-8.717358117704936
SVM_AE :RMSD: 0.796758, P: 0.813195, R^2: 0.602987
SVM_ECFP的BA值 ：-8.655404392266647
SVM_ECFP :RMSD: 0.775636, P: 0.879542, R^2: 0.623757
SVM_AE_BET的BA值    ：-8.950258815336209
SVM_AE_BET    :RMSD: 0.719866, P: 0.860364, R^2: 0.675918
SVM_AE_ECFP的BA值    ：-8.643634693244472
SVM_AE_ECFP    :RMSD: 0.770721, P: 0.864655, R^2: 0.628511
SVM_BET_ECFP的BA值    ：-8.876535390875745
SVM_BET_ECFP    :RMSD: 0.697289, P: 0.899691, R^2: 0.695928
SVM_AE_BET_ECFP的BA值    ：-8.82347629981881
SVM_AE_BET_ECFP    :RMSD: 0.725101, P: 0.879083, R^2: 0.671187
fold= 4
>>>>>>>>>>>>>training.............
###############################################SVM#####################################################
SVM_BET的BA值：-8.715890261675725
SVM_BET:RMSD: 0.868484, P: 0.726943, R^2: 0.037449
SVM_AE的BA值 ：-8.929153777828098
SVM_AE :RMSD: 0.753354, P: 0.780487, R^2: 0.275734
SVM_ECFP的BA值 ：-8.912778728832693
SVM_ECFP :RMSD: 0.962364, P: 0.777229, R^2: -0.181894
SVM_AE_BET的BA值    ：-8.822522019751911
SVM_AE_BET    :RMSD: 0.785448, P: 0.791133, R^2: 0.212709
SVM_AE_ECFP的BA值    ：-8.920966253330395
SVM_AE_ECFP    :RMSD: 0.846026, P: 0.788867, R^2: 0.086587
SVM_BET_ECFP的BA值    ：-8.814334495254208
SVM_BET_ECFP    :RMSD: 0.887232, P: 0.792431, R^2: -0.004557
SVM_AE_BET_ECFP的BA值    ：-8.852607589445505
SVM_AE_BET_ECFP    :RMSD: 0.832101, P: 0.801231, R^2: 0.116408
fold= 5
>>>>>>>>>>>>>training.............
###############################################SVM#####################################################
SVM_BET的BA值：-9.054069493779872
SVM_BET:RMSD: 0.747042, P: 0.820836, R^2: 0.581199
SVM_AE的BA值 ：-8.98233197124448
SVM_AE :RMSD: 0.717775, P: 0.820662, R^2: 0.613371
SVM_ECFP的BA值 ：-8.704011936241645
SVM_ECFP :RMSD: 0.805210, P: 0.728386, R^2: 0.513440
SVM_AE_BET的BA值    ：-9.018200732512177
SVM_AE_BET    :RMSD: 0.722600, P: 0.825888, R^2: 0.608156
SVM_AE_ECFP的BA值    ：-8.843171953743063
SVM_AE_ECFP    :RMSD: 0.728937, P: 0.808232, R^2: 0.601253
SVM_BET_ECFP的BA值    ：-8.87904071501076
SVM_BET_ECFP    :RMSD: 0.739517, P: 0.802194, R^2: 0.589593
SVM_AE_BET_ECFP的BA值    ：-8.913471133755333
SVM_AE_BET_ECFP    :RMSD: 0.721103, P: 0.818957, R^2: 0.609777
fold= 6
>>>>>>>>>>>>>training.............
###############################################SVM#####################################################
SVM_BET的BA值：-8.930352565667597
SVM_BET:RMSD: 0.816073, P: 0.575301, R^2: 0.325197
SVM_AE的BA值 ：-8.471727803627909
SVM_AE :RMSD: 0.782638, P: 0.669341, R^2: 0.379359
SVM_ECFP的BA值 ：-8.68266475806048
SVM_ECFP :RMSD: 1.001916, P: 0.292325, R^2: -0.017142
SVM_AE_BET的BA值    ：-8.701040184647752
SVM_AE_BET    :RMSD: 0.784474, P: 0.634750, R^2: 0.376444
SVM_AE_ECFP的BA值    ：-8.577196280844195
SVM_AE_ECFP    :RMSD: 0.853789, P: 0.538978, R^2: 0.261381
SVM_BET_ECFP的BA值    ：-8.806508661864038
SVM_BET_ECFP    :RMSD: 0.855994, P: 0.516082, R^2: 0.257561
SVM_AE_BET_ECFP的BA值    ：-8.694915042451996
SVM_AE_BET_ECFP    :RMSD: 0.818263, P: 0.591545, R^2: 0.321570
fold= 7
>>>>>>>>>>>>>training.............
###############################################SVM#####################################################
SVM_BET的BA值：-8.149816313698645
SVM_BET:RMSD: 0.844019, P: 0.262179, R^2: -0.061353
SVM_AE的BA值 ：-8.721050310626929
SVM_AE :RMSD: 0.800315, P: 0.368781, R^2: 0.045717
SVM_ECFP的BA值 ：-8.470401239839362
SVM_ECFP :RMSD: 0.994207, P: 0.073427, R^2: -0.472683
SVM_AE_BET的BA值    ：-8.435433312162786
SVM_AE_BET    :RMSD: 0.809287, P: 0.331648, R^2: 0.024199
SVM_AE_ECFP的BA值    ：-8.595725775233145
SVM_AE_ECFP    :RMSD: 0.865548, P: 0.244421, R^2: -0.116190
SVM_BET_ECFP的BA值    ：-8.310108776769003
SVM_BET_ECFP    :RMSD: 0.895124, P: 0.177015, R^2: -0.193774
SVM_AE_BET_ECFP的BA值    ：-8.447089288054977
SVM_AE_BET_ECFP    :RMSD: 0.848538, P: 0.259358, R^2: -0.072749
fold= 8
>>>>>>>>>>>>>training.............
###############################################SVM#####################################################
SVM_BET的BA值：-9.69325155624784
SVM_BET:RMSD: 0.917103, P: 0.492306, R^2: -0.026119
SVM_AE的BA值 ：-9.49462268772874
SVM_AE :RMSD: 0.944957, P: 0.459162, R^2: -0.089395
SVM_ECFP的BA值 ：-9.161001891922696
SVM_ECFP :RMSD: 0.975510, P: 0.368961, R^2: -0.160981
SVM_AE_BET的BA值    ：-9.59393712198829
SVM_AE_BET    :RMSD: 0.922168, P: 0.481131, R^2: -0.037485
SVM_AE_ECFP的BA值    ：-9.327812289825719
SVM_AE_ECFP    :RMSD: 0.939911, P: 0.418151, R^2: -0.077792
SVM_BET_ECFP的BA值    ：-9.42712672408527
SVM_BET_ECFP    :RMSD: 0.930200, P: 0.436674, R^2: -0.055636
SVM_AE_BET_ECFP的BA值    ：-9.449625378633092
SVM_AE_BET_ECFP    :RMSD: 0.925608, P: 0.447073, R^2: -0.045240
fold= 9
>>>>>>>>>>>>>training.............
###############################################SVM#####################################################
SVM_BET的BA值：-9.813016114641082
SVM_BET:RMSD: 0.900827, P: 0.598489, R^2: 0.066149
SVM_AE的BA值 ：-9.752684045792023
SVM_AE :RMSD: 0.922671, P: 0.552463, R^2: 0.020311
SVM_ECFP的BA值 ：-8.921001397852939
SVM_ECFP :RMSD: 0.680858, P: 0.742392, R^2: 0.466532
SVM_AE_BET的BA值    ：-9.782850080216551
SVM_AE_BET    :RMSD: 0.893921, P: 0.585490, R^2: 0.080413
SVM_AE_ECFP的BA值    ：-9.310909092974113
SVM_AE_ECFP    :RMSD: 0.756956, P: 0.671623, R^2: 0.340619
SVM_BET_ECFP的BA值    ：-9.341075127398643
SVM_BET_ECFP    :RMSD: 0.750577, P: 0.686151, R^2: 0.351687
SVM_AE_BET_ECFP的BA值    ：-9.478278100196436
SVM_AE_BET_ECFP    :RMSD: 0.789894, P: 0.651932, R^2: 0.281987
fold= 10
>>>>>>>>>>>>>training.............
###############################################SVM#####################################################
SVM_BET的BA值：-8.460394085397462
SVM_BET:RMSD: 1.536824, P: 0.261410, R^2: 0.062024
SVM_AE的BA值 ：-8.390896138062935
SVM_AE :RMSD: 1.665722, P: -0.003908, R^2: -0.101917
SVM_ECFP的BA值 ：-8.52153306522525
SVM_ECFP :RMSD: 1.461405, P: 0.408287, R^2: 0.151826
SVM_AE_BET的BA值    ：-8.425645111730198
SVM_AE_BET    :RMSD: 1.595738, P: 0.137281, R^2: -0.011269
SVM_AE_ECFP的BA值    ：-8.456214601644092
SVM_AE_ECFP    :RMSD: 1.556530, P: 0.213054, R^2: 0.037814
SVM_BET_ECFP的BA值    ：-8.490963575311357
SVM_BET_ECFP    :RMSD: 1.491160, P: 0.344150, R^2: 0.116936
SVM_AE_BET_ECFP的BA值    ：-8.457607762895217
SVM_AE_BET_ECFP    :RMSD: 1.545558, P: 0.235450, R^2: 0.051332
@@@@@@@@@@@@@@@@@@@@@@@@@@@@@@@@@@@@@@@@@@@最终结果@@@@@@@@@@@@@@@@@@@@@@@@@@@@@@@@@@@@@@@@@@@@@@@@@@
@@@@@@@@@@@@@@@@@@@@@@@@@@@@@@@@@@@@@@@@@@@最终结果@@@@@@@@@@@@@@@@@@@@@@@@@@@@@@@@@@@@@@@@@@@@@@@@@@
%%%%%%%%%%%%%%%%%%%%%%%%%%%%%%%%%%%%%%%%%%%SVM%%%%%%%%%%%%%%%%%%%%%%%%%%%%%%%%%%%%%%%%%%%%%%%%%%%%%%
SVM_BET:0-th Final RMSD: 0.926690, Final P: 0.569901, Final R^2: 0.314585
SVM_AE :0-th Final RMSD: 0.946408, Final P: 0.540081, Final R^2: 0.285106
SVM_ECFP :0-th Final RMSD: 0.931342, Final P: 0.555178, Final R^2: 0.307685
SVM_AE_BET    :0-th Final RMSD: 0.923638, Final P: 0.568484, Final R^2: 0.319091
SVM_AE_ECFP    :0-th Final RMSD: 0.912197, Final P: 0.579755, Final R^2: 0.335856
SVM_BET_ECFP    :0-th Final RMSD: 0.901217, Final P: 0.593272, Final R^2: 0.351748
SVM_AE_BET_ECFP    :0-th Final RMSD: 0.904788, Final P: 0.588914, Final R^2: 0.346601
0-th SVM_AE的BA值 ：-9.752684
0-th SVM_BET的BA值：-9.813016
0-th SVM_ECFP的BA值 ：-9.161002
0-th SVM_AE_BET的BA值：-9.782850
0-th SVM_AE_ECFP的BA值    ：-9.327812
0-th SVM_BET_ECFP的BA值    ：-9.427127
0-th SVM_AE_BET_ECFP的BA值    ：-9.478278
total time: 0.0010223225090238784 h
