size of data: (301,)
size of train size: 240
SVM parameter
Namespace(dataset='CHEMBL3100', C=10, kernel='rbf', gamma='scale', random_seed=0)
fold= 1
>>>>>>>>>>>>>training.............
###############################################SVM#####################################################
SVM_BET的BA值：-11.855310873833812
SVM_BET:RMSD: 0.470606, P: 0.893288, R^2: 0.769128
SVM_AE的BA值 ：-11.741179015991037
SVM_AE :RMSD: 0.442043, P: 0.913907, R^2: 0.796303
SVM_ECFP的BA值 ：-11.912944577910629
SVM_ECFP :RMSD: 0.785438, P: 0.725997, R^2: 0.356897
SVM_AE_BET的BA值    ：-11.798244944912424
SVM_AE_BET    :RMSD: 0.442285, P: 0.914207, R^2: 0.796079
SVM_AE_ECFP的BA值    ：-11.827061796950833
SVM_AE_ECFP    :RMSD: 0.586048, P: 0.877314, R^2: 0.641966
SVM_BET_ECFP的BA值    ：-11.88412772587222
SVM_BET_ECFP    :RMSD: 0.600505, P: 0.857761, R^2: 0.624085
SVM_AE_BET_ECFP的BA值    ：-11.836478155911825
SVM_AE_BET_ECFP    :RMSD: 0.533845, P: 0.893452, R^2: 0.702911
fold= 2
>>>>>>>>>>>>>training.............
###############################################SVM#####################################################
SVM_BET的BA值：-11.778911264744353
SVM_BET:RMSD: 0.745129, P: 0.627773, R^2: 0.267015
SVM_AE的BA值 ：-11.621131026293225
SVM_AE :RMSD: 0.742779, P: 0.634339, R^2: 0.271630
SVM_ECFP的BA值 ：-11.676818728425584
SVM_ECFP :RMSD: 0.652429, P: 0.680267, R^2: 0.438049
SVM_AE_BET的BA值    ：-11.70002114551879
SVM_AE_BET    :RMSD: 0.736106, P: 0.636412, R^2: 0.284658
SVM_AE_ECFP的BA值    ：-11.630822914501497
SVM_AE_ECFP    :RMSD: 0.657743, P: 0.677457, R^2: 0.428856
SVM_BET_ECFP的BA值    ：-11.600302123730458
SVM_BET_ECFP    :RMSD: 0.647835, P: 0.683259, R^2: 0.445934
SVM_AE_BET_ECFP的BA值    ：-11.60724509125138
SVM_AE_BET_ECFP    :RMSD: 0.670329, P: 0.670669, R^2: 0.406789
fold= 3
>>>>>>>>>>>>>training.............
###############################################SVM#####################################################
SVM_BET的BA值：-12.17605269945232
SVM_BET:RMSD: 0.570292, P: 0.780764, R^2: 0.541106
SVM_AE的BA值 ：-12.061665819403782
SVM_AE :RMSD: 0.530563, P: 0.796810, R^2: 0.602815
SVM_ECFP的BA值 ：-11.539693162340933
SVM_ECFP :RMSD: 0.593327, P: 0.718935, R^2: 0.503285
SVM_AE_BET的BA值    ：-12.118859259428051
SVM_AE_BET    :RMSD: 0.539394, P: 0.794965, R^2: 0.589483
SVM_AE_ECFP的BA值    ：-11.739799071319691
SVM_AE_ECFP    :RMSD: 0.525652, P: 0.781637, R^2: 0.610133
SVM_BET_ECFP的BA值    ：-11.796992511343962
SVM_BET_ECFP    :RMSD: 0.531571, P: 0.777774, R^2: 0.601304
SVM_AE_BET_ECFP的BA值    ：-11.8852169473639
SVM_AE_BET_ECFP    :RMSD: 0.520740, P: 0.790597, R^2: 0.617386
fold= 4
>>>>>>>>>>>>>training.............
###############################################SVM#####################################################
SVM_BET的BA值：-11.640215416396742
SVM_BET:RMSD: 0.809632, P: 0.748705, R^2: 0.520911
SVM_AE的BA值 ：-11.717680731503146
SVM_AE :RMSD: 0.785790, P: 0.769898, R^2: 0.548713
SVM_ECFP的BA值 ：-11.843909243106154
SVM_ECFP :RMSD: 0.986832, P: 0.679223, R^2: 0.288252
SVM_AE_BET的BA值    ：-11.678948073949943
SVM_AE_BET    :RMSD: 0.790621, P: 0.768682, R^2: 0.543146
SVM_AE_ECFP的BA值    ：-11.74546149975227
SVM_AE_ECFP    :RMSD: 0.839333, P: 0.772066, R^2: 0.485116
SVM_BET_ECFP的BA值    ：-11.70672884219907
SVM_BET_ECFP    :RMSD: 0.857276, P: 0.752612, R^2: 0.462867
SVM_AE_BET_ECFP的BA值    ：-11.710379471967094
SVM_AE_BET_ECFP    :RMSD: 0.817254, P: 0.776224, R^2: 0.511849
fold= 5
>>>>>>>>>>>>>training.............
###############################################SVM#####################################################
SVM_BET的BA值：-11.990322150179713
SVM_BET:RMSD: 0.746581, P: 0.758482, R^2: 0.566613
SVM_AE的BA值 ：-11.827780490538302
SVM_AE :RMSD: 0.725375, P: 0.775288, R^2: 0.590883
SVM_ECFP的BA值 ：-12.011503188832329
SVM_ECFP :RMSD: 0.884862, P: 0.667145, R^2: 0.391201
SVM_AE_BET的BA值    ：-11.900900214589413
SVM_AE_BET    :RMSD: 0.725977, P: 0.772948, R^2: 0.590203
SVM_AE_ECFP的BA值    ：-11.91149073391572
SVM_AE_ECFP    :RMSD: 0.765329, P: 0.744444, R^2: 0.544573
SVM_BET_ECFP的BA值    ：-12.000912669506022
SVM_BET_ECFP    :RMSD: 0.765060, P: 0.744078, R^2: 0.544893
SVM_AE_BET_ECFP的BA值    ：-11.937767872670385
SVM_AE_BET_ECFP    :RMSD: 0.739806, P: 0.760585, R^2: 0.574442
fold= 6
>>>>>>>>>>>>>training.............
###############################################SVM#####################################################
SVM_BET的BA值：-11.544824066151968
SVM_BET:RMSD: 0.637193, P: 0.827441, R^2: 0.647048
SVM_AE的BA值 ：-11.649393234414278
SVM_AE :RMSD: 0.625322, P: 0.829225, R^2: 0.660076
SVM_ECFP的BA值 ：-12.16470823302763
SVM_ECFP :RMSD: 0.629607, P: 0.873730, R^2: 0.655401
SVM_AE_BET的BA值    ：-11.597108650283122
SVM_AE_BET    :RMSD: 0.626488, P: 0.832946, R^2: 0.658808
SVM_AE_ECFP的BA值    ：-11.907050733720954
SVM_AE_ECFP    :RMSD: 0.591035, P: 0.868044, R^2: 0.696330
SVM_BET_ECFP的BA值    ：-11.8547661495898
SVM_BET_ECFP    :RMSD: 0.603893, P: 0.866013, R^2: 0.682974
SVM_AE_BET_ECFP的BA值    ：-11.786308511197959
SVM_AE_BET_ECFP    :RMSD: 0.599309, P: 0.859742, R^2: 0.687769
fold= 7
>>>>>>>>>>>>>training.............
###############################################SVM#####################################################
SVM_BET的BA值：-11.857062996972559
SVM_BET:RMSD: 0.659195, P: 0.730388, R^2: 0.523183
SVM_AE的BA值 ：-11.657193037889723
SVM_AE :RMSD: 0.597229, P: 0.782645, R^2: 0.608614
SVM_ECFP的BA值 ：-11.6107399098373
SVM_ECFP :RMSD: 0.697593, P: 0.715410, R^2: 0.466016
SVM_AE_BET的BA值    ：-11.629633972484438
SVM_AE_BET    :RMSD: 0.618154, P: 0.764460, R^2: 0.580707
SVM_AE_ECFP的BA值    ：-11.572970997160446
SVM_AE_ECFP    :RMSD: 0.617434, P: 0.775451, R^2: 0.581684
SVM_BET_ECFP的BA值    ：-11.54541193175516
SVM_BET_ECFP    :RMSD: 0.640088, P: 0.747395, R^2: 0.550424
SVM_AE_BET_ECFP的BA值    ：-11.582672300466681
SVM_AE_BET_ECFP    :RMSD: 0.615932, P: 0.768013, R^2: 0.583716
fold= 8
>>>>>>>>>>>>>training.............
###############################################SVM#####################################################
SVM_BET的BA值：-11.92990515028024
SVM_BET:RMSD: 0.738885, P: 0.786815, R^2: 0.565220
SVM_AE的BA值 ：-11.813542505764294
SVM_AE :RMSD: 0.701512, P: 0.819510, R^2: 0.608091
SVM_ECFP的BA值 ：-12.267231103855538
SVM_ECFP :RMSD: 0.987216, P: 0.828404, R^2: 0.223862
SVM_AE_BET的BA值    ：-11.871723828022267
SVM_AE_BET    :RMSD: 0.713553, P: 0.808817, R^2: 0.594522
SVM_AE_ECFP的BA值    ：-12.040386804809916
SVM_AE_ECFP    :RMSD: 0.797161, P: 0.851449, R^2: 0.493934
SVM_BET_ECFP的BA值    ：-12.098568127067889
SVM_BET_ECFP    :RMSD: 0.811887, P: 0.833887, R^2: 0.475063
SVM_AE_BET_ECFP的BA值    ：-12.003559586633358
SVM_AE_BET_ECFP    :RMSD: 0.760298, P: 0.837123, R^2: 0.539656
fold= 9
>>>>>>>>>>>>>training.............
###############################################SVM#####################################################
SVM_BET的BA值：-11.772962097814869
SVM_BET:RMSD: 0.532379, P: 0.875324, R^2: 0.740254
SVM_AE的BA值 ：-11.50463816932157
SVM_AE :RMSD: 0.585765, P: 0.852377, R^2: 0.685549
SVM_ECFP的BA值 ：-12.14693767909848
SVM_ECFP :RMSD: 0.511026, P: 0.892873, R^2: 0.760672
SVM_AE_BET的BA值    ：-11.627571925823798
SVM_AE_BET    :RMSD: 0.547863, P: 0.869183, R^2: 0.724925
SVM_AE_ECFP的BA值    ：-11.810044807076789
SVM_AE_ECFP    :RMSD: 0.454673, P: 0.904707, R^2: 0.810545
SVM_BET_ECFP的BA值    ：-11.955434979067862
SVM_BET_ECFP    :RMSD: 0.442257, P: 0.907069, R^2: 0.820751
SVM_AE_BET_ECFP的BA值    ：-11.797683903989482
SVM_AE_BET_ECFP    :RMSD: 0.462144, P: 0.899399, R^2: 0.804268
fold= 10
>>>>>>>>>>>>>training.............
###############################################SVM#####################################################
SVM_BET的BA值：-11.753356365282908
SVM_BET:RMSD: 0.976297, P: 0.598192, R^2: 0.345326
SVM_AE的BA值 ：-11.69899422758566
SVM_AE :RMSD: 0.974824, P: 0.613879, R^2: 0.347299
SVM_ECFP的BA值 ：-11.609525647585933
SVM_ECFP :RMSD: 1.128637, P: 0.538085, R^2: 0.125076
SVM_AE_BET的BA值    ：-11.726175296434285
SVM_AE_BET    :RMSD: 0.970418, P: 0.611749, R^2: 0.353186
SVM_AE_ECFP的BA值    ：-11.654259937585795
SVM_AE_ECFP    :RMSD: 1.029653, P: 0.595419, R^2: 0.271812
SVM_BET_ECFP的BA值    ：-11.68144100643442
SVM_BET_ECFP    :RMSD: 1.016072, P: 0.599506, R^2: 0.290894
SVM_AE_BET_ECFP的BA值    ：-11.6872920801515
SVM_AE_BET_ECFP    :RMSD: 0.997772, P: 0.609027, R^2: 0.316208
@@@@@@@@@@@@@@@@@@@@@@@@@@@@@@@@@@@@@@@@@@@最终结果@@@@@@@@@@@@@@@@@@@@@@@@@@@@@@@@@@@@@@@@@@@@@@@@@@
@@@@@@@@@@@@@@@@@@@@@@@@@@@@@@@@@@@@@@@@@@@最终结果@@@@@@@@@@@@@@@@@@@@@@@@@@@@@@@@@@@@@@@@@@@@@@@@@@
%%%%%%%%%%%%%%%%%%%%%%%%%%%%%%%%%%%%%%%%%%%SVM%%%%%%%%%%%%%%%%%%%%%%%%%%%%%%%%%%%%%%%%%%%%%%%%%%%%%%
SVM_BET:0-th Final RMSD: 0.702057, Final P: 0.750823, Final R^2: 0.563654
SVM_AE :0-th Final RMSD: 0.685299, Final P: 0.764612, Final R^2: 0.584238
SVM_ECFP :0-th Final RMSD: 0.808875, Final P: 0.711233, Final R^2: 0.420774
SVM_AE_BET    :0-th Final RMSD: 0.685349, Final P: 0.764558, Final R^2: 0.584177
SVM_AE_ECFP    :0-th Final RMSD: 0.705011, Final P: 0.767404, Final R^2: 0.559975
SVM_BET_ECFP    :0-th Final RMSD: 0.709921, Final P: 0.762076, Final R^2: 0.553825
SVM_AE_BET_ECFP    :0-th Final RMSD: 0.688487, Final P: 0.771703, Final R^2: 0.580360
0-th SVM_AE的BA值 ：-12.061666
0-th SVM_BET的BA值：-12.176053
0-th SVM_ECFP的BA值 ：-12.267231
0-th SVM_AE_BET的BA值：-12.118859
0-th SVM_AE_ECFP的BA值    ：-12.040387
0-th SVM_BET_ECFP的BA值    ：-12.098568
0-th SVM_AE_BET_ECFP的BA值    ：-12.003560
total time: 0.002708858582708571 h
