size of data: (465,)
size of train size: 372
SVM parameter
Namespace(dataset='CHEMBL3018', C=10, kernel='rbf', gamma='scale', random_seed=0)
fold= 1
>>>>>>>>>>>>>training.............
###############################################SVM#####################################################
SVM_BET的BA值：-12.479363992500847
SVM_BET:RMSD: 0.874257, P: 0.912692, R^2: 0.781654
SVM_AE的BA值 ：-12.541786134592936
SVM_AE :RMSD: 1.111992, P: 0.827042, R^2: 0.646759
SVM_ECFP的BA值 ：-13.106511487526415
SVM_ECFP :RMSD: 1.238622, P: 0.798614, R^2: 0.561727
SVM_AE_BET的BA值    ：-12.510575063546892
SVM_AE_BET    :RMSD: 0.973141, P: 0.886320, R^2: 0.729468
SVM_AE_ECFP的BA值    ：-12.824148811059676
SVM_AE_ECFP    :RMSD: 1.087276, P: 0.849440, R^2: 0.662287
SVM_BET_ECFP的BA值    ：-12.792937740013631
SVM_BET_ECFP    :RMSD: 0.990202, P: 0.885875, R^2: 0.719899
SVM_AE_BET_ECFP的BA值    ：-12.709220538206731
SVM_AE_BET_ECFP    :RMSD: 0.994633, P: 0.884152, R^2: 0.717386
fold= 2
>>>>>>>>>>>>>training.............
###############################################SVM#####################################################
SVM_BET的BA值：-12.806077766630356
SVM_BET:RMSD: 1.146469, P: 0.796144, R^2: 0.611933
SVM_AE的BA值 ：-12.771715223089615
SVM_AE :RMSD: 1.273590, P: 0.728148, R^2: 0.521104
SVM_ECFP的BA值 ：-13.237879531722697
SVM_ECFP :RMSD: 1.345976, P: 0.736463, R^2: 0.465120
SVM_AE_BET的BA值    ：-12.325129574934552
SVM_AE_BET    :RMSD: 1.191430, P: 0.772204, R^2: 0.580899
SVM_AE_ECFP的BA值    ：-12.541030457480723
SVM_AE_ECFP    :RMSD: 1.264661, P: 0.750935, R^2: 0.527796
SVM_BET_ECFP的BA值    ：-13.021978649176527
SVM_BET_ECFP    :RMSD: 1.197863, P: 0.790199, R^2: 0.576360
SVM_AE_BET_ECFP的BA值    ：-12.6293795605306
SVM_AE_BET_ECFP    :RMSD: 1.204940, P: 0.777191, R^2: 0.571340
fold= 3
>>>>>>>>>>>>>training.............
###############################################SVM#####################################################
SVM_BET的BA值：-12.47364814165903
SVM_BET:RMSD: 1.024301, P: 0.796646, R^2: 0.527668
SVM_AE的BA值 ：-11.991043760120718
SVM_AE :RMSD: 1.018388, P: 0.771503, R^2: 0.533105
SVM_ECFP的BA值 ：-13.537795456643856
SVM_ECFP :RMSD: 1.348675, P: 0.695256, R^2: 0.181144
SVM_AE_BET的BA值    ：-12.099963894147109
SVM_AE_BET    :RMSD: 0.999753, P: 0.792640, R^2: 0.550035
SVM_AE_ECFP的BA值    ：-12.632037551639524
SVM_AE_ECFP    :RMSD: 1.126701, P: 0.757228, R^2: 0.428509
SVM_BET_ECFP的BA值    ：-13.005721799151443
SVM_BET_ECFP    :RMSD: 1.137185, P: 0.770219, R^2: 0.417823
SVM_AE_BET_ECFP的BA值    ：-12.579241081646025
SVM_AE_BET_ECFP    :RMSD: 1.072037, P: 0.779931, R^2: 0.482617
fold= 4
>>>>>>>>>>>>>training.............
###############################################SVM#####################################################
SVM_BET的BA值：-14.132250083523893
SVM_BET:RMSD: 0.905908, P: 0.759077, R^2: 0.492104
SVM_AE的BA值 ：-13.69772871573765
SVM_AE :RMSD: 0.961205, P: 0.763889, R^2: 0.428207
SVM_ECFP的BA值 ：-14.263223416226069
SVM_ECFP :RMSD: 1.131885, P: 0.651392, R^2: 0.207113
SVM_AE_BET的BA值    ：-13.515676253053584
SVM_AE_BET    :RMSD: 0.896506, P: 0.773703, R^2: 0.502592
SVM_AE_ECFP的BA值    ：-13.98047606598186
SVM_AE_ECFP    :RMSD: 0.961185, P: 0.728479, R^2: 0.428231
SVM_BET_ECFP的BA值    ：-13.826147391139173
SVM_BET_ECFP    :RMSD: 0.959576, P: 0.725085, R^2: 0.430143
SVM_AE_BET_ECFP的BA值    ：-13.517132401620541
SVM_AE_BET_ECFP    :RMSD: 0.916988, P: 0.748781, R^2: 0.479604
fold= 5
>>>>>>>>>>>>>training.............
###############################################SVM#####################################################
SVM_BET的BA值：-13.24179930463123
SVM_BET:RMSD: 0.967121, P: 0.859291, R^2: 0.732832
SVM_AE的BA值 ：-13.064586240150238
SVM_AE :RMSD: 1.026826, P: 0.845566, R^2: 0.698827
SVM_ECFP的BA值 ：-14.20970248978365
SVM_ECFP :RMSD: 1.224701, P: 0.818278, R^2: 0.571567
SVM_AE_BET的BA值    ：-12.973412588395476
SVM_AE_BET    :RMSD: 0.965566, P: 0.861943, R^2: 0.733691
SVM_AE_ECFP的BA值    ：-13.498489911535376
SVM_AE_ECFP    :RMSD: 1.076743, P: 0.845594, R^2: 0.668833
SVM_BET_ECFP的BA值    ：-13.135485603723613
SVM_BET_ECFP    :RMSD: 1.022843, P: 0.859358, R^2: 0.701159
SVM_AE_BET_ECFP的BA值    ：-12.99199902653565
SVM_AE_BET_ECFP    :RMSD: 1.003439, P: 0.860557, R^2: 0.712389
fold= 6
>>>>>>>>>>>>>training.............
###############################################SVM#####################################################
SVM_BET的BA值：-12.877232930732623
SVM_BET:RMSD: 0.921669, P: 0.896669, R^2: 0.761094
SVM_AE的BA值 ：-13.565013592711045
SVM_AE :RMSD: 1.057002, P: 0.837974, R^2: 0.685784
SVM_ECFP的BA值 ：-13.306643270229847
SVM_ECFP :RMSD: 0.891611, P: 0.883605, R^2: 0.776423
SVM_AE_BET的BA值    ：-13.221123261721834
SVM_AE_BET    :RMSD: 0.951735, P: 0.881008, R^2: 0.745253
SVM_AE_ECFP的BA值    ：-13.435828431470446
SVM_AE_ECFP    :RMSD: 0.922344, P: 0.875398, R^2: 0.760744
SVM_BET_ECFP的BA值    ：-13.091938100481235
SVM_BET_ECFP    :RMSD: 0.844690, P: 0.901899, R^2: 0.799335
SVM_AE_BET_ECFP的BA值    ：-13.249629931224504
SVM_AE_BET_ECFP    :RMSD: 0.889343, P: 0.890726, R^2: 0.777559
fold= 7
>>>>>>>>>>>>>training.............
###############################################SVM#####################################################
SVM_BET的BA值：-12.634786983471113
SVM_BET:RMSD: 1.176671, P: 0.796384, R^2: 0.568019
SVM_AE的BA值 ：-12.414465924848411
SVM_AE :RMSD: 1.157932, P: 0.805101, R^2: 0.581669
SVM_ECFP的BA值 ：-13.080286706769275
SVM_ECFP :RMSD: 1.071426, P: 0.807620, R^2: 0.641839
SVM_AE_BET的BA值    ：-12.524626454159762
SVM_AE_BET    :RMSD: 1.138440, P: 0.815449, R^2: 0.595634
SVM_AE_ECFP的BA值    ：-12.676710954801898
SVM_AE_ECFP    :RMSD: 1.043385, P: 0.828953, R^2: 0.660341
SVM_BET_ECFP的BA值    ：-12.786871484113249
SVM_BET_ECFP    :RMSD: 1.042983, P: 0.830813, R^2: 0.660603
SVM_AE_BET_ECFP的BA值    ：-12.662736297691637
SVM_AE_BET_ECFP    :RMSD: 1.054974, P: 0.832476, R^2: 0.652754
fold= 8
>>>>>>>>>>>>>training.............
###############################################SVM#####################################################
SVM_BET的BA值：-13.223210206250187
SVM_BET:RMSD: 0.874866, P: 0.874394, R^2: 0.758408
SVM_AE的BA值 ：-12.917664205961088
SVM_AE :RMSD: 0.875272, P: 0.873585, R^2: 0.758184
SVM_ECFP的BA值 ：-12.617022418336878
SVM_ECFP :RMSD: 1.008749, P: 0.869778, R^2: 0.678807
SVM_AE_BET的BA值    ：-13.070437206105638
SVM_AE_BET    :RMSD: 0.849214, P: 0.881672, R^2: 0.772368
SVM_AE_ECFP的BA值    ：-12.620080831253745
SVM_AE_ECFP    :RMSD: 0.861610, P: 0.893656, R^2: 0.765674
SVM_BET_ECFP的BA值    ：-12.772853831398294
SVM_BET_ECFP    :RMSD: 0.850774, P: 0.896669, R^2: 0.771531
SVM_AE_BET_ECFP的BA值    ：-12.821123956252558
SVM_AE_BET_ECFP    :RMSD: 0.830016, P: 0.896532, R^2: 0.782543
fold= 9
>>>>>>>>>>>>>training.............
###############################################SVM#####################################################
SVM_BET的BA值：-12.553727304740999
SVM_BET:RMSD: 1.171548, P: 0.746818, R^2: 0.538420
SVM_AE的BA值 ：-12.453870998420033
SVM_AE :RMSD: 1.136261, P: 0.760846, R^2: 0.565807
SVM_ECFP的BA值 ：-12.667739707506161
SVM_ECFP :RMSD: 1.267508, P: 0.701482, R^2: 0.459709
SVM_AE_BET的BA值    ：-12.503799151580516
SVM_AE_BET    :RMSD: 1.143225, P: 0.758029, R^2: 0.560468
SVM_AE_ECFP的BA值    ：-12.548283134856122
SVM_AE_ECFP    :RMSD: 1.146227, P: 0.749248, R^2: 0.558157
SVM_BET_ECFP的BA值    ：-12.598211288016605
SVM_BET_ECFP    :RMSD: 1.151795, P: 0.747424, R^2: 0.553854
SVM_AE_BET_ECFP的BA值    ：-12.550097858151082
SVM_AE_BET_ECFP    :RMSD: 1.131348, P: 0.756700, R^2: 0.569554
fold= 10
>>>>>>>>>>>>>training.............
###############################################SVM#####################################################
SVM_BET的BA值：-12.469761945756684
SVM_BET:RMSD: 1.055253, P: 0.818731, R^2: 0.662208
SVM_AE的BA值 ：-13.11342991424971
SVM_AE :RMSD: 1.077537, P: 0.810837, R^2: 0.647791
SVM_ECFP的BA值 ：-12.50726237286289
SVM_ECFP :RMSD: 1.296528, P: 0.745395, R^2: 0.490083
SVM_AE_BET的BA值    ：-12.791595930003197
SVM_AE_BET    :RMSD: 1.021474, P: 0.834469, R^2: 0.683488
SVM_AE_ECFP的BA值    ：-12.8103461435563
SVM_AE_ECFP    :RMSD: 1.116652, P: 0.820070, R^2: 0.621756
SVM_BET_ECFP的BA值    ：-12.488512159309787
SVM_BET_ECFP    :RMSD: 1.113134, P: 0.819058, R^2: 0.624136
SVM_AE_BET_ECFP的BA值    ：-12.696818077623094
SVM_AE_BET_ECFP    :RMSD: 1.062592, P: 0.835166, R^2: 0.657493
@@@@@@@@@@@@@@@@@@@@@@@@@@@@@@@@@@@@@@@@@@@最终结果@@@@@@@@@@@@@@@@@@@@@@@@@@@@@@@@@@@@@@@@@@@@@@@@@@
@@@@@@@@@@@@@@@@@@@@@@@@@@@@@@@@@@@@@@@@@@@最终结果@@@@@@@@@@@@@@@@@@@@@@@@@@@@@@@@@@@@@@@@@@@@@@@@@@
%%%%%%%%%%%%%%%%%%%%%%%%%%%%%%%%%%%%%%%%%%%SVM%%%%%%%%%%%%%%%%%%%%%%%%%%%%%%%%%%%%%%%%%%%%%%%%%%%%%%
SVM_BET:0-th Final RMSD: 1.017985, Final P: 0.815835, Final R^2: 0.665564
SVM_AE :0-th Final RMSD: 1.074822, Final P: 0.792276, Final R^2: 0.627177
SVM_ECFP :0-th Final RMSD: 1.192146, Final P: 0.767339, Final R^2: 0.541342
SVM_AE_BET    :0-th Final RMSD: 1.018508, Final P: 0.815759, Final R^2: 0.665220
SVM_AE_ECFP    :0-th Final RMSD: 1.067067, Final P: 0.802518, Final R^2: 0.632537
SVM_BET_ECFP    :0-th Final RMSD: 1.037915, Final P: 0.815711, Final R^2: 0.652341
SVM_AE_BET_ECFP    :0-th Final RMSD: 1.021996, Final P: 0.818042, Final R^2: 0.662923
0-th SVM_AE的BA值 ：-13.697729
0-th SVM_BET的BA值：-14.132250
0-th SVM_ECFP的BA值 ：-14.263223
0-th SVM_AE_BET的BA值：-13.515676
0-th SVM_AE_ECFP的BA值    ：-13.980476
0-th SVM_BET_ECFP的BA值    ：-13.826147
0-th SVM_AE_BET_ECFP的BA值    ：-13.517132
total time: 0.005121778051058451 h
