size of data: (2960,)
size of train size: 2368
SVM parameter
Namespace(dataset='CHEMBL3650', C=5, kernel='rbf', gamma='scale', random_seed=0)
fold= 1
>>>>>>>>>>>>>training.............
###############################################SVM#####################################################
SVM_BET的BA值：-12.948303384625481
SVM_BET:RMSD: 0.891190, P: 0.851896, R^2: 0.724889
SVM_AE的BA值 ：-13.002526015163848
SVM_AE :RMSD: 0.879476, P: 0.856217, R^2: 0.732073
SVM_ECFP的BA值 ：-12.829623595273098
SVM_ECFP :RMSD: 0.943356, P: 0.833323, R^2: 0.691738
SVM_AE_BET的BA值    ：-12.975414699894664
SVM_AE_BET    :RMSD: 0.868534, P: 0.860092, R^2: 0.738699
SVM_AE_ECFP的BA值    ：-12.786546274639164
SVM_AE_ECFP    :RMSD: 0.868618, P: 0.861559, R^2: 0.738648
SVM_BET_ECFP的BA值    ：-12.749471170420048
SVM_BET_ECFP    :RMSD: 0.871886, P: 0.860710, R^2: 0.736678
SVM_AE_BET_ECFP的BA值    ：-12.794886651343816
SVM_AE_BET_ECFP    :RMSD: 0.857549, P: 0.865200, R^2: 0.745266
fold= 2
>>>>>>>>>>>>>training.............
###############################################SVM#####################################################
SVM_BET的BA值：-12.960413114398488
SVM_BET:RMSD: 0.900468, P: 0.851266, R^2: 0.719400
SVM_AE的BA值 ：-12.893049901354775
SVM_AE :RMSD: 0.867146, P: 0.861282, R^2: 0.739783
SVM_ECFP的BA值 ：-13.111148794974808
SVM_ECFP :RMSD: 0.879487, P: 0.859614, R^2: 0.732324
SVM_AE_BET的BA值    ：-12.926731507876632
SVM_AE_BET    :RMSD: 0.867790, P: 0.861963, R^2: 0.739396
SVM_AE_ECFP的BA值    ：-13.00209934816479
SVM_AE_ECFP    :RMSD: 0.831591, P: 0.875771, R^2: 0.760685
SVM_BET_ECFP的BA值    ：-13.035780954686647
SVM_BET_ECFP    :RMSD: 0.850431, P: 0.870100, R^2: 0.749718
SVM_AE_BET_ECFP的BA值    ：-12.988203936909358
SVM_AE_BET_ECFP    :RMSD: 0.838985, P: 0.873174, R^2: 0.756410
fold= 3
>>>>>>>>>>>>>training.............
###############################################SVM#####################################################
SVM_BET的BA值：-13.432166144172413
SVM_BET:RMSD: 0.821594, P: 0.869658, R^2: 0.755125
SVM_AE的BA值 ：-13.258001462497528
SVM_AE :RMSD: 0.811842, P: 0.872605, R^2: 0.760904
SVM_ECFP的BA值 ：-13.063388359446897
SVM_ECFP :RMSD: 0.855664, P: 0.858778, R^2: 0.734395
SVM_AE_BET的BA值    ：-13.34508380333497
SVM_AE_BET    :RMSD: 0.798546, P: 0.877618, R^2: 0.768672
SVM_AE_ECFP的BA值    ：-12.992547115945468
SVM_AE_ECFP    :RMSD: 0.788683, P: 0.882798, R^2: 0.774351
SVM_BET_ECFP的BA值    ：-13.07962945678291
SVM_BET_ECFP    :RMSD: 0.797307, P: 0.880435, R^2: 0.769389
SVM_AE_BET_ECFP的BA值    ：-13.139086792021118
SVM_AE_BET_ECFP    :RMSD: 0.782823, P: 0.884663, R^2: 0.777691
fold= 4
>>>>>>>>>>>>>training.............
###############################################SVM#####################################################
SVM_BET的BA值：-12.985579839041982
SVM_BET:RMSD: 0.864707, P: 0.839755, R^2: 0.697485
SVM_AE的BA值 ：-13.282884242206864
SVM_AE :RMSD: 0.872928, P: 0.835485, R^2: 0.691705
SVM_ECFP的BA值 ：-13.010007294468615
SVM_ECFP :RMSD: 0.881062, P: 0.829626, R^2: 0.685933
SVM_AE_BET的BA值    ：-13.01528967854443
SVM_AE_BET    :RMSD: 0.853207, P: 0.843059, R^2: 0.705477
SVM_AE_ECFP的BA值    ：-12.880485561729616
SVM_AE_ECFP    :RMSD: 0.833179, P: 0.848834, R^2: 0.719143
SVM_BET_ECFP的BA值    ：-12.80930054360904
SVM_BET_ECFP    :RMSD: 0.828003, P: 0.850902, R^2: 0.722621
SVM_AE_BET_ECFP的BA值    ：-12.836222079447076
SVM_AE_BET_ECFP    :RMSD: 0.826301, P: 0.851707, R^2: 0.723760
fold= 5
>>>>>>>>>>>>>training.............
###############################################SVM#####################################################
SVM_BET的BA值：-13.192015200714703
SVM_BET:RMSD: 0.827189, P: 0.873011, R^2: 0.757556
SVM_AE的BA值 ：-13.15842113699134
SVM_AE :RMSD: 0.844071, P: 0.867977, R^2: 0.747559
SVM_ECFP的BA值 ：-12.833116946899018
SVM_ECFP :RMSD: 0.876186, P: 0.857750, R^2: 0.727984
SVM_AE_BET的BA值    ：-13.175218168853021
SVM_AE_BET    :RMSD: 0.812670, P: 0.878810, R^2: 0.765992
SVM_AE_ECFP的BA值    ：-12.995769041945179
SVM_AE_ECFP    :RMSD: 0.827333, P: 0.875506, R^2: 0.757471
SVM_BET_ECFP的BA值    ：-13.01256607380686
SVM_BET_ECFP    :RMSD: 0.817068, P: 0.878556, R^2: 0.763452
SVM_AE_BET_ECFP的BA值    ：-13.061184428201686
SVM_AE_BET_ECFP    :RMSD: 0.808679, P: 0.881470, R^2: 0.768285
fold= 6
>>>>>>>>>>>>>training.............
###############################################SVM#####################################################
SVM_BET的BA值：-13.51399613471398
SVM_BET:RMSD: 0.767274, P: 0.870962, R^2: 0.756551
SVM_AE的BA值 ：-13.748201800942795
SVM_AE :RMSD: 0.786736, P: 0.864074, R^2: 0.744044
SVM_ECFP的BA值 ：-12.891915870152022
SVM_ECFP :RMSD: 0.829041, P: 0.850244, R^2: 0.715777
SVM_AE_BET的BA值    ：-13.631098967828386
SVM_AE_BET    :RMSD: 0.754392, P: 0.875568, R^2: 0.764657
SVM_AE_ECFP的BA值    ：-13.30718109772466
SVM_AE_ECFP    :RMSD: 0.757482, P: 0.876532, R^2: 0.762725
SVM_BET_ECFP的BA值    ：-13.190078264610253
SVM_BET_ECFP    :RMSD: 0.746352, P: 0.881289, R^2: 0.769647
SVM_AE_BET_ECFP的BA值    ：-13.376119443387767
SVM_AE_BET_ECFP    :RMSD: 0.738221, P: 0.882973, R^2: 0.774639
fold= 7
>>>>>>>>>>>>>training.............
###############################################SVM#####################################################
SVM_BET的BA值：-12.967042171272952
SVM_BET:RMSD: 0.798747, P: 0.864073, R^2: 0.745046
SVM_AE的BA值 ：-13.067516722175068
SVM_AE :RMSD: 0.766163, P: 0.875333, R^2: 0.765422
SVM_ECFP的BA值 ：-12.735401168847938
SVM_ECFP :RMSD: 0.839910, P: 0.849505, R^2: 0.718091
SVM_AE_BET的BA值    ：-12.915527848811978
SVM_AE_BET    :RMSD: 0.761632, P: 0.877245, R^2: 0.768189
SVM_AE_ECFP的BA值    ：-12.876294029535712
SVM_AE_ECFP    :RMSD: 0.757221, P: 0.880635, R^2: 0.770866
SVM_BET_ECFP的BA值    ：-12.724305156172623
SVM_BET_ECFP    :RMSD: 0.770144, P: 0.876379, R^2: 0.762979
SVM_AE_BET_ECFP的BA值    ：-12.83870901150677
SVM_AE_BET_ECFP    :RMSD: 0.749511, P: 0.882963, R^2: 0.775508
fold= 8
>>>>>>>>>>>>>training.............
###############################################SVM#####################################################
SVM_BET的BA值：-13.591857712265261
SVM_BET:RMSD: 0.767908, P: 0.900627, R^2: 0.808502
SVM_AE的BA值 ：-13.340360338937234
SVM_AE :RMSD: 0.748058, P: 0.905434, R^2: 0.818275
SVM_ECFP的BA值 ：-13.210284715446015
SVM_ECFP :RMSD: 0.816813, P: 0.889991, R^2: 0.783334
SVM_AE_BET的BA值    ：-13.466109025601249
SVM_AE_BET    :RMSD: 0.739215, P: 0.908342, R^2: 0.822546
SVM_AE_ECFP的BA值    ：-13.132031023267256
SVM_AE_ECFP    :RMSD: 0.734988, P: 0.912046, R^2: 0.824569
SVM_BET_ECFP的BA值    ：-13.238152202409957
SVM_BET_ECFP    :RMSD: 0.745705, P: 0.909739, R^2: 0.819416
SVM_AE_BET_ECFP的BA值    ：-13.272221581252381
SVM_AE_BET_ECFP    :RMSD: 0.726822, P: 0.913725, R^2: 0.828446
fold= 9
>>>>>>>>>>>>>training.............
###############################################SVM#####################################################
SVM_BET的BA值：-13.141282453571847
SVM_BET:RMSD: 0.798428, P: 0.882976, R^2: 0.777452
SVM_AE的BA值 ：-13.1553561844882
SVM_AE :RMSD: 0.805479, P: 0.880715, R^2: 0.773503
SVM_ECFP的BA值 ：-13.256951495365794
SVM_ECFP :RMSD: 0.839459, P: 0.870186, R^2: 0.753991
SVM_AE_BET的BA值    ：-13.067190532640607
SVM_AE_BET    :RMSD: 0.782940, P: 0.888258, R^2: 0.786002
SVM_AE_ECFP的BA值    ：-13.12502505353758
SVM_AE_ECFP    :RMSD: 0.774400, P: 0.892502, R^2: 0.790645
SVM_BET_ECFP的BA值    ：-13.19911697446882
SVM_BET_ECFP    :RMSD: 0.773871, P: 0.892737, R^2: 0.790931
SVM_AE_BET_ECFP的BA值    ：-13.130444186882336
SVM_AE_BET_ECFP    :RMSD: 0.764148, P: 0.895523, R^2: 0.796151
fold= 10
>>>>>>>>>>>>>training.............
###############################################SVM#####################################################
SVM_BET的BA值：-13.373189297896468
SVM_BET:RMSD: 0.837986, P: 0.887726, R^2: 0.785014
SVM_AE的BA值 ：-13.456481701724732
SVM_AE :RMSD: 0.851024, P: 0.883487, R^2: 0.778272
SVM_ECFP的BA值 ：-13.840533173080896
SVM_ECFP :RMSD: 0.961695, P: 0.849383, R^2: 0.716853
SVM_AE_BET的BA值    ：-13.4148354998106
SVM_AE_BET    :RMSD: 0.823544, P: 0.892212, R^2: 0.792360
SVM_AE_ECFP的BA值    ：-13.648507437402813
SVM_AE_ECFP    :RMSD: 0.858925, P: 0.883683, R^2: 0.774136
SVM_BET_ECFP的BA值    ：-13.606861235488683
SVM_BET_ECFP    :RMSD: 0.856380, P: 0.884525, R^2: 0.775472
SVM_AE_BET_ECFP的BA值    ：-13.556734724234033
SVM_AE_BET_ECFP    :RMSD: 0.833075, P: 0.891230, R^2: 0.787526
@@@@@@@@@@@@@@@@@@@@@@@@@@@@@@@@@@@@@@@@@@@最终结果@@@@@@@@@@@@@@@@@@@@@@@@@@@@@@@@@@@@@@@@@@@@@@@@@@
@@@@@@@@@@@@@@@@@@@@@@@@@@@@@@@@@@@@@@@@@@@最终结果@@@@@@@@@@@@@@@@@@@@@@@@@@@@@@@@@@@@@@@@@@@@@@@@@@
%%%%%%%%%%%%%%%%%%%%%%%%%%%%%%%%%%%%%%%%%%%SVM%%%%%%%%%%%%%%%%%%%%%%%%%%%%%%%%%%%%%%%%%%%%%%%%%%%%%%
SVM_BET:0-th Final RMSD: 0.828742, Final P: 0.869155, Final R^2: 0.755076
SVM_AE :0-th Final RMSD: 0.824473, Final P: 0.870527, Final R^2: 0.757593
SVM_ECFP :0-th Final RMSD: 0.873444, Final P: 0.854477, Final R^2: 0.727942
SVM_AE_BET    :0-th Final RMSD: 0.807486, Final P: 0.876402, Final R^2: 0.767479
SVM_AE_ECFP    :0-th Final RMSD: 0.804459, Final P: 0.878949, Final R^2: 0.769219
SVM_BET_ECFP    :0-th Final RMSD: 0.806896, Final P: 0.878261, Final R^2: 0.767819
SVM_AE_BET_ECFP    :0-th Final RMSD: 0.793837, Final P: 0.882186, Final R^2: 0.775273
0-th SVM_AE的BA值 ：-13.748202
0-th SVM_BET的BA值：-13.591858
0-th SVM_ECFP的BA值 ：-13.840533
0-th SVM_AE_BET的BA值：-13.631099
0-th SVM_AE_ECFP的BA值    ：-13.648507
0-th SVM_BET_ECFP的BA值    ：-13.606861
0-th SVM_AE_BET_ECFP的BA值    ：-13.556735
total time: 0.10799128141668107 h
