size of data: (435,)
size of train size: 348
SVM parameter
Namespace(dataset='CHEMBL3392948', C=10, kernel='rbf', gamma='scale', random_seed=0)
fold= 1
>>>>>>>>>>>>>training.............
###############################################SVM#####################################################
SVM_BET的BA值：-10.115426872626998
SVM_BET:RMSD: 1.120858, P: 0.676309, R^2: 0.406684
SVM_AE的BA值 ：-10.21137947606312
SVM_AE :RMSD: 1.112096, P: 0.669430, R^2: 0.415924
SVM_ECFP的BA值 ：-10.372394459522456
SVM_ECFP :RMSD: 0.890373, P: 0.792769, R^2: 0.625607
SVM_AE_BET的BA值    ：-10.16340317434506
SVM_AE_BET    :RMSD: 1.098773, P: 0.685221, R^2: 0.429835
SVM_AE_ECFP的BA值    ：-10.199161071101694
SVM_AE_ECFP    :RMSD: 0.956418, P: 0.758907, R^2: 0.568004
SVM_BET_ECFP的BA值    ：-10.151184769383633
SVM_BET_ECFP    :RMSD: 0.949100, P: 0.767783, R^2: 0.574589
SVM_AE_BET_ECFP的BA值    ：-10.171249671610129
SVM_AE_BET_ECFP    :RMSD: 0.989134, P: 0.745728, R^2: 0.537944
fold= 2
>>>>>>>>>>>>>training.............
###############################################SVM#####################################################
SVM_BET的BA值：-10.60349692773001
SVM_BET:RMSD: 0.942438, P: 0.741542, R^2: 0.541151
SVM_AE的BA值 ：-10.764395775556597
SVM_AE :RMSD: 0.921716, P: 0.756422, R^2: 0.561108
SVM_ECFP的BA值 ：-10.77041110011924
SVM_ECFP :RMSD: 1.074542, P: 0.684248, R^2: 0.403499
SVM_AE_BET的BA值    ：-10.645719178576421
SVM_AE_BET    :RMSD: 0.914861, P: 0.758147, R^2: 0.567611
SVM_AE_ECFP的BA值    ：-10.619437782594169
SVM_AE_ECFP    :RMSD: 0.938129, P: 0.754461, R^2: 0.545338
SVM_BET_ECFP的BA值    ：-10.605295695770899
SVM_BET_ECFP    :RMSD: 0.957285, P: 0.744692, R^2: 0.526580
SVM_AE_BET_ECFP的BA值    ：-10.559685285536965
SVM_AE_BET_ECFP    :RMSD: 0.921437, P: 0.760511, R^2: 0.561373
fold= 3
>>>>>>>>>>>>>training.............
###############################################SVM#####################################################
SVM_BET的BA值：-10.24168318898547
SVM_BET:RMSD: 0.814692, P: 0.724003, R^2: 0.498917
SVM_AE的BA值 ：-9.915036480091427
SVM_AE :RMSD: 0.788715, P: 0.736772, R^2: 0.530362
SVM_ECFP的BA值 ：-10.734021347212455
SVM_ECFP :RMSD: 1.036370, P: 0.667834, R^2: 0.189127
SVM_AE_BET的BA值    ：-10.033414006752247
SVM_AE_BET    :RMSD: 0.783418, P: 0.743276, R^2: 0.536649
SVM_AE_ECFP的BA值    ：-10.32452891365194
SVM_AE_ECFP    :RMSD: 0.856794, P: 0.729567, R^2: 0.445788
SVM_BET_ECFP的BA值    ：-10.436828374264135
SVM_BET_ECFP    :RMSD: 0.870799, P: 0.730057, R^2: 0.427522
SVM_AE_BET_ECFP的BA值    ：-10.262897742873232
SVM_AE_BET_ECFP    :RMSD: 0.820885, P: 0.743188, R^2: 0.491270
fold= 4
>>>>>>>>>>>>>training.............
###############################################SVM#####################################################
SVM_BET的BA值：-11.478152062565963
SVM_BET:RMSD: 1.033571, P: 0.567026, R^2: 0.183355
SVM_AE的BA值 ：-11.227140382514122
SVM_AE :RMSD: 0.948365, P: 0.611481, R^2: 0.312451
SVM_ECFP的BA值 ：-10.776620380071261
SVM_ECFP :RMSD: 1.145612, P: 0.498066, R^2: -0.003292
SVM_AE_BET的BA值    ：-11.352646222540042
SVM_AE_BET    :RMSD: 0.979069, P: 0.595118, R^2: 0.267210
SVM_AE_ECFP的BA值    ：-11.001880381292692
SVM_AE_ECFP    :RMSD: 1.001643, P: 0.578596, R^2: 0.233030
SVM_BET_ECFP的BA值    ：-11.127386221318613
SVM_BET_ECFP    :RMSD: 1.036550, P: 0.561550, R^2: 0.178641
SVM_AE_BET_ECFP的BA值    ：-11.160637608383782
SVM_AE_BET_ECFP    :RMSD: 0.992478, P: 0.585679, R^2: 0.247001
fold= 5
>>>>>>>>>>>>>training.............
###############################################SVM#####################################################
SVM_BET的BA值：-10.371252735635164
SVM_BET:RMSD: 0.788845, P: 0.780419, R^2: 0.609041
SVM_AE的BA值 ：-10.259172621671205
SVM_AE :RMSD: 0.855440, P: 0.735845, R^2: 0.540246
SVM_ECFP的BA值 ：-10.318658617381367
SVM_ECFP :RMSD: 0.980306, P: 0.675716, R^2: 0.396232
SVM_AE_BET的BA值    ：-10.315212678653184
SVM_AE_BET    :RMSD: 0.807162, P: 0.768557, R^2: 0.590675
SVM_AE_ECFP的BA值    ：-10.254100692342433
SVM_AE_ECFP    :RMSD: 0.843034, P: 0.754391, R^2: 0.553484
SVM_BET_ECFP的BA值    ：-10.241903085505468
SVM_BET_ECFP    :RMSD: 0.816175, P: 0.772648, R^2: 0.581483
SVM_AE_BET_ECFP的BA值    ：-10.247659597560714
SVM_AE_BET_ECFP    :RMSD: 0.802661, P: 0.777288, R^2: 0.595228
fold= 6
>>>>>>>>>>>>>training.............
###############################################SVM#####################################################
SVM_BET的BA值：-10.506508502289952
SVM_BET:RMSD: 0.740468, P: 0.861575, R^2: 0.726850
SVM_AE的BA值 ：-10.151073286040903
SVM_AE :RMSD: 0.799377, P: 0.832839, R^2: 0.681660
SVM_ECFP的BA值 ：-10.48075960885451
SVM_ECFP :RMSD: 0.999850, P: 0.792585, R^2: 0.501966
SVM_AE_BET的BA值    ：-10.256330717554885
SVM_AE_BET    :RMSD: 0.752255, P: 0.857139, R^2: 0.718084
SVM_AE_ECFP的BA值    ：-10.139739904672286
SVM_AE_ECFP    :RMSD: 0.838296, P: 0.844847, R^2: 0.649907
SVM_BET_ECFP的BA值    ：-10.31470820255053
SVM_BET_ECFP    :RMSD: 0.821518, P: 0.854475, R^2: 0.663781
SVM_AE_BET_ECFP的BA值    ：-10.211856445973625
SVM_AE_BET_ECFP    :RMSD: 0.787900, P: 0.859704, R^2: 0.690735
fold= 7
>>>>>>>>>>>>>training.............
###############################################SVM#####################################################
SVM_BET的BA值：-10.632349045731779
SVM_BET:RMSD: 0.819536, P: 0.762529, R^2: 0.560686
SVM_AE的BA值 ：-10.59309831039273
SVM_AE :RMSD: 0.810664, P: 0.768939, R^2: 0.570146
SVM_ECFP的BA值 ：-10.539957983290135
SVM_ECFP :RMSD: 0.883837, P: 0.718818, R^2: 0.489044
SVM_AE_BET的BA值    ：-10.612723678062254
SVM_AE_BET    :RMSD: 0.799831, P: 0.773680, R^2: 0.581558
SVM_AE_ECFP的BA值    ：-10.566528146841431
SVM_AE_ECFP    :RMSD: 0.791584, P: 0.770178, R^2: 0.590142
SVM_BET_ECFP的BA值    ：-10.586153514510958
SVM_BET_ECFP    :RMSD: 0.791353, P: 0.770759, R^2: 0.590382
SVM_AE_BET_ECFP的BA值    ：-10.588468446471548
SVM_AE_BET_ECFP    :RMSD: 0.778911, P: 0.778669, R^2: 0.603161
fold= 8
>>>>>>>>>>>>>training.............
###############################################SVM#####################################################
SVM_BET的BA值：-10.267989951810387
SVM_BET:RMSD: 0.975265, P: 0.660799, R^2: 0.424252
SVM_AE的BA值 ：-10.298830513499155
SVM_AE :RMSD: 1.065740, P: 0.589898, R^2: 0.312472
SVM_ECFP的BA值 ：-10.980225860468256
SVM_ECFP :RMSD: 1.151046, P: 0.554514, R^2: 0.198003
SVM_AE_BET的BA值    ：-10.28341023265477
SVM_AE_BET    :RMSD: 1.012234, P: 0.631152, R^2: 0.379775
SVM_AE_ECFP的BA值    ：-10.639528186983705
SVM_AE_ECFP    :RMSD: 1.048505, P: 0.602424, R^2: 0.334531
SVM_BET_ECFP的BA值    ：-10.624107906139322
SVM_BET_ECFP    :RMSD: 1.010061, P: 0.634833, R^2: 0.382436
SVM_AE_BET_ECFP的BA值    ：-10.5156821085926
SVM_AE_BET_ECFP    :RMSD: 1.009123, P: 0.630150, R^2: 0.383582
fold= 9
>>>>>>>>>>>>>training.............
###############################################SVM#####################################################
SVM_BET的BA值：-10.47340885769382
SVM_BET:RMSD: 0.943538, P: 0.692344, R^2: 0.464558
SVM_AE的BA值 ：-10.556142975894586
SVM_AE :RMSD: 0.932614, P: 0.696518, R^2: 0.476884
SVM_ECFP的BA值 ：-11.119087818966303
SVM_ECFP :RMSD: 1.073451, P: 0.629653, R^2: 0.306960
SVM_AE_BET的BA值    ：-10.514775916794203
SVM_AE_BET    :RMSD: 0.927174, P: 0.701073, R^2: 0.482969
SVM_AE_ECFP的BA值    ：-10.837615397430444
SVM_AE_ECFP    :RMSD: 0.968506, P: 0.676414, R^2: 0.435846
SVM_BET_ECFP的BA值    ：-10.796248338330061
SVM_BET_ECFP    :RMSD: 0.971247, P: 0.676122, R^2: 0.432647
SVM_AE_BET_ECFP的BA值    ：-10.716213217518236
SVM_AE_BET_ECFP    :RMSD: 0.945843, P: 0.688656, R^2: 0.461938
fold= 10
>>>>>>>>>>>>>training.............
###############################################SVM#####################################################
SVM_BET的BA值：-9.866387212680198
SVM_BET:RMSD: 0.870391, P: 0.603589, R^2: 0.348390
SVM_AE的BA值 ：-10.005417590678018
SVM_AE :RMSD: 0.868528, P: 0.599828, R^2: 0.351176
SVM_ECFP的BA值 ：-11.037254111313022
SVM_ECFP :RMSD: 1.026077, P: 0.575261, R^2: 0.094435
SVM_AE_BET的BA值    ：-9.935902401679108
SVM_AE_BET    :RMSD: 0.844983, P: 0.623883, R^2: 0.385878
SVM_AE_ECFP的BA值    ：-10.52133585099552
SVM_AE_ECFP    :RMSD: 0.878289, P: 0.621258, R^2: 0.336511
SVM_BET_ECFP的BA值    ：-10.45182066199661
SVM_BET_ECFP    :RMSD: 0.886200, P: 0.623969, R^2: 0.324504
SVM_AE_BET_ECFP的BA值    ：-10.303019638223747
SVM_AE_BET_ECFP    :RMSD: 0.851025, P: 0.634060, R^2: 0.377063
@@@@@@@@@@@@@@@@@@@@@@@@@@@@@@@@@@@@@@@@@@@最终结果@@@@@@@@@@@@@@@@@@@@@@@@@@@@@@@@@@@@@@@@@@@@@@@@@@
@@@@@@@@@@@@@@@@@@@@@@@@@@@@@@@@@@@@@@@@@@@最终结果@@@@@@@@@@@@@@@@@@@@@@@@@@@@@@@@@@@@@@@@@@@@@@@@@@
%%%%%%%%%%%%%%%%%%%%%%%%%%%%%%%%%%%%%%%%%%%SVM%%%%%%%%%%%%%%%%%%%%%%%%%%%%%%%%%%%%%%%%%%%%%%%%%%%%%%
SVM_BET:0-th Final RMSD: 0.912443, Final P: 0.708852, Final R^2: 0.496521
SVM_AE :0-th Final RMSD: 0.916456, Final P: 0.705665, Final R^2: 0.492082
SVM_ECFP :0-th Final RMSD: 1.029836, Final P: 0.663321, Final R^2: 0.358633
SVM_AE_BET    :0-th Final RMSD: 0.898739, Final P: 0.717348, Final R^2: 0.511530
SVM_AE_ECFP    :0-th Final RMSD: 0.915545, Final P: 0.714552, Final R^2: 0.493092
SVM_BET_ECFP    :0-th Final RMSD: 0.914830, Final P: 0.716722, Final R^2: 0.493883
SVM_AE_BET_ECFP    :0-th Final RMSD: 0.894332, Final P: 0.724348, Final R^2: 0.516309
0-th SVM_AE的BA值 ：-11.227140
0-th SVM_BET的BA值：-11.478152
0-th SVM_ECFP的BA值 ：-11.119088
0-th SVM_AE_BET的BA值：-11.352646
0-th SVM_AE_ECFP的BA值    ：-11.001880
0-th SVM_BET_ECFP的BA值    ：-11.127386
0-th SVM_AE_BET_ECFP的BA值    ：-11.160638
total time: 0.004613966676923964 h
