size of data: (1288,)
size of train size: 1030
SVM parameter
Namespace(dataset='CHEMBL3572', C=5, kernel='rbf', gamma='scale', random_seed=0)
fold= 1
>>>>>>>>>>>>>training.............
###############################################SVM#####################################################
SVM_BET的BA值：-12.089611517654614
SVM_BET:RMSD: 0.885471, P: 0.814829, R^2: 0.655581
SVM_AE的BA值 ：-12.16174272210558
SVM_AE :RMSD: 0.891602, P: 0.809208, R^2: 0.650795
SVM_ECFP的BA值 ：-11.883073310965884
SVM_ECFP :RMSD: 0.930625, P: 0.795818, R^2: 0.619558
SVM_AE_BET的BA值    ：-12.125677119880097
SVM_AE_BET    :RMSD: 0.875771, P: 0.817523, R^2: 0.663085
SVM_AE_ECFP的BA值    ：-12.022408016535731
SVM_AE_ECFP    :RMSD: 0.871276, P: 0.822214, R^2: 0.666535
SVM_BET_ECFP的BA值    ：-11.986342414310249
SVM_BET_ECFP    :RMSD: 0.871540, P: 0.822119, R^2: 0.666333
SVM_AE_BET_ECFP的BA值    ：-12.044809183575358
SVM_AE_BET_ECFP    :RMSD: 0.862660, P: 0.824941, R^2: 0.673098
fold= 2
>>>>>>>>>>>>>training.............
###############################################SVM#####################################################
SVM_BET的BA值：-11.532923875585203
SVM_BET:RMSD: 0.719410, P: 0.860417, R^2: 0.737194
SVM_AE的BA值 ：-11.276151751227198
SVM_AE :RMSD: 0.740018, P: 0.849675, R^2: 0.721922
SVM_ECFP的BA值 ：-12.084066495964413
SVM_ECFP :RMSD: 0.824472, P: 0.823549, R^2: 0.654829
SVM_AE_BET的BA值    ：-11.4045378134062
SVM_AE_BET    :RMSD: 0.716181, P: 0.860570, R^2: 0.739548
SVM_AE_ECFP的BA值    ：-11.680109123595805
SVM_AE_ECFP    :RMSD: 0.721716, P: 0.862648, R^2: 0.735506
SVM_BET_ECFP的BA值    ：-11.808495185774808
SVM_BET_ECFP    :RMSD: 0.714565, P: 0.868527, R^2: 0.740722
SVM_AE_BET_ECFP的BA值    ：-11.631047374258939
SVM_AE_BET_ECFP    :RMSD: 0.701794, P: 0.870328, R^2: 0.749907
fold= 3
>>>>>>>>>>>>>training.............
###############################################SVM#####################################################
SVM_BET的BA值：-11.49394133786122
SVM_BET:RMSD: 0.697712, P: 0.874003, R^2: 0.762717
SVM_AE的BA值 ：-11.433005456012
SVM_AE :RMSD: 0.704475, P: 0.871686, R^2: 0.758094
SVM_ECFP的BA值 ：-11.43917258908494
SVM_ECFP :RMSD: 0.846452, P: 0.815007, R^2: 0.650763
SVM_AE_BET的BA值    ：-11.46347339693661
SVM_AE_BET    :RMSD: 0.685831, P: 0.878582, R^2: 0.770729
SVM_AE_ECFP的BA值    ：-11.404512729402082
SVM_AE_ECFP    :RMSD: 0.725826, P: 0.867187, R^2: 0.743209
SVM_BET_ECFP的BA值    ：-11.424572846404802
SVM_BET_ECFP    :RMSD: 0.720787, P: 0.867141, R^2: 0.746762
SVM_AE_BET_ECFP的BA值    ：-11.42475908177339
SVM_AE_BET_ECFP    :RMSD: 0.696604, P: 0.876304, R^2: 0.763470
fold= 4
>>>>>>>>>>>>>training.............
###############################################SVM#####################################################
SVM_BET的BA值：-11.881664300024898
SVM_BET:RMSD: 0.800124, P: 0.829171, R^2: 0.680063
SVM_AE的BA值 ：-11.881670257335918
SVM_AE :RMSD: 0.811515, P: 0.822943, R^2: 0.670888
SVM_ECFP的BA值 ：-11.922514484794071
SVM_ECFP :RMSD: 0.928476, P: 0.765056, R^2: 0.569184
SVM_AE_BET的BA值    ：-11.881667278680407
SVM_AE_BET    :RMSD: 0.793540, P: 0.831100, R^2: 0.685306
SVM_AE_ECFP的BA值    ：-11.726868659008751
SVM_AE_ECFP    :RMSD: 0.836632, P: 0.808737, R^2: 0.650201
SVM_BET_ECFP的BA值    ：-11.726865680353242
SVM_BET_ECFP    :RMSD: 0.831412, P: 0.811630, R^2: 0.654551
SVM_AE_BET_ECFP的BA值    ：-11.778467206014135
SVM_AE_BET_ECFP    :RMSD: 0.811227, P: 0.821032, R^2: 0.671122
fold= 5
>>>>>>>>>>>>>training.............
###############################################SVM#####################################################
SVM_BET的BA值：-11.594217596846535
SVM_BET:RMSD: 0.793923, P: 0.845320, R^2: 0.693707
SVM_AE的BA值 ：-11.491532418171765
SVM_AE :RMSD: 0.805289, P: 0.840842, R^2: 0.684875
SVM_ECFP的BA值 ：-11.912740711250004
SVM_ECFP :RMSD: 0.867555, P: 0.839488, R^2: 0.634259
SVM_AE_BET的BA值    ：-11.54287500750915
SVM_AE_BET    :RMSD: 0.785267, P: 0.849679, R^2: 0.700350
SVM_AE_ECFP的BA值    ：-11.702136564710884
SVM_AE_ECFP    :RMSD: 0.791493, P: 0.862080, R^2: 0.695580
SVM_BET_ECFP的BA值    ：-11.75347915404827
SVM_BET_ECFP    :RMSD: 0.778664, P: 0.867600, R^2: 0.705368
SVM_AE_BET_ECFP的BA值    ：-11.666163575422766
SVM_AE_BET_ECFP    :RMSD: 0.772171, P: 0.865119, R^2: 0.710261
fold= 6
>>>>>>>>>>>>>training.............
###############################################SVM#####################################################
SVM_BET的BA值：-11.812407579948129
SVM_BET:RMSD: 0.785953, P: 0.848560, R^2: 0.711473
SVM_AE的BA值 ：-11.680453373586563
SVM_AE :RMSD: 0.771022, P: 0.852458, R^2: 0.722330
SVM_ECFP的BA值 ：-12.155214035143874
SVM_ECFP :RMSD: 0.887165, P: 0.809415, R^2: 0.632376
SVM_AE_BET的BA值    ：-11.695973870780998
SVM_AE_BET    :RMSD: 0.764084, P: 0.856563, R^2: 0.727306
SVM_AE_ECFP的BA值    ：-11.86737709837887
SVM_AE_ECFP    :RMSD: 0.783108, P: 0.852948, R^2: 0.713557
SVM_BET_ECFP的BA值    ：-11.983810807546002
SVM_BET_ECFP    :RMSD: 0.795179, P: 0.849737, R^2: 0.704658
SVM_AE_BET_ECFP的BA值    ：-11.849053925568624
SVM_AE_BET_ECFP    :RMSD: 0.768715, P: 0.858377, R^2: 0.723990
fold= 7
>>>>>>>>>>>>>training.............
###############################################SVM#####################################################
SVM_BET的BA值：-11.580241979079503
SVM_BET:RMSD: 0.868790, P: 0.823658, R^2: 0.669376
SVM_AE的BA值 ：-11.516730939276908
SVM_AE :RMSD: 0.882223, P: 0.816933, R^2: 0.659073
SVM_ECFP的BA值 ：-11.858200050008007
SVM_ECFP :RMSD: 0.900733, P: 0.803936, R^2: 0.644617
SVM_AE_BET的BA值    ：-11.497875708765022
SVM_AE_BET    :RMSD: 0.866754, P: 0.823651, R^2: 0.670924
SVM_AE_ECFP的BA值    ：-11.636854744229273
SVM_AE_ECFP    :RMSD: 0.854330, P: 0.824842, R^2: 0.680290
SVM_BET_ECFP的BA值    ：-11.719221014543756
SVM_BET_ECFP    :RMSD: 0.849604, P: 0.827046, R^2: 0.683818
SVM_AE_BET_ECFP的BA值    ：-11.617983822512684
SVM_AE_BET_ECFP    :RMSD: 0.847706, P: 0.828315, R^2: 0.685229
fold= 8
>>>>>>>>>>>>>training.............
###############################################SVM#####################################################
SVM_BET的BA值：-11.542955610049264
SVM_BET:RMSD: 0.823633, P: 0.800198, R^2: 0.633284
SVM_AE的BA值 ：-11.516793820477933
SVM_AE :RMSD: 0.781294, P: 0.819519, R^2: 0.670017
SVM_ECFP的BA值 ：-11.621437038278495
SVM_ECFP :RMSD: 0.912757, P: 0.743307, R^2: 0.549625
SVM_AE_BET的BA值    ：-11.499920077210053
SVM_AE_BET    :RMSD: 0.789793, P: 0.815992, R^2: 0.662798
SVM_AE_ECFP的BA值    ：-11.554190784283215
SVM_AE_ECFP    :RMSD: 0.812683, P: 0.803698, R^2: 0.642969
SVM_BET_ECFP的BA值    ：-11.462056049703497
SVM_BET_ECFP    :RMSD: 0.829563, P: 0.794736, R^2: 0.627983
SVM_AE_BET_ECFP的BA值    ：-11.480301973294976
SVM_AE_BET_ECFP    :RMSD: 0.800534, P: 0.810267, R^2: 0.653564
fold= 9
>>>>>>>>>>>>>training.............
###############################################SVM#####################################################
SVM_BET的BA值：-11.521111918616967
SVM_BET:RMSD: 0.739592, P: 0.862828, R^2: 0.742820
SVM_AE的BA值 ：-11.535317940604717
SVM_AE :RMSD: 0.727717, P: 0.866952, R^2: 0.751012
SVM_ECFP的BA值 ：-11.783628981415724
SVM_ECFP :RMSD: 0.764934, P: 0.854735, R^2: 0.724893
SVM_AE_BET的BA值    ：-11.528214929610842
SVM_AE_BET    :RMSD: 0.719434, P: 0.870741, R^2: 0.756648
SVM_AE_ECFP的BA值    ：-11.45123370616285
SVM_AE_ECFP    :RMSD: 0.714816, P: 0.874100, R^2: 0.759761
SVM_BET_ECFP的BA值    ：-11.508585566549304
SVM_BET_ECFP    :RMSD: 0.725544, P: 0.870570, R^2: 0.752496
SVM_AE_BET_ECFP的BA值    ：-11.462741117726177
SVM_AE_BET_ECFP    :RMSD: 0.711661, P: 0.875249, R^2: 0.761877
fold= 10
>>>>>>>>>>>>>training.............
###############################################SVM#####################################################
SVM_BET的BA值：-11.731680160260517
SVM_BET:RMSD: 0.899092, P: 0.760330, R^2: 0.568456
SVM_AE的BA值 ：-11.755129133227358
SVM_AE :RMSD: 0.880198, P: 0.770525, R^2: 0.586402
SVM_ECFP的BA值 ：-11.892359871143112
SVM_ECFP :RMSD: 0.877548, P: 0.770848, R^2: 0.588889
SVM_AE_BET的BA值    ：-11.743404646743937
SVM_AE_BET    :RMSD: 0.879720, P: 0.770402, R^2: 0.586851
SVM_AE_ECFP的BA值    ：-11.620230956005155
SVM_AE_ECFP    :RMSD: 0.852360, P: 0.784076, R^2: 0.612150
SVM_BET_ECFP的BA值    ：-11.607048975717568
SVM_BET_ECFP    :RMSD: 0.859576, P: 0.780086, R^2: 0.605555
SVM_AE_BET_ECFP的BA值    ：-11.65640902822083
SVM_AE_BET_ECFP    :RMSD: 0.856607, P: 0.781907, R^2: 0.608275
@@@@@@@@@@@@@@@@@@@@@@@@@@@@@@@@@@@@@@@@@@@最终结果@@@@@@@@@@@@@@@@@@@@@@@@@@@@@@@@@@@@@@@@@@@@@@@@@@
@@@@@@@@@@@@@@@@@@@@@@@@@@@@@@@@@@@@@@@@@@@最终结果@@@@@@@@@@@@@@@@@@@@@@@@@@@@@@@@@@@@@@@@@@@@@@@@@@
%%%%%%%%%%%%%%%%%%%%%%%%%%%%%%%%%%%%%%%%%%%SVM%%%%%%%%%%%%%%%%%%%%%%%%%%%%%%%%%%%%%%%%%%%%%%%%%%%%%%
SVM_BET:0-th Final RMSD: 0.804033, Final P: 0.830816, Final R^2: 0.688387
SVM_AE :0-th Final RMSD: 0.802079, Final P: 0.831162, Final R^2: 0.689899
SVM_ECFP :0-th Final RMSD: 0.875507, Final P: 0.800087, Final R^2: 0.630523
SVM_AE_BET    :0-th Final RMSD: 0.790356, Final P: 0.836506, Final R^2: 0.698898
SVM_AE_ECFP    :0-th Final RMSD: 0.798411, Final P: 0.834856, Final R^2: 0.692730
SVM_BET_ECFP    :0-th Final RMSD: 0.799687, Final P: 0.834467, Final R^2: 0.691747
SVM_AE_BET_ECFP    :0-th Final RMSD: 0.785294, Final P: 0.839957, Final R^2: 0.702743
0-th SVM_AE的BA值 ：-12.161743
0-th SVM_BET的BA值：-12.089612
0-th SVM_ECFP的BA值 ：-12.155214
0-th SVM_AE_BET的BA值：-12.125677
0-th SVM_AE_ECFP的BA值    ：-12.022408
0-th SVM_BET_ECFP的BA值    ：-11.986342
0-th SVM_AE_BET_ECFP的BA值    ：-12.044809
total time: 0.02483602676126692 h
