size of data: (25,)
size of train size: 20
SVM parameter
Namespace(dataset='CHEMBL5398', C=10, kernel='rbf', gamma='scale', random_seed=0)
fold= 1
>>>>>>>>>>>>>training.............
###############################################SVM#####################################################
SVM_BET的BA值：-8.701124419720204
SVM_BET:RMSD: 1.043755, P: -0.445821, R^2: -0.157054
SVM_AE的BA值 ：-8.62428266840022
SVM_AE :RMSD: 0.989430, P: 0.376366, R^2: -0.039743
SVM_ECFP的BA值 ：-9.03646216789012
SVM_ECFP :RMSD: 1.069472, P: 0.954751, R^2: -0.214773
SVM_AE_BET的BA值    ：-8.66270354406021
SVM_AE_BET    :RMSD: 1.016223, P: -0.059956, R^2: -0.096818
SVM_AE_ECFP的BA值    ：-8.803225898088503
SVM_AE_ECFP    :RMSD: 1.014951, P: 0.992187, R^2: -0.094074
SVM_BET_ECFP的BA值    ：-8.813107082791316
SVM_BET_ECFP    :RMSD: 1.046010, P: 0.973056, R^2: -0.162058
SVM_AE_BET_ECFP的BA值    ：-8.732067931289839
SVM_AE_BET_ECFP    :RMSD: 1.022835, P: 0.827457, R^2: -0.111136
fold= 2
>>>>>>>>>>>>>training.............
###############################################SVM#####################################################
SVM_BET的BA值：-8.601982804107452
SVM_BET:RMSD: 0.739874, P: 0.902526, R^2: 0.096135
SVM_AE的BA值 ：-8.7099622724409
SVM_AE :RMSD: 0.699264, P: 0.866647, R^2: 0.192634
SVM_ECFP的BA值 ：-8.919625232238905
SVM_ECFP :RMSD: 0.842373, P: 0.724386, R^2: -0.171645
SVM_AE_BET的BA值    ：-8.655972538274176
SVM_AE_BET    :RMSD: 0.719052, P: 0.878881, R^2: 0.146295
SVM_AE_ECFP的BA值    ：-8.814793752339902
SVM_AE_ECFP    :RMSD: 0.761912, P: 0.814467, R^2: 0.041490
SVM_BET_ECFP的BA值    ：-8.760804018173179
SVM_BET_ECFP    :RMSD: 0.778117, P: 0.807744, R^2: 0.000282
SVM_AE_BET_ECFP的BA值    ：-8.743856769595752
SVM_AE_BET_ECFP    :RMSD: 0.750264, P: 0.836347, R^2: 0.070571
fold= 3
>>>>>>>>>>>>>training.............
###############################################SVM#####################################################
SVM_BET的BA值：-8.867068217982947
SVM_BET:RMSD: 0.192455, P: 0.802015, R^2: 0.621094
SVM_AE的BA值 ：-8.990235348391368
SVM_AE :RMSD: 0.167368, P: 0.866453, R^2: 0.713437
SVM_ECFP的BA值 ：-9.174367576958797
SVM_ECFP :RMSD: 0.350264, P: 0.916705, R^2: -0.255063
SVM_AE_BET的BA值    ：-8.928651783187156
SVM_AE_BET    :RMSD: 0.173151, P: 0.839017, R^2: 0.693292
SVM_AE_ECFP的BA值    ：-9.082301462675083
SVM_AE_ECFP    :RMSD: 0.227064, P: 0.889613, R^2: 0.472563
SVM_BET_ECFP的BA值    ：-9.020717897470872
SVM_BET_ECFP    :RMSD: 0.211580, P: 0.863361, R^2: 0.542044
SVM_AE_BET_ECFP的BA值    ：-9.010557047777704
SVM_AE_BET_ECFP    :RMSD: 0.187820, P: 0.864570, R^2: 0.639125
fold= 4
>>>>>>>>>>>>>training.............
###############################################SVM#####################################################
SVM_BET的BA值：-8.625393403385532
SVM_BET:RMSD: 0.469371, P: -0.652929, R^2: -0.284033
SVM_AE的BA值 ：-8.583349164277932
SVM_AE :RMSD: 0.409397, P: 0.246011, R^2: 0.023137
SVM_ECFP的BA值 ：-8.977963783350967
SVM_ECFP :RMSD: 0.489867, P: 0.794707, R^2: -0.398619
SVM_AE_BET的BA值    ：-8.604371283831732
SVM_AE_BET    :RMSD: 0.439245, P: -0.401034, R^2: -0.124493
SVM_AE_ECFP的BA值    ：-8.748719429324787
SVM_AE_ECFP    :RMSD: 0.410756, P: 0.999576, R^2: 0.016645
SVM_BET_ECFP的BA值    ：-8.737974380939505
SVM_BET_ECFP    :RMSD: 0.440398, P: -0.221915, R^2: -0.130403
SVM_AE_BET_ECFP的BA值    ：-8.686432642052315
SVM_AE_BET_ECFP    :RMSD: 0.420917, P: 0.059886, R^2: -0.032610
fold= 5
>>>>>>>>>>>>>training.............
###############################################SVM#####################################################
SVM_BET的BA值：-8.656686553414303
SVM_BET:RMSD: 0.551649, P: -0.970179, R^2: -31.935395
SVM_AE的BA值 ：-8.663834176787551
SVM_AE :RMSD: 0.460646, P: -0.837038, R^2: -21.965311
SVM_ECFP的BA值 ：-9.045732449304563
SVM_ECFP :RMSD: 0.256636, P: -0.690912, R^2: -6.128110
SVM_AE_BET的BA值    ：-8.660260365100928
SVM_AE_BET    :RMSD: 0.505856, P: -0.925426, R^2: -26.694367
SVM_AE_ECFP的BA值    ：-8.84717580690781
SVM_AE_ECFP    :RMSD: 0.326638, P: -0.751710, R^2: -10.547022
SVM_BET_ECFP的BA值    ：-8.843601995221185
SVM_BET_ECFP    :RMSD: 0.368726, P: -0.850190, R^2: -13.714498
SVM_AE_BET_ECFP的BA值    ：-8.78367938907664
SVM_AE_BET_ECFP    :RMSD: 0.396063, P: -0.846786, R^2: -15.977192
fold= 6
>>>>>>>>>>>>>training.............
###############################################SVM#####################################################
SVM_BET的BA值：-8.68268825118098
SVM_BET:RMSD: 0.753830, P: -1.000000, R^2: -0.288647
SVM_AE的BA值 ：-8.768291129394367
SVM_AE :RMSD: 0.837676, P: -1.000000, R^2: -0.591254
SVM_ECFP的BA值 ：-9.04639353662599
SVM_ECFP :RMSD: 0.951581, P: -1.000000, R^2: -1.053424
SVM_AE_BET的BA值    ：-8.725489690287674
SVM_AE_BET    :RMSD: 0.795563, P: -1.000000, R^2: -0.435280
SVM_AE_ECFP的BA值    ：-8.907342333010178
SVM_AE_ECFP    :RMSD: 0.881684, P: -1.000000, R^2: -0.762842
SVM_BET_ECFP的BA值    ：-8.864540893903484
SVM_BET_ECFP    :RMSD: 0.843410, P: -1.000000, R^2: -0.613112
SVM_AE_BET_ECFP的BA值    ：-8.832457639067112
SVM_AE_BET_ECFP    :RMSD: 0.837393, P: -1.000000, R^2: -0.590179
fold= 7
>>>>>>>>>>>>>training.............
###############################################SVM#####################################################
SVM_BET的BA值：-8.645981746896021
SVM_BET:RMSD: 0.522870, P: -1.000000, R^2: -0.411039
SVM_AE的BA值 ：-8.665211874146953
SVM_AE :RMSD: 0.424726, P: 1.000000, R^2: 0.068960
SVM_ECFP的BA值 ：-9.008789023977696
SVM_ECFP :RMSD: 0.484305, P: -1.000000, R^2: -0.210567
SVM_AE_BET的BA值    ：-8.615815163521532
SVM_AE_BET    :RMSD: 0.471966, P: 1.000000, R^2: -0.149671
SVM_AE_ECFP的BA值    ：-8.831572354168692
SVM_AE_ECFP    :RMSD: 0.400496, P: 1.000000, R^2: 0.172159
SVM_BET_ECFP的BA值    ：-8.827385385436859
SVM_BET_ECFP    :RMSD: 0.462864, P: -1.000000, R^2: -0.105752
SVM_AE_BET_ECFP的BA值    ：-8.743187720411164
SVM_AE_BET_ECFP    :RMSD: 0.434771, P: 1.000000, R^2: 0.024399
fold= 8
>>>>>>>>>>>>>training.............
###############################################SVM#####################################################
SVM_BET的BA值：-8.726106911696005
SVM_BET:RMSD: 0.927417, P: 1.000000, R^2: -3.029478
SVM_AE的BA值 ：-8.58228081535293
SVM_AE :RMSD: 0.958421, P: -1.000000, R^2: -3.303396
SVM_ECFP的BA值 ：-9.007845339614777
SVM_ECFP :RMSD: 1.280520, P: 1.000000, R^2: -6.681951
SVM_AE_BET的BA值    ：-8.6444786860019
SVM_AE_BET    :RMSD: 0.940553, P: 1.000000, R^2: -3.144437
SVM_AE_ECFP的BA值    ：-8.785347899961288
SVM_AE_ECFP    :RMSD: 1.114453, P: 1.000000, R^2: -4.818649
SVM_BET_ECFP的BA值    ：-8.866976125655391
SVM_BET_ECFP    :RMSD: 1.103636, P: 1.000000, R^2: -4.706248
SVM_AE_BET_ECFP的BA值    ：-8.76560090387286
SVM_AE_BET_ECFP    :RMSD: 1.051994, P: 1.000000, R^2: -4.184723
fold= 9
>>>>>>>>>>>>>training.............
###############################################SVM#####################################################
SVM_BET的BA值：-8.505798882937727
SVM_BET:RMSD: 0.861081, P: 1.000000, R^2: -209.101422
SVM_AE的BA值 ：-8.544140067573448
SVM_AE :RMSD: 0.824613, P: -1.000000, R^2: -191.681834
SVM_ECFP的BA值 ：-8.91743470524062
SVM_ECFP :RMSD: 0.463980, P: -1.000000, R^2: -60.001404
SVM_AE_BET的BA值    ：-8.470172981537003
SVM_AE_BET    :RMSD: 0.840765, P: 1.000000, R^2: -199.304153
SVM_AE_ECFP的BA值    ：-8.730787386407034
SVM_AE_ECFP    :RMSD: 0.643211, P: -1.000000, R^2: -116.232417
SVM_BET_ECFP的BA值    ：-8.651792751954481
SVM_BET_ECFP    :RMSD: 0.657382, P: 1.000000, R^2: -121.455004
SVM_AE_BET_ECFP的BA值    ：-8.615211904872027
SVM_AE_BET_ECFP    :RMSD: 0.712921, P: -1.000000, R^2: -143.020182
fold= 10
>>>>>>>>>>>>>training.............
###############################################SVM#####################################################
SVM_BET的BA值：-8.59563412163065
SVM_BET:RMSD: 0.155699, P: -1.000000, R^2: -5.763279
SVM_AE的BA值 ：-8.590920113218006
SVM_AE :RMSD: 0.187083, P: -1.000000, R^2: -8.764666
SVM_ECFP的BA值 ：-9.096133950197837
SVM_ECFP :RMSD: 0.592642, P: -1.000000, R^2: -96.988083
SVM_AE_BET的BA值    ：-8.593277117424329
SVM_AE_BET    :RMSD: 0.167853, P: -1.000000, R^2: -6.860385
SVM_AE_ECFP的BA值    ：-8.843527031707922
SVM_AE_ECFP    :RMSD: 0.340291, P: -1.000000, R^2: -31.306331
SVM_BET_ECFP的BA值    ：-8.845884035914244
SVM_BET_ECFP    :RMSD: 0.354629, P: -1.000000, R^2: -34.086195
SVM_AE_BET_ECFP的BA值    ：-8.760896061682166
SVM_AE_BET_ECFP    :RMSD: 0.272533, P: -1.000000, R^2: -19.721736
@@@@@@@@@@@@@@@@@@@@@@@@@@@@@@@@@@@@@@@@@@@最终结果@@@@@@@@@@@@@@@@@@@@@@@@@@@@@@@@@@@@@@@@@@@@@@@@@@
@@@@@@@@@@@@@@@@@@@@@@@@@@@@@@@@@@@@@@@@@@@最终结果@@@@@@@@@@@@@@@@@@@@@@@@@@@@@@@@@@@@@@@@@@@@@@@@@@
%%%%%%%%%%%%%%%%%%%%%%%%%%%%%%%%%%%%%%%%%%%SVM%%%%%%%%%%%%%%%%%%%%%%%%%%%%%%%%%%%%%%%%%%%%%%%%%%%%%%
SVM_BET:0-th Final RMSD: 0.679130, Final P: -0.093295, Final R^2: -0.080500
SVM_AE :0-th Final RMSD: 0.652949, Final P: 0.114932, Final R^2: 0.001201
SVM_ECFP :0-th Final RMSD: 0.735886, Final P: 0.197300, Final R^2: -0.268647
SVM_AE_BET    :0-th Final RMSD: 0.664422, Final P: 0.016418, Final R^2: -0.034206
SVM_AE_ECFP    :0-th Final RMSD: 0.670265, Final P: 0.164511, Final R^2: -0.052477
SVM_BET_ECFP    :0-th Final RMSD: 0.681934, Final P: 0.055831, Final R^2: -0.089442
SVM_AE_BET_ECFP    :0-th Final RMSD: 0.666158, Final P: 0.081278, Final R^2: -0.039617
0-th SVM_AE的BA值 ：-8.990235
0-th SVM_BET的BA值：-8.867068
0-th SVM_ECFP的BA值 ：-9.174368
0-th SVM_AE_BET的BA值：-8.928652
0-th SVM_AE_ECFP的BA值    ：-9.082301
0-th SVM_BET_ECFP的BA值    ：-9.020718
0-th SVM_AE_BET_ECFP的BA值    ：-9.010557
total time: 0.00021688812308841282 h
