size of data: (552,)
size of train size: 441
SVM parameter
Namespace(dataset='CHEMBL4073', C=10, kernel='rbf', gamma='scale', random_seed=0)
fold= 1
>>>>>>>>>>>>>training.............
###############################################SVM#####################################################
SVM_BET的BA值：-11.790528558148068
SVM_BET:RMSD: 0.946365, P: 0.841127, R^2: 0.694558
SVM_AE的BA值 ：-12.395212008904885
SVM_AE :RMSD: 0.984576, P: 0.822422, R^2: 0.669394
SVM_ECFP的BA值 ：-11.807189753593994
SVM_ECFP :RMSD: 1.030589, P: 0.806110, R^2: 0.637771
SVM_AE_BET的BA值    ：-12.092870283526477
SVM_AE_BET    :RMSD: 0.950577, P: 0.838612, R^2: 0.691833
SVM_AE_ECFP的BA值    ：-11.981092542353826
SVM_AE_ECFP    :RMSD: 0.975266, P: 0.829795, R^2: 0.675617
SVM_BET_ECFP的BA值    ：-11.678750816975418
SVM_BET_ECFP    :RMSD: 0.954646, P: 0.840878, R^2: 0.689189
SVM_AE_BET_ECFP的BA值    ：-11.91757121428524
SVM_AE_BET_ECFP    :RMSD: 0.950862, P: 0.840684, R^2: 0.691648
fold= 2
>>>>>>>>>>>>>training.............
###############################################SVM#####################################################
SVM_BET的BA值：-12.01228376500733
SVM_BET:RMSD: 1.012799, P: 0.845677, R^2: 0.693713
SVM_AE的BA值 ：-12.094689759795422
SVM_AE :RMSD: 0.997500, P: 0.846624, R^2: 0.702896
SVM_ECFP的BA值 ：-12.469927370477079
SVM_ECFP :RMSD: 0.961200, P: 0.855325, R^2: 0.724127
SVM_AE_BET的BA值    ：-12.053486762401377
SVM_AE_BET    :RMSD: 0.980160, P: 0.855895, R^2: 0.713136
SVM_AE_ECFP的BA值    ：-12.10035386821237
SVM_AE_ECFP    :RMSD: 0.928968, P: 0.870111, R^2: 0.742318
SVM_BET_ECFP的BA值    ：-12.160345229820283
SVM_BET_ECFP    :RMSD: 0.947763, P: 0.865162, R^2: 0.731786
SVM_AE_BET_ECFP的BA值    ：-12.017156941862742
SVM_AE_BET_ECFP    :RMSD: 0.939452, P: 0.868663, R^2: 0.736469
fold= 3
>>>>>>>>>>>>>training.............
###############################################SVM#####################################################
SVM_BET的BA值：-11.62356818737448
SVM_BET:RMSD: 0.912843, P: 0.800656, R^2: 0.639435
SVM_AE的BA值 ：-11.712219164655291
SVM_AE :RMSD: 0.874801, P: 0.818065, R^2: 0.668861
SVM_ECFP的BA值 ：-12.069567058672813
SVM_ECFP :RMSD: 1.010714, P: 0.750480, R^2: 0.557973
SVM_AE_BET的BA值    ：-11.667893676014884
SVM_AE_BET    :RMSD: 0.874987, P: 0.818878, R^2: 0.668721
SVM_AE_ECFP的BA值    ：-11.812466200936324
SVM_AE_ECFP    :RMSD: 0.897127, P: 0.808512, R^2: 0.651744
SVM_BET_ECFP的BA值    ：-11.768140712295917
SVM_BET_ECFP    :RMSD: 0.907747, P: 0.805047, R^2: 0.643450
SVM_AE_BET_ECFP的BA值    ：-11.74950019641571
SVM_AE_BET_ECFP    :RMSD: 0.879246, P: 0.818236, R^2: 0.665487
fold= 4
>>>>>>>>>>>>>training.............
###############################################SVM#####################################################
SVM_BET的BA值：-12.400123013321252
SVM_BET:RMSD: 0.711766, P: 0.904986, R^2: 0.818988
SVM_AE的BA值 ：-11.845211627699186
SVM_AE :RMSD: 0.827001, P: 0.869484, R^2: 0.755632
SVM_ECFP的BA值 ：-12.066027750266706
SVM_ECFP :RMSD: 0.804908, P: 0.885802, R^2: 0.768514
SVM_AE_BET的BA值    ：-12.12266732051022
SVM_AE_BET    :RMSD: 0.741872, P: 0.896336, R^2: 0.803351
SVM_AE_ECFP的BA值    ：-11.955619688982946
SVM_AE_ECFP    :RMSD: 0.740760, P: 0.902272, R^2: 0.803941
SVM_BET_ECFP的BA值    ：-12.233075381793979
SVM_BET_ECFP    :RMSD: 0.703120, P: 0.911991, R^2: 0.823359
SVM_AE_BET_ECFP的BA值    ：-12.103787463762382
SVM_AE_BET_ECFP    :RMSD: 0.709890, P: 0.908741, R^2: 0.819941
fold= 5
>>>>>>>>>>>>>training.............
###############################################SVM#####################################################
SVM_BET的BA值：-12.265776022517741
SVM_BET:RMSD: 0.984248, P: 0.796686, R^2: 0.620318
SVM_AE的BA值 ：-12.394748949999915
SVM_AE :RMSD: 1.045816, P: 0.763934, R^2: 0.571331
SVM_ECFP的BA值 ：-12.589259327100198
SVM_ECFP :RMSD: 0.978680, P: 0.801252, R^2: 0.624602
SVM_AE_BET的BA值    ：-12.316638490975684
SVM_AE_BET    :RMSD: 1.002208, P: 0.786247, R^2: 0.606335
SVM_AE_ECFP的BA值    ：-12.492004138550056
SVM_AE_ECFP    :RMSD: 0.946140, P: 0.811986, R^2: 0.649150
SVM_BET_ECFP的BA值    ：-12.413893679525826
SVM_BET_ECFP    :RMSD: 0.919753, P: 0.824218, R^2: 0.668447
SVM_AE_BET_ECFP的BA值    ：-12.407512103017188
SVM_AE_BET_ECFP    :RMSD: 0.940561, P: 0.814405, R^2: 0.653275
fold= 6
>>>>>>>>>>>>>training.............
###############################################SVM#####################################################
SVM_BET的BA值：-12.344096121037786
SVM_BET:RMSD: 0.945785, P: 0.835150, R^2: 0.688130
SVM_AE的BA值 ：-12.383414999008272
SVM_AE :RMSD: 0.906800, P: 0.845934, R^2: 0.713310
SVM_ECFP的BA值 ：-11.969548136776009
SVM_ECFP :RMSD: 1.059366, P: 0.796624, R^2: 0.608726
SVM_AE_BET的BA值    ：-12.36375556002303
SVM_AE_BET    :RMSD: 0.910499, P: 0.845881, R^2: 0.710967
SVM_AE_ECFP的BA值    ：-12.130701037026974
SVM_AE_ECFP    :RMSD: 0.937616, P: 0.842799, R^2: 0.693494
SVM_BET_ECFP的BA值    ：-12.11104159804173
SVM_BET_ECFP    :RMSD: 0.943015, P: 0.841457, R^2: 0.689954
SVM_AE_BET_ECFP的BA值    ：-12.201832731697245
SVM_AE_BET_ECFP    :RMSD: 0.915944, P: 0.848480, R^2: 0.707499
fold= 7
>>>>>>>>>>>>>training.............
###############################################SVM#####################################################
SVM_BET的BA值：-11.755348262353234
SVM_BET:RMSD: 0.827147, P: 0.813446, R^2: 0.655351
SVM_AE的BA值 ：-11.972759266733568
SVM_AE :RMSD: 0.811159, P: 0.818497, R^2: 0.668546
SVM_ECFP的BA值 ：-11.857640032625767
SVM_ECFP :RMSD: 0.832024, P: 0.808106, R^2: 0.651275
SVM_AE_BET的BA值    ：-11.864053764543401
SVM_AE_BET    :RMSD: 0.802501, P: 0.824288, R^2: 0.675584
SVM_AE_ECFP的BA值    ：-11.886634525234896
SVM_AE_ECFP    :RMSD: 0.773161, P: 0.837072, R^2: 0.698872
SVM_BET_ECFP的BA值    ：-11.77792902304473
SVM_BET_ECFP    :RMSD: 0.777835, P: 0.835846, R^2: 0.695220
SVM_AE_BET_ECFP的BA值    ：-11.842872437607676
SVM_AE_BET_ECFP    :RMSD: 0.771207, P: 0.838960, R^2: 0.700392
fold= 8
>>>>>>>>>>>>>training.............
###############################################SVM#####################################################
SVM_BET的BA值：-12.32467139001956
SVM_BET:RMSD: 0.827345, P: 0.875609, R^2: 0.721175
SVM_AE的BA值 ：-12.155884666043892
SVM_AE :RMSD: 0.836119, P: 0.860504, R^2: 0.715230
SVM_ECFP的BA值 ：-11.53227622867419
SVM_ECFP :RMSD: 0.824207, P: 0.868597, R^2: 0.723286
SVM_AE_BET的BA值    ：-12.240278028031726
SVM_AE_BET    :RMSD: 0.816504, P: 0.872311, R^2: 0.728434
SVM_AE_ECFP的BA值    ：-11.748934420220726
SVM_AE_ECFP    :RMSD: 0.797000, P: 0.874782, R^2: 0.741253
SVM_BET_ECFP的BA值    ：-11.83332778220856
SVM_BET_ECFP    :RMSD: 0.786874, P: 0.882498, R^2: 0.747786
SVM_AE_BET_ECFP的BA值    ：-11.940846743487006
SVM_AE_BET_ECFP    :RMSD: 0.790311, P: 0.879131, R^2: 0.745578
fold= 9
>>>>>>>>>>>>>training.............
###############################################SVM#####################################################
SVM_BET的BA值：-11.696123446834275
SVM_BET:RMSD: 0.925258, P: 0.856814, R^2: 0.727133
SVM_AE的BA值 ：-12.173548814910276
SVM_AE :RMSD: 0.962320, P: 0.846395, R^2: 0.704835
SVM_ECFP的BA值 ：-12.543802716445384
SVM_ECFP :RMSD: 0.967951, P: 0.841900, R^2: 0.701370
SVM_AE_BET的BA值    ：-11.934836130872275
SVM_AE_BET    :RMSD: 0.924902, P: 0.859961, R^2: 0.727343
SVM_AE_ECFP的BA值    ：-12.200998098070015
SVM_AE_ECFP    :RMSD: 0.930462, P: 0.860212, R^2: 0.724054
SVM_BET_ECFP的BA值    ：-11.962285414032014
SVM_BET_ECFP    :RMSD: 0.912443, P: 0.864407, R^2: 0.734639
SVM_AE_BET_ECFP的BA值    ：-12.032706547658101
SVM_AE_BET_ECFP    :RMSD: 0.912623, P: 0.866016, R^2: 0.734534
fold= 10
>>>>>>>>>>>>>training.............
###############################################SVM#####################################################
SVM_BET的BA值：-11.928428735826413
SVM_BET:RMSD: 1.053753, P: 0.775317, R^2: 0.590358
SVM_AE的BA值 ：-11.993843761044248
SVM_AE :RMSD: 1.069682, P: 0.768789, R^2: 0.577880
SVM_ECFP的BA值 ：-12.125439677029943
SVM_ECFP :RMSD: 1.110917, P: 0.742404, R^2: 0.544708
SVM_AE_BET的BA值    ：-11.96113624843533
SVM_AE_BET    :RMSD: 1.052159, P: 0.775642, R^2: 0.591597
SVM_AE_ECFP的BA值    ：-11.853303126958778
SVM_AE_ECFP    :RMSD: 1.057835, P: 0.768057, R^2: 0.587179
SVM_BET_ECFP的BA值    ：-11.937074113799358
SVM_BET_ECFP    :RMSD: 1.058635, P: 0.768515, R^2: 0.586554
SVM_AE_BET_ECFP的BA值    ：-11.835849551143992
SVM_AE_BET_ECFP    :RMSD: 1.048718, P: 0.773453, R^2: 0.594263
@@@@@@@@@@@@@@@@@@@@@@@@@@@@@@@@@@@@@@@@@@@最终结果@@@@@@@@@@@@@@@@@@@@@@@@@@@@@@@@@@@@@@@@@@@@@@@@@@
@@@@@@@@@@@@@@@@@@@@@@@@@@@@@@@@@@@@@@@@@@@最终结果@@@@@@@@@@@@@@@@@@@@@@@@@@@@@@@@@@@@@@@@@@@@@@@@@@
%%%%%%%%%%%%%%%%%%%%%%%%%%%%%%%%%%%%%%%%%%%SVM%%%%%%%%%%%%%%%%%%%%%%%%%%%%%%%%%%%%%%%%%%%%%%%%%%%%%%
SVM_BET:0-th Final RMSD: 0.919991, Final P: 0.830704, Final R^2: 0.689511
SVM_AE :0-th Final RMSD: 0.935993, Final P: 0.823860, Final R^2: 0.678616
SVM_ECFP :0-th Final RMSD: 0.963355, Final P: 0.814467, Final R^2: 0.659552
SVM_AE_BET    :0-th Final RMSD: 0.910529, Final P: 0.834296, Final R^2: 0.695865
SVM_AE_ECFP    :0-th Final RMSD: 0.903496, Final P: 0.839101, Final R^2: 0.700546
SVM_BET_ECFP    :0-th Final RMSD: 0.896901, Final P: 0.841523, Final R^2: 0.704901
SVM_AE_BET_ECFP    :0-th Final RMSD: 0.891234, Final P: 0.843289, Final R^2: 0.708619
0-th SVM_AE的BA值 ：-12.395212
0-th SVM_BET的BA值：-12.400123
0-th SVM_ECFP的BA值 ：-12.589259
0-th SVM_AE_BET的BA值：-12.363756
0-th SVM_AE_ECFP的BA值    ：-12.492004
0-th SVM_BET_ECFP的BA值    ：-12.413894
0-th SVM_AE_BET_ECFP的BA值    ：-12.407512
total time: 0.006583348446422153 h
