size of data: (26,)
size of train size: 20
SVM parameter
Namespace(dataset='CHEMBL4507', C=10, kernel='rbf', gamma='scale', random_seed=0)
fold= 1
>>>>>>>>>>>>>training.............
###############################################SVM#####################################################
SVM_BET的BA值：-8.557101763305559
SVM_BET:RMSD: 0.551368, P: 0.687093, R^2: -0.014198
SVM_AE的BA值 ：-8.548511639299829
SVM_AE :RMSD: 0.688073, P: -0.996568, R^2: -0.579458
SVM_ECFP的BA值 ：-8.699187261001462
SVM_ECFP :RMSD: 0.606929, P: 0.869143, R^2: -0.228897
SVM_AE_BET的BA值    ：-8.534204776404735
SVM_AE_BET    :RMSD: 0.617768, P: -0.751956, R^2: -0.273183
SVM_AE_ECFP的BA值    ：-8.573441762480645
SVM_AE_ECFP    :RMSD: 0.637758, P: -0.934833, R^2: -0.356909
SVM_BET_ECFP的BA值    ：-8.628144512153511
SVM_BET_ECFP    :RMSD: 0.574797, P: 0.985196, R^2: -0.102222
SVM_AE_BET_ECFP的BA值    ：-8.5372011976638
SVM_AE_BET_ECFP    :RMSD: 0.608207, P: -0.391476, R^2: -0.234078
fold= 2
>>>>>>>>>>>>>training.............
###############################################SVM#####################################################
SVM_BET的BA值：-8.695304448126096
SVM_BET:RMSD: 0.672376, P: 0.908499, R^2: 0.223131
SVM_AE的BA值 ：-8.5020258735736
SVM_AE :RMSD: 0.792234, P: 0.586090, R^2: -0.078527
SVM_ECFP的BA值 ：-9.12611105882685
SVM_ECFP :RMSD: 0.430746, P: 0.995212, R^2: 0.681165
SVM_AE_BET的BA值    ：-8.598665160849848
SVM_AE_BET    :RMSD: 0.731819, P: 0.793731, R^2: 0.079696
SVM_AE_ECFP的BA值    ：-8.814068466200226
SVM_AE_ECFP    :RMSD: 0.606767, P: 0.925288, R^2: 0.367344
SVM_BET_ECFP的BA值    ：-8.910707753476473
SVM_BET_ECFP    :RMSD: 0.545619, P: 0.972390, R^2: 0.488432
SVM_AE_BET_ECFP的BA值    ：-8.774480460175516
SVM_AE_BET_ECFP    :RMSD: 0.627202, P: 0.919895, R^2: 0.324013
fold= 3
>>>>>>>>>>>>>training.............
###############################################SVM#####################################################
SVM_BET的BA值：-8.434179357183101
SVM_BET:RMSD: 0.915286, P: 0.249521, R^2: -0.104086
SVM_AE的BA值 ：-8.325243330054917
SVM_AE :RMSD: 0.965530, P: -0.988723, R^2: -0.228629
SVM_ECFP的BA值 ：-8.860447966794647
SVM_ECFP :RMSD: 1.102088, P: -0.996375, R^2: -0.600746
SVM_AE_BET的BA值    ：-8.364783992952923
SVM_AE_BET    :RMSD: 0.939383, P: -0.049653, R^2: -0.162988
SVM_AE_ECFP的BA值    ：-8.592845648424781
SVM_AE_ECFP    :RMSD: 1.017464, P: -0.998056, R^2: -0.364355
SVM_BET_ECFP的BA值    ：-8.570696012194038
SVM_BET_ECFP    :RMSD: 0.993421, P: -0.901395, R^2: -0.300638
SVM_AE_BET_ECFP的BA值    ：-8.478926884370273
SVM_AE_BET_ECFP    :RMSD: 0.979435, P: -0.924040, R^2: -0.264273
fold= 4
>>>>>>>>>>>>>training.............
###############################################SVM#####################################################
SVM_BET的BA值：-8.559530278132483
SVM_BET:RMSD: 0.686017, P: 0.655608, R^2: 0.158944
SVM_AE的BA值 ：-8.553470276460459
SVM_AE :RMSD: 0.681621, P: 0.480741, R^2: 0.169688
SVM_ECFP的BA值 ：-8.90995705395679
SVM_ECFP :RMSD: 0.619393, P: 0.968916, R^2: 0.314373
SVM_AE_BET的BA值    ：-8.556500277296472
SVM_AE_BET    :RMSD: 0.682364, P: 0.550618, R^2: 0.167879
SVM_AE_ECFP的BA值    ：-8.731713665208623
SVM_AE_ECFP    :RMSD: 0.637292, P: 0.802396, R^2: 0.274175
SVM_BET_ECFP的BA值    ：-8.734743666044636
SVM_BET_ECFP    :RMSD: 0.644204, P: 0.893272, R^2: 0.258346
SVM_AE_BET_ECFP的BA值    ：-8.67431920284991
SVM_AE_BET_ECFP    :RMSD: 0.652190, P: 0.769943, R^2: 0.239844
fold= 5
>>>>>>>>>>>>>training.............
###############################################SVM#####################################################
SVM_BET的BA值：-8.866776215502355
SVM_BET:RMSD: 0.623887, P: -0.207049, R^2: -1.186242
SVM_AE的BA值 ：-9.062219557465244
SVM_AE :RMSD: 0.740391, P: -0.322292, R^2: -2.078995
SVM_ECFP的BA值 ：-9.370135354045185
SVM_ECFP :RMSD: 0.777100, P: 0.206159, R^2: -2.391885
SVM_AE_BET的BA值    ：-8.9644978864838
SVM_AE_BET    :RMSD: 0.679305, P: -0.279279, R^2: -1.591886
SVM_AE_ECFP的BA值    ：-9.216177455755215
SVM_AE_ECFP    :RMSD: 0.740205, P: -0.024446, R^2: -2.077450
SVM_BET_ECFP的BA值    ：-9.11845578477377
SVM_BET_ECFP    :RMSD: 0.681203, P: 0.076227, R^2: -1.606396
SVM_AE_BET_ECFP的BA值    ：-9.099710375670929
SVM_AE_BET_ECFP    :RMSD: 0.695405, P: -0.063788, R^2: -1.716201
fold= 6
>>>>>>>>>>>>>training.............
###############################################SVM#####################################################
SVM_BET的BA值：-8.748921210361912
SVM_BET:RMSD: 0.681123, P: 0.953827, R^2: 0.020256
SVM_AE的BA值 ：-8.7876923485578
SVM_AE :RMSD: 0.666654, P: 0.941262, R^2: 0.061440
SVM_ECFP的BA值 ：-8.887110773492195
SVM_ECFP :RMSD: 0.487429, P: 0.980525, R^2: 0.498253
SVM_AE_BET的BA值    ：-8.768306779459856
SVM_AE_BET    :RMSD: 0.673815, P: 0.947591, R^2: 0.041168
SVM_AE_ECFP的BA值    ：-8.837401561024997
SVM_AE_ECFP    :RMSD: 0.563773, P: 0.996319, R^2: 0.328771
SVM_BET_ECFP的BA值    ：-8.818015991927053
SVM_BET_ECFP    :RMSD: 0.572084, P: 0.998225, R^2: 0.308836
SVM_AE_BET_ECFP的BA值    ：-8.80790811080397
SVM_AE_BET_ECFP    :RMSD: 0.600985, P: 0.987131, R^2: 0.237239
fold= 7
>>>>>>>>>>>>>training.............
###############################################SVM#####################################################
SVM_BET的BA值：-8.535610587472151
SVM_BET:RMSD: 0.675047, P: -1.000000, R^2: -77.216270
SVM_AE的BA值 ：-8.591542837248161
SVM_AE :RMSD: 0.650836, P: -1.000000, R^2: -71.706277
SVM_ECFP的BA值 ：-8.899398264475161
SVM_ECFP :RMSD: 0.898689, P: -1.000000, R^2: -137.626976
SVM_AE_BET的BA值    ：-8.563576712360156
SVM_AE_BET    :RMSD: 0.660009, P: -1.000000, R^2: -73.770295
SVM_AE_ECFP的BA值    ：-8.745470550861661
SVM_AE_ECFP    :RMSD: 0.774704, P: -1.000000, R^2: -102.015070
SVM_BET_ECFP的BA值    ：-8.717504425973656
SVM_BET_ECFP    :RMSD: 0.784297, P: -1.000000, R^2: -104.582154
SVM_AE_BET_ECFP的BA值    ：-8.675517229731824
SVM_AE_BET_ECFP    :RMSD: 0.739120, P: -1.000000, R^2: -92.768951
fold= 8
>>>>>>>>>>>>>training.............
###############################################SVM#####################################################
SVM_BET的BA值：-8.711425199789197
SVM_BET:RMSD: 0.377460, P: 1.000000, R^2: -7.581602
SVM_AE的BA值 ：-8.696888374164761
SVM_AE :RMSD: 0.359610, P: 1.000000, R^2: -6.789173
SVM_ECFP的BA值 ：-8.922817210276836
SVM_ECFP :RMSD: 0.627369, P: 1.000000, R^2: -22.706776
SVM_AE_BET的BA值    ：-8.704156786976979
SVM_AE_BET    :RMSD: 0.368463, P: 1.000000, R^2: -7.177388
SVM_AE_ECFP的BA值    ：-8.809852792220799
SVM_AE_ECFP    :RMSD: 0.489340, P: 1.000000, R^2: -13.422768
SVM_BET_ECFP的BA值    ：-8.817121205033017
SVM_BET_ECFP    :RMSD: 0.499298, P: 1.000000, R^2: -14.015737
SVM_AE_BET_ECFP的BA值    ：-8.777043594743597
SVM_AE_BET_ECFP    :RMSD: 0.451255, P: 1.000000, R^2: -11.265114
fold= 9
>>>>>>>>>>>>>training.............
###############################################SVM#####################################################
SVM_BET的BA值：-8.391131398032158
SVM_BET:RMSD: 0.427463, P: 1.000000, R^2: 0.244631
SVM_AE的BA值 ：-8.341655662152966
SVM_AE :RMSD: 0.546599, P: -1.000000, R^2: -0.235089
SVM_ECFP的BA值 ：-8.940190597341676
SVM_ECFP :RMSD: 0.399688, P: 1.000000, R^2: 0.339606
SVM_AE_BET的BA值    ：-8.321603395900546
SVM_AE_BET    :RMSD: 0.487031, P: 1.000000, R^2: 0.019440
SVM_AE_ECFP的BA值    ：-8.596132995555305
SVM_AE_ECFP    :RMSD: 0.409807, P: 1.000000, R^2: 0.305743
SVM_BET_ECFP的BA值    ：-8.665660997686917
SVM_BET_ECFP    :RMSD: 0.356633, P: 1.000000, R^2: 0.474219
SVM_AE_BET_ECFP的BA值    ：-8.527799129714255
SVM_AE_BET_ECFP    :RMSD: 0.406621, P: 1.000000, R^2: 0.316496
fold= 10
>>>>>>>>>>>>>training.............
###############################################SVM#####################################################
SVM_BET的BA值：-8.545923621632587
SVM_BET:RMSD: 0.269126, P: 1.000000, R^2: -1.096609
SVM_AE的BA值 ：-8.502936298016813
SVM_AE :RMSD: 0.342604, P: 1.000000, R^2: -2.397730
SVM_ECFP的BA值 ：-8.731379976305961
SVM_ECFP :RMSD: 0.087621, P: 1.000000, R^2: 0.777760
SVM_AE_BET的BA值    ：-8.524429959824701
SVM_AE_BET    :RMSD: 0.305194, P: 1.000000, R^2: -1.696236
SVM_AE_ECFP的BA值    ：-8.617158137161386
SVM_AE_ECFP    :RMSD: 0.208076, P: 1.000000, R^2: -0.253282
SVM_BET_ECFP的BA值    ：-8.638651798969274
SVM_BET_ECFP    :RMSD: 0.174160, P: 1.000000, R^2: 0.121981
SVM_AE_BET_ECFP的BA值    ：-8.593413298651788
SVM_AE_BET_ECFP    :RMSD: 0.228425, P: 1.000000, R^2: -0.510397
@@@@@@@@@@@@@@@@@@@@@@@@@@@@@@@@@@@@@@@@@@@最终结果@@@@@@@@@@@@@@@@@@@@@@@@@@@@@@@@@@@@@@@@@@@@@@@@@@
@@@@@@@@@@@@@@@@@@@@@@@@@@@@@@@@@@@@@@@@@@@最终结果@@@@@@@@@@@@@@@@@@@@@@@@@@@@@@@@@@@@@@@@@@@@@@@@@@
%%%%%%%%%%%%%%%%%%%%%%%%%%%%%%%%%%%%%%%%%%%SVM%%%%%%%%%%%%%%%%%%%%%%%%%%%%%%%%%%%%%%%%%%%%%%%%%%%%%%
SVM_BET:0-th Final RMSD: 0.634263, Final P: 0.307440, Final R^2: 0.093619
SVM_AE :0-th Final RMSD: 0.690867, Final P: 0.085852, Final R^2: -0.075379
SVM_ECFP :0-th Final RMSD: 0.671342, Final P: 0.312432, Final R^2: -0.015453
SVM_AE_BET    :0-th Final RMSD: 0.660584, Final P: 0.194063, Final R^2: 0.016830
SVM_AE_ECFP    :0-th Final RMSD: 0.660646, Final P: 0.227199, Final R^2: 0.016647
SVM_BET_ECFP    :0-th Final RMSD: 0.635724, Final P: 0.331158, Final R^2: 0.089438
SVM_AE_BET_ECFP    :0-th Final RMSD: 0.647867, Final P: 0.257686, Final R^2: 0.054319
0-th SVM_AE的BA值 ：-9.062220
0-th SVM_BET的BA值：-8.866776
0-th SVM_ECFP的BA值 ：-9.370135
0-th SVM_AE_BET的BA值：-8.964498
0-th SVM_AE_ECFP的BA值    ：-9.216177
0-th SVM_BET_ECFP的BA值    ：-9.118456
0-th SVM_AE_BET_ECFP的BA值    ：-9.099710
total time: 0.00022788153754340278 h
