size of data: (974,)
size of train size: 779
SVM parameter
Namespace(dataset='CHEMBL1801', C=10, kernel='rbf', gamma='scale', random_seed=0)
fold= 1
>>>>>>>>>>>>>training.............
###############################################SVM#####################################################
SVM_BET的BA值：-13.446962750432135
SVM_BET:RMSD: 1.002253, P: 0.858041, R^2: 0.735802
SVM_AE的BA值 ：-13.448449763440182
SVM_AE :RMSD: 0.977707, P: 0.867621, R^2: 0.748584
SVM_ECFP的BA值 ：-13.186070935561395
SVM_ECFP :RMSD: 1.011225, P: 0.858592, R^2: 0.731050
SVM_AE_BET的BA值    ：-13.447706256936158
SVM_AE_BET    :RMSD: 0.959481, P: 0.871559, R^2: 0.757870
SVM_AE_ECFP的BA值    ：-13.061205037239837
SVM_AE_ECFP    :RMSD: 0.932896, P: 0.882409, R^2: 0.771102
SVM_BET_ECFP的BA值    ：-13.11886374466699
SVM_BET_ECFP    :RMSD: 0.958447, P: 0.872439, R^2: 0.758392
SVM_AE_BET_ECFP的BA值    ：-13.18979094163727
SVM_AE_BET_ECFP    :RMSD: 0.934230, P: 0.880190, R^2: 0.770447
fold= 2
>>>>>>>>>>>>>training.............
###############################################SVM#####################################################
SVM_BET的BA值：-13.42605776388079
SVM_BET:RMSD: 0.948811, P: 0.875374, R^2: 0.761599
SVM_AE的BA值 ：-13.157210661625252
SVM_AE :RMSD: 0.986504, P: 0.862777, R^2: 0.742281
SVM_ECFP的BA值 ：-12.791578149198653
SVM_ECFP :RMSD: 1.212577, P: 0.793514, R^2: 0.610625
SVM_AE_BET的BA值    ：-13.028772871290549
SVM_AE_BET    :RMSD: 0.937132, P: 0.877157, R^2: 0.767432
SVM_AE_ECFP的BA值    ：-12.679947390475522
SVM_AE_ECFP    :RMSD: 1.007905, P: 0.858198, R^2: 0.730978
SVM_BET_ECFP的BA值    ：-12.91370034869189
SVM_BET_ECFP    :RMSD: 1.004991, P: 0.859472, R^2: 0.732531
SVM_AE_BET_ECFP的BA值    ：-12.792058648860694
SVM_AE_BET_ECFP    :RMSD: 0.958738, P: 0.871958, R^2: 0.756584
fold= 3
>>>>>>>>>>>>>training.............
###############################################SVM#####################################################
SVM_BET的BA值：-13.41442983039649
SVM_BET:RMSD: 0.770143, P: 0.926344, R^2: 0.854634
SVM_AE的BA值 ：-13.389147456461236
SVM_AE :RMSD: 0.843094, P: 0.911140, R^2: 0.825790
SVM_ECFP的BA值 ：-13.505476954198468
SVM_ECFP :RMSD: 1.003525, P: 0.870414, R^2: 0.753181
SVM_AE_BET的BA值    ：-13.401788643428862
SVM_AE_BET    :RMSD: 0.778861, P: 0.925354, R^2: 0.851324
SVM_AE_ECFP的BA值    ：-13.266376008475255
SVM_AE_ECFP    :RMSD: 0.846132, P: 0.910605, R^2: 0.824532
SVM_BET_ECFP的BA值    ：-13.125056430699061
SVM_BET_ECFP    :RMSD: 0.802575, P: 0.920443, R^2: 0.842132
SVM_AE_BET_ECFP的BA值    ：-13.213086772619787
SVM_AE_BET_ECFP    :RMSD: 0.785689, P: 0.924201, R^2: 0.848705
fold= 4
>>>>>>>>>>>>>training.............
###############################################SVM#####################################################
SVM_BET的BA值：-13.342076818272211
SVM_BET:RMSD: 0.958221, P: 0.884249, R^2: 0.781686
SVM_AE的BA值 ：-13.533291120214471
SVM_AE :RMSD: 1.022882, P: 0.866755, R^2: 0.751229
SVM_ECFP的BA值 ：-12.590706781384863
SVM_ECFP :RMSD: 1.011988, P: 0.874740, R^2: 0.756499
SVM_AE_BET的BA值    ：-13.437683969243341
SVM_AE_BET    :RMSD: 0.964626, P: 0.882584, R^2: 0.778758
SVM_AE_ECFP的BA值    ：-13.061998950799667
SVM_AE_ECFP    :RMSD: 0.968026, P: 0.883526, R^2: 0.777196
SVM_BET_ECFP的BA值    ：-12.966391799828537
SVM_BET_ECFP    :RMSD: 0.924702, P: 0.894578, R^2: 0.796693
SVM_AE_BET_ECFP的BA值    ：-13.155358239957181
SVM_AE_BET_ECFP    :RMSD: 0.937017, P: 0.890766, R^2: 0.791241
fold= 5
>>>>>>>>>>>>>training.............
###############################################SVM#####################################################
SVM_BET的BA值：-13.09609203644572
SVM_BET:RMSD: 0.887176, P: 0.905236, R^2: 0.812055
SVM_AE的BA值 ：-13.709113941369916
SVM_AE :RMSD: 0.980583, P: 0.879722, R^2: 0.770395
SVM_ECFP的BA值 ：-13.005222906718924
SVM_ECFP :RMSD: 1.077184, P: 0.861064, R^2: 0.722929
SVM_AE_BET的BA值    ：-13.37342842427051
SVM_AE_BET    :RMSD: 0.917544, P: 0.897200, R^2: 0.798968
SVM_AE_ECFP的BA值    ：-13.328438877222787
SVM_AE_ECFP    :RMSD: 0.976089, P: 0.886579, R^2: 0.772495
SVM_BET_ECFP的BA值    ：-12.99275336012338
SVM_BET_ECFP    :RMSD: 0.933314, P: 0.899248, R^2: 0.791998
SVM_AE_BET_ECFP的BA值    ：-13.231540220538891
SVM_AE_BET_ECFP    :RMSD: 0.928194, P: 0.898382, R^2: 0.794274
fold= 6
>>>>>>>>>>>>>training.............
###############################################SVM#####################################################
SVM_BET的BA值：-13.84583495912581
SVM_BET:RMSD: 0.905857, P: 0.898713, R^2: 0.804452
SVM_AE的BA值 ：-14.324214631705171
SVM_AE :RMSD: 0.776931, P: 0.926793, R^2: 0.856154
SVM_ECFP的BA值 ：-13.312893279978645
SVM_ECFP :RMSD: 1.003736, P: 0.873346, R^2: 0.759910
SVM_AE_BET的BA值    ：-14.08502479541549
SVM_AE_BET    :RMSD: 0.821749, P: 0.918345, R^2: 0.839079
SVM_AE_ECFP的BA值    ：-13.462125804127545
SVM_AE_ECFP    :RMSD: 0.825205, P: 0.919102, R^2: 0.837722
SVM_BET_ECFP的BA值    ：-13.222935967837865
SVM_BET_ECFP    :RMSD: 0.902061, P: 0.901301, R^2: 0.806087
SVM_AE_BET_ECFP的BA值    ：-13.590028855793634
SVM_AE_BET_ECFP    :RMSD: 0.833207, P: 0.917408, R^2: 0.834560
fold= 7
>>>>>>>>>>>>>training.............
###############################################SVM#####################################################
SVM_BET的BA值：-13.399188568684515
SVM_BET:RMSD: 0.791629, P: 0.898842, R^2: 0.802270
SVM_AE的BA值 ：-13.310724891150446
SVM_AE :RMSD: 0.854734, P: 0.879595, R^2: 0.769489
SVM_ECFP的BA值 ：-15.483197155073277
SVM_ECFP :RMSD: 0.901671, P: 0.869057, R^2: 0.743478
SVM_AE_BET的BA值    ：-13.35495672991748
SVM_AE_BET    :RMSD: 0.796316, P: 0.898325, R^2: 0.799922
SVM_AE_ECFP的BA值    ：-14.396961023111862
SVM_AE_ECFP    :RMSD: 0.812811, P: 0.891382, R^2: 0.791547
SVM_BET_ECFP的BA值    ：-14.441192861878896
SVM_BET_ECFP    :RMSD: 0.790710, P: 0.897791, R^2: 0.802729
SVM_AE_BET_ECFP的BA值    ：-14.064370204969412
SVM_AE_BET_ECFP    :RMSD: 0.782429, P: 0.900718, R^2: 0.806840
fold= 8
>>>>>>>>>>>>>training.............
###############################################SVM#####################################################
SVM_BET的BA值：-13.066475528317248
SVM_BET:RMSD: 0.788213, P: 0.907623, R^2: 0.814612
SVM_AE的BA值 ：-13.071127517517382
SVM_AE :RMSD: 0.826141, P: 0.900521, R^2: 0.796342
SVM_ECFP的BA值 ：-14.054626463115927
SVM_ECFP :RMSD: 0.945714, P: 0.858956, R^2: 0.733122
SVM_AE_BET的BA值    ：-12.935940232826605
SVM_AE_BET    :RMSD: 0.765240, P: 0.914527, R^2: 0.825262
SVM_AE_ECFP的BA值    ：-13.265672988843551
SVM_AE_ECFP    :RMSD: 0.812637, P: 0.901049, R^2: 0.802945
SVM_BET_ECFP的BA值    ：-13.051863073533804
SVM_BET_ECFP    :RMSD: 0.800050, P: 0.903834, R^2: 0.809002
SVM_AE_BET_ECFP的BA值    ：-12.860148553879595
SVM_AE_BET_ECFP    :RMSD: 0.770717, P: 0.912312, R^2: 0.822751
fold= 9
>>>>>>>>>>>>>training.............
###############################################SVM#####################################################
SVM_BET的BA值：-13.351137620762493
SVM_BET:RMSD: 0.975654, P: 0.881179, R^2: 0.775148
SVM_AE的BA值 ：-13.279964444718992
SVM_AE :RMSD: 1.072681, P: 0.853508, R^2: 0.728201
SVM_ECFP的BA值 ：-12.542518173411422
SVM_ECFP :RMSD: 1.174606, P: 0.822358, R^2: 0.674096
SVM_AE_BET的BA值    ：-13.1849043417483
SVM_AE_BET    :RMSD: 0.992763, P: 0.876828, R^2: 0.767192
SVM_AE_ECFP的BA值    ：-12.830005043983451
SVM_AE_ECFP    :RMSD: 1.079010, P: 0.853066, R^2: 0.724985
SVM_BET_ECFP的BA值    ：-12.946827897086958
SVM_BET_ECFP    :RMSD: 1.033379, P: 0.867433, R^2: 0.747753
SVM_AE_BET_ECFP的BA值    ：-12.970775618969341
SVM_AE_BET_ECFP    :RMSD: 1.021361, P: 0.870288, R^2: 0.753586
fold= 10
>>>>>>>>>>>>>training.............
###############################################SVM#####################################################
SVM_BET的BA值：-13.392418047470407
SVM_BET:RMSD: 0.808844, P: 0.906240, R^2: 0.821192
SVM_AE的BA值 ：-13.08697049846596
SVM_AE :RMSD: 0.945623, P: 0.869827, R^2: 0.755605
SVM_ECFP的BA值 ：-13.951874843229245
SVM_ECFP :RMSD: 0.886552, P: 0.889361, R^2: 0.785185
SVM_AE_BET的BA值    ：-13.239694272968183
SVM_AE_BET    :RMSD: 0.852619, P: 0.895334, R^2: 0.801314
SVM_AE_ECFP的BA值    ：-13.519422670847602
SVM_AE_ECFP    :RMSD: 0.876417, P: 0.890401, R^2: 0.790068
SVM_BET_ECFP的BA值    ：-13.672146445349826
SVM_BET_ECFP    :RMSD: 0.801002, P: 0.909405, R^2: 0.824643
SVM_AE_BET_ECFP的BA值    ：-13.477087796388536
SVM_AE_BET_ECFP    :RMSD: 0.830815, P: 0.901738, R^2: 0.811347
@@@@@@@@@@@@@@@@@@@@@@@@@@@@@@@@@@@@@@@@@@@最终结果@@@@@@@@@@@@@@@@@@@@@@@@@@@@@@@@@@@@@@@@@@@@@@@@@@
@@@@@@@@@@@@@@@@@@@@@@@@@@@@@@@@@@@@@@@@@@@最终结果@@@@@@@@@@@@@@@@@@@@@@@@@@@@@@@@@@@@@@@@@@@@@@@@@@
%%%%%%%%%%%%%%%%%%%%%%%%%%%%%%%%%%%%%%%%%%%SVM%%%%%%%%%%%%%%%%%%%%%%%%%%%%%%%%%%%%%%%%%%%%%%%%%%%%%%
SVM_BET:0-th Final RMSD: 0.887723, Final P: 0.893137, Final R^2: 0.797255
SVM_AE :0-th Final RMSD: 0.933347, Final P: 0.880908, Final R^2: 0.775880
SVM_ECFP :0-th Final RMSD: 1.028009, Final P: 0.854740, Final R^2: 0.728113
SVM_AE_BET    :0-th Final RMSD: 0.882476, Final P: 0.894743, Final R^2: 0.799645
SVM_AE_ECFP    :0-th Final RMSD: 0.918043, Final P: 0.886399, Final R^2: 0.783169
SVM_BET_ECFP    :0-th Final RMSD: 0.899410, Final P: 0.891350, Final R^2: 0.791882
SVM_AE_BET_ECFP    :0-th Final RMSD: 0.882296, Final P: 0.895758, Final R^2: 0.799727
0-th SVM_AE的BA值 ：-14.324215
0-th SVM_BET的BA值：-13.845835
0-th SVM_ECFP的BA值 ：-15.483197
0-th SVM_AE_BET的BA值：-14.085025
0-th SVM_AE_ECFP的BA值    ：-14.396961
0-th SVM_BET_ECFP的BA值    ：-14.441193
0-th SVM_AE_BET_ECFP的BA值    ：-14.064370
total time: 0.015995493001408047 h
