size of data: (238,)
size of train size: 190
SVM parameter
Namespace(dataset='CHEMBL5319', C=10, kernel='rbf', gamma='scale', random_seed=0)
fold= 1
>>>>>>>>>>>>>training.............
###############################################SVM#####################################################
SVM_BET的BA值：-11.588234229825012
SVM_BET:RMSD: 1.006882, P: 0.632225, R^2: 0.124802
SVM_AE的BA值 ：-11.664837893183021
SVM_AE :RMSD: 0.942314, P: 0.629886, R^2: 0.233450
SVM_ECFP的BA值 ：-11.277465813192897
SVM_ECFP :RMSD: 0.912602, P: 0.639084, R^2: 0.281028
SVM_AE_BET的BA值    ：-11.626536061504016
SVM_AE_BET    :RMSD: 0.956826, P: 0.643531, R^2: 0.209658
SVM_AE_ECFP的BA值    ：-11.471151853187958
SVM_AE_ECFP    :RMSD: 0.908668, P: 0.653134, R^2: 0.287213
SVM_BET_ECFP的BA值    ：-11.432850021508955
SVM_BET_ECFP    :RMSD: 0.934418, P: 0.651631, R^2: 0.246242
SVM_AE_BET_ECFP的BA值    ：-11.510179312066976
SVM_AE_BET_ECFP    :RMSD: 0.926326, P: 0.654589, R^2: 0.259242
fold= 2
>>>>>>>>>>>>>training.............
###############################################SVM#####################################################
SVM_BET的BA值：-11.644712080080234
SVM_BET:RMSD: 1.047428, P: 0.614400, R^2: 0.281020
SVM_AE的BA值 ：-11.668697434836474
SVM_AE :RMSD: 1.107611, P: 0.552846, R^2: 0.196024
SVM_ECFP的BA值 ：-11.648734775442392
SVM_ECFP :RMSD: 1.104639, P: 0.541885, R^2: 0.200333
SVM_AE_BET的BA值    ：-11.656704757458353
SVM_AE_BET    :RMSD: 1.065866, P: 0.590239, R^2: 0.255484
SVM_AE_ECFP的BA值    ：-11.640033611606798
SVM_AE_ECFP    :RMSD: 1.086073, P: 0.561477, R^2: 0.226988
SVM_BET_ECFP的BA值    ：-11.628040934228679
SVM_BET_ECFP    :RMSD: 1.049186, P: 0.604438, R^2: 0.278604
SVM_AE_BET_ECFP的BA值    ：-11.641593101097945
SVM_AE_BET_ECFP    :RMSD: 1.060478, P: 0.590029, R^2: 0.262992
fold= 3
>>>>>>>>>>>>>training.............
###############################################SVM#####################################################
SVM_BET的BA值：-11.740067016771096
SVM_BET:RMSD: 1.015562, P: 0.775021, R^2: 0.583515
SVM_AE的BA值 ：-11.85565587894273
SVM_AE :RMSD: 0.993330, P: 0.794855, R^2: 0.601550
SVM_ECFP的BA值 ：-11.774221556665898
SVM_ECFP :RMSD: 1.100072, P: 0.733194, R^2: 0.511315
SVM_AE_BET的BA值    ：-11.77248849691972
SVM_AE_BET    :RMSD: 0.989555, P: 0.793560, R^2: 0.604572
SVM_AE_ECFP的BA值    ：-11.751803493442232
SVM_AE_ECFP    :RMSD: 1.017046, P: 0.785257, R^2: 0.582297
SVM_BET_ECFP的BA值    ：-11.757144286718496
SVM_BET_ECFP    :RMSD: 1.030626, P: 0.773292, R^2: 0.571068
SVM_AE_BET_ECFP的BA值    ：-11.730976033927059
SVM_AE_BET_ECFP    :RMSD: 1.004154, P: 0.789417, R^2: 0.592819
fold= 4
>>>>>>>>>>>>>training.............
###############################################SVM#####################################################
SVM_BET的BA值：-11.166491120375234
SVM_BET:RMSD: 0.857727, P: 0.699182, R^2: 0.479485
SVM_AE的BA值 ：-11.737089452926051
SVM_AE :RMSD: 0.821867, P: 0.722574, R^2: 0.522099
SVM_ECFP的BA值 ：-11.652509261620263
SVM_ECFP :RMSD: 0.892304, P: 0.672813, R^2: 0.436672
SVM_AE_BET的BA值    ：-11.451790286650642
SVM_AE_BET    :RMSD: 0.827965, P: 0.720388, R^2: 0.514981
SVM_AE_ECFP的BA值    ：-11.694799357273158
SVM_AE_ECFP    :RMSD: 0.830279, P: 0.716931, R^2: 0.512265
SVM_BET_ECFP的BA值    ：-11.409500190997749
SVM_BET_ECFP    :RMSD: 0.853013, P: 0.699410, R^2: 0.485191
SVM_AE_BET_ECFP的BA值    ：-11.518696611640516
SVM_AE_BET_ECFP    :RMSD: 0.830175, P: 0.717737, R^2: 0.512388
fold= 5
>>>>>>>>>>>>>training.............
###############################################SVM#####################################################
SVM_BET的BA值：-11.950087726080753
SVM_BET:RMSD: 1.153232, P: 0.572854, R^2: 0.284672
SVM_AE的BA值 ：-12.31674088898196
SVM_AE :RMSD: 1.092213, P: 0.623196, R^2: 0.358367
SVM_ECFP的BA值 ：-12.051950694283736
SVM_ECFP :RMSD: 1.024402, P: 0.663891, R^2: 0.435567
SVM_AE_BET的BA值    ：-12.133414307531357
SVM_AE_BET    :RMSD: 1.109191, P: 0.606519, R^2: 0.338265
SVM_AE_ECFP的BA值    ：-12.184345791632847
SVM_AE_ECFP    :RMSD: 1.041520, P: 0.652011, R^2: 0.416545
SVM_BET_ECFP的BA值    ：-12.001019210182244
SVM_BET_ECFP    :RMSD: 1.074797, P: 0.625528, R^2: 0.378666
SVM_AE_BET_ECFP的BA值    ：-12.106259769782149
SVM_AE_BET_ECFP    :RMSD: 1.070242, P: 0.630787, R^2: 0.383922
fold= 6
>>>>>>>>>>>>>training.............
###############################################SVM#####################################################
SVM_BET的BA值：-11.378100731524688
SVM_BET:RMSD: 1.015194, P: 0.611106, R^2: 0.357978
SVM_AE的BA值 ：-11.48004049910328
SVM_AE :RMSD: 1.016253, P: 0.600822, R^2: 0.356638
SVM_ECFP的BA值 ：-11.329661082235464
SVM_ECFP :RMSD: 1.066717, P: 0.544985, R^2: 0.291158
SVM_AE_BET的BA值    ：-11.429070615313984
SVM_AE_BET    :RMSD: 1.004508, P: 0.617720, R^2: 0.371424
SVM_AE_ECFP的BA值    ：-11.404850790669371
SVM_AE_ECFP    :RMSD: 1.007006, P: 0.620215, R^2: 0.368293
SVM_BET_ECFP的BA值    ：-11.353880906880075
SVM_BET_ECFP    :RMSD: 0.995199, P: 0.641711, R^2: 0.383019
SVM_AE_BET_ECFP的BA值    ：-11.39593410428781
SVM_AE_BET_ECFP    :RMSD: 0.991788, P: 0.639240, R^2: 0.387241
fold= 7
>>>>>>>>>>>>>training.............
###############################################SVM#####################################################
SVM_BET的BA值：-12.034387455464426
SVM_BET:RMSD: 1.029698, P: 0.519581, R^2: 0.196536
SVM_AE的BA值 ：-11.613280030117034
SVM_AE :RMSD: 1.059681, P: 0.500440, R^2: 0.149064
SVM_ECFP的BA值 ：-11.780852416144691
SVM_ECFP :RMSD: 0.981787, P: 0.567766, R^2: 0.269564
SVM_AE_BET的BA值    ：-11.823833742790729
SVM_AE_BET    :RMSD: 1.033746, P: 0.517216, R^2: 0.190205
SVM_AE_ECFP的BA值    ：-11.556442583198848
SVM_AE_ECFP    :RMSD: 1.002832, P: 0.546413, R^2: 0.237916
SVM_BET_ECFP的BA值    ：-11.766996295872545
SVM_BET_ECFP    :RMSD: 0.987250, P: 0.557108, R^2: 0.261413
SVM_AE_BET_ECFP的BA值    ：-11.715757540620707
SVM_AE_BET_ECFP    :RMSD: 1.002705, P: 0.544015, R^2: 0.238108
fold= 8
>>>>>>>>>>>>>training.............
###############################################SVM#####################################################
SVM_BET的BA值：-11.424841916558904
SVM_BET:RMSD: 1.188770, P: 0.519508, R^2: 0.250496
SVM_AE的BA值 ：-11.801545487748472
SVM_AE :RMSD: 1.096138, P: 0.613372, R^2: 0.362751
SVM_ECFP的BA值 ：-11.89706074897833
SVM_ECFP :RMSD: 0.992229, P: 0.716108, R^2: 0.477841
SVM_AE_BET的BA值    ：-11.613193702153687
SVM_AE_BET    :RMSD: 1.133562, P: 0.573580, R^2: 0.318495
SVM_AE_ECFP的BA值    ：-11.797361705699405
SVM_AE_ECFP    :RMSD: 1.007985, P: 0.692401, R^2: 0.461126
SVM_BET_ECFP的BA值    ：-11.60900992010462
SVM_BET_ECFP    :RMSD: 1.041111, P: 0.660454, R^2: 0.425126
SVM_AE_BET_ECFP的BA值    ：-11.673188442652572
SVM_AE_BET_ECFP    :RMSD: 1.050948, P: 0.652041, R^2: 0.414211
fold= 9
>>>>>>>>>>>>>training.............
###############################################SVM#####################################################
SVM_BET的BA值：-11.383297008149327
SVM_BET:RMSD: 1.360812, P: 0.434824, R^2: 0.090244
SVM_AE的BA值 ：-11.340088544439482
SVM_AE :RMSD: 1.349186, P: 0.441015, R^2: 0.105723
SVM_ECFP的BA值 ：-11.2230317634119
SVM_ECFP :RMSD: 1.248988, P: 0.561636, R^2: 0.233619
SVM_AE_BET的BA值    ：-11.361692776294404
SVM_AE_BET    :RMSD: 1.348751, P: 0.441364, R^2: 0.106299
SVM_AE_ECFP的BA值    ：-11.28156015392569
SVM_AE_ECFP    :RMSD: 1.272839, P: 0.510613, R^2: 0.204069
SVM_BET_ECFP的BA值    ：-11.303164385780613
SVM_BET_ECFP    :RMSD: 1.283389, P: 0.502762, R^2: 0.190820
SVM_AE_BET_ECFP的BA值    ：-11.315472438666902
SVM_AE_BET_ECFP    :RMSD: 1.295859, P: 0.486337, R^2: 0.175018
fold= 10
>>>>>>>>>>>>>training.............
###############################################SVM#####################################################
SVM_BET的BA值：-11.401326818852969
SVM_BET:RMSD: 1.112788, P: 0.576632, R^2: 0.306985
SVM_AE的BA值 ：-11.213074980546494
SVM_AE :RMSD: 1.090756, P: 0.580095, R^2: 0.334156
SVM_ECFP的BA值 ：-11.539464507470122
SVM_ECFP :RMSD: 1.033533, P: 0.639024, R^2: 0.402185
SVM_AE_BET的BA值    ：-11.307200899699732
SVM_AE_BET    :RMSD: 1.090813, P: 0.584924, R^2: 0.334086
SVM_AE_ECFP的BA值    ：-11.197897173431581
SVM_AE_ECFP    :RMSD: 1.025377, P: 0.643805, R^2: 0.411583
SVM_BET_ECFP的BA值    ：-11.41158532626087
SVM_BET_ECFP    :RMSD: 1.028047, P: 0.641719, R^2: 0.408515
SVM_AE_BET_ECFP的BA值    ：-11.265707055238712
SVM_AE_BET_ECFP    :RMSD: 1.037967, P: 0.631626, R^2: 0.397046
@@@@@@@@@@@@@@@@@@@@@@@@@@@@@@@@@@@@@@@@@@@最终结果@@@@@@@@@@@@@@@@@@@@@@@@@@@@@@@@@@@@@@@@@@@@@@@@@@
@@@@@@@@@@@@@@@@@@@@@@@@@@@@@@@@@@@@@@@@@@@最终结果@@@@@@@@@@@@@@@@@@@@@@@@@@@@@@@@@@@@@@@@@@@@@@@@@@
%%%%%%%%%%%%%%%%%%%%%%%%%%%%%%%%%%%%%%%%%%%SVM%%%%%%%%%%%%%%%%%%%%%%%%%%%%%%%%%%%%%%%%%%%%%%%%%%%%%%
SVM_BET:0-th Final RMSD: 1.084963, Final P: 0.586488, Final R^2: 0.328837
SVM_AE :0-th Final RMSD: 1.063293, Final P: 0.604662, Final R^2: 0.355379
SVM_ECFP :0-th Final RMSD: 1.039415, Final P: 0.625717, Final R^2: 0.384006
SVM_AE_BET    :0-th Final RMSD: 1.062401, Final P: 0.604263, Final R^2: 0.356461
SVM_AE_ECFP    :0-th Final RMSD: 1.024558, Final P: 0.635674, Final R^2: 0.401490
SVM_BET_ECFP    :0-th Final RMSD: 1.031890, Final P: 0.628982, Final R^2: 0.392893
SVM_AE_BET_ECFP    :0-th Final RMSD: 1.031974, Final P: 0.628744, Final R^2: 0.392794
0-th SVM_AE的BA值 ：-12.316741
0-th SVM_BET的BA值：-12.034387
0-th SVM_ECFP的BA值 ：-12.051951
0-th SVM_AE_BET的BA值：-12.133414
0-th SVM_AE_ECFP的BA值    ：-12.184346
0-th SVM_BET_ECFP的BA值    ：-12.001019
0-th SVM_AE_BET_ECFP的BA值    ：-12.106260
total time: 0.002090635961956448 h
