size of data: (366,)
size of train size: 292
SVM parameter
Namespace(dataset='CHEMBL4394', C=10, kernel='rbf', gamma='scale', random_seed=0)
fold= 1
>>>>>>>>>>>>>training.............
###############################################SVM#####################################################
SVM_BET的BA值：-11.026865232247529
SVM_BET:RMSD: 0.619515, P: 0.922647, R^2: 0.846803
SVM_AE的BA值 ：-11.225447217447241
SVM_AE :RMSD: 0.697226, P: 0.902862, R^2: 0.805959
SVM_ECFP的BA值 ：-11.047798468121384
SVM_ECFP :RMSD: 0.844011, P: 0.862991, R^2: 0.715658
SVM_AE_BET的BA值    ：-11.126156224847385
SVM_AE_BET    :RMSD: 0.630040, P: 0.922436, R^2: 0.841554
SVM_AE_ECFP的BA值    ：-11.136622842784313
SVM_AE_ECFP    :RMSD: 0.706410, P: 0.911525, R^2: 0.800814
SVM_BET_ECFP的BA值    ：-11.037331850184456
SVM_BET_ECFP    :RMSD: 0.681674, P: 0.914508, R^2: 0.814519
SVM_AE_BET_ECFP的BA值    ：-11.100036972605386
SVM_AE_BET_ECFP    :RMSD: 0.654922, P: 0.922525, R^2: 0.828792
fold= 2
>>>>>>>>>>>>>training.............
###############################################SVM#####################################################
SVM_BET的BA值：-11.736429418158032
SVM_BET:RMSD: 1.023793, P: 0.821809, R^2: 0.662689
SVM_AE的BA值 ：-11.770291104097595
SVM_AE :RMSD: 0.994719, P: 0.832686, R^2: 0.681575
SVM_ECFP的BA值 ：-11.072141984152141
SVM_ECFP :RMSD: 1.154301, P: 0.781536, R^2: 0.571210
SVM_AE_BET的BA值    ：-11.753360261127813
SVM_AE_BET    :RMSD: 0.997752, P: 0.831728, R^2: 0.679630
SVM_AE_ECFP的BA值    ：-11.421216544124867
SVM_AE_ECFP    :RMSD: 1.018236, P: 0.832964, R^2: 0.666341
SVM_BET_ECFP的BA值    ：-11.404285701155086
SVM_BET_ECFP    :RMSD: 1.034518, P: 0.827046, R^2: 0.655585
SVM_AE_BET_ECFP的BA值    ：-11.526287502135922
SVM_AE_BET_ECFP    :RMSD: 1.002227, P: 0.835420, R^2: 0.676750
fold= 3
>>>>>>>>>>>>>training.............
###############################################SVM#####################################################
SVM_BET的BA值：-11.614175796573576
SVM_BET:RMSD: 1.073664, P: 0.739474, R^2: 0.484904
SVM_AE的BA值 ：-11.40153399930322
SVM_AE :RMSD: 1.124660, P: 0.705243, R^2: 0.434811
SVM_ECFP的BA值 ：-11.399674340301068
SVM_ECFP :RMSD: 1.072259, P: 0.729265, R^2: 0.486252
SVM_AE_BET的BA值    ：-11.507854897938397
SVM_AE_BET    :RMSD: 1.084151, P: 0.728806, R^2: 0.474792
SVM_AE_ECFP的BA值    ：-11.400604169802143
SVM_AE_ECFP    :RMSD: 1.068724, P: 0.729823, R^2: 0.489633
SVM_BET_ECFP的BA值    ：-11.506925068437322
SVM_BET_ECFP    :RMSD: 1.056670, P: 0.740816, R^2: 0.501081
SVM_AE_BET_ECFP的BA值    ：-11.471794712059287
SVM_AE_BET_ECFP    :RMSD: 1.062967, P: 0.735949, R^2: 0.495117
fold= 4
>>>>>>>>>>>>>training.............
###############################################SVM#####################################################
SVM_BET的BA值：-12.149034064664251
SVM_BET:RMSD: 1.183731, P: 0.759477, R^2: 0.570861
SVM_AE的BA值 ：-11.975239830480646
SVM_AE :RMSD: 1.105598, P: 0.792816, R^2: 0.625643
SVM_ECFP的BA值 ：-11.922950153177602
SVM_ECFP :RMSD: 1.272299, P: 0.710321, R^2: 0.504242
SVM_AE_BET的BA值    ：-12.062136947572448
SVM_AE_BET    :RMSD: 1.130502, P: 0.782062, R^2: 0.608588
SVM_AE_ECFP的BA值    ：-11.949094991829124
SVM_AE_ECFP    :RMSD: 1.144957, P: 0.775291, R^2: 0.598515
SVM_BET_ECFP的BA值    ：-12.035992108920926
SVM_BET_ECFP    :RMSD: 1.191389, P: 0.752527, R^2: 0.565291
SVM_AE_BET_ECFP的BA值    ：-12.015741349440832
SVM_AE_BET_ECFP    :RMSD: 1.144609, P: 0.774923, R^2: 0.598759
fold= 5
>>>>>>>>>>>>>training.............
###############################################SVM#####################################################
SVM_BET的BA值：-10.430734626934811
SVM_BET:RMSD: 1.298639, P: 0.603598, R^2: 0.332392
SVM_AE的BA值 ：-10.286152816994818
SVM_AE :RMSD: 1.279724, P: 0.612843, R^2: 0.351699
SVM_ECFP的BA值 ：-10.53756582631452
SVM_ECFP :RMSD: 1.264944, P: 0.613434, R^2: 0.366587
SVM_AE_BET的BA值    ：-10.311833685171065
SVM_AE_BET    :RMSD: 1.282927, P: 0.611521, R^2: 0.348450
SVM_AE_ECFP的BA值    ：-10.36524928486092
SVM_AE_ECFP    :RMSD: 1.245073, P: 0.627653, R^2: 0.386331
SVM_BET_ECFP的BA值    ：-10.484150226624665
SVM_BET_ECFP    :RMSD: 1.246680, P: 0.626759, R^2: 0.384746
SVM_AE_BET_ECFP的BA值    ：-10.387077732218883
SVM_AE_BET_ECFP    :RMSD: 1.250646, P: 0.625713, R^2: 0.380826
fold= 6
>>>>>>>>>>>>>training.............
###############################################SVM#####################################################
SVM_BET的BA值：-11.795890159382578
SVM_BET:RMSD: 0.840918, P: 0.814795, R^2: 0.638481
SVM_AE的BA值 ：-11.627832166550842
SVM_AE :RMSD: 0.793855, P: 0.839078, R^2: 0.677814
SVM_ECFP的BA值 ：-11.340712190304107
SVM_ECFP :RMSD: 0.890872, P: 0.805521, R^2: 0.594254
SVM_AE_BET的BA值    ：-11.71186116296671
SVM_AE_BET    :RMSD: 0.799120, P: 0.834671, R^2: 0.673527
SVM_AE_ECFP的BA值    ：-11.484272178427474
SVM_AE_ECFP    :RMSD: 0.797713, P: 0.842532, R^2: 0.674675
SVM_BET_ECFP的BA值    ：-11.568301174843342
SVM_BET_ECFP    :RMSD: 0.834699, P: 0.823198, R^2: 0.643808
SVM_AE_BET_ECFP的BA值    ：-11.588144838745842
SVM_AE_BET_ECFP    :RMSD: 0.799697, P: 0.838031, R^2: 0.673054
fold= 7
>>>>>>>>>>>>>training.............
###############################################SVM#####################################################
SVM_BET的BA值：-11.40654243906684
SVM_BET:RMSD: 1.173186, P: 0.584258, R^2: 0.220060
SVM_AE的BA值 ：-11.223822891405666
SVM_AE :RMSD: 1.180732, P: 0.579005, R^2: 0.209995
SVM_ECFP的BA值 ：-11.2525083596183
SVM_ECFP :RMSD: 1.092595, P: 0.607886, R^2: 0.323534
SVM_AE_BET的BA值    ：-11.315182665236254
SVM_AE_BET    :RMSD: 1.165969, P: 0.586675, R^2: 0.229626
SVM_AE_ECFP的BA值    ：-11.238165625511982
SVM_AE_ECFP    :RMSD: 1.092998, P: 0.614970, R^2: 0.323035
SVM_BET_ECFP的BA值    ：-11.32952539934257
SVM_BET_ECFP    :RMSD: 1.085045, P: 0.619712, R^2: 0.332851
SVM_AE_BET_ECFP的BA值    ：-11.294291230030268
SVM_AE_BET_ECFP    :RMSD: 1.103608, P: 0.612001, R^2: 0.309829
fold= 8
>>>>>>>>>>>>>training.............
###############################################SVM#####################################################
SVM_BET的BA值：-10.715261606180713
SVM_BET:RMSD: 0.968130, P: 0.777700, R^2: 0.567904
SVM_AE的BA值 ：-11.146478399000838
SVM_AE :RMSD: 1.129936, P: 0.705478, R^2: 0.411399
SVM_ECFP的BA值 ：-11.129129581315642
SVM_ECFP :RMSD: 1.084797, P: 0.711889, R^2: 0.457487
SVM_AE_BET的BA值    ：-10.885959934468008
SVM_AE_BET    :RMSD: 1.038239, P: 0.746397, R^2: 0.503056
SVM_AE_ECFP的BA值    ：-11.13780399015824
SVM_AE_ECFP    :RMSD: 1.091918, P: 0.714283, R^2: 0.450342
SVM_BET_ECFP的BA值    ：-10.87728552562541
SVM_BET_ECFP    :RMSD: 1.008058, P: 0.752374, R^2: 0.531528
SVM_AE_BET_ECFP的BA值    ：-10.96701648341722
SVM_AE_BET_ECFP    :RMSD: 1.041089, P: 0.739682, R^2: 0.500323
fold= 9
>>>>>>>>>>>>>training.............
###############################################SVM#####################################################
SVM_BET的BA值：-11.4968397108496
SVM_BET:RMSD: 0.927179, P: 0.826810, R^2: 0.666596
SVM_AE的BA值 ：-11.54429301362367
SVM_AE :RMSD: 0.944339, P: 0.816263, R^2: 0.654140
SVM_ECFP的BA值 ：-10.83828431904652
SVM_ECFP :RMSD: 0.987780, P: 0.806134, R^2: 0.621588
SVM_AE_BET的BA值    ：-11.520566362236636
SVM_AE_BET    :RMSD: 0.917540, P: 0.827603, R^2: 0.673492
SVM_AE_ECFP的BA值    ：-11.11853029785947
SVM_AE_ECFP    :RMSD: 0.923251, P: 0.827224, R^2: 0.669415
SVM_BET_ECFP的BA值    ：-11.094803646472435
SVM_BET_ECFP    :RMSD: 0.926234, P: 0.826194, R^2: 0.667275
SVM_AE_BET_ECFP的BA值    ：-11.244633435522848
SVM_AE_BET_ECFP    :RMSD: 0.911749, P: 0.830419, R^2: 0.677600
fold= 10
>>>>>>>>>>>>>training.............
###############################################SVM#####################################################
SVM_BET的BA值：-11.177577241021327
SVM_BET:RMSD: 0.980355, P: 0.818388, R^2: 0.628303
SVM_AE的BA值 ：-11.289621038778673
SVM_AE :RMSD: 0.899454, P: 0.845518, R^2: 0.687118
SVM_ECFP的BA值 ：-11.578006520016087
SVM_ECFP :RMSD: 0.976271, P: 0.834243, R^2: 0.631393
SVM_AE_BET的BA值    ：-11.2335991399
SVM_AE_BET    :RMSD: 0.929039, P: 0.836443, R^2: 0.666196
SVM_AE_ECFP的BA值    ：-11.43381377939738
SVM_AE_ECFP    :RMSD: 0.889883, P: 0.861506, R^2: 0.693741
SVM_BET_ECFP的BA值    ：-11.377791880518707
SVM_BET_ECFP    :RMSD: 0.931613, P: 0.845814, R^2: 0.664344
SVM_AE_BET_ECFP的BA值    ：-11.348401599938697
SVM_AE_BET_ECFP    :RMSD: 0.904827, P: 0.852379, R^2: 0.683368
@@@@@@@@@@@@@@@@@@@@@@@@@@@@@@@@@@@@@@@@@@@最终结果@@@@@@@@@@@@@@@@@@@@@@@@@@@@@@@@@@@@@@@@@@@@@@@@@@
@@@@@@@@@@@@@@@@@@@@@@@@@@@@@@@@@@@@@@@@@@@最终结果@@@@@@@@@@@@@@@@@@@@@@@@@@@@@@@@@@@@@@@@@@@@@@@@@@
%%%%%%%%%%%%%%%%%%%%%%%%%%%%%%%%%%%%%%%%%%%SVM%%%%%%%%%%%%%%%%%%%%%%%%%%%%%%%%%%%%%%%%%%%%%%%%%%%%%%
SVM_BET:0-th Final RMSD: 1.025469, Final P: 0.769413, Final R^2: 0.582910
SVM_AE :0-th Final RMSD: 1.029505, Final P: 0.765731, Final R^2: 0.579621
SVM_ECFP :0-th Final RMSD: 1.073062, Final P: 0.741093, Final R^2: 0.543297
SVM_AE_BET    :0-th Final RMSD: 1.013503, Final P: 0.773548, Final R^2: 0.592588
SVM_AE_ECFP    :0-th Final RMSD: 1.010351, Final P: 0.772490, Final R^2: 0.595118
SVM_BET_ECFP    :0-th Final RMSD: 1.012223, Final P: 0.772004, Final R^2: 0.593616
SVM_AE_BET_ECFP    :0-th Final RMSD: 1.001523, Final P: 0.777145, Final R^2: 0.602162
0-th SVM_AE的BA值 ：-11.975240
0-th SVM_BET的BA值：-12.149034
0-th SVM_ECFP的BA值 ：-11.922950
0-th SVM_AE_BET的BA值：-12.062137
0-th SVM_AE_ECFP的BA值    ：-11.949095
0-th SVM_BET_ECFP的BA值    ：-12.035992
0-th SVM_AE_BET_ECFP的BA值    ：-12.015741
total time: 0.0036443011628256904 h
