size of data: (684,)
size of train size: 547
SVM parameter
Namespace(dataset='CHEMBL4691', C=10, kernel='rbf', gamma='scale', random_seed=0)
fold= 1
>>>>>>>>>>>>>training.............
###############################################SVM#####################################################
SVM_BET的BA值：-12.963598171715931
SVM_BET:RMSD: 0.848977, P: 0.797126, R^2: 0.604110
SVM_AE的BA值 ：-12.89201427635956
SVM_AE :RMSD: 0.796297, P: 0.815596, R^2: 0.651716
SVM_ECFP的BA值 ：-12.549122975312997
SVM_ECFP :RMSD: 0.884200, P: 0.756852, R^2: 0.570578
SVM_AE_BET的BA值    ：-12.903645510580247
SVM_AE_BET    :RMSD: 0.801657, P: 0.814125, R^2: 0.647012
SVM_AE_ECFP的BA值    ：-12.635718233005452
SVM_AE_ECFP    :RMSD: 0.790489, P: 0.811008, R^2: 0.656778
SVM_BET_ECFP的BA值    ：-12.704084102648629
SVM_BET_ECFP    :RMSD: 0.819334, P: 0.797418, R^2: 0.631273
SVM_AE_BET_ECFP的BA值    ：-12.697809175977854
SVM_AE_BET_ECFP    :RMSD: 0.790126, P: 0.812935, R^2: 0.657094
fold= 2
>>>>>>>>>>>>>training.............
###############################################SVM#####################################################
SVM_BET的BA值：-12.576673433134662
SVM_BET:RMSD: 1.067024, P: 0.764196, R^2: 0.559168
SVM_AE的BA值 ：-12.799999556431054
SVM_AE :RMSD: 1.109838, P: 0.734810, R^2: 0.523082
SVM_ECFP的BA值 ：-12.555494804509584
SVM_ECFP :RMSD: 1.071965, P: 0.754314, R^2: 0.555076
SVM_AE_BET的BA值    ：-12.666825384828112
SVM_AE_BET    :RMSD: 1.070605, P: 0.760060, R^2: 0.556204
SVM_AE_ECFP的BA值    ：-12.519322080748701
SVM_AE_ECFP    :RMSD: 1.049569, P: 0.766197, R^2: 0.573473
SVM_BET_ECFP的BA值    ：-12.528570316886679
SVM_BET_ECFP    :RMSD: 1.015520, P: 0.786431, R^2: 0.600698
SVM_AE_BET_ECFP的BA值    ：-12.503187645949646
SVM_AE_BET_ECFP    :RMSD: 1.032629, P: 0.778132, R^2: 0.587130
fold= 3
>>>>>>>>>>>>>training.............
###############################################SVM#####################################################
SVM_BET的BA值：-12.980868177255537
SVM_BET:RMSD: 1.015122, P: 0.777160, R^2: 0.598453
SVM_AE的BA值 ：-13.002246089436813
SVM_AE :RMSD: 0.997035, P: 0.786283, R^2: 0.612634
SVM_ECFP的BA值 ：-12.944612707713336
SVM_ECFP :RMSD: 0.880252, P: 0.836019, R^2: 0.698064
SVM_AE_BET的BA值    ：-12.935385365829783
SVM_AE_BET    :RMSD: 0.992533, P: 0.787465, R^2: 0.616125
SVM_AE_ECFP的BA值    ：-12.917257631058682
SVM_AE_ECFP    :RMSD: 0.892601, P: 0.830533, R^2: 0.689533
SVM_BET_ECFP的BA值    ：-12.962740442484437
SVM_BET_ECFP    :RMSD: 0.899741, P: 0.827578, R^2: 0.684547
SVM_AE_BET_ECFP的BA值    ：-12.938461146457634
SVM_AE_BET_ECFP    :RMSD: 0.916889, P: 0.820034, R^2: 0.672408
fold= 4
>>>>>>>>>>>>>training.............
###############################################SVM#####################################################
SVM_BET的BA值：-13.126947466496521
SVM_BET:RMSD: 1.129522, P: 0.684528, R^2: 0.462002
SVM_AE的BA值 ：-13.14419110888283
SVM_AE :RMSD: 1.117154, P: 0.694323, R^2: 0.473720
SVM_ECFP的BA值 ：-12.837202146154336
SVM_ECFP :RMSD: 1.067891, P: 0.723038, R^2: 0.519111
SVM_AE_BET的BA值    ：-13.115135407394485
SVM_AE_BET    :RMSD: 1.112128, P: 0.695601, R^2: 0.478445
SVM_AE_ECFP的BA值    ：-12.738887758326493
SVM_AE_ECFP    :RMSD: 1.042706, P: 0.736562, R^2: 0.541526
SVM_BET_ECFP的BA值    ：-12.748535158239786
SVM_BET_ECFP    :RMSD: 1.048770, P: 0.732737, R^2: 0.536178
SVM_AE_BET_ECFP的BA值    ：-12.827065838639163
SVM_AE_BET_ECFP    :RMSD: 1.055762, P: 0.728550, R^2: 0.529974
fold= 5
>>>>>>>>>>>>>training.............
###############################################SVM#####################################################
SVM_BET的BA值：-13.824652269960708
SVM_BET:RMSD: 1.003166, P: 0.801259, R^2: 0.626285
SVM_AE的BA值 ：-13.767743339754642
SVM_AE :RMSD: 1.044074, P: 0.778854, R^2: 0.595185
SVM_ECFP的BA值 ：-13.602864935477099
SVM_ECFP :RMSD: 1.117378, P: 0.766549, R^2: 0.536345
SVM_AE_BET的BA值    ：-13.796197804857675
SVM_AE_BET    :RMSD: 1.012520, P: 0.794949, R^2: 0.619283
SVM_AE_ECFP的BA值    ：-13.68530413761587
SVM_AE_ECFP    :RMSD: 1.032794, P: 0.793452, R^2: 0.603885
SVM_BET_ECFP的BA值    ：-13.713758602718904
SVM_BET_ECFP    :RMSD: 1.011129, P: 0.805701, R^2: 0.620329
SVM_AE_BET_ECFP的BA值    ：-13.73175351506415
SVM_AE_BET_ECFP    :RMSD: 1.006203, P: 0.803224, R^2: 0.624019
fold= 6
>>>>>>>>>>>>>training.............
###############################################SVM#####################################################
SVM_BET的BA值：-12.982504529462897
SVM_BET:RMSD: 0.914042, P: 0.810519, R^2: 0.646900
SVM_AE的BA值 ：-12.979661431117995
SVM_AE :RMSD: 0.826366, P: 0.852323, R^2: 0.711391
SVM_ECFP的BA值 ：-12.912379834711352
SVM_ECFP :RMSD: 1.015143, P: 0.761037, R^2: 0.564469
SVM_AE_BET的BA值    ：-12.981082980290445
SVM_AE_BET    :RMSD: 0.852716, P: 0.838480, R^2: 0.692692
SVM_AE_ECFP的BA值    ：-12.928929346822773
SVM_AE_ECFP    :RMSD: 0.872696, P: 0.837533, R^2: 0.678122
SVM_BET_ECFP的BA值    ：-12.930350895995224
SVM_BET_ECFP    :RMSD: 0.915640, P: 0.813584, R^2: 0.645665
SVM_AE_BET_ECFP的BA值    ：-12.946787741036147
SVM_AE_BET_ECFP    :RMSD: 0.866641, P: 0.837139, R^2: 0.682573
fold= 7
>>>>>>>>>>>>>training.............
###############################################SVM#####################################################
SVM_BET的BA值：-12.734408626138089
SVM_BET:RMSD: 0.905721, P: 0.786272, R^2: 0.534503
SVM_AE的BA值 ：-12.703525220283247
SVM_AE :RMSD: 0.916822, P: 0.794829, R^2: 0.523022
SVM_ECFP的BA值 ：-12.696367142033623
SVM_ECFP :RMSD: 0.903970, P: 0.797115, R^2: 0.536301
SVM_AE_BET的BA值    ：-12.692854698057745
SVM_AE_BET    :RMSD: 0.887782, P: 0.805016, R^2: 0.552760
SVM_AE_ECFP的BA值    ：-12.623837390778345
SVM_AE_ECFP    :RMSD: 0.851321, P: 0.830712, R^2: 0.588742
SVM_BET_ECFP的BA值    ：-12.613166868552845
SVM_BET_ECFP    :RMSD: 0.850172, P: 0.822796, R^2: 0.589851
SVM_AE_BET_ECFP的BA值    ：-12.643286319129645
SVM_AE_BET_ECFP    :RMSD: 0.847528, P: 0.829351, R^2: 0.592398
fold= 8
>>>>>>>>>>>>>training.............
###############################################SVM#####################################################
SVM_BET的BA值：-13.44734376243263
SVM_BET:RMSD: 0.908216, P: 0.807376, R^2: 0.590324
SVM_AE的BA值 ：-13.511445649287122
SVM_AE :RMSD: 0.952977, P: 0.803566, R^2: 0.548946
SVM_ECFP的BA值 ：-13.711373722277447
SVM_ECFP :RMSD: 1.204255, P: 0.666885, R^2: 0.279723
SVM_AE_BET的BA值    ：-13.458277728453695
SVM_AE_BET    :RMSD: 0.913489, P: 0.811976, R^2: 0.585553
SVM_AE_ECFP的BA值    ：-13.611409685782284
SVM_AE_ECFP    :RMSD: 1.022147, P: 0.765254, R^2: 0.481092
SVM_BET_ECFP的BA值    ：-13.542962035189339
SVM_BET_ECFP    :RMSD: 1.004728, P: 0.764913, R^2: 0.498628
SVM_AE_BET_ECFP的BA值    ：-13.532456573221934
SVM_AE_BET_ECFP    :RMSD: 0.964460, P: 0.788587, R^2: 0.538011
fold= 9
>>>>>>>>>>>>>training.............
###############################################SVM#####################################################
SVM_BET的BA值：-13.031822744001609
SVM_BET:RMSD: 0.992177, P: 0.715349, R^2: 0.483764
SVM_AE的BA值 ：-13.43287726977363
SVM_AE :RMSD: 0.916326, P: 0.762247, R^2: 0.559679
SVM_ECFP的BA值 ：-13.272425859085029
SVM_ECFP :RMSD: 0.897661, P: 0.773800, R^2: 0.577434
SVM_AE_BET的BA值    ：-13.23235000688762
SVM_AE_BET    :RMSD: 0.932919, P: 0.749283, R^2: 0.543588
SVM_AE_ECFP的BA值    ：-13.35265156442933
SVM_AE_ECFP    :RMSD: 0.848502, P: 0.793520, R^2: 0.622450
SVM_BET_ECFP的BA值    ：-13.152124301543319
SVM_BET_ECFP    :RMSD: 0.878971, P: 0.774724, R^2: 0.594847
SVM_AE_BET_ECFP的BA值    ：-13.245708624286756
SVM_AE_BET_ECFP    :RMSD: 0.870611, P: 0.779965, R^2: 0.602518
fold= 10
>>>>>>>>>>>>>training.............
###############################################SVM#####################################################
SVM_BET的BA值：-13.066417448362463
SVM_BET:RMSD: 1.002040, P: 0.700930, R^2: 0.442770
SVM_AE的BA值 ：-13.2385512254103
SVM_AE :RMSD: 0.947396, P: 0.742791, R^2: 0.501888
SVM_ECFP的BA值 ：-13.255757827823167
SVM_ECFP :RMSD: 1.037015, P: 0.724602, R^2: 0.403193
SVM_AE_BET的BA值    ：-13.152484336886381
SVM_AE_BET    :RMSD: 0.958573, P: 0.729755, R^2: 0.490066
SVM_AE_ECFP的BA值    ：-13.157510268233484
SVM_AE_ECFP    :RMSD: 0.930266, P: 0.762909, R^2: 0.519738
SVM_BET_ECFP的BA值    ：-12.940552826576123
SVM_BET_ECFP    :RMSD: 0.954703, P: 0.741334, R^2: 0.494175
SVM_AE_BET_ECFP的BA值    ：-12.985547212942414
SVM_AE_BET_ECFP    :RMSD: 0.931296, P: 0.751885, R^2: 0.518674
@@@@@@@@@@@@@@@@@@@@@@@@@@@@@@@@@@@@@@@@@@@最终结果@@@@@@@@@@@@@@@@@@@@@@@@@@@@@@@@@@@@@@@@@@@@@@@@@@
@@@@@@@@@@@@@@@@@@@@@@@@@@@@@@@@@@@@@@@@@@@最终结果@@@@@@@@@@@@@@@@@@@@@@@@@@@@@@@@@@@@@@@@@@@@@@@@@@
%%%%%%%%%%%%%%%%%%%%%%%%%%%%%%%%%%%%%%%%%%%SVM%%%%%%%%%%%%%%%%%%%%%%%%%%%%%%%%%%%%%%%%%%%%%%%%%%%%%%
SVM_BET:0-th Final RMSD: 0.982121, Final P: 0.758828, Final R^2: 0.569947
SVM_AE :0-th Final RMSD: 0.968098, Final P: 0.765624, Final R^2: 0.582140
SVM_ECFP :0-th Final RMSD: 1.013407, Final P: 0.743443, Final R^2: 0.542111
SVM_AE_BET    :0-th Final RMSD: 0.958119, Final P: 0.770407, Final R^2: 0.590710
SVM_AE_ECFP    :0-th Final RMSD: 0.937814, Final P: 0.780687, Final R^2: 0.607874
SVM_BET_ECFP    :0-th Final RMSD: 0.942866, Final P: 0.778116, Final R^2: 0.603638
SVM_AE_BET_ECFP    :0-th Final RMSD: 0.931973, Final P: 0.783353, Final R^2: 0.612743
0-th SVM_AE的BA值 ：-13.767743
0-th SVM_BET的BA值：-13.824652
0-th SVM_ECFP的BA值 ：-13.711374
0-th SVM_AE_BET的BA值：-13.796198
0-th SVM_AE_ECFP的BA值    ：-13.685304
0-th SVM_BET_ECFP的BA值    ：-13.713759
0-th SVM_AE_BET_ECFP的BA值    ：-13.731754
total time: 0.00933247877491845 h
