size of data: (579,)
size of train size: 463
SVM parameter
Namespace(dataset='CHEMBL3714079', C=10, kernel='rbf', gamma='scale', random_seed=0)
fold= 1
>>>>>>>>>>>>>training.............
###############################################SVM#####################################################
SVM_BET的BA值：-16.980419301463883
SVM_BET:RMSD: 2.102968, P: 0.655633, R^2: 0.396126
SVM_AE的BA值 ：-16.361326476703155
SVM_AE :RMSD: 2.197051, P: 0.642046, R^2: 0.340885
SVM_ECFP的BA值 ：-17.20120964386208
SVM_ECFP :RMSD: 2.256529, P: 0.579438, R^2: 0.304714
SVM_AE_BET的BA值    ：-16.67087288908352
SVM_AE_BET    :RMSD: 2.116939, P: 0.657505, R^2: 0.388075
SVM_AE_ECFP的BA值    ：-16.737909456088854
SVM_AE_ECFP    :RMSD: 2.099427, P: 0.648480, R^2: 0.398157
SVM_BET_ECFP的BA值    ：-16.678452482550412
SVM_BET_ECFP    :RMSD: 2.085203, P: 0.648404, R^2: 0.406285
SVM_AE_BET_ECFP的BA值    ：-16.57274381393466
SVM_AE_BET_ECFP    :RMSD: 2.071150, P: 0.660067, R^2: 0.414261
fold= 2
>>>>>>>>>>>>>training.............
###############################################SVM#####################################################
SVM_BET的BA值：-16.661687021574725
SVM_BET:RMSD: 1.879104, P: 0.735763, R^2: 0.509261
SVM_AE的BA值 ：-16.118942955785528
SVM_AE :RMSD: 2.128407, P: 0.635906, R^2: 0.370409
SVM_ECFP的BA值 ：-17.609339252715223
SVM_ECFP :RMSD: 2.604050, P: 0.542376, R^2: 0.057573
SVM_AE_BET的BA值    ：-16.38326906411156
SVM_AE_BET    :RMSD: 1.972627, P: 0.697916, R^2: 0.459197
SVM_AE_ECFP的BA值    ：-16.857095179681806
SVM_AE_ECFP    :RMSD: 2.298538, P: 0.603001, R^2: 0.265736
SVM_BET_ECFP的BA值    ：-17.135513137144976
SVM_BET_ECFP    :RMSD: 2.177037, P: 0.658014, R^2: 0.341311
SVM_AE_BET_ECFP的BA值    ：-16.791959126979446
SVM_AE_BET_ECFP    :RMSD: 2.129525, P: 0.658773, R^2: 0.369748
fold= 3
>>>>>>>>>>>>>training.............
###############################################SVM#####################################################
SVM_BET的BA值：-16.1161039576525
SVM_BET:RMSD: 1.705160, P: 0.777280, R^2: 0.592309
SVM_AE的BA值 ：-15.828903070684948
SVM_AE :RMSD: 1.697336, P: 0.782978, R^2: 0.596042
SVM_ECFP的BA值 ：-18.78482575942676
SVM_ECFP :RMSD: 2.394757, P: 0.574061, R^2: 0.195874
SVM_AE_BET的BA值    ：-15.78294462905466
SVM_AE_BET    :RMSD: 1.666572, P: 0.788853, R^2: 0.610552
SVM_AE_ECFP的BA值    ：-17.117305529941788
SVM_AE_ECFP    :RMSD: 1.934230, P: 0.721282, R^2: 0.475413
SVM_BET_ECFP的BA值    ：-17.45046485853963
SVM_BET_ECFP    :RMSD: 1.904326, P: 0.726837, R^2: 0.491509
SVM_AE_BET_ECFP的BA值    ：-16.783571672512025
SVM_AE_BET_ECFP    :RMSD: 1.796827, P: 0.757720, R^2: 0.547297
fold= 4
>>>>>>>>>>>>>training.............
###############################################SVM#####################################################
SVM_BET的BA值：-16.459120930957894
SVM_BET:RMSD: 2.120806, P: 0.667822, R^2: 0.413860
SVM_AE的BA值 ：-15.717850158305847
SVM_AE :RMSD: 1.946746, P: 0.724705, R^2: 0.506124
SVM_ECFP的BA值 ：-17.03635965871529
SVM_ECFP :RMSD: 1.817316, P: 0.756276, R^2: 0.569612
SVM_AE_BET的BA值    ：-16.088485544631872
SVM_AE_BET    :RMSD: 2.008077, P: 0.703450, R^2: 0.474515
SVM_AE_ECFP的BA值    ：-16.377104908510567
SVM_AE_ECFP    :RMSD: 1.750482, P: 0.776602, R^2: 0.600686
SVM_BET_ECFP的BA值    ：-16.747740294836593
SVM_BET_ECFP    :RMSD: 1.841829, P: 0.748227, R^2: 0.557923
SVM_AE_BET_ECFP的BA值    ：-16.404443582659678
SVM_AE_BET_ECFP    :RMSD: 1.836824, P: 0.750668, R^2: 0.560322
fold= 5
>>>>>>>>>>>>>training.............
###############################################SVM#####################################################
SVM_BET的BA值：-15.92598425244605
SVM_BET:RMSD: 1.867310, P: 0.678744, R^2: 0.449369
SVM_AE的BA值 ：-16.31633095368573
SVM_AE :RMSD: 1.667135, P: 0.756087, R^2: 0.561096
SVM_ECFP的BA值 ：-17.344558494385964
SVM_ECFP :RMSD: 1.957487, P: 0.655727, R^2: 0.394903
SVM_AE_BET的BA值    ：-16.12115760306589
SVM_AE_BET    :RMSD: 1.735586, P: 0.727828, R^2: 0.524315
SVM_AE_ECFP的BA值    ：-16.155298307968046
SVM_AE_ECFP    :RMSD: 1.675461, P: 0.749045, R^2: 0.556702
SVM_BET_ECFP的BA值    ：-15.843252894169314
SVM_BET_ECFP    :RMSD: 1.811074, P: 0.698282, R^2: 0.482035
SVM_AE_BET_ECFP的BA值    ：-15.737485316350524
SVM_AE_BET_ECFP    :RMSD: 1.709442, P: 0.735405, R^2: 0.538538
fold= 6
>>>>>>>>>>>>>training.............
###############################################SVM#####################################################
SVM_BET的BA值：-16.4189570722923
SVM_BET:RMSD: 1.841973, P: 0.734855, R^2: 0.421432
SVM_AE的BA值 ：-16.124242851492895
SVM_AE :RMSD: 1.981618, P: 0.705554, R^2: 0.330382
SVM_ECFP的BA值 ：-15.475243207302839
SVM_ECFP :RMSD: 2.325497, P: 0.621595, R^2: 0.077813
SVM_AE_BET的BA值    ：-16.190753466106973
SVM_AE_BET    :RMSD: 1.869030, P: 0.730419, R^2: 0.404310
SVM_AE_ECFP的BA值    ：-15.551878701067608
SVM_AE_ECFP    :RMSD: 2.023364, P: 0.701176, R^2: 0.301871
SVM_BET_ECFP的BA值    ：-15.510594420050843
SVM_BET_ECFP    :RMSD: 1.945316, P: 0.724796, R^2: 0.354691
SVM_AE_BET_ECFP的BA值    ：-15.647530036864131
SVM_AE_BET_ECFP    :RMSD: 1.907835, P: 0.729082, R^2: 0.379318
fold= 7
>>>>>>>>>>>>>training.............
###############################################SVM#####################################################
SVM_BET的BA值：-15.688602416252591
SVM_BET:RMSD: 1.462363, P: 0.875078, R^2: 0.759648
SVM_AE的BA值 ：-15.418826106592622
SVM_AE :RMSD: 1.654253, P: 0.843730, R^2: 0.692432
SVM_ECFP的BA值 ：-18.029515092828944
SVM_ECFP :RMSD: 2.046675, P: 0.731462, R^2: 0.529201
SVM_AE_BET的BA值    ：-15.533468484384723
SVM_AE_BET    :RMSD: 1.525993, P: 0.866988, R^2: 0.738277
SVM_AE_ECFP的BA值    ：-16.10004842198376
SVM_AE_ECFP    :RMSD: 1.736435, P: 0.816307, R^2: 0.661113
SVM_BET_ECFP的BA值    ：-16.214690799775862
SVM_BET_ECFP    :RMSD: 1.654684, P: 0.833802, R^2: 0.692272
SVM_AE_BET_ECFP的BA值    ：-15.949402568714783
SVM_AE_BET_ECFP    :RMSD: 1.607739, P: 0.847183, R^2: 0.709485
fold= 8
>>>>>>>>>>>>>training.............
###############################################SVM#####################################################
SVM_BET的BA值：-16.924769262919153
SVM_BET:RMSD: 2.061229, P: 0.745034, R^2: 0.539625
SVM_AE的BA值 ：-16.546049544291762
SVM_AE :RMSD: 2.106037, P: 0.726114, R^2: 0.519392
SVM_ECFP的BA值 ：-17.964479952570002
SVM_ECFP :RMSD: 2.154828, P: 0.750200, R^2: 0.496865
SVM_AE_BET的BA值    ：-16.73540940360546
SVM_AE_BET    :RMSD: 2.054803, P: 0.742723, R^2: 0.542491
SVM_AE_ECFP的BA值    ：-17.245218501843375
SVM_AE_ECFP    :RMSD: 1.995658, P: 0.769577, R^2: 0.568450
SVM_BET_ECFP的BA值    ：-17.434578361157072
SVM_BET_ECFP    :RMSD: 1.972640, P: 0.779640, R^2: 0.578347
SVM_AE_BET_ECFP的BA值    ：-17.138402088868634
SVM_AE_BET_ECFP    :RMSD: 1.973641, P: 0.771592, R^2: 0.577919
fold= 9
>>>>>>>>>>>>>training.............
###############################################SVM#####################################################
SVM_BET的BA值：-16.011167544663337
SVM_BET:RMSD: 1.904223, P: 0.694472, R^2: 0.456056
SVM_AE的BA值 ：-15.641489816096671
SVM_AE :RMSD: 1.868479, P: 0.701255, R^2: 0.476285
SVM_ECFP的BA值 ：-17.086508302959757
SVM_ECFP :RMSD: 2.009353, P: 0.692066, R^2: 0.394337
SVM_AE_BET的BA值    ：-15.63028284409371
SVM_AE_BET    :RMSD: 1.840009, P: 0.711547, R^2: 0.492123
SVM_AE_ECFP的BA值    ：-16.16795322324192
SVM_AE_ECFP    :RMSD: 1.849623, P: 0.722071, R^2: 0.486802
SVM_BET_ECFP的BA值    ：-16.548837923811547
SVM_BET_ECFP    :RMSD: 1.831340, P: 0.727777, R^2: 0.496897
SVM_AE_BET_ECFP的BA值    ：-16.115691330382393
SVM_AE_BET_ECFP    :RMSD: 1.810076, P: 0.729218, R^2: 0.508513
fold= 10
>>>>>>>>>>>>>training.............
###############################################SVM#####################################################
SVM_BET的BA值：-15.866571645971096
SVM_BET:RMSD: 1.891511, P: 0.745924, R^2: 0.523559
SVM_AE的BA值 ：-15.862677735666823
SVM_AE :RMSD: 1.663266, P: 0.820922, R^2: 0.631604
SVM_ECFP的BA值 ：-16.204477812220023
SVM_ECFP :RMSD: 2.016114, P: 0.684877, R^2: 0.458720
SVM_AE_BET的BA值    ：-15.86462469081896
SVM_AE_BET    :RMSD: 1.753701, P: 0.791630, R^2: 0.590454
SVM_AE_ECFP的BA值    ：-15.353618375199707
SVM_AE_ECFP    :RMSD: 1.693002, P: 0.797448, R^2: 0.618314
SVM_BET_ECFP的BA值    ：-15.33355312704592
SVM_BET_ECFP    :RMSD: 1.796662, P: 0.763176, R^2: 0.570143
SVM_AE_BET_ECFP的BA值    ：-15.509927996586221
SVM_AE_BET_ECFP    :RMSD: 1.708471, P: 0.796036, R^2: 0.611307
@@@@@@@@@@@@@@@@@@@@@@@@@@@@@@@@@@@@@@@@@@@最终结果@@@@@@@@@@@@@@@@@@@@@@@@@@@@@@@@@@@@@@@@@@@@@@@@@@
@@@@@@@@@@@@@@@@@@@@@@@@@@@@@@@@@@@@@@@@@@@最终结果@@@@@@@@@@@@@@@@@@@@@@@@@@@@@@@@@@@@@@@@@@@@@@@@@@
%%%%%%%%%%%%%%%%%%%%%%%%%%%%%%%%%%%%%%%%%%%SVM%%%%%%%%%%%%%%%%%%%%%%%%%%%%%%%%%%%%%%%%%%%%%%%%%%%%%%
SVM_BET:0-th Final RMSD: 1.892875, Final P: 0.731569, Final R^2: 0.526836
SVM_AE :0-th Final RMSD: 1.902061, Final P: 0.728769, Final R^2: 0.522232
SVM_ECFP :0-th Final RMSD: 2.170154, Final P: 0.652365, Final R^2: 0.378059
SVM_AE_BET    :0-th Final RMSD: 1.862977, Final P: 0.739684, Final R^2: 0.541665
SVM_AE_ECFP    :0-th Final RMSD: 1.915634, Final P: 0.725505, Final R^2: 0.515389
SVM_BET_ECFP    :0-th Final RMSD: 1.907584, Final P: 0.728570, Final R^2: 0.519454
SVM_AE_BET_ECFP    :0-th Final RMSD: 1.862092, Final P: 0.740695, Final R^2: 0.542101
0-th SVM_AE的BA值 ：-16.546050
0-th SVM_BET的BA值：-16.980419
0-th SVM_ECFP的BA值 ：-18.784826
0-th SVM_AE_BET的BA值：-16.735409
0-th SVM_AE_ECFP的BA值    ：-17.245219
0-th SVM_BET_ECFP的BA值    ：-17.450465
0-th SVM_AE_BET_ECFP的BA值    ：-17.138402
total time: 0.007142448094156054 h
