size of data: (535,)
size of train size: 428
SVM parameter
Namespace(dataset='CHEMBL6007', C=10, kernel='rbf', gamma='scale', random_seed=0)
fold= 1
>>>>>>>>>>>>>training.............
###############################################SVM#####################################################
SVM_BET的BA值：-12.14294824640709
SVM_BET:RMSD: 1.069271, P: 0.731622, R^2: 0.532530
SVM_AE的BA值 ：-12.073808541549784
SVM_AE :RMSD: 1.098693, P: 0.715644, R^2: 0.506451
SVM_ECFP的BA值 ：-12.31128240715786
SVM_ECFP :RMSD: 1.125553, P: 0.698195, R^2: 0.482023
SVM_AE_BET的BA值    ：-12.108378393978438
SVM_AE_BET    :RMSD: 1.078030, P: 0.726833, R^2: 0.524840
SVM_AE_ECFP的BA值    ：-12.192545474353821
SVM_AE_ECFP    :RMSD: 1.081543, P: 0.725100, R^2: 0.521738
SVM_BET_ECFP的BA值    ：-12.227115326782474
SVM_BET_ECFP    :RMSD: 1.067035, P: 0.732795, R^2: 0.534483
SVM_AE_BET_ECFP的BA值    ：-12.176013065038243
SVM_AE_BET_ECFP    :RMSD: 1.067940, P: 0.732392, R^2: 0.533693
fold= 2
>>>>>>>>>>>>>training.............
###############################################SVM#####################################################
SVM_BET的BA值：-11.608296142070175
SVM_BET:RMSD: 1.054440, P: 0.681495, R^2: 0.448207
SVM_AE的BA值 ：-11.868208329614164
SVM_AE :RMSD: 1.097307, P: 0.669646, R^2: 0.402430
SVM_ECFP的BA值 ：-11.852668640693574
SVM_ECFP :RMSD: 0.974742, P: 0.736891, R^2: 0.528467
SVM_AE_BET的BA值    ：-11.73825223584217
SVM_AE_BET    :RMSD: 1.061478, P: 0.682339, R^2: 0.440817
SVM_AE_ECFP的BA值    ：-11.86043848515387
SVM_AE_ECFP    :RMSD: 0.996696, P: 0.722561, R^2: 0.506988
SVM_BET_ECFP的BA值    ：-11.730482391381875
SVM_BET_ECFP    :RMSD: 0.975469, P: 0.734094, R^2: 0.527764
SVM_AE_BET_ECFP的BA值    ：-11.776391037459305
SVM_AE_BET_ECFP    :RMSD: 1.001147, P: 0.718011, R^2: 0.502574
fold= 3
>>>>>>>>>>>>>training.............
###############################################SVM#####################################################
SVM_BET的BA值：-11.526514684815325
SVM_BET:RMSD: 0.829540, P: 0.823722, R^2: 0.660890
SVM_AE的BA值 ：-11.561326165897189
SVM_AE :RMSD: 0.861123, P: 0.809539, R^2: 0.634577
SVM_ECFP的BA值 ：-12.267675073665686
SVM_ECFP :RMSD: 0.909592, P: 0.770294, R^2: 0.592283
SVM_AE_BET的BA值    ：-11.518149509689081
SVM_AE_BET    :RMSD: 0.830982, P: 0.825242, R^2: 0.659710
SVM_AE_ECFP的BA值    ：-11.87253152494626
SVM_AE_ECFP    :RMSD: 0.833195, P: 0.818532, R^2: 0.657895
SVM_BET_ECFP的BA值    ：-11.831009243150397
SVM_BET_ECFP    :RMSD: 0.822547, P: 0.823032, R^2: 0.666583
SVM_AE_BET_ECFP的BA值    ：-11.713135487509211
SVM_AE_BET_ECFP    :RMSD: 0.815700, P: 0.829525, R^2: 0.672111
fold= 4
>>>>>>>>>>>>>training.............
###############################################SVM#####################################################
SVM_BET的BA值：-11.969604823419939
SVM_BET:RMSD: 0.898844, P: 0.724917, R^2: 0.509939
SVM_AE的BA值 ：-11.986791953951759
SVM_AE :RMSD: 0.977295, P: 0.681964, R^2: 0.420661
SVM_ECFP的BA值 ：-11.666070295610114
SVM_ECFP :RMSD: 0.993466, P: 0.678441, R^2: 0.401330
SVM_AE_BET的BA值    ：-11.978198388685849
SVM_AE_BET    :RMSD: 0.926090, P: 0.709826, R^2: 0.479779
SVM_AE_ECFP的BA值    ：-11.826431124780935
SVM_AE_ECFP    :RMSD: 0.953700, P: 0.697348, R^2: 0.448297
SVM_BET_ECFP的BA值    ：-11.817837559515027
SVM_BET_ECFP    :RMSD: 0.918523, P: 0.717504, R^2: 0.488246
SVM_AE_BET_ECFP的BA值    ：-11.874155690993938
SVM_AE_BET_ECFP    :RMSD: 0.924571, P: 0.712660, R^2: 0.481484
fold= 5
>>>>>>>>>>>>>training.............
###############################################SVM#####################################################
SVM_BET的BA值：-11.941393705240754
SVM_BET:RMSD: 0.776144, P: 0.857956, R^2: 0.733867
SVM_AE的BA值 ：-11.877980866102536
SVM_AE :RMSD: 0.816059, P: 0.840455, R^2: 0.705790
SVM_ECFP的BA值 ：-12.101340582989065
SVM_ECFP :RMSD: 0.821125, P: 0.840409, R^2: 0.702126
SVM_AE_BET的BA值    ：-11.909687285671644
SVM_AE_BET    :RMSD: 0.780582, P: 0.855456, R^2: 0.730815
SVM_AE_ECFP的BA值    ：-11.9896607245458
SVM_AE_ECFP    :RMSD: 0.751829, P: 0.869996, R^2: 0.750281
SVM_BET_ECFP的BA值    ：-12.02136714411491
SVM_BET_ECFP    :RMSD: 0.745172, P: 0.871453, R^2: 0.754684
SVM_AE_BET_ECFP的BA值    ：-11.973571718110785
SVM_AE_BET_ECFP    :RMSD: 0.743621, P: 0.871549, R^2: 0.755704
fold= 6
>>>>>>>>>>>>>training.............
###############################################SVM#####################################################
SVM_BET的BA值：-11.766528924929439
SVM_BET:RMSD: 0.958244, P: 0.740272, R^2: 0.540043
SVM_AE的BA值 ：-11.507153671622909
SVM_AE :RMSD: 1.009651, P: 0.705405, R^2: 0.489368
SVM_ECFP的BA值 ：-11.543228907690933
SVM_ECFP :RMSD: 1.064960, P: 0.671923, R^2: 0.431891
SVM_AE_BET的BA值    ：-11.636841298276174
SVM_AE_BET    :RMSD: 0.971906, P: 0.731989, R^2: 0.526834
SVM_AE_ECFP的BA值    ：-11.377026491333893
SVM_AE_ECFP    :RMSD: 1.005480, P: 0.713884, R^2: 0.493578
SVM_BET_ECFP的BA值    ：-11.477513550509613
SVM_BET_ECFP    :RMSD: 0.983520, P: 0.728345, R^2: 0.515458
SVM_AE_BET_ECFP的BA值    ：-11.44153549424351
SVM_AE_BET_ECFP    :RMSD: 0.978653, P: 0.731181, R^2: 0.520242
fold= 7
>>>>>>>>>>>>>training.............
###############################################SVM#####################################################
SVM_BET的BA值：-12.224231375630872
SVM_BET:RMSD: 0.805583, P: 0.847729, R^2: 0.717278
SVM_AE的BA值 ：-11.971614399430095
SVM_AE :RMSD: 0.864215, P: 0.824926, R^2: 0.674627
SVM_ECFP的BA值 ：-11.887668104673487
SVM_ECFP :RMSD: 0.917718, P: 0.811089, R^2: 0.633092
SVM_AE_BET的BA值    ：-12.081836015304845
SVM_AE_BET    :RMSD: 0.826511, P: 0.839775, R^2: 0.702398
SVM_AE_ECFP的BA值    ：-11.885771966842587
SVM_AE_ECFP    :RMSD: 0.850298, P: 0.835309, R^2: 0.685022
SVM_BET_ECFP的BA值    ：-12.028167327168614
SVM_BET_ECFP    :RMSD: 0.828779, P: 0.842428, R^2: 0.700762
SVM_AE_BET_ECFP的BA值    ：-11.998591769772014
SVM_AE_BET_ECFP    :RMSD: 0.825562, P: 0.842745, R^2: 0.703081
fold= 8
>>>>>>>>>>>>>training.............
###############################################SVM#####################################################
SVM_BET的BA值：-11.75979919541546
SVM_BET:RMSD: 0.895922, P: 0.761845, R^2: 0.570110
SVM_AE的BA值 ：-11.897326871801504
SVM_AE :RMSD: 0.858724, P: 0.785802, R^2: 0.605066
SVM_ECFP的BA值 ：-12.38759257310238
SVM_ECFP :RMSD: 0.988448, P: 0.699322, R^2: 0.476732
SVM_AE_BET的BA值    ：-11.828563033608482
SVM_AE_BET    :RMSD: 0.866668, P: 0.779085, R^2: 0.597726
SVM_AE_ECFP的BA值    ：-12.142459722451942
SVM_AE_ECFP    :RMSD: 0.877033, P: 0.768532, R^2: 0.588046
SVM_BET_ECFP的BA值    ：-12.073695884258921
SVM_BET_ECFP    :RMSD: 0.894300, P: 0.757106, R^2: 0.571665
SVM_AE_BET_ECFP的BA值    ：-12.014906213439781
SVM_AE_BET_ECFP    :RMSD: 0.866871, P: 0.774468, R^2: 0.597537
fold= 9
>>>>>>>>>>>>>training.............
###############################################SVM#####################################################
SVM_BET的BA值：-11.933045000470493
SVM_BET:RMSD: 0.971725, P: 0.777086, R^2: 0.603144
SVM_AE的BA值 ：-12.234922813434878
SVM_AE :RMSD: 1.011598, P: 0.755764, R^2: 0.569907
SVM_ECFP的BA值 ：-11.910895281312438
SVM_ECFP :RMSD: 0.954085, P: 0.797430, R^2: 0.617421
SVM_AE_BET的BA值    ：-12.083983906952685
SVM_AE_BET    :RMSD: 0.986736, P: 0.769138, R^2: 0.590788
SVM_AE_ECFP的BA值    ：-11.917029204016224
SVM_AE_ECFP    :RMSD: 0.953250, P: 0.789673, R^2: 0.618090
SVM_BET_ECFP的BA值    ：-11.766090297534031
SVM_BET_ECFP    :RMSD: 0.934162, P: 0.800171, R^2: 0.633232
SVM_AE_BET_ECFP的BA值    ：-11.922367802834314
SVM_AE_BET_ECFP    :RMSD: 0.951146, P: 0.789117, R^2: 0.619775
fold= 10
>>>>>>>>>>>>>training.............
###############################################SVM#####################################################
SVM_BET的BA值：-11.617603012813401
SVM_BET:RMSD: 0.999714, P: 0.675878, R^2: 0.379578
SVM_AE的BA值 ：-11.47210907189949
SVM_AE :RMSD: 0.947888, P: 0.699524, R^2: 0.442237
SVM_ECFP的BA值 ：-11.454729410887024
SVM_ECFP :RMSD: 0.908563, P: 0.741114, R^2: 0.487556
SVM_AE_BET的BA值    ：-11.417181933763871
SVM_AE_BET    :RMSD: 0.964715, P: 0.692413, R^2: 0.422258
SVM_AE_ECFP的BA值    ：-11.39644717550248
SVM_AE_ECFP    :RMSD: 0.900218, P: 0.734459, R^2: 0.496926
SVM_BET_ECFP的BA值    ：-11.361383906622132
SVM_BET_ECFP    :RMSD: 0.917481, P: 0.728048, R^2: 0.477448
SVM_AE_BET_ECFP的BA值    ：-11.374923020336524
SVM_AE_BET_ECFP    :RMSD: 0.919417, P: 0.722217, R^2: 0.475240
@@@@@@@@@@@@@@@@@@@@@@@@@@@@@@@@@@@@@@@@@@@最终结果@@@@@@@@@@@@@@@@@@@@@@@@@@@@@@@@@@@@@@@@@@@@@@@@@@
@@@@@@@@@@@@@@@@@@@@@@@@@@@@@@@@@@@@@@@@@@@最终结果@@@@@@@@@@@@@@@@@@@@@@@@@@@@@@@@@@@@@@@@@@@@@@@@@@
%%%%%%%%%%%%%%%%%%%%%%%%%%%%%%%%%%%%%%%%%%%SVM%%%%%%%%%%%%%%%%%%%%%%%%%%%%%%%%%%%%%%%%%%%%%%%%%%%%%%
SVM_BET:0-th Final RMSD: 0.930997, Final P: 0.763632, Final R^2: 0.580873
SVM_AE :0-th Final RMSD: 0.959299, Final P: 0.748283, Final R^2: 0.555003
SVM_ECFP :0-th Final RMSD: 0.969271, Final P: 0.743374, Final R^2: 0.545703
SVM_AE_BET    :0-th Final RMSD: 0.934401, Final P: 0.761600, Final R^2: 0.577803
SVM_AE_ECFP    :0-th Final RMSD: 0.924956, Final P: 0.767121, Final R^2: 0.586295
SVM_BET_ECFP    :0-th Final RMSD: 0.912908, Final P: 0.773979, Final R^2: 0.597002
SVM_AE_BET_ECFP    :0-th Final RMSD: 0.914191, Final P: 0.772608, Final R^2: 0.595869
0-th SVM_AE的BA值 ：-12.234923
0-th SVM_BET的BA值：-12.224231
0-th SVM_ECFP的BA值 ：-12.387593
0-th SVM_AE_BET的BA值：-12.108378
0-th SVM_AE_ECFP的BA值    ：-12.192545
0-th SVM_BET_ECFP的BA值    ：-12.227115
0-th SVM_AE_BET_ECFP的BA值    ：-12.176013
total time: 0.006375137898657057 h
