size of data: (347,)
size of train size: 277
SVM parameter
Namespace(dataset='CHEMBL2083', C=10, kernel='rbf', gamma='scale', random_seed=0)
fold= 1
>>>>>>>>>>>>>training.............
###############################################SVM#####################################################
SVM_BET的BA值：-11.408781518050631
SVM_BET:RMSD: 0.670188, P: 0.864635, R^2: 0.747441
SVM_AE的BA值 ：-11.277906194866642
SVM_AE :RMSD: 0.664982, P: 0.872239, R^2: 0.751349
SVM_ECFP的BA值 ：-11.848973455920541
SVM_ECFP :RMSD: 0.758431, P: 0.848913, R^2: 0.676553
SVM_AE_BET的BA值    ：-11.343343856458636
SVM_AE_BET    :RMSD: 0.658890, P: 0.871385, R^2: 0.755885
SVM_AE_ECFP的BA值    ：-11.56343982539359
SVM_AE_ECFP    :RMSD: 0.681205, P: 0.875537, R^2: 0.739069
SVM_BET_ECFP的BA值    ：-11.628877486985587
SVM_BET_ECFP    :RMSD: 0.674872, P: 0.871771, R^2: 0.743898
SVM_AE_BET_ECFP的BA值    ：-11.511887056279273
SVM_AE_BET_ECFP    :RMSD: 0.662314, P: 0.876304, R^2: 0.753340
fold= 2
>>>>>>>>>>>>>training.............
###############################################SVM#####################################################
SVM_BET的BA值：-10.908021045661249
SVM_BET:RMSD: 0.581765, P: 0.905909, R^2: 0.801637
SVM_AE的BA值 ：-10.80922657937848
SVM_AE :RMSD: 0.602170, P: 0.893284, R^2: 0.787477
SVM_ECFP的BA值 ：-10.48426875150572
SVM_ECFP :RMSD: 0.760180, P: 0.833458, R^2: 0.661312
SVM_AE_BET的BA值    ：-10.858623812519864
SVM_AE_BET    :RMSD: 0.569371, P: 0.909164, R^2: 0.809998
SVM_AE_ECFP的BA值    ：-10.528032328805327
SVM_AE_ECFP    :RMSD: 0.636645, P: 0.887436, R^2: 0.762446
SVM_BET_ECFP的BA值    ：-10.41861628735225
SVM_BET_ECFP    :RMSD: 0.602035, P: 0.906464, R^2: 0.787573
SVM_AE_BET_ECFP的BA值    ：-10.50973037712174
SVM_AE_BET_ECFP    :RMSD: 0.585838, P: 0.907809, R^2: 0.798849
fold= 3
>>>>>>>>>>>>>training.............
###############################################SVM#####################################################
SVM_BET的BA值：-10.872090116870773
SVM_BET:RMSD: 0.565773, P: 0.927602, R^2: 0.851897
SVM_AE的BA值 ：-10.895515061238495
SVM_AE :RMSD: 0.600133, P: 0.916730, R^2: 0.833361
SVM_ECFP的BA值 ：-11.03277519499699
SVM_ECFP :RMSD: 0.720976, P: 0.883492, R^2: 0.759496
SVM_AE_BET的BA值    ：-10.86221930857861
SVM_AE_BET    :RMSD: 0.569010, P: 0.927039, R^2: 0.850197
SVM_AE_ECFP的BA值    ：-10.964145128117742
SVM_AE_ECFP    :RMSD: 0.629678, P: 0.914317, R^2: 0.816550
SVM_BET_ECFP的BA值    ：-10.930849375457857
SVM_BET_ECFP    :RMSD: 0.608658, P: 0.922044, R^2: 0.828594
SVM_AE_BET_ECFP的BA值    ：-10.919071270718069
SVM_AE_BET_ECFP    :RMSD: 0.592814, P: 0.924845, R^2: 0.837401
fold= 4
>>>>>>>>>>>>>training.............
###############################################SVM#####################################################
SVM_BET的BA值：-10.875843015766192
SVM_BET:RMSD: 0.786404, P: 0.769872, R^2: 0.582461
SVM_AE的BA值 ：-10.769554249090298
SVM_AE :RMSD: 0.810459, P: 0.750989, R^2: 0.556526
SVM_ECFP的BA值 ：-11.205507386116526
SVM_ECFP :RMSD: 0.717215, P: 0.812179, R^2: 0.652700
SVM_AE_BET的BA值    ：-10.822698632428246
SVM_AE_BET    :RMSD: 0.789962, P: 0.765448, R^2: 0.578674
SVM_AE_ECFP的BA值    ：-10.96997238949102
SVM_AE_ECFP    :RMSD: 0.749807, P: 0.790791, R^2: 0.620419
SVM_BET_ECFP的BA值    ：-11.02055106401317
SVM_BET_ECFP    :RMSD: 0.739705, P: 0.798266, R^2: 0.630578
SVM_AE_BET_ECFP的BA值    ：-10.925179840297284
SVM_AE_BET_ECFP    :RMSD: 0.756012, P: 0.787253, R^2: 0.614111
fold= 5
>>>>>>>>>>>>>training.............
###############################################SVM#####################################################
SVM_BET的BA值：-10.526498455180395
SVM_BET:RMSD: 0.646614, P: 0.932244, R^2: 0.792305
SVM_AE的BA值 ：-10.631696561303977
SVM_AE :RMSD: 0.696661, P: 0.909810, R^2: 0.758911
SVM_ECFP的BA值 ：-10.326655708498787
SVM_ECFP :RMSD: 0.799804, P: 0.918556, R^2: 0.682238
SVM_AE_BET的BA值    ：-10.496438281965087
SVM_AE_BET    :RMSD: 0.660514, P: 0.925334, R^2: 0.783280
SVM_AE_ECFP的BA值    ：-10.365512990087865
SVM_AE_ECFP    :RMSD: 0.715886, P: 0.929224, R^2: 0.745421
SVM_BET_ECFP的BA值    ：-10.426577081839591
SVM_BET_ECFP    :RMSD: 0.704860, P: 0.936624, R^2: 0.753202
SVM_AE_BET_ECFP的BA值    ：-10.419174811785375
SVM_AE_BET_ECFP    :RMSD: 0.686316, P: 0.933534, R^2: 0.766017
fold= 6
>>>>>>>>>>>>>training.............
###############################################SVM#####################################################
SVM_BET的BA值：-11.086826378742781
SVM_BET:RMSD: 0.689639, P: 0.831435, R^2: 0.677036
SVM_AE的BA值 ：-11.129736822007274
SVM_AE :RMSD: 0.719072, P: 0.826625, R^2: 0.648881
SVM_ECFP的BA值 ：-10.862794612342793
SVM_ECFP :RMSD: 0.725914, P: 0.828037, R^2: 0.642168
SVM_AE_BET的BA值    ：-11.108281600375028
SVM_AE_BET    :RMSD: 0.684655, P: 0.837953, R^2: 0.681688
SVM_AE_ECFP的BA值    ：-10.996265717175033
SVM_AE_ECFP    :RMSD: 0.699543, P: 0.839501, R^2: 0.667693
SVM_BET_ECFP的BA值    ：-10.974810495542787
SVM_BET_ECFP    :RMSD: 0.680243, P: 0.841963, R^2: 0.685777
SVM_AE_BET_ECFP的BA值    ：-11.026452604364282
SVM_AE_BET_ECFP    :RMSD: 0.680176, P: 0.843546, R^2: 0.685839
fold= 7
>>>>>>>>>>>>>training.............
###############################################SVM#####################################################
SVM_BET的BA值：-11.063122551682781
SVM_BET:RMSD: 0.998889, P: 0.747870, R^2: 0.549503
SVM_AE的BA值 ：-11.015829598023531
SVM_AE :RMSD: 1.016574, P: 0.731508, R^2: 0.533410
SVM_ECFP的BA值 ：-10.763804288347242
SVM_ECFP :RMSD: 0.922804, P: 0.796121, R^2: 0.615517
SVM_AE_BET的BA值    ：-10.976256337949845
SVM_AE_BET    :RMSD: 0.994153, P: 0.746745, R^2: 0.553764
SVM_AE_ECFP的BA值    ：-10.88449479794437
SVM_AE_ECFP    :RMSD: 0.941119, P: 0.779531, R^2: 0.600104
SVM_BET_ECFP的BA值    ：-10.88444595842001
SVM_BET_ECFP    :RMSD: 0.917197, P: 0.796318, R^2: 0.620176
SVM_AE_BET_ECFP的BA值    ：-10.901890891254967
SVM_AE_BET_ECFP    :RMSD: 0.941536, P: 0.779212, R^2: 0.599750
fold= 8
>>>>>>>>>>>>>training.............
###############################################SVM#####################################################
SVM_BET的BA值：-10.92862667468355
SVM_BET:RMSD: 1.160264, P: 0.701469, R^2: 0.488711
SVM_AE的BA值 ：-10.889573999796964
SVM_AE :RMSD: 1.132440, P: 0.720844, R^2: 0.512938
SVM_ECFP的BA值 ：-10.606218754048061
SVM_ECFP :RMSD: 1.221546, P: 0.697035, R^2: 0.433274
SVM_AE_BET的BA值    ：-10.909100337240258
SVM_AE_BET    :RMSD: 1.140201, P: 0.715126, R^2: 0.506239
SVM_AE_ECFP的BA值    ：-10.618963137662124
SVM_AE_ECFP    :RMSD: 1.153219, P: 0.725569, R^2: 0.494901
SVM_BET_ECFP的BA值    ：-10.61054579593353
SVM_BET_ECFP    :RMSD: 1.163796, P: 0.714945, R^2: 0.485593
SVM_AE_BET_ECFP的BA值    ：-10.621153194622552
SVM_AE_BET_ECFP    :RMSD: 1.145851, P: 0.721858, R^2: 0.501334
fold= 9
>>>>>>>>>>>>>training.............
###############################################SVM#####################################################
SVM_BET的BA值：-11.271211061076515
SVM_BET:RMSD: 0.792914, P: 0.764987, R^2: 0.581441
SVM_AE的BA值 ：-11.473320162158402
SVM_AE :RMSD: 0.825117, P: 0.743915, R^2: 0.546753
SVM_ECFP的BA值 ：-11.553412565551511
SVM_ECFP :RMSD: 0.798796, P: 0.773866, R^2: 0.575208
SVM_AE_BET的BA值    ：-11.372265611617458
SVM_AE_BET    :RMSD: 0.801400, P: 0.758784, R^2: 0.572434
SVM_AE_ECFP的BA值    ：-11.513366363854956
SVM_AE_ECFP    :RMSD: 0.781554, P: 0.773702, R^2: 0.593349
SVM_BET_ECFP的BA值    ：-11.412311813314012
SVM_BET_ECFP    :RMSD: 0.778064, P: 0.778506, R^2: 0.596972
SVM_AE_BET_ECFP的BA值    ：-11.432647929595475
SVM_AE_BET_ECFP    :RMSD: 0.780755, P: 0.773353, R^2: 0.594180
fold= 10
>>>>>>>>>>>>>training.............
###############################################SVM#####################################################
SVM_BET的BA值：-11.036960486350143
SVM_BET:RMSD: 0.810874, P: 0.828059, R^2: 0.674702
SVM_AE的BA值 ：-10.917430063914699
SVM_AE :RMSD: 0.799643, P: 0.827279, R^2: 0.683651
SVM_ECFP的BA值 ：-10.994902207308684
SVM_ECFP :RMSD: 0.925031, P: 0.761633, R^2: 0.576662
SVM_AE_BET的BA值    ：-10.97719527513242
SVM_AE_BET    :RMSD: 0.790225, P: 0.833071, R^2: 0.691058
SVM_AE_ECFP的BA值    ：-10.956166135611692
SVM_AE_ECFP    :RMSD: 0.833425, P: 0.812090, R^2: 0.656357
SVM_BET_ECFP的BA值    ：-11.015931346829413
SVM_BET_ECFP    :RMSD: 0.827524, P: 0.813440, R^2: 0.661206
SVM_AE_BET_ECFP的BA值    ：-10.983097585857841
SVM_AE_BET_ECFP    :RMSD: 0.807105, P: 0.823870, R^2: 0.677719
@@@@@@@@@@@@@@@@@@@@@@@@@@@@@@@@@@@@@@@@@@@最终结果@@@@@@@@@@@@@@@@@@@@@@@@@@@@@@@@@@@@@@@@@@@@@@@@@@
@@@@@@@@@@@@@@@@@@@@@@@@@@@@@@@@@@@@@@@@@@@最终结果@@@@@@@@@@@@@@@@@@@@@@@@@@@@@@@@@@@@@@@@@@@@@@@@@@
%%%%%%%%%%%%%%%%%%%%%%%%%%%%%%%%%%%%%%%%%%%SVM%%%%%%%%%%%%%%%%%%%%%%%%%%%%%%%%%%%%%%%%%%%%%%%%%%%%%%
SVM_BET:0-th Final RMSD: 0.789192, Final P: 0.824149, Final R^2: 0.678992
SVM_AE :0-th Final RMSD: 0.802568, Final P: 0.817750, Final R^2: 0.668019
SVM_ECFP :0-th Final RMSD: 0.846614, Final P: 0.798950, Final R^2: 0.630579
SVM_AE_BET    :0-th Final RMSD: 0.783939, Final P: 0.827141, Final R^2: 0.683251
SVM_AE_ECFP    :0-th Final RMSD: 0.795608, Final P: 0.825522, Final R^2: 0.673752
SVM_BET_ECFP    :0-th Final RMSD: 0.784739, Final P: 0.830404, Final R^2: 0.682604
SVM_AE_BET_ECFP    :0-th Final RMSD: 0.779585, Final P: 0.832109, Final R^2: 0.686760
0-th SVM_AE的BA值 ：-11.473320
0-th SVM_BET的BA值：-11.408782
0-th SVM_ECFP的BA值 ：-11.848973
0-th SVM_AE_BET的BA值：-11.372266
0-th SVM_AE_ECFP的BA值    ：-11.563440
0-th SVM_BET_ECFP的BA值    ：-11.628877
0-th SVM_AE_BET_ECFP的BA值    ：-11.511887
total time: 0.003391558395491706 h
