size of data: (490,)
size of train size: 392
SVM parameter
Namespace(dataset='CHEMBL2730', C=10, kernel='rbf', gamma='scale', random_seed=0)
fold= 1
>>>>>>>>>>>>>training.............
###############################################SVM#####################################################
SVM_BET的BA值：-10.461523647500552
SVM_BET:RMSD: 0.722827, P: 0.896499, R^2: 0.787815
SVM_AE的BA值 ：-10.425155160004934
SVM_AE :RMSD: 0.791416, P: 0.872135, R^2: 0.745637
SVM_ECFP的BA值 ：-10.553919041315245
SVM_ECFP :RMSD: 0.824147, P: 0.852270, R^2: 0.724162
SVM_AE_BET的BA值    ：-10.443339403752743
SVM_AE_BET    :RMSD: 0.744008, P: 0.890044, R^2: 0.775198
SVM_AE_ECFP的BA值    ：-10.14483335458486
SVM_AE_ECFP    :RMSD: 0.734402, P: 0.893284, R^2: 0.780965
SVM_BET_ECFP的BA值    ：-10.163017598332669
SVM_BET_ECFP    :RMSD: 0.698986, P: 0.906550, R^2: 0.801582
SVM_AE_BET_ECFP的BA值    ：-10.250396785556758
SVM_AE_BET_ECFP    :RMSD: 0.706939, P: 0.904617, R^2: 0.797041
fold= 2
>>>>>>>>>>>>>training.............
###############################################SVM#####################################################
SVM_BET的BA值：-9.71046452298447
SVM_BET:RMSD: 0.797495, P: 0.818720, R^2: 0.631197
SVM_AE的BA值 ：-10.031660966679546
SVM_AE :RMSD: 0.842860, P: 0.787371, R^2: 0.588046
SVM_ECFP的BA值 ：-9.93533631675962
SVM_ECFP :RMSD: 0.913751, P: 0.794805, R^2: 0.515834
SVM_AE_BET的BA值    ：-9.861128563790976
SVM_AE_BET    :RMSD: 0.800012, P: 0.813801, R^2: 0.628866
SVM_AE_ECFP的BA值    ：-9.800064929118031
SVM_AE_ECFP    :RMSD: 0.810123, P: 0.829408, R^2: 0.619425
SVM_BET_ECFP的BA值    ：-9.641569561120171
SVM_BET_ECFP    :RMSD: 0.816056, P: 0.830835, R^2: 0.613831
SVM_AE_BET_ECFP的BA值    ：-9.763575339712823
SVM_AE_BET_ECFP    :RMSD: 0.793565, P: 0.833252, R^2: 0.634823
fold= 3
>>>>>>>>>>>>>training.............
###############################################SVM#####################################################
SVM_BET的BA值：-10.47790082207606
SVM_BET:RMSD: 0.810217, P: 0.835828, R^2: 0.666336
SVM_AE的BA值 ：-10.567816524402957
SVM_AE :RMSD: 0.879598, P: 0.801955, R^2: 0.606744
SVM_ECFP的BA值 ：-10.80883986137817
SVM_ECFP :RMSD: 0.956118, P: 0.778218, R^2: 0.535346
SVM_AE_BET的BA值    ：-10.522858673239508
SVM_AE_BET    :RMSD: 0.835887, P: 0.824668, R^2: 0.644858
SVM_AE_ECFP的BA值    ：-10.306418963829817
SVM_AE_ECFP    :RMSD: 0.888077, P: 0.809797, R^2: 0.599126
SVM_BET_ECFP的BA值    ：-10.261461112666368
SVM_BET_ECFP    :RMSD: 0.852325, P: 0.828156, R^2: 0.630753
SVM_AE_BET_ECFP的BA值    ：-10.363579583245231
SVM_AE_BET_ECFP    :RMSD: 0.850561, P: 0.826086, R^2: 0.632280
fold= 4
>>>>>>>>>>>>>training.............
###############################################SVM#####################################################
SVM_BET的BA值：-9.841935708352977
SVM_BET:RMSD: 0.818335, P: 0.744164, R^2: 0.546301
SVM_AE的BA值 ：-9.574147312541271
SVM_AE :RMSD: 0.790451, P: 0.765653, R^2: 0.576694
SVM_ECFP的BA值 ：-10.173252053376984
SVM_ECFP :RMSD: 1.015689, P: 0.611454, R^2: 0.301082
SVM_AE_BET的BA值    ：-9.708041510447124
SVM_AE_BET    :RMSD: 0.782066, P: 0.767838, R^2: 0.585627
SVM_AE_ECFP的BA值    ：-9.6530021757529
SVM_AE_ECFP    :RMSD: 0.851070, P: 0.718204, R^2: 0.509279
SVM_BET_ECFP的BA值    ：-9.83882570521731
SVM_BET_ECFP    :RMSD: 0.866183, P: 0.709129, R^2: 0.491695
SVM_AE_BET_ECFP的BA值    ：-9.712274711764186
SVM_AE_BET_ECFP    :RMSD: 0.817773, P: 0.741430, R^2: 0.546925
fold= 5
>>>>>>>>>>>>>training.............
###############################################SVM#####################################################
SVM_BET的BA值：-10.25088084908436
SVM_BET:RMSD: 0.854748, P: 0.763570, R^2: 0.562288
SVM_AE的BA值 ：-10.315711835136579
SVM_AE :RMSD: 0.706914, P: 0.839470, R^2: 0.700605
SVM_ECFP的BA值 ：-10.848680553450206
SVM_ECFP :RMSD: 0.931360, P: 0.701733, R^2: 0.480308
SVM_AE_BET的BA值    ：-10.259455164677725
SVM_AE_BET    :RMSD: 0.753536, P: 0.818014, R^2: 0.659811
SVM_AE_ECFP的BA值    ：-10.11775259545756
SVM_AE_ECFP    :RMSD: 0.766019, P: 0.807639, R^2: 0.648448
SVM_BET_ECFP的BA值    ：-10.008464976685989
SVM_BET_ECFP    :RMSD: 0.832496, P: 0.769696, R^2: 0.584782
SVM_AE_BET_ECFP的BA值    ：-10.047894230362596
SVM_AE_BET_ECFP    :RMSD: 0.766873, P: 0.809515, R^2: 0.647663
fold= 6
>>>>>>>>>>>>>training.............
###############################################SVM#####################################################
SVM_BET的BA值：-10.248922352397912
SVM_BET:RMSD: 0.987099, P: 0.697129, R^2: 0.396118
SVM_AE的BA值 ：-10.308785666585534
SVM_AE :RMSD: 0.966076, P: 0.699499, R^2: 0.421567
SVM_ECFP的BA值 ：-10.521480318955824
SVM_ECFP :RMSD: 1.144541, P: 0.608314, R^2: 0.188117
SVM_AE_BET的BA值    ：-10.278854009491724
SVM_AE_BET    :RMSD: 0.968240, P: 0.702853, R^2: 0.418973
SVM_AE_ECFP的BA值    ：-10.41513299277068
SVM_AE_ECFP    :RMSD: 1.023034, P: 0.673737, R^2: 0.351349
SVM_BET_ECFP的BA值    ：-10.385201335676868
SVM_BET_ECFP    :RMSD: 1.019865, P: 0.681102, R^2: 0.355362
SVM_AE_BET_ECFP的BA值    ：-10.359729445979758
SVM_AE_BET_ECFP    :RMSD: 0.993267, P: 0.692307, R^2: 0.388548
fold= 7
>>>>>>>>>>>>>training.............
###############################################SVM#####################################################
SVM_BET的BA值：-10.706694416284062
SVM_BET:RMSD: 1.017272, P: 0.759955, R^2: 0.565663
SVM_AE的BA值 ：-10.766140556519288
SVM_AE :RMSD: 1.022347, P: 0.756218, R^2: 0.561319
SVM_ECFP的BA值 ：-10.31243440549783
SVM_ECFP :RMSD: 1.161473, P: 0.682927, R^2: 0.433799
SVM_AE_BET的BA值    ：-10.736417486401674
SVM_AE_BET    :RMSD: 1.008406, P: 0.764820, R^2: 0.573201
SVM_AE_ECFP的BA值    ：-10.211327849122888
SVM_AE_ECFP    :RMSD: 1.042531, P: 0.751128, R^2: 0.543826
SVM_BET_ECFP的BA值    ：-10.181604779005275
SVM_BET_ECFP    :RMSD: 1.031489, P: 0.759093, R^2: 0.553438
SVM_AE_BET_ECFP的BA值    ：-10.376450038176612
SVM_AE_BET_ECFP    :RMSD: 1.013346, P: 0.767234, R^2: 0.569009
fold= 8
>>>>>>>>>>>>>training.............
###############################################SVM#####################################################
SVM_BET的BA值：-10.486344787218595
SVM_BET:RMSD: 1.062844, P: 0.596106, R^2: 0.215372
SVM_AE的BA值 ：-10.262165098907328
SVM_AE :RMSD: 0.923783, P: 0.695154, R^2: 0.407259
SVM_ECFP的BA值 ：-10.549327142243266
SVM_ECFP :RMSD: 1.154680, P: 0.516319, R^2: 0.073921
SVM_AE_BET的BA值    ：-10.374254943062962
SVM_AE_BET    :RMSD: 0.981627, P: 0.652836, R^2: 0.330704
SVM_AE_ECFP的BA值    ：-10.044256560108732
SVM_AE_ECFP    :RMSD: 0.988499, P: 0.630168, R^2: 0.321301
SVM_BET_ECFP的BA值    ：-10.061763346021309
SVM_BET_ECFP    :RMSD: 1.051115, P: 0.583832, R^2: 0.232594
SVM_AE_BET_ECFP的BA值    ：-10.091363978601596
SVM_AE_BET_ECFP    :RMSD: 0.992525, P: 0.630432, R^2: 0.315761
fold= 9
>>>>>>>>>>>>>training.............
###############################################SVM#####################################################
SVM_BET的BA值：-10.393836420597115
SVM_BET:RMSD: 0.947267, P: 0.735895, R^2: 0.539664
SVM_AE的BA值 ：-10.380696070455624
SVM_AE :RMSD: 0.902378, P: 0.768112, R^2: 0.582259
SVM_ECFP的BA值 ：-10.969654407585722
SVM_ECFP :RMSD: 1.034225, P: 0.687680, R^2: 0.451269
SVM_AE_BET的BA值    ：-10.38281273181406
SVM_AE_BET    :RMSD: 0.910262, P: 0.761204, R^2: 0.574927
SVM_AE_ECFP的BA值    ：-10.407483566034882
SVM_AE_ECFP    :RMSD: 0.929830, P: 0.747469, R^2: 0.556455
SVM_BET_ECFP的BA值    ：-10.309020941543592
SVM_BET_ECFP    :RMSD: 0.944147, P: 0.737089, R^2: 0.542691
SVM_AE_BET_ECFP的BA值    ：-10.234456273679024
SVM_AE_BET_ECFP    :RMSD: 0.916338, P: 0.755417, R^2: 0.569234
fold= 10
>>>>>>>>>>>>>training.............
###############################################SVM#####################################################
SVM_BET的BA值：-10.164825073232837
SVM_BET:RMSD: 0.750690, P: 0.802486, R^2: 0.623708
SVM_AE的BA值 ：-10.308829572922752
SVM_AE :RMSD: 0.774725, P: 0.779832, R^2: 0.599227
SVM_ECFP的BA值 ：-10.106831623221009
SVM_ECFP :RMSD: 0.884532, P: 0.693039, R^2: 0.477566
SVM_AE_BET的BA值    ：-10.095405998378581
SVM_AE_BET    :RMSD: 0.741831, P: 0.801757, R^2: 0.632537
SVM_AE_ECFP的BA值    ：-10.063971163292212
SVM_AE_ECFP    :RMSD: 0.777440, P: 0.773559, R^2: 0.596413
SVM_BET_ECFP的BA值    ：-9.850547588748041
SVM_BET_ECFP    :RMSD: 0.752159, P: 0.792858, R^2: 0.622234
SVM_AE_BET_ECFP的BA值    ：-10.003308250139611
SVM_AE_BET_ECFP    :RMSD: 0.740551, P: 0.798944, R^2: 0.633804
@@@@@@@@@@@@@@@@@@@@@@@@@@@@@@@@@@@@@@@@@@@最终结果@@@@@@@@@@@@@@@@@@@@@@@@@@@@@@@@@@@@@@@@@@@@@@@@@@
@@@@@@@@@@@@@@@@@@@@@@@@@@@@@@@@@@@@@@@@@@@最终结果@@@@@@@@@@@@@@@@@@@@@@@@@@@@@@@@@@@@@@@@@@@@@@@@@@
%%%%%%%%%%%%%%%%%%%%%%%%%%%%%%%%%%%%%%%%%%%SVM%%%%%%%%%%%%%%%%%%%%%%%%%%%%%%%%%%%%%%%%%%%%%%%%%%%%%%
SVM_BET:0-th Final RMSD: 0.884019, Final P: 0.761896, Final R^2: 0.579251
SVM_AE :0-th Final RMSD: 0.864947, Final P: 0.773210, Final R^2: 0.597209
SVM_ECFP :0-th Final RMSD: 1.008547, Final P: 0.689374, Final R^2: 0.452363
SVM_AE_BET    :0-th Final RMSD: 0.858404, Final P: 0.776851, Final R^2: 0.603280
SVM_AE_ECFP    :0-th Final RMSD: 0.887414, Final P: 0.761159, Final R^2: 0.576013
SVM_BET_ECFP    :0-th Final RMSD: 0.893891, Final P: 0.757117, Final R^2: 0.569801
SVM_AE_BET_ECFP    :0-th Final RMSD: 0.865821, Final P: 0.773498, Final R^2: 0.596395
0-th SVM_AE的BA值 ：-10.766141
0-th SVM_BET的BA值：-10.706694
0-th SVM_ECFP的BA值 ：-10.969654
0-th SVM_AE_BET的BA值：-10.736417
0-th SVM_AE_ECFP的BA值    ：-10.415133
0-th SVM_BET_ECFP的BA值    ：-10.385201
0-th SVM_AE_BET_ECFP的BA值    ：-10.376450
total time: 0.005609067545996772 h
