size of data: (753,)
size of train size: 602
SVM parameter
Namespace(dataset='CHEMBL1836', C=10, kernel='rbf', gamma='scale', random_seed=0)
fold= 1
>>>>>>>>>>>>>training.............
###############################################SVM#####################################################
SVM_BET的BA值：-12.079979684465316
SVM_BET:RMSD: 1.113517, P: 0.777874, R^2: 0.575687
SVM_AE的BA值 ：-12.534508455761609
SVM_AE :RMSD: 1.088032, P: 0.785809, R^2: 0.594887
SVM_ECFP的BA值 ：-12.000999975947831
SVM_ECFP :RMSD: 0.999272, P: 0.813340, R^2: 0.658288
SVM_AE_BET的BA值    ：-12.23748762332583
SVM_AE_BET    :RMSD: 1.082360, P: 0.788414, R^2: 0.599100
SVM_AE_ECFP的BA值    ：-12.023006567452747
SVM_AE_ECFP    :RMSD: 0.993672, P: 0.814704, R^2: 0.662108
SVM_BET_ECFP的BA值    ：-12.040489830206575
SVM_BET_ECFP    :RMSD: 0.999751, P: 0.812503, R^2: 0.657960
SVM_AE_BET_ECFP的BA值    ：-12.039932101957197
SVM_AE_BET_ECFP    :RMSD: 1.011670, P: 0.809293, R^2: 0.649757
fold= 2
>>>>>>>>>>>>>training.............
###############################################SVM#####################################################
SVM_BET的BA值：-12.420021115993856
SVM_BET:RMSD: 1.120052, P: 0.787862, R^2: 0.612698
SVM_AE的BA值 ：-12.5777101617998
SVM_AE :RMSD: 1.071001, P: 0.805892, R^2: 0.645878
SVM_ECFP的BA值 ：-13.29645462424776
SVM_ECFP :RMSD: 1.229987, P: 0.764948, R^2: 0.532938
SVM_AE_BET的BA值    ：-12.498865638896827
SVM_AE_BET    :RMSD: 1.075355, P: 0.804861, R^2: 0.642993
SVM_AE_ECFP的BA值    ：-12.714280909700463
SVM_AE_ECFP    :RMSD: 1.090627, P: 0.810630, R^2: 0.632780
SVM_BET_ECFP的BA值    ：-12.78393667110905
SVM_BET_ECFP    :RMSD: 1.116327, P: 0.800512, R^2: 0.615270
SVM_AE_BET_ECFP的BA值    ：-12.566660179123753
SVM_AE_BET_ECFP    :RMSD: 1.077741, P: 0.811094, R^2: 0.641407
fold= 3
>>>>>>>>>>>>>training.............
###############################################SVM#####################################################
SVM_BET的BA值：-12.316659965710086
SVM_BET:RMSD: 0.865425, P: 0.870946, R^2: 0.755401
SVM_AE的BA值 ：-12.385238574208296
SVM_AE :RMSD: 0.939012, P: 0.844493, R^2: 0.712037
SVM_ECFP的BA值 ：-12.059679562390631
SVM_ECFP :RMSD: 0.972458, P: 0.843454, R^2: 0.691157
SVM_AE_BET的BA值    ：-12.248817514478972
SVM_AE_BET    :RMSD: 0.884027, P: 0.864727, R^2: 0.744773
SVM_AE_ECFP的BA值    ：-12.222459068299464
SVM_AE_ECFP    :RMSD: 0.922135, P: 0.854408, R^2: 0.722294
SVM_BET_ECFP的BA值    ：-12.174124995346443
SVM_BET_ECFP    :RMSD: 0.873107, P: 0.870718, R^2: 0.751039
SVM_AE_BET_ECFP的BA值    ：-12.185771530449523
SVM_AE_BET_ECFP    :RMSD: 0.881932, P: 0.866745, R^2: 0.745981
fold= 4
>>>>>>>>>>>>>training.............
###############################################SVM#####################################################
SVM_BET的BA值：-12.28277693162015
SVM_BET:RMSD: 0.967750, P: 0.867310, R^2: 0.724610
SVM_AE的BA值 ：-12.321285912315718
SVM_AE :RMSD: 1.026517, P: 0.842328, R^2: 0.690148
SVM_ECFP的BA值 ：-13.887039377489195
SVM_ECFP :RMSD: 1.110593, P: 0.830829, R^2: 0.637313
SVM_AE_BET的BA值    ：-12.270389096747039
SVM_AE_BET    :RMSD: 0.983553, P: 0.860690, R^2: 0.715543
SVM_AE_ECFP的BA值    ：-13.072520319681562
SVM_AE_ECFP    :RMSD: 1.023190, P: 0.854367, R^2: 0.692154
SVM_BET_ECFP的BA值    ：-13.084908154554672
SVM_BET_ECFP    :RMSD: 0.993429, P: 0.867456, R^2: 0.709801
SVM_AE_BET_ECFP的BA值    ：-12.809272523661091
SVM_AE_BET_ECFP    :RMSD: 0.987763, P: 0.865785, R^2: 0.713102
fold= 5
>>>>>>>>>>>>>training.............
###############################################SVM#####################################################
SVM_BET的BA值：-13.911157494897115
SVM_BET:RMSD: 1.014053, P: 0.857847, R^2: 0.697803
SVM_AE的BA值 ：-13.848520751378983
SVM_AE :RMSD: 0.869542, P: 0.889980, R^2: 0.777797
SVM_ECFP的BA值 ：-13.690619091604283
SVM_ECFP :RMSD: 1.069394, P: 0.877245, R^2: 0.663918
SVM_AE_BET的BA值    ：-13.879839123138048
SVM_AE_BET    :RMSD: 0.911056, P: 0.882740, R^2: 0.756073
SVM_AE_ECFP的BA值    ：-13.769569921491634
SVM_AE_ECFP    :RMSD: 0.900308, P: 0.901825, R^2: 0.761795
SVM_BET_ECFP的BA值    ：-13.800888293250699
SVM_BET_ECFP    :RMSD: 0.981120, P: 0.883870, R^2: 0.717112
SVM_AE_BET_ECFP的BA值    ：-13.81676577929346
SVM_AE_BET_ECFP    :RMSD: 0.911939, P: 0.894203, R^2: 0.755600
fold= 6
>>>>>>>>>>>>>training.............
###############################################SVM#####################################################
SVM_BET的BA值：-12.68296303052189
SVM_BET:RMSD: 0.842815, P: 0.865592, R^2: 0.739315
SVM_AE的BA值 ：-12.81146661534123
SVM_AE :RMSD: 0.940278, P: 0.842269, R^2: 0.675538
SVM_ECFP的BA值 ：-12.489800194492185
SVM_ECFP :RMSD: 1.065213, P: 0.804611, R^2: 0.583587
SVM_AE_BET的BA值    ：-12.615434164581021
SVM_AE_BET    :RMSD: 0.868192, P: 0.862418, R^2: 0.723381
SVM_AE_ECFP的BA值    ：-12.644821492672959
SVM_AE_ECFP    :RMSD: 0.956800, P: 0.845692, R^2: 0.664036
SVM_BET_ECFP的BA值    ：-12.586381612507036
SVM_BET_ECFP    :RMSD: 0.900478, P: 0.858707, R^2: 0.702425
SVM_AE_BET_ECFP的BA值    ：-12.56968156638891
SVM_AE_BET_ECFP    :RMSD: 0.893880, P: 0.861381, R^2: 0.706769
fold= 7
>>>>>>>>>>>>>training.............
###############################################SVM#####################################################
SVM_BET的BA值：-13.383203522659262
SVM_BET:RMSD: 1.049886, P: 0.819710, R^2: 0.659614
SVM_AE的BA值 ：-13.596663113205867
SVM_AE :RMSD: 1.021253, P: 0.831531, R^2: 0.677927
SVM_ECFP的BA值 ：-12.972336488542398
SVM_ECFP :RMSD: 1.308006, P: 0.747113, R^2: 0.471668
SVM_AE_BET的BA值    ：-13.489933317932564
SVM_AE_BET    :RMSD: 1.018452, P: 0.832280, R^2: 0.679691
SVM_AE_ECFP的BA值    ：-13.284499800874134
SVM_AE_ECFP    :RMSD: 1.108150, P: 0.815609, R^2: 0.620786
SVM_BET_ECFP的BA值    ：-13.17777000560083
SVM_BET_ECFP    :RMSD: 1.130417, P: 0.804375, R^2: 0.605393
SVM_AE_BET_ECFP的BA值    ：-13.317401041469177
SVM_AE_BET_ECFP    :RMSD: 1.070630, P: 0.823334, R^2: 0.646030
fold= 8
>>>>>>>>>>>>>training.............
###############################################SVM#####################################################
SVM_BET的BA值：-13.602626223757131
SVM_BET:RMSD: 0.921052, P: 0.874057, R^2: 0.758708
SVM_AE的BA值 ：-13.667489161040676
SVM_AE :RMSD: 1.008745, P: 0.849559, R^2: 0.710574
SVM_ECFP的BA值 ：-12.923107014969695
SVM_ECFP :RMSD: 0.929980, P: 0.872076, R^2: 0.754007
SVM_AE_BET的BA值    ：-13.635057692398902
SVM_AE_BET    :RMSD: 0.944225, P: 0.868924, R^2: 0.746414
SVM_AE_ECFP的BA值    ：-13.24369376488816
SVM_AE_ECFP    :RMSD: 0.910367, P: 0.880435, R^2: 0.764274
SVM_BET_ECFP的BA值    ：-13.211262296246389
SVM_BET_ECFP    :RMSD: 0.872933, P: 0.890934, R^2: 0.783261
SVM_AE_BET_ECFP的BA值    ：-13.363337917844484
SVM_AE_BET_ECFP    :RMSD: 0.894340, P: 0.884988, R^2: 0.772501
fold= 9
>>>>>>>>>>>>>training.............
###############################################SVM#####################################################
SVM_BET的BA值：-12.723685128428498
SVM_BET:RMSD: 0.831180, P: 0.865700, R^2: 0.744715
SVM_AE的BA值 ：-12.401437863921165
SVM_AE :RMSD: 0.922527, P: 0.835494, R^2: 0.685521
SVM_ECFP的BA值 ：-12.389368778238971
SVM_ECFP :RMSD: 0.969878, P: 0.809605, R^2: 0.652409
SVM_AE_BET的BA值    ：-12.562561496174832
SVM_AE_BET    :RMSD: 0.862579, P: 0.857009, R^2: 0.725064
SVM_AE_ECFP的BA值    ：-12.230597228975672
SVM_AE_ECFP    :RMSD: 0.906066, P: 0.839811, R^2: 0.696643
SVM_BET_ECFP的BA值    ：-12.329476189161625
SVM_BET_ECFP    :RMSD: 0.861994, P: 0.855578, R^2: 0.725437
SVM_AE_BET_ECFP的BA值    ：-12.28037548167847
SVM_AE_BET_ECFP    :RMSD: 0.865996, P: 0.855397, R^2: 0.722881
fold= 10
>>>>>>>>>>>>>training.............
###############################################SVM#####################################################
SVM_BET的BA值：-12.200036959445871
SVM_BET:RMSD: 0.986207, P: 0.796498, R^2: 0.631942
SVM_AE的BA值 ：-12.464910471867384
SVM_AE :RMSD: 1.047071, P: 0.765793, R^2: 0.585111
SVM_ECFP的BA值 ：-12.430569436753245
SVM_ECFP :RMSD: 1.168704, P: 0.721669, R^2: 0.483120
SVM_AE_BET的BA值    ：-12.2349303618935
SVM_AE_BET    :RMSD: 1.000009, P: 0.789045, R^2: 0.621568
SVM_AE_ECFP的BA值    ：-12.41778875154373
SVM_AE_ECFP    :RMSD: 1.025049, P: 0.780939, R^2: 0.602378
SVM_BET_ECFP的BA值    ：-12.251064422617151
SVM_BET_ECFP    :RMSD: 1.016474, P: 0.786888, R^2: 0.609003
SVM_AE_BET_ECFP的BA值    ：-12.280175918335692
SVM_AE_BET_ECFP    :RMSD: 0.994486, P: 0.794424, R^2: 0.625736
@@@@@@@@@@@@@@@@@@@@@@@@@@@@@@@@@@@@@@@@@@@最终结果@@@@@@@@@@@@@@@@@@@@@@@@@@@@@@@@@@@@@@@@@@@@@@@@@@
@@@@@@@@@@@@@@@@@@@@@@@@@@@@@@@@@@@@@@@@@@@最终结果@@@@@@@@@@@@@@@@@@@@@@@@@@@@@@@@@@@@@@@@@@@@@@@@@@
%%%%%%%%%%%%%%%%%%%%%%%%%%%%%%%%%%%%%%%%%%%SVM%%%%%%%%%%%%%%%%%%%%%%%%%%%%%%%%%%%%%%%%%%%%%%%%%%%%%%
SVM_BET:0-th Final RMSD: 0.976613, Final P: 0.834518, Final R^2: 0.695396
SVM_AE :0-th Final RMSD: 0.995875, Final P: 0.827054, Final R^2: 0.683263
SVM_ECFP :0-th Final RMSD: 1.088566, Final P: 0.806856, Final R^2: 0.621558
SVM_AE_BET    :0-th Final RMSD: 0.966309, Final P: 0.838428, Final R^2: 0.701790
SVM_AE_ECFP    :0-th Final RMSD: 0.986408, Final P: 0.837983, Final R^2: 0.689256
SVM_BET_ECFP    :0-th Final RMSD: 0.979093, Final P: 0.840857, Final R^2: 0.693847
SVM_AE_BET_ECFP    :0-th Final RMSD: 0.962115, Final P: 0.844433, Final R^2: 0.704373
0-th SVM_AE的BA值 ：-13.848521
0-th SVM_BET的BA值：-13.911157
0-th SVM_ECFP的BA值 ：-13.887039
0-th SVM_AE_BET的BA值：-13.879839
0-th SVM_AE_ECFP的BA值    ：-13.769570
0-th SVM_BET_ECFP的BA值    ：-13.800888
0-th SVM_AE_BET_ECFP的BA值    ：-13.816766
total time: 0.010556489759021336 h
