size of data: (911,)
size of train size: 728
SVM parameter
Namespace(dataset='CHEMBL4462', C=10, kernel='rbf', gamma='scale', random_seed=0)
fold= 1
>>>>>>>>>>>>>training.............
###############################################SVM#####################################################
SVM_BET的BA值：-12.732616159847694
SVM_BET:RMSD: 0.859305, P: 0.784709, R^2: 0.588284
SVM_AE的BA值 ：-12.932471821560208
SVM_AE :RMSD: 0.835984, P: 0.802431, R^2: 0.610328
SVM_ECFP的BA值 ：-13.292902517739009
SVM_ECFP :RMSD: 0.798260, P: 0.818487, R^2: 0.644703
SVM_AE_BET的BA值    ：-12.83254399070395
SVM_AE_BET    :RMSD: 0.832168, P: 0.801232, R^2: 0.613877
SVM_AE_ECFP的BA值    ：-13.112687169649607
SVM_AE_ECFP    :RMSD: 0.790163, P: 0.823474, R^2: 0.651874
SVM_BET_ECFP的BA值    ：-13.012759338793352
SVM_BET_ECFP    :RMSD: 0.796953, P: 0.817654, R^2: 0.645865
SVM_AE_BET_ECFP的BA值    ：-12.98599683304897
SVM_AE_BET_ECFP    :RMSD: 0.798157, P: 0.818264, R^2: 0.644794
fold= 2
>>>>>>>>>>>>>training.............
###############################################SVM#####################################################
SVM_BET的BA值：-12.875482714149289
SVM_BET:RMSD: 0.736496, P: 0.876066, R^2: 0.763698
SVM_AE的BA值 ：-12.823007273986068
SVM_AE :RMSD: 0.737986, P: 0.875075, R^2: 0.762740
SVM_ECFP的BA值 ：-12.95817033417098
SVM_ECFP :RMSD: 0.787666, P: 0.854633, R^2: 0.729722
SVM_AE_BET的BA值    ：-12.849244994067679
SVM_AE_BET    :RMSD: 0.722300, P: 0.880431, R^2: 0.772719
SVM_AE_ECFP的BA值    ：-12.890588804078524
SVM_AE_ECFP    :RMSD: 0.723415, P: 0.878854, R^2: 0.772018
SVM_BET_ECFP的BA值    ：-12.916826524160134
SVM_BET_ECFP    :RMSD: 0.724160, P: 0.878616, R^2: 0.771547
SVM_AE_BET_ECFP的BA值    ：-12.88555344076878
SVM_AE_BET_ECFP    :RMSD: 0.712613, P: 0.882813, R^2: 0.778775
fold= 3
>>>>>>>>>>>>>training.............
###############################################SVM#####################################################
SVM_BET的BA值：-13.082860544174878
SVM_BET:RMSD: 0.778309, P: 0.917778, R^2: 0.827027
SVM_AE的BA值 ：-13.2708982745852
SVM_AE :RMSD: 0.713282, P: 0.937250, R^2: 0.854723
SVM_ECFP的BA值 ：-12.884590573228314
SVM_ECFP :RMSD: 0.789109, P: 0.915830, R^2: 0.822193
SVM_AE_BET的BA值    ：-13.176879409380039
SVM_AE_BET    :RMSD: 0.728750, P: 0.932775, R^2: 0.848353
SVM_AE_ECFP的BA值    ：-13.077744423906758
SVM_AE_ECFP    :RMSD: 0.709619, P: 0.939654, R^2: 0.856211
SVM_BET_ECFP的BA值    ：-12.983725558701597
SVM_BET_ECFP    :RMSD: 0.743935, P: 0.929078, R^2: 0.841968
SVM_AE_BET_ECFP的BA值    ：-13.079449797329465
SVM_AE_BET_ECFP    :RMSD: 0.716090, P: 0.937258, R^2: 0.853576
fold= 4
>>>>>>>>>>>>>training.............
###############################################SVM#####################################################
SVM_BET的BA值：-11.26166659672689
SVM_BET:RMSD: 0.641134, P: 0.864248, R^2: 0.716543
SVM_AE的BA值 ：-11.30927920991251
SVM_AE :RMSD: 0.651330, P: 0.861741, R^2: 0.707455
SVM_ECFP的BA值 ：-10.509104752454922
SVM_ECFP :RMSD: 0.784890, P: 0.779183, R^2: 0.575177
SVM_AE_BET的BA值    ：-11.2854729033197
SVM_AE_BET    :RMSD: 0.631442, P: 0.869107, R^2: 0.725048
SVM_AE_ECFP的BA值    ：-10.81316256897978
SVM_AE_ECFP    :RMSD: 0.676069, P: 0.842818, R^2: 0.684810
SVM_BET_ECFP的BA值    ：-10.790809401070957
SVM_BET_ECFP    :RMSD: 0.666145, P: 0.847160, R^2: 0.693995
SVM_AE_BET_ECFP的BA值    ：-10.904195156796797
SVM_AE_BET_ECFP    :RMSD: 0.645223, P: 0.858979, R^2: 0.712915
fold= 5
>>>>>>>>>>>>>training.............
###############################################SVM#####################################################
SVM_BET的BA值：-13.34949525604995
SVM_BET:RMSD: 0.841198, P: 0.896474, R^2: 0.787878
SVM_AE的BA值 ：-13.30107511541979
SVM_AE :RMSD: 0.880755, P: 0.885097, R^2: 0.767459
SVM_ECFP的BA值 ：-12.532570165487098
SVM_ECFP :RMSD: 1.039179, P: 0.843078, R^2: 0.676280
SVM_AE_BET的BA值    ：-13.32528518573487
SVM_AE_BET    :RMSD: 0.848661, P: 0.894612, R^2: 0.784098
SVM_AE_ECFP的BA值    ：-12.916822640453443
SVM_AE_ECFP    :RMSD: 0.921797, P: 0.878886, R^2: 0.745283
SVM_BET_ECFP的BA值    ：-12.941032710768525
SVM_BET_ECFP    :RMSD: 0.904380, P: 0.884663, R^2: 0.754817
SVM_AE_BET_ECFP的BA值    ：-13.06104684565228
SVM_AE_BET_ECFP    :RMSD: 0.881168, P: 0.889527, R^2: 0.767241
fold= 6
>>>>>>>>>>>>>training.............
###############################################SVM#####################################################
SVM_BET的BA值：-12.659729240929966
SVM_BET:RMSD: 0.733404, P: 0.906222, R^2: 0.810874
SVM_AE的BA值 ：-12.516145353874402
SVM_AE :RMSD: 0.738605, P: 0.901517, R^2: 0.808182
SVM_ECFP的BA值 ：-12.32871490257152
SVM_ECFP :RMSD: 0.872458, P: 0.869611, R^2: 0.732358
SVM_AE_BET的BA值    ：-12.587937297402185
SVM_AE_BET    :RMSD: 0.723732, P: 0.907906, R^2: 0.815829
SVM_AE_ECFP的BA值    ：-12.140406120650905
SVM_AE_ECFP    :RMSD: 0.769504, P: 0.900372, R^2: 0.791797
SVM_BET_ECFP的BA值    ：-12.176182126037958
SVM_BET_ECFP    :RMSD: 0.768810, P: 0.903508, R^2: 0.792172
SVM_AE_BET_ECFP的BA值    ：-12.101487196935402
SVM_AE_BET_ECFP    :RMSD: 0.744116, P: 0.907426, R^2: 0.805309
fold= 7
>>>>>>>>>>>>>training.............
###############################################SVM#####################################################
SVM_BET的BA值：-12.055437781414525
SVM_BET:RMSD: 0.762006, P: 0.826238, R^2: 0.673703
SVM_AE的BA值 ：-11.858696274184622
SVM_AE :RMSD: 0.739367, P: 0.838760, R^2: 0.692803
SVM_ECFP的BA值 ：-11.30214911904136
SVM_ECFP :RMSD: 0.852059, P: 0.779664, R^2: 0.592023
SVM_AE_BET的BA值    ：-11.957067027799575
SVM_AE_BET    :RMSD: 0.733528, P: 0.839546, R^2: 0.697637
SVM_AE_ECFP的BA值    ：-11.580422696612992
SVM_AE_ECFP    :RMSD: 0.749018, P: 0.831073, R^2: 0.684732
SVM_BET_ECFP的BA值    ：-11.678793450227943
SVM_BET_ECFP    :RMSD: 0.777729, P: 0.816738, R^2: 0.660098
SVM_AE_BET_ECFP的BA值    ：-11.738761058213504
SVM_AE_BET_ECFP    :RMSD: 0.742555, P: 0.833875, R^2: 0.690148
fold= 8
>>>>>>>>>>>>>training.............
###############################################SVM#####################################################
SVM_BET的BA值：-14.084439035594656
SVM_BET:RMSD: 0.736454, P: 0.893511, R^2: 0.787374
SVM_AE的BA值 ：-13.998088723450202
SVM_AE :RMSD: 0.684123, P: 0.907005, R^2: 0.816518
SVM_ECFP的BA值 ：-13.41069558300251
SVM_ECFP :RMSD: 0.678122, P: 0.908148, R^2: 0.819724
SVM_AE_BET的BA值    ：-14.041263879522429
SVM_AE_BET    :RMSD: 0.691362, P: 0.904953, R^2: 0.812615
SVM_AE_ECFP的BA值    ：-13.704392153226356
SVM_AE_ECFP    :RMSD: 0.632217, P: 0.919093, R^2: 0.843305
SVM_BET_ECFP的BA值    ：-13.747567309298583
SVM_BET_ECFP    :RMSD: 0.645962, P: 0.914731, R^2: 0.836417
SVM_AE_BET_ECFP的BA值    ：-13.831074447349124
SVM_AE_BET_ECFP    :RMSD: 0.642006, P: 0.916051, R^2: 0.838415
fold= 9
>>>>>>>>>>>>>training.............
###############################################SVM#####################################################
SVM_BET的BA值：-11.143233960167255
SVM_BET:RMSD: 0.760100, P: 0.840797, R^2: 0.702695
SVM_AE的BA值 ：-10.881112811285465
SVM_AE :RMSD: 0.801250, P: 0.822178, R^2: 0.669632
SVM_ECFP的BA值 ：-11.135841068224295
SVM_ECFP :RMSD: 0.819012, P: 0.811964, R^2: 0.654823
SVM_AE_BET的BA值    ：-11.01217338572636
SVM_AE_BET    :RMSD: 0.758210, P: 0.843956, R^2: 0.704171
SVM_AE_ECFP的BA值    ：-11.007377642424974
SVM_AE_ECFP    :RMSD: 0.778952, P: 0.833631, R^2: 0.687764
SVM_BET_ECFP的BA值    ：-11.138438216865868
SVM_BET_ECFP    :RMSD: 0.745666, P: 0.849340, R^2: 0.713879
SVM_AE_BET_ECFP的BA值    ：-11.052663081672401
SVM_AE_BET_ECFP    :RMSD: 0.749825, P: 0.848426, R^2: 0.710678
fold= 10
>>>>>>>>>>>>>training.............
###############################################SVM#####################################################
SVM_BET的BA值：-12.834943237601557
SVM_BET:RMSD: 0.902780, P: 0.837685, R^2: 0.684779
SVM_AE的BA值 ：-12.780535966676823
SVM_AE :RMSD: 0.868974, P: 0.850186, R^2: 0.707945
SVM_ECFP的BA值 ：-12.332812422487756
SVM_ECFP :RMSD: 1.028810, P: 0.770177, R^2: 0.590624
SVM_AE_BET的BA值    ：-12.80773960213919
SVM_AE_BET    :RMSD: 0.868860, P: 0.852030, R^2: 0.708021
SVM_AE_ECFP的BA值    ：-12.556674194582289
SVM_AE_ECFP    :RMSD: 0.910369, P: 0.832802, R^2: 0.679457
SVM_BET_ECFP的BA值    ：-12.583877830044656
SVM_BET_ECFP    :RMSD: 0.920331, P: 0.828718, R^2: 0.672403
SVM_AE_BET_ECFP的BA值    ：-12.649430542255379
SVM_AE_BET_ECFP    :RMSD: 0.887832, P: 0.844130, R^2: 0.695131
@@@@@@@@@@@@@@@@@@@@@@@@@@@@@@@@@@@@@@@@@@@最终结果@@@@@@@@@@@@@@@@@@@@@@@@@@@@@@@@@@@@@@@@@@@@@@@@@@
@@@@@@@@@@@@@@@@@@@@@@@@@@@@@@@@@@@@@@@@@@@最终结果@@@@@@@@@@@@@@@@@@@@@@@@@@@@@@@@@@@@@@@@@@@@@@@@@@
%%%%%%%%%%%%%%%%%%%%%%%%%%%%%%%%%%%%%%%%%%%SVM%%%%%%%%%%%%%%%%%%%%%%%%%%%%%%%%%%%%%%%%%%%%%%%%%%%%%%
SVM_BET:0-th Final RMSD: 0.778484, Final P: 0.866955, Final R^2: 0.751500
SVM_AE :0-th Final RMSD: 0.768814, Final P: 0.870482, Final R^2: 0.757635
SVM_ECFP :0-th Final RMSD: 0.851562, Final P: 0.838782, Final R^2: 0.702656
SVM_AE_BET    :0-th Final RMSD: 0.757310, Final P: 0.874756, Final R^2: 0.764834
SVM_AE_ECFP    :0-th Final RMSD: 0.771152, Final P: 0.870952, Final R^2: 0.756159
SVM_BET_ECFP    :0-th Final RMSD: 0.774032, Final P: 0.869931, Final R^2: 0.754334
SVM_AE_BET_ECFP    :0-th Final RMSD: 0.756234, Final P: 0.876185, Final R^2: 0.765502
0-th SVM_AE的BA值 ：-13.998089
0-th SVM_BET的BA值：-14.084439
0-th SVM_ECFP的BA值 ：-13.410696
0-th SVM_AE_BET的BA值：-14.041264
0-th SVM_AE_ECFP的BA值    ：-13.704392
0-th SVM_BET_ECFP的BA值    ：-13.747567
0-th SVM_AE_BET_ECFP的BA值    ：-13.831074
total time: 0.014247286650869582 h
