size of data: (330,)
size of train size: 264
SVM parameter
Namespace(dataset='CHEMBL2424504', C=10, kernel='rbf', gamma='scale', random_seed=0)
fold= 1
>>>>>>>>>>>>>training.............
###############################################SVM#####################################################
SVM_BET的BA值：-11.179653738399477
SVM_BET:RMSD: 0.775938, P: 0.906167, R^2: 0.791718
SVM_AE的BA值 ：-11.147685921365854
SVM_AE :RMSD: 0.871447, P: 0.879812, R^2: 0.737289
SVM_ECFP的BA值 ：-11.482553250238025
SVM_ECFP :RMSD: 1.051357, P: 0.829068, R^2: 0.617618
SVM_AE_BET的BA值    ：-11.163669829882664
SVM_AE_BET    :RMSD: 0.808961, P: 0.900384, R^2: 0.773613
SVM_AE_ECFP的BA值    ：-11.177796078652808
SVM_AE_ECFP    :RMSD: 0.924285, P: 0.874907, R^2: 0.704465
SVM_BET_ECFP的BA值    ：-11.126945086454509
SVM_BET_ECFP    :RMSD: 0.873227, P: 0.890712, R^2: 0.736214
SVM_AE_BET_ECFP的BA值    ：-11.133858698091624
SVM_AE_BET_ECFP    :RMSD: 0.857524, P: 0.894384, R^2: 0.745616
fold= 2
>>>>>>>>>>>>>training.............
###############################################SVM#####################################################
SVM_BET的BA值：-11.408797472576378
SVM_BET:RMSD: 1.248301, P: 0.721629, R^2: 0.518143
SVM_AE的BA值 ：-11.400536903413059
SVM_AE :RMSD: 1.063089, P: 0.812202, R^2: 0.650523
SVM_ECFP的BA值 ：-11.092650810509575
SVM_ECFP :RMSD: 1.111200, P: 0.798661, R^2: 0.618175
SVM_AE_BET的BA值    ：-11.404667187994718
SVM_AE_BET    :RMSD: 1.144336, P: 0.773865, R^2: 0.595063
SVM_AE_ECFP的BA值    ：-11.191703920814707
SVM_AE_ECFP    :RMSD: 1.052986, P: 0.818537, R^2: 0.657134
SVM_BET_ECFP的BA值    ：-11.195834205396366
SVM_BET_ECFP    :RMSD: 1.141473, P: 0.776865, R^2: 0.597087
SVM_AE_BET_ECFP的BA值    ：-11.264068438068596
SVM_AE_BET_ECFP    :RMSD: 1.103620, P: 0.793661, R^2: 0.623366
fold= 3
>>>>>>>>>>>>>training.............
###############################################SVM#####################################################
SVM_BET的BA值：-11.442895281653055
SVM_BET:RMSD: 0.807776, P: 0.829131, R^2: 0.684572
SVM_AE的BA值 ：-11.464738725068349
SVM_AE :RMSD: 0.912569, P: 0.773771, R^2: 0.597423
SVM_ECFP的BA值 ：-11.191463839505204
SVM_ECFP :RMSD: 0.873781, P: 0.795915, R^2: 0.630918
SVM_AE_BET的BA值    ：-11.453817003360701
SVM_AE_BET    :RMSD: 0.843058, P: 0.810511, R^2: 0.656416
SVM_AE_ECFP的BA值    ：-11.229811043494424
SVM_AE_ECFP    :RMSD: 0.867582, P: 0.798940, R^2: 0.636136
SVM_BET_ECFP的BA值    ：-11.195126171040862
SVM_BET_ECFP    :RMSD: 0.810736, P: 0.826322, R^2: 0.682256
SVM_AE_BET_ECFP的BA值    ：-11.284997022383358
SVM_AE_BET_ECFP    :RMSD: 0.832278, P: 0.815979, R^2: 0.665147
fold= 4
>>>>>>>>>>>>>training.............
###############################################SVM#####################################################
SVM_BET的BA值：-11.30031769191943
SVM_BET:RMSD: 1.142925, P: 0.686759, R^2: 0.452736
SVM_AE的BA值 ：-11.123068572203284
SVM_AE :RMSD: 1.273601, P: 0.598083, R^2: 0.320439
SVM_ECFP的BA值 ：-11.535780901741813
SVM_ECFP :RMSD: 1.129553, P: 0.698202, R^2: 0.465467
SVM_AE_BET的BA值    ：-11.170151762501913
SVM_AE_BET    :RMSD: 1.201512, P: 0.647468, R^2: 0.395192
SVM_AE_ECFP的BA值    ：-11.287883367413105
SVM_AE_ECFP    :RMSD: 1.174546, P: 0.658508, R^2: 0.422035
SVM_BET_ECFP的BA值    ：-11.41804929683062
SVM_BET_ECFP    :RMSD: 1.109610, P: 0.702426, R^2: 0.484176
SVM_AE_BET_ECFP的BA值    ：-11.292028142248546
SVM_AE_BET_ECFP    :RMSD: 1.155348, P: 0.672126, R^2: 0.440774
fold= 5
>>>>>>>>>>>>>training.............
###############################################SVM#####################################################
SVM_BET的BA值：-11.189504782709292
SVM_BET:RMSD: 1.108733, P: 0.465221, R^2: -0.408653
SVM_AE的BA值 ：-11.138468033999422
SVM_AE :RMSD: 1.011710, P: 0.482948, R^2: -0.172904
SVM_ECFP的BA值 ：-11.316986408521043
SVM_ECFP :RMSD: 1.007801, P: 0.465152, R^2: -0.163856
SVM_AE_BET的BA值    ：-11.163986408354358
SVM_AE_BET    :RMSD: 1.045898, P: 0.480520, R^2: -0.253512
SVM_AE_ECFP的BA值    ：-11.227727221260231
SVM_AE_ECFP    :RMSD: 0.996729, P: 0.481844, R^2: -0.138425
SVM_BET_ECFP的BA值    ：-11.253245595615168
SVM_BET_ECFP    :RMSD: 1.036269, P: 0.476272, R^2: -0.230539
SVM_AE_BET_ECFP的BA值    ：-11.214986408409919
SVM_AE_BET_ECFP    :RMSD: 1.020697, P: 0.482561, R^2: -0.193833
fold= 6
>>>>>>>>>>>>>training.............
###############################################SVM#####################################################
SVM_BET的BA值：-10.487555205453805
SVM_BET:RMSD: 0.860928, P: 0.685642, R^2: 0.428869
SVM_AE的BA值 ：-10.114201830544793
SVM_AE :RMSD: 0.808520, P: 0.715478, R^2: 0.496286
SVM_ECFP的BA值 ：-11.241835273704357
SVM_ECFP :RMSD: 0.960370, P: 0.704605, R^2: 0.289311
SVM_AE_BET的BA值    ：-10.183678431120004
SVM_AE_BET    :RMSD: 0.813281, P: 0.714483, R^2: 0.490337
SVM_AE_ECFP的BA值    ：-10.56081846524528
SVM_AE_ECFP    :RMSD: 0.803349, P: 0.751758, R^2: 0.502708
SVM_BET_ECFP的BA值    ：-10.864695239579081
SVM_BET_ECFP    :RMSD: 0.833744, P: 0.739191, R^2: 0.464366
SVM_AE_BET_ECFP的BA值    ：-10.536397378648122
SVM_AE_BET_ECFP    :RMSD: 0.795158, P: 0.747494, R^2: 0.512798
fold= 7
>>>>>>>>>>>>>training.............
###############################################SVM#####################################################
SVM_BET的BA值：-11.301239551911365
SVM_BET:RMSD: 0.923833, P: 0.858424, R^2: 0.691390
SVM_AE的BA值 ：-11.275240693708403
SVM_AE :RMSD: 0.943202, P: 0.861551, R^2: 0.678313
SVM_ECFP的BA值 ：-11.49903299984387
SVM_ECFP :RMSD: 1.048119, P: 0.843730, R^2: 0.602767
SVM_AE_BET的BA值    ：-11.288240122809885
SVM_AE_BET    :RMSD: 0.920414, P: 0.865468, R^2: 0.693669
SVM_AE_ECFP的BA值    ：-11.314432134694453
SVM_AE_ECFP    :RMSD: 0.968573, P: 0.865780, R^2: 0.660774
SVM_BET_ECFP的BA值    ：-11.345268993729176
SVM_BET_ECFP    :RMSD: 0.950905, P: 0.867337, R^2: 0.673037
SVM_AE_BET_ECFP的BA值    ：-11.273456419001128
SVM_AE_BET_ECFP    :RMSD: 0.937871, P: 0.869824, R^2: 0.681939
fold= 8
>>>>>>>>>>>>>training.............
###############################################SVM#####################################################
SVM_BET的BA值：-10.607149403245915
SVM_BET:RMSD: 1.044980, P: 0.577726, R^2: 0.319536
SVM_AE的BA值 ：-10.771952675721938
SVM_AE :RMSD: 1.115657, P: 0.502922, R^2: 0.224376
SVM_ECFP的BA值 ：-11.383098487892529
SVM_ECFP :RMSD: 1.148598, P: 0.452448, R^2: 0.177898
SVM_AE_BET的BA值    ：-10.670498991254554
SVM_AE_BET    :RMSD: 1.064544, P: 0.555158, R^2: 0.293818
SVM_AE_ECFP的BA值    ：-11.02600930797121
SVM_AE_ECFP    :RMSD: 1.105101, P: 0.508138, R^2: 0.238985
SVM_BET_ECFP的BA值    ：-10.982882703094138
SVM_BET_ECFP    :RMSD: 1.069205, P: 0.553402, R^2: 0.287620
SVM_AE_BET_ECFP的BA值    ：-10.878228511412722
SVM_AE_BET_ECFP    :RMSD: 1.071596, P: 0.548750, R^2: 0.284431
fold= 9
>>>>>>>>>>>>>training.............
###############################################SVM#####################################################
SVM_BET的BA值：-10.890711917572855
SVM_BET:RMSD: 0.800530, P: 0.905583, R^2: 0.782503
SVM_AE的BA值 ：-10.850224910991336
SVM_AE :RMSD: 0.867197, P: 0.881354, R^2: 0.744769
SVM_ECFP的BA值 ：-11.60287521064647
SVM_ECFP :RMSD: 0.826170, P: 0.913785, R^2: 0.768347
SVM_AE_BET的BA值    ：-10.83670079282538
SVM_AE_BET    :RMSD: 0.823184, P: 0.899035, R^2: 0.770019
SVM_AE_ECFP的BA值    ：-11.071580934585537
SVM_AE_ECFP    :RMSD: 0.805367, P: 0.913593, R^2: 0.779867
SVM_BET_ECFP的BA值    ：-10.96981412214369
SVM_BET_ECFP    :RMSD: 0.765937, P: 0.926442, R^2: 0.800894
SVM_AE_BET_ECFP的BA值    ：-10.851428475497059
SVM_AE_BET_ECFP    :RMSD: 0.787132, P: 0.917087, R^2: 0.789722
fold= 10
>>>>>>>>>>>>>training.............
###############################################SVM#####################################################
SVM_BET的BA值：-11.21866640685717
SVM_BET:RMSD: 0.657191, P: 0.922008, R^2: 0.848203
SVM_AE的BA值 ：-11.357724898704713
SVM_AE :RMSD: 0.669297, P: 0.921962, R^2: 0.842559
SVM_ECFP的BA值 ：-11.296174023677487
SVM_ECFP :RMSD: 0.827738, P: 0.899065, R^2: 0.759195
SVM_AE_BET的BA值    ：-11.288195652780942
SVM_AE_BET    :RMSD: 0.649506, P: 0.925702, R^2: 0.851732
SVM_AE_ECFP的BA值    ：-11.3269494611911
SVM_AE_ECFP    :RMSD: 0.697364, P: 0.924303, R^2: 0.829077
SVM_BET_ECFP的BA值    ：-11.257420215267329
SVM_BET_ECFP    :RMSD: 0.681294, P: 0.925990, R^2: 0.836864
SVM_AE_BET_ECFP的BA值    ：-11.290855109746458
SVM_AE_BET_ECFP    :RMSD: 0.660331, P: 0.928839, R^2: 0.846749
@@@@@@@@@@@@@@@@@@@@@@@@@@@@@@@@@@@@@@@@@@@最终结果@@@@@@@@@@@@@@@@@@@@@@@@@@@@@@@@@@@@@@@@@@@@@@@@@@
@@@@@@@@@@@@@@@@@@@@@@@@@@@@@@@@@@@@@@@@@@@最终结果@@@@@@@@@@@@@@@@@@@@@@@@@@@@@@@@@@@@@@@@@@@@@@@@@@
%%%%%%%%%%%%%%%%%%%%%%%%%%%%%%%%%%%%%%%%%%%SVM%%%%%%%%%%%%%%%%%%%%%%%%%%%%%%%%%%%%%%%%%%%%%%%%%%%%%%
SVM_BET:0-th Final RMSD: 0.954348, Final P: 0.783853, Final R^2: 0.614243
SVM_AE :0-th Final RMSD: 0.967264, Final P: 0.777242, Final R^2: 0.603731
SVM_ECFP :0-th Final RMSD: 1.005137, Final P: 0.765812, Final R^2: 0.572091
SVM_AE_BET    :0-th Final RMSD: 0.946231, Final P: 0.788136, Final R^2: 0.620777
SVM_AE_ECFP    :0-th Final RMSD: 0.950184, Final P: 0.789975, Final R^2: 0.617602
SVM_BET_ECFP    :0-th Final RMSD: 0.939215, Final P: 0.795121, Final R^2: 0.626380
SVM_AE_BET_ECFP    :0-th Final RMSD: 0.934798, Final P: 0.796122, Final R^2: 0.629886
0-th SVM_AE的BA值 ：-11.464739
0-th SVM_BET的BA值：-11.442895
0-th SVM_ECFP的BA值 ：-11.602875
0-th SVM_AE_BET的BA值：-11.453817
0-th SVM_AE_ECFP的BA值    ：-11.326949
0-th SVM_BET_ECFP的BA值    ：-11.418049
0-th SVM_AE_BET_ECFP的BA值    ：-11.292028
total time: 0.003158359196450975 h
