size of data: (895,)
size of train size: 716
SVM parameter
Namespace(dataset='CHEMBL2107', C=10, kernel='rbf', gamma='scale', random_seed=0)
fold= 1
>>>>>>>>>>>>>training.............
###############################################SVM#####################################################
SVM_BET的BA值：-11.69304640625218
SVM_BET:RMSD: 1.175206, P: 0.613468, R^2: 0.361792
SVM_AE的BA值 ：-11.652676426063444
SVM_AE :RMSD: 1.180882, P: 0.605063, R^2: 0.355612
SVM_ECFP的BA值 ：-11.949688757929025
SVM_ECFP :RMSD: 1.229283, P: 0.567451, R^2: 0.301706
SVM_AE_BET的BA值    ：-11.653360892617467
SVM_AE_BET    :RMSD: 1.164249, P: 0.618050, R^2: 0.373637
SVM_AE_ECFP的BA值    ：-11.801182591996234
SVM_AE_ECFP    :RMSD: 1.164070, P: 0.614915, R^2: 0.373830
SVM_BET_ECFP的BA值    ：-11.801867058550258
SVM_BET_ECFP    :RMSD: 1.160769, P: 0.617414, R^2: 0.377376
SVM_AE_BET_ECFP的BA值    ：-11.752136847721319
SVM_AE_BET_ECFP    :RMSD: 1.152049, P: 0.624020, R^2: 0.386696
fold= 2
>>>>>>>>>>>>>training.............
###############################################SVM#####################################################
SVM_BET的BA值：-11.541937552707857
SVM_BET:RMSD: 0.915084, P: 0.739284, R^2: 0.538589
SVM_AE的BA值 ：-11.871663456463358
SVM_AE :RMSD: 0.928849, P: 0.725191, R^2: 0.524603
SVM_ECFP的BA值 ：-11.505336543236446
SVM_ECFP :RMSD: 0.960592, P: 0.708084, R^2: 0.491554
SVM_AE_BET的BA值    ：-11.679321257221282
SVM_AE_BET    :RMSD: 0.898760, P: 0.749557, R^2: 0.554904
SVM_AE_ECFP的BA值    ：-11.609991311075401
SVM_AE_ECFP    :RMSD: 0.894396, P: 0.761556, R^2: 0.559216
SVM_BET_ECFP的BA值    ：-11.523637047972151
SVM_BET_ECFP    :RMSD: 0.885801, P: 0.770208, R^2: 0.567647
SVM_AE_BET_ECFP的BA值    ：-11.576420844295958
SVM_AE_BET_ECFP    :RMSD: 0.878543, P: 0.772529, R^2: 0.574703
fold= 3
>>>>>>>>>>>>>training.............
###############################################SVM#####################################################
SVM_BET的BA值：-11.610043767290477
SVM_BET:RMSD: 0.942033, P: 0.713942, R^2: 0.507856
SVM_AE的BA值 ：-11.778687822626283
SVM_AE :RMSD: 1.024057, P: 0.653643, R^2: 0.418421
SVM_ECFP的BA值 ：-12.110916684413294
SVM_ECFP :RMSD: 1.061357, P: 0.623598, R^2: 0.375283
SVM_AE_BET的BA值    ：-11.594232197996835
SVM_AE_BET    :RMSD: 0.962773, P: 0.698574, R^2: 0.485946
SVM_AE_ECFP的BA值    ：-11.743439400918767
SVM_AE_ECFP    :RMSD: 0.993758, P: 0.682064, R^2: 0.452326
SVM_BET_ECFP的BA值    ：-11.616252790359294
SVM_BET_ECFP    :RMSD: 0.953808, P: 0.718355, R^2: 0.495475
SVM_AE_BET_ECFP的BA值    ：-11.63221845840164
SVM_AE_BET_ECFP    :RMSD: 0.956519, P: 0.711078, R^2: 0.492604
fold= 4
>>>>>>>>>>>>>training.............
###############################################SVM#####################################################
SVM_BET的BA值：-12.332721239221053
SVM_BET:RMSD: 1.159268, P: 0.630943, R^2: 0.395739
SVM_AE的BA值 ：-11.863622606925492
SVM_AE :RMSD: 1.199061, P: 0.604686, R^2: 0.353544
SVM_ECFP的BA值 ：-11.849525631529044
SVM_ECFP :RMSD: 1.136417, P: 0.650815, R^2: 0.419326
SVM_AE_BET的BA值    ：-11.915780891898654
SVM_AE_BET    :RMSD: 1.147874, P: 0.639761, R^2: 0.407559
SVM_AE_ECFP的BA值    ：-11.621174118127916
SVM_AE_ECFP    :RMSD: 1.113694, P: 0.671573, R^2: 0.442315
SVM_BET_ECFP的BA值    ：-12.051892275665825
SVM_BET_ECFP    :RMSD: 1.101191, P: 0.679412, R^2: 0.454767
SVM_AE_BET_ECFP的BA值    ：-11.835215919624153
SVM_AE_BET_ECFP    :RMSD: 1.105999, P: 0.675333, R^2: 0.449995
fold= 5
>>>>>>>>>>>>>training.............
###############################################SVM#####################################################
SVM_BET的BA值：-12.244582816608016
SVM_BET:RMSD: 0.808072, P: 0.772934, R^2: 0.589544
SVM_AE的BA值 ：-11.527159113993317
SVM_AE :RMSD: 0.919905, P: 0.696695, R^2: 0.468072
SVM_ECFP的BA值 ：-11.975597103916975
SVM_ECFP :RMSD: 0.975397, P: 0.681016, R^2: 0.401962
SVM_AE_BET的BA值    ：-11.42413852369775
SVM_AE_BET    :RMSD: 0.834293, P: 0.753817, R^2: 0.562474
SVM_AE_ECFP的BA值    ：-11.208093995106633
SVM_AE_ECFP    :RMSD: 0.892129, P: 0.723968, R^2: 0.499711
SVM_BET_ECFP的BA值    ：-12.110089960262496
SVM_BET_ECFP    :RMSD: 0.833030, P: 0.762424, R^2: 0.563798
SVM_AE_BET_ECFP的BA值    ：-11.54611404215669
SVM_AE_BET_ECFP    :RMSD: 0.836189, P: 0.756950, R^2: 0.560484
fold= 6
>>>>>>>>>>>>>training.............
###############################################SVM#####################################################
SVM_BET的BA值：-12.28401298782263
SVM_BET:RMSD: 1.042540, P: 0.697680, R^2: 0.483482
SVM_AE的BA值 ：-11.742483702543405
SVM_AE :RMSD: 1.082750, P: 0.667303, R^2: 0.442870
SVM_ECFP的BA值 ：-12.050170192921028
SVM_ECFP :RMSD: 1.041908, P: 0.703538, R^2: 0.484108
SVM_AE_BET的BA值    ：-12.013248345183017
SVM_AE_BET    :RMSD: 1.037368, P: 0.702571, R^2: 0.488594
SVM_AE_ECFP的BA值    ：-11.896326947732216
SVM_AE_ECFP    :RMSD: 1.027494, P: 0.714767, R^2: 0.498283
SVM_BET_ECFP的BA值    ：-12.167091590371829
SVM_BET_ECFP    :RMSD: 1.008195, P: 0.729318, R^2: 0.516953
SVM_AE_BET_ECFP的BA值    ：-12.025555627762353
SVM_AE_BET_ECFP    :RMSD: 1.013713, P: 0.724601, R^2: 0.511651
fold= 7
>>>>>>>>>>>>>training.............
###############################################SVM#####################################################
SVM_BET的BA值：-11.869046063275544
SVM_BET:RMSD: 1.033945, P: 0.689263, R^2: 0.466993
SVM_AE的BA值 ：-12.257728481421967
SVM_AE :RMSD: 1.048146, P: 0.675539, R^2: 0.452251
SVM_ECFP的BA值 ：-11.838491377009655
SVM_ECFP :RMSD: 1.062403, P: 0.667900, R^2: 0.437248
SVM_AE_BET的BA值    ：-11.850422986552026
SVM_AE_BET    :RMSD: 1.016958, P: 0.696672, R^2: 0.484362
SVM_AE_ECFP的BA值    ：-11.835145643419082
SVM_AE_ECFP    :RMSD: 1.016569, P: 0.700718, R^2: 0.484757
SVM_BET_ECFP的BA值    ：-11.8537687201426
SVM_BET_ECFP    :RMSD: 1.005645, P: 0.705360, R^2: 0.495771
SVM_AE_BET_ECFP的BA值    ：-11.846445783371237
SVM_AE_BET_ECFP    :RMSD: 1.001077, P: 0.708518, R^2: 0.500341
fold= 8
>>>>>>>>>>>>>training.............
###############################################SVM#####################################################
SVM_BET的BA值：-12.250348456746236
SVM_BET:RMSD: 0.922648, P: 0.711176, R^2: 0.500736
SVM_AE的BA值 ：-11.81537450490057
SVM_AE :RMSD: 0.941189, P: 0.695588, R^2: 0.480468
SVM_ECFP的BA值 ：-11.933412554685
SVM_ECFP :RMSD: 0.924578, P: 0.706278, R^2: 0.498644
SVM_AE_BET的BA值    ：-11.923079708650224
SVM_AE_BET    :RMSD: 0.910642, P: 0.717820, R^2: 0.513644
SVM_AE_ECFP的BA值    ：-11.664281753185563
SVM_AE_ECFP    :RMSD: 0.882711, P: 0.738937, R^2: 0.543022
SVM_BET_ECFP的BA值    ：-11.84085697148647
SVM_BET_ECFP    :RMSD: 0.875001, P: 0.742906, R^2: 0.550969
SVM_AE_BET_ECFP的BA值    ：-11.759174967842384
SVM_AE_BET_ECFP    :RMSD: 0.875870, P: 0.742929, R^2: 0.550077
fold= 9
>>>>>>>>>>>>>training.............
###############################################SVM#####################################################
SVM_BET的BA值：-12.347891990270343
SVM_BET:RMSD: 1.025704, P: 0.685637, R^2: 0.460678
SVM_AE的BA值 ：-12.166844421700828
SVM_AE :RMSD: 0.973622, P: 0.719781, R^2: 0.514059
SVM_ECFP的BA值 ：-11.842195666688774
SVM_ECFP :RMSD: 1.087740, P: 0.641271, R^2: 0.393468
SVM_AE_BET的BA值    ：-12.201051016263927
SVM_AE_BET    :RMSD: 0.962344, P: 0.725556, R^2: 0.525251
SVM_AE_ECFP的BA值    ：-11.709380036080557
SVM_AE_ECFP    :RMSD: 0.980737, P: 0.723492, R^2: 0.506930
SVM_BET_ECFP的BA值    ：-12.095043828479557
SVM_BET_ECFP    :RMSD: 1.006428, P: 0.697307, R^2: 0.480759
SVM_AE_BET_ECFP的BA值    ：-11.922217354143818
SVM_AE_BET_ECFP    :RMSD: 0.967253, P: 0.726590, R^2: 0.520395
fold= 10
>>>>>>>>>>>>>training.............
###############################################SVM#####################################################
SVM_BET的BA值：-12.803713927599478
SVM_BET:RMSD: 0.955901, P: 0.749979, R^2: 0.545553
SVM_AE的BA值 ：-12.556997259883754
SVM_AE :RMSD: 0.961919, P: 0.741044, R^2: 0.539814
SVM_ECFP的BA值 ：-12.915039572448533
SVM_ECFP :RMSD: 0.943393, P: 0.748665, R^2: 0.557369
SVM_AE_BET的BA值    ：-12.680355593741616
SVM_AE_BET    :RMSD: 0.942349, P: 0.752985, R^2: 0.558348
SVM_AE_ECFP的BA值    ：-12.736018416166143
SVM_AE_ECFP    :RMSD: 0.892882, P: 0.777005, R^2: 0.603499
SVM_BET_ECFP的BA值    ：-12.859376750024005
SVM_BET_ECFP    :RMSD: 0.893478, P: 0.778386, R^2: 0.602969
SVM_AE_BET_ECFP的BA值    ：-12.758583586643923
SVM_AE_BET_ECFP    :RMSD: 0.894752, P: 0.776650, R^2: 0.601836
@@@@@@@@@@@@@@@@@@@@@@@@@@@@@@@@@@@@@@@@@@@最终结果@@@@@@@@@@@@@@@@@@@@@@@@@@@@@@@@@@@@@@@@@@@@@@@@@@
@@@@@@@@@@@@@@@@@@@@@@@@@@@@@@@@@@@@@@@@@@@最终结果@@@@@@@@@@@@@@@@@@@@@@@@@@@@@@@@@@@@@@@@@@@@@@@@@@
%%%%%%%%%%%%%%%%%%%%%%%%%%%%%%%%%%%%%%%%%%%SVM%%%%%%%%%%%%%%%%%%%%%%%%%%%%%%%%%%%%%%%%%%%%%%%%%%%%%%
SVM_BET:0-th Final RMSD: 1.003820, Final P: 0.696547, Final R^2: 0.482083
SVM_AE :0-th Final RMSD: 1.030682, Final P: 0.676140, Final R^2: 0.453994
SVM_ECFP :0-th Final RMSD: 1.046383, Final P: 0.665982, Final R^2: 0.437232
SVM_AE_BET    :0-th Final RMSD: 0.992951, Final P: 0.702747, Final R^2: 0.493238
SVM_AE_ECFP    :0-th Final RMSD: 0.990417, Final P: 0.707423, Final R^2: 0.495821
SVM_BET_ECFP    :0-th Final RMSD: 0.977490, Final P: 0.716226, Final R^2: 0.508897
SVM_AE_BET_ECFP    :0-th Final RMSD: 0.973230, Final P: 0.718558, Final R^2: 0.513168
0-th SVM_AE的BA值 ：-12.556997
0-th SVM_BET的BA值：-12.803714
0-th SVM_ECFP的BA值 ：-12.915040
0-th SVM_AE_BET的BA值：-12.680356
0-th SVM_AE_ECFP的BA值    ：-12.736018
0-th SVM_BET_ECFP的BA值    ：-12.859377
0-th SVM_AE_BET_ECFP的BA值    ：-12.758584
total time: 0.01436266303062439 h
