size of data: (4520,)
size of train size: 3616
SVM parameter
Namespace(dataset='CHEMBL4409', C=5, kernel='rbf', gamma='scale', random_seed=0)
fold= 1
>>>>>>>>>>>>>training.............
###############################################SVM#####################################################
SVM_BET的BA值：-14.657089364559999
SVM_BET:RMSD: 0.891095, P: 0.808613, R^2: 0.648242
SVM_AE的BA值 ：-14.43656047943353
SVM_AE :RMSD: 0.849046, P: 0.828557, R^2: 0.680656
SVM_ECFP的BA值 ：-14.664924919536238
SVM_ECFP :RMSD: 0.904223, P: 0.802332, R^2: 0.637801
SVM_AE_BET的BA值    ：-14.459231101379375
SVM_AE_BET    :RMSD: 0.850163, P: 0.827094, R^2: 0.679815
SVM_AE_ECFP的BA值    ：-14.463148878867495
SVM_AE_ECFP    :RMSD: 0.818955, P: 0.840618, R^2: 0.702890
SVM_BET_ECFP的BA值    ：-14.661007142048119
SVM_BET_ECFP    :RMSD: 0.848686, P: 0.827296, R^2: 0.680926
SVM_AE_BET_ECFP的BA值    ：-14.527795707431663
SVM_AE_BET_ECFP    :RMSD: 0.824782, P: 0.837916, R^2: 0.698647
fold= 2
>>>>>>>>>>>>>training.............
###############################################SVM#####################################################
SVM_BET的BA值：-14.42125468115217
SVM_BET:RMSD: 0.904869, P: 0.826566, R^2: 0.682464
SVM_AE的BA值 ：-14.463379193067968
SVM_AE :RMSD: 0.853527, P: 0.847956, R^2: 0.717475
SVM_ECFP的BA值 ：-14.55497260368257
SVM_ECFP :RMSD: 0.982665, P: 0.792580, R^2: 0.625516
SVM_AE_BET的BA值    ：-14.44231693711007
SVM_AE_BET    :RMSD: 0.859503, P: 0.845971, R^2: 0.713505
SVM_AE_ECFP的BA值    ：-14.188088517916476
SVM_AE_ECFP    :RMSD: 0.868085, P: 0.846568, R^2: 0.707755
SVM_BET_ECFP的BA值    ：-14.167026261958576
SVM_BET_ECFP    :RMSD: 0.891442, P: 0.836076, R^2: 0.691818
SVM_AE_BET_ECFP的BA值    ：-14.265810572328371
SVM_AE_BET_ECFP    :RMSD: 0.858617, P: 0.849558, R^2: 0.714095
fold= 3
>>>>>>>>>>>>>training.............
###############################################SVM#####################################################
SVM_BET的BA值：-14.698082022750864
SVM_BET:RMSD: 0.900777, P: 0.822782, R^2: 0.676563
SVM_AE的BA值 ：-14.784175226158293
SVM_AE :RMSD: 0.906384, P: 0.820357, R^2: 0.672524
SVM_ECFP的BA值 ：-14.69221211079722
SVM_ECFP :RMSD: 0.987655, P: 0.782226, R^2: 0.611165
SVM_AE_BET的BA值    ：-14.741128624454578
SVM_AE_BET    :RMSD: 0.882972, P: 0.830820, R^2: 0.689223
SVM_AE_ECFP的BA值    ：-14.738193668477756
SVM_AE_ECFP    :RMSD: 0.889468, P: 0.830523, R^2: 0.684634
SVM_BET_ECFP的BA值    ：-14.695147066774041
SVM_BET_ECFP    :RMSD: 0.889885, P: 0.830712, R^2: 0.684337
SVM_AE_BET_ECFP的BA值    ：-14.724823119902126
SVM_AE_BET_ECFP    :RMSD: 0.871930, P: 0.838022, R^2: 0.696947
fold= 4
>>>>>>>>>>>>>training.............
###############################################SVM#####################################################
SVM_BET的BA值：-14.212677748687955
SVM_BET:RMSD: 0.908556, P: 0.826206, R^2: 0.681091
SVM_AE的BA值 ：-14.325552804096265
SVM_AE :RMSD: 0.894928, P: 0.833547, R^2: 0.690586
SVM_ECFP的BA值 ：-14.41797914280196
SVM_ECFP :RMSD: 0.969981, P: 0.802634, R^2: 0.636512
SVM_AE_BET的BA值    ：-14.259758363872727
SVM_AE_BET    :RMSD: 0.882784, P: 0.838874, R^2: 0.698927
SVM_AE_ECFP的BA值    ：-14.196512829591061
SVM_AE_ECFP    :RMSD: 0.883919, P: 0.844967, R^2: 0.698152
SVM_BET_ECFP的BA值    ：-14.13970410984296
SVM_BET_ECFP    :RMSD: 0.888342, P: 0.841337, R^2: 0.695123
SVM_AE_BET_ECFP的BA值    ：-14.05847491160435
SVM_AE_BET_ECFP    :RMSD: 0.871261, P: 0.848539, R^2: 0.706735
fold= 5
>>>>>>>>>>>>>training.............
###############################################SVM#####################################################
SVM_BET的BA值：-14.175236130571701
SVM_BET:RMSD: 0.923664, P: 0.821626, R^2: 0.675001
SVM_AE的BA值 ：-14.600774359843077
SVM_AE :RMSD: 0.917889, P: 0.824119, R^2: 0.679053
SVM_ECFP的BA值 ：-14.386575640915513
SVM_ECFP :RMSD: 0.979998, P: 0.796813, R^2: 0.634149
SVM_AE_BET的BA值    ：-14.219829338718966
SVM_AE_BET    :RMSD: 0.904467, P: 0.829738, R^2: 0.688370
SVM_AE_ECFP的BA值    ：-14.310934060292734
SVM_AE_ECFP    :RMSD: 0.899712, P: 0.833486, R^2: 0.691638
SVM_BET_ECFP的BA值    ：-14.021946383338346
SVM_BET_ECFP    :RMSD: 0.895833, P: 0.835457, R^2: 0.694291
SVM_AE_BET_ECFP的BA值    ：-14.15358414606011
SVM_AE_BET_ECFP    :RMSD: 0.885950, P: 0.838936, R^2: 0.701000
fold= 6
>>>>>>>>>>>>>training.............
###############################################SVM#####################################################
SVM_BET的BA值：-14.338447111642605
SVM_BET:RMSD: 0.884313, P: 0.842833, R^2: 0.707904
SVM_AE的BA值 ：-14.12140690586568
SVM_AE :RMSD: 0.850536, P: 0.856473, R^2: 0.729792
SVM_ECFP的BA值 ：-14.502402490293024
SVM_ECFP :RMSD: 0.972663, P: 0.809421, R^2: 0.646623
SVM_AE_BET的BA值    ：-14.223570758964103
SVM_AE_BET    :RMSD: 0.844942, P: 0.859041, R^2: 0.733335
SVM_AE_ECFP的BA值    ：-14.083177586881913
SVM_AE_ECFP    :RMSD: 0.855963, P: 0.858701, R^2: 0.726333
SVM_BET_ECFP的BA值    ：-14.227750193518204
SVM_BET_ECFP    :RMSD: 0.874726, P: 0.850703, R^2: 0.714203
SVM_AE_BET_ECFP的BA值    ：-14.164029928608784
SVM_AE_BET_ECFP    :RMSD: 0.842977, P: 0.862908, R^2: 0.734574
fold= 7
>>>>>>>>>>>>>training.............
###############################################SVM#####################################################
SVM_BET的BA值：-14.412425973895314
SVM_BET:RMSD: 0.960067, P: 0.811893, R^2: 0.656159
SVM_AE的BA值 ：-14.419575439147224
SVM_AE :RMSD: 0.980937, P: 0.801874, R^2: 0.641048
SVM_ECFP的BA值 ：-14.003090399641478
SVM_ECFP :RMSD: 1.033614, P: 0.784190, R^2: 0.601461
SVM_AE_BET的BA值    ：-14.364219756043804
SVM_AE_BET    :RMSD: 0.951329, P: 0.814811, R^2: 0.662389
SVM_AE_ECFP的BA值    ：-13.856813889155069
SVM_AE_ECFP    :RMSD: 0.939062, P: 0.824451, R^2: 0.671040
SVM_BET_ECFP的BA值    ：-13.93677916643836
SVM_BET_ECFP    :RMSD: 0.930335, P: 0.830121, R^2: 0.677126
SVM_AE_BET_ECFP的BA值    ：-13.923423046118245
SVM_AE_BET_ECFP    :RMSD: 0.922390, P: 0.830377, R^2: 0.682617
fold= 8
>>>>>>>>>>>>>training.............
###############################################SVM#####################################################
SVM_BET的BA值：-14.457916935927345
SVM_BET:RMSD: 0.941096, P: 0.815615, R^2: 0.663692
SVM_AE的BA值 ：-14.52756772787292
SVM_AE :RMSD: 0.923955, P: 0.822248, R^2: 0.675832
SVM_ECFP的BA值 ：-14.398547877614462
SVM_ECFP :RMSD: 1.021167, P: 0.778236, R^2: 0.604030
SVM_AE_BET的BA值    ：-14.492742331900132
SVM_AE_BET    :RMSD: 0.910780, P: 0.828054, R^2: 0.685010
SVM_AE_ECFP的BA值    ：-14.267347479761368
SVM_AE_ECFP    :RMSD: 0.926863, P: 0.822675, R^2: 0.673788
SVM_BET_ECFP的BA值    ：-14.386786826153013
SVM_BET_ECFP    :RMSD: 0.935574, P: 0.819437, R^2: 0.667628
SVM_AE_BET_ECFP的BA值    ：-14.3032402447381
SVM_AE_BET_ECFP    :RMSD: 0.911253, P: 0.829275, R^2: 0.684683
fold= 9
>>>>>>>>>>>>>training.............
###############################################SVM#####################################################
SVM_BET的BA值：-14.267935043523632
SVM_BET:RMSD: 0.919103, P: 0.819680, R^2: 0.668999
SVM_AE的BA值 ：-14.0959664871457
SVM_AE :RMSD: 0.892715, P: 0.829657, R^2: 0.687732
SVM_ECFP的BA值 ：-14.580937564018932
SVM_ECFP :RMSD: 1.022921, P: 0.776734, R^2: 0.589998
SVM_AE_BET的BA值    ：-14.128808555596663
SVM_AE_BET    :RMSD: 0.882032, P: 0.834910, R^2: 0.695161
SVM_AE_ECFP的BA值    ：-14.250168084450808
SVM_AE_ECFP    :RMSD: 0.891418, P: 0.836675, R^2: 0.688639
SVM_BET_ECFP的BA值    ：-14.352564645710922
SVM_BET_ECFP    :RMSD: 0.908536, P: 0.830272, R^2: 0.676566
SVM_AE_BET_ECFP的BA值    ：-14.208175965434842
SVM_AE_BET_ECFP    :RMSD: 0.875856, P: 0.842080, R^2: 0.699415
fold= 10
>>>>>>>>>>>>>training.............
###############################################SVM#####################################################
SVM_BET的BA值：-14.3882751952641
SVM_BET:RMSD: 0.898202, P: 0.842646, R^2: 0.709889
SVM_AE的BA值 ：-14.819319744592717
SVM_AE :RMSD: 0.870322, P: 0.853669, R^2: 0.727620
SVM_ECFP的BA值 ：-14.507633639695824
SVM_ECFP :RMSD: 0.987394, P: 0.805955, R^2: 0.649412
SVM_AE_BET的BA值    ：-14.539549640420603
SVM_AE_BET    :RMSD: 0.867424, P: 0.854432, R^2: 0.729431
SVM_AE_ECFP的BA值    ：-14.66347669214427
SVM_AE_ECFP    :RMSD: 0.882247, P: 0.849874, R^2: 0.720104
SVM_BET_ECFP的BA值    ：-14.383706587972156
SVM_BET_ECFP    :RMSD: 0.893698, P: 0.845544, R^2: 0.712791
SVM_AE_BET_ECFP的BA值    ：-14.528910973512344
SVM_AE_BET_ECFP    :RMSD: 0.867868, P: 0.855133, R^2: 0.729154
@@@@@@@@@@@@@@@@@@@@@@@@@@@@@@@@@@@@@@@@@@@最终结果@@@@@@@@@@@@@@@@@@@@@@@@@@@@@@@@@@@@@@@@@@@@@@@@@@
@@@@@@@@@@@@@@@@@@@@@@@@@@@@@@@@@@@@@@@@@@@最终结果@@@@@@@@@@@@@@@@@@@@@@@@@@@@@@@@@@@@@@@@@@@@@@@@@@
%%%%%%%%%%%%%%%%%%%%%%%%%%%%%%%%%%%%%%%%%%%SVM%%%%%%%%%%%%%%%%%%%%%%%%%%%%%%%%%%%%%%%%%%%%%%%%%%%%%%
SVM_BET:0-th Final RMSD: 0.913443, Final P: 0.823931, Final R^2: 0.678518
SVM_AE :0-th Final RMSD: 0.894879, Final P: 0.831615, Final R^2: 0.691453
SVM_ECFP :0-th Final RMSD: 0.986838, Final P: 0.792020, Final R^2: 0.624780
SVM_AE_BET    :0-th Final RMSD: 0.884161, Final P: 0.836294, Final R^2: 0.698799
SVM_AE_ECFP    :0-th Final RMSD: 0.886159, Final P: 0.838244, Final R^2: 0.697436
SVM_BET_ECFP    :0-th Final RMSD: 0.896025, Final P: 0.834184, Final R^2: 0.690662
SVM_AE_BET_ECFP    :0-th Final RMSD: 0.873720, Final P: 0.842898, Final R^2: 0.705871
0-th SVM_AE的BA值 ：-14.819320
0-th SVM_BET的BA值：-14.698082
0-th SVM_ECFP的BA值 ：-14.692212
0-th SVM_AE_BET的BA值：-14.741129
0-th SVM_AE_ECFP的BA值    ：-14.738194
0-th SVM_BET_ECFP的BA值    ：-14.695147
0-th SVM_AE_BET_ECFP的BA值    ：-14.724823
total time: 0.23855459584130181 h
