size of data: (360,)
size of train size: 288
SVM parameter
Namespace(dataset='CHEMBL4076', C=10, kernel='rbf', gamma='scale', random_seed=0)
fold= 1
>>>>>>>>>>>>>training.............
###############################################SVM#####################################################
SVM_BET的BA值：-9.51343192028296
SVM_BET:RMSD: 0.446771, P: 0.676244, R^2: 0.454199
SVM_AE的BA值 ：-9.619842168515625
SVM_AE :RMSD: 0.513700, P: 0.549265, R^2: 0.278423
SVM_ECFP的BA值 ：-9.588496105677228
SVM_ECFP :RMSD: 0.565811, P: 0.536697, R^2: 0.124601
SVM_AE_BET的BA值    ：-9.566637044399293
SVM_AE_BET    :RMSD: 0.469987, P: 0.634126, R^2: 0.396004
SVM_AE_ECFP的BA值    ：-9.591065759473011
SVM_AE_ECFP    :RMSD: 0.519968, P: 0.573049, R^2: 0.260708
SVM_BET_ECFP的BA值    ：-9.53786063535668
SVM_BET_ECFP    :RMSD: 0.479676, P: 0.645585, R^2: 0.370842
SVM_AE_BET_ECFP的BA值    ：-9.565187813076328
SVM_AE_BET_ECFP    :RMSD: 0.483246, P: 0.628728, R^2: 0.361443
fold= 2
>>>>>>>>>>>>>training.............
###############################################SVM#####################################################
SVM_BET的BA值：-9.999818334049392
SVM_BET:RMSD: 0.541810, P: 0.263899, R^2: -0.295892
SVM_AE的BA值 ：-9.781836732351882
SVM_AE :RMSD: 0.575989, P: 0.164058, R^2: -0.464549
SVM_ECFP的BA值 ：-9.682907265454084
SVM_ECFP :RMSD: 0.597944, P: 0.313981, R^2: -0.578326
SVM_AE_BET的BA值    ：-9.890827533200637
SVM_AE_BET    :RMSD: 0.550268, P: 0.218886, R^2: -0.336668
SVM_AE_ECFP的BA值    ：-9.665551888603535
SVM_AE_ECFP    :RMSD: 0.536772, P: 0.268533, R^2: -0.271905
SVM_BET_ECFP的BA值    ：-9.734112201408598
SVM_BET_ECFP    :RMSD: 0.531479, P: 0.328063, R^2: -0.246944
SVM_AE_BET_ECFP的BA值    ：-9.727447390974637
SVM_AE_BET_ECFP    :RMSD: 0.528172, P: 0.277237, R^2: -0.231478
fold= 3
>>>>>>>>>>>>>training.............
###############################################SVM#####################################################
SVM_BET的BA值：-9.734193400197755
SVM_BET:RMSD: 0.527275, P: 0.521527, R^2: 0.186361
SVM_AE的BA值 ：-9.772231720068245
SVM_AE :RMSD: 0.568198, P: 0.461345, R^2: 0.055165
SVM_ECFP的BA值 ：-9.866657703861216
SVM_ECFP :RMSD: 0.542899, P: 0.509655, R^2: 0.137429
SVM_AE_BET的BA值    ：-9.753212560133
SVM_AE_BET    :RMSD: 0.540631, P: 0.498727, R^2: 0.144620
SVM_AE_ECFP的BA值    ：-9.819444711964731
SVM_AE_ECFP    :RMSD: 0.514811, P: 0.515337, R^2: 0.224374
SVM_BET_ECFP的BA值    ：-9.800425552029486
SVM_BET_ECFP    :RMSD: 0.496586, P: 0.546098, R^2: 0.278318
SVM_AE_BET_ECFP的BA值    ：-9.791027608042405
SVM_AE_BET_ECFP    :RMSD: 0.507722, P: 0.526558, R^2: 0.245588
fold= 4
>>>>>>>>>>>>>training.............
###############################################SVM#####################################################
SVM_BET的BA值：-9.61220206013717
SVM_BET:RMSD: 0.504144, P: 0.541554, R^2: 0.221443
SVM_AE的BA值 ：-9.871150461403877
SVM_AE :RMSD: 0.455937, P: 0.644325, R^2: 0.363217
SVM_ECFP的BA值 ：-9.603986965915503
SVM_ECFP :RMSD: 0.627303, P: 0.309371, R^2: -0.205414
SVM_AE_BET的BA值    ：-9.740584004588158
SVM_AE_BET    :RMSD: 0.472212, P: 0.608731, R^2: 0.316946
SVM_AE_ECFP的BA值    ：-9.6446204230318
SVM_AE_ECFP    :RMSD: 0.496998, P: 0.522269, R^2: 0.243358
SVM_BET_ECFP的BA值    ：-9.533679460260245
SVM_BET_ECFP    :RMSD: 0.528679, P: 0.451039, R^2: 0.143821
SVM_AE_BET_ECFP的BA值    ：-9.633086131278679
SVM_AE_BET_ECFP    :RMSD: 0.487900, P: 0.541471, R^2: 0.270806
fold= 5
>>>>>>>>>>>>>training.............
###############################################SVM#####################################################
SVM_BET的BA值：-9.934541137535765
SVM_BET:RMSD: 0.542827, P: 0.601253, R^2: 0.339003
SVM_AE的BA值 ：-9.913119332568135
SVM_AE :RMSD: 0.598887, P: 0.514003, R^2: 0.195425
SVM_ECFP的BA值 ：-10.041151350447134
SVM_ECFP :RMSD: 0.525422, P: 0.654743, R^2: 0.380711
SVM_AE_BET的BA值    ：-9.92383023505195
SVM_AE_BET    :RMSD: 0.563093, P: 0.570339, R^2: 0.288725
SVM_AE_ECFP的BA值    ：-9.977135341507633
SVM_AE_ECFP    :RMSD: 0.519468, P: 0.631637, R^2: 0.394666
SVM_BET_ECFP的BA值    ：-9.987846243991449
SVM_BET_ECFP    :RMSD: 0.498948, P: 0.676196, R^2: 0.441546
SVM_AE_BET_ECFP的BA值    ：-9.962937273517012
SVM_AE_BET_ECFP    :RMSD: 0.517911, P: 0.637055, R^2: 0.398290
fold= 6
>>>>>>>>>>>>>training.............
###############################################SVM#####################################################
SVM_BET的BA值：-9.934559003603663
SVM_BET:RMSD: 0.456632, P: 0.740905, R^2: 0.527392
SVM_AE的BA值 ：-9.935817443708764
SVM_AE :RMSD: 0.475365, P: 0.711283, R^2: 0.487821
SVM_ECFP的BA值 ：-9.794729440078179
SVM_ECFP :RMSD: 0.537874, P: 0.666634, R^2: 0.344266
SVM_AE_BET的BA值    ：-9.813846043539495
SVM_AE_BET    :RMSD: 0.459884, P: 0.732766, R^2: 0.520636
SVM_AE_ECFP的BA值    ：-9.728017037215775
SVM_AE_ECFP    :RMSD: 0.462197, P: 0.731120, R^2: 0.515804
SVM_BET_ECFP的BA值    ：-9.864644221840921
SVM_BET_ECFP    :RMSD: 0.453822, P: 0.740400, R^2: 0.533191
SVM_AE_BET_ECFP的BA值    ：-9.796864359345072
SVM_AE_BET_ECFP    :RMSD: 0.447276, P: 0.742157, R^2: 0.546561
fold= 7
>>>>>>>>>>>>>training.............
###############################################SVM#####################################################
SVM_BET的BA值：-9.716701512965853
SVM_BET:RMSD: 0.512890, P: 0.579972, R^2: 0.326314
SVM_AE的BA值 ：-9.812163337517475
SVM_AE :RMSD: 0.502826, P: 0.599425, R^2: 0.352493
SVM_ECFP的BA值 ：-9.811576534199014
SVM_ECFP :RMSD: 0.549271, P: 0.713872, R^2: 0.227352
SVM_AE_BET的BA值    ：-9.764432425241665
SVM_AE_BET    :RMSD: 0.498865, P: 0.605554, R^2: 0.362655
SVM_AE_ECFP的BA值    ：-9.80444457685541
SVM_AE_ECFP    :RMSD: 0.483235, P: 0.696819, R^2: 0.401967
SVM_BET_ECFP的BA值    ：-9.7567136645796
SVM_BET_ECFP    :RMSD: 0.480766, P: 0.709348, R^2: 0.408061
SVM_AE_BET_ECFP的BA值    ：-9.775196888892225
SVM_AE_BET_ECFP    :RMSD: 0.475685, P: 0.683247, R^2: 0.420508
fold= 8
>>>>>>>>>>>>>training.............
###############################################SVM#####################################################
SVM_BET的BA值：-9.796190865432305
SVM_BET:RMSD: 0.487757, P: 0.479585, R^2: 0.174581
SVM_AE的BA值 ：-9.811572565058864
SVM_AE :RMSD: 0.494815, P: 0.460098, R^2: 0.150521
SVM_ECFP的BA值 ：-9.669604474692935
SVM_ECFP :RMSD: 0.535791, P: 0.517518, R^2: 0.004001
SVM_AE_BET的BA值    ：-9.803881715245584
SVM_AE_BET    :RMSD: 0.484055, P: 0.481757, R^2: 0.187062
SVM_AE_ECFP的BA值    ：-9.649460744068715
SVM_AE_ECFP    :RMSD: 0.477362, P: 0.535401, R^2: 0.209390
SVM_BET_ECFP的BA值    ：-9.587846323345497
SVM_BET_ECFP    :RMSD: 0.476604, P: 0.543695, R^2: 0.211896
SVM_AE_BET_ECFP的BA值    ：-9.660546344405637
SVM_AE_BET_ECFP    :RMSD: 0.469932, P: 0.531711, R^2: 0.233810
fold= 9
>>>>>>>>>>>>>training.............
###############################################SVM#####################################################
SVM_BET的BA值：-9.821366719639405
SVM_BET:RMSD: 0.622447, P: 0.660723, R^2: 0.301747
SVM_AE的BA值 ：-9.673410999984599
SVM_AE :RMSD: 0.620533, P: 0.634988, R^2: 0.306034
SVM_ECFP的BA值 ：-9.794982110670901
SVM_ECFP :RMSD: 0.800928, P: 0.516005, R^2: -0.156101
SVM_AE_BET的BA值    ：-9.71706064864096
SVM_AE_BET    :RMSD: 0.613177, P: 0.667655, R^2: 0.322390
SVM_AE_ECFP的BA值    ：-9.640982669083055
SVM_AE_ECFP    :RMSD: 0.689882, P: 0.613532, R^2: 0.142254
SVM_BET_ECFP的BA值    ：-9.693266116051564
SVM_BET_ECFP    :RMSD: 0.691194, P: 0.635402, R^2: 0.138990
SVM_AE_BET_ECFP的BA值    ：-9.66642893658188
SVM_AE_BET_ECFP    :RMSD: 0.658677, P: 0.652287, R^2: 0.218095
fold= 10
>>>>>>>>>>>>>training.............
###############################################SVM#####################################################
SVM_BET的BA值：-9.73521502198778
SVM_BET:RMSD: 0.481280, P: 0.603755, R^2: 0.345211
SVM_AE的BA值 ：-9.580691616739582
SVM_AE :RMSD: 0.495782, P: 0.575845, R^2: 0.305156
SVM_ECFP的BA值 ：-9.770702305197348
SVM_ECFP :RMSD: 0.640733, P: 0.373152, R^2: -0.160536
SVM_AE_BET的BA值    ：-9.657953319363681
SVM_AE_BET    :RMSD: 0.482541, P: 0.608413, R^2: 0.341777
SVM_AE_ECFP的BA值    ：-9.57317815258073
SVM_AE_ECFP    :RMSD: 0.541307, P: 0.554451, R^2: 0.171689
SVM_BET_ECFP的BA值    ：-9.620733657767357
SVM_BET_ECFP    :RMSD: 0.531761, P: 0.575880, R^2: 0.200646
SVM_AE_BET_ECFP的BA值    ：-9.607386310758098
SVM_AE_BET_ECFP    :RMSD: 0.510615, P: 0.602847, R^2: 0.262958
@@@@@@@@@@@@@@@@@@@@@@@@@@@@@@@@@@@@@@@@@@@最终结果@@@@@@@@@@@@@@@@@@@@@@@@@@@@@@@@@@@@@@@@@@@@@@@@@@
@@@@@@@@@@@@@@@@@@@@@@@@@@@@@@@@@@@@@@@@@@@最终结果@@@@@@@@@@@@@@@@@@@@@@@@@@@@@@@@@@@@@@@@@@@@@@@@@@
%%%%%%%%%%%%%%%%%%%%%%%%%%%%%%%%%%%%%%%%%%%SVM%%%%%%%%%%%%%%%%%%%%%%%%%%%%%%%%%%%%%%%%%%%%%%%%%%%%%%
SVM_BET:0-th Final RMSD: 0.514641, Final P: 0.568782, Final R^2: 0.311339
SVM_AE :0-th Final RMSD: 0.532875, Final P: 0.534438, Final R^2: 0.261675
SVM_ECFP :0-th Final RMSD: 0.597670, Final P: 0.515644, Final R^2: 0.071203
SVM_AE_BET    :0-th Final RMSD: 0.515706, Final P: 0.564919, Final R^2: 0.308486
SVM_AE_ECFP    :0-th Final RMSD: 0.527669, Final P: 0.571384, Final R^2: 0.276031
SVM_BET_ECFP    :0-th Final RMSD: 0.520804, Final P: 0.588777, Final R^2: 0.294745
SVM_AE_BET_ECFP    :0-th Final RMSD: 0.511694, Final P: 0.586938, Final R^2: 0.319204
0-th SVM_AE的BA值 ：-9.935817
0-th SVM_BET的BA值：-9.999818
0-th SVM_ECFP的BA值 ：-10.041151
0-th SVM_AE_BET的BA值：-9.923830
0-th SVM_AE_ECFP的BA值    ：-9.977135
0-th SVM_BET_ECFP的BA值    ：-9.987846
0-th SVM_AE_BET_ECFP的BA值    ：-9.962937
total time: 0.003413911196920607 h
