size of data: (208,)
size of train size: 166
SVM parameter
Namespace(dataset='CHEMBL3401', C=10, kernel='rbf', gamma='scale', random_seed=0)
fold= 1
>>>>>>>>>>>>>training.............
###############################################SVM#####################################################
SVM_BET的BA值：-11.085921676950434
SVM_BET:RMSD: 0.739582, P: 0.802449, R^2: 0.577431
SVM_AE的BA值 ：-11.346572086939798
SVM_AE :RMSD: 0.711979, P: 0.818605, R^2: 0.608385
SVM_ECFP的BA值 ：-10.695532938960053
SVM_ECFP :RMSD: 0.671736, P: 0.831228, R^2: 0.651404
SVM_AE_BET的BA值    ：-11.216246881945116
SVM_AE_BET    :RMSD: 0.719049, P: 0.814709, R^2: 0.600569
SVM_AE_ECFP的BA值    ：-11.021052512949925
SVM_AE_ECFP    :RMSD: 0.664572, P: 0.836248, R^2: 0.658799
SVM_BET_ECFP的BA值    ：-10.890727307955244
SVM_BET_ECFP    :RMSD: 0.681364, P: 0.827073, R^2: 0.641340
SVM_AE_BET_ECFP的BA值    ：-11.042675567616762
SVM_AE_BET_ECFP    :RMSD: 0.682043, P: 0.828438, R^2: 0.640624
fold= 2
>>>>>>>>>>>>>training.............
###############################################SVM#####################################################
SVM_BET的BA值：-10.70600696324527
SVM_BET:RMSD: 0.719109, P: 0.796105, R^2: 0.629987
SVM_AE的BA值 ：-10.921615540701225
SVM_AE :RMSD: 0.764963, P: 0.766997, R^2: 0.581296
SVM_ECFP的BA值 ：-10.78807084327912
SVM_ECFP :RMSD: 0.862477, P: 0.724710, R^2: 0.467743
SVM_AE_BET的BA值    ：-10.813811251973249
SVM_AE_BET    :RMSD: 0.734442, P: 0.786099, R^2: 0.614041
SVM_AE_ECFP的BA值    ：-10.632805675718721
SVM_AE_ECFP    :RMSD: 0.775244, P: 0.765810, R^2: 0.569965
SVM_BET_ECFP的BA值    ：-10.643875521072776
SVM_BET_ECFP    :RMSD: 0.759079, P: 0.779261, R^2: 0.587712
SVM_AE_BET_ECFP的BA值    ：-10.657206104894238
SVM_AE_BET_ECFP    :RMSD: 0.746867, P: 0.781164, R^2: 0.600872
fold= 3
>>>>>>>>>>>>>training.............
###############################################SVM#####################################################
SVM_BET的BA值：-9.693580536798839
SVM_BET:RMSD: 0.812160, P: 0.817687, R^2: 0.530907
SVM_AE的BA值 ：-9.782951295218739
SVM_AE :RMSD: 0.839620, P: 0.780291, R^2: 0.498650
SVM_ECFP的BA值 ：-10.136750788320807
SVM_ECFP :RMSD: 0.980179, P: 0.801903, R^2: 0.316739
SVM_AE_BET的BA值    ：-9.727874260052275
SVM_AE_BET    :RMSD: 0.821865, P: 0.805201, R^2: 0.519629
SVM_AE_ECFP的BA值    ：-9.959851041769774
SVM_AE_ECFP    :RMSD: 0.878645, P: 0.844643, R^2: 0.450962
SVM_BET_ECFP的BA值    ：-9.778429099298512
SVM_BET_ECFP    :RMSD: 0.864746, P: 0.859321, R^2: 0.468194
SVM_AE_BET_ECFP的BA值    ：-9.779936497938587
SVM_AE_BET_ECFP    :RMSD: 0.846939, P: 0.846674, R^2: 0.489872
fold= 4
>>>>>>>>>>>>>training.............
###############################################SVM#####################################################
SVM_BET的BA值：-11.629038463854961
SVM_BET:RMSD: 0.745210, P: 0.782891, R^2: 0.591451
SVM_AE的BA值 ：-11.016946632405427
SVM_AE :RMSD: 0.731236, P: 0.787165, R^2: 0.606630
SVM_ECFP的BA值 ：-10.382388419284739
SVM_ECFP :RMSD: 1.082332, P: 0.429571, R^2: 0.138199
SVM_AE_BET的BA值    ：-11.322992548130195
SVM_AE_BET    :RMSD: 0.724875, P: 0.792679, R^2: 0.613444
SVM_AE_ECFP的BA值    ：-10.34181916234746
SVM_AE_ECFP    :RMSD: 0.868616, P: 0.684577, R^2: 0.444938
SVM_BET_ECFP的BA值    ：-10.493969830651967
SVM_BET_ECFP    :RMSD: 0.855333, P: 0.697132, R^2: 0.461784
SVM_AE_BET_ECFP的BA值    ：-10.511790606328539
SVM_AE_BET_ECFP    :RMSD: 0.801709, P: 0.741096, R^2: 0.527154
fold= 5
>>>>>>>>>>>>>training.............
###############################################SVM#####################################################
SVM_BET的BA值：-10.388737355313854
SVM_BET:RMSD: 0.569419, P: 0.749352, R^2: 0.440252
SVM_AE的BA值 ：-10.538480269984184
SVM_AE :RMSD: 0.575119, P: 0.766749, R^2: 0.428991
SVM_ECFP的BA值 ：-9.962030566232839
SVM_ECFP :RMSD: 0.707771, P: 0.555581, R^2: 0.135203
SVM_AE_BET的BA值    ：-10.463608812649019
SVM_AE_BET    :RMSD: 0.556701, P: 0.767316, R^2: 0.464976
SVM_AE_ECFP的BA值    ：-10.250255418108512
SVM_AE_ECFP    :RMSD: 0.536473, P: 0.734241, R^2: 0.503151
SVM_BET_ECFP的BA值    ：-10.175383960773345
SVM_BET_ECFP    :RMSD: 0.541327, P: 0.726746, R^2: 0.494120
SVM_AE_BET_ECFP的BA值    ：-10.296416063843624
SVM_AE_BET_ECFP    :RMSD: 0.517159, P: 0.756565, R^2: 0.538283
fold= 6
>>>>>>>>>>>>>training.............
###############################################SVM#####################################################
SVM_BET的BA值：-11.61579428864918
SVM_BET:RMSD: 0.736631, P: 0.782498, R^2: 0.588472
SVM_AE的BA值 ：-10.97129154100844
SVM_AE :RMSD: 0.789633, P: 0.756126, R^2: 0.527122
SVM_ECFP的BA值 ：-10.075531250324406
SVM_ECFP :RMSD: 1.238095, P: 0.272312, R^2: -0.162537
SVM_AE_BET的BA值    ：-11.29354291482881
SVM_AE_BET    :RMSD: 0.751427, P: 0.778645, R^2: 0.571775
SVM_AE_ECFP的BA值    ：-9.95455756915477
SVM_AE_ECFP    :RMSD: 0.965673, P: 0.644804, R^2: 0.292772
SVM_BET_ECFP的BA值    ：-10.27680894297514
SVM_BET_ECFP    :RMSD: 0.919968, P: 0.688374, R^2: 0.358134
SVM_AE_BET_ECFP的BA值    ：-10.508303142319575
SVM_AE_BET_ECFP    :RMSD: 0.861201, P: 0.734099, R^2: 0.437518
fold= 7
>>>>>>>>>>>>>training.............
###############################################SVM#####################################################
SVM_BET的BA值：-10.923648577479218
SVM_BET:RMSD: 0.658806, P: 0.856002, R^2: 0.719313
SVM_AE的BA值 ：-11.166569172901685
SVM_AE :RMSD: 0.720952, P: 0.817151, R^2: 0.663861
SVM_ECFP的BA值 ：-10.904931542517945
SVM_ECFP :RMSD: 0.965837, P: 0.664144, R^2: 0.396727
SVM_AE_BET的BA值    ：-11.04510887519045
SVM_AE_BET    :RMSD: 0.684143, P: 0.839675, R^2: 0.697308
SVM_AE_ECFP的BA值    ：-11.035750357709816
SVM_AE_ECFP    :RMSD: 0.785348, P: 0.788059, R^2: 0.601131
SVM_BET_ECFP的BA值    ：-10.914290059998581
SVM_BET_ECFP    :RMSD: 0.767923, P: 0.806383, R^2: 0.618634
SVM_AE_BET_ECFP的BA值    ：-10.998383097632948
SVM_AE_BET_ECFP    :RMSD: 0.731169, P: 0.820388, R^2: 0.654266
fold= 8
>>>>>>>>>>>>>training.............
###############################################SVM#####################################################
SVM_BET的BA值：-10.566174592868169
SVM_BET:RMSD: 0.570246, P: 0.825679, R^2: 0.645891
SVM_AE的BA值 ：-10.707516232184098
SVM_AE :RMSD: 0.541865, P: 0.856283, R^2: 0.680262
SVM_ECFP的BA值 ：-10.824678275221338
SVM_ECFP :RMSD: 0.799004, P: 0.744446, R^2: 0.304801
SVM_AE_BET的BA值    ：-10.636845412526133
SVM_AE_BET    :RMSD: 0.546332, P: 0.847522, R^2: 0.674968
SVM_AE_ECFP的BA值    ：-10.766097253702718
SVM_AE_ECFP    :RMSD: 0.629821, P: 0.839407, R^2: 0.568037
SVM_BET_ECFP的BA值    ：-10.695426434044753
SVM_BET_ECFP    :RMSD: 0.641278, P: 0.824310, R^2: 0.552178
SVM_AE_BET_ECFP的BA值    ：-10.699456366757866
SVM_AE_BET_ECFP    :RMSD: 0.593330, P: 0.845016, R^2: 0.616642
fold= 9
>>>>>>>>>>>>>training.............
###############################################SVM#####################################################
SVM_BET的BA值：-9.830659336045349
SVM_BET:RMSD: 0.734996, P: 0.738848, R^2: 0.515104
SVM_AE的BA值 ：-9.87543248913097
SVM_AE :RMSD: 0.678834, P: 0.810012, R^2: 0.586376
SVM_ECFP的BA值 ：-10.380310092800585
SVM_ECFP :RMSD: 0.796829, P: 0.770305, R^2: 0.430087
SVM_AE_BET的BA值    ：-9.85304591258816
SVM_AE_BET    :RMSD: 0.695858, P: 0.787262, R^2: 0.565370
SVM_AE_ECFP的BA值    ：-10.127871290965778
SVM_AE_ECFP    :RMSD: 0.638414, P: 0.850176, R^2: 0.634166
SVM_BET_ECFP的BA值    ：-10.105484714422968
SVM_BET_ECFP    :RMSD: 0.665629, P: 0.826174, R^2: 0.602311
SVM_AE_BET_ECFP的BA值    ：-10.028800639325636
SVM_AE_BET_ECFP    :RMSD: 0.641478, P: 0.836039, R^2: 0.630647
fold= 10
>>>>>>>>>>>>>training.............
###############################################SVM#####################################################
SVM_BET的BA值：-11.185854787950534
SVM_BET:RMSD: 0.512111, P: 0.906908, R^2: 0.819646
SVM_AE的BA值 ：-11.16374152845407
SVM_AE :RMSD: 0.585749, P: 0.875731, R^2: 0.764049
SVM_ECFP的BA值 ：-10.510552383161574
SVM_ECFP :RMSD: 0.738729, P: 0.843924, R^2: 0.624709
SVM_AE_BET的BA值    ：-11.174798158202302
SVM_AE_BET    :RMSD: 0.531943, P: 0.900124, R^2: 0.805407
SVM_AE_ECFP的BA值    ：-10.837146955807821
SVM_AE_ECFP    :RMSD: 0.594353, P: 0.895120, R^2: 0.757067
SVM_BET_ECFP的BA值    ：-10.848203585556053
SVM_BET_ECFP    :RMSD: 0.578663, P: 0.899011, R^2: 0.769723
SVM_AE_BET_ECFP的BA值    ：-10.953382899855391
SVM_AE_BET_ECFP    :RMSD: 0.551079, P: 0.904488, R^2: 0.791154
@@@@@@@@@@@@@@@@@@@@@@@@@@@@@@@@@@@@@@@@@@@最终结果@@@@@@@@@@@@@@@@@@@@@@@@@@@@@@@@@@@@@@@@@@@@@@@@@@
@@@@@@@@@@@@@@@@@@@@@@@@@@@@@@@@@@@@@@@@@@@最终结果@@@@@@@@@@@@@@@@@@@@@@@@@@@@@@@@@@@@@@@@@@@@@@@@@@
%%%%%%%%%%%%%%%%%%%%%%%%%%%%%%%%%%%%%%%%%%%SVM%%%%%%%%%%%%%%%%%%%%%%%%%%%%%%%%%%%%%%%%%%%%%%%%%%%%%%
SVM_BET:0-th Final RMSD: 0.686606, Final P: 0.793471, Final R^2: 0.629373
SVM_AE :0-th Final RMSD: 0.700845, Final P: 0.783539, Final R^2: 0.613841
SVM_ECFP :0-th Final RMSD: 0.901901, Final P: 0.657705, Final R^2: 0.360501
SVM_AE_BET    :0-th Final RMSD: 0.683637, Final P: 0.795674, Final R^2: 0.632572
SVM_AE_ECFP    :0-th Final RMSD: 0.747040, Final P: 0.770290, Final R^2: 0.561257
SVM_BET_ECFP    :0-th Final RMSD: 0.738442, Final P: 0.778141, Final R^2: 0.571299
SVM_AE_BET_ECFP    :0-th Final RMSD: 0.707646, Final P: 0.791391, Final R^2: 0.606311
0-th SVM_AE的BA值 ：-11.346572
0-th SVM_BET的BA值：-11.629038
0-th SVM_ECFP的BA值 ：-10.904932
0-th SVM_AE_BET的BA值：-11.322993
0-th SVM_AE_ECFP的BA值    ：-11.035750
0-th SVM_BET_ECFP的BA值    ：-10.914290
0-th SVM_AE_BET_ECFP的BA值    ：-11.042676
total time: 0.0017549496889114379 h
