size of data: (225,)
size of train size: 180
SVM parameter
Namespace(dataset='CHEMBL4223', C=10, kernel='rbf', gamma='scale', random_seed=0)
fold= 1
>>>>>>>>>>>>>training.............
###############################################SVM#####################################################
SVM_BET的BA值：-10.57247156381549
SVM_BET:RMSD: 0.995887, P: 0.442280, R^2: 0.180382
SVM_AE的BA值 ：-10.710718056032205
SVM_AE :RMSD: 1.030522, P: 0.378960, R^2: 0.122383
SVM_ECFP的BA值 ：-10.531731461024778
SVM_ECFP :RMSD: 0.940344, P: 0.550593, R^2: 0.269257
SVM_AE_BET的BA值    ：-10.580591524662175
SVM_AE_BET    :RMSD: 1.008740, P: 0.417514, R^2: 0.159090
SVM_AE_ECFP的BA值    ：-10.329686568638614
SVM_AE_ECFP    :RMSD: 0.963163, P: 0.501069, R^2: 0.233362
SVM_BET_ECFP的BA值    ：-10.452668437384013
SVM_BET_ECFP    :RMSD: 0.943634, P: 0.531467, R^2: 0.264135
SVM_AE_BET_ECFP的BA值    ：-10.383548580485217
SVM_AE_BET_ECFP    :RMSD: 0.966363, P: 0.491917, R^2: 0.228259
fold= 2
>>>>>>>>>>>>>training.............
###############################################SVM#####################################################
SVM_BET的BA值：-10.613174539924824
SVM_BET:RMSD: 1.278813, P: 0.192530, R^2: -0.079015
SVM_AE的BA值 ：-10.710940492053581
SVM_AE :RMSD: 1.274576, P: 0.190247, R^2: -0.071876
SVM_ECFP的BA值 ：-10.771949812527378
SVM_ECFP :RMSD: 1.163596, P: 0.339374, R^2: 0.106658
SVM_AE_BET的BA值    ：-10.60592920019854
SVM_AE_BET    :RMSD: 1.267848, P: 0.197353, R^2: -0.060590
SVM_AE_ECFP的BA值    ：-10.74144515229048
SVM_AE_ECFP    :RMSD: 1.206229, P: 0.271250, R^2: 0.039997
SVM_BET_ECFP的BA值    ：-10.636433860435439
SVM_BET_ECFP    :RMSD: 1.204898, P: 0.275489, R^2: 0.042114
SVM_AE_BET_ECFP的BA值    ：-10.661269404308152
SVM_AE_BET_ECFP    :RMSD: 1.222155, P: 0.249998, R^2: 0.014480
fold= 3
>>>>>>>>>>>>>training.............
###############################################SVM#####################################################
SVM_BET的BA值：-11.09743412624547
SVM_BET:RMSD: 0.856050, P: 0.521856, R^2: 0.150738
SVM_AE的BA值 ：-11.111873764358847
SVM_AE :RMSD: 0.846588, P: 0.505633, R^2: 0.169407
SVM_ECFP的BA值 ：-10.677683597365679
SVM_ECFP :RMSD: 0.823955, P: 0.593006, R^2: 0.213224
SVM_AE_BET的BA值    ：-11.094184346383724
SVM_AE_BET    :RMSD: 0.843465, P: 0.519498, R^2: 0.175525
SVM_AE_ECFP的BA值    ：-10.894778680862263
SVM_AE_ECFP    :RMSD: 0.811485, P: 0.563046, R^2: 0.236859
SVM_BET_ECFP的BA值    ：-10.87708926288714
SVM_BET_ECFP    :RMSD: 0.798715, P: 0.582212, R^2: 0.260688
SVM_AE_BET_ECFP的BA值    ：-10.955350763377709
SVM_AE_BET_ECFP    :RMSD: 0.809877, P: 0.559420, R^2: 0.239880
fold= 4
>>>>>>>>>>>>>training.............
###############################################SVM#####################################################
SVM_BET的BA值：-10.607669017654842
SVM_BET:RMSD: 1.435423, P: 0.450129, R^2: 0.158345
SVM_AE的BA值 ：-10.810251826991946
SVM_AE :RMSD: 1.450915, P: 0.412475, R^2: 0.140079
SVM_ECFP的BA值 ：-10.59472019909423
SVM_ECFP :RMSD: 1.540413, P: 0.325015, R^2: 0.030721
SVM_AE_BET的BA值    ：-10.708960422323393
SVM_AE_BET    :RMSD: 1.439280, P: 0.436756, R^2: 0.153815
SVM_AE_ECFP的BA值    ：-10.648861230687075
SVM_AE_ECFP    :RMSD: 1.486262, P: 0.382037, R^2: 0.097671
SVM_BET_ECFP的BA值    ：-10.504794272542263
SVM_BET_ECFP    :RMSD: 1.475720, P: 0.408754, R^2: 0.110426
SVM_AE_BET_ECFP的BA值    ：-10.606613457358824
SVM_AE_BET_ECFP    :RMSD: 1.464185, P: 0.413839, R^2: 0.124278
fold= 5
>>>>>>>>>>>>>training.............
###############################################SVM#####################################################
SVM_BET的BA值：-10.719624876101845
SVM_BET:RMSD: 0.973863, P: 0.442031, R^2: 0.103196
SVM_AE的BA值 ：-10.899291293675361
SVM_AE :RMSD: 0.963706, P: 0.470706, R^2: 0.121805
SVM_ECFP的BA值 ：-11.424609612528725
SVM_ECFP :RMSD: 0.764254, P: 0.698431, R^2: 0.447696
SVM_AE_BET的BA值    ：-10.757434222521043
SVM_AE_BET    :RMSD: 0.955296, P: 0.466427, R^2: 0.137065
SVM_AE_ECFP的BA值    ：-11.161950453102044
SVM_AE_ECFP    :RMSD: 0.829054, P: 0.611732, R^2: 0.350069
SVM_BET_ECFP的BA值    ：-11.015455472167483
SVM_BET_ECFP    :RMSD: 0.843093, P: 0.596540, R^2: 0.327870
SVM_AE_BET_ECFP的BA值    ：-10.976734079336774
SVM_AE_BET_ECFP    :RMSD: 0.868056, P: 0.564429, R^2: 0.287480
fold= 6
>>>>>>>>>>>>>training.............
###############################################SVM#####################################################
SVM_BET的BA值：-10.216854506043026
SVM_BET:RMSD: 1.087028, P: 0.479300, R^2: 0.226722
SVM_AE的BA值 ：-10.42591311901309
SVM_AE :RMSD: 1.075733, P: 0.496614, R^2: 0.242708
SVM_ECFP的BA值 ：-10.430790883018105
SVM_ECFP :RMSD: 0.969104, P: 0.677756, R^2: 0.385397
SVM_AE_BET的BA值    ：-10.312563441668228
SVM_AE_BET    :RMSD: 1.076551, P: 0.496768, R^2: 0.241556
SVM_AE_ECFP的BA值    ：-10.428352001015597
SVM_AE_ECFP    :RMSD: 1.009054, P: 0.612300, R^2: 0.333679
SVM_BET_ECFP的BA值    ：-10.315002323670736
SVM_BET_ECFP    :RMSD: 1.013727, P: 0.607700, R^2: 0.327493
SVM_AE_BET_ECFP的BA值    ：-10.351972588784854
SVM_AE_BET_ECFP    :RMSD: 1.029627, P: 0.579016, R^2: 0.306232
fold= 7
>>>>>>>>>>>>>training.............
###############################################SVM#####################################################
SVM_BET的BA值：-10.704381074471335
SVM_BET:RMSD: 1.023231, P: 0.384077, R^2: -0.082976
SVM_AE的BA值 ：-10.680449825516886
SVM_AE :RMSD: 0.946681, P: 0.497693, R^2: 0.073002
SVM_ECFP的BA值 ：-10.503913489087836
SVM_ECFP :RMSD: 0.968631, P: 0.392500, R^2: 0.029518
SVM_AE_BET的BA值    ：-10.692415449994112
SVM_AE_BET    :RMSD: 0.974535, P: 0.454648, R^2: 0.017651
SVM_AE_ECFP的BA值    ：-10.592181657302362
SVM_AE_ECFP    :RMSD: 0.940147, P: 0.465014, R^2: 0.085754
SVM_BET_ECFP的BA值    ：-10.604147281779586
SVM_BET_ECFP    :RMSD: 0.974978, P: 0.409354, R^2: 0.016757
SVM_AE_BET_ECFP的BA值    ：-10.629581463025353
SVM_AE_BET_ECFP    :RMSD: 0.957732, P: 0.449683, R^2: 0.051234
fold= 8
>>>>>>>>>>>>>training.............
###############################################SVM#####################################################
SVM_BET的BA值：-10.758886946801056
SVM_BET:RMSD: 1.057008, P: 0.470053, R^2: 0.201207
SVM_AE的BA值 ：-10.735020837129165
SVM_AE :RMSD: 0.930539, P: 0.625480, R^2: 0.380920
SVM_ECFP的BA值 ：-10.545292258667072
SVM_ECFP :RMSD: 0.946658, P: 0.637585, R^2: 0.359286
SVM_AE_BET的BA值    ：-10.679608015145014
SVM_AE_BET    :RMSD: 0.981311, P: 0.558212, R^2: 0.311520
SVM_AE_ECFP的BA值    ：-10.619244752355149
SVM_AE_ECFP    :RMSD: 0.924590, P: 0.644006, R^2: 0.388810
SVM_BET_ECFP的BA值    ：-10.463126359955567
SVM_BET_ECFP    :RMSD: 0.971509, P: 0.576263, R^2: 0.325205
SVM_AE_BET_ECFP的BA值    ：-10.53981665531812
SVM_AE_BET_ECFP    :RMSD: 0.952619, P: 0.598929, R^2: 0.351192
fold= 9
>>>>>>>>>>>>>training.............
###############################################SVM#####################################################
SVM_BET的BA值：-10.369210324285188
SVM_BET:RMSD: 0.943209, P: 0.647878, R^2: 0.370376
SVM_AE的BA值 ：-10.640701796168914
SVM_AE :RMSD: 1.038169, P: 0.534928, R^2: 0.237216
SVM_ECFP的BA值 ：-11.251082420308688
SVM_ECFP :RMSD: 0.795766, P: 0.767874, R^2: 0.551837
SVM_AE_BET的BA值    ：-10.504956060227052
SVM_AE_BET    :RMSD: 0.972804, P: 0.612621, R^2: 0.330245
SVM_AE_ECFP的BA值    ：-10.862021797527463
SVM_AE_ECFP    :RMSD: 0.897050, P: 0.689370, R^2: 0.430494
SVM_BET_ECFP的BA值    ：-10.80772828995059
SVM_BET_ECFP    :RMSD: 0.851221, P: 0.736222, R^2: 0.487197
SVM_AE_BET_ECFP的BA值    ：-10.696139251549141
SVM_AE_BET_ECFP    :RMSD: 0.900729, P: 0.690871, R^2: 0.425813
fold= 10
>>>>>>>>>>>>>training.............
###############################################SVM#####################################################
SVM_BET的BA值：-10.169406255038691
SVM_BET:RMSD: 0.929665, P: 0.433363, R^2: 0.162312
SVM_AE的BA值 ：-10.863428084285504
SVM_AE :RMSD: 0.886535, P: 0.495477, R^2: 0.238236
SVM_ECFP的BA值 ：-11.043545433571017
SVM_ECFP :RMSD: 0.873178, P: 0.550968, R^2: 0.261017
SVM_AE_BET的BA值    ：-10.516417169662098
SVM_AE_BET    :RMSD: 0.889098, P: 0.492247, R^2: 0.233824
SVM_AE_ECFP的BA值    ：-10.754311330520974
SVM_AE_ECFP    :RMSD: 0.843938, P: 0.571488, R^2: 0.309681
SVM_BET_ECFP的BA值    ：-10.482844728036596
SVM_BET_ECFP    :RMSD: 0.870254, P: 0.545724, R^2: 0.265958
SVM_AE_BET_ECFP的BA值    ：-10.476922227848041
SVM_AE_BET_ECFP    :RMSD: 0.858139, P: 0.552943, R^2: 0.286254
@@@@@@@@@@@@@@@@@@@@@@@@@@@@@@@@@@@@@@@@@@@最终结果@@@@@@@@@@@@@@@@@@@@@@@@@@@@@@@@@@@@@@@@@@@@@@@@@@
@@@@@@@@@@@@@@@@@@@@@@@@@@@@@@@@@@@@@@@@@@@最终结果@@@@@@@@@@@@@@@@@@@@@@@@@@@@@@@@@@@@@@@@@@@@@@@@@@
%%%%%%%%%%%%%%%%%%%%%%%%%%%%%%%%%%%%%%%%%%%SVM%%%%%%%%%%%%%%%%%%%%%%%%%%%%%%%%%%%%%%%%%%%%%%%%%%%%%%
SVM_BET:0-th Final RMSD: 1.072233, Final P: 0.433258, Final R^2: 0.173305
SVM_AE :0-th Final RMSD: 1.060986, Final P: 0.448983, Final R^2: 0.190557
SVM_ECFP :0-th Final RMSD: 1.004052, Final P: 0.535281, Final R^2: 0.275099
SVM_AE_BET    :0-th Final RMSD: 1.056534, Final P: 0.452656, Final R^2: 0.197337
SVM_AE_ECFP    :0-th Final RMSD: 1.012340, Final P: 0.515091, Final R^2: 0.263082
SVM_BET_ECFP    :0-th Final RMSD: 1.015148, Final P: 0.511425, Final R^2: 0.258988
SVM_AE_BET_ECFP    :0-th Final RMSD: 1.022143, Final P: 0.500002, Final R^2: 0.248741
0-th SVM_AE的BA值 ：-11.111874
0-th SVM_BET的BA值：-11.097434
0-th SVM_ECFP的BA值 ：-11.424610
0-th SVM_AE_BET的BA值：-11.094184
0-th SVM_AE_ECFP的BA值    ：-11.161950
0-th SVM_BET_ECFP的BA值    ：-11.015455
0-th SVM_AE_BET_ECFP的BA值    ：-10.976734
total time: 0.0019474198420842488 h
