size of data: (180,)
size of train size: 144
SVM parameter
Namespace(dataset='CHEMBL5493', C=10, kernel='rbf', gamma='scale', random_seed=0)
fold= 1
>>>>>>>>>>>>>training.............
###############################################SVM#####################################################
SVM_BET的BA值：-11.512698164794
SVM_BET:RMSD: 0.756605, P: 0.877962, R^2: 0.729539
SVM_AE的BA值 ：-11.393970940995526
SVM_AE :RMSD: 0.718544, P: 0.895468, R^2: 0.756066
SVM_ECFP的BA值 ：-11.427239332076308
SVM_ECFP :RMSD: 0.730477, P: 0.885287, R^2: 0.747897
SVM_AE_BET的BA值    ：-11.453334552894763
SVM_AE_BET    :RMSD: 0.721749, P: 0.893766, R^2: 0.753885
SVM_AE_ECFP的BA值    ：-11.410605136535917
SVM_AE_ECFP    :RMSD: 0.649159, P: 0.911783, R^2: 0.800902
SVM_BET_ECFP的BA值    ：-11.469968748435154
SVM_BET_ECFP    :RMSD: 0.695823, P: 0.898346, R^2: 0.771249
SVM_AE_BET_ECFP的BA值    ：-11.444636145955277
SVM_AE_BET_ECFP    :RMSD: 0.673601, P: 0.906232, R^2: 0.785627
fold= 2
>>>>>>>>>>>>>training.............
###############################################SVM#####################################################
SVM_BET的BA值：-11.163157753444082
SVM_BET:RMSD: 0.820218, P: 0.792219, R^2: 0.611455
SVM_AE的BA值 ：-11.03187138142267
SVM_AE :RMSD: 0.837406, P: 0.773121, R^2: 0.595000
SVM_ECFP的BA值 ：-11.367886385527601
SVM_ECFP :RMSD: 0.888673, P: 0.829418, R^2: 0.543893
SVM_AE_BET的BA值    ：-11.097514567433375
SVM_AE_BET    :RMSD: 0.820556, P: 0.788013, R^2: 0.611135
SVM_AE_ECFP的BA值    ：-11.199878883475137
SVM_AE_ECFP    :RMSD: 0.788477, P: 0.834695, R^2: 0.640945
SVM_BET_ECFP的BA值    ：-11.265522069485842
SVM_BET_ECFP    :RMSD: 0.776239, P: 0.855847, R^2: 0.652004
SVM_AE_BET_ECFP的BA值    ：-11.187638506798118
SVM_AE_BET_ECFP    :RMSD: 0.776493, P: 0.835370, R^2: 0.651777
fold= 3
>>>>>>>>>>>>>training.............
###############################################SVM#####################################################
SVM_BET的BA值：-10.924875576877575
SVM_BET:RMSD: 0.890059, P: 0.754737, R^2: 0.552577
SVM_AE的BA值 ：-10.956374376858353
SVM_AE :RMSD: 0.926814, P: 0.740335, R^2: 0.514862
SVM_ECFP的BA值 ：-11.162439488931591
SVM_ECFP :RMSD: 0.746159, P: 0.840168, R^2: 0.685556
SVM_AE_BET的BA值    ：-10.917763946945659
SVM_AE_BET    :RMSD: 0.902665, P: 0.750197, R^2: 0.539814
SVM_AE_ECFP的BA值    ：-11.059406932894973
SVM_AE_ECFP    :RMSD: 0.799404, P: 0.799663, R^2: 0.639079
SVM_BET_ECFP的BA值    ：-11.033433064579318
SVM_BET_ECFP    :RMSD: 0.786182, P: 0.807191, R^2: 0.650919
SVM_AE_BET_ECFP的BA值    ：-10.999322460940968
SVM_AE_BET_ECFP    :RMSD: 0.821908, P: 0.787661, R^2: 0.618472
fold= 4
>>>>>>>>>>>>>training.............
###############################################SVM#####################################################
SVM_BET的BA值：-11.130346952811855
SVM_BET:RMSD: 0.737724, P: 0.848826, R^2: 0.712648
SVM_AE的BA值 ：-10.738263612251963
SVM_AE :RMSD: 0.692932, P: 0.869818, R^2: 0.746483
SVM_ECFP的BA值 ：-11.936402042593063
SVM_ECFP :RMSD: 1.169518, P: 0.699748, R^2: 0.277830
SVM_AE_BET的BA值    ：-10.93430528253191
SVM_AE_BET    :RMSD: 0.703254, P: 0.864475, R^2: 0.738874
SVM_AE_ECFP的BA值    ：-11.337332827422513
SVM_AE_ECFP    :RMSD: 0.895349, P: 0.806703, R^2: 0.576737
SVM_BET_ECFP的BA值    ：-11.533374497702459
SVM_BET_ECFP    :RMSD: 0.913281, P: 0.795425, R^2: 0.559613
SVM_AE_BET_ECFP的BA值    ：-11.268337535885626
SVM_AE_BET_ECFP    :RMSD: 0.825229, P: 0.827651, R^2: 0.640437
fold= 5
>>>>>>>>>>>>>training.............
###############################################SVM#####################################################
SVM_BET的BA值：-10.277484246456014
SVM_BET:RMSD: 0.914246, P: 0.384999, R^2: -0.001577
SVM_AE的BA值 ：-10.493260625774127
SVM_AE :RMSD: 0.941132, P: 0.427691, R^2: -0.061353
SVM_ECFP的BA值 ：-10.957700262773608
SVM_ECFP :RMSD: 1.049304, P: 0.420077, R^2: -0.319354
SVM_AE_BET的BA值    ：-10.38537243611507
SVM_AE_BET    :RMSD: 0.917811, P: 0.412881, R^2: -0.009404
SVM_AE_ECFP的BA值    ：-10.725480444273867
SVM_AE_ECFP    :RMSD: 0.953720, P: 0.435656, R^2: -0.089934
SVM_BET_ECFP的BA值    ：-10.617592254614811
SVM_BET_ECFP    :RMSD: 0.930849, P: 0.418557, R^2: -0.038286
SVM_AE_BET_ECFP的BA值    ：-10.576148378334583
SVM_AE_BET_ECFP    :RMSD: 0.922023, P: 0.426593, R^2: -0.018690
fold= 6
>>>>>>>>>>>>>training.............
###############################################SVM#####################################################
SVM_BET的BA值：-11.545440000860925
SVM_BET:RMSD: 0.799163, P: 0.826790, R^2: 0.665579
SVM_AE的BA值 ：-11.179309309480997
SVM_AE :RMSD: 0.782954, P: 0.831693, R^2: 0.679007
SVM_ECFP的BA值 ：-11.712445474041356
SVM_ECFP :RMSD: 1.043771, P: 0.764125, R^2: 0.429530
SVM_AE_BET的BA值    ：-11.36237465517096
SVM_AE_BET    :RMSD: 0.775286, P: 0.839397, R^2: 0.685263
SVM_AE_ECFP的BA值    ：-11.445877391761176
SVM_AE_ECFP    :RMSD: 0.856534, P: 0.817975, R^2: 0.615840
SVM_BET_ECFP的BA值    ：-11.62894273745114
SVM_BET_ECFP    :RMSD: 0.880780, P: 0.808523, R^2: 0.593783
SVM_AE_BET_ECFP的BA值    ：-11.47906492812776
SVM_AE_BET_ECFP    :RMSD: 0.823329, P: 0.827274, R^2: 0.645048
fold= 7
>>>>>>>>>>>>>training.............
###############################################SVM#####################################################
SVM_BET的BA值：-11.035329249777622
SVM_BET:RMSD: 0.879220, P: 0.780584, R^2: 0.594846
SVM_AE的BA值 ：-10.604574262363046
SVM_AE :RMSD: 0.771845, P: 0.830709, R^2: 0.687763
SVM_ECFP的BA值 ：-11.782692460176209
SVM_ECFP :RMSD: 0.913581, P: 0.783554, R^2: 0.562560
SVM_AE_BET的BA值    ：-10.819951756070335
SVM_AE_BET    :RMSD: 0.811862, P: 0.813282, R^2: 0.654547
SVM_AE_ECFP的BA值    ：-11.193633361269628
SVM_AE_ECFP    :RMSD: 0.783056, P: 0.831308, R^2: 0.678626
SVM_BET_ECFP的BA值    ：-11.409010854976916
SVM_BET_ECFP    :RMSD: 0.849994, P: 0.790635, R^2: 0.621334
SVM_AE_BET_ECFP的BA值    ：-11.140865324105626
SVM_AE_BET_ECFP    :RMSD: 0.801093, P: 0.816027, R^2: 0.663651
fold= 8
>>>>>>>>>>>>>training.............
###############################################SVM#####################################################
SVM_BET的BA值：-10.74025553578321
SVM_BET:RMSD: 0.813237, P: 0.859077, R^2: 0.712745
SVM_AE的BA值 ：-11.114538702416853
SVM_AE :RMSD: 0.693471, P: 0.903966, R^2: 0.791124
SVM_ECFP的BA值 ：-11.395361826429733
SVM_ECFP :RMSD: 0.940316, P: 0.841693, R^2: 0.615957
SVM_AE_BET的BA值    ：-10.828099139928614
SVM_AE_BET    :RMSD: 0.735280, P: 0.891938, R^2: 0.765178
SVM_AE_ECFP的BA值    ：-11.158404654048297
SVM_AE_ECFP    :RMSD: 0.747856, P: 0.888616, R^2: 0.757077
SVM_BET_ECFP的BA值    ：-11.06780868110647
SVM_BET_ECFP    :RMSD: 0.807877, P: 0.871210, R^2: 0.716520
SVM_AE_BET_ECFP的BA值    ：-10.994796567730303
SVM_AE_BET_ECFP    :RMSD: 0.744156, P: 0.889045, R^2: 0.759475
fold= 9
>>>>>>>>>>>>>training.............
###############################################SVM#####################################################
SVM_BET的BA值：-10.43187695349139
SVM_BET:RMSD: 1.043172, P: 0.640541, R^2: 0.232436
SVM_AE的BA值 ：-10.625930389962463
SVM_AE :RMSD: 0.942821, P: 0.699044, R^2: 0.373010
SVM_ECFP的BA值 ：-11.021048239260788
SVM_ECFP :RMSD: 1.089320, P: 0.734794, R^2: 0.163023
SVM_AE_BET的BA值    ：-10.518733056739098
SVM_AE_BET    :RMSD: 0.975056, P: 0.676551, R^2: 0.329403
SVM_AE_ECFP的BA值    ：-10.78249028833866
SVM_AE_ECFP    :RMSD: 0.942814, P: 0.745689, R^2: 0.373018
SVM_BET_ECFP的BA值    ：-10.687092909397387
SVM_BET_ECFP    :RMSD: 0.976028, P: 0.706835, R^2: 0.328065
SVM_AE_BET_ECFP的BA值    ：-10.639372718737102
SVM_AE_BET_ECFP    :RMSD: 0.943122, P: 0.714309, R^2: 0.372608
fold= 10
>>>>>>>>>>>>>training.............
###############################################SVM#####################################################
SVM_BET的BA值：-10.621883447300325
SVM_BET:RMSD: 0.947735, P: 0.827683, R^2: 0.603765
SVM_AE的BA值 ：-10.403171559269612
SVM_AE :RMSD: 0.844286, P: 0.856021, R^2: 0.685545
SVM_ECFP的BA值 ：-11.503749406341782
SVM_ECFP :RMSD: 1.352426, P: 0.687845, R^2: 0.193126
SVM_AE_BET的BA值    ：-10.512527503284968
SVM_AE_BET    :RMSD: 0.876301, P: 0.855358, R^2: 0.661245
SVM_AE_ECFP的BA值    ：-10.953460482805697
SVM_AE_ECFP    :RMSD: 1.050055, P: 0.820180, R^2: 0.513590
SVM_BET_ECFP的BA值    ：-11.062816426821055
SVM_BET_ECFP    :RMSD: 1.119571, P: 0.791431, R^2: 0.447054
SVM_AE_BET_ECFP的BA值    ：-10.842934804303908
SVM_AE_BET_ECFP    :RMSD: 1.003093, P: 0.832574, R^2: 0.556124
@@@@@@@@@@@@@@@@@@@@@@@@@@@@@@@@@@@@@@@@@@@最终结果@@@@@@@@@@@@@@@@@@@@@@@@@@@@@@@@@@@@@@@@@@@@@@@@@@
@@@@@@@@@@@@@@@@@@@@@@@@@@@@@@@@@@@@@@@@@@@最终结果@@@@@@@@@@@@@@@@@@@@@@@@@@@@@@@@@@@@@@@@@@@@@@@@@@
%%%%%%%%%%%%%%%%%%%%%%%%%%%%%%%%%%%%%%%%%%%SVM%%%%%%%%%%%%%%%%%%%%%%%%%%%%%%%%%%%%%%%%%%%%%%%%%%%%%%
SVM_BET:0-th Final RMSD: 0.864694, Final P: 0.775630, Final R^2: 0.601432
SVM_AE :0-th Final RMSD: 0.820598, Final P: 0.800657, Final R^2: 0.641046
SVM_ECFP :0-th Final RMSD: 1.008606, Final P: 0.752562, Final R^2: 0.457724
SVM_AE_BET    :0-th Final RMSD: 0.828580, Final P: 0.796481, Final R^2: 0.634029
SVM_AE_ECFP    :0-th Final RMSD: 0.853874, Final P: 0.801421, Final R^2: 0.611344
SVM_BET_ECFP    :0-th Final RMSD: 0.881043, Final P: 0.786431, Final R^2: 0.586218
SVM_AE_BET_ECFP    :0-th Final RMSD: 0.838594, Final P: 0.800864, Final R^2: 0.625129
0-th SVM_AE的BA值 ：-11.393971
0-th SVM_BET的BA值：-11.545440
0-th SVM_ECFP的BA值 ：-11.936402
0-th SVM_AE_BET的BA值：-11.453335
0-th SVM_AE_ECFP的BA值    ：-11.445877
0-th SVM_BET_ECFP的BA值    ：-11.628943
0-th SVM_AE_BET_ECFP的BA值    ：-11.479065
total time: 0.0014655407269795735 h
