size of data: (192,)
size of train size: 153
SVM parameter
Namespace(dataset='CHEMBL2717', C=10, kernel='rbf', gamma='scale', random_seed=0)
fold= 1
>>>>>>>>>>>>>training.............
###############################################SVM#####################################################
SVM_BET的BA值：-10.645569580000371
SVM_BET:RMSD: 0.668294, P: 0.772220, R^2: 0.546952
SVM_AE的BA值 ：-10.496695618024127
SVM_AE :RMSD: 0.740630, P: 0.694312, R^2: 0.443568
SVM_ECFP的BA值 ：-11.771590655540555
SVM_ECFP :RMSD: 0.831165, P: 0.648394, R^2: 0.299217
SVM_AE_BET的BA值    ：-10.474590514115151
SVM_AE_BET    :RMSD: 0.682972, P: 0.747456, R^2: 0.526832
SVM_AE_ECFP的BA值    ：-11.098132834404696
SVM_AE_ECFP    :RMSD: 0.744125, P: 0.696057, R^2: 0.438305
SVM_BET_ECFP的BA值    ：-11.084822417268068
SVM_BET_ECFP    :RMSD: 0.714703, P: 0.732462, R^2: 0.481845
SVM_AE_BET_ECFP的BA值    ：-10.864773282601659
SVM_AE_BET_ECFP    :RMSD: 0.702211, P: 0.732891, R^2: 0.499799
fold= 2
>>>>>>>>>>>>>training.............
###############################################SVM#####################################################
SVM_BET的BA值：-11.252842279079472
SVM_BET:RMSD: 1.288802, P: 0.733043, R^2: 0.525972
SVM_AE的BA值 ：-11.265489185537174
SVM_AE :RMSD: 1.130944, P: 0.814039, R^2: 0.634982
SVM_ECFP的BA值 ：-11.337946439639124
SVM_ECFP :RMSD: 1.124834, P: 0.827148, R^2: 0.638915
SVM_AE_BET的BA值    ：-11.259165732308322
SVM_AE_BET    :RMSD: 1.197759, P: 0.781533, R^2: 0.590578
SVM_AE_ECFP的BA值    ：-11.301717812588148
SVM_AE_ECFP    :RMSD: 1.114368, P: 0.827990, R^2: 0.645604
SVM_BET_ECFP的BA值    ：-11.295394359359298
SVM_BET_ECFP    :RMSD: 1.192789, P: 0.787471, R^2: 0.593969
SVM_AE_BET_ECFP的BA值    ：-11.285425968085256
SVM_AE_BET_ECFP    :RMSD: 1.163876, P: 0.801629, R^2: 0.613415
fold= 3
>>>>>>>>>>>>>training.............
###############################################SVM#####################################################
SVM_BET的BA值：-10.685266719624858
SVM_BET:RMSD: 0.857697, P: 0.793907, R^2: 0.612057
SVM_AE的BA值 ：-11.285194140717055
SVM_AE :RMSD: 1.033829, P: 0.671831, R^2: 0.436365
SVM_ECFP的BA值 ：-11.634008345824583
SVM_ECFP :RMSD: 1.049235, P: 0.671673, R^2: 0.419441
SVM_AE_BET的BA值    ：-10.985230430170956
SVM_AE_BET    :RMSD: 0.942522, P: 0.736469, R^2: 0.531528
SVM_AE_ECFP的BA值    ：-11.459601243270818
SVM_AE_ECFP    :RMSD: 1.015693, P: 0.689120, R^2: 0.455966
SVM_BET_ECFP的BA值    ：-11.15963753272472
SVM_BET_ECFP    :RMSD: 0.927278, P: 0.754320, R^2: 0.546560
SVM_AE_BET_ECFP的BA值    ：-11.201489735388831
SVM_AE_BET_ECFP    :RMSD: 0.955334, P: 0.731505, R^2: 0.518706
fold= 4
>>>>>>>>>>>>>training.............
###############################################SVM#####################################################
SVM_BET的BA值：-11.390229674477794
SVM_BET:RMSD: 0.672939, P: 0.893554, R^2: 0.764963
SVM_AE的BA值 ：-11.510354218789104
SVM_AE :RMSD: 0.715248, P: 0.879167, R^2: 0.734479
SVM_ECFP的BA值 ：-11.290911309010879
SVM_ECFP :RMSD: 0.766257, P: 0.854065, R^2: 0.695257
SVM_AE_BET的BA值    ：-11.347179595579645
SVM_AE_BET    :RMSD: 0.683905, P: 0.890734, R^2: 0.757240
SVM_AE_ECFP的BA值    ：-11.400632763899992
SVM_AE_ECFP    :RMSD: 0.708293, P: 0.878511, R^2: 0.739618
SVM_BET_ECFP的BA值    ：-11.237458140690531
SVM_BET_ECFP    :RMSD: 0.692495, P: 0.883674, R^2: 0.751104
SVM_AE_BET_ECFP的BA值    ：-11.328423500056722
SVM_AE_BET_ECFP    :RMSD: 0.686719, P: 0.887450, R^2: 0.755239
fold= 5
>>>>>>>>>>>>>training.............
###############################################SVM#####################################################
SVM_BET的BA值：-11.781625930625236
SVM_BET:RMSD: 1.105317, P: 0.710787, R^2: 0.492744
SVM_AE的BA值 ：-12.038078012377309
SVM_AE :RMSD: 1.085799, P: 0.723404, R^2: 0.510501
SVM_ECFP的BA值 ：-11.504964275098715
SVM_ECFP :RMSD: 1.047206, P: 0.751533, R^2: 0.544680
SVM_AE_BET的BA值    ：-11.909851971501272
SVM_AE_BET    :RMSD: 1.085194, P: 0.722416, R^2: 0.511046
SVM_AE_ECFP的BA值    ：-11.771521143738012
SVM_AE_ECFP    :RMSD: 1.051313, P: 0.745226, R^2: 0.541101
SVM_BET_ECFP的BA值    ：-11.643295102861975
SVM_BET_ECFP    :RMSD: 1.065580, P: 0.736370, R^2: 0.528561
SVM_AE_BET_ECFP的BA值    ：-11.774889406033752
SVM_AE_BET_ECFP    :RMSD: 1.063336, P: 0.736722, R^2: 0.530545
fold= 6
>>>>>>>>>>>>>training.............
###############################################SVM#####################################################
SVM_BET的BA值：-11.289161658481182
SVM_BET:RMSD: 0.929753, P: 0.745911, R^2: 0.552222
SVM_AE的BA值 ：-11.081923307383548
SVM_AE :RMSD: 0.868368, P: 0.781134, R^2: 0.609398
SVM_ECFP的BA值 ：-11.30427602535616
SVM_ECFP :RMSD: 0.838499, P: 0.798290, R^2: 0.635806
SVM_AE_BET的BA值    ：-11.016823685040933
SVM_AE_BET    :RMSD: 0.886307, P: 0.771705, R^2: 0.593092
SVM_AE_ECFP的BA值    ：-11.045180151427406
SVM_AE_ECFP    :RMSD: 0.838010, P: 0.798947, R^2: 0.636231
SVM_BET_ECFP的BA值    ：-11.00111263540016
SVM_BET_ECFP    :RMSD: 0.869352, P: 0.782238, R^2: 0.608512
SVM_AE_BET_ECFP的BA值    ：-10.929436516099656
SVM_AE_BET_ECFP    :RMSD: 0.859762, P: 0.787435, R^2: 0.617102
fold= 7
>>>>>>>>>>>>>training.............
###############################################SVM#####################################################
SVM_BET的BA值：-10.754744930218662
SVM_BET:RMSD: 0.699499, P: 0.897143, R^2: 0.758706
SVM_AE的BA值 ：-10.710349625697457
SVM_AE :RMSD: 0.808825, P: 0.841340, R^2: 0.677387
SVM_ECFP的BA值 ：-11.025256743798671
SVM_ECFP :RMSD: 0.777511, P: 0.851367, R^2: 0.701883
SVM_AE_BET的BA值    ：-10.732547277958059
SVM_AE_BET    :RMSD: 0.748597, P: 0.874032, R^2: 0.723644
SVM_AE_ECFP的BA值    ：-10.867803184748064
SVM_AE_ECFP    :RMSD: 0.773843, P: 0.856182, R^2: 0.704690
SVM_BET_ECFP的BA值    ：-10.890000837008667
SVM_BET_ECFP    :RMSD: 0.720621, P: 0.881418, R^2: 0.743914
SVM_AE_BET_ECFP的BA值    ：-10.83011709990493
SVM_AE_BET_ECFP    :RMSD: 0.742823, P: 0.873179, R^2: 0.727890
fold= 8
>>>>>>>>>>>>>training.............
###############################################SVM#####################################################
SVM_BET的BA值：-11.31606807117488
SVM_BET:RMSD: 1.197082, P: 0.627812, R^2: 0.383799
SVM_AE的BA值 ：-11.481941529857274
SVM_AE :RMSD: 1.161144, P: 0.656924, R^2: 0.420242
SVM_ECFP的BA值 ：-11.68524017153208
SVM_ECFP :RMSD: 1.179344, P: 0.642358, R^2: 0.401925
SVM_AE_BET的BA值    ：-11.399004800516078
SVM_AE_BET    :RMSD: 1.173925, P: 0.645509, R^2: 0.407409
SVM_AE_ECFP的BA值    ：-11.566586107756901
SVM_AE_ECFP    :RMSD: 1.158737, P: 0.654923, R^2: 0.422643
SVM_BET_ECFP的BA值    ：-11.483649378415704
SVM_BET_ECFP    :RMSD: 1.176567, P: 0.641708, R^2: 0.404738
SVM_AE_BET_ECFP的BA值    ：-11.483080095562892
SVM_AE_BET_ECFP    :RMSD: 1.166582, P: 0.649112, R^2: 0.414799
fold= 9
>>>>>>>>>>>>>training.............
###############################################SVM#####################################################
SVM_BET的BA值：-10.911842422515594
SVM_BET:RMSD: 0.796143, P: 0.706620, R^2: 0.497886
SVM_AE的BA值 ：-10.401509824730285
SVM_AE :RMSD: 0.735590, P: 0.761669, R^2: 0.571361
SVM_ECFP的BA值 ：-11.271051205481891
SVM_ECFP :RMSD: 0.792044, P: 0.717155, R^2: 0.503043
SVM_AE_BET的BA值    ：-10.65667612362294
SVM_AE_BET    :RMSD: 0.757659, P: 0.739763, R^2: 0.545256
SVM_AE_ECFP的BA值    ：-10.828449232907266
SVM_AE_ECFP    :RMSD: 0.733388, P: 0.758982, R^2: 0.573924
SVM_BET_ECFP的BA值    ：-10.876954052405956
SVM_BET_ECFP    :RMSD: 0.752016, P: 0.743198, R^2: 0.552004
SVM_AE_BET_ECFP的BA值    ：-10.713251788381518
SVM_AE_BET_ECFP    :RMSD: 0.738426, P: 0.754967, R^2: 0.568049
fold= 10
>>>>>>>>>>>>>training.............
###############################################SVM#####################################################
SVM_BET的BA值：-11.162225615402349
SVM_BET:RMSD: 0.942907, P: 0.660309, R^2: 0.414372
SVM_AE的BA值 ：-11.22983379743545
SVM_AE :RMSD: 0.951813, P: 0.651135, R^2: 0.403258
SVM_ECFP的BA值 ：-11.794532590513061
SVM_ECFP :RMSD: 1.017287, P: 0.605149, R^2: 0.318335
SVM_AE_BET的BA值    ：-11.1960297064189
SVM_AE_BET    :RMSD: 0.945387, P: 0.657042, R^2: 0.411287
SVM_AE_ECFP的BA值    ：-11.512183193974256
SVM_AE_ECFP    :RMSD: 0.975716, P: 0.632058, R^2: 0.372908
SVM_BET_ECFP的BA值    ：-11.478379102957705
SVM_BET_ECFP    :RMSD: 0.970961, P: 0.635889, R^2: 0.379005
SVM_AE_BET_ECFP的BA值    ：-11.39553066778362
SVM_AE_BET_ECFP    :RMSD: 0.961728, P: 0.642729, R^2: 0.390760
@@@@@@@@@@@@@@@@@@@@@@@@@@@@@@@@@@@@@@@@@@@最终结果@@@@@@@@@@@@@@@@@@@@@@@@@@@@@@@@@@@@@@@@@@@@@@@@@@
@@@@@@@@@@@@@@@@@@@@@@@@@@@@@@@@@@@@@@@@@@@最终结果@@@@@@@@@@@@@@@@@@@@@@@@@@@@@@@@@@@@@@@@@@@@@@@@@@
%%%%%%%%%%%%%%%%%%%%%%%%%%%%%%%%%%%%%%%%%%%SVM%%%%%%%%%%%%%%%%%%%%%%%%%%%%%%%%%%%%%%%%%%%%%%%%%%%%%%
SVM_BET:0-th Final RMSD: 0.940496, Final P: 0.747649, Final R^2: 0.558895
SVM_AE :0-th Final RMSD: 0.937768, Final P: 0.749707, Final R^2: 0.561450
SVM_ECFP :0-th Final RMSD: 0.954385, Final P: 0.740043, Final R^2: 0.545770
SVM_AE_BET    :0-th Final RMSD: 0.929290, Final P: 0.754752, Final R^2: 0.569344
SVM_AE_ECFP    :0-th Final RMSD: 0.925852, Final P: 0.756777, Final R^2: 0.572524
SVM_BET_ECFP    :0-th Final RMSD: 0.926685, Final P: 0.756155, Final R^2: 0.571755
SVM_AE_BET_ECFP    :0-th Final RMSD: 0.921551, Final P: 0.759419, Final R^2: 0.576486
0-th SVM_AE的BA值 ：-12.038078
0-th SVM_BET的BA值：-11.781626
0-th SVM_ECFP的BA值 ：-11.794533
0-th SVM_AE_BET的BA值：-11.909852
0-th SVM_AE_ECFP的BA值    ：-11.771521
0-th SVM_BET_ECFP的BA值    ：-11.643295
0-th SVM_AE_BET_ECFP的BA值    ：-11.774889
total time: 0.0016051508982976278 h
