size of data: (671,)
size of train size: 536
SVM parameter
Namespace(dataset='CHEMBL2789', C=10, kernel='rbf', gamma='scale', random_seed=0)
fold= 1
>>>>>>>>>>>>>training.............
###############################################SVM#####################################################
SVM_BET的BA值：-12.329809803099621
SVM_BET:RMSD: 0.484277, P: 0.938777, R^2: 0.875507
SVM_AE的BA值 ：-12.188958387129656
SVM_AE :RMSD: 0.501587, P: 0.932899, R^2: 0.866448
SVM_ECFP的BA值 ：-12.916023929494019
SVM_ECFP :RMSD: 0.536355, P: 0.939319, R^2: 0.847291
SVM_AE_BET的BA值    ：-12.188820313760372
SVM_AE_BET    :RMSD: 0.477970, P: 0.939769, R^2: 0.878728
SVM_AE_ECFP的BA值    ：-12.397012628680903
SVM_AE_ECFP    :RMSD: 0.467445, P: 0.946429, R^2: 0.884010
SVM_BET_ECFP的BA值    ：-12.554736278047837
SVM_BET_ECFP    :RMSD: 0.469422, P: 0.948520, R^2: 0.883027
SVM_AE_BET_ECFP的BA值    ：-12.323440064087976
SVM_AE_BET_ECFP    :RMSD: 0.458921, P: 0.947712, R^2: 0.888202
fold= 2
>>>>>>>>>>>>>training.............
###############################################SVM#####################################################
SVM_BET的BA值：-12.086158421656167
SVM_BET:RMSD: 0.673215, P: 0.888206, R^2: 0.774835
SVM_AE的BA值 ：-12.032051258499475
SVM_AE :RMSD: 0.654796, P: 0.892172, R^2: 0.786988
SVM_ECFP的BA值 ：-13.338090160287342
SVM_ECFP :RMSD: 0.737244, P: 0.898374, R^2: 0.729968
SVM_AE_BET的BA值    ：-12.059104840077822
SVM_AE_BET    :RMSD: 0.654786, P: 0.893430, R^2: 0.786994
SVM_AE_ECFP的BA值    ：-12.685070709393408
SVM_AE_ECFP    :RMSD: 0.649012, P: 0.908749, R^2: 0.790735
SVM_BET_ECFP的BA值    ：-12.712124290971754
SVM_BET_ECFP    :RMSD: 0.657739, P: 0.907936, R^2: 0.785068
SVM_AE_BET_ECFP的BA值    ：-12.48543328014766
SVM_AE_BET_ECFP    :RMSD: 0.641597, P: 0.906847, R^2: 0.795489
fold= 3
>>>>>>>>>>>>>training.............
###############################################SVM#####################################################
SVM_BET的BA值：-12.231090343842526
SVM_BET:RMSD: 0.735854, P: 0.895593, R^2: 0.776083
SVM_AE的BA值 ：-12.151456982100942
SVM_AE :RMSD: 0.732984, P: 0.895894, R^2: 0.777826
SVM_ECFP的BA值 ：-12.301055963023128
SVM_ECFP :RMSD: 0.643925, P: 0.920862, R^2: 0.828535
SVM_AE_BET的BA值    ：-12.16592260375255
SVM_AE_BET    :RMSD: 0.722545, P: 0.899223, R^2: 0.784109
SVM_AE_ECFP的BA值    ：-12.112894125921283
SVM_AE_ECFP    :RMSD: 0.662892, P: 0.917010, R^2: 0.818285
SVM_BET_ECFP的BA值    ：-12.266073153432828
SVM_BET_ECFP    :RMSD: 0.663289, P: 0.916306, R^2: 0.818068
SVM_AE_BET_ECFP的BA值    ：-12.14001705520579
SVM_AE_BET_ECFP    :RMSD: 0.675969, P: 0.913079, R^2: 0.811045
fold= 4
>>>>>>>>>>>>>training.............
###############################################SVM#####################################################
SVM_BET的BA值：-12.289764025608587
SVM_BET:RMSD: 0.654424, P: 0.926909, R^2: 0.847711
SVM_AE的BA值 ：-12.995293267665494
SVM_AE :RMSD: 0.576653, P: 0.943148, R^2: 0.881756
SVM_ECFP的BA值 ：-12.474263261512911
SVM_ECFP :RMSD: 0.633813, P: 0.930801, R^2: 0.857152
SVM_AE_BET的BA值    ：-12.547628171731002
SVM_AE_BET    :RMSD: 0.599285, P: 0.938747, R^2: 0.872292
SVM_AE_ECFP的BA值    ：-12.734778264589202
SVM_AE_ECFP    :RMSD: 0.569549, P: 0.944696, R^2: 0.884651
SVM_BET_ECFP的BA值    ：-12.28711316865471
SVM_BET_ECFP    :RMSD: 0.604762, P: 0.938220, R^2: 0.869947
SVM_AE_BET_ECFP的BA值    ：-12.523173201658304
SVM_AE_BET_ECFP    :RMSD: 0.580665, P: 0.942856, R^2: 0.880105
fold= 5
>>>>>>>>>>>>>training.............
###############################################SVM#####################################################
SVM_BET的BA值：-12.462772411239776
SVM_BET:RMSD: 0.512943, P: 0.947613, R^2: 0.897559
SVM_AE的BA值 ：-12.671221404981692
SVM_AE :RMSD: 0.479781, P: 0.955733, R^2: 0.910377
SVM_ECFP的BA值 ：-13.13743510247446
SVM_ECFP :RMSD: 0.581062, P: 0.935389, R^2: 0.868544
SVM_AE_BET的BA值    ：-12.517277410813005
SVM_AE_BET    :RMSD: 0.477140, P: 0.955580, R^2: 0.911360
SVM_AE_ECFP的BA值    ：-12.904328253728075
SVM_AE_ECFP    :RMSD: 0.472295, P: 0.955746, R^2: 0.913152
SVM_BET_ECFP的BA值    ：-12.750384259559388
SVM_BET_ECFP    :RMSD: 0.492415, P: 0.951941, R^2: 0.905594
SVM_AE_BET_ECFP的BA值    ：-12.723996641366822
SVM_AE_BET_ECFP    :RMSD: 0.464502, P: 0.957292, R^2: 0.915994
fold= 6
>>>>>>>>>>>>>training.............
###############################################SVM#####################################################
SVM_BET的BA值：-12.171522972714648
SVM_BET:RMSD: 0.646409, P: 0.914582, R^2: 0.815429
SVM_AE的BA值 ：-12.235554288998497
SVM_AE :RMSD: 0.689544, P: 0.904503, R^2: 0.789974
SVM_ECFP的BA值 ：-13.172977774229183
SVM_ECFP :RMSD: 0.833519, P: 0.928593, R^2: 0.693112
SVM_AE_BET的BA值    ：-12.203538630856572
SVM_AE_BET    :RMSD: 0.660625, P: 0.912028, R^2: 0.807221
SVM_AE_ECFP的BA值    ：-12.704266031613841
SVM_AE_ECFP    :RMSD: 0.720968, P: 0.923487, R^2: 0.770395
SVM_BET_ECFP的BA值    ：-12.672250373471915
SVM_BET_ECFP    :RMSD: 0.692712, P: 0.928125, R^2: 0.788040
SVM_AE_BET_ECFP的BA值    ：-12.526685011980774
SVM_AE_BET_ECFP    :RMSD: 0.679560, P: 0.923133, R^2: 0.796012
fold= 7
>>>>>>>>>>>>>training.............
###############################################SVM#####################################################
SVM_BET的BA值：-12.750628979320009
SVM_BET:RMSD: 0.557638, P: 0.934386, R^2: 0.870591
SVM_AE的BA值 ：-12.499405542050733
SVM_AE :RMSD: 0.592363, P: 0.924438, R^2: 0.853972
SVM_ECFP的BA值 ：-13.21099632324877
SVM_ECFP :RMSD: 0.539524, P: 0.942479, R^2: 0.878862
SVM_AE_BET的BA值    ：-12.625017260685372
SVM_AE_BET    :RMSD: 0.564055, P: 0.932082, R^2: 0.867595
SVM_AE_ECFP的BA值    ：-12.855200932649751
SVM_AE_ECFP    :RMSD: 0.530334, P: 0.940358, R^2: 0.882953
SVM_BET_ECFP的BA值    ：-12.980812651284388
SVM_BET_ECFP    :RMSD: 0.505179, P: 0.945885, R^2: 0.893794
SVM_AE_BET_ECFP的BA值    ：-12.820343614873169
SVM_AE_BET_ECFP    :RMSD: 0.523400, P: 0.941358, R^2: 0.885994
fold= 8
>>>>>>>>>>>>>training.............
###############################################SVM#####################################################
SVM_BET的BA值：-13.019828565027158
SVM_BET:RMSD: 0.615029, P: 0.922868, R^2: 0.843144
SVM_AE的BA值 ：-13.263887976936491
SVM_AE :RMSD: 0.599157, P: 0.927560, R^2: 0.851135
SVM_ECFP的BA值 ：-13.081756062823416
SVM_ECFP :RMSD: 0.625563, P: 0.919520, R^2: 0.837725
SVM_AE_BET的BA值    ：-13.141858270981825
SVM_AE_BET    :RMSD: 0.594649, P: 0.928710, R^2: 0.853367
SVM_AE_ECFP的BA值    ：-13.172822019879954
SVM_AE_ECFP    :RMSD: 0.568103, P: 0.935755, R^2: 0.866167
SVM_BET_ECFP的BA值    ：-13.050792313925287
SVM_BET_ECFP    :RMSD: 0.571687, P: 0.934861, R^2: 0.864473
SVM_AE_BET_ECFP的BA值    ：-13.121824201595688
SVM_AE_BET_ECFP    :RMSD: 0.566090, P: 0.936422, R^2: 0.867114
fold= 9
>>>>>>>>>>>>>training.............
###############################################SVM#####################################################
SVM_BET的BA值：-13.409755205127972
SVM_BET:RMSD: 0.537728, P: 0.940653, R^2: 0.880389
SVM_AE的BA值 ：-13.547891949009532
SVM_AE :RMSD: 0.550201, P: 0.939046, R^2: 0.874776
SVM_ECFP的BA值 ：-13.176488348449874
SVM_ECFP :RMSD: 0.607116, P: 0.936260, R^2: 0.847529
SVM_AE_BET的BA值    ：-13.478823577068752
SVM_AE_BET    :RMSD: 0.532861, P: 0.942700, R^2: 0.882545
SVM_AE_ECFP的BA值    ：-13.362190148729702
SVM_AE_ECFP    :RMSD: 0.536180, P: 0.947672, R^2: 0.881077
SVM_BET_ECFP的BA值    ：-13.293121776788922
SVM_BET_ECFP    :RMSD: 0.531451, P: 0.947575, R^2: 0.883166
SVM_AE_BET_ECFP的BA值    ：-13.378045167529125
SVM_AE_BET_ECFP    :RMSD: 0.522283, P: 0.948487, R^2: 0.887162
fold= 10
>>>>>>>>>>>>>training.............
###############################################SVM#####################################################
SVM_BET的BA值：-12.58589264913329
SVM_BET:RMSD: 0.563907, P: 0.947247, R^2: 0.887297
SVM_AE的BA值 ：-12.357056660256951
SVM_AE :RMSD: 0.580429, P: 0.943393, R^2: 0.880596
SVM_ECFP的BA值 ：-13.092510870237803
SVM_ECFP :RMSD: 0.679641, P: 0.933346, R^2: 0.836288
SVM_AE_BET的BA值    ：-12.340470148824505
SVM_AE_BET    :RMSD: 0.556600, P: 0.949063, R^2: 0.890198
SVM_AE_ECFP的BA值    ：-12.593779259376761
SVM_AE_ECFP    :RMSD: 0.582226, P: 0.950150, R^2: 0.879855
SVM_BET_ECFP的BA值    ：-12.839201759685547
SVM_BET_ECFP    :RMSD: 0.583483, P: 0.949657, R^2: 0.879336
SVM_AE_BET_ECFP的BA值    ：-12.591150389295606
SVM_AE_BET_ECFP    :RMSD: 0.561760, P: 0.952396, R^2: 0.888153
@@@@@@@@@@@@@@@@@@@@@@@@@@@@@@@@@@@@@@@@@@@最终结果@@@@@@@@@@@@@@@@@@@@@@@@@@@@@@@@@@@@@@@@@@@@@@@@@@
@@@@@@@@@@@@@@@@@@@@@@@@@@@@@@@@@@@@@@@@@@@最终结果@@@@@@@@@@@@@@@@@@@@@@@@@@@@@@@@@@@@@@@@@@@@@@@@@@
%%%%%%%%%%%%%%%%%%%%%%%%%%%%%%%%%%%%%%%%%%%SVM%%%%%%%%%%%%%%%%%%%%%%%%%%%%%%%%%%%%%%%%%%%%%%%%%%%%%%
SVM_BET:0-th Final RMSD: 0.602735, Final P: 0.923565, Final R^2: 0.852693
SVM_AE :0-th Final RMSD: 0.600307, Final P: 0.924342, Final R^2: 0.853877
SVM_ECFP :0-th Final RMSD: 0.647372, Final P: 0.916527, Final R^2: 0.830066
SVM_AE_BET    :0-th Final RMSD: 0.588749, Final P: 0.927451, Final R^2: 0.859450
SVM_AE_ECFP    :0-th Final RMSD: 0.580955, Final P: 0.930917, Final R^2: 0.863146
SVM_BET_ECFP    :0-th Final RMSD: 0.581735, Final P: 0.930639, Final R^2: 0.862779
SVM_AE_BET_ECFP    :0-th Final RMSD: 0.572271, Final P: 0.932473, Final R^2: 0.867207
0-th SVM_AE的BA值 ：-13.547892
0-th SVM_BET的BA值：-13.409755
0-th SVM_ECFP的BA值 ：-13.338090
0-th SVM_AE_BET的BA值：-13.478824
0-th SVM_AE_ECFP的BA值    ：-13.362190
0-th SVM_BET_ECFP的BA值    ：-13.293122
0-th SVM_AE_BET_ECFP的BA值    ：-13.378045
total time: 0.008648968736330668 h
