size of data: (1288,)
size of train size: 1030
RF parameter
Namespace(n_estimators=10000, dataset='CHEMBL3572', max_depth=8, min_samples_split=4, min_samples_leaf=2, criterion='mse', random_seed=0)
fold= 1
>>>>>>>>>>>>>training.............
###############################################RF#####################################################
RF_BET的BA值：-11.352096784053938
RF_BET:RMSD: 0.949874, P: 0.788042, R^2: 0.603657
RF_AE的BA值 ：-11.377655981703754
RF_AE :RMSD: 0.936449, P: 0.803672, R^2: 0.614781
RF_ECFP的BA值 ：-11.528233409574131
RF_ECFP :RMSD: 0.982964, P: 0.759858, R^2: 0.575562
RF_AE_BET的BA值    ：-11.364876382878846
RF_AE_BET    :RMSD: 0.927327, P: 0.807802, R^2: 0.622250
RF_AE_ECFP的BA值    ：-11.452944695638942
RF_AE_ECFP    :RMSD: 0.928275, P: 0.797244, R^2: 0.621477
RF_BET_ECFP的BA值    ：-11.440165096814034
RF_BET_ECFP    :RMSD: 0.940872, P: 0.787579, R^2: 0.611134
RF_AE_BET_ECFP的BA值    ：-11.419328725110608
RF_AE_BET_ECFP    :RMSD: 0.923885, P: 0.802495, R^2: 0.625049
fold= 2
>>>>>>>>>>>>>training.............
###############################################RF#####################################################
RF_BET的BA值：-11.335000151077724
RF_BET:RMSD: 0.819792, P: 0.824414, R^2: 0.658737
RF_AE的BA值 ：-11.235972403674193
RF_AE :RMSD: 0.864223, P: 0.796195, R^2: 0.620742
RF_ECFP的BA值 ：-11.557848073825896
RF_ECFP :RMSD: 0.769430, P: 0.840073, R^2: 0.699378
RF_AE_BET的BA值    ：-11.28548627737596
RF_AE_BET    :RMSD: 0.820693, P: 0.826197, R^2: 0.657985
RF_AE_ECFP的BA值    ：-11.396910238750046
RF_AE_ECFP    :RMSD: 0.776571, P: 0.842878, R^2: 0.693772
RF_BET_ECFP的BA值    ：-11.44642411245181
RF_BET_ECFP    :RMSD: 0.768614, P: 0.844675, R^2: 0.700015
RF_AE_BET_ECFP的BA值    ：-11.376273542859272
RF_AE_BET_ECFP    :RMSD: 0.778782, P: 0.844165, R^2: 0.692026
fold= 3
>>>>>>>>>>>>>training.............
###############################################RF#####################################################
RF_BET的BA值：-11.182489981826986
RF_BET:RMSD: 0.784305, P: 0.848608, R^2: 0.700163
RF_AE的BA值 ：-10.73897013895282
RF_AE :RMSD: 0.929454, P: 0.811693, R^2: 0.578914
RF_ECFP的BA值 ：-11.326361103687043
RF_ECFP :RMSD: 0.742944, P: 0.863357, R^2: 0.730954
RF_AE_BET的BA值    ：-10.914810239185076
RF_AE_BET    :RMSD: 0.826485, P: 0.850089, R^2: 0.667046
RF_AE_ECFP的BA值    ：-11.02607077259524
RF_AE_ECFP    :RMSD: 0.789013, P: 0.863162, R^2: 0.696553
RF_BET_ECFP的BA值    ：-11.238108701169004
RF_BET_ECFP    :RMSD: 0.742102, P: 0.868163, R^2: 0.731564
RF_AE_BET_ECFP的BA值    ：-11.041115966293725
RF_AE_BET_ECFP    :RMSD: 0.774191, P: 0.866640, R^2: 0.707846
fold= 4
>>>>>>>>>>>>>training.............
###############################################RF#####################################################
RF_BET的BA值：-11.213218812785389
RF_BET:RMSD: 0.881757, P: 0.786713, R^2: 0.611449
RF_AE的BA值 ：-11.202119117320182
RF_AE :RMSD: 0.922721, P: 0.770840, R^2: 0.574508
RF_ECFP的BA值 ：-11.631030441137991
RF_ECFP :RMSD: 0.885482, P: 0.781693, R^2: 0.608159
RF_AE_BET的BA值    ：-11.207668965052786
RF_AE_BET    :RMSD: 0.885106, P: 0.791371, R^2: 0.608491
RF_AE_ECFP的BA值    ：-11.383434565389
RF_AE_ECFP    :RMSD: 0.871730, P: 0.791064, R^2: 0.620235
RF_BET_ECFP的BA值    ：-11.388984413121605
RF_BET_ECFP    :RMSD: 0.861241, P: 0.794258, R^2: 0.629319
RF_AE_BET_ECFP的BA值    ：-11.326695981187797
RF_AE_BET_ECFP    :RMSD: 0.864566, P: 0.796490, R^2: 0.626452
fold= 5
>>>>>>>>>>>>>training.............
###############################################RF#####################################################
RF_BET的BA值：-11.032334019206125
RF_BET:RMSD: 0.863129, P: 0.824427, R^2: 0.637981
RF_AE的BA值 ：-10.818617427800216
RF_AE :RMSD: 0.948234, P: 0.768287, R^2: 0.563071
RF_ECFP的BA值 ：-11.528955660826917
RF_ECFP :RMSD: 0.868364, P: 0.802156, R^2: 0.633576
RF_AE_BET的BA值    ：-10.92547572350317
RF_AE_BET    :RMSD: 0.891803, P: 0.809176, R^2: 0.613528
RF_AE_ECFP的BA值    ：-11.074254591275908
RF_AE_ECFP    :RMSD: 0.875119, P: 0.810225, R^2: 0.627853
RF_BET_ECFP的BA值    ：-11.181112886978863
RF_BET_ECFP    :RMSD: 0.846575, P: 0.824782, R^2: 0.651734
RF_AE_BET_ECFP的BA值    ：-11.060281067252646
RF_AE_BET_ECFP    :RMSD: 0.863658, P: 0.820543, R^2: 0.637537
fold= 6
>>>>>>>>>>>>>training.............
###############################################RF#####################################################
RF_BET的BA值：-11.47190315342844
RF_BET:RMSD: 0.910377, P: 0.795652, R^2: 0.612888
RF_AE的BA值 ：-11.138248806187194
RF_AE :RMSD: 0.974500, P: 0.759062, R^2: 0.556434
RF_ECFP的BA值 ：-11.592597990274582
RF_ECFP :RMSD: 0.843677, P: 0.820092, R^2: 0.667534
RF_AE_BET的BA值    ：-11.305075979807818
RF_AE_BET    :RMSD: 0.923891, P: 0.793944, R^2: 0.601309
RF_AE_ECFP的BA值    ：-11.317343030121926
RF_AE_ECFP    :RMSD: 0.875849, P: 0.813158, R^2: 0.641695
RF_BET_ECFP的BA值    ：-11.48417020374255
RF_BET_ECFP    :RMSD: 0.844587, P: 0.827931, R^2: 0.666817
RF_AE_BET_ECFP的BA值    ：-11.368863071224098
RF_AE_BET_ECFP    :RMSD: 0.872151, P: 0.818906, R^2: 0.644714
fold= 7
>>>>>>>>>>>>>training.............
###############################################RF#####################################################
RF_BET的BA值：-11.24806862999831
RF_BET:RMSD: 0.953456, P: 0.782035, R^2: 0.601796
RF_AE的BA值 ：-11.125015825779162
RF_AE :RMSD: 0.902214, P: 0.813151, R^2: 0.643447
RF_ECFP的BA值 ：-11.53730507031985
RF_ECFP :RMSD: 0.903873, P: 0.801841, R^2: 0.642135
RF_AE_BET的BA值    ：-11.186542227888737
RF_AE_BET    :RMSD: 0.913843, P: 0.806616, R^2: 0.634197
RF_AE_ECFP的BA值    ：-11.162075861261522
RF_AE_ECFP    :RMSD: 0.873872, P: 0.821928, R^2: 0.665497
RF_BET_ECFP的BA值    ：-11.222152903958769
RF_BET_ECFP    :RMSD: 0.909705, P: 0.801976, R^2: 0.637502
RF_AE_BET_ECFP的BA值    ：-11.1897738778989
RF_AE_BET_ECFP    :RMSD: 0.892266, P: 0.814059, R^2: 0.651267
fold= 8
>>>>>>>>>>>>>training.............
###############################################RF#####################################################
RF_BET的BA值：-11.04051013604628
RF_BET:RMSD: 0.902078, P: 0.752942, R^2: 0.560103
RF_AE的BA值 ：-11.155400912311071
RF_AE :RMSD: 0.961934, P: 0.708434, R^2: 0.499789
RF_ECFP的BA值 ：-11.34787266793219
RF_ECFP :RMSD: 0.927527, P: 0.735130, R^2: 0.534932
RF_AE_BET的BA值    ：-11.097955524178676
RF_AE_BET    :RMSD: 0.915627, P: 0.744894, R^2: 0.546789
RF_AE_ECFP的BA值    ：-11.25163679012163
RF_AE_ECFP    :RMSD: 0.913171, P: 0.742941, R^2: 0.549218
RF_BET_ECFP的BA值    ：-11.194191401989235
RF_BET_ECFP    :RMSD: 0.884520, P: 0.762784, R^2: 0.577060
RF_AE_BET_ECFP的BA值    ：-11.18126123876318
RF_AE_BET_ECFP    :RMSD: 0.895616, P: 0.756761, R^2: 0.566383
fold= 9
>>>>>>>>>>>>>training.............
###############################################RF#####################################################
RF_BET的BA值：-11.24068037932155
RF_BET:RMSD: 0.821267, P: 0.840821, R^2: 0.682881
RF_AE的BA值 ：-11.131956469244281
RF_AE :RMSD: 0.823199, P: 0.841643, R^2: 0.681387
RF_ECFP的BA值 ：-11.610720305161664
RF_ECFP :RMSD: 0.775740, P: 0.850499, R^2: 0.717065
RF_AE_BET的BA值    ：-11.156428536070894
RF_AE_BET    :RMSD: 0.812210, P: 0.848246, R^2: 0.689836
RF_AE_ECFP的BA值    ：-11.156529663284829
RF_AE_ECFP    :RMSD: 0.772546, P: 0.860890, R^2: 0.719390
RF_BET_ECFP的BA值    ：-11.207506125122844
RF_BET_ECFP    :RMSD: 0.777725, P: 0.856969, R^2: 0.715616
RF_AE_BET_ECFP的BA值    ：-11.173488108159523
RF_AE_BET_ECFP    :RMSD: 0.781136, P: 0.859342, R^2: 0.713115
fold= 10
>>>>>>>>>>>>>training.............
###############################################RF#####################################################
RF_BET的BA值：-11.50110040495719
RF_BET:RMSD: 0.939736, P: 0.732301, R^2: 0.528557
RF_AE的BA值 ：-11.074116315263325
RF_AE :RMSD: 1.015691, P: 0.713853, R^2: 0.449268
RF_ECFP的BA值 ：-11.690693657996402
RF_ECFP :RMSD: 0.899188, P: 0.755426, R^2: 0.568363
RF_AE_BET的BA值    ：-11.287608360110259
RF_AE_BET    :RMSD: 0.957654, P: 0.735695, R^2: 0.510408
RF_AE_ECFP的BA值    ：-11.382404986629863
RF_AE_ECFP    :RMSD: 0.921401, P: 0.752228, R^2: 0.546774
RF_BET_ECFP的BA值    ：-11.595897031476795
RF_BET_ECFP    :RMSD: 0.896065, P: 0.758093, R^2: 0.571356
RF_AE_BET_ECFP的BA值    ：-11.421970126072305
RF_AE_BET_ECFP    :RMSD: 0.916078, P: 0.753902, R^2: 0.551995
@@@@@@@@@@@@@@@@@@@@@@@@@@@@@@@@@@@@@@@@@@@最终结果@@@@@@@@@@@@@@@@@@@@@@@@@@@@@@@@@@@@@@@@@@@@@@@@@@
@@@@@@@@@@@@@@@@@@@@@@@@@@@@@@@@@@@@@@@@@@@最终结果@@@@@@@@@@@@@@@@@@@@@@@@@@@@@@@@@@@@@@@@@@@@@@@@@@
%%%%%%%%%%%%%%%%%%%%%%%%%%%%%%%%%%%%%%%%%%%RF%%%%%%%%%%%%%%%%%%%%%%%%%%%%%%%%%%%%%%%%%%%%%%%%%%%%%%
RF_BET:0-th Final RMSD: 0.884375, Final P: 0.797547, Final R^2: 0.623000
RF_AE :0-th Final RMSD: 0.929336, Final P: 0.775394, Final R^2: 0.583693
RF_ECFP :0-th Final RMSD: 0.863038, Final P: 0.801035, Final R^2: 0.640972
RF_AE_BET    :0-th Final RMSD: 0.888771, Final P: 0.800508, Final R^2: 0.619243
RF_AE_ECFP    :0-th Final RMSD: 0.861615, Final P: 0.809173, Final R^2: 0.642155
RF_BET_ECFP    :0-th Final RMSD: 0.849498, Final P: 0.812983, Final R^2: 0.652149
RF_AE_BET_ECFP    :0-th Final RMSD: 0.857979, Final P: 0.813271, Final R^2: 0.645169
0-th RF_AE的BA值 ：-11.377656
0-th RF_BET的BA值：-11.501100
0-th RF_ECFP的BA值 ：-11.690694
0-th RF_AE_BET的BA值：-11.364876
0-th RF_AE_ECFP的BA值    ：-11.452945
0-th RF_BET_ECFP的BA值    ：-11.595897
0-th RF_AE_BET_ECFP的BA值    ：-11.421970
total time: 10.526771601173612 h
