size of data: (237,)
size of train size: 189
RF parameter
Namespace(n_estimators=10000, dataset='CHEMBL2319', max_depth=7, min_samples_split=3, min_samples_leaf=1, criterion='mse', random_seed=0)
fold= 1
>>>>>>>>>>>>>training.............
###############################################RF#####################################################
RF_BET的BA值：-9.913433429269869
RF_BET:RMSD: 0.834464, P: 0.728449, R^2: 0.497711
RF_AE的BA值 ：-9.576946602087885
RF_AE :RMSD: 0.862356, P: 0.707719, R^2: 0.463571
RF_ECFP的BA值 ：-10.67886287441119
RF_ECFP :RMSD: 0.775283, P: 0.786835, R^2: 0.566430
RF_AE_BET的BA值    ：-9.683613614431305
RF_AE_BET    :RMSD: 0.826612, P: 0.742290, R^2: 0.507118
RF_AE_ECFP的BA值    ：-10.127904738249537
RF_AE_ECFP    :RMSD: 0.777623, P: 0.779196, R^2: 0.563809
RF_BET_ECFP的BA值    ：-10.234571750592957
RF_BET_ECFP    :RMSD: 0.763274, P: 0.789395, R^2: 0.579758
RF_AE_BET_ECFP的BA值    ：-10.015363367757933
RF_AE_BET_ECFP    :RMSD: 0.777549, P: 0.781306, R^2: 0.563892
fold= 2
>>>>>>>>>>>>>training.............
###############################################RF#####################################################
RF_BET的BA值：-9.109128224430398
RF_BET:RMSD: 0.934995, P: 0.685057, R^2: 0.430829
RF_AE的BA值 ：-9.32965762578841
RF_AE :RMSD: 1.091941, P: 0.495115, R^2: 0.223712
RF_ECFP的BA值 ：-9.709596009206708
RF_ECFP :RMSD: 0.900088, P: 0.703521, R^2: 0.472535
RF_AE_BET的BA值    ：-9.215557510824196
RF_AE_BET    :RMSD: 0.997584, P: 0.596109, R^2: 0.352077
RF_AE_ECFP的BA值    ：-9.51579140321235
RF_AE_ECFP    :RMSD: 0.971665, P: 0.622243, R^2: 0.385308
RF_BET_ECFP的BA值    ：-9.409362116818553
RF_BET_ECFP    :RMSD: 0.898112, P: 0.712316, R^2: 0.474848
RF_AE_BET_ECFP的BA值    ：-9.380237010285034
RF_AE_BET_ECFP    :RMSD: 0.949090, P: 0.650229, R^2: 0.413540
fold= 3
>>>>>>>>>>>>>training.............
###############################################RF#####################################################
RF_BET的BA值：-9.146887565399998
RF_BET:RMSD: 0.698425, P: 0.763767, R^2: 0.547451
RF_AE的BA值 ：-9.447338734567612
RF_AE :RMSD: 0.678226, P: 0.788588, R^2: 0.573249
RF_ECFP的BA值 ：-9.610587316930971
RF_ECFP :RMSD: 0.699982, P: 0.759056, R^2: 0.545431
RF_AE_BET的BA值    ：-9.280800048486991
RF_AE_BET    :RMSD: 0.660799, P: 0.819052, R^2: 0.594897
RF_AE_ECFP的BA值    ：-9.528963025749292
RF_AE_ECFP    :RMSD: 0.656568, P: 0.805141, R^2: 0.600068
RF_BET_ECFP的BA值    ：-9.36242433966867
RF_BET_ECFP    :RMSD: 0.655831, P: 0.807440, R^2: 0.600966
RF_AE_BET_ECFP的BA值    ：-9.390729137968318
RF_AE_BET_ECFP    :RMSD: 0.645811, P: 0.825300, R^2: 0.613066
fold= 4
>>>>>>>>>>>>>training.............
###############################################RF#####################################################
RF_BET的BA值：-9.101637601560668
RF_BET:RMSD: 0.974342, P: 0.725330, R^2: 0.489155
RF_AE的BA值 ：-9.40559926365216
RF_AE :RMSD: 1.111087, P: 0.579815, R^2: 0.335703
RF_ECFP的BA值 ：-9.516059529519534
RF_ECFP :RMSD: 1.057183, P: 0.682949, R^2: 0.398595
RF_AE_BET的BA值    ：-9.149147480681004
RF_AE_BET    :RMSD: 1.031919, P: 0.666232, R^2: 0.426996
RF_AE_ECFP的BA值    ：-9.44078760321942
RF_AE_ECFP    :RMSD: 1.055811, P: 0.648889, R^2: 0.400156
RF_BET_ECFP的BA值    ：-9.308848565540101
RF_BET_ECFP    :RMSD: 0.983699, P: 0.731264, R^2: 0.479296
RF_AE_BET_ECFP的BA值    ：-9.264912838092778
RF_AE_BET_ECFP    :RMSD: 1.015849, P: 0.688827, R^2: 0.444704
fold= 5
>>>>>>>>>>>>>training.............
###############################################RF#####################################################
RF_BET的BA值：-10.008603241796107
RF_BET:RMSD: 1.423020, P: 0.693173, R^2: 0.275027
RF_AE的BA值 ：-9.918637900532088
RF_AE :RMSD: 1.471846, P: 0.655985, R^2: 0.224424
RF_ECFP的BA值 ：-10.78446375060107
RF_ECFP :RMSD: 1.600575, P: 0.500298, R^2: 0.082825
RF_AE_BET的BA值    ：-9.963620571164098
RF_AE_BET    :RMSD: 1.443122, P: 0.682919, R^2: 0.254400
RF_AE_ECFP的BA值    ：-10.35155082556658
RF_AE_ECFP    :RMSD: 1.520311, P: 0.582066, R^2: 0.172506
RF_BET_ECFP的BA值    ：-10.39653349619859
RF_BET_ECFP    :RMSD: 1.492914, P: 0.604945, R^2: 0.202062
RF_AE_BET_ECFP的BA值    ：-10.237234964309756
RF_AE_BET_ECFP    :RMSD: 1.480908, P: 0.626790, R^2: 0.214844
fold= 6
>>>>>>>>>>>>>training.............
###############################################RF#####################################################
RF_BET的BA值：-9.827590564884499
RF_BET:RMSD: 0.760818, P: 0.824021, R^2: 0.571648
RF_AE的BA值 ：-9.743046287652888
RF_AE :RMSD: 0.830781, P: 0.748714, R^2: 0.489246
RF_ECFP的BA值 ：-10.538729536699869
RF_ECFP :RMSD: 0.867958, P: 0.714140, R^2: 0.442511
RF_AE_BET的BA值    ：-9.767342312645358
RF_AE_BET    :RMSD: 0.777974, P: 0.803289, R^2: 0.552111
RF_AE_ECFP的BA值    ：-10.12291179855304
RF_AE_ECFP    :RMSD: 0.824608, P: 0.737911, R^2: 0.496807
RF_BET_ECFP的BA值    ：-10.183160050792184
RF_BET_ECFP    :RMSD: 0.769982, P: 0.781805, R^2: 0.561267
RF_AE_BET_ECFP的BA值    ：-10.024471387330195
RF_AE_BET_ECFP    :RMSD: 0.781024, P: 0.777998, R^2: 0.548593
fold= 7
>>>>>>>>>>>>>training.............
###############################################RF#####################################################
RF_BET的BA值：-10.055109210712223
RF_BET:RMSD: 0.978237, P: 0.808907, R^2: 0.534850
RF_AE的BA值 ：-10.096056234683914
RF_AE :RMSD: 1.049299, P: 0.719711, R^2: 0.464816
RF_ECFP的BA值 ：-10.596147991178045
RF_ECFP :RMSD: 0.919069, P: 0.807042, R^2: 0.589417
RF_AE_BET的BA值    ：-10.07558272269807
RF_AE_BET    :RMSD: 0.997146, P: 0.791623, R^2: 0.516694
RF_AE_ECFP的BA值    ：-10.346102112930978
RF_AE_ECFP    :RMSD: 0.967232, P: 0.787003, R^2: 0.545257
RF_BET_ECFP的BA值    ：-10.325628600945134
RF_BET_ECFP    :RMSD: 0.928546, P: 0.831955, R^2: 0.580906
RF_AE_BET_ECFP的BA值    ：-10.24910447885806
RF_AE_BET_ECFP    :RMSD: 0.958325, P: 0.812176, R^2: 0.553594
fold= 8
>>>>>>>>>>>>>training.............
###############################################RF#####################################################
RF_BET的BA值：-10.173040354140726
RF_BET:RMSD: 1.001302, P: 0.680967, R^2: 0.442420
RF_AE的BA值 ：-9.960605481882201
RF_AE :RMSD: 1.054060, P: 0.647289, R^2: 0.382114
RF_ECFP的BA值 ：-10.281501776939837
RF_ECFP :RMSD: 0.851932, P: 0.774012, R^2: 0.596366
RF_AE_BET的BA值    ：-10.066822918011464
RF_AE_BET    :RMSD: 0.996422, P: 0.700216, R^2: 0.447841
RF_AE_ECFP的BA值    ：-10.12105362941102
RF_AE_ECFP    :RMSD: 0.919011, P: 0.744797, R^2: 0.530302
RF_BET_ECFP的BA值    ：-10.227271065540283
RF_BET_ECFP    :RMSD: 0.896527, P: 0.753851, R^2: 0.553003
RF_AE_BET_ECFP的BA值    ：-10.138382537654255
RF_AE_BET_ECFP    :RMSD: 0.926484, P: 0.743884, R^2: 0.522632
fold= 9
>>>>>>>>>>>>>training.............
###############################################RF#####################################################
RF_BET的BA值：-9.063559322455665
RF_BET:RMSD: 1.093276, P: 0.707997, R^2: 0.439937
RF_AE的BA值 ：-9.271401553513314
RF_AE :RMSD: 1.107385, P: 0.698020, R^2: 0.425388
RF_ECFP的BA值 ：-9.7351091212278
RF_ECFP :RMSD: 1.009770, P: 0.750940, R^2: 0.522227
RF_AE_BET的BA值    ：-9.110059929470541
RF_AE_BET    :RMSD: 1.093035, P: 0.713915, R^2: 0.440184
RF_AE_ECFP的BA值    ：-9.503255337370557
RF_AE_ECFP    :RMSD: 1.031530, P: 0.756143, R^2: 0.501413
RF_BET_ECFP的BA值    ：-9.341913713327784
RF_BET_ECFP    :RMSD: 1.026605, P: 0.762103, R^2: 0.506163
RF_AE_BET_ECFP的BA值    ：-9.318409660056295
RF_AE_BET_ECFP    :RMSD: 1.044010, P: 0.754036, R^2: 0.489276
fold= 10
>>>>>>>>>>>>>training.............
###############################################RF#####################################################
RF_BET的BA值：-9.687610079278196
RF_BET:RMSD: 0.877764, P: 0.681516, R^2: 0.338455
RF_AE的BA值 ：-9.649824635177023
RF_AE :RMSD: 0.909201, P: 0.657788, R^2: 0.290221
RF_ECFP的BA值 ：-10.146384651584295
RF_ECFP :RMSD: 0.980493, P: 0.572456, R^2: 0.174548
RF_AE_BET的BA值    ：-9.66871735722761
RF_AE_BET    :RMSD: 0.877821, P: 0.688774, R^2: 0.338370
RF_AE_ECFP的BA值    ：-9.898104643380659
RF_AE_ECFP    :RMSD: 0.925032, P: 0.627878, R^2: 0.265288
RF_BET_ECFP的BA值    ：-9.916997365431246
RF_BET_ECFP    :RMSD: 0.909578, P: 0.640366, R^2: 0.289632
RF_AE_BET_ECFP的BA值    ：-9.827939788679839
RF_AE_BET_ECFP    :RMSD: 0.897891, P: 0.657589, R^2: 0.307771
@@@@@@@@@@@@@@@@@@@@@@@@@@@@@@@@@@@@@@@@@@@最终结果@@@@@@@@@@@@@@@@@@@@@@@@@@@@@@@@@@@@@@@@@@@@@@@@@@
@@@@@@@@@@@@@@@@@@@@@@@@@@@@@@@@@@@@@@@@@@@最终结果@@@@@@@@@@@@@@@@@@@@@@@@@@@@@@@@@@@@@@@@@@@@@@@@@@
%%%%%%%%%%%%%%%%%%%%%%%%%%%%%%%%%%%%%%%%%%%RF%%%%%%%%%%%%%%%%%%%%%%%%%%%%%%%%%%%%%%%%%%%%%%%%%%%%%%
RF_BET:0-th Final RMSD: 0.976333, Final P: 0.701926, Final R^2: 0.468063
RF_AE :0-th Final RMSD: 1.037046, Final P: 0.641352, Final R^2: 0.399850
RF_ECFP :0-th Final RMSD: 0.994808, Final P: 0.671408, Final R^2: 0.447742
RF_AE_BET    :0-th Final RMSD: 0.990947, Final P: 0.693108, Final R^2: 0.452020
RF_AE_ECFP    :0-th Final RMSD: 0.989599, Final P: 0.678899, Final R^2: 0.453510
RF_BET_ECFP    :0-th Final RMSD: 0.956998, Final P: 0.708891, Final R^2: 0.488924
RF_AE_BET_ECFP    :0-th Final RMSD: 0.971264, Final P: 0.701625, Final R^2: 0.473573
0-th RF_AE的BA值 ：-10.096056
0-th RF_BET的BA值：-10.173040
0-th RF_ECFP的BA值 ：-10.784464
0-th RF_AE_BET的BA值：-10.075583
0-th RF_AE_ECFP的BA值    ：-10.351551
0-th RF_BET_ECFP的BA值    ：-10.396533
0-th RF_AE_BET_ECFP的BA值    ：-10.249104
total time: 1.4517292601532406 h
