size of data: (331,)
size of train size: 264
RF parameter
Namespace(n_estimators=10000, dataset='CHEMBL2085', max_depth=7, min_samples_split=3, min_samples_leaf=1, criterion='mse', random_seed=0)
fold= 1
>>>>>>>>>>>>>training.............
###############################################RF#####################################################
RF_BET的BA值：-8.234549480385484
RF_BET:RMSD: 0.747965, P: 0.566234, R^2: 0.112801
RF_AE的BA值 ：-8.381658339027508
RF_AE :RMSD: 0.793474, P: 0.520405, R^2: 0.001555
RF_ECFP的BA值 ：-8.801558069687314
RF_ECFP :RMSD: 0.822665, P: 0.351552, R^2: -0.073259
RF_AE_BET的BA值    ：-8.2694602963143
RF_AE_BET    :RMSD: 0.764555, P: 0.553431, R^2: 0.073008
RF_AE_ECFP的BA值    ：-8.35164787957138
RF_AE_ECFP    :RMSD: 0.783361, P: 0.455232, R^2: 0.026843
RF_BET_ECFP的BA值    ：-8.304929091288525
RF_BET_ECFP    :RMSD: 0.763658, P: 0.467304, R^2: 0.075181
RF_AE_BET_ECFP的BA值    ：-8.20704600771106
RF_AE_BET_ECFP    :RMSD: 0.764465, P: 0.498956, R^2: 0.073226
fold= 2
>>>>>>>>>>>>>training.............
###############################################RF#####################################################
RF_BET的BA值：-9.197281376878
RF_BET:RMSD: 0.879395, P: 0.757587, R^2: 0.456306
RF_AE的BA值 ：-8.734356142175574
RF_AE :RMSD: 0.975413, P: 0.682698, R^2: 0.331096
RF_ECFP的BA值 ：-10.025017309342285
RF_ECFP :RMSD: 0.852581, P: 0.710491, R^2: 0.488956
RF_AE_BET的BA值    ：-8.851608212150072
RF_AE_BET    :RMSD: 0.918588, P: 0.745135, R^2: 0.406763
RF_AE_ECFP的BA值    ：-9.37968672575893
RF_AE_ECFP    :RMSD: 0.880291, P: 0.721600, R^2: 0.455197
RF_BET_ECFP的BA值    ：-9.481851586782508
RF_BET_ECFP    :RMSD: 0.845413, P: 0.741233, R^2: 0.497513
RF_AE_BET_ECFP的BA值    ：-9.232686438580197
RF_AE_BET_ECFP    :RMSD: 0.874458, P: 0.741425, R^2: 0.462392
fold= 3
>>>>>>>>>>>>>training.............
###############################################RF#####################################################
RF_BET的BA值：-8.621129442828233
RF_BET:RMSD: 0.891463, P: 0.709932, R^2: 0.387894
RF_AE的BA值 ：-8.495927471656683
RF_AE :RMSD: 0.911051, P: 0.682967, R^2: 0.360700
RF_ECFP的BA值 ：-8.757826094387129
RF_ECFP :RMSD: 0.886244, P: 0.674360, R^2: 0.395041
RF_AE_BET的BA值    ：-8.558528457242458
RF_AE_BET    :RMSD: 0.893622, P: 0.723061, R^2: 0.384926
RF_AE_ECFP的BA值    ：-8.626876783021906
RF_AE_ECFP    :RMSD: 0.883705, P: 0.716786, R^2: 0.398502
RF_BET_ECFP的BA值    ：-8.68947776860768
RF_BET_ECFP    :RMSD: 0.873939, P: 0.728414, R^2: 0.411723
RF_AE_BET_ECFP的BA值    ：-8.624961002957349
RF_AE_BET_ECFP    :RMSD: 0.879578, P: 0.735989, R^2: 0.404108
fold= 4
>>>>>>>>>>>>>training.............
###############################################RF#####################################################
RF_BET的BA值：-9.65721733201078
RF_BET:RMSD: 0.794910, P: 0.679624, R^2: 0.446969
RF_AE的BA值 ：-9.427311008242958
RF_AE :RMSD: 0.870110, P: 0.600212, R^2: 0.337385
RF_ECFP的BA值 ：-9.83101642719731
RF_ECFP :RMSD: 0.746318, P: 0.731695, R^2: 0.512516
RF_AE_BET的BA值    ：-9.54226417012687
RF_AE_BET    :RMSD: 0.825311, P: 0.653031, R^2: 0.403860
RF_AE_ECFP的BA值    ：-9.629163717720134
RF_AE_ECFP    :RMSD: 0.801028, P: 0.682450, R^2: 0.438423
RF_BET_ECFP的BA值    ：-9.744116879604046
RF_BET_ECFP    :RMSD: 0.764586, P: 0.715428, R^2: 0.488358
RF_AE_BET_ECFP的BA值    ：-9.638514922483685
RF_AE_BET_ECFP    :RMSD: 0.794673, P: 0.688049, R^2: 0.447300
fold= 5
>>>>>>>>>>>>>training.............
###############################################RF#####################################################
RF_BET的BA值：-8.518985809455174
RF_BET:RMSD: 0.749049, P: 0.620284, R^2: 0.369025
RF_AE的BA值 ：-8.422967376186067
RF_AE :RMSD: 0.853759, P: 0.431780, R^2: 0.180287
RF_ECFP的BA值 ：-9.195526131512006
RF_ECFP :RMSD: 0.716553, P: 0.650909, R^2: 0.422585
RF_AE_BET的BA值    ：-8.357197968340216
RF_AE_BET    :RMSD: 0.789955, P: 0.553191, R^2: 0.298228
RF_AE_ECFP的BA值    ：-8.809246753849036
RF_AE_ECFP    :RMSD: 0.766072, P: 0.585843, R^2: 0.340021
RF_BET_ECFP的BA值    ：-8.739245396652727
RF_BET_ECFP    :RMSD: 0.717333, P: 0.657791, R^2: 0.421327
RF_AE_BET_ECFP的BA值    ：-8.633819389830506
RF_AE_BET_ECFP    :RMSD: 0.752656, P: 0.610844, R^2: 0.362934
fold= 6
>>>>>>>>>>>>>training.............
###############################################RF#####################################################
RF_BET的BA值：-9.000855606541311
RF_BET:RMSD: 0.829809, P: 0.634292, R^2: 0.285909
RF_AE的BA值 ：-8.515303899062038
RF_AE :RMSD: 0.901330, P: 0.601446, R^2: 0.157510
RF_ECFP的BA值 ：-9.746231499373547
RF_ECFP :RMSD: 0.892006, P: 0.573482, R^2: 0.174851
RF_AE_BET的BA值    ：-8.758079752801674
RF_AE_BET    :RMSD: 0.853017, P: 0.647769, R^2: 0.245407
RF_AE_ECFP的BA值    ：-9.130767699217792
RF_AE_ECFP    :RMSD: 0.871697, P: 0.609077, R^2: 0.211997
RF_BET_ECFP的BA值    ：-9.373543552957429
RF_BET_ECFP    :RMSD: 0.840486, P: 0.624580, R^2: 0.267416
RF_AE_BET_ECFP的BA值    ：-9.087463668325633
RF_AE_BET_ECFP    :RMSD: 0.848462, P: 0.635687, R^2: 0.253446
fold= 7
>>>>>>>>>>>>>training.............
###############################################RF#####################################################
RF_BET的BA值：-9.134535988432672
RF_BET:RMSD: 0.753677, P: 0.638130, R^2: 0.404030
RF_AE的BA值 ：-9.279012396843093
RF_AE :RMSD: 0.794978, P: 0.582597, R^2: 0.336924
RF_ECFP的BA值 ：-10.002637892740378
RF_ECFP :RMSD: 0.842686, P: 0.533293, R^2: 0.254951
RF_AE_BET的BA值    ：-9.206774192637884
RF_AE_BET    :RMSD: 0.763064, P: 0.626631, R^2: 0.389092
RF_AE_ECFP的BA值    ：-9.640825144791735
RF_AE_ECFP    :RMSD: 0.793780, P: 0.583451, R^2: 0.338921
RF_BET_ECFP的BA值    ：-9.568586940586524
RF_BET_ECFP    :RMSD: 0.778597, P: 0.603559, R^2: 0.363969
RF_AE_BET_ECFP的BA值    ：-9.472062092672047
RF_AE_BET_ECFP    :RMSD: 0.772019, P: 0.612486, R^2: 0.374670
fold= 8
>>>>>>>>>>>>>training.............
###############################################RF#####################################################
RF_BET的BA值：-9.589491830113955
RF_BET:RMSD: 0.808018, P: 0.771479, R^2: 0.547870
RF_AE的BA值 ：-9.364011951237467
RF_AE :RMSD: 0.804708, P: 0.770702, R^2: 0.551567
RF_ECFP的BA值 ：-9.847086751629956
RF_ECFP :RMSD: 0.765668, P: 0.784346, R^2: 0.594022
RF_AE_BET的BA值    ：-9.38511005250928
RF_AE_BET    :RMSD: 0.797005, P: 0.784165, R^2: 0.560111
RF_AE_ECFP的BA值    ：-9.603700449059293
RF_AE_ECFP    :RMSD: 0.771656, P: 0.788385, R^2: 0.587647
RF_BET_ECFP的BA值    ：-9.718289290871954
RF_BET_ECFP    :RMSD: 0.773733, P: 0.788296, R^2: 0.585424
RF_AE_BET_ECFP的BA值    ：-9.539102285549506
RF_AE_BET_ECFP    :RMSD: 0.776791, P: 0.790749, R^2: 0.582141
fold= 9
>>>>>>>>>>>>>training.............
###############################################RF#####################################################
RF_BET的BA值：-9.678545333012067
RF_BET:RMSD: 0.852377, P: 0.677286, R^2: 0.409074
RF_AE的BA值 ：-9.382746057973579
RF_AE :RMSD: 0.845672, P: 0.684376, R^2: 0.418334
RF_ECFP的BA值 ：-9.84592414632804
RF_ECFP :RMSD: 0.769476, P: 0.731656, R^2: 0.518430
RF_AE_BET的BA值    ：-9.530645695492822
RF_AE_BET    :RMSD: 0.838381, P: 0.699526, R^2: 0.428322
RF_AE_ECFP的BA值    ：-9.61433510215081
RF_AE_ECFP    :RMSD: 0.778515, P: 0.731807, R^2: 0.507050
RF_BET_ECFP的BA值    ：-9.762234739670053
RF_BET_ECFP    :RMSD: 0.780331, P: 0.732484, R^2: 0.504747
RF_AE_BET_ECFP的BA值    ：-9.635738512437895
RF_AE_BET_ECFP    :RMSD: 0.791464, P: 0.730362, R^2: 0.490515
fold= 10
>>>>>>>>>>>>>training.............
###############################################RF#####################################################
RF_BET的BA值：-8.810632323589328
RF_BET:RMSD: 0.981376, P: 0.634885, R^2: 0.362358
RF_AE的BA值 ：-8.978780076027071
RF_AE :RMSD: 1.058436, P: 0.527069, R^2: 0.258288
RF_ECFP的BA值 ：-8.927314787441588
RF_ECFP :RMSD: 1.010361, P: 0.578193, R^2: 0.324136
RF_AE_BET的BA值    ：-8.814537928631562
RF_AE_BET    :RMSD: 1.010712, P: 0.606082, R^2: 0.323666
RF_AE_ECFP的BA值    ：-8.743131987603748
RF_AE_ECFP    :RMSD: 1.017410, P: 0.578716, R^2: 0.314672
RF_BET_ECFP的BA值    ：-8.841651797057455
RF_BET_ECFP    :RMSD: 0.980901, P: 0.621436, R^2: 0.362974
RF_AE_BET_ECFP的BA值    ：-8.728436363297313
RF_AE_BET_ECFP    :RMSD: 0.998394, P: 0.609709, R^2: 0.340052
@@@@@@@@@@@@@@@@@@@@@@@@@@@@@@@@@@@@@@@@@@@最终结果@@@@@@@@@@@@@@@@@@@@@@@@@@@@@@@@@@@@@@@@@@@@@@@@@@
@@@@@@@@@@@@@@@@@@@@@@@@@@@@@@@@@@@@@@@@@@@最终结果@@@@@@@@@@@@@@@@@@@@@@@@@@@@@@@@@@@@@@@@@@@@@@@@@@
%%%%%%%%%%%%%%%%%%%%%%%%%%%%%%%%%%%%%%%%%%%RF%%%%%%%%%%%%%%%%%%%%%%%%%%%%%%%%%%%%%%%%%%%%%%%%%%%%%%
RF_BET:0-th Final RMSD: 0.831601, Final P: 0.667960, Final R^2: 0.416365
RF_AE :0-th Final RMSD: 0.884297, Final P: 0.597687, Final R^2: 0.340055
RF_ECFP :0-th Final RMSD: 0.834500, Final P: 0.642478, Final R^2: 0.412288
RF_AE_BET    :0-th Final RMSD: 0.848382, Final P: 0.653871, Final R^2: 0.392573
RF_AE_ECFP    :0-th Final RMSD: 0.837970, Final P: 0.648374, Final R^2: 0.407391
RF_BET_ECFP    :0-th Final RMSD: 0.814908, Final P: 0.674095, Final R^2: 0.439561
RF_AE_BET_ECFP    :0-th Final RMSD: 0.828261, Final P: 0.667192, Final R^2: 0.421043
0-th RF_AE的BA值 ：-9.427311
0-th RF_BET的BA值：-9.678545
0-th RF_ECFP的BA值 ：-10.025017
0-th RF_AE_BET的BA值：-9.542264
0-th RF_AE_ECFP的BA值    ：-9.640825
0-th RF_BET_ECFP的BA值    ：-9.762235
0-th RF_AE_BET_ECFP的BA值    ：-9.638515
total time: 2.182356006834242 h
