size of data: (579,)
size of train size: 463
RF parameter
Namespace(n_estimators=10000, dataset='CHEMBL3714079', max_depth=7, min_samples_split=3, min_samples_leaf=1, criterion='mse', random_seed=0)
fold= 1
>>>>>>>>>>>>>training.............
###############################################RF#####################################################
RF_BET的BA值：-14.541769034383437
RF_BET:RMSD: 2.187021, P: 0.614155, R^2: 0.346888
RF_AE的BA值 ：-13.895191103745878
RF_AE :RMSD: 2.287412, P: 0.572822, R^2: 0.285553
RF_ECFP的BA值 ：-14.790688636747271
RF_ECFP :RMSD: 2.226785, P: 0.582013, R^2: 0.322923
RF_AE_BET的BA值    ：-14.213721332297604
RF_AE_BET    :RMSD: 2.209893, P: 0.606567, R^2: 0.333157
RF_AE_ECFP的BA值    ：-14.301297006040578
RF_AE_ECFP    :RMSD: 2.202868, P: 0.599820, R^2: 0.337390
RF_BET_ECFP的BA值    ：-14.6487648443107
RF_BET_ECFP    :RMSD: 2.157289, P: 0.618423, R^2: 0.364526
RF_AE_BET_ECFP的BA值    ：-14.378281857643495
RF_AE_BET_ECFP    :RMSD: 2.175283, P: 0.614950, R^2: 0.353880
fold= 2
>>>>>>>>>>>>>training.............
###############################################RF#####################################################
RF_BET的BA值：-14.989182900632906
RF_BET:RMSD: 1.928177, P: 0.719901, R^2: 0.483295
RF_AE的BA值 ：-14.466247216853937
RF_AE :RMSD: 1.945216, P: 0.699902, R^2: 0.474123
RF_ECFP的BA值 ：-14.839408381918009
RF_ECFP :RMSD: 2.102085, P: 0.635413, R^2: 0.385886
RF_AE_BET的BA值    ：-14.72770065264546
RF_AE_BET    :RMSD: 1.920462, P: 0.716214, R^2: 0.487422
RF_AE_ECFP的BA值    ：-14.65281339328801
RF_AE_ECFP    :RMSD: 1.988148, P: 0.681111, R^2: 0.450653
RF_BET_ECFP的BA值    ：-14.914295641275459
RF_BET_ECFP    :RMSD: 1.983050, P: 0.689652, R^2: 0.453467
RF_AE_BET_ECFP的BA值    ：-14.764936562402974
RF_AE_BET_ECFP    :RMSD: 1.954286, P: 0.699572, R^2: 0.469207
fold= 3
>>>>>>>>>>>>>training.............
###############################################RF#####################################################
RF_BET的BA值：-14.681411729140551
RF_BET:RMSD: 1.939690, P: 0.701805, R^2: 0.472448
RF_AE的BA值 ：-14.194675023644729
RF_AE :RMSD: 1.768863, P: 0.758441, R^2: 0.561278
RF_ECFP的BA值 ：-14.619719333909796
RF_ECFP :RMSD: 1.914032, P: 0.706481, R^2: 0.486312
RF_AE_BET的BA值    ：-14.350500755483049
RF_AE_BET    :RMSD: 1.820126, P: 0.745134, R^2: 0.535480
RF_AE_ECFP的BA值    ：-14.407197178777263
RF_AE_ECFP    :RMSD: 1.788364, P: 0.758220, R^2: 0.551551
RF_BET_ECFP的BA值    ：-14.475003898909616
RF_BET_ECFP    :RMSD: 1.888519, P: 0.720649, R^2: 0.499915
RF_AE_BET_ECFP的BA值    ：-14.381560940487986
RF_AE_BET_ECFP    :RMSD: 1.818291, P: 0.747830, R^2: 0.536417
fold= 4
>>>>>>>>>>>>>training.............
###############################################RF#####################################################
RF_BET的BA值：-14.557483573202468
RF_BET:RMSD: 2.044931, P: 0.676818, R^2: 0.455050
RF_AE的BA值 ：-14.143598847944359
RF_AE :RMSD: 2.181142, P: 0.630879, R^2: 0.380035
RF_ECFP的BA值 ：-14.616910018858208
RF_ECFP :RMSD: 2.022055, P: 0.684292, R^2: 0.467174
RF_AE_BET的BA值    ：-14.334722221071111
RF_AE_BET    :RMSD: 2.076126, P: 0.670414, R^2: 0.438297
RF_AE_ECFP的BA值    ：-14.30795737101849
RF_AE_ECFP    :RMSD: 2.030540, P: 0.685656, R^2: 0.462693
RF_BET_ECFP的BA值    ：-14.501705018526412
RF_BET_ECFP    :RMSD: 1.974039, P: 0.705529, R^2: 0.492179
RF_AE_BET_ECFP的BA值    ：-14.377654186617724
RF_AE_BET_ECFP    :RMSD: 2.008124, P: 0.695609, R^2: 0.474491
fold= 5
>>>>>>>>>>>>>training.............
###############################################RF#####################################################
RF_BET的BA值：-14.32935362512384
RF_BET:RMSD: 1.882323, P: 0.666354, R^2: 0.440480
RF_AE的BA值 ：-14.312746503185998
RF_AE :RMSD: 1.783204, P: 0.709937, R^2: 0.497855
RF_ECFP的BA值 ：-14.771176866539813
RF_ECFP :RMSD: 1.900198, P: 0.670713, R^2: 0.429803
RF_AE_BET的BA值    ：-14.30950931284174
RF_AE_BET    :RMSD: 1.805331, P: 0.700817, R^2: 0.485316
RF_AE_ECFP的BA值    ：-14.541961684862905
RF_AE_ECFP    :RMSD: 1.806306, P: 0.704651, R^2: 0.484759
RF_BET_ECFP的BA值    ：-14.538724494518648
RF_BET_ECFP    :RMSD: 1.853072, P: 0.683807, R^2: 0.457735
RF_AE_BET_ECFP的BA值    ：-14.463398497407766
RF_AE_BET_ECFP    :RMSD: 1.810145, P: 0.701361, R^2: 0.482567
fold= 6
>>>>>>>>>>>>>training.............
###############################################RF#####################################################
RF_BET的BA值：-14.245912996948912
RF_BET:RMSD: 2.002140, P: 0.638485, R^2: 0.316440
RF_AE的BA值 ：-14.440730791242197
RF_AE :RMSD: 2.030254, P: 0.653581, R^2: 0.297108
RF_ECFP的BA值 ：-14.556864832882633
RF_ECFP :RMSD: 2.063665, P: 0.639971, R^2: 0.273784
RF_AE_BET的BA值    ：-14.295292176851401
RF_AE_BET    :RMSD: 1.988971, P: 0.656226, R^2: 0.325403
RF_AE_ECFP的BA值    ：-14.400266458390714
RF_AE_ECFP    :RMSD: 2.002638, P: 0.661804, R^2: 0.316100
RF_BET_ECFP的BA值    ：-14.337559783022542
RF_BET_ECFP    :RMSD: 1.988970, P: 0.654016, R^2: 0.325404
RF_AE_BET_ECFP的BA值    ：-14.27028472032149
RF_AE_BET_ECFP    :RMSD: 1.980489, P: 0.662139, R^2: 0.331144
fold= 7
>>>>>>>>>>>>>training.............
###############################################RF#####################################################
RF_BET的BA值：-14.78449762512733
RF_BET:RMSD: 1.850765, P: 0.808472, R^2: 0.615019
RF_AE的BA值 ：-14.079714364187652
RF_AE :RMSD: 1.912335, P: 0.807360, R^2: 0.588978
RF_ECFP的BA值 ：-14.612377316971513
RF_ECFP :RMSD: 1.937581, P: 0.768764, R^2: 0.578054
RF_AE_BET的BA值    ：-14.37739368315793
RF_AE_BET    :RMSD: 1.855671, P: 0.819194, R^2: 0.612975
RF_AE_ECFP的BA值    ：-14.304379699781657
RF_AE_ECFP    :RMSD: 1.873575, P: 0.806691, R^2: 0.605470
RF_BET_ECFP的BA值    ：-14.693011217586061
RF_BET_ECFP    :RMSD: 1.844608, P: 0.807470, R^2: 0.617576
RF_AE_BET_ECFP的BA值    ：-14.452104058786885
RF_AE_BET_ECFP    :RMSD: 1.843576, P: 0.817088, R^2: 0.618004
fold= 8
>>>>>>>>>>>>>training.............
###############################################RF#####################################################
RF_BET的BA值：-14.746987386738175
RF_BET:RMSD: 2.132511, P: 0.731881, R^2: 0.507232
RF_AE的BA值 ：-14.73903307896811
RF_AE :RMSD: 2.109749, P: 0.736291, R^2: 0.517696
RF_ECFP的BA值 ：-14.73200558197035
RF_ECFP :RMSD: 2.137268, P: 0.722098, R^2: 0.505032
RF_AE_BET的BA值    ：-14.743010232853141
RF_AE_BET    :RMSD: 2.081083, P: 0.751946, R^2: 0.530713
RF_AE_ECFP的BA值    ：-14.706813688373538
RF_AE_ECFP    :RMSD: 2.057545, P: 0.759762, R^2: 0.541269
RF_BET_ECFP的BA值    ：-14.710790842258572
RF_BET_ECFP    :RMSD: 2.095798, P: 0.743868, R^2: 0.524053
RF_AE_BET_ECFP的BA值    ：-14.720204921161752
RF_AE_BET_ECFP    :RMSD: 2.061836, P: 0.759400, R^2: 0.539354
fold= 9
>>>>>>>>>>>>>training.............
###############################################RF#####################################################
RF_BET的BA值：-14.779891679357624
RF_BET:RMSD: 1.818944, P: 0.716616, R^2: 0.503685
RF_AE的BA值 ：-14.132534334679388
RF_AE :RMSD: 1.856901, P: 0.702778, R^2: 0.482755
RF_ECFP的BA值 ：-14.70900792424957
RF_ECFP :RMSD: 2.105620, P: 0.591998, R^2: 0.334913
RF_AE_BET的BA值    ：-14.44163662443967
RF_AE_BET    :RMSD: 1.796934, P: 0.727123, R^2: 0.515624
RF_AE_ECFP的BA值    ：-14.359450670481767
RF_AE_ECFP    :RMSD: 1.939650, P: 0.664654, R^2: 0.435628
RF_BET_ECFP的BA值    ：-14.254005896215673
RF_BET_ECFP    :RMSD: 1.918920, P: 0.672348, R^2: 0.447627
RF_AE_BET_ECFP的BA值    ：-14.192405008548002
RF_AE_BET_ECFP    :RMSD: 1.870935, P: 0.694322, R^2: 0.474907
fold= 10
>>>>>>>>>>>>>training.............
###############################################RF#####################################################
RF_BET的BA值：-14.066178785043496
RF_BET:RMSD: 2.077006, P: 0.697359, R^2: 0.425530
RF_AE的BA值 ：-14.09686423390513
RF_AE :RMSD: 2.152040, P: 0.683793, R^2: 0.383274
RF_ECFP的BA值 ：-14.781333652831552
RF_ECFP :RMSD: 2.095125, P: 0.653147, R^2: 0.415464
RF_AE_BET的BA值    ：-13.828586314526884
RF_AE_BET    :RMSD: 2.060538, P: 0.722986, R^2: 0.434604
RF_AE_ECFP的BA值    ：-14.439098943368341
RF_AE_ECFP    :RMSD: 2.021307, P: 0.701986, R^2: 0.455928
RF_BET_ECFP的BA值    ：-14.397153231294503
RF_BET_ECFP    :RMSD: 2.017780, P: 0.695274, R^2: 0.457825
RF_AE_BET_ECFP的BA值    ：-14.116500022095721
RF_AE_BET_ECFP    :RMSD: 2.007679, P: 0.716880, R^2: 0.463240
@@@@@@@@@@@@@@@@@@@@@@@@@@@@@@@@@@@@@@@@@@@最终结果@@@@@@@@@@@@@@@@@@@@@@@@@@@@@@@@@@@@@@@@@@@@@@@@@@
@@@@@@@@@@@@@@@@@@@@@@@@@@@@@@@@@@@@@@@@@@@最终结果@@@@@@@@@@@@@@@@@@@@@@@@@@@@@@@@@@@@@@@@@@@@@@@@@@
%%%%%%%%%%%%%%%%%%%%%%%%%%%%%%%%%%%%%%%%%%%RF%%%%%%%%%%%%%%%%%%%%%%%%%%%%%%%%%%%%%%%%%%%%%%%%%%%%%%
RF_BET:0-th Final RMSD: 1.989625, Final P: 0.692873, Final R^2: 0.477230
RF_AE :0-th Final RMSD: 2.009510, Final P: 0.685114, Final R^2: 0.466729
RF_ECFP :0-th Final RMSD: 2.052835, Final P: 0.666786, Final R^2: 0.443486
RF_AE_BET    :0-th Final RMSD: 1.966032, Final P: 0.704107, Final R^2: 0.489555
RF_AE_ECFP    :0-th Final RMSD: 1.974550, Final P: 0.699209, Final R^2: 0.485122
RF_BET_ECFP    :0-th Final RMSD: 1.974468, Final P: 0.698889, Final R^2: 0.485165
RF_AE_BET_ECFP    :0-th Final RMSD: 1.956180, Final P: 0.707632, Final R^2: 0.494658
0-th RF_AE的BA值 ：-14.739033
0-th RF_BET的BA值：-14.989183
0-th RF_ECFP的BA值 ：-14.839408
0-th RF_AE_BET的BA值：-14.743010
0-th RF_AE_ECFP的BA值    ：-14.706814
0-th RF_BET_ECFP的BA值    ：-14.914296
0-th RF_AE_BET_ECFP的BA值    ：-14.764937
total time: 3.856353563202752 h
