size of data: (805,)
size of train size: 644
RF parameter
Namespace(n_estimators=10000, dataset='CHEMBL1741213', max_depth=7, min_samples_split=3, min_samples_leaf=1, criterion='mse', random_seed=0)
fold= 1
>>>>>>>>>>>>>training.............
###############################################RF#####################################################
RF_BET的BA值：-7.863557131502013
RF_BET:RMSD: 0.535020, P: 0.382134, R^2: 0.125903
RF_AE的BA值 ：-7.833144704174284
RF_AE :RMSD: 0.538357, P: 0.346771, R^2: 0.114965
RF_ECFP的BA值 ：-7.967737479649051
RF_ECFP :RMSD: 0.533725, P: 0.361835, R^2: 0.130130
RF_AE_BET的BA值    ：-7.8483509178381485
RF_AE_BET    :RMSD: 0.534200, P: 0.385417, R^2: 0.128581
RF_AE_ECFP的BA值    ：-7.899861308934083
RF_AE_ECFP    :RMSD: 0.530672, P: 0.381001, R^2: 0.140053
RF_BET_ECFP的BA值    ：-7.915067522597948
RF_BET_ECFP    :RMSD: 0.527876, P: 0.402232, R^2: 0.149091
RF_AE_BET_ECFP的BA值    ：-7.8877599164567265
RF_AE_BET_ECFP    :RMSD: 0.529319, P: 0.400742, R^2: 0.144433
fold= 2
>>>>>>>>>>>>>training.............
###############################################RF#####################################################
RF_BET的BA值：-7.650327774536499
RF_BET:RMSD: 0.528732, P: -0.035860, R^2: -0.153566
RF_AE的BA值 ：-7.817711298365664
RF_AE :RMSD: 0.543217, P: -0.080220, R^2: -0.217638
RF_ECFP的BA值 ：-7.692435265448819
RF_ECFP :RMSD: 0.507525, P: 0.046626, R^2: -0.062885
RF_AE_BET的BA值    ：-7.687768860693405
RF_AE_BET    :RMSD: 0.533097, P: -0.064177, R^2: -0.172694
RF_AE_ECFP的BA值    ：-7.751896709469559
RF_AE_ECFP    :RMSD: 0.521435, P: -0.035716, R^2: -0.121944
RF_BET_ECFP的BA值    ：-7.630902576369772
RF_BET_ECFP    :RMSD: 0.515078, P: -0.002398, R^2: -0.094758
RF_AE_BET_ECFP的BA值    ：-7.687206613986755
RF_AE_BET_ECFP    :RMSD: 0.522105, P: -0.038302, R^2: -0.124832
fold= 3
>>>>>>>>>>>>>training.............
###############################################RF#####################################################
RF_BET的BA值：-8.021495711383476
RF_BET:RMSD: 0.436129, P: 0.512418, R^2: 0.216763
RF_AE的BA值 ：-7.9278186436431755
RF_AE :RMSD: 0.438091, P: 0.505841, R^2: 0.209698
RF_ECFP的BA值 ：-8.115643313743098
RF_ECFP :RMSD: 0.434347, P: 0.501742, R^2: 0.223150
RF_AE_BET的BA值    ：-7.9746571775133255
RF_AE_BET    :RMSD: 0.435422, P: 0.523765, R^2: 0.219297
RF_AE_ECFP的BA值    ：-8.007454215804998
RF_AE_ECFP    :RMSD: 0.432230, P: 0.537043, R^2: 0.230703
RF_BET_ECFP的BA值    ：-8.054292749675149
RF_BET_ECFP    :RMSD: 0.432201, P: 0.534503, R^2: 0.230808
RF_AE_BET_ECFP的BA值    ：-8.012134714331157
RF_AE_BET_ECFP    :RMSD: 0.432315, P: 0.541241, R^2: 0.230403
fold= 4
>>>>>>>>>>>>>training.............
###############################################RF#####################################################
RF_BET的BA值：-8.023766917814418
RF_BET:RMSD: 0.491729, P: 0.372032, R^2: 0.126835
RF_AE的BA值 ：-8.054950094466156
RF_AE :RMSD: 0.484797, P: 0.405871, R^2: 0.151280
RF_ECFP的BA值 ：-8.135856584022314
RF_ECFP :RMSD: 0.496184, P: 0.347992, R^2: 0.110942
RF_AE_BET的BA值    ：-8.039358506140287
RF_AE_BET    :RMSD: 0.485693, P: 0.413147, R^2: 0.148142
RF_AE_ECFP的BA值    ：-8.065717857348021
RF_AE_ECFP    :RMSD: 0.485498, P: 0.412552, R^2: 0.148825
RF_BET_ECFP的BA值    ：-8.050126269022153
RF_BET_ECFP    :RMSD: 0.488463, P: 0.402763, R^2: 0.138397
RF_AE_BET_ECFP的BA值    ：-8.05173421083682
RF_AE_BET_ECFP    :RMSD: 0.485087, P: 0.423869, R^2: 0.150266
fold= 5
>>>>>>>>>>>>>training.............
###############################################RF#####################################################
RF_BET的BA值：-8.070875750447941
RF_BET:RMSD: 0.487790, P: 0.191701, R^2: -0.038438
RF_AE的BA值 ：-8.061059188195093
RF_AE :RMSD: 0.489002, P: 0.172699, R^2: -0.043605
RF_ECFP的BA值 ：-8.014724596263388
RF_ECFP :RMSD: 0.502495, P: 0.114673, R^2: -0.101991
RF_AE_BET的BA值    ：-8.065967469321517
RF_AE_BET    :RMSD: 0.486008, P: 0.189531, R^2: -0.030864
RF_AE_ECFP的BA值    ：-8.03789189222924
RF_AE_ECFP    :RMSD: 0.492301, P: 0.150411, R^2: -0.057732
RF_BET_ECFP的BA值    ：-8.042800173355666
RF_BET_ECFP    :RMSD: 0.492061, P: 0.156634, R^2: -0.056703
RF_AE_BET_ECFP的BA值    ：-8.048886511635475
RF_AE_BET_ECFP    :RMSD: 0.489125, P: 0.167906, R^2: -0.044129
fold= 6
>>>>>>>>>>>>>training.............
###############################################RF#####################################################
RF_BET的BA值：-7.933802463546919
RF_BET:RMSD: 0.576450, P: 0.291128, R^2: 0.083471
RF_AE的BA值 ：-7.890250059571849
RF_AE :RMSD: 0.564511, P: 0.352510, R^2: 0.121045
RF_ECFP的BA值 ：-8.146917935853036
RF_ECFP :RMSD: 0.576916, P: 0.288137, R^2: 0.081989
RF_AE_BET的BA值    ：-7.912026261559384
RF_AE_BET    :RMSD: 0.568616, P: 0.334412, R^2: 0.108215
RF_AE_ECFP的BA值    ：-7.960168179523208
RF_AE_ECFP    :RMSD: 0.565849, P: 0.347123, R^2: 0.116873
RF_BET_ECFP的BA值    ：-7.990254530701686
RF_BET_ECFP    :RMSD: 0.573696, P: 0.304949, R^2: 0.092208
RF_AE_BET_ECFP的BA值    ：-7.938702411322697
RF_AE_BET_ECFP    :RMSD: 0.568306, P: 0.335829, R^2: 0.109187
fold= 7
>>>>>>>>>>>>>training.............
###############################################RF#####################################################
RF_BET的BA值：-7.916791582301103
RF_BET:RMSD: 0.477624, P: 0.368735, R^2: 0.053633
RF_AE的BA值 ：-7.880522027493517
RF_AE :RMSD: 0.481513, P: 0.338008, R^2: 0.038159
RF_ECFP的BA值 ：-8.057718188133085
RF_ECFP :RMSD: 0.486117, P: 0.269337, R^2: 0.019677
RF_AE_BET的BA值    ：-7.8330472275523135
RF_AE_BET    :RMSD: 0.477841, P: 0.369871, R^2: 0.052775
RF_AE_ECFP的BA值    ：-7.903510530468305
RF_AE_ECFP    :RMSD: 0.480042, P: 0.339556, R^2: 0.044028
RF_BET_ECFP的BA值    ：-7.987254885217094
RF_BET_ECFP    :RMSD: 0.479026, P: 0.348024, R^2: 0.048068
RF_AE_BET_ECFP的BA值    ：-7.907937547745905
RF_AE_BET_ECFP    :RMSD: 0.478036, P: 0.363616, R^2: 0.052002
fold= 8
>>>>>>>>>>>>>training.............
###############################################RF#####################################################
RF_BET的BA值：-7.784727318286126
RF_BET:RMSD: 0.402200, P: 0.579037, R^2: 0.273792
RF_AE的BA值 ：-7.690149216647374
RF_AE :RMSD: 0.424082, P: 0.493046, R^2: 0.192623
RF_ECFP的BA值 ：-7.912968239921902
RF_ECFP :RMSD: 0.416917, P: 0.486629, R^2: 0.219676
RF_AE_BET的BA值    ：-7.735089688831806
RF_AE_BET    :RMSD: 0.410817, P: 0.559486, R^2: 0.242341
RF_AE_ECFP的BA值    ：-7.799735774738589
RF_AE_ECFP    :RMSD: 0.417405, P: 0.511869, R^2: 0.217849
RF_BET_ECFP的BA值    ：-7.820230370941189
RF_BET_ECFP    :RMSD: 0.406238, P: 0.559246, R^2: 0.259140
RF_AE_BET_ECFP的BA值    ：-7.769933035341606
RF_AE_BET_ECFP    :RMSD: 0.410511, P: 0.552554, R^2: 0.243470
fold= 9
>>>>>>>>>>>>>training.............
###############################################RF#####################################################
RF_BET的BA值：-7.905545485814785
RF_BET:RMSD: 0.515339, P: 0.471298, R^2: 0.183297
RF_AE的BA值 ：-7.907038527708793
RF_AE :RMSD: 0.511993, P: 0.484115, R^2: 0.193870
RF_ECFP的BA值 ：-8.153271588120676
RF_ECFP :RMSD: 0.516129, P: 0.441060, R^2: 0.180792
RF_AE_BET的BA值    ：-7.906292006761789
RF_AE_BET    :RMSD: 0.512440, P: 0.489877, R^2: 0.192459
RF_AE_ECFP的BA值    ：-8.030155057914735
RF_AE_ECFP    :RMSD: 0.510006, P: 0.494774, R^2: 0.200113
RF_BET_ECFP的BA值    ：-8.02940853696773
RF_BET_ECFP    :RMSD: 0.511899, P: 0.486456, R^2: 0.194165
RF_AE_BET_ECFP的BA值    ：-7.988618533881418
RF_AE_BET_ECFP    :RMSD: 0.510432, P: 0.500462, R^2: 0.198776
fold= 10
>>>>>>>>>>>>>training.............
###############################################RF#####################################################
RF_BET的BA值：-7.860822005740956
RF_BET:RMSD: 0.465334, P: 0.341120, R^2: 0.095606
RF_AE的BA值 ：-7.826380057766363
RF_AE :RMSD: 0.460595, P: 0.406117, R^2: 0.113936
RF_ECFP的BA值 ：-7.950650575726345
RF_ECFP :RMSD: 0.436899, P: 0.482044, R^2: 0.202760
RF_AE_BET的BA值    ：-7.830805553582741
RF_AE_BET    :RMSD: 0.460354, P: 0.397060, R^2: 0.114860
RF_AE_ECFP的BA值    ：-7.880526917281619
RF_AE_ECFP    :RMSD: 0.443168, P: 0.504865, R^2: 0.179715
RF_BET_ECFP的BA值    ：-7.87840080800739
RF_BET_ECFP    :RMSD: 0.444163, P: 0.484595, R^2: 0.176030
RF_AE_BET_ECFP的BA值    ：-7.861060557927047
RF_AE_BET_ECFP    :RMSD: 0.447568, P: 0.484857, R^2: 0.163346
@@@@@@@@@@@@@@@@@@@@@@@@@@@@@@@@@@@@@@@@@@@最终结果@@@@@@@@@@@@@@@@@@@@@@@@@@@@@@@@@@@@@@@@@@@@@@@@@@
@@@@@@@@@@@@@@@@@@@@@@@@@@@@@@@@@@@@@@@@@@@最终结果@@@@@@@@@@@@@@@@@@@@@@@@@@@@@@@@@@@@@@@@@@@@@@@@@@
%%%%%%%%%%%%%%%%%%%%%%%%%%%%%%%%%%%%%%%%%%%RF%%%%%%%%%%%%%%%%%%%%%%%%%%%%%%%%%%%%%%%%%%%%%%%%%%%%%%
RF_BET:0-th Final RMSD: 0.493988, Final P: 0.342159, Final R^2: 0.113600
RF_AE :0-th Final RMSD: 0.495574, Final P: 0.331195, Final R^2: 0.107900
RF_ECFP :0-th Final RMSD: 0.492972, Final P: 0.342931, Final R^2: 0.117241
RF_AE_BET    :0-th Final RMSD: 0.492588, Final P: 0.352818, Final R^2: 0.118617
RF_AE_ECFP    :0-th Final RMSD: 0.489896, Final P: 0.366594, Final R^2: 0.128223
RF_BET_ECFP    :0-th Final RMSD: 0.489346, Final P: 0.371969, Final R^2: 0.130180
RF_AE_BET_ECFP    :0-th Final RMSD: 0.489418, Final P: 0.373762, Final R^2: 0.129926
0-th RF_AE的BA值 ：-8.061059
0-th RF_BET的BA值：-8.070876
0-th RF_ECFP的BA值 ：-8.153272
0-th RF_AE_BET的BA值：-8.065967
0-th RF_AE_ECFP的BA值    ：-8.065718
0-th RF_BET_ECFP的BA值    ：-8.054293
0-th RF_AE_BET_ECFP的BA值    ：-8.051734
total time: 6.2176663627227144 h
