size of data: (547,)
size of train size: 437
RF parameter
Namespace(n_estimators=10000, dataset='CHEMBL5314', max_depth=7, min_samples_split=3, min_samples_leaf=1, criterion='mse', random_seed=0)
fold= 1
>>>>>>>>>>>>>training.............
###############################################RF#####################################################
RF_BET的BA值：-10.592754267761332
RF_BET:RMSD: 0.966882, P: 0.840970, R^2: 0.636285
RF_AE的BA值 ：-10.745597611323479
RF_AE :RMSD: 1.115983, P: 0.832326, R^2: 0.515461
RF_ECFP的BA值 ：-11.064238803454858
RF_ECFP :RMSD: 1.044504, P: 0.759637, R^2: 0.575542
RF_AE_BET的BA值    ：-10.669175939542406
RF_AE_BET    :RMSD: 1.019002, P: 0.856010, R^2: 0.596016
RF_AE_ECFP的BA值    ：-10.90491820738917
RF_AE_ECFP    :RMSD: 1.019169, P: 0.815179, R^2: 0.595884
RF_BET_ECFP的BA值    ：-10.828496535608096
RF_BET_ECFP    :RMSD: 0.966691, P: 0.818079, R^2: 0.636429
RF_AE_BET_ECFP的BA值    ：-10.800863560846556
RF_AE_BET_ECFP    :RMSD: 0.987420, P: 0.837086, R^2: 0.620670
fold= 2
>>>>>>>>>>>>>training.............
###############################################RF#####################################################
RF_BET的BA值：-10.38463275427508
RF_BET:RMSD: 0.966250, P: 0.728724, R^2: 0.507698
RF_AE的BA值 ：-10.418052405513961
RF_AE :RMSD: 0.966260, P: 0.760328, R^2: 0.507687
RF_ECFP的BA值 ：-11.614764259418573
RF_ECFP :RMSD: 0.843766, P: 0.797274, R^2: 0.624598
RF_AE_BET的BA值    ：-10.376342769056006
RF_AE_BET    :RMSD: 0.943995, P: 0.763328, R^2: 0.530115
RF_AE_ECFP的BA值    ：-10.7012104062247
RF_AE_ECFP    :RMSD: 0.846425, P: 0.818931, R^2: 0.622228
RF_BET_ECFP的BA值    ：-10.531272232928522
RF_BET_ECFP    :RMSD: 0.868427, P: 0.794357, R^2: 0.602333
RF_AE_BET_ECFP的BA值    ：-10.339914314999605
RF_AE_BET_ECFP    :RMSD: 0.873541, P: 0.803992, R^2: 0.597636
fold= 3
>>>>>>>>>>>>>training.............
###############################################RF#####################################################
RF_BET的BA值：-11.129176992897285
RF_BET:RMSD: 0.975070, P: 0.771059, R^2: 0.570327
RF_AE的BA值 ：-10.589943918314775
RF_AE :RMSD: 0.960782, P: 0.815662, R^2: 0.582827
RF_ECFP的BA值 ：-11.140073013751072
RF_ECFP :RMSD: 0.898041, P: 0.818069, R^2: 0.635532
RF_AE_BET的BA值    ：-10.85956045560603
RF_AE_BET    :RMSD: 0.925489, P: 0.820165, R^2: 0.612913
RF_AE_ECFP的BA值    ：-10.806050168407982
RF_AE_ECFP    :RMSD: 0.882678, P: 0.846717, R^2: 0.647896
RF_BET_ECFP的BA值    ：-11.126130831274754
RF_BET_ECFP    :RMSD: 0.894574, P: 0.823241, R^2: 0.638341
RF_AE_BET_ECFP的BA值    ：-10.913759109904417
RF_AE_BET_ECFP    :RMSD: 0.885896, P: 0.840292, R^2: 0.645324
fold= 4
>>>>>>>>>>>>>training.............
###############################################RF#####################################################
RF_BET的BA值：-10.988850138057499
RF_BET:RMSD: 1.165762, P: 0.543479, R^2: 0.249835
RF_AE的BA值 ：-9.38888761854779
RF_AE :RMSD: 1.557357, P: 0.299157, R^2: -0.338793
RF_ECFP的BA值 ：-11.320409481798688
RF_ECFP :RMSD: 1.143334, P: 0.548165, R^2: 0.278423
RF_AE_BET的BA值    ：-10.049608799097108
RF_AE_BET    :RMSD: 1.316971, P: 0.461877, R^2: 0.042610
RF_AE_ECFP的BA值    ：-10.215388470967701
RF_AE_ECFP    :RMSD: 1.268204, P: 0.481038, R^2: 0.112200
RF_BET_ECFP的BA值    ：-11.154629809928092
RF_BET_ECFP    :RMSD: 1.127205, P: 0.565314, R^2: 0.298638
RF_AE_BET_ECFP的BA值    ：-10.4732090266643
RF_AE_BET_ECFP    :RMSD: 1.218460, P: 0.517847, R^2: 0.180481
fold= 5
>>>>>>>>>>>>>training.............
###############################################RF#####################################################
RF_BET的BA值：-11.116002236687756
RF_BET:RMSD: 0.957286, P: 0.829864, R^2: 0.614382
RF_AE的BA值 ：-10.966370372576222
RF_AE :RMSD: 1.196487, P: 0.757514, R^2: 0.397594
RF_ECFP的BA值 ：-11.217182446900976
RF_ECFP :RMSD: 1.066624, P: 0.742271, R^2: 0.521264
RF_AE_BET的BA值    ：-11.041186304631989
RF_AE_BET    :RMSD: 1.061590, P: 0.811286, R^2: 0.525772
RF_AE_ECFP的BA值    ：-11.0917764097386
RF_AE_ECFP    :RMSD: 1.083772, P: 0.780138, R^2: 0.505747
RF_BET_ECFP的BA值    ：-11.166592341794367
RF_BET_ECFP    :RMSD: 0.975816, P: 0.811179, R^2: 0.599310
RF_AE_BET_ECFP的BA值    ：-11.099851685388318
RF_AE_BET_ECFP    :RMSD: 1.028988, P: 0.810460, R^2: 0.554453
fold= 6
>>>>>>>>>>>>>training.............
###############################################RF#####################################################
RF_BET的BA值：-10.930921989260302
RF_BET:RMSD: 1.049010, P: 0.713407, R^2: 0.500592
RF_AE的BA值 ：-10.817187635984554
RF_AE :RMSD: 1.050443, P: 0.772809, R^2: 0.499227
RF_ECFP的BA值 ：-11.347831472868263
RF_ECFP :RMSD: 1.145095, P: 0.641943, R^2: 0.404915
RF_AE_BET的BA值    ：-10.874054812622429
RF_AE_BET    :RMSD: 1.025469, P: 0.757877, R^2: 0.522756
RF_AE_ECFP的BA值    ：-10.958982277339697
RF_AE_ECFP    :RMSD: 1.049701, P: 0.723570, R^2: 0.499934
RF_BET_ECFP的BA值    ：-11.01584945397757
RF_BET_ECFP    :RMSD: 1.059582, P: 0.702213, R^2: 0.490475
RF_AE_BET_ECFP的BA值    ：-10.949628847979897
RF_AE_BET_ECFP    :RMSD: 1.032236, P: 0.735873, R^2: 0.516436
fold= 7
>>>>>>>>>>>>>training.............
###############################################RF#####################################################
RF_BET的BA值：-10.992666499561492
RF_BET:RMSD: 0.780227, P: 0.893112, R^2: 0.747126
RF_AE的BA值 ：-10.696248956213344
RF_AE :RMSD: 0.971112, P: 0.862259, R^2: 0.608257
RF_ECFP的BA值 ：-10.673795355760197
RF_ECFP :RMSD: 0.876167, P: 0.839763, R^2: 0.681113
RF_AE_BET的BA值    ：-10.803597702376406
RF_AE_BET    :RMSD: 0.847610, P: 0.899915, R^2: 0.701561
RF_AE_ECFP的BA值    ：-10.633564310000256
RF_AE_ECFP    :RMSD: 0.879791, P: 0.872006, R^2: 0.678470
RF_BET_ECFP的BA值    ：-10.716885287090555
RF_BET_ECFP    :RMSD: 0.787255, P: 0.892178, R^2: 0.742550
RF_AE_BET_ECFP的BA值    ：-10.697236390229639
RF_AE_BET_ECFP    :RMSD: 0.825261, P: 0.896713, R^2: 0.717092
fold= 8
>>>>>>>>>>>>>training.............
###############################################RF#####################################################
RF_BET的BA值：-10.78455314122454
RF_BET:RMSD: 0.871567, P: 0.754381, R^2: 0.535779
RF_AE的BA值 ：-10.815682385320267
RF_AE :RMSD: 0.978995, P: 0.755205, R^2: 0.414289
RF_ECFP的BA值 ：-10.90979416271006
RF_ECFP :RMSD: 0.943587, P: 0.693661, R^2: 0.455889
RF_AE_BET的BA值    ：-10.800117763272404
RF_AE_BET    :RMSD: 0.899656, P: 0.771143, R^2: 0.505375
RF_AE_ECFP的BA值    ：-10.862738274015165
RF_AE_ECFP    :RMSD: 0.912490, P: 0.743900, R^2: 0.491162
RF_BET_ECFP的BA值    ：-10.8471736519673
RF_BET_ECFP    :RMSD: 0.873773, P: 0.744931, R^2: 0.533426
RF_AE_BET_ECFP的BA值    ：-10.836676563084955
RF_AE_BET_ECFP    :RMSD: 0.882772, P: 0.760505, R^2: 0.523766
fold= 9
>>>>>>>>>>>>>training.............
###############################################RF#####################################################
RF_BET的BA值：-10.294104462990816
RF_BET:RMSD: 0.815582, P: 0.804056, R^2: 0.594102
RF_AE的BA值 ：-9.927087710805441
RF_AE :RMSD: 0.944972, P: 0.712341, R^2: 0.455097
RF_ECFP的BA值 ：-11.483751714712914
RF_ECFP :RMSD: 0.853962, P: 0.770536, R^2: 0.555001
RF_AE_BET的BA值    ：-9.997316879991121
RF_AE_BET    :RMSD: 0.822882, P: 0.792858, R^2: 0.586803
RF_AE_ECFP的BA值    ：-10.453121316177706
RF_AE_ECFP    :RMSD: 0.802659, P: 0.811383, R^2: 0.606863
RF_BET_ECFP的BA值    ：-10.888928088851866
RF_BET_ECFP    :RMSD: 0.805974, P: 0.821097, R^2: 0.603609
RF_AE_BET_ECFP的BA值    ：-10.400115698448744
RF_AE_BET_ECFP    :RMSD: 0.788569, P: 0.827356, R^2: 0.620544
fold= 10
>>>>>>>>>>>>>training.............
###############################################RF#####################################################
RF_BET的BA值：-11.19857390082496
RF_BET:RMSD: 0.888083, P: 0.860372, R^2: 0.694696
RF_AE的BA值 ：-11.026930762733521
RF_AE :RMSD: 0.839046, P: 0.860811, R^2: 0.727480
RF_ECFP的BA值 ：-11.355883359787487
RF_ECFP :RMSD: 0.884578, P: 0.838078, R^2: 0.697101
RF_AE_BET的BA值    ：-11.112752331779241
RF_AE_BET    :RMSD: 0.843822, P: 0.869057, R^2: 0.724370
RF_AE_ECFP的BA值    ：-11.191407061260504
RF_AE_ECFP    :RMSD: 0.825009, P: 0.866974, R^2: 0.736523
RF_BET_ECFP的BA值    ：-11.277228630306222
RF_BET_ECFP    :RMSD: 0.854918, P: 0.863694, R^2: 0.717073
RF_AE_BET_ECFP的BA值    ：-11.19379600778199
RF_AE_BET_ECFP    :RMSD: 0.831269, P: 0.871542, R^2: 0.732509
@@@@@@@@@@@@@@@@@@@@@@@@@@@@@@@@@@@@@@@@@@@最终结果@@@@@@@@@@@@@@@@@@@@@@@@@@@@@@@@@@@@@@@@@@@@@@@@@@
@@@@@@@@@@@@@@@@@@@@@@@@@@@@@@@@@@@@@@@@@@@最终结果@@@@@@@@@@@@@@@@@@@@@@@@@@@@@@@@@@@@@@@@@@@@@@@@@@
%%%%%%%%%%%%%%%%%%%%%%%%%%%%%%%%%%%%%%%%%%%RF%%%%%%%%%%%%%%%%%%%%%%%%%%%%%%%%%%%%%%%%%%%%%%%%%%%%%%
RF_BET:0-th Final RMSD: 0.950070, Final P: 0.778122, Final R^2: 0.582140
RF_AE :0-th Final RMSD: 1.075997, Final P: 0.685639, Final R^2: 0.464028
RF_ECFP :0-th Final RMSD: 0.976918, Final P: 0.747473, Final R^2: 0.558189
RF_AE_BET    :0-th Final RMSD: 0.981251, Final P: 0.764412, Final R^2: 0.554262
RF_AE_ECFP    :0-th Final RMSD: 0.967598, Final P: 0.765533, Final R^2: 0.566579
RF_BET_ECFP    :0-th Final RMSD: 0.927692, Final P: 0.787075, Final R^2: 0.601592
RF_AE_BET_ECFP    :0-th Final RMSD: 0.944227, Final P: 0.785390, Final R^2: 0.587264
0-th RF_AE的BA值 ：-11.026931
0-th RF_BET的BA值：-11.198574
0-th RF_ECFP的BA值 ：-11.614764
0-th RF_AE_BET的BA值：-11.112752
0-th RF_AE_ECFP的BA值    ：-11.191407
0-th RF_BET_ECFP的BA值    ：-11.277229
0-th RF_AE_BET_ECFP的BA值    ：-11.193796
total time: 3.8049147640334233 h
