size of data: (1889,)
size of train size: 1511
RF parameter
Namespace(n_estimators=10000, dataset='CHEMBL216', max_depth=8, min_samples_split=4, min_samples_leaf=2, criterion='mse', random_seed=0)
fold= 1
>>>>>>>>>>>>>training.............
###############################################RF#####################################################
RF_BET的BA值：-12.870700123412593
RF_BET:RMSD: 1.208615, P: 0.749349, R^2: 0.532917
RF_AE的BA值 ：-12.760419521984359
RF_AE :RMSD: 1.201053, P: 0.763822, R^2: 0.538743
RF_ECFP的BA值 ：-13.077659462604633
RF_ECFP :RMSD: 1.185670, P: 0.759279, R^2: 0.550483
RF_AE_BET的BA值    ：-12.712549232938692
RF_AE_BET    :RMSD: 1.186189, P: 0.770876, R^2: 0.550089
RF_AE_ECFP的BA值    ：-12.919039492294495
RF_AE_ECFP    :RMSD: 1.148988, P: 0.796375, R^2: 0.577867
RF_BET_ECFP的BA值    ：-12.948015110374893
RF_BET_ECFP    :RMSD: 1.156641, P: 0.785071, R^2: 0.572225
RF_AE_BET_ECFP的BA值    ：-12.816809521071526
RF_AE_BET_ECFP    :RMSD: 1.152343, P: 0.793283, R^2: 0.575398
fold= 2
>>>>>>>>>>>>>training.............
###############################################RF#####################################################
RF_BET的BA值：-13.240309988101043
RF_BET:RMSD: 1.207170, P: 0.754636, R^2: 0.537235
RF_AE的BA值 ：-12.32365048843088
RF_AE :RMSD: 1.171974, P: 0.807701, R^2: 0.563827
RF_ECFP的BA值 ：-13.614265207103617
RF_ECFP :RMSD: 1.147270, P: 0.767810, R^2: 0.582021
RF_AE_BET的BA值    ：-12.781980238265962
RF_AE_BET    :RMSD: 1.162093, P: 0.802162, R^2: 0.571151
RF_AE_ECFP的BA值    ：-12.96895784776725
RF_AE_ECFP    :RMSD: 1.105189, P: 0.819311, R^2: 0.612121
RF_BET_ECFP的BA值    ：-13.42728759760233
RF_BET_ECFP    :RMSD: 1.129853, P: 0.794820, R^2: 0.594616
RF_AE_BET_ECFP的BA值    ：-13.059408561211846
RF_AE_BET_ECFP    :RMSD: 1.117878, P: 0.816644, R^2: 0.603163
fold= 3
>>>>>>>>>>>>>training.............
###############################################RF#####################################################
RF_BET的BA值：-12.792598114199345
RF_BET:RMSD: 1.236371, P: 0.731107, R^2: 0.485978
RF_AE的BA值 ：-12.74837514771599
RF_AE :RMSD: 1.256178, P: 0.729717, R^2: 0.469377
RF_ECFP的BA值 ：-13.184410941937124
RF_ECFP :RMSD: 1.221152, P: 0.730201, R^2: 0.498555
RF_AE_BET的BA值    ：-12.770486630957667
RF_AE_BET    :RMSD: 1.225897, P: 0.749238, R^2: 0.494650
RF_AE_ECFP的BA值    ：-12.966393044826557
RF_AE_ECFP    :RMSD: 1.199785, P: 0.764850, R^2: 0.515949
RF_BET_ECFP的BA值    ：-12.988504528068233
RF_BET_ECFP    :RMSD: 1.193509, P: 0.764087, R^2: 0.521000
RF_AE_BET_ECFP的BA值    ：-12.908461401284152
RF_AE_BET_ECFP    :RMSD: 1.195793, P: 0.769734, R^2: 0.519165
fold= 4
>>>>>>>>>>>>>training.............
###############################################RF#####################################################
RF_BET的BA值：-12.809146091622761
RF_BET:RMSD: 1.154792, P: 0.761447, R^2: 0.554938
RF_AE的BA值 ：-11.906302194730888
RF_AE :RMSD: 1.248895, P: 0.714140, R^2: 0.479446
RF_ECFP的BA值 ：-13.136509801745818
RF_ECFP :RMSD: 1.219300, P: 0.717066, R^2: 0.503825
RF_AE_BET的BA值    ：-12.357724143176824
RF_AE_BET    :RMSD: 1.181045, P: 0.756848, R^2: 0.534471
RF_AE_ECFP的BA值    ：-12.521405998238354
RF_AE_ECFP    :RMSD: 1.188096, P: 0.755307, R^2: 0.528896
RF_BET_ECFP的BA值    ：-12.97282794668429
RF_BET_ECFP    :RMSD: 1.147929, P: 0.770074, R^2: 0.560212
RF_AE_BET_ECFP的BA值    ：-12.617319362699822
RF_AE_BET_ECFP    :RMSD: 1.160304, P: 0.771745, R^2: 0.550679
fold= 5
>>>>>>>>>>>>>training.............
###############################################RF#####################################################
RF_BET的BA值：-13.053134638014956
RF_BET:RMSD: 1.239566, P: 0.795459, R^2: 0.568716
RF_AE的BA值 ：-12.622476832683004
RF_AE :RMSD: 1.196773, P: 0.814083, R^2: 0.597980
RF_ECFP的BA值 ：-13.548979280027398
RF_ECFP :RMSD: 1.210495, P: 0.780997, R^2: 0.588709
RF_AE_BET的BA值    ：-12.83780573534898
RF_AE_BET    :RMSD: 1.198815, P: 0.822194, R^2: 0.596607
RF_AE_ECFP的BA值    ：-13.085728056355201
RF_AE_ECFP    :RMSD: 1.157957, P: 0.829665, R^2: 0.623635
RF_BET_ECFP的BA值    ：-13.301056959021178
RF_BET_ECFP    :RMSD: 1.180010, P: 0.820627, R^2: 0.609164
RF_AE_BET_ECFP的BA值    ：-13.074863583575121
RF_AE_BET_ECFP    :RMSD: 1.166557, P: 0.834558, R^2: 0.618024
fold= 6
>>>>>>>>>>>>>training.............
###############################################RF#####################################################
RF_BET的BA值：-12.822352076065247
RF_BET:RMSD: 1.097944, P: 0.802932, R^2: 0.603177
RF_AE的BA值 ：-11.384601162628448
RF_AE :RMSD: 1.253808, P: 0.767353, R^2: 0.482514
RF_ECFP的BA值 ：-13.050618155494716
RF_ECFP :RMSD: 1.084072, P: 0.792734, R^2: 0.613141
RF_AE_BET的BA值    ：-12.08535112938486
RF_AE_BET    :RMSD: 1.146348, P: 0.809860, R^2: 0.567417
RF_AE_ECFP的BA值    ：-12.199484169099595
RF_AE_ECFP    :RMSD: 1.106138, P: 0.824810, R^2: 0.597232
RF_BET_ECFP的BA值    ：-12.93648511577998
RF_BET_ECFP    :RMSD: 1.052073, P: 0.823508, R^2: 0.635642
RF_AE_BET_ECFP的BA值    ：-12.407106804754811
RF_AE_BET_ECFP    :RMSD: 1.086550, P: 0.830704, R^2: 0.611370
fold= 7
>>>>>>>>>>>>>training.............
###############################################RF#####################################################
RF_BET的BA值：-12.920245159059291
RF_BET:RMSD: 1.314251, P: 0.746323, R^2: 0.535215
RF_AE的BA值 ：-12.960361562449371
RF_AE :RMSD: 1.302460, P: 0.746175, R^2: 0.543518
RF_ECFP的BA值 ：-13.58632973743925
RF_ECFP :RMSD: 1.287374, P: 0.748548, R^2: 0.554031
RF_AE_BET的BA值    ：-12.93617588497853
RF_AE_BET    :RMSD: 1.289545, P: 0.758994, R^2: 0.552525
RF_AE_ECFP的BA值    ：-13.265588247815057
RF_AE_ECFP    :RMSD: 1.256484, P: 0.771328, R^2: 0.575175
RF_BET_ECFP的BA值    ：-13.25328744824927
RF_BET_ECFP    :RMSD: 1.267355, P: 0.768037, R^2: 0.567792
RF_AE_BET_ECFP的BA值    ：-13.150473884896469
RF_AE_BET_ECFP    :RMSD: 1.260974, P: 0.773023, R^2: 0.572134
fold= 8
>>>>>>>>>>>>>training.............
###############################################RF#####################################################
RF_BET的BA值：-12.970604416713632
RF_BET:RMSD: 1.273907, P: 0.770176, R^2: 0.549691
RF_AE的BA值 ：-12.760617821337778
RF_AE :RMSD: 1.291426, P: 0.766821, R^2: 0.537221
RF_ECFP的BA值 ：-13.352182059713828
RF_ECFP :RMSD: 1.336271, P: 0.726155, R^2: 0.504522
RF_AE_BET的BA值    ：-12.865611119025704
RF_AE_BET    :RMSD: 1.263570, P: 0.784543, R^2: 0.556969
RF_AE_ECFP的BA值    ：-13.056399940525804
RF_AE_ECFP    :RMSD: 1.264074, P: 0.785335, R^2: 0.556616
RF_BET_ECFP的BA值    ：-13.16139323821373
RF_BET_ECFP    :RMSD: 1.262455, P: 0.780245, R^2: 0.557751
RF_AE_BET_ECFP的BA值    ：-13.027801432588413
RF_AE_BET_ECFP    :RMSD: 1.250640, P: 0.794312, R^2: 0.565990
fold= 9
>>>>>>>>>>>>>training.............
###############################################RF#####################################################
RF_BET的BA值：-12.806787108345274
RF_BET:RMSD: 1.221431, P: 0.768321, R^2: 0.552997
RF_AE的BA值 ：-12.193218311105051
RF_AE :RMSD: 1.217077, P: 0.779302, R^2: 0.556179
RF_ECFP的BA值 ：-13.050615035730472
RF_ECFP :RMSD: 1.215836, P: 0.757379, R^2: 0.557083
RF_AE_BET的BA值    ：-12.412396330217248
RF_AE_BET    :RMSD: 1.194368, P: 0.795607, R^2: 0.572586
RF_AE_ECFP的BA值    ：-12.408833827898386
RF_AE_ECFP    :RMSD: 1.166061, P: 0.808059, R^2: 0.592606
RF_BET_ECFP的BA值    ：-12.887888339193928
RF_BET_ECFP    :RMSD: 1.176126, P: 0.795949, R^2: 0.585543
RF_AE_BET_ECFP的BA值    ：-12.483080668375406
RF_AE_BET_ECFP    :RMSD: 1.165548, P: 0.811663, R^2: 0.592965
fold= 10
>>>>>>>>>>>>>training.............
###############################################RF#####################################################
RF_BET的BA值：-12.542732763743698
RF_BET:RMSD: 1.195173, P: 0.755834, R^2: 0.543408
RF_AE的BA值 ：-12.641609567902064
RF_AE :RMSD: 1.213006, P: 0.749731, R^2: 0.529680
RF_ECFP的BA值 ：-13.107996312310256
RF_ECFP :RMSD: 1.215362, P: 0.737419, R^2: 0.527852
RF_AE_BET的BA值    ：-12.592171165822881
RF_AE_BET    :RMSD: 1.180984, P: 0.770750, R^2: 0.554185
RF_AE_ECFP的BA值    ：-12.7113749861985
RF_AE_ECFP    :RMSD: 1.162635, P: 0.783350, R^2: 0.567930
RF_BET_ECFP的BA值    ：-12.661936584119317
RF_BET_ECFP    :RMSD: 1.155690, P: 0.785442, R^2: 0.573077
RF_AE_BET_ECFP的BA值    ：-12.6551609120469
RF_AE_BET_ECFP    :RMSD: 1.152356, P: 0.791514, R^2: 0.575536
@@@@@@@@@@@@@@@@@@@@@@@@@@@@@@@@@@@@@@@@@@@最终结果@@@@@@@@@@@@@@@@@@@@@@@@@@@@@@@@@@@@@@@@@@@@@@@@@@
@@@@@@@@@@@@@@@@@@@@@@@@@@@@@@@@@@@@@@@@@@@最终结果@@@@@@@@@@@@@@@@@@@@@@@@@@@@@@@@@@@@@@@@@@@@@@@@@@
%%%%%%%%%%%%%%%%%%%%%%%%%%%%%%%%%%%%%%%%%%%RF%%%%%%%%%%%%%%%%%%%%%%%%%%%%%%%%%%%%%%%%%%%%%%%%%%%%%%
RF_BET:0-th Final RMSD: 1.216259, Final P: 0.761530, Final R^2: 0.550389
RF_AE :0-th Final RMSD: 1.235929, Final P: 0.753647, Final R^2: 0.535729
RF_ECFP :0-th Final RMSD: 1.214033, Final P: 0.751852, Final R^2: 0.552034
RF_AE_BET    :0-th Final RMSD: 1.203641, Final P: 0.776665, Final R^2: 0.559670
RF_AE_ECFP    :0-th Final RMSD: 1.176661, Final P: 0.790532, Final R^2: 0.579189
RF_BET_ECFP    :0-th Final RMSD: 1.173668, Final P: 0.788076, Final R^2: 0.581327
RF_AE_BET_ECFP    :0-th Final RMSD: 1.172008, Final P: 0.795974, Final R^2: 0.582510
0-th RF_AE的BA值 ：-12.960362
0-th RF_BET的BA值：-13.240310
0-th RF_ECFP的BA值 ：-13.614265
0-th RF_AE_BET的BA值：-12.936176
0-th RF_AE_ECFP的BA值    ：-13.265588
0-th RF_BET_ECFP的BA值    ：-13.427288
0-th RF_AE_BET_ECFP的BA值    ：-13.150474
total time: 17.057241250541477 h
