size of data: (141,)
size of train size: 112
RF parameter
Namespace(n_estimators=10000, dataset='CHEMBL3060', max_depth=7, min_samples_split=3, min_samples_leaf=1, criterion='mse', random_seed=0)
fold= 1
>>>>>>>>>>>>>training.............
###############################################RF#####################################################
RF_BET的BA值：-9.83476943034598
RF_BET:RMSD: 0.712694, P: 0.815890, R^2: 0.500658
RF_AE的BA值 ：-9.6585625820046
RF_AE :RMSD: 0.813661, P: 0.753397, R^2: 0.349154
RF_ECFP的BA值 ：-9.959185936995667
RF_ECFP :RMSD: 0.712051, P: 0.751846, R^2: 0.501558
RF_AE_BET的BA值    ：-9.701321452023805
RF_AE_BET    :RMSD: 0.751537, P: 0.815168, R^2: 0.444745
RF_AE_ECFP的BA值    ：-9.763529705348649
RF_AE_ECFP    :RMSD: 0.677794, P: 0.797494, R^2: 0.548365
RF_BET_ECFP的BA值    ：-9.896977683670823
RF_BET_ECFP    :RMSD: 0.667918, P: 0.790004, R^2: 0.561431
RF_AE_BET_ECFP的BA值    ：-9.78727628034776
RF_AE_BET_ECFP    :RMSD: 0.683481, P: 0.809597, R^2: 0.540755
fold= 2
>>>>>>>>>>>>>training.............
###############################################RF#####################################################
RF_BET的BA值：-9.784321021114245
RF_BET:RMSD: 0.610269, P: 0.866181, R^2: 0.594578
RF_AE的BA值 ：-9.896674742595067
RF_AE :RMSD: 0.599778, P: 0.854616, R^2: 0.608396
RF_ECFP的BA值 ：-10.157432840666564
RF_ECFP :RMSD: 0.621914, P: 0.784379, R^2: 0.578958
RF_AE_BET的BA值    ：-9.76440486520292
RF_AE_BET    :RMSD: 0.594008, P: 0.884216, R^2: 0.615895
RF_AE_ECFP的BA值    ：-9.911466221534953
RF_AE_ECFP    :RMSD: 0.575286, P: 0.845573, R^2: 0.639726
RF_BET_ECFP的BA值    ：-9.826557992176925
RF_BET_ECFP    :RMSD: 0.557165, P: 0.877072, R^2: 0.662065
RF_AE_BET_ECFP的BA值    ：-9.799201564548481
RF_AE_BET_ECFP    :RMSD: 0.563520, P: 0.883461, R^2: 0.654312
fold= 3
>>>>>>>>>>>>>training.............
###############################################RF#####################################################
RF_BET的BA值：-9.713703044564216
RF_BET:RMSD: 0.707572, P: 0.759515, R^2: 0.475429
RF_AE的BA值 ：-9.957966762662547
RF_AE :RMSD: 0.778233, P: 0.677690, R^2: 0.365426
RF_ECFP的BA值 ：-10.244806718382927
RF_ECFP :RMSD: 0.552905, P: 0.913219, R^2: 0.679695
RF_AE_BET的BA值    ：-9.835834903613382
RF_AE_BET    :RMSD: 0.737785, P: 0.726247, R^2: 0.429675
RF_AE_ECFP的BA值    ：-10.101386740522738
RF_AE_ECFP    :RMSD: 0.653680, P: 0.836351, R^2: 0.552294
RF_BET_ECFP的BA值    ：-9.979254881473572
RF_BET_ECFP    :RMSD: 0.618476, P: 0.864453, R^2: 0.599217
RF_AE_BET_ECFP的BA值    ：-9.972158841869897
RF_AE_BET_ECFP    :RMSD: 0.667045, P: 0.818802, R^2: 0.533799
fold= 4
>>>>>>>>>>>>>training.............
###############################################RF#####################################################
RF_BET的BA值：-9.548898341161395
RF_BET:RMSD: 1.008783, P: 0.478335, R^2: 0.212849
RF_AE的BA值 ：-9.811663592579828
RF_AE :RMSD: 0.931940, P: 0.612306, R^2: 0.328203
RF_ECFP的BA值 ：-9.83329428945689
RF_ECFP :RMSD: 0.788808, P: 0.815479, R^2: 0.518712
RF_AE_BET的BA值    ：-9.631300094422087
RF_AE_BET    :RMSD: 0.958337, P: 0.586231, R^2: 0.289607
RF_AE_ECFP的BA值    ：-9.82247894101836
RF_AE_ECFP    :RMSD: 0.843623, P: 0.773480, R^2: 0.449497
RF_BET_ECFP的BA值    ：-9.679296656840055
RF_BET_ECFP    :RMSD: 0.887167, P: 0.710666, R^2: 0.391202
RF_AE_BET_ECFP的BA值    ：-9.690765053787631
RF_AE_BET_ECFP    :RMSD: 0.891960, P: 0.711088, R^2: 0.384607
fold= 5
>>>>>>>>>>>>>training.............
###############################################RF#####################################################
RF_BET的BA值：-9.903377242481069
RF_BET:RMSD: 0.991474, P: 0.609719, R^2: 0.360324
RF_AE的BA值 ：-10.012949305201692
RF_AE :RMSD: 0.960483, P: 0.662365, R^2: 0.399688
RF_ECFP的BA值 ：-10.155435214974128
RF_ECFP :RMSD: 0.961652, P: 0.634335, R^2: 0.398226
RF_AE_BET的BA值    ：-9.94953011213223
RF_AE_BET    :RMSD: 0.967162, P: 0.650229, R^2: 0.391310
RF_AE_ECFP的BA值    ：-10.076077068174126
RF_AE_ECFP    :RMSD: 0.942995, P: 0.657822, R^2: 0.421350
RF_BET_ECFP的BA值    ：-10.029406228727598
RF_BET_ECFP    :RMSD: 0.959080, P: 0.637283, R^2: 0.401441
RF_AE_BET_ECFP的BA值    ：-10.012755018470338
RF_AE_BET_ECFP    :RMSD: 0.951466, P: 0.652948, R^2: 0.410907
fold= 6
>>>>>>>>>>>>>training.............
###############################################RF#####################################################
RF_BET的BA值：-9.423058748166733
RF_BET:RMSD: 0.962180, P: 0.632312, R^2: 0.162126
RF_AE的BA值 ：-9.841959060632362
RF_AE :RMSD: 0.909230, P: 0.601960, R^2: 0.251807
RF_ECFP的BA值 ：-9.921286751756286
RF_ECFP :RMSD: 0.802003, P: 0.661668, R^2: 0.417873
RF_AE_BET的BA值    ：-9.480383111957858
RF_AE_BET    :RMSD: 0.929350, P: 0.632551, R^2: 0.218327
RF_AE_ECFP的BA值    ：-9.816071570334532
RF_AE_ECFP    :RMSD: 0.832845, P: 0.661349, R^2: 0.372239
RF_BET_ECFP的BA值    ：-9.67217274996151
RF_BET_ECFP    :RMSD: 0.849808, P: 0.674205, R^2: 0.346406
RF_AE_BET_ECFP的BA值    ：-9.607587147031557
RF_AE_BET_ECFP    :RMSD: 0.864246, P: 0.667050, R^2: 0.324009
fold= 7
>>>>>>>>>>>>>training.............
###############################################RF#####################################################
RF_BET的BA值：-9.722512858957113
RF_BET:RMSD: 0.712848, P: 0.736010, R^2: 0.479129
RF_AE的BA值 ：-9.694349426127143
RF_AE :RMSD: 0.753409, P: 0.775412, R^2: 0.418167
RF_ECFP的BA值 ：-9.706221232084518
RF_ECFP :RMSD: 0.550519, P: 0.840527, R^2: 0.689343
RF_AE_BET的BA值    ：-9.708431142542128
RF_AE_BET    :RMSD: 0.720343, P: 0.768305, R^2: 0.468117
RF_AE_ECFP的BA值    ：-9.700285329105832
RF_AE_ECFP    :RMSD: 0.625167, P: 0.826309, R^2: 0.599384
RF_BET_ECFP的BA值    ：-9.714367045520817
RF_BET_ECFP    :RMSD: 0.621244, P: 0.798500, R^2: 0.604396
RF_AE_BET_ECFP的BA值    ：-9.707694505722925
RF_AE_BET_ECFP    :RMSD: 0.650114, P: 0.802052, R^2: 0.566772
fold= 8
>>>>>>>>>>>>>training.............
###############################################RF#####################################################
RF_BET的BA值：-9.812866080245076
RF_BET:RMSD: 0.541207, P: 0.780777, R^2: 0.584080
RF_AE的BA值 ：-9.976337012022515
RF_AE :RMSD: 0.561107, P: 0.770475, R^2: 0.552932
RF_ECFP的BA值 ：-10.012087619050906
RF_ECFP :RMSD: 0.554430, P: 0.787388, R^2: 0.563508
RF_AE_BET的BA值    ：-9.833788568010508
RF_AE_BET    :RMSD: 0.540194, P: 0.793829, R^2: 0.585635
RF_AE_ECFP的BA值    ：-9.84987090200822
RF_AE_ECFP    :RMSD: 0.534557, P: 0.801149, R^2: 0.594238
RF_BET_ECFP的BA值    ：-9.912476849647991
RF_BET_ECFP    :RMSD: 0.525934, P: 0.801828, R^2: 0.607223
RF_AE_BET_ECFP的BA值    ：-9.79699397600498
RF_AE_BET_ECFP    :RMSD: 0.527208, P: 0.805673, R^2: 0.605319
fold= 9
>>>>>>>>>>>>>training.............
###############################################RF#####################################################
RF_BET的BA值：-9.59776144009039
RF_BET:RMSD: 0.730864, P: 0.427030, R^2: 0.113608
RF_AE的BA值 ：-9.454999366933409
RF_AE :RMSD: 0.674223, P: 0.496326, R^2: 0.245673
RF_ECFP的BA值 ：-9.744900500379053
RF_ECFP :RMSD: 0.791703, P: 0.411777, R^2: -0.040105
RF_AE_BET的BA值    ：-9.526380403511899
RF_AE_BET    :RMSD: 0.693955, P: 0.465888, R^2: 0.200875
RF_AE_ECFP的BA值    ：-9.59994993365623
RF_AE_ECFP    :RMSD: 0.713723, P: 0.453264, R^2: 0.154698
RF_BET_ECFP的BA值    ：-9.67133097023472
RF_BET_ECFP    :RMSD: 0.750548, P: 0.425274, R^2: 0.065220
RF_AE_BET_ECFP的BA值    ：-9.59922043580095
RF_AE_BET_ECFP    :RMSD: 0.715049, P: 0.449349, R^2: 0.151555
fold= 10
>>>>>>>>>>>>>training.............
###############################################RF#####################################################
RF_BET的BA值：-9.811236242656244
RF_BET:RMSD: 0.980319, P: 0.754777, R^2: 0.349934
RF_AE的BA值 ：-9.723865844237423
RF_AE :RMSD: 0.998105, P: 0.733208, R^2: 0.326131
RF_ECFP的BA值 ：-10.121717934338083
RF_ECFP :RMSD: 0.799085, P: 0.786073, R^2: 0.568075
RF_AE_BET的BA值    ：-9.757394952879451
RF_AE_BET    :RMSD: 0.985680, P: 0.751341, R^2: 0.342805
RF_AE_ECFP的BA值    ：-9.922791889287753
RF_AE_ECFP    :RMSD: 0.884577, P: 0.770087, R^2: 0.470710
RF_BET_ECFP的BA值    ：-9.907434880946498
RF_BET_ECFP    :RMSD: 0.875284, P: 0.778261, R^2: 0.481773
RF_AE_BET_ECFP的BA值    ：-9.839474474998552
RF_AE_BET_ECFP    :RMSD: 0.911950, P: 0.769529, R^2: 0.437445
@@@@@@@@@@@@@@@@@@@@@@@@@@@@@@@@@@@@@@@@@@@最终结果@@@@@@@@@@@@@@@@@@@@@@@@@@@@@@@@@@@@@@@@@@@@@@@@@@
@@@@@@@@@@@@@@@@@@@@@@@@@@@@@@@@@@@@@@@@@@@最终结果@@@@@@@@@@@@@@@@@@@@@@@@@@@@@@@@@@@@@@@@@@@@@@@@@@
%%%%%%%%%%%%%%%%%%%%%%%%%%%%%%%%%%%%%%%%%%%RF%%%%%%%%%%%%%%%%%%%%%%%%%%%%%%%%%%%%%%%%%%%%%%%%%%%%%%
RF_BET:0-th Final RMSD: 0.811967, Final P: 0.664890, Final R^2: 0.412521
RF_AE :0-th Final RMSD: 0.811093, Final P: 0.676391, Final R^2: 0.413785
RF_ECFP :0-th Final RMSD: 0.725542, Final P: 0.731650, Final R^2: 0.530927
RF_AE_BET    :0-th Final RMSD: 0.802352, Final P: 0.689628, Final R^2: 0.426352
RF_AE_ECFP    :0-th Final RMSD: 0.739892, Final P: 0.738781, Final R^2: 0.512189
RF_BET_ECFP    :0-th Final RMSD: 0.745140, Final P: 0.726709, Final R^2: 0.505244
RF_AE_BET_ECFP    :0-th Final RMSD: 0.755880, Final P: 0.729219, Final R^2: 0.490879
0-th RF_AE的BA值 ：-10.012949
0-th RF_BET的BA值：-9.903377
0-th RF_ECFP的BA值 ：-10.244807
0-th RF_AE_BET的BA值：-9.949530
0-th RF_AE_ECFP的BA值    ：-10.101387
0-th RF_BET_ECFP的BA值    ：-10.029406
0-th RF_AE_BET_ECFP的BA值    ：-10.012755
total time: 0.7993790310621262 h
