size of data: (221,)
size of train size: 176
RF parameter
Namespace(n_estimators=10000, dataset='CHEMBL1741200', max_depth=7, min_samples_split=3, min_samples_leaf=1, criterion='mse', random_seed=0)
fold= 1
>>>>>>>>>>>>>training.............
###############################################RF#####################################################
RF_BET的BA值：-7.43872026567715
RF_BET:RMSD: 0.539177, P: 0.293454, R^2: -0.067776
RF_AE的BA值 ：-7.495527896990783
RF_AE :RMSD: 0.523359, P: 0.435172, R^2: -0.006043
RF_ECFP的BA值 ：-7.847459822258188
RF_ECFP :RMSD: 0.538173, P: 0.331382, R^2: -0.063804
RF_AE_BET的BA值    ：-7.4282627105791175
RF_AE_BET    :RMSD: 0.529303, P: 0.383309, R^2: -0.029028
RF_AE_ECFP的BA值    ：-7.579076761400261
RF_AE_ECFP    :RMSD: 0.521910, P: 0.430110, R^2: -0.000482
RF_BET_ECFP的BA值    ：-7.620190016028447
RF_BET_ECFP    :RMSD: 0.533712, P: 0.337451, R^2: -0.046239
RF_AE_BET_ECFP的BA值    ：-7.517024577533076
RF_AE_BET_ECFP    :RMSD: 0.526556, P: 0.396499, R^2: -0.018375
fold= 2
>>>>>>>>>>>>>training.............
###############################################RF#####################################################
RF_BET的BA值：-7.740895950023033
RF_BET:RMSD: 0.382210, P: 0.433168, R^2: 0.155387
RF_AE的BA值 ：-7.622333812458041
RF_AE :RMSD: 0.379728, P: 0.442780, R^2: 0.166321
RF_ECFP的BA值 ：-7.6257792241466404
RF_ECFP :RMSD: 0.329487, P: 0.717057, R^2: 0.372333
RF_AE_BET的BA值    ：-7.681614881240536
RF_AE_BET    :RMSD: 0.378132, P: 0.449778, R^2: 0.173315
RF_AE_ECFP的BA值    ：-7.624056518302341
RF_AE_ECFP    :RMSD: 0.349229, P: 0.618926, R^2: 0.294865
RF_BET_ECFP的BA值    ：-7.683337587084837
RF_BET_ECFP    :RMSD: 0.348751, P: 0.609982, R^2: 0.296793
RF_AE_BET_ECFP的BA值    ：-7.663002995542571
RF_AE_BET_ECFP    :RMSD: 0.357063, P: 0.567586, R^2: 0.262872
fold= 3
>>>>>>>>>>>>>training.............
###############################################RF#####################################################
RF_BET的BA值：-7.437021270606408
RF_BET:RMSD: 0.481268, P: 0.090727, R^2: -0.011996
RF_AE的BA值 ：-7.452162297412777
RF_AE :RMSD: 0.468959, P: 0.215680, R^2: 0.039110
RF_ECFP的BA值 ：-7.545935522643525
RF_ECFP :RMSD: 0.512963, P: -0.106541, R^2: -0.149680
RF_AE_BET的BA值    ：-7.444591784009592
RF_AE_BET    :RMSD: 0.473876, P: 0.163998, R^2: 0.018854
RF_AE_ECFP的BA值    ：-7.499048910028151
RF_AE_ECFP    :RMSD: 0.488630, P: 0.043408, R^2: -0.043195
RF_BET_ECFP的BA值    ：-7.4914783966249665
RF_BET_ECFP    :RMSD: 0.494414, P: -0.023407, R^2: -0.068037
RF_AE_BET_ECFP的BA值    ：-7.4783730302209035
RF_AE_BET_ECFP    :RMSD: 0.484926, P: 0.060489, R^2: -0.027438
fold= 4
>>>>>>>>>>>>>training.............
###############################################RF#####################################################
RF_BET的BA值：-7.399041849975799
RF_BET:RMSD: 0.443172, P: 0.396306, R^2: 0.076969
RF_AE的BA值 ：-7.513230766172815
RF_AE :RMSD: 0.426565, P: 0.501075, R^2: 0.144853
RF_ECFP的BA值 ：-7.580383733954359
RF_ECFP :RMSD: 0.475142, P: 0.170158, R^2: -0.061008
RF_AE_BET的BA值    ：-7.417706194490643
RF_AE_BET    :RMSD: 0.432135, P: 0.486262, R^2: 0.122374
RF_AE_ECFP的BA值    ：-7.546807250063587
RF_AE_ECFP    :RMSD: 0.444959, P: 0.348716, R^2: 0.069511
RF_BET_ECFP的BA值    ：-7.451282678381416
RF_BET_ECFP    :RMSD: 0.452139, P: 0.306849, R^2: 0.039240
RF_AE_BET_ECFP的BA值    ：-7.471932040978548
RF_AE_BET_ECFP    :RMSD: 0.441275, P: 0.396312, R^2: 0.084854
fold= 5
>>>>>>>>>>>>>training.............
###############################################RF#####################################################
RF_BET的BA值：-7.471769967290177
RF_BET:RMSD: 0.432302, P: 0.277154, R^2: -0.020611
RF_AE的BA值 ：-7.622498882806039
RF_AE :RMSD: 0.446972, P: 0.264707, R^2: -0.091052
RF_ECFP的BA值 ：-7.360210782025494
RF_ECFP :RMSD: 0.420786, P: 0.277929, R^2: 0.033044
RF_AE_BET的BA值    ：-7.5471344250481085
RF_AE_BET    :RMSD: 0.437605, P: 0.274879, R^2: -0.045802
RF_AE_ECFP的BA值    ：-7.422299404504349
RF_AE_ECFP    :RMSD: 0.425211, P: 0.307875, R^2: 0.012597
RF_BET_ECFP的BA值    ：-7.322570690421948
RF_BET_ECFP    :RMSD: 0.421539, P: 0.319845, R^2: 0.029577
RF_AE_BET_ECFP的BA值    ：-7.422546754549978
RF_AE_BET_ECFP    :RMSD: 0.426388, P: 0.306714, R^2: 0.007123
fold= 6
>>>>>>>>>>>>>training.............
###############################################RF#####################################################
RF_BET的BA值：-7.370707361326808
RF_BET:RMSD: 0.488395, P: 0.101061, R^2: -0.167581
RF_AE的BA值 ：-7.439876505174288
RF_AE :RMSD: 0.473498, P: 0.213285, R^2: -0.097440
RF_ECFP的BA值 ：-7.774418721823137
RF_ECFP :RMSD: 0.478588, P: 0.182070, R^2: -0.121162
RF_AE_BET的BA值    ：-7.3966426971110035
RF_AE_BET    :RMSD: 0.479241, P: 0.165818, R^2: -0.124223
RF_AE_ECFP的BA值    ：-7.524174933940241
RF_AE_ECFP    :RMSD: 0.467826, P: 0.234865, R^2: -0.071303
RF_BET_ECFP的BA值    ：-7.5721043026585395
RF_BET_ECFP    :RMSD: 0.477716, P: 0.164318, R^2: -0.117077
RF_AE_BET_ECFP的BA值    ：-7.472713250458141
RF_AE_BET_ECFP    :RMSD: 0.473193, P: 0.196424, R^2: -0.096026
fold= 7
>>>>>>>>>>>>>training.............
###############################################RF#####################################################
RF_BET的BA值：-7.578158828143503
RF_BET:RMSD: 0.536988, P: 0.385017, R^2: 0.071058
RF_AE的BA值 ：-7.485416723401431
RF_AE :RMSD: 0.524638, P: 0.452740, R^2: 0.113293
RF_ECFP的BA值 ：-7.660965003885698
RF_ECFP :RMSD: 0.573117, P: 0.227582, R^2: -0.058147
RF_AE_BET的BA值    ：-7.531787775772467
RF_AE_BET    :RMSD: 0.528099, P: 0.439670, R^2: 0.101558
RF_AE_ECFP的BA值    ：-7.497411555824754
RF_AE_ECFP    :RMSD: 0.542368, P: 0.366891, R^2: 0.052351
RF_BET_ECFP的BA值    ：-7.564934574253978
RF_BET_ECFP    :RMSD: 0.552014, P: 0.315676, R^2: 0.018343
RF_AE_BET_ECFP的BA值    ：-7.524327313264337
RF_AE_BET_ECFP    :RMSD: 0.539446, P: 0.381477, R^2: 0.062534
fold= 8
>>>>>>>>>>>>>training.............
###############################################RF#####################################################
RF_BET的BA值：-7.705469137329359
RF_BET:RMSD: 0.528105, P: 0.385865, R^2: 0.098639
RF_AE的BA值 ：-7.782390651815381
RF_AE :RMSD: 0.523075, P: 0.400214, R^2: 0.115729
RF_ECFP的BA值 ：-7.760284943182556
RF_ECFP :RMSD: 0.497504, P: 0.497575, R^2: 0.200071
RF_AE_BET的BA值    ：-7.74392989457237
RF_AE_BET    :RMSD: 0.524403, P: 0.399805, R^2: 0.111232
RF_AE_ECFP的BA值    ：-7.771337797498968
RF_AE_ECFP    :RMSD: 0.507487, P: 0.467414, R^2: 0.167646
RF_BET_ECFP的BA值    ：-7.732877040255957
RF_BET_ECFP    :RMSD: 0.510875, P: 0.456427, R^2: 0.156494
RF_AE_BET_ECFP的BA值    ：-7.749381577442431
RF_AE_BET_ECFP    :RMSD: 0.513607, P: 0.445937, R^2: 0.147450
fold= 9
>>>>>>>>>>>>>training.............
###############################################RF#####################################################
RF_BET的BA值：-7.63512785658016
RF_BET:RMSD: 0.530707, P: 0.380665, R^2: 0.127205
RF_AE的BA值 ：-7.735678155431701
RF_AE :RMSD: 0.516213, P: 0.454867, R^2: 0.174227
RF_ECFP的BA值 ：-7.595984861769316
RF_ECFP :RMSD: 0.561591, P: 0.171491, R^2: 0.022667
RF_AE_BET的BA值    ：-7.685403006005931
RF_AE_BET    :RMSD: 0.522224, P: 0.432404, R^2: 0.154885
RF_AE_ECFP的BA值    ：-7.665831508600508
RF_AE_ECFP    :RMSD: 0.536674, P: 0.341896, R^2: 0.107469
RF_BET_ECFP的BA值    ：-7.615556359174738
RF_BET_ECFP    :RMSD: 0.543781, P: 0.296515, R^2: 0.083675
RF_AE_BET_ECFP的BA值    ：-7.6555969579270595
RF_AE_BET_ECFP    :RMSD: 0.533565, P: 0.365947, R^2: 0.117779
fold= 10
>>>>>>>>>>>>>training.............
###############################################RF#####################################################
RF_BET的BA值：-7.469192185691138
RF_BET:RMSD: 0.444506, P: 0.308714, R^2: -0.152134
RF_AE的BA值 ：-7.4635642204047965
RF_AE :RMSD: 0.447352, P: 0.210904, R^2: -0.166935
RF_ECFP的BA值 ：-7.360762157334365
RF_ECFP :RMSD: 0.445115, P: -0.011538, R^2: -0.155296
RF_AE_BET的BA值    ：-7.456285568588024
RF_AE_BET    :RMSD: 0.443964, P: 0.268823, R^2: -0.149330
RF_AE_ECFP的BA值    ：-7.412163188869581
RF_AE_ECFP    :RMSD: 0.443154, P: 0.127117, R^2: -0.145137
RF_BET_ECFP的BA值    ：-7.4048845370528085
RF_BET_ECFP    :RMSD: 0.440051, P: 0.188933, R^2: -0.129158
RF_AE_BET_ECFP的BA值    ：-7.424444431503471
RF_AE_BET_ECFP    :RMSD: 0.441299, P: 0.202872, R^2: -0.135571
@@@@@@@@@@@@@@@@@@@@@@@@@@@@@@@@@@@@@@@@@@@最终结果@@@@@@@@@@@@@@@@@@@@@@@@@@@@@@@@@@@@@@@@@@@@@@@@@@
@@@@@@@@@@@@@@@@@@@@@@@@@@@@@@@@@@@@@@@@@@@最终结果@@@@@@@@@@@@@@@@@@@@@@@@@@@@@@@@@@@@@@@@@@@@@@@@@@
%%%%%%%%%%%%%%%%%%%%%%%%%%%%%%%%%%%%%%%%%%%RF%%%%%%%%%%%%%%%%%%%%%%%%%%%%%%%%%%%%%%%%%%%%%%%%%%%%%%
RF_BET:0-th Final RMSD: 0.483663, Final P: 0.279288, Final R^2: 0.077001
RF_AE :0-th Final RMSD: 0.475561, Final P: 0.328610, Final R^2: 0.107664
RF_ECFP :0-th Final RMSD: 0.488365, Final P: 0.258785, Final R^2: 0.058969
RF_AE_BET    :0-th Final RMSD: 0.477670, Final P: 0.316592, Final R^2: 0.099733
RF_AE_ECFP    :0-th Final RMSD: 0.476334, Final P: 0.324759, Final R^2: 0.104761
RF_BET_ECFP    :0-th Final RMSD: 0.481531, Final P: 0.291880, Final R^2: 0.085121
RF_AE_BET_ECFP    :0-th Final RMSD: 0.477162, Final P: 0.320163, Final R^2: 0.101647
0-th RF_AE的BA值 ：-7.782391
0-th RF_BET的BA值：-7.740896
0-th RF_ECFP的BA值 ：-7.847460
0-th RF_AE_BET的BA值：-7.743930
0-th RF_AE_ECFP的BA值    ：-7.771338
0-th RF_BET_ECFP的BA值    ：-7.732877
0-th RF_AE_BET_ECFP的BA值    ：-7.749382
total time: 1.3924662752283945 h
