size of data: (1353,)
size of train size: 1082
RF parameter
Namespace(n_estimators=10000, dataset='CHEMBL4616', max_depth=8, min_samples_split=4, min_samples_leaf=2, criterion='mse', random_seed=0)
fold= 1
>>>>>>>>>>>>>training.............
###############################################RF#####################################################
RF_BET的BA值：-11.86695096010392
RF_BET:RMSD: 1.084041, P: 0.620856, R^2: 0.377497
RF_AE的BA值 ：-12.1907718829268
RF_AE :RMSD: 1.136025, P: 0.569612, R^2: 0.316362
RF_ECFP的BA值 ：-12.323392195574767
RF_ECFP :RMSD: 1.111242, P: 0.598559, R^2: 0.345864
RF_AE_BET的BA值    ：-12.028861421515359
RF_AE_BET    :RMSD: 1.100547, P: 0.608855, R^2: 0.358396
RF_AE_ECFP的BA值    ：-12.193308055299688
RF_AE_ECFP    :RMSD: 1.112143, P: 0.601681, R^2: 0.344804
RF_BET_ECFP的BA值    ：-11.989947416970626
RF_BET_ECFP    :RMSD: 1.080193, P: 0.634572, R^2: 0.381908
RF_AE_BET_ECFP的BA值    ：-12.014372916321953
RF_AE_BET_ECFP    :RMSD: 1.093362, P: 0.621568, R^2: 0.366745
fold= 2
>>>>>>>>>>>>>training.............
###############################################RF#####################################################
RF_BET的BA值：-12.770166205413705
RF_BET:RMSD: 1.234491, P: 0.715744, R^2: 0.433454
RF_AE的BA值 ：-12.453749201634036
RF_AE :RMSD: 1.358993, P: 0.648206, R^2: 0.313415
RF_ECFP的BA值 ：-13.209381638382954
RF_ECFP :RMSD: 1.264401, P: 0.663639, R^2: 0.405668
RF_AE_BET的BA值    ：-12.443968036267263
RF_AE_BET    :RMSD: 1.281491, P: 0.707714, R^2: 0.389493
RF_AE_ECFP的BA值    ：-12.487646074337114
RF_AE_ECFP    :RMSD: 1.281072, P: 0.693702, R^2: 0.389892
RF_BET_ECFP的BA值    ：-12.851979627512378
RF_BET_ECFP    :RMSD: 1.230586, P: 0.710233, R^2: 0.437033
RF_AE_BET_ECFP的BA值    ：-12.484883745635239
RF_AE_BET_ECFP    :RMSD: 1.257037, P: 0.713733, R^2: 0.412570
fold= 3
>>>>>>>>>>>>>training.............
###############################################RF#####################################################
RF_BET的BA值：-12.620245400440275
RF_BET:RMSD: 1.174068, P: 0.614478, R^2: 0.367274
RF_AE的BA值 ：-12.867983724492504
RF_AE :RMSD: 1.242981, P: 0.544075, R^2: 0.290817
RF_ECFP的BA值 ：-12.818682544876408
RF_ECFP :RMSD: 1.194096, P: 0.595854, R^2: 0.345503
RF_AE_BET的BA值    ：-12.74411456246639
RF_AE_BET    :RMSD: 1.190208, P: 0.602309, R^2: 0.349758
RF_AE_ECFP的BA值    ：-12.843333134684457
RF_AE_ECFP    :RMSD: 1.194998, P: 0.599151, R^2: 0.344513
RF_BET_ECFP的BA值    ：-12.719463972658342
RF_BET_ECFP    :RMSD: 1.167899, P: 0.626043, R^2: 0.373906
RF_AE_BET_ECFP的BA值    ：-12.768970556603064
RF_AE_BET_ECFP    :RMSD: 1.177809, P: 0.618041, R^2: 0.363235
fold= 4
>>>>>>>>>>>>>training.............
###############################################RF#####################################################
RF_BET的BA值：-12.306937904779176
RF_BET:RMSD: 1.142152, P: 0.704801, R^2: 0.464359
RF_AE的BA值 ：-12.40300671556544
RF_AE :RMSD: 1.202946, P: 0.673936, R^2: 0.405820
RF_ECFP的BA值 ：-11.987406327419915
RF_ECFP :RMSD: 1.249503, P: 0.646953, R^2: 0.358937
RF_AE_BET的BA值    ：-12.288170186826754
RF_AE_BET    :RMSD: 1.161344, P: 0.704805, R^2: 0.446206
RF_AE_ECFP的BA值    ：-12.195206521492677
RF_AE_ECFP    :RMSD: 1.214593, P: 0.682217, R^2: 0.394258
RF_BET_ECFP的BA值    ：-12.080369992753994
RF_BET_ECFP    :RMSD: 1.177295, P: 0.704604, R^2: 0.430890
RF_AE_BET_ECFP的BA值    ：-12.187915567024476
RF_AE_BET_ECFP    :RMSD: 1.179787, P: 0.704665, R^2: 0.428478
fold= 5
>>>>>>>>>>>>>training.............
###############################################RF#####################################################
RF_BET的BA值：-12.491959011308062
RF_BET:RMSD: 1.228574, P: 0.633755, R^2: 0.382805
RF_AE的BA值 ：-12.687200794866449
RF_AE :RMSD: 1.298054, P: 0.575864, R^2: 0.311022
RF_ECFP的BA值 ：-13.048390064821522
RF_ECFP :RMSD: 1.247601, P: 0.603931, R^2: 0.363540
RF_AE_BET的BA值    ：-12.43372265192701
RF_AE_BET    :RMSD: 1.246874, P: 0.631084, R^2: 0.364281
RF_AE_ECFP的BA值    ：-12.7333441181481
RF_AE_ECFP    :RMSD: 1.251079, P: 0.614057, R^2: 0.359986
RF_BET_ECFP的BA值    ：-12.63136293071184
RF_BET_ECFP    :RMSD: 1.220031, P: 0.636928, R^2: 0.391359
RF_AE_BET_ECFP的BA值    ：-12.548977581761257
RF_AE_BET_ECFP    :RMSD: 1.233001, P: 0.635208, R^2: 0.378349
fold= 6
>>>>>>>>>>>>>training.............
###############################################RF#####################################################
RF_BET的BA值：-12.955949168194222
RF_BET:RMSD: 1.188266, P: 0.616904, R^2: 0.364128
RF_AE的BA值 ：-11.903559075067491
RF_AE :RMSD: 1.237227, P: 0.607874, R^2: 0.310649
RF_ECFP的BA值 ：-13.139112407046804
RF_ECFP :RMSD: 1.169737, P: 0.625155, R^2: 0.383805
RF_AE_BET的BA值    ：-12.006622560303553
RF_AE_BET    :RMSD: 1.198172, P: 0.633053, R^2: 0.353482
RF_AE_ECFP的BA值    ：-12.404795556373331
RF_AE_ECFP    :RMSD: 1.179582, P: 0.646518, R^2: 0.373388
RF_BET_ECFP的BA值    ：-12.953357972912105
RF_BET_ECFP    :RMSD: 1.161459, P: 0.643230, R^2: 0.392495
RF_AE_BET_ECFP的BA值    ：-12.321337299412365
RF_AE_BET_ECFP    :RMSD: 1.173460, P: 0.649745, R^2: 0.379876
fold= 7
>>>>>>>>>>>>>training.............
###############################################RF#####################################################
RF_BET的BA值：-12.593817331668859
RF_BET:RMSD: 1.109103, P: 0.719104, R^2: 0.465797
RF_AE的BA值 ：-12.686880678854626
RF_AE :RMSD: 1.171164, P: 0.676193, R^2: 0.404341
RF_ECFP的BA值 ：-13.328639862824229
RF_ECFP :RMSD: 1.157994, P: 0.659874, R^2: 0.417661
RF_AE_BET的BA值    ：-12.585911720714497
RF_AE_BET    :RMSD: 1.130286, P: 0.712715, R^2: 0.445196
RF_AE_ECFP的BA值    ：-12.916059830810978
RF_AE_ECFP    :RMSD: 1.144808, P: 0.688920, R^2: 0.430848
RF_BET_ECFP的BA值    ：-12.961228597246544
RF_BET_ECFP    :RMSD: 1.117015, P: 0.706537, R^2: 0.458148
RF_AE_BET_ECFP的BA值    ：-12.772354141398774
RF_AE_BET_ECFP    :RMSD: 1.125499, P: 0.709206, R^2: 0.449886
fold= 8
>>>>>>>>>>>>>training.............
###############################################RF#####################################################
RF_BET的BA值：-12.483157015039394
RF_BET:RMSD: 1.060967, P: 0.663644, R^2: 0.403553
RF_AE的BA值 ：-12.682464912753197
RF_AE :RMSD: 1.122581, P: 0.580721, R^2: 0.332267
RF_ECFP的BA值 ：-12.90004034902696
RF_ECFP :RMSD: 1.134878, P: 0.580506, R^2: 0.317558
RF_AE_BET的BA值    ：-12.582810963896296
RF_AE_BET    :RMSD: 1.061764, P: 0.657005, R^2: 0.402657
RF_AE_ECFP的BA值    ：-12.791252630890078
RF_AE_ECFP    :RMSD: 1.096730, P: 0.620293, R^2: 0.362665
RF_BET_ECFP的BA值    ：-12.691598682033177
RF_BET_ECFP    :RMSD: 1.078911, P: 0.647840, R^2: 0.383208
RF_AE_BET_ECFP的BA值    ：-12.688554092273185
RF_AE_BET_ECFP    :RMSD: 1.069946, P: 0.653870, R^2: 0.393416
fold= 9
>>>>>>>>>>>>>training.............
###############################################RF#####################################################
RF_BET的BA值：-12.447364487308825
RF_BET:RMSD: 1.139551, P: 0.679416, R^2: 0.435512
RF_AE的BA值 ：-12.203600635238756
RF_AE :RMSD: 1.222851, P: 0.634178, R^2: 0.349969
RF_ECFP的BA值 ：-13.06015924450046
RF_ECFP :RMSD: 1.224557, P: 0.594217, R^2: 0.348153
RF_AE_BET的BA值    ：-12.325482561273791
RF_AE_BET    :RMSD: 1.167209, P: 0.677834, R^2: 0.407778
RF_AE_ECFP的BA值    ：-12.631879939869608
RF_AE_ECFP    :RMSD: 1.205350, P: 0.634836, R^2: 0.368442
RF_BET_ECFP的BA值    ：-12.753761865904643
RF_BET_ECFP    :RMSD: 1.167031, P: 0.656013, R^2: 0.407959
RF_AE_BET_ECFP的BA值    ：-12.570374789016014
RF_AE_BET_ECFP    :RMSD: 1.174514, P: 0.663513, R^2: 0.400342
fold= 10
>>>>>>>>>>>>>training.............
###############################################RF#####################################################
RF_BET的BA值：-12.100444289978142
RF_BET:RMSD: 1.000640, P: 0.747727, R^2: 0.518379
RF_AE的BA值 ：-12.266665265620375
RF_AE :RMSD: 1.061772, P: 0.715512, R^2: 0.457735
RF_ECFP的BA值 ：-12.184763163492825
RF_ECFP :RMSD: 0.938173, P: 0.796436, R^2: 0.576635
RF_AE_BET的BA值    ：-12.147217248143377
RF_AE_BET    :RMSD: 1.017552, P: 0.750124, R^2: 0.501962
RF_AE_ECFP的BA值    ：-12.221229572543447
RF_AE_ECFP    :RMSD: 0.980228, P: 0.786631, R^2: 0.537828
RF_BET_ECFP的BA值    ：-12.101781555066449
RF_BET_ECFP    :RMSD: 0.947312, P: 0.800061, R^2: 0.568347
RF_AE_BET_ECFP的BA值    ：-12.156742791917758
RF_AE_BET_ECFP    :RMSD: 0.975581, P: 0.788099, R^2: 0.542200
@@@@@@@@@@@@@@@@@@@@@@@@@@@@@@@@@@@@@@@@@@@最终结果@@@@@@@@@@@@@@@@@@@@@@@@@@@@@@@@@@@@@@@@@@@@@@@@@@
@@@@@@@@@@@@@@@@@@@@@@@@@@@@@@@@@@@@@@@@@@@最终结果@@@@@@@@@@@@@@@@@@@@@@@@@@@@@@@@@@@@@@@@@@@@@@@@@@
%%%%%%%%%%%%%%%%%%%%%%%%%%%%%%%%%%%%%%%%%%%RF%%%%%%%%%%%%%%%%%%%%%%%%%%%%%%%%%%%%%%%%%%%%%%%%%%%%%%
RF_BET:0-th Final RMSD: 1.138440, Final P: 0.671994, Final R^2: 0.428054
RF_AE :0-th Final RMSD: 1.208385, Final P: 0.618299, Final R^2: 0.355614
RF_ECFP :0-th Final RMSD: 1.172820, Final P: 0.636434, Final R^2: 0.392987
RF_AE_BET    :0-th Final RMSD: 1.158169, Final P: 0.667877, Final R^2: 0.408058
RF_AE_ECFP    :0-th Final RMSD: 1.169039, Final P: 0.657319, Final R^2: 0.396894
RF_BET_ECFP    :0-th Final RMSD: 1.137584, Final P: 0.677212, Final R^2: 0.428913
RF_AE_BET_ECFP    :0-th Final RMSD: 1.148751, Final P: 0.676499, Final R^2: 0.417645
0-th RF_AE的BA值 ：-12.867984
0-th RF_BET的BA值：-12.955949
0-th RF_ECFP的BA值 ：-13.328640
0-th RF_AE_BET的BA值：-12.744115
0-th RF_AE_ECFP的BA值    ：-12.916060
0-th RF_BET_ECFP的BA值    ：-12.961229
0-th RF_AE_BET_ECFP的BA值    ：-12.772354
total time: 11.973686217069625 h
