size of data: (77,)
size of train size: 61
RF parameter
Namespace(n_estimators=10000, dataset='CHEMBL6003', max_depth=7, min_samples_split=3, min_samples_leaf=1, criterion='mse', random_seed=0)
fold= 1
>>>>>>>>>>>>>training.............
###############################################RF#####################################################
RF_BET的BA值：-9.720728270653234
RF_BET:RMSD: 1.149141, P: -0.045482, R^2: -0.200425
RF_AE的BA值 ：-9.66331656303183
RF_AE :RMSD: 0.916920, P: 0.508907, R^2: 0.235722
RF_ECFP的BA值 ：-9.364425599209833
RF_ECFP :RMSD: 0.944370, P: 0.557788, R^2: 0.189276
RF_AE_BET的BA值    ：-9.500420873109428
RF_AE_BET    :RMSD: 1.018762, P: 0.279336, R^2: 0.056517
RF_AE_ECFP的BA值    ：-9.498012856529545
RF_AE_ECFP    :RMSD: 0.912735, P: 0.594162, R^2: 0.242681
RF_BET_ECFP的BA值    ：-9.297295176076856
RF_BET_ECFP    :RMSD: 1.035984, P: 0.241873, R^2: 0.024348
RF_AE_BET_ECFP的BA值    ：-9.33026580559931
RF_AE_BET_ECFP    :RMSD: 0.984536, P: 0.392988, R^2: 0.118846
fold= 2
>>>>>>>>>>>>>training.............
###############################################RF#####################################################
RF_BET的BA值：-9.63664517984349
RF_BET:RMSD: 1.179854, P: 0.385906, R^2: 0.131542
RF_AE的BA值 ：-9.36857139506608
RF_AE :RMSD: 1.373355, P: -0.163450, R^2: -0.176679
RF_ECFP的BA值 ：-9.101260712631179
RF_ECFP :RMSD: 1.263114, P: 0.114986, R^2: 0.004646
RF_AE_BET的BA值    ：-9.400306195398898
RF_AE_BET    :RMSD: 1.261262, P: 0.141717, R^2: 0.007564
RF_AE_ECFP的BA值    ：-9.172332273539286
RF_AE_ECFP    :RMSD: 1.315284, P: -0.051727, R^2: -0.079272
RF_BET_ECFP的BA值    ：-9.204067073872105
RF_BET_ECFP    :RMSD: 1.203497, P: 0.338328, R^2: 0.096387
RF_AE_BET_ECFP的BA值    ：-9.25890184760343
RF_AE_BET_ECFP    :RMSD: 1.256230, P: 0.144222, R^2: 0.015467
fold= 3
>>>>>>>>>>>>>training.............
###############################################RF#####################################################
RF_BET的BA值：-9.80950854937503
RF_BET:RMSD: 0.683549, P: 0.481719, R^2: -0.596153
RF_AE的BA值 ：-10.525728929581442
RF_AE :RMSD: 0.902922, P: 0.302674, R^2: -1.785069
RF_ECFP的BA值 ：-9.195299918341002
RF_ECFP :RMSD: 0.532134, P: 0.418218, R^2: 0.032664
RF_AE_BET的BA值    ：-9.682070003981224
RF_AE_BET    :RMSD: 0.683785, P: 0.454659, R^2: -0.597258
RF_AE_ECFP的BA值    ：-9.374965688464211
RF_AE_ECFP    :RMSD: 0.553162, P: 0.483963, R^2: -0.045296
RF_BET_ECFP的BA值    ：-9.502404233858016
RF_BET_ECFP    :RMSD: 0.566899, P: 0.489168, R^2: -0.097859
RF_AE_BET_ECFP的BA值    ：-9.519813308767818
RF_AE_BET_ECFP    :RMSD: 0.559168, P: 0.535815, R^2: -0.068122
fold= 4
>>>>>>>>>>>>>training.............
###############################################RF#####################################################
RF_BET的BA值：-9.645964484569191
RF_BET:RMSD: 1.486083, P: 0.443622, R^2: -0.409447
RF_AE的BA值 ：-9.607470840325224
RF_AE :RMSD: 1.567117, P: 0.465714, R^2: -0.567349
RF_ECFP的BA值 ：-10.061227905522546
RF_ECFP :RMSD: 1.435679, P: 0.410213, R^2: -0.315459
RF_AE_BET的BA值    ：-9.468326294515204
RF_AE_BET    :RMSD: 1.516035, P: 0.524053, R^2: -0.466835
RF_AE_ECFP的BA值    ：-9.701688229649218
RF_AE_ECFP    :RMSD: 1.485337, P: 0.455429, R^2: -0.408032
RF_BET_ECFP的BA值    ：-9.456200947147329
RF_BET_ECFP    :RMSD: 1.421514, P: 0.558245, R^2: -0.289629
RF_AE_BET_ECFP的BA值    ：-9.461791409236735
RF_AE_BET_ECFP    :RMSD: 1.467261, P: 0.542318, R^2: -0.373970
fold= 5
>>>>>>>>>>>>>training.............
###############################################RF#####################################################
RF_BET的BA值：-9.207246700983601
RF_BET:RMSD: 1.865048, P: 0.710183, R^2: 0.080317
RF_AE的BA值 ：-9.550883483142734
RF_AE :RMSD: 2.272781, P: -0.105872, R^2: -0.365756
RF_ECFP的BA值 ：-9.968824464228204
RF_ECFP :RMSD: 1.921762, P: 0.282770, R^2: 0.023534
RF_AE_BET的BA值    ：-9.379065092063168
RF_AE_BET    :RMSD: 2.056800, P: 0.213603, R^2: -0.118516
RF_AE_ECFP的BA值    ：-9.521999804241709
RF_AE_ECFP    :RMSD: 2.070598, P: 0.108121, R^2: -0.133573
RF_BET_ECFP的BA值    ：-9.53361761435387
RF_BET_ECFP    :RMSD: 1.880391, P: 0.464426, R^2: 0.065123
RF_AE_BET_ECFP的BA值    ：-9.380803457654318
RF_AE_BET_ECFP    :RMSD: 1.996597, P: 0.272499, R^2: -0.053996
fold= 6
>>>>>>>>>>>>>training.............
###############################################RF#####################################################
RF_BET的BA值：-9.682562583670894
RF_BET:RMSD: 0.870407, P: 0.114543, R^2: -0.118939
RF_AE的BA值 ：-9.5525072384347
RF_AE :RMSD: 0.863442, P: 0.117088, R^2: -0.101101
RF_ECFP的BA值 ：-10.357195699376005
RF_ECFP :RMSD: 1.122985, P: -0.131943, R^2: -0.862555
RF_AE_BET的BA值    ：-9.34927675822192
RF_AE_BET    :RMSD: 0.848866, P: 0.130164, R^2: -0.064240
RF_AE_ECFP的BA值    ：-9.954851468905353
RF_AE_ECFP    :RMSD: 0.976683, P: -0.046170, R^2: -0.408862
RF_BET_ECFP的BA值    ：-9.73848275910564
RF_BET_ECFP    :RMSD: 0.952478, P: -0.048158, R^2: -0.339895
RF_AE_BET_ECFP的BA值    ：-9.676490918881994
RF_AE_BET_ECFP    :RMSD: 0.916670, P: -0.000102, R^2: -0.241044
fold= 7
>>>>>>>>>>>>>training.............
###############################################RF#####################################################
RF_BET的BA值：-9.574103998478217
RF_BET:RMSD: 1.193539, P: 0.928669, R^2: 0.354794
RF_AE的BA值 ：-9.911773394276294
RF_AE :RMSD: 1.238347, P: 0.806252, R^2: 0.305441
RF_ECFP的BA值 ：-9.524503953715097
RF_ECFP :RMSD: 1.155173, P: 0.856659, R^2: 0.395607
RF_AE_BET的BA值    ：-9.742938696377255
RF_AE_BET    :RMSD: 1.203139, P: 0.952054, R^2: 0.344374
RF_AE_ECFP的BA值    ：-9.718138673995696
RF_AE_ECFP    :RMSD: 1.169513, P: 0.938328, R^2: 0.380510
RF_BET_ECFP的BA值    ：-9.549303976096656
RF_BET_ECFP    :RMSD: 1.160832, P: 0.943052, R^2: 0.389672
RF_AE_BET_ECFP的BA值    ：-9.67012711548987
RF_AE_BET_ECFP    :RMSD: 1.171839, P: 0.978844, R^2: 0.378042
fold= 8
>>>>>>>>>>>>>training.............
###############################################RF#####################################################
RF_BET的BA值：-9.316151653419476
RF_BET:RMSD: 2.305877, P: 0.274818, R^2: 0.049097
RF_AE的BA值 ：-9.726136059042966
RF_AE :RMSD: 2.038949, P: 0.769421, R^2: 0.256508
RF_ECFP的BA值 ：-9.109556405818022
RF_ECFP :RMSD: 2.386422, P: 0.124716, R^2: -0.018493
RF_AE_BET的BA值    ：-9.384039182876379
RF_AE_BET    :RMSD: 2.167465, P: 0.661345, R^2: 0.159828
RF_AE_ECFP的BA值    ：-9.185581668980674
RF_AE_ECFP    :RMSD: 2.204569, P: 0.702365, R^2: 0.130817
RF_BET_ECFP的BA值    ：-9.133677086583598
RF_BET_ECFP    :RMSD: 2.336689, P: 0.265502, R^2: 0.023515
RF_AE_BET_ECFP的BA值    ：-9.137701881557044
RF_AE_BET_ECFP    :RMSD: 2.233661, P: 0.622680, R^2: 0.107726
fold= 9
>>>>>>>>>>>>>training.............
###############################################RF#####################################################
RF_BET的BA值：-9.198786650599642
RF_BET:RMSD: 0.859573, P: 0.417725, R^2: 0.049687
RF_AE的BA值 ：-9.492716487216937
RF_AE :RMSD: 0.898196, P: 0.473392, R^2: -0.037633
RF_ECFP的BA值 ：-10.027111388542703
RF_ECFP :RMSD: 0.564723, P: 0.844959, R^2: 0.589823
RF_AE_BET的BA值    ：-9.339913631267265
RF_AE_BET    :RMSD: 0.867177, P: 0.470431, R^2: 0.032798
RF_AE_ECFP的BA值    ：-9.437996881477488
RF_AE_ECFP    :RMSD: 0.703543, P: 0.767702, R^2: 0.363378
RF_BET_ECFP的BA值    ：-9.496748971952835
RF_BET_ECFP    :RMSD: 0.697212, P: 0.758662, R^2: 0.374782
RF_AE_BET_ECFP的BA值    ：-9.280793439439314
RF_AE_BET_ECFP    :RMSD: 0.750390, P: 0.700858, R^2: 0.275773
fold= 10
>>>>>>>>>>>>>training.............
###############################################RF#####################################################
RF_BET的BA值：-10.121926071724513
RF_BET:RMSD: 1.489875, P: -0.525150, R^2: -1.433163
RF_AE的BA值 ：-9.760739169779328
RF_AE :RMSD: 1.146053, P: 0.068590, R^2: -0.439731
RF_ECFP的BA值 ：-9.261167798667534
RF_ECFP :RMSD: 1.350680, P: -0.477306, R^2: -0.999753
RF_AE_BET的BA值    ：-9.628382573196212
RF_AE_BET    :RMSD: 1.280455, P: -0.335961, R^2: -0.797218
RF_AE_ECFP的BA值    ：-9.331284460452101
RF_AE_ECFP    :RMSD: 1.228329, P: -0.145420, R^2: -0.653870
RF_BET_ECFP的BA值    ：-9.558265911411645
RF_BET_ECFP    :RMSD: 1.376393, P: -0.580596, R^2: -1.076618
RF_AE_BET_ECFP的BA值    ：-9.505977648353321
RF_AE_BET_ECFP    :RMSD: 1.282955, P: -0.394569, R^2: -0.804242
@@@@@@@@@@@@@@@@@@@@@@@@@@@@@@@@@@@@@@@@@@@最终结果@@@@@@@@@@@@@@@@@@@@@@@@@@@@@@@@@@@@@@@@@@@@@@@@@@
@@@@@@@@@@@@@@@@@@@@@@@@@@@@@@@@@@@@@@@@@@@最终结果@@@@@@@@@@@@@@@@@@@@@@@@@@@@@@@@@@@@@@@@@@@@@@@@@@
%%%%%%%%%%%%%%%%%%%%%%%%%%%%%%%%%%%%%%%%%%%RF%%%%%%%%%%%%%%%%%%%%%%%%%%%%%%%%%%%%%%%%%%%%%%%%%%%%%%
RF_BET:0-th Final RMSD: 1.378500, Final P: 0.226039, Final R^2: 0.046171
RF_AE :0-th Final RMSD: 1.402608, Final P: 0.198774, Final R^2: 0.012516
RF_ECFP :0-th Final RMSD: 1.366721, Final P: 0.265659, Final R^2: 0.062401
RF_AE_BET    :0-th Final RMSD: 1.367391, Final P: 0.249390, Final R^2: 0.061482
RF_AE_ECFP    :0-th Final RMSD: 1.355708, Final P: 0.281591, Final R^2: 0.077450
RF_BET_ECFP    :0-th Final RMSD: 1.348976, Final P: 0.297353, Final R^2: 0.086591
RF_AE_BET_ECFP    :0-th Final RMSD: 1.348837, Final P: 0.299060, Final R^2: 0.086778
0-th RF_AE的BA值 ：-10.525729
0-th RF_BET的BA值：-10.121926
0-th RF_ECFP的BA值 ：-10.357196
0-th RF_AE_BET的BA值：-9.742939
0-th RF_AE_ECFP的BA值    ：-9.954851
0-th RF_BET_ECFP的BA值    ：-9.738483
0-th RF_AE_BET_ECFP的BA值    ：-9.676491
total time: 0.46298835118611653 h
