size of data: (149,)
size of train size: 119
RF parameter
Namespace(n_estimators=10000, dataset='CHEMBL2073', max_depth=7, min_samples_split=3, min_samples_leaf=1, criterion='mse', random_seed=0)
fold= 1
>>>>>>>>>>>>>training.............
###############################################RF#####################################################
RF_BET的BA值：-11.596759085732621
RF_BET:RMSD: 1.217249, P: 0.790471, R^2: 0.595359
RF_AE的BA值 ：-11.5337757538802
RF_AE :RMSD: 1.137695, P: 0.831479, R^2: 0.646521
RF_ECFP的BA值 ：-11.985522059298285
RF_ECFP :RMSD: 1.323419, P: 0.752703, R^2: 0.521694
RF_AE_BET的BA值    ：-11.412480605508396
RF_AE_BET    :RMSD: 1.149727, P: 0.830023, R^2: 0.639006
RF_AE_ECFP的BA值    ：-11.759648906589241
RF_AE_ECFP    :RMSD: 1.140688, P: 0.814905, R^2: 0.644659
RF_BET_ECFP的BA值    ：-11.741902025819302
RF_BET_ECFP    :RMSD: 1.145518, P: 0.818352, R^2: 0.641644
RF_AE_BET_ECFP的BA值    ：-11.570668725640926
RF_AE_BET_ECFP    :RMSD: 1.116220, P: 0.834044, R^2: 0.659740
fold= 2
>>>>>>>>>>>>>training.............
###############################################RF#####################################################
RF_BET的BA值：-10.680466224979211
RF_BET:RMSD: 1.464222, P: 0.508644, R^2: 0.178952
RF_AE的BA值 ：-10.938309646377764
RF_AE :RMSD: 1.245853, P: 0.680205, R^2: 0.405587
RF_ECFP的BA值 ：-11.599316786559227
RF_ECFP :RMSD: 1.233607, P: 0.703583, R^2: 0.417215
RF_AE_BET的BA值    ：-10.748662302112352
RF_AE_BET    :RMSD: 1.318660, P: 0.651323, R^2: 0.334083
RF_AE_ECFP的BA值    ：-11.212149335466542
RF_AE_ECFP    :RMSD: 1.172920, P: 0.745219, R^2: 0.473145
RF_BET_ECFP的BA值    ：-11.131595187028662
RF_BET_ECFP    :RMSD: 1.307884, P: 0.658064, R^2: 0.344922
RF_AE_BET_ECFP的BA值    ：-10.882979534296283
RF_AE_BET_ECFP    :RMSD: 1.250901, P: 0.705018, R^2: 0.400761
fold= 3
>>>>>>>>>>>>>training.............
###############################################RF#####################################################
RF_BET的BA值：-11.566355402960852
RF_BET:RMSD: 1.189776, P: 0.848778, R^2: 0.648128
RF_AE的BA值 ：-11.660344443914003
RF_AE :RMSD: 1.158828, P: 0.848906, R^2: 0.666195
RF_ECFP的BA值 ：-12.002354832607137
RF_ECFP :RMSD: 1.064818, P: 0.854627, R^2: 0.718158
RF_AE_BET的BA值    ：-11.613349923437427
RF_AE_BET    :RMSD: 1.160671, P: 0.857961, R^2: 0.665132
RF_AE_ECFP的BA值    ：-11.83134963826057
RF_AE_ECFP    :RMSD: 1.065761, P: 0.866820, R^2: 0.717659
RF_BET_ECFP的BA值    ：-11.784355117783996
RF_BET_ECFP    :RMSD: 1.089266, P: 0.861796, R^2: 0.705067
RF_AE_BET_ECFP的BA值    ：-11.743018226493996
RF_AE_BET_ECFP    :RMSD: 1.094721, P: 0.866471, R^2: 0.702106
fold= 4
>>>>>>>>>>>>>training.............
###############################################RF#####################################################
RF_BET的BA值：-11.396532552888115
RF_BET:RMSD: 1.663101, P: 0.655415, R^2: 0.234450
RF_AE的BA值 ：-11.5117596520237
RF_AE :RMSD: 1.641749, P: 0.627703, R^2: 0.253981
RF_ECFP的BA值 ：-11.82356873560208
RF_ECFP :RMSD: 1.155697, P: 0.802964, R^2: 0.630321
RF_AE_BET的BA值    ：-11.454146102455908
RF_AE_BET    :RMSD: 1.605342, P: 0.689892, R^2: 0.286701
RF_AE_ECFP的BA值    ：-11.66766419381289
RF_AE_ECFP    :RMSD: 1.324761, P: 0.768407, R^2: 0.514252
RF_BET_ECFP的BA值    ：-11.610050644245097
RF_BET_ECFP    :RMSD: 1.338146, P: 0.780452, R^2: 0.504386
RF_AE_BET_ECFP的BA值    ：-11.5772869801713
RF_AE_BET_ECFP    :RMSD: 1.402146, P: 0.765710, R^2: 0.455845
fold= 5
>>>>>>>>>>>>>training.............
###############################################RF#####################################################
RF_BET的BA值：-11.283179266149883
RF_BET:RMSD: 1.408439, P: 0.753375, R^2: 0.500938
RF_AE的BA值 ：-11.651338955465842
RF_AE :RMSD: 1.400238, P: 0.732144, R^2: 0.506733
RF_ECFP的BA值 ：-11.817449991618895
RF_ECFP :RMSD: 1.464622, P: 0.679499, R^2: 0.460329
RF_AE_BET的BA值    ：-11.467259110807863
RF_AE_BET    :RMSD: 1.386097, P: 0.755807, R^2: 0.516645
RF_AE_ECFP的BA值    ：-11.73439447354237
RF_AE_ECFP    :RMSD: 1.397226, P: 0.724978, R^2: 0.508853
RF_BET_ECFP的BA值    ：-11.55031462888439
RF_BET_ECFP    :RMSD: 1.409120, P: 0.725320, R^2: 0.500455
RF_AE_BET_ECFP的BA值    ：-11.58398940441154
RF_AE_BET_ECFP    :RMSD: 1.388325, P: 0.740585, R^2: 0.515090
fold= 6
>>>>>>>>>>>>>training.............
###############################################RF#####################################################
RF_BET的BA值：-11.244661624692935
RF_BET:RMSD: 1.609940, P: 0.759108, R^2: 0.454747
RF_AE的BA值 ：-11.506341129032927
RF_AE :RMSD: 1.575425, P: 0.799126, R^2: 0.477875
RF_ECFP的BA值 ：-11.619992620038968
RF_ECFP :RMSD: 1.352645, P: 0.818554, R^2: 0.615101
RF_AE_BET的BA值    ：-11.375501376862932
RF_AE_BET    :RMSD: 1.579450, P: 0.795884, R^2: 0.475204
RF_AE_ECFP的BA值    ：-11.51182430747965
RF_AE_ECFP    :RMSD: 1.429673, P: 0.835595, R^2: 0.570016
RF_BET_ECFP的BA值    ：-11.380984555309652
RF_BET_ECFP    :RMSD: 1.453667, P: 0.815306, R^2: 0.555462
RF_AE_BET_ECFP的BA值    ：-11.422770079884076
RF_AE_BET_ECFP    :RMSD: 1.479624, P: 0.824765, R^2: 0.539445
fold= 7
>>>>>>>>>>>>>training.............
###############################################RF#####################################################
RF_BET的BA值：-11.345033968871805
RF_BET:RMSD: 1.343060, P: 0.766912, R^2: 0.533829
RF_AE的BA值 ：-11.74436174234438
RF_AE :RMSD: 1.278556, P: 0.785985, R^2: 0.577532
RF_ECFP的BA值 ：-12.262819940535662
RF_ECFP :RMSD: 1.302763, P: 0.755369, R^2: 0.561384
RF_AE_BET的BA值    ：-11.544697855608092
RF_AE_BET    :RMSD: 1.281711, P: 0.798449, R^2: 0.575445
RF_AE_ECFP的BA值    ：-12.00359084144002
RF_AE_ECFP    :RMSD: 1.238614, P: 0.788481, R^2: 0.603516
RF_BET_ECFP的BA值    ：-11.803926954703734
RF_BET_ECFP    :RMSD: 1.286796, P: 0.770610, R^2: 0.572069
RF_AE_BET_ECFP的BA值    ：-11.784071883917283
RF_AE_BET_ECFP    :RMSD: 1.255895, P: 0.790993, R^2: 0.592375
fold= 8
>>>>>>>>>>>>>training.............
###############################################RF#####################################################
RF_BET的BA值：-11.530701238544925
RF_BET:RMSD: 1.728217, P: 0.434226, R^2: 0.114080
RF_AE的BA值 ：-11.128210983097238
RF_AE :RMSD: 1.574664, P: 0.558532, R^2: 0.264515
RF_ECFP的BA值 ：-12.345822943826432
RF_ECFP :RMSD: 1.539068, P: 0.634360, R^2: 0.297391
RF_AE_BET的BA值    ：-11.292910436620005
RF_AE_BET    :RMSD: 1.570277, P: 0.580119, R^2: 0.268608
RF_AE_ECFP的BA值    ：-11.737016963461835
RF_AE_ECFP    :RMSD: 1.493122, P: 0.633418, R^2: 0.338715
RF_BET_ECFP的BA值    ：-11.776613450299056
RF_BET_ECFP    :RMSD: 1.560122, P: 0.592306, R^2: 0.278037
RF_AE_BET_ECFP的BA值    ：-11.560479294565118
RF_AE_BET_ECFP    :RMSD: 1.515902, P: 0.620291, R^2: 0.318384
fold= 9
>>>>>>>>>>>>>training.............
###############################################RF#####################################################
RF_BET的BA值：-10.973931542722363
RF_BET:RMSD: 1.352767, P: 0.750160, R^2: 0.213823
RF_AE的BA值 ：-10.962816764742318
RF_AE :RMSD: 1.648847, P: 0.452432, R^2: -0.167978
RF_ECFP的BA值 ：-11.711941073561364
RF_ECFP :RMSD: 1.550820, P: 0.591767, R^2: -0.033230
RF_AE_BET的BA值    ：-10.88592152282077
RF_AE_BET    :RMSD: 1.443324, P: 0.686857, R^2: 0.105044
RF_AE_ECFP的BA值    ：-10.949537689540392
RF_AE_ECFP    :RMSD: 1.364297, P: 0.670767, R^2: 0.200365
RF_BET_ECFP的BA值    ：-11.245955578480771
RF_BET_ECFP    :RMSD: 1.382340, P: 0.669593, R^2: 0.179074
RF_AE_BET_ECFP的BA值    ：-10.957376065349274
RF_AE_BET_ECFP    :RMSD: 1.352680, P: 0.702899, R^2: 0.213924
fold= 10
>>>>>>>>>>>>>training.............
###############################################RF#####################################################
RF_BET的BA值：-11.215623279910055
RF_BET:RMSD: 1.836122, P: 0.469914, R^2: 0.101469
RF_AE的BA值 ：-11.565662132628127
RF_AE :RMSD: 1.837157, P: 0.416926, R^2: 0.100456
RF_ECFP的BA值 ：-12.005054761707804
RF_ECFP :RMSD: 1.352355, P: 0.771955, R^2: 0.512571
RF_AE_BET的BA值    ：-11.390642706269091
RF_AE_BET    :RMSD: 1.799986, P: 0.461098, R^2: 0.136489
RF_AE_ECFP的BA值    ：-11.785358447167965
RF_AE_ECFP    :RMSD: 1.541020, P: 0.632662, R^2: 0.367083
RF_BET_ECFP的BA值    ：-11.61033902080893
RF_BET_ECFP    :RMSD: 1.549926, P: 0.670528, R^2: 0.359747
RF_AE_BET_ECFP的BA值    ：-11.595446724748662
RF_AE_BET_ECFP    :RMSD: 1.615635, P: 0.599735, R^2: 0.304309
@@@@@@@@@@@@@@@@@@@@@@@@@@@@@@@@@@@@@@@@@@@最终结果@@@@@@@@@@@@@@@@@@@@@@@@@@@@@@@@@@@@@@@@@@@@@@@@@@
@@@@@@@@@@@@@@@@@@@@@@@@@@@@@@@@@@@@@@@@@@@最终结果@@@@@@@@@@@@@@@@@@@@@@@@@@@@@@@@@@@@@@@@@@@@@@@@@@
%%%%%%%%%%%%%%%%%%%%%%%%%%%%%%%%%%%%%%%%%%%RF%%%%%%%%%%%%%%%%%%%%%%%%%%%%%%%%%%%%%%%%%%%%%%%%%%%%%%
RF_BET:0-th Final RMSD: 1.493268, Final P: 0.670063, Final R^2: 0.423071
RF_AE :0-th Final RMSD: 1.464701, Final P: 0.679509, Final R^2: 0.444934
RF_ECFP :0-th Final RMSD: 1.342217, Final P: 0.732112, Final R^2: 0.533886
RF_AE_BET    :0-th Final RMSD: 1.440659, Final P: 0.710813, Final R^2: 0.463006
RF_AE_ECFP    :0-th Final RMSD: 1.323710, Final P: 0.754020, Final R^2: 0.546651
RF_BET_ECFP    :0-th Final RMSD: 1.358844, Final P: 0.736929, Final R^2: 0.522266
RF_AE_BET_ECFP    :0-th Final RMSD: 1.354823, Final P: 0.749426, Final R^2: 0.525089
0-th RF_AE的BA值 ：-11.744362
0-th RF_BET的BA值：-11.596759
0-th RF_ECFP的BA值 ：-12.345823
0-th RF_AE_BET的BA值：-11.613350
0-th RF_AE_ECFP的BA值    ：-12.003591
0-th RF_BET_ECFP的BA值    ：-11.803927
0-th RF_AE_BET_ECFP的BA值    ：-11.784072
total time: 0.8919122500552071 h
