size of data: (313,)
size of train size: 250
RF parameter
Namespace(n_estimators=10000, dataset='CHEMBL1293255', max_depth=7, min_samples_split=3, min_samples_leaf=1, criterion='mse', random_seed=0)
fold= 1
>>>>>>>>>>>>>training.............
###############################################RF#####################################################
RF_BET的BA值：-11.97166457013562
RF_BET:RMSD: 0.742316, P: 0.794250, R^2: 0.624914
RF_AE的BA值 ：-12.089131630935999
RF_AE :RMSD: 0.871909, P: 0.708787, R^2: 0.482518
RF_ECFP的BA值 ：-11.93815140892287
RF_ECFP :RMSD: 0.827591, P: 0.735073, R^2: 0.533787
RF_AE_BET的BA值    ：-11.823382617661352
RF_AE_BET    :RMSD: 0.786878, P: 0.767017, R^2: 0.578529
RF_AE_ECFP的BA值    ：-12.00295254385675
RF_AE_ECFP    :RMSD: 0.815799, P: 0.742042, R^2: 0.546978
RF_BET_ECFP的BA值    ：-11.954907989529245
RF_BET_ECFP    :RMSD: 0.751680, P: 0.785221, R^2: 0.615391
RF_AE_BET_ECFP的BA值    ：-11.854512897366737
RF_AE_BET_ECFP    :RMSD: 0.774793, P: 0.771451, R^2: 0.591375
fold= 2
>>>>>>>>>>>>>training.............
###############################################RF#####################################################
RF_BET的BA值：-12.14381397195705
RF_BET:RMSD: 0.851673, P: 0.799249, R^2: 0.613583
RF_AE的BA值 ：-12.034365964756544
RF_AE :RMSD: 0.867524, P: 0.789476, R^2: 0.599066
RF_ECFP的BA值 ：-12.157297067631879
RF_ECFP :RMSD: 0.855110, P: 0.825181, R^2: 0.610458
RF_AE_BET的BA值    ：-12.089089968356797
RF_AE_BET    :RMSD: 0.848065, P: 0.800991, R^2: 0.616850
RF_AE_ECFP的BA值    ：-12.095831516194211
RF_AE_ECFP    :RMSD: 0.844021, P: 0.815920, R^2: 0.620496
RF_BET_ECFP的BA值    ：-12.150555519794464
RF_BET_ECFP    :RMSD: 0.835803, P: 0.822094, R^2: 0.627850
RF_AE_BET_ECFP的BA值    ：-12.111825668115157
RF_AE_BET_ECFP    :RMSD: 0.837420, P: 0.815805, R^2: 0.626409
fold= 3
>>>>>>>>>>>>>training.............
###############################################RF#####################################################
RF_BET的BA值：-12.101090056509397
RF_BET:RMSD: 0.950276, P: 0.599711, R^2: 0.316939
RF_AE的BA值 ：-11.918534626467443
RF_AE :RMSD: 0.959545, P: 0.611667, R^2: 0.303549
RF_ECFP的BA值 ：-12.120555128693734
RF_ECFP :RMSD: 0.972771, P: 0.654846, R^2: 0.284217
RF_AE_BET的BA值    ：-12.00981234148842
RF_AE_BET    :RMSD: 0.940118, P: 0.614991, R^2: 0.331465
RF_AE_ECFP的BA值    ：-12.01954487758059
RF_AE_ECFP    :RMSD: 0.947303, P: 0.642614, R^2: 0.321207
RF_BET_ECFP的BA值    ：-12.110822592601565
RF_BET_ECFP    :RMSD: 0.940015, P: 0.637452, R^2: 0.331610
RF_AE_BET_ECFP的BA值    ：-12.04672660389019
RF_AE_BET_ECFP    :RMSD: 0.936263, P: 0.634948, R^2: 0.336936
fold= 4
>>>>>>>>>>>>>training.............
###############################################RF#####################################################
RF_BET的BA值：-11.977252252370617
RF_BET:RMSD: 1.002501, P: 0.744032, R^2: 0.529807
RF_AE的BA值 ：-11.756619549768372
RF_AE :RMSD: 0.866190, P: 0.841058, R^2: 0.648979
RF_ECFP的BA值 ：-11.918159218608551
RF_ECFP :RMSD: 0.886283, P: 0.803060, R^2: 0.632505
RF_AE_BET的BA值    ：-11.697355783305568
RF_AE_BET    :RMSD: 0.920921, P: 0.808476, R^2: 0.603218
RF_AE_ECFP的BA值    ：-11.787473055143597
RF_AE_ECFP    :RMSD: 0.859349, P: 0.832210, R^2: 0.654501
RF_BET_ECFP的BA值    ：-11.947705735489585
RF_BET_ECFP    :RMSD: 0.929460, P: 0.787430, R^2: 0.595826
RF_AE_BET_ECFP的BA值    ：-11.770956928406562
RF_AE_BET_ECFP    :RMSD: 0.898214, P: 0.813794, R^2: 0.622544
fold= 5
>>>>>>>>>>>>>training.............
###############################################RF#####################################################
RF_BET的BA值：-11.798932552258586
RF_BET:RMSD: 1.090892, P: 0.731710, R^2: 0.473759
RF_AE的BA值 ：-11.934982805183058
RF_AE :RMSD: 1.073694, P: 0.738672, R^2: 0.490221
RF_ECFP的BA值 ：-11.981793511327224
RF_ECFP :RMSD: 1.096835, P: 0.734740, R^2: 0.468009
RF_AE_BET的BA值    ：-11.821722299912363
RF_AE_BET    :RMSD: 1.068918, P: 0.747044, R^2: 0.494745
RF_AE_ECFP的BA值    ：-11.95838815825514
RF_AE_ECFP    :RMSD: 1.060117, P: 0.750661, R^2: 0.503032
RF_BET_ECFP的BA值    ：-11.845127652984445
RF_BET_ECFP    :RMSD: 1.060500, P: 0.749228, R^2: 0.502672
RF_AE_BET_ECFP的BA值    ：-11.87507937038398
RF_AE_BET_ECFP    :RMSD: 1.055065, P: 0.754089, R^2: 0.507757
fold= 6
>>>>>>>>>>>>>training.............
###############################################RF#####################################################
RF_BET的BA值：-11.757275780352918
RF_BET:RMSD: 0.867119, P: 0.887394, R^2: 0.648449
RF_AE的BA值 ：-11.829051173620151
RF_AE :RMSD: 1.029638, P: 0.842385, R^2: 0.504322
RF_ECFP的BA值 ：-11.894160674509594
RF_ECFP :RMSD: 0.887212, P: 0.798677, R^2: 0.631968
RF_AE_BET的BA值    ：-11.793135285496676
RF_AE_BET    :RMSD: 0.924798, P: 0.887543, R^2: 0.600124
RF_AE_ECFP的BA值    ：-11.8198418512231
RF_AE_ECFP    :RMSD: 0.846755, P: 0.876393, R^2: 0.664768
RF_BET_ECFP的BA值    ：-11.783925963099625
RF_BET_ECFP    :RMSD: 0.821934, P: 0.864683, R^2: 0.684132
RF_AE_BET_ECFP的BA值    ：-11.7989676999398
RF_AE_BET_ECFP    :RMSD: 0.842753, P: 0.889077, R^2: 0.667929
fold= 7
>>>>>>>>>>>>>training.............
###############################################RF#####################################################
RF_BET的BA值：-11.959838642317912
RF_BET:RMSD: 1.077190, P: 0.804986, R^2: 0.566303
RF_AE的BA值 ：-11.832251301495528
RF_AE :RMSD: 0.967940, P: 0.876530, R^2: 0.649814
RF_ECFP的BA值 ：-11.888113258873151
RF_ECFP :RMSD: 0.998129, P: 0.815728, R^2: 0.627630
RF_AE_BET的BA值    ：-11.89604497190672
RF_AE_BET    :RMSD: 1.006625, P: 0.855157, R^2: 0.621263
RF_AE_ECFP的BA值    ：-11.848873593490556
RF_AE_ECFP    :RMSD: 0.955605, P: 0.861692, R^2: 0.658683
RF_BET_ECFP的BA值    ：-11.912667263901746
RF_BET_ECFP    :RMSD: 1.025808, P: 0.817629, R^2: 0.606691
RF_AE_BET_ECFP的BA值    ：-11.885861943099675
RF_AE_BET_ECFP    :RMSD: 0.990035, P: 0.848753, R^2: 0.633645
fold= 8
>>>>>>>>>>>>>training.............
###############################################RF#####################################################
RF_BET的BA值：-11.70443842976163
RF_BET:RMSD: 0.948580, P: 0.863293, R^2: 0.674183
RF_AE的BA值 ：-11.73763972591994
RF_AE :RMSD: 0.927021, P: 0.870744, R^2: 0.688825
RF_ECFP的BA值 ：-11.979751416507513
RF_ECFP :RMSD: 1.003038, P: 0.829900, R^2: 0.635699
RF_AE_BET的BA值    ：-11.710734927858935
RF_AE_BET    :RMSD: 0.930841, P: 0.872596, R^2: 0.686255
RF_AE_ECFP的BA值    ：-11.848391421231877
RF_AE_ECFP    :RMSD: 0.930502, P: 0.871548, R^2: 0.686484
RF_BET_ECFP的BA值    ：-11.842094923134571
RF_BET_ECFP    :RMSD: 0.947843, P: 0.862669, R^2: 0.674689
RF_AE_BET_ECFP的BA值    ：-11.800407090741794
RF_AE_BET_ECFP    :RMSD: 0.928413, P: 0.874294, R^2: 0.687890
fold= 9
>>>>>>>>>>>>>training.............
###############################################RF#####################################################
RF_BET的BA值：-12.118925934045402
RF_BET:RMSD: 0.701263, P: 0.788841, R^2: 0.576605
RF_AE的BA值 ：-11.915961157694165
RF_AE :RMSD: 0.801115, P: 0.736935, R^2: 0.447447
RF_ECFP的BA值 ：-11.939261281451804
RF_ECFP :RMSD: 0.767885, P: 0.743497, R^2: 0.492336
RF_AE_BET的BA值    ：-12.017443545869783
RF_AE_BET    :RMSD: 0.736394, P: 0.772357, R^2: 0.533121
RF_AE_ECFP的BA值    ：-11.927611219572984
RF_AE_ECFP    :RMSD: 0.747340, P: 0.759870, R^2: 0.519139
RF_BET_ECFP的BA值    ：-12.029093607748603
RF_BET_ECFP    :RMSD: 0.715498, P: 0.776534, R^2: 0.559242
RF_AE_BET_ECFP的BA值    ：-11.99138279106379
RF_AE_BET_ECFP    :RMSD: 0.724777, P: 0.774172, R^2: 0.547735
fold= 10
>>>>>>>>>>>>>training.............
###############################################RF#####################################################
RF_BET的BA值：-11.668405274040719
RF_BET:RMSD: 0.893720, P: 0.734230, R^2: 0.519718
RF_AE的BA值 ：-11.689796155255726
RF_AE :RMSD: 0.933816, P: 0.698436, R^2: 0.475657
RF_ECFP的BA值 ：-11.900711949635548
RF_ECFP :RMSD: 0.921972, P: 0.705495, R^2: 0.488873
RF_AE_BET的BA值    ：-11.580311470254632
RF_AE_BET    :RMSD: 0.899688, P: 0.730079, R^2: 0.513282
RF_AE_ECFP的BA值    ：-11.78021515399606
RF_AE_ECFP    :RMSD: 0.901248, P: 0.718420, R^2: 0.511593
RF_BET_ECFP的BA值    ：-11.784558611838133
RF_BET_ECFP    :RMSD: 0.884584, P: 0.729451, R^2: 0.529487
RF_AE_BET_ECFP的BA值    ：-11.663491392780784
RF_AE_BET_ECFP    :RMSD: 0.887939, P: 0.730678, R^2: 0.525911
@@@@@@@@@@@@@@@@@@@@@@@@@@@@@@@@@@@@@@@@@@@最终结果@@@@@@@@@@@@@@@@@@@@@@@@@@@@@@@@@@@@@@@@@@@@@@@@@@
@@@@@@@@@@@@@@@@@@@@@@@@@@@@@@@@@@@@@@@@@@@最终结果@@@@@@@@@@@@@@@@@@@@@@@@@@@@@@@@@@@@@@@@@@@@@@@@@@
%%%%%%%%%%%%%%%%%%%%%%%%%%%%%%%%%%%%%%%%%%%RF%%%%%%%%%%%%%%%%%%%%%%%%%%%%%%%%%%%%%%%%%%%%%%%%%%%%%%
RF_BET:0-th Final RMSD: 0.920075, Final P: 0.765582, Final R^2: 0.573853
RF_AE :0-th Final RMSD: 0.932801, Final P: 0.754157, Final R^2: 0.561983
RF_ECFP :0-th Final RMSD: 0.925925, Final P: 0.757013, Final R^2: 0.568418
RF_AE_BET    :0-th Final RMSD: 0.910553, Final P: 0.772288, Final R^2: 0.582628
RF_AE_ECFP    :0-th Final RMSD: 0.894447, Final P: 0.776400, Final R^2: 0.597263
RF_BET_ECFP    :0-th Final RMSD: 0.897098, Final P: 0.776013, Final R^2: 0.594872
RF_AE_BET_ECFP    :0-th Final RMSD: 0.892046, Final P: 0.780756, Final R^2: 0.599422
0-th RF_AE的BA值 ：-12.089132
0-th RF_BET的BA值：-12.143814
0-th RF_ECFP的BA值 ：-12.157297
0-th RF_AE_BET的BA值：-12.089090
0-th RF_AE_ECFP的BA值    ：-12.095832
0-th RF_BET_ECFP的BA值    ：-12.150556
0-th RF_AE_BET_ECFP的BA值    ：-12.111826
total time: 1.9424582932392755 h
