size of data: (260,)
size of train size: 208
RF parameter
Namespace(n_estimators=10000, dataset='CHEMBL3475', max_depth=7, min_samples_split=3, min_samples_leaf=1, criterion='mse', random_seed=0)
fold= 1
>>>>>>>>>>>>>training.............
###############################################RF#####################################################
RF_BET的BA值：-9.863070387209996
RF_BET:RMSD: 0.916839, P: 0.641462, R^2: 0.327137
RF_AE的BA值 ：-9.341769543887525
RF_AE :RMSD: 0.935315, P: 0.691865, R^2: 0.299745
RF_ECFP的BA值 ：-11.243903137533552
RF_ECFP :RMSD: 0.839329, P: 0.695592, R^2: 0.436097
RF_AE_BET的BA值    ：-9.60241996554876
RF_AE_BET    :RMSD: 0.918744, P: 0.677884, R^2: 0.324338
RF_AE_ECFP的BA值    ：-10.292836340710538
RF_AE_ECFP    :RMSD: 0.862360, P: 0.714291, R^2: 0.404726
RF_BET_ECFP的BA值    ：-10.553486762371774
RF_BET_ECFP    :RMSD: 0.860610, P: 0.688913, R^2: 0.407138
RF_AE_BET_ECFP的BA值    ：-10.149581022877024
RF_AE_BET_ECFP    :RMSD: 0.875198, P: 0.700699, R^2: 0.386870
fold= 2
>>>>>>>>>>>>>training.............
###############################################RF#####################################################
RF_BET的BA值：-10.670879213180253
RF_BET:RMSD: 0.853020, P: 0.681657, R^2: 0.456210
RF_AE的BA值 ：-11.006076933486545
RF_AE :RMSD: 0.889913, P: 0.668859, R^2: 0.408155
RF_ECFP的BA值 ：-11.25043846426888
RF_ECFP :RMSD: 0.831795, P: 0.697775, R^2: 0.482934
RF_AE_BET的BA值    ：-10.838478073333398
RF_AE_BET    :RMSD: 0.861430, P: 0.683778, R^2: 0.445434
RF_AE_ECFP的BA值    ：-11.128257698877713
RF_AE_ECFP    :RMSD: 0.848635, P: 0.688749, R^2: 0.461786
RF_BET_ECFP的BA值    ：-10.960658838724566
RF_BET_ECFP    :RMSD: 0.835723, P: 0.693952, R^2: 0.478040
RF_AE_BET_ECFP的BA值    ：-10.975798203645226
RF_AE_BET_ECFP    :RMSD: 0.845329, P: 0.690705, R^2: 0.465971
fold= 3
>>>>>>>>>>>>>training.............
###############################################RF#####################################################
RF_BET的BA值：-8.65023507261287
RF_BET:RMSD: 0.829269, P: 0.476368, R^2: 0.136054
RF_AE的BA值 ：-8.39027698020936
RF_AE :RMSD: 0.759379, P: 0.534167, R^2: 0.275542
RF_ECFP的BA值 ：-9.265376796709774
RF_ECFP :RMSD: 0.736955, P: 0.665583, R^2: 0.317695
RF_AE_BET的BA值    ：-8.520256026411115
RF_AE_BET    :RMSD: 0.781648, P: 0.519637, R^2: 0.232430
RF_AE_ECFP的BA值    ：-8.827826888459567
RF_AE_ECFP    :RMSD: 0.724195, P: 0.631700, R^2: 0.341118
RF_BET_ECFP的BA值    ：-8.957805934661323
RF_BET_ECFP    :RMSD: 0.773461, P: 0.600167, R^2: 0.248425
RF_AE_BET_ECFP的BA值    ：-8.768629616510669
RF_AE_BET_ECFP    :RMSD: 0.754781, P: 0.593223, R^2: 0.284289
fold= 4
>>>>>>>>>>>>>training.............
###############################################RF#####################################################
RF_BET的BA值：-9.064680744033003
RF_BET:RMSD: 0.618582, P: 0.656294, R^2: 0.428373
RF_AE的BA值 ：-9.208207693130797
RF_AE :RMSD: 0.632616, P: 0.645038, R^2: 0.402141
RF_ECFP的BA值 ：-9.45901965316545
RF_ECFP :RMSD: 0.734869, P: 0.543149, R^2: 0.193251
RF_AE_BET的BA值    ：-9.1364442185819
RF_AE_BET    :RMSD: 0.612852, P: 0.664606, R^2: 0.438914
RF_AE_ECFP的BA值    ：-9.22500372038506
RF_AE_ECFP    :RMSD: 0.673546, P: 0.601606, R^2: 0.322277
RF_BET_ECFP的BA值    ：-9.206310790948585
RF_BET_ECFP    :RMSD: 0.661690, P: 0.607397, R^2: 0.345926
RF_AE_BET_ECFP的BA值    ：-9.171562728267707
RF_AE_BET_ECFP    :RMSD: 0.645106, P: 0.627709, R^2: 0.378301
fold= 5
>>>>>>>>>>>>>training.............
###############################################RF#####################################################
RF_BET的BA值：-8.940096500677003
RF_BET:RMSD: 0.518230, P: 0.737148, R^2: 0.533183
RF_AE的BA值 ：-8.865045311079433
RF_AE :RMSD: 0.543785, P: 0.699421, R^2: 0.486008
RF_ECFP的BA值 ：-9.7688435917224
RF_ECFP :RMSD: 0.619818, P: 0.634395, R^2: 0.332225
RF_AE_BET的BA值    ：-8.902570905878218
RF_AE_BET    :RMSD: 0.519752, P: 0.732670, R^2: 0.530436
RF_AE_ECFP的BA值    ：-9.316944451400916
RF_AE_ECFP    :RMSD: 0.565844, P: 0.677160, R^2: 0.443462
RF_BET_ECFP的BA值    ：-9.354470046199701
RF_BET_ECFP    :RMSD: 0.551522, P: 0.692539, R^2: 0.471278
RF_AE_BET_ECFP的BA值    ：-9.19132846782628
RF_AE_BET_ECFP    :RMSD: 0.540530, P: 0.704347, R^2: 0.492143
fold= 6
>>>>>>>>>>>>>training.............
###############################################RF#####################################################
RF_BET的BA值：-8.899006862929363
RF_BET:RMSD: 0.657582, P: 0.561248, R^2: 0.294831
RF_AE的BA值 ：-9.118046642320582
RF_AE :RMSD: 0.616258, P: 0.634419, R^2: 0.380675
RF_ECFP的BA值 ：-9.009431179501277
RF_ECFP :RMSD: 0.541668, P: 0.737743, R^2: 0.521524
RF_AE_BET的BA值    ：-8.90630212220248
RF_AE_BET    :RMSD: 0.617585, P: 0.626751, R^2: 0.378005
RF_AE_ECFP的BA值    ：-8.961514280488437
RF_AE_ECFP    :RMSD: 0.554480, P: 0.715961, R^2: 0.498622
RF_BET_ECFP的BA值    ：-8.95421902121532
RF_BET_ECFP    :RMSD: 0.590339, P: 0.673833, R^2: 0.431676
RF_AE_BET_ECFP的BA值    ：-8.940678474635412
RF_AE_BET_ECFP    :RMSD: 0.581554, P: 0.682592, R^2: 0.448465
fold= 7
>>>>>>>>>>>>>training.............
###############################################RF#####################################################
RF_BET的BA值：-9.17710080538501
RF_BET:RMSD: 0.926360, P: 0.724737, R^2: 0.386189
RF_AE的BA值 ：-9.298407371558433
RF_AE :RMSD: 0.889215, P: 0.819693, R^2: 0.434428
RF_ECFP的BA值 ：-9.185693954736564
RF_ECFP :RMSD: 0.896911, P: 0.719744, R^2: 0.424596
RF_AE_BET的BA值    ：-9.237754088471721
RF_AE_BET    :RMSD: 0.902971, P: 0.784172, R^2: 0.416794
RF_AE_ECFP的BA值    ：-9.224772055094839
RF_AE_ECFP    :RMSD: 0.881927, P: 0.788756, R^2: 0.443660
RF_BET_ECFP的BA值    ：-9.164118772008127
RF_BET_ECFP    :RMSD: 0.900225, P: 0.747045, R^2: 0.420335
RF_AE_BET_ECFP的BA值    ：-9.208881638524895
RF_AE_BET_ECFP    :RMSD: 0.891998, P: 0.780522, R^2: 0.430883
fold= 8
>>>>>>>>>>>>>training.............
###############################################RF#####################################################
RF_BET的BA值：-8.905569214929356
RF_BET:RMSD: 0.728653, P: 0.790044, R^2: 0.508199
RF_AE的BA值 ：-9.407620725693821
RF_AE :RMSD: 0.619360, P: 0.866119, R^2: 0.644668
RF_ECFP的BA值 ：-9.260471420879108
RF_ECFP :RMSD: 0.640714, P: 0.799010, R^2: 0.619744
RF_AE_BET的BA值    ：-9.068772992816287
RF_AE_BET    :RMSD: 0.660109, P: 0.853210, R^2: 0.596374
RF_AE_ECFP的BA值    ：-9.037322107826228
RF_AE_ECFP    :RMSD: 0.587296, P: 0.875067, R^2: 0.680506
RF_BET_ECFP的BA值    ：-8.828386205483177
RF_BET_ECFP    :RMSD: 0.652797, P: 0.833490, R^2: 0.605266
RF_AE_BET_ECFP的BA值    ：-8.825902061981733
RF_AE_BET_ECFP    :RMSD: 0.623803, P: 0.868169, R^2: 0.639553
fold= 9
>>>>>>>>>>>>>training.............
###############################################RF#####################################################
RF_BET的BA值：-8.78172272135952
RF_BET:RMSD: 0.660501, P: 0.568747, R^2: 0.264235
RF_AE的BA值 ：-8.98538950516154
RF_AE :RMSD: 0.689781, P: 0.638940, R^2: 0.197557
RF_ECFP的BA值 ：-8.846037811940144
RF_ECFP :RMSD: 0.555983, P: 0.705841, R^2: 0.478667
RF_AE_BET的BA值    ：-8.752601407770175
RF_AE_BET    :RMSD: 0.654302, P: 0.633375, R^2: 0.277980
RF_AE_ECFP的BA值    ：-8.862475283644304
RF_AE_ECFP    :RMSD: 0.586263, P: 0.718571, R^2: 0.420335
RF_BET_ECFP的BA值    ：-8.677128480584322
RF_BET_ECFP    :RMSD: 0.592841, P: 0.666421, R^2: 0.407254
RF_AE_BET_ECFP的BA值    ：-8.744389905505702
RF_AE_BET_ECFP    :RMSD: 0.602949, P: 0.685601, R^2: 0.386869
fold= 10
>>>>>>>>>>>>>training.............
###############################################RF#####################################################
RF_BET的BA值：-9.705801863324677
RF_BET:RMSD: 1.059049, P: 0.806753, R^2: 0.516023
RF_AE的BA值 ：-9.434330737001773
RF_AE :RMSD: 1.080900, P: 0.786237, R^2: 0.495846
RF_ECFP的BA值 ：-8.745778065510372
RF_ECFP :RMSD: 1.194816, P: 0.785433, R^2: 0.383980
RF_AE_BET的BA值    ：-9.570066300163225
RF_AE_BET    :RMSD: 1.057359, P: 0.820325, R^2: 0.517567
RF_AE_ECFP的BA值    ：-9.090054401256072
RF_AE_ECFP    :RMSD: 1.111980, P: 0.833611, R^2: 0.466437
RF_BET_ECFP的BA值    ：-9.225789964417524
RF_BET_ECFP    :RMSD: 1.111960, P: 0.822667, R^2: 0.466456
RF_AE_BET_ECFP的BA值    ：-9.29530355527894
RF_AE_BET_ECFP    :RMSD: 1.087624, P: 0.836260, R^2: 0.489554
@@@@@@@@@@@@@@@@@@@@@@@@@@@@@@@@@@@@@@@@@@@最终结果@@@@@@@@@@@@@@@@@@@@@@@@@@@@@@@@@@@@@@@@@@@@@@@@@@
@@@@@@@@@@@@@@@@@@@@@@@@@@@@@@@@@@@@@@@@@@@最终结果@@@@@@@@@@@@@@@@@@@@@@@@@@@@@@@@@@@@@@@@@@@@@@@@@@
%%%%%%%%%%%%%%%%%%%%%%%%%%%%%%%%%%%%%%%%%%%RF%%%%%%%%%%%%%%%%%%%%%%%%%%%%%%%%%%%%%%%%%%%%%%%%%%%%%%
RF_BET:0-th Final RMSD: 0.792873, Final P: 0.670595, Final R^2: 0.429218
RF_AE :0-th Final RMSD: 0.783425, Final P: 0.676139, Final R^2: 0.442739
RF_ECFP :0-th Final RMSD: 0.781584, Final P: 0.669787, Final R^2: 0.445355
RF_AE_BET    :0-th Final RMSD: 0.775982, Final P: 0.693917, Final R^2: 0.453277
RF_AE_ECFP    :0-th Final RMSD: 0.759770, Final P: 0.704052, Final R^2: 0.475883
RF_BET_ECFP    :0-th Final RMSD: 0.771511, Final P: 0.690934, Final R^2: 0.459559
RF_AE_BET_ECFP    :0-th Final RMSD: 0.763417, Final P: 0.705269, Final R^2: 0.470840
0-th RF_AE的BA值 ：-11.006077
0-th RF_BET的BA值：-10.670879
0-th RF_ECFP的BA值 ：-11.250438
0-th RF_AE_BET的BA值：-10.838478
0-th RF_AE_ECFP的BA值    ：-11.128258
0-th RF_BET_ECFP的BA值    ：-10.960659
0-th RF_AE_BET_ECFP的BA值    ：-10.975798
total time: 1.6530724444654252 h
