size of data: (798,)
size of train size: 638
RF parameter
Namespace(n_estimators=10000, dataset='CHEMBL3869', max_depth=7, min_samples_split=3, min_samples_leaf=1, criterion='mse', random_seed=0)
fold= 1
>>>>>>>>>>>>>training.............
###############################################RF#####################################################
RF_BET的BA值：-10.583284656207388
RF_BET:RMSD: 1.357052, P: 0.571783, R^2: 0.303970
RF_AE的BA值 ：-10.68395184332241
RF_AE :RMSD: 1.361801, P: 0.594168, R^2: 0.299089
RF_ECFP的BA值 ：-11.172630278118172
RF_ECFP :RMSD: 1.264063, P: 0.630954, R^2: 0.396089
RF_AE_BET的BA值    ：-10.512805255750436
RF_AE_BET    :RMSD: 1.349733, P: 0.597996, R^2: 0.311457
RF_AE_ECFP的BA值    ：-10.92829106072029
RF_AE_ECFP    :RMSD: 1.273094, P: 0.655206, R^2: 0.387429
RF_BET_ECFP的BA值    ：-10.86131447149258
RF_BET_ECFP    :RMSD: 1.278954, P: 0.636658, R^2: 0.381777
RF_AE_BET_ECFP的BA值    ：-10.721651599426215
RF_AE_BET_ECFP    :RMSD: 1.291818, P: 0.643190, R^2: 0.369278
fold= 2
>>>>>>>>>>>>>training.............
###############################################RF#####################################################
RF_BET的BA值：-10.669432812616561
RF_BET:RMSD: 1.074306, P: 0.710738, R^2: 0.469032
RF_AE的BA值 ：-10.690529383088096
RF_AE :RMSD: 1.157413, P: 0.644121, R^2: 0.383706
RF_ECFP的BA值 ：-11.203597778291828
RF_ECFP :RMSD: 1.078339, P: 0.687813, R^2: 0.465039
RF_AE_BET的BA值    ：-10.679981097852329
RF_AE_BET    :RMSD: 1.103040, P: 0.697128, R^2: 0.440250
RF_AE_ECFP的BA值    ：-10.825375488532266
RF_AE_ECFP    :RMSD: 1.101014, P: 0.684728, R^2: 0.442305
RF_BET_ECFP的BA值    ：-10.844040714152042
RF_BET_ECFP    :RMSD: 1.050617, P: 0.725910, R^2: 0.492191
RF_AE_BET_ECFP的BA值    ：-10.759481029632843
RF_AE_BET_ECFP    :RMSD: 1.078803, P: 0.710492, R^2: 0.464578
fold= 3
>>>>>>>>>>>>>training.............
###############################################RF#####################################################
RF_BET的BA值：-10.94152277859179
RF_BET:RMSD: 1.258571, P: 0.720778, R^2: 0.472575
RF_AE的BA值 ：-10.834807637452064
RF_AE :RMSD: 1.286707, P: 0.714776, R^2: 0.448730
RF_ECFP的BA值 ：-11.422145043752836
RF_ECFP :RMSD: 1.100758, P: 0.783793, R^2: 0.596551
RF_AE_BET的BA值    ：-10.847042386822894
RF_AE_BET    :RMSD: 1.259036, P: 0.735375, R^2: 0.472185
RF_AE_ECFP的BA值    ：-11.02353855981146
RF_AE_ECFP    :RMSD: 1.153308, P: 0.788185, R^2: 0.557110
RF_BET_ECFP的BA值    ：-11.069853379194342
RF_BET_ECFP    :RMSD: 1.144950, P: 0.784023, R^2: 0.563506
RF_AE_BET_ECFP的BA值    ：-10.968784751938882
RF_AE_BET_ECFP    :RMSD: 1.176318, P: 0.780812, R^2: 0.539261
fold= 4
>>>>>>>>>>>>>training.............
###############################################RF#####################################################
RF_BET的BA值：-10.600705420736121
RF_BET:RMSD: 1.355193, P: 0.702485, R^2: 0.407270
RF_AE的BA值 ：-10.73420575631532
RF_AE :RMSD: 1.419043, P: 0.647940, R^2: 0.350102
RF_ECFP的BA值 ：-11.102197193911124
RF_ECFP :RMSD: 1.143267, P: 0.799223, R^2: 0.578159
RF_AE_BET的BA值    ：-10.485943957335977
RF_AE_BET    :RMSD: 1.377580, P: 0.693904, R^2: 0.387526
RF_AE_ECFP的BA值    ：-10.84098575239802
RF_AE_ECFP    :RMSD: 1.259446, P: 0.765522, R^2: 0.488067
RF_BET_ECFP的BA值    ：-10.74904029016875
RF_BET_ECFP    :RMSD: 1.227637, P: 0.784453, R^2: 0.513600
RF_AE_BET_ECFP的BA值    ：-10.689323711016234
RF_AE_BET_ECFP    :RMSD: 1.282654, P: 0.760270, R^2: 0.469027
fold= 5
>>>>>>>>>>>>>training.............
###############################################RF#####################################################
RF_BET的BA值：-10.985604574554479
RF_BET:RMSD: 1.117857, P: 0.739806, R^2: 0.525459
RF_AE的BA值 ：-10.804568293908833
RF_AE :RMSD: 1.155962, P: 0.763295, R^2: 0.492556
RF_ECFP的BA值 ：-11.18246297091614
RF_ECFP :RMSD: 0.985334, P: 0.803541, R^2: 0.631304
RF_AE_BET的BA值    ：-10.895086434231656
RF_AE_BET    :RMSD: 1.122061, P: 0.761880, R^2: 0.521883
RF_AE_ECFP的BA值    ：-10.993515632412485
RF_AE_ECFP    :RMSD: 1.035322, P: 0.809663, R^2: 0.592946
RF_BET_ECFP的BA值    ：-11.08403377273531
RF_BET_ECFP    :RMSD: 1.028102, P: 0.791427, R^2: 0.598604
RF_AE_BET_ECFP的BA值    ：-10.990878613126483
RF_AE_BET_ECFP    :RMSD: 1.053823, P: 0.794731, R^2: 0.578268
fold= 6
>>>>>>>>>>>>>training.............
###############################################RF#####################################################
RF_BET的BA值：-10.634042435690075
RF_BET:RMSD: 1.393745, P: 0.671917, R^2: 0.397433
RF_AE的BA值 ：-10.895831286072436
RF_AE :RMSD: 1.474835, P: 0.614972, R^2: 0.325277
RF_ECFP的BA值 ：-11.646463865599957
RF_ECFP :RMSD: 1.295210, P: 0.694744, R^2: 0.479622
RF_AE_BET的BA值    ：-10.705457867051418
RF_AE_BET    :RMSD: 1.425992, P: 0.657377, R^2: 0.369227
RF_AE_ECFP的BA值    ：-11.271147575836196
RF_AE_ECFP    :RMSD: 1.347268, P: 0.688578, R^2: 0.436950
RF_BET_ECFP的BA值    ：-11.08077415681518
RF_BET_ECFP    :RMSD: 1.307834, P: 0.710269, R^2: 0.469429
RF_AE_BET_ECFP的BA值    ：-11.019126533234266
RF_AE_BET_ECFP    :RMSD: 1.351576, P: 0.695954, R^2: 0.433344
fold= 7
>>>>>>>>>>>>>training.............
###############################################RF#####################################################
RF_BET的BA值：-10.90757017917867
RF_BET:RMSD: 1.079282, P: 0.708930, R^2: 0.462465
RF_AE的BA值 ：-10.340408116919917
RF_AE :RMSD: 1.153589, P: 0.698469, R^2: 0.385900
RF_ECFP的BA值 ：-11.638141384233966
RF_ECFP :RMSD: 0.930969, P: 0.787946, R^2: 0.600048
RF_AE_BET的BA值    ：-10.571415251420635
RF_AE_BET    :RMSD: 1.100439, P: 0.721323, R^2: 0.441183
RF_AE_ECFP的BA值    ：-10.550051458994364
RF_AE_ECFP    :RMSD: 1.013331, P: 0.773609, R^2: 0.526150
RF_BET_ECFP的BA值    ：-11.013243830147388
RF_BET_ECFP    :RMSD: 0.988560, P: 0.765627, R^2: 0.549034
RF_AE_BET_ECFP的BA值    ：-10.577933446324023
RF_AE_BET_ECFP    :RMSD: 1.027290, P: 0.760909, R^2: 0.513006
fold= 8
>>>>>>>>>>>>>training.............
###############################################RF#####################################################
RF_BET的BA值：-10.835237669975644
RF_BET:RMSD: 1.159357, P: 0.705322, R^2: 0.453669
RF_AE的BA值 ：-10.428951294378566
RF_AE :RMSD: 1.221084, P: 0.739235, R^2: 0.393944
RF_ECFP的BA值 ：-11.280849529566929
RF_ECFP :RMSD: 1.089961, P: 0.721792, R^2: 0.517116
RF_AE_BET的BA值    ：-10.57643737699376
RF_AE_BET    :RMSD: 1.173907, P: 0.738385, R^2: 0.439870
RF_AE_ECFP的BA值    ：-10.805652167962771
RF_AE_ECFP    :RMSD: 1.107968, P: 0.757740, R^2: 0.501028
RF_BET_ECFP的BA值    ：-11.058043599771286
RF_BET_ECFP    :RMSD: 1.092485, P: 0.740297, R^2: 0.514876
RF_AE_BET_ECFP的BA值    ：-10.789700424159742
RF_AE_BET_ECFP    :RMSD: 1.114228, P: 0.755468, R^2: 0.495374
fold= 9
>>>>>>>>>>>>>training.............
###############################################RF#####################################################
RF_BET的BA值：-11.200284401412677
RF_BET:RMSD: 1.346955, P: 0.675267, R^2: 0.428979
RF_AE的BA值 ：-10.958164901584263
RF_AE :RMSD: 1.513154, P: 0.540440, R^2: 0.279370
RF_ECFP的BA值 ：-11.449426078214755
RF_ECFP :RMSD: 1.292972, P: 0.694193, R^2: 0.473832
RF_AE_BET的BA值    ：-10.979422532765629
RF_AE_BET    :RMSD: 1.416084, P: 0.630499, R^2: 0.368862
RF_AE_ECFP的BA值    ：-11.111608167235612
RF_AE_ECFP    :RMSD: 1.380994, P: 0.647163, R^2: 0.399753
RF_BET_ECFP的BA值    ：-11.313758605113495
RF_BET_ECFP    :RMSD: 1.302776, P: 0.698215, R^2: 0.465822
RF_AE_BET_ECFP的BA值    ：-11.128692624781856
RF_AE_BET_ECFP    :RMSD: 1.360676, P: 0.666008, R^2: 0.417286
fold= 10
>>>>>>>>>>>>>training.............
###############################################RF#####################################################
RF_BET的BA值：-10.70948277093923
RF_BET:RMSD: 1.246044, P: 0.764862, R^2: 0.451077
RF_AE的BA值 ：-10.575297190382628
RF_AE :RMSD: 1.353039, P: 0.697221, R^2: 0.352759
RF_ECFP的BA值 ：-11.478906948369614
RF_ECFP :RMSD: 1.230410, P: 0.709710, R^2: 0.464765
RF_AE_BET的BA值    ：-10.609485242253154
RF_AE_BET    :RMSD: 1.289424, P: 0.754892, R^2: 0.412191
RF_AE_ECFP的BA值    ：-10.951042890317272
RF_AE_ECFP    :RMSD: 1.257228, P: 0.742070, R^2: 0.441179
RF_BET_ECFP的BA值    ：-10.960265729311864
RF_BET_ECFP    :RMSD: 1.210835, P: 0.763080, R^2: 0.481660
RF_AE_BET_ECFP的BA值    ：-10.83194288300212
RF_AE_BET_ECFP    :RMSD: 1.244552, P: 0.765184, R^2: 0.452391
@@@@@@@@@@@@@@@@@@@@@@@@@@@@@@@@@@@@@@@@@@@最终结果@@@@@@@@@@@@@@@@@@@@@@@@@@@@@@@@@@@@@@@@@@@@@@@@@@
@@@@@@@@@@@@@@@@@@@@@@@@@@@@@@@@@@@@@@@@@@@最终结果@@@@@@@@@@@@@@@@@@@@@@@@@@@@@@@@@@@@@@@@@@@@@@@@@@
%%%%%%%%%%%%%%%%%%%%%%%%%%%%%%%%%%%%%%%%%%%RF%%%%%%%%%%%%%%%%%%%%%%%%%%%%%%%%%%%%%%%%%%%%%%%%%%%%%%
RF_BET:0-th Final RMSD: 1.244222, Final P: 0.691228, Final R^2: 0.439594
RF_AE :0-th Final RMSD: 1.315626, Final P: 0.655374, Final R^2: 0.373426
RF_ECFP :0-th Final RMSD: 1.147229, Final P: 0.731689, Final R^2: 0.523561
RF_AE_BET    :0-th Final RMSD: 1.267482, Final P: 0.691884, Final R^2: 0.418445
RF_AE_ECFP    :0-th Final RMSD: 1.198786, Final P: 0.729213, Final R^2: 0.479776
RF_BET_ECFP    :0-th Final RMSD: 1.168489, Final P: 0.737845, Final R^2: 0.505739
RF_AE_BET_ECFP    :0-th Final RMSD: 1.203733, Final P: 0.729969, Final R^2: 0.475474
0-th RF_AE的BA值 ：-10.958165
0-th RF_BET的BA值：-11.200284
0-th RF_ECFP的BA值 ：-11.646464
0-th RF_AE_BET的BA值：-10.979423
0-th RF_AE_ECFP的BA值    ：-11.271148
0-th RF_BET_ECFP的BA值    ：-11.313759
0-th RF_AE_BET_ECFP的BA值    ：-11.128693
total time: 5.967149751583735 h
