size of data: (261,)
size of train size: 208
RF parameter
Namespace(n_estimators=10000, dataset='CHEMBL1250348', max_depth=7, min_samples_split=3, min_samples_leaf=1, criterion='mse', random_seed=0)
fold= 1
>>>>>>>>>>>>>training.............
###############################################RF#####################################################
RF_BET的BA值：-9.322907338897345
RF_BET:RMSD: 1.179108, P: 0.744048, R^2: 0.418128
RF_AE的BA值 ：-8.811359782832353
RF_AE :RMSD: 1.298836, P: 0.626611, R^2: 0.293961
RF_ECFP的BA值 ：-12.641397816469182
RF_ECFP :RMSD: 0.646111, P: 0.912438, R^2: 0.825283
RF_AE_BET的BA值    ：-8.829624949063174
RF_AE_BET    :RMSD: 1.230752, P: 0.708620, R^2: 0.366041
RF_AE_ECFP的BA值    ：-10.482256837191272
RF_AE_ECFP    :RMSD: 0.820342, P: 0.898953, R^2: 0.718350
RF_BET_ECFP的BA值    ：-10.982152577683262
RF_BET_ECFP    :RMSD: 0.771152, P: 0.907539, R^2: 0.751114
RF_AE_BET_ECFP的BA值    ：-9.98236616705124
RF_AE_BET_ECFP    :RMSD: 0.921039, P: 0.881295, R^2: 0.644961
fold= 2
>>>>>>>>>>>>>training.............
###############################################RF#####################################################
RF_BET的BA值：-8.880228199741254
RF_BET:RMSD: 0.810339, P: 0.796557, R^2: 0.420801
RF_AE的BA值 ：-8.752906616795617
RF_AE :RMSD: 0.742795, P: 0.892918, R^2: 0.513333
RF_ECFP的BA值 ：-9.1085220179635
RF_ECFP :RMSD: 0.577288, P: 0.863385, R^2: 0.706045
RF_AE_BET的BA值    ：-8.812258186922303
RF_AE_BET    :RMSD: 0.762488, P: 0.874129, R^2: 0.487186
RF_AE_ECFP的BA值    ：-8.913077229614693
RF_AE_ECFP    :RMSD: 0.624239, P: 0.901951, R^2: 0.656287
RF_BET_ECFP的BA值    ：-8.994375108852378
RF_BET_ECFP    :RMSD: 0.666457, P: 0.857485, R^2: 0.608223
RF_AE_BET_ECFP的BA值    ：-8.902127552990214
RF_AE_BET_ECFP    :RMSD: 0.676531, P: 0.887117, R^2: 0.596289
fold= 3
>>>>>>>>>>>>>training.............
###############################################RF#####################################################
RF_BET的BA值：-11.737269448901328
RF_BET:RMSD: 0.893609, P: 0.696184, R^2: 0.477690
RF_AE的BA值 ：-11.811287014473951
RF_AE :RMSD: 0.711840, P: 0.831378, R^2: 0.668565
RF_ECFP的BA值 ：-11.41786865371588
RF_ECFP :RMSD: 0.842059, P: 0.739695, R^2: 0.536214
RF_AE_BET的BA值    ：-11.774278231687639
RF_AE_BET    :RMSD: 0.771943, P: 0.786414, R^2: 0.610234
RF_AE_ECFP的BA值    ：-11.614577834094916
RF_AE_ECFP    :RMSD: 0.759026, P: 0.803231, R^2: 0.623169
RF_BET_ECFP的BA值    ：-11.577569051308604
RF_BET_ECFP    :RMSD: 0.818405, P: 0.753515, R^2: 0.561903
RF_AE_BET_ECFP的BA值    ：-11.655475039030387
RF_AE_BET_ECFP    :RMSD: 0.771211, P: 0.790493, R^2: 0.610973
fold= 4
>>>>>>>>>>>>>training.............
###############################################RF#####################################################
RF_BET的BA值：-9.510600241103763
RF_BET:RMSD: 0.947901, P: 0.433132, R^2: 0.034569
RF_AE的BA值 ：-11.648154510108213
RF_AE :RMSD: 1.257458, P: 0.050078, R^2: -0.698957
RF_ECFP的BA值 ：-9.165481537381543
RF_ECFP :RMSD: 0.617582, P: 0.797663, R^2: 0.590188
RF_AE_BET的BA值    ：-9.325781724193252
RF_AE_BET    :RMSD: 0.964244, P: 0.308986, R^2: 0.000991
RF_AE_ECFP的BA值    ：-9.490801232813851
RF_AE_ECFP    :RMSD: 0.866420, P: 0.476519, R^2: 0.193411
RF_BET_ECFP的BA值    ：-9.14645060726791
RF_BET_ECFP    :RMSD: 0.734245, P: 0.697710, R^2: 0.420735
RF_AE_BET_ECFP的BA值    ：-8.764520404941903
RF_AE_BET_ECFP    :RMSD: 0.817662, P: 0.563199, R^2: 0.281639
fold= 5
>>>>>>>>>>>>>training.............
###############################################RF#####################################################
RF_BET的BA值：-8.827676165948217
RF_BET:RMSD: 1.784845, P: 0.439498, R^2: 0.076302
RF_AE的BA值 ：-8.956747032297264
RF_AE :RMSD: 1.622467, P: 0.649926, R^2: 0.236726
RF_ECFP的BA值 ：-11.401380832527556
RF_ECFP :RMSD: 0.944911, P: 0.889619, R^2: 0.741113
RF_AE_BET的BA值    ：-8.826676113882446
RF_AE_BET    :RMSD: 1.700135, P: 0.559211, R^2: 0.161901
RF_AE_ECFP的BA值    ：-10.17906393241241
RF_AE_ECFP    :RMSD: 1.232639, P: 0.855608, R^2: 0.559445
RF_BET_ECFP的BA值    ：-9.880190060077897
RF_BET_ECFP    :RMSD: 1.301148, P: 0.833188, R^2: 0.509112
RF_AE_BET_ECFP的BA值    ：-9.572375717484354
RF_AE_BET_ECFP    :RMSD: 1.402396, P: 0.799336, R^2: 0.429743
fold= 6
>>>>>>>>>>>>>training.............
###############################################RF#####################################################
RF_BET的BA值：-11.770337655100477
RF_BET:RMSD: 0.846548, P: 0.889611, R^2: 0.738650
RF_AE的BA值 ：-8.753150061450931
RF_AE :RMSD: 1.492787, P: 0.609244, R^2: 0.187329
RF_ECFP的BA值 ：-12.40590169848862
RF_ECFP :RMSD: 0.817803, P: 0.872032, R^2: 0.756097
RF_AE_BET的BA值    ：-10.029410658245492
RF_AE_BET    :RMSD: 1.119001, P: 0.861865, R^2: 0.543354
RF_AE_ECFP的BA值    ：-10.347192679939564
RF_AE_ECFP    :RMSD: 1.050917, P: 0.858629, R^2: 0.597231
RF_BET_ECFP的BA值    ：-12.088119676794548
RF_BET_ECFP    :RMSD: 0.808512, P: 0.886479, R^2: 0.761608
RF_AE_BET_ECFP的BA值    ：-10.821574338326535
RF_AE_BET_ECFP    :RMSD: 0.967658, P: 0.879634, R^2: 0.658522
fold= 7
>>>>>>>>>>>>>training.............
###############################################RF#####################################################
RF_BET的BA值：-8.855599040045417
RF_BET:RMSD: 0.765581, P: 0.600180, R^2: 0.337932
RF_AE的BA值 ：-11.552015231086022
RF_AE :RMSD: 1.075832, P: 0.306649, R^2: -0.307401
RF_ECFP的BA值 ：-8.969631595010519
RF_ECFP :RMSD: 0.674464, P: 0.699782, R^2: 0.486149
RF_AE_BET的BA值    ：-9.76503080598647
RF_AE_BET    :RMSD: 0.846866, P: 0.487146, R^2: 0.189879
RF_AE_ECFP的BA值    ：-9.618472399427878
RF_AE_ECFP    :RMSD: 0.797722, P: 0.549190, R^2: 0.281174
RF_BET_ECFP的BA值    ：-8.912615317527969
RF_BET_ECFP    :RMSD: 0.695811, P: 0.681928, R^2: 0.453105
RF_AE_BET_ECFP的BA值    ：-9.071663726580889
RF_AE_BET_ECFP    :RMSD: 0.756627, P: 0.601668, R^2: 0.353329
fold= 8
>>>>>>>>>>>>>training.............
###############################################RF#####################################################
RF_BET的BA值：-12.19550234757195
RF_BET:RMSD: 0.790538, P: 0.734054, R^2: 0.508160
RF_AE的BA值 ：-12.158032020300821
RF_AE :RMSD: 0.773892, P: 0.749305, R^2: 0.528655
RF_ECFP的BA值 ：-12.621693276207406
RF_ECFP :RMSD: 0.787361, P: 0.788473, R^2: 0.512105
RF_AE_BET的BA值    ：-12.176767183936384
RF_AE_BET    :RMSD: 0.769763, P: 0.748570, R^2: 0.533671
RF_AE_ECFP的BA值    ：-12.389862648254113
RF_AE_ECFP    :RMSD: 0.758152, P: 0.778671, R^2: 0.547633
RF_BET_ECFP的BA值    ：-12.408597811889678
RF_BET_ECFP    :RMSD: 0.758204, P: 0.774759, R^2: 0.547571
RF_AE_BET_ECFP的BA值    ：-12.325075881360059
RF_AE_BET_ECFP    :RMSD: 0.754616, P: 0.770942, R^2: 0.551842
fold= 9
>>>>>>>>>>>>>training.............
###############################################RF#####################################################
RF_BET的BA值：-11.322211410821364
RF_BET:RMSD: 1.114809, P: 0.579597, R^2: 0.318286
RF_AE的BA值 ：-11.931981574402824
RF_AE :RMSD: 0.658938, P: 0.881388, R^2: 0.761828
RF_ECFP的BA值 ：-12.49892111764956
RF_ECFP :RMSD: 0.630668, P: 0.884672, R^2: 0.781826
RF_AE_BET的BA值    ：-10.395683745967062
RF_AE_BET    :RMSD: 0.819251, P: 0.807977, R^2: 0.631841
RF_AE_ECFP的BA值    ：-12.215451346026192
RF_AE_ECFP    :RMSD: 0.618523, P: 0.891195, R^2: 0.790148
RF_BET_ECFP的BA值    ：-10.679153517590432
RF_BET_ECFP    :RMSD: 0.777249, P: 0.822434, R^2: 0.668624
RF_AE_BET_ECFP的BA值    ：-11.09676286986123
RF_AE_BET_ECFP    :RMSD: 0.711547, P: 0.859835, R^2: 0.722279
fold= 10
>>>>>>>>>>>>>training.............
###############################################RF#####################################################
RF_BET的BA值：-12.139588806750504
RF_BET:RMSD: 0.812025, P: 0.803396, R^2: 0.643789
RF_AE的BA值 ：-11.8223634468682
RF_AE :RMSD: 0.836990, P: 0.794314, R^2: 0.621550
RF_ECFP的BA值 ：-12.56226374204059
RF_ECFP :RMSD: 0.742532, P: 0.850043, R^2: 0.702149
RF_AE_BET的BA值    ：-11.980976126809352
RF_AE_BET    :RMSD: 0.814081, P: 0.804648, R^2: 0.641983
RF_AE_ECFP的BA值    ：-12.192313594454395
RF_AE_ECFP    :RMSD: 0.756406, P: 0.836134, R^2: 0.690915
RF_BET_ECFP的BA值    ：-12.350926274395547
RF_BET_ECFP    :RMSD: 0.750412, P: 0.837456, R^2: 0.695794
RF_AE_BET_ECFP的BA值    ：-12.174738665219765
RF_AE_BET_ECFP    :RMSD: 0.765992, P: 0.829812, R^2: 0.683031
@@@@@@@@@@@@@@@@@@@@@@@@@@@@@@@@@@@@@@@@@@@最终结果@@@@@@@@@@@@@@@@@@@@@@@@@@@@@@@@@@@@@@@@@@@@@@@@@@
@@@@@@@@@@@@@@@@@@@@@@@@@@@@@@@@@@@@@@@@@@@最终结果@@@@@@@@@@@@@@@@@@@@@@@@@@@@@@@@@@@@@@@@@@@@@@@@@@
%%%%%%%%%%%%%%%%%%%%%%%%%%%%%%%%%%%%%%%%%%%RF%%%%%%%%%%%%%%%%%%%%%%%%%%%%%%%%%%%%%%%%%%%%%%%%%%%%%%
RF_BET:0-th Final RMSD: 1.037864, Final P: 0.654302, Final R^2: 0.426597
RF_AE :0-th Final RMSD: 1.099858, Final P: 0.600159, Final R^2: 0.356050
RF_ECFP :0-th Final RMSD: 0.736341, Final P: 0.843582, Final R^2: 0.711373
RF_AE_BET    :0-th Final RMSD: 1.021087, Final P: 0.678448, Final R^2: 0.444985
RF_AE_ECFP    :0-th Final RMSD: 0.847196, Final P: 0.798587, Final R^2: 0.617926
RF_BET_ECFP    :0-th Final RMSD: 0.825671, Final P: 0.807796, Final R^2: 0.637094
RF_AE_BET_ECFP    :0-th Final RMSD: 0.878087, Final P: 0.786078, Final R^2: 0.589556
0-th RF_AE的BA值 ：-12.158032
0-th RF_BET的BA值：-12.195502
0-th RF_ECFP的BA值 ：-12.641398
0-th RF_AE_BET的BA值：-12.176767
0-th RF_AE_ECFP的BA值    ：-12.389863
0-th RF_BET_ECFP的BA值    ：-12.408598
0-th RF_AE_BET_ECFP的BA值    ：-12.325076
total time: 1.681137597295973 h
