size of data: (162,)
size of train size: 129
RF parameter
Namespace(n_estimators=10000, dataset='CHEMBL5247', max_depth=7, min_samples_split=3, min_samples_leaf=1, criterion='mse', random_seed=0)
fold= 1
>>>>>>>>>>>>>training.............
###############################################RF#####################################################
RF_BET的BA值：-9.69753815027569
RF_BET:RMSD: 1.113283, P: 0.215046, R^2: -0.270297
RF_AE的BA值 ：-9.6400111408985
RF_AE :RMSD: 1.033097, P: 0.307500, R^2: -0.093896
RF_ECFP的BA值 ：-10.227428275946203
RF_ECFP :RMSD: 1.110004, P: 0.287218, R^2: -0.262825
RF_AE_BET的BA值    ：-9.668774645587096
RF_AE_BET    :RMSD: 1.069125, P: 0.264404, R^2: -0.171522
RF_AE_ECFP的BA值    ：-9.878315736929917
RF_AE_ECFP    :RMSD: 1.057967, P: 0.316045, R^2: -0.147198
RF_BET_ECFP的BA值    ：-9.930712085433342
RF_BET_ECFP    :RMSD: 1.095037, P: 0.274065, R^2: -0.228998
RF_AE_BET_ECFP的BA值    ：-9.796875789593438
RF_AE_BET_ECFP    :RMSD: 1.070146, P: 0.290628, R^2: -0.173762
fold= 2
>>>>>>>>>>>>>training.............
###############################################RF#####################################################
RF_BET的BA值：-9.581097113417718
RF_BET:RMSD: 0.779071, P: 0.562001, R^2: 0.261885
RF_AE的BA值 ：-9.899586290513678
RF_AE :RMSD: 0.726829, P: 0.605842, R^2: 0.357558
RF_ECFP的BA值 ：-9.822675098153946
RF_ECFP :RMSD: 0.797263, P: 0.530725, R^2: 0.227013
RF_AE_BET的BA值    ：-9.701554185474535
RF_AE_BET    :RMSD: 0.739945, P: 0.605522, R^2: 0.334162
RF_AE_ECFP的BA值    ：-9.861130694333813
RF_AE_ECFP    :RMSD: 0.743274, P: 0.605706, R^2: 0.328158
RF_BET_ECFP的BA值    ：-9.66309858929467
RF_BET_ECFP    :RMSD: 0.764938, P: 0.605296, R^2: 0.288422
RF_AE_BET_ECFP的BA值    ：-9.74192782303434
RF_AE_BET_ECFP    :RMSD: 0.743084, P: 0.618568, R^2: 0.328501
fold= 3
>>>>>>>>>>>>>training.............
###############################################RF#####################################################
RF_BET的BA值：-10.341318553465648
RF_BET:RMSD: 0.926761, P: 0.637634, R^2: 0.302291
RF_AE的BA值 ：-10.213061117518553
RF_AE :RMSD: 0.897415, P: 0.698137, R^2: 0.345779
RF_ECFP的BA值 ：-10.076540019096937
RF_ECFP :RMSD: 1.014790, P: 0.479550, R^2: 0.163452
RF_AE_BET的BA值    ：-10.2771898354921
RF_AE_BET    :RMSD: 0.903659, P: 0.691665, R^2: 0.336643
RF_AE_ECFP的BA值    ：-10.144800568307744
RF_AE_ECFP    :RMSD: 0.945909, P: 0.621508, R^2: 0.273163
RF_BET_ECFP的BA值    ：-10.208929286281293
RF_BET_ECFP    :RMSD: 0.958115, P: 0.603604, R^2: 0.254284
RF_AE_BET_ECFP的BA值    ：-10.21030656336038
RF_AE_BET_ECFP    :RMSD: 0.932337, P: 0.652876, R^2: 0.293871
fold= 4
>>>>>>>>>>>>>training.............
###############################################RF#####################################################
RF_BET的BA值：-9.428678187155983
RF_BET:RMSD: 0.722013, P: 0.162743, R^2: -0.098096
RF_AE的BA值 ：-9.638409202970058
RF_AE :RMSD: 0.678092, P: 0.371148, R^2: 0.031436
RF_ECFP的BA值 ：-9.265478473452292
RF_ECFP :RMSD: 0.650035, P: 0.335942, R^2: 0.109929
RF_AE_BET的BA值    ：-9.397663400177164
RF_AE_BET    :RMSD: 0.684794, P: 0.304655, R^2: 0.012197
RF_AE_ECFP的BA值    ：-9.395675757365503
RF_AE_ECFP    :RMSD: 0.637682, P: 0.422168, R^2: 0.143436
RF_BET_ECFP的BA值    ：-9.314594345021966
RF_BET_ECFP    :RMSD: 0.668843, P: 0.281309, R^2: 0.057678
RF_AE_BET_ECFP的BA值    ：-9.273059548913594
RF_AE_BET_ECFP    :RMSD: 0.657273, P: 0.355205, R^2: 0.089997
fold= 5
>>>>>>>>>>>>>training.............
###############################################RF#####################################################
RF_BET的BA值：-10.325924236507266
RF_BET:RMSD: 0.733854, P: 0.599858, R^2: 0.343257
RF_AE的BA值 ：-10.26242642306226
RF_AE :RMSD: 0.724167, P: 0.626979, R^2: 0.360480
RF_ECFP的BA值 ：-10.130174793631022
RF_ECFP :RMSD: 0.649557, P: 0.783853, R^2: 0.485469
RF_AE_BET的BA值    ：-10.294175329784764
RF_AE_BET    :RMSD: 0.714302, P: 0.650066, R^2: 0.377786
RF_AE_ECFP的BA值    ：-10.196300608346641
RF_AE_ECFP    :RMSD: 0.665007, P: 0.775411, R^2: 0.460702
RF_BET_ECFP的BA值    ：-10.228049515069145
RF_BET_ECFP    :RMSD: 0.676805, P: 0.730453, R^2: 0.441398
RF_AE_BET_ECFP的BA值    ：-10.239508484400183
RF_AE_BET_ECFP    :RMSD: 0.679642, P: 0.735545, R^2: 0.436704
fold= 6
>>>>>>>>>>>>>training.............
###############################################RF#####################################################
RF_BET的BA值：-9.76167140604906
RF_BET:RMSD: 0.691832, P: 0.534292, R^2: 0.277494
RF_AE的BA值 ：-9.542898821822734
RF_AE :RMSD: 0.667631, P: 0.601367, R^2: 0.327158
RF_ECFP的BA值 ：-9.52397379083189
RF_ECFP :RMSD: 0.794321, P: 0.273000, R^2: 0.047570
RF_AE_BET的BA值    ：-9.652285113935896
RF_AE_BET    :RMSD: 0.670718, P: 0.580757, R^2: 0.320921
RF_AE_ECFP的BA值    ：-9.4796051852253
RF_AE_ECFP    :RMSD: 0.715972, P: 0.487130, R^2: 0.226192
RF_BET_ECFP的BA值    ：-9.511018762985398
RF_BET_ECFP    :RMSD: 0.724116, P: 0.457423, R^2: 0.208489
RF_AE_BET_ECFP的BA值    ：-9.440030426643347
RF_AE_BET_ECFP    :RMSD: 0.698569, P: 0.523804, R^2: 0.263354
fold= 7
>>>>>>>>>>>>>training.............
###############################################RF#####################################################
RF_BET的BA值：-10.148056607079655
RF_BET:RMSD: 0.467068, P: 0.790232, R^2: 0.595546
RF_AE的BA值 ：-10.246135010105275
RF_AE :RMSD: 0.451628, P: 0.838162, R^2: 0.621844
RF_ECFP的BA值 ：-10.000985840024754
RF_ECFP :RMSD: 0.495156, P: 0.759045, R^2: 0.545439
RF_AE_BET的BA值    ：-10.197095808592465
RF_AE_BET    :RMSD: 0.451605, P: 0.825549, R^2: 0.621882
RF_AE_ECFP的BA值    ：-10.123560425065016
RF_AE_ECFP    :RMSD: 0.453060, P: 0.832005, R^2: 0.619443
RF_BET_ECFP的BA值    ：-10.074521223552203
RF_BET_ECFP    :RMSD: 0.458073, P: 0.811186, R^2: 0.610974
RF_AE_BET_ECFP的BA值    ：-10.131725819069894
RF_AE_BET_ECFP    :RMSD: 0.448314, P: 0.833284, R^2: 0.627374
fold= 8
>>>>>>>>>>>>>training.............
###############################################RF#####################################################
RF_BET的BA值：-10.226151452513056
RF_BET:RMSD: 0.858056, P: 0.556370, R^2: 0.177596
RF_AE的BA值 ：-10.547367000580708
RF_AE :RMSD: 0.892060, P: 0.519540, R^2: 0.111122
RF_ECFP的BA值 ：-10.43661301156542
RF_ECFP :RMSD: 0.839056, P: 0.537756, R^2: 0.213614
RF_AE_BET的BA值    ：-10.386759226546882
RF_AE_BET    :RMSD: 0.866235, P: 0.551582, R^2: 0.161843
RF_AE_ECFP的BA值    ：-10.491990006073063
RF_AE_ECFP    :RMSD: 0.847340, P: 0.557876, R^2: 0.198010
RF_BET_ECFP的BA值    ：-10.331382232039239
RF_BET_ECFP    :RMSD: 0.833584, P: 0.575653, R^2: 0.223837
RF_AE_BET_ECFP的BA值    ：-10.403377154886394
RF_AE_BET_ECFP    :RMSD: 0.844380, P: 0.570479, R^2: 0.203603
fold= 9
>>>>>>>>>>>>>training.............
###############################################RF#####################################################
RF_BET的BA值：-9.753755731589766
RF_BET:RMSD: 0.876110, P: 0.649974, R^2: -0.360100
RF_AE的BA值 ：-9.952794314552406
RF_AE :RMSD: 1.023376, P: 0.402921, R^2: -0.855768
RF_ECFP的BA值 ：-9.245946211396564
RF_ECFP :RMSD: 0.742824, P: 0.637740, R^2: 0.022256
RF_AE_BET的BA值    ：-9.853275023071086
RF_AE_BET    :RMSD: 0.942506, P: 0.546822, R^2: -0.574063
RF_AE_ECFP的BA值    ：-9.599370262974485
RF_AE_ECFP    :RMSD: 0.870507, P: 0.519565, R^2: -0.342758
RF_BET_ECFP的BA值    ：-9.499850971493165
RF_BET_ECFP    :RMSD: 0.794899, P: 0.689424, R^2: -0.119638
RF_AE_BET_ECFP的BA值    ：-9.650832085846245
RF_AE_BET_ECFP    :RMSD: 0.865718, P: 0.592028, R^2: -0.328025
fold= 10
>>>>>>>>>>>>>training.............
###############################################RF#####################################################
RF_BET的BA值：-9.881453450365187
RF_BET:RMSD: 0.605944, P: 0.602659, R^2: 0.353617
RF_AE的BA值 ：-9.842505331011491
RF_AE :RMSD: 0.747747, P: 0.266496, R^2: 0.015684
RF_ECFP的BA值 ：-9.498592331845117
RF_ECFP :RMSD: 0.763121, P: 0.279932, R^2: -0.025206
RF_AE_BET的BA值    ：-9.738804097874924
RF_AE_BET    :RMSD: 0.664907, P: 0.470998, R^2: 0.221700
RF_AE_ECFP的BA值    ：-9.643643945910082
RF_AE_ECFP    :RMSD: 0.727511, P: 0.305735, R^2: 0.068240
RF_BET_ECFP的BA值    ：-9.690022891105151
RF_BET_ECFP    :RMSD: 0.664685, P: 0.512275, R^2: 0.222220
RF_AE_BET_ECFP的BA值    ：-9.65873350919832
RF_AE_BET_ECFP    :RMSD: 0.678567, P: 0.448442, R^2: 0.189394
@@@@@@@@@@@@@@@@@@@@@@@@@@@@@@@@@@@@@@@@@@@最终结果@@@@@@@@@@@@@@@@@@@@@@@@@@@@@@@@@@@@@@@@@@@@@@@@@@
@@@@@@@@@@@@@@@@@@@@@@@@@@@@@@@@@@@@@@@@@@@最终结果@@@@@@@@@@@@@@@@@@@@@@@@@@@@@@@@@@@@@@@@@@@@@@@@@@
%%%%%%%%%%%%%%%%%%%%%%%%%%%%%%%%%%%%%%%%%%%RF%%%%%%%%%%%%%%%%%%%%%%%%%%%%%%%%%%%%%%%%%%%%%%%%%%%%%%
RF_BET:0-th Final RMSD: 0.798038, Final P: 0.487376, Final R^2: 0.236977
RF_AE :0-th Final RMSD: 0.803496, Final P: 0.484693, Final R^2: 0.226504
RF_ECFP :0-th Final RMSD: 0.805722, Final P: 0.476656, Final R^2: 0.222214
RF_AE_BET    :0-th Final RMSD: 0.790472, Final P: 0.507756, Final R^2: 0.251377
RF_AE_ECFP    :0-th Final RMSD: 0.785220, Final P: 0.520315, Final R^2: 0.261293
RF_BET_ECFP    :0-th Final RMSD: 0.783903, Final P: 0.523103, Final R^2: 0.263767
RF_AE_BET_ECFP    :0-th Final RMSD: 0.781169, Final P: 0.529686, Final R^2: 0.268895
0-th RF_AE的BA值 ：-10.547367
0-th RF_BET的BA值：-10.341319
0-th RF_ECFP的BA值 ：-10.436613
0-th RF_AE_BET的BA值：-10.386759
0-th RF_AE_ECFP的BA值    ：-10.491990
0-th RF_BET_ECFP的BA值    ：-10.331382
0-th RF_AE_BET_ECFP的BA值    ：-10.403377
total time: 0.9509534056981405 h
