size of data: (535,)
size of train size: 428
RF parameter
Namespace(n_estimators=10000, dataset='CHEMBL6007', max_depth=7, min_samples_split=3, min_samples_leaf=1, criterion='mse', random_seed=0)
fold= 1
>>>>>>>>>>>>>training.............
###############################################RF#####################################################
RF_BET的BA值：-11.71005562088963
RF_BET:RMSD: 1.081712, P: 0.731365, R^2: 0.521589
RF_AE的BA值 ：-10.99463081567189
RF_AE :RMSD: 1.197600, P: 0.692009, R^2: 0.413590
RF_ECFP的BA值 ：-12.124863332178558
RF_ECFP :RMSD: 1.198775, P: 0.643569, R^2: 0.412438
RF_AE_BET的BA值    ：-11.35234321828076
RF_AE_BET    :RMSD: 1.112477, P: 0.738508, R^2: 0.493988
RF_AE_ECFP的BA值    ：-11.559747073925223
RF_AE_ECFP    :RMSD: 1.152534, P: 0.701724, R^2: 0.456893
RF_BET_ECFP的BA值    ：-11.917459476534095
RF_BET_ECFP    :RMSD: 1.122008, P: 0.701103, R^2: 0.485282
RF_AE_BET_ECFP的BA值    ：-11.60984992291336
RF_AE_BET_ECFP    :RMSD: 1.118429, P: 0.721312, R^2: 0.488559
fold= 2
>>>>>>>>>>>>>training.............
###############################################RF#####################################################
RF_BET的BA值：-11.333268723348866
RF_BET:RMSD: 1.011219, P: 0.720904, R^2: 0.492515
RF_AE的BA值 ：-11.280740669750577
RF_AE :RMSD: 1.017220, P: 0.703842, R^2: 0.486474
RF_ECFP的BA值 ：-11.450096690136634
RF_ECFP :RMSD: 1.101064, P: 0.677315, R^2: 0.398331
RF_AE_BET的BA值    ：-11.307004696549722
RF_AE_BET    :RMSD: 0.998973, P: 0.723824, R^2: 0.504732
RF_AE_ECFP的BA值    ：-11.365418679943605
RF_AE_ECFP    :RMSD: 1.020095, P: 0.720843, R^2: 0.483567
RF_BET_ECFP的BA值    ：-11.391682706742749
RF_BET_ECFP    :RMSD: 1.029226, P: 0.722916, R^2: 0.474281
RF_AE_BET_ECFP的BA值    ：-11.35470202774536
RF_AE_BET_ECFP    :RMSD: 1.006741, P: 0.730030, R^2: 0.497000
fold= 3
>>>>>>>>>>>>>training.............
###############################################RF#####################################################
RF_BET的BA值：-11.432289536631814
RF_BET:RMSD: 0.863318, P: 0.815871, R^2: 0.632712
RF_AE的BA值 ：-11.259081742694706
RF_AE :RMSD: 0.939879, P: 0.791590, R^2: 0.564679
RF_ECFP的BA值 ：-11.898566624409623
RF_ECFP :RMSD: 0.957336, P: 0.763737, R^2: 0.548357
RF_AE_BET的BA值    ：-11.287732563727324
RF_AE_BET    :RMSD: 0.883158, P: 0.820031, R^2: 0.615636
RF_AE_ECFP的BA值    ：-11.578824183552165
RF_AE_ECFP    :RMSD: 0.919569, P: 0.805473, R^2: 0.583289
RF_BET_ECFP的BA值    ：-11.607475004584781
RF_BET_ECFP    :RMSD: 0.890197, P: 0.808027, R^2: 0.609485
RF_AE_BET_ECFP的BA值    ：-11.49134391728809
RF_AE_BET_ECFP    :RMSD: 0.889876, P: 0.818300, R^2: 0.609766
fold= 4
>>>>>>>>>>>>>training.............
###############################################RF#####################################################
RF_BET的BA值：-11.452785700241515
RF_BET:RMSD: 0.890867, P: 0.727360, R^2: 0.518599
RF_AE的BA值 ：-11.38073026936392
RF_AE :RMSD: 0.897500, P: 0.726910, R^2: 0.511403
RF_ECFP的BA值 ：-11.509922388440227
RF_ECFP :RMSD: 0.922527, P: 0.713122, R^2: 0.483774
RF_AE_BET的BA值    ：-11.416757984802718
RF_AE_BET    :RMSD: 0.887121, P: 0.732349, R^2: 0.522639
RF_AE_ECFP的BA值    ：-11.445326328902073
RF_AE_ECFP    :RMSD: 0.896605, P: 0.729084, R^2: 0.512378
RF_BET_ECFP的BA值    ：-11.481354044340872
RF_BET_ECFP    :RMSD: 0.885905, P: 0.734462, R^2: 0.523946
RF_AE_BET_ECFP的BA值    ：-11.44781278601522
RF_AE_BET_ECFP    :RMSD: 0.885227, P: 0.735341, R^2: 0.524675
fold= 5
>>>>>>>>>>>>>training.............
###############################################RF#####################################################
RF_BET的BA值：-11.49994617732147
RF_BET:RMSD: 0.821840, P: 0.853275, R^2: 0.701608
RF_AE的BA值 ：-11.362763881214569
RF_AE :RMSD: 1.048346, P: 0.810944, R^2: 0.514462
RF_ECFP的BA值 ：-11.779069393999979
RF_ECFP :RMSD: 0.807439, P: 0.853698, R^2: 0.711973
RF_AE_BET的BA值    ：-11.431355029268019
RF_AE_BET    :RMSD: 0.892231, P: 0.854161, R^2: 0.648303
RF_AE_ECFP的BA值    ：-11.570916637607274
RF_AE_ECFP    :RMSD: 0.869354, P: 0.862368, R^2: 0.666107
RF_BET_ECFP的BA值    ：-11.639507785660726
RF_BET_ECFP    :RMSD: 0.797221, P: 0.863911, R^2: 0.719217
RF_AE_BET_ECFP的BA值    ：-11.547259817512007
RF_AE_BET_ECFP    :RMSD: 0.838202, P: 0.866693, R^2: 0.689608
fold= 6
>>>>>>>>>>>>>training.............
###############################################RF#####################################################
RF_BET的BA值：-11.614328859994536
RF_BET:RMSD: 1.078497, P: 0.655005, R^2: 0.417357
RF_AE的BA值 ：-10.932872486629487
RF_AE :RMSD: 1.045246, P: 0.696125, R^2: 0.452729
RF_ECFP的BA值 ：-12.015198952501178
RF_ECFP :RMSD: 1.024052, P: 0.715478, R^2: 0.474698
RF_AE_BET的BA值    ：-11.27360067331201
RF_AE_BET    :RMSD: 1.045066, P: 0.684595, R^2: 0.452918
RF_AE_ECFP的BA值    ：-11.474035719565332
RF_AE_ECFP    :RMSD: 1.003119, P: 0.721936, R^2: 0.495954
RF_BET_ECFP的BA值    ：-11.814763906247858
RF_BET_ECFP    :RMSD: 1.019674, P: 0.708304, R^2: 0.479180
RF_AE_BET_ECFP的BA值    ：-11.520800099708401
RF_AE_BET_ECFP    :RMSD: 1.013696, P: 0.711538, R^2: 0.485269
fold= 7
>>>>>>>>>>>>>training.............
###############################################RF#####################################################
RF_BET的BA值：-11.476391427044371
RF_BET:RMSD: 0.917734, P: 0.802014, R^2: 0.633079
RF_AE的BA值 ：-11.643815821732352
RF_AE :RMSD: 1.015904, P: 0.753657, R^2: 0.550381
RF_ECFP的BA值 ：-11.834967816857192
RF_ECFP :RMSD: 0.937798, P: 0.787957, R^2: 0.616860
RF_AE_BET的BA值    ：-11.560103624388361
RF_AE_BET    :RMSD: 0.951732, P: 0.788408, R^2: 0.605390
RF_AE_ECFP的BA值    ：-11.678834602175819
RF_AE_ECFP    :RMSD: 0.942961, P: 0.788105, R^2: 0.612630
RF_BET_ECFP的BA值    ：-11.59512240483183
RF_BET_ECFP    :RMSD: 0.909628, P: 0.803991, R^2: 0.639532
RF_AE_BET_ECFP的BA值    ：-11.611353543798671
RF_AE_BET_ECFP    :RMSD: 0.927111, P: 0.797739, R^2: 0.625543
fold= 8
>>>>>>>>>>>>>training.............
###############################################RF#####################################################
RF_BET的BA值：-11.44344971375753
RF_BET:RMSD: 0.950251, P: 0.725572, R^2: 0.516392
RF_AE的BA值 ：-11.390694407610425
RF_AE :RMSD: 0.882696, P: 0.769727, R^2: 0.582708
RF_ECFP的BA值 ：-11.791971334732594
RF_ECFP :RMSD: 0.951346, P: 0.733892, R^2: 0.515276
RF_AE_BET的BA值    ：-11.380728688724744
RF_AE_BET    :RMSD: 0.903623, P: 0.756611, R^2: 0.562688
RF_AE_ECFP的BA值    ：-11.538345278382671
RF_AE_ECFP    :RMSD: 0.899078, P: 0.764058, R^2: 0.567076
RF_BET_ECFP的BA值    ：-11.617710524245062
RF_BET_ECFP    :RMSD: 0.929246, P: 0.745497, R^2: 0.537536
RF_AE_BET_ECFP的BA值    ：-11.506713423507625
RF_AE_BET_ECFP    :RMSD: 0.904698, P: 0.759700, R^2: 0.561647
fold= 9
>>>>>>>>>>>>>training.............
###############################################RF#####################################################
RF_BET的BA值：-11.518476856432795
RF_BET:RMSD: 0.946900, P: 0.806871, R^2: 0.623161
RF_AE的BA值 ：-11.336425935746686
RF_AE :RMSD: 1.091792, P: 0.726587, R^2: 0.499012
RF_ECFP的BA值 ：-11.843401848746806
RF_ECFP :RMSD: 0.990474, P: 0.771900, R^2: 0.587681
RF_AE_BET的BA值    ：-11.42745139608974
RF_AE_BET    :RMSD: 1.004011, P: 0.775423, R^2: 0.576334
RF_AE_ECFP的BA值    ：-11.589913892246745
RF_AE_ECFP    :RMSD: 1.015033, P: 0.765849, R^2: 0.566981
RF_BET_ECFP的BA值    ：-11.6809393525898
RF_BET_ECFP    :RMSD: 0.948150, P: 0.803963, R^2: 0.622166
RF_AE_BET_ECFP的BA值    ：-11.566101546975426
RF_AE_BET_ECFP    :RMSD: 0.982039, P: 0.786447, R^2: 0.594674
fold= 10
>>>>>>>>>>>>>training.............
###############################################RF#####################################################
RF_BET的BA值：-11.312991519856391
RF_BET:RMSD: 0.801875, P: 0.793447, R^2: 0.600838
RF_AE的BA值 ：-11.201105192803922
RF_AE :RMSD: 0.875594, P: 0.740643, R^2: 0.524071
RF_ECFP的BA值 ：-11.444723209659184
RF_ECFP :RMSD: 0.833368, P: 0.784480, R^2: 0.568868
RF_AE_BET的BA值    ：-11.244339027507369
RF_AE_BET    :RMSD: 0.824070, P: 0.778800, R^2: 0.578436
RF_AE_ECFP的BA值    ：-11.322701190936206
RF_AE_ECFP    :RMSD: 0.837096, P: 0.776153, R^2: 0.565003
RF_BET_ECFP的BA值    ：-11.365935025639653
RF_BET_ECFP    :RMSD: 0.801547, P: 0.800005, R^2: 0.601165
RF_AE_BET_ECFP的BA值    ：-11.31099174802774
RF_AE_BET_ECFP    :RMSD: 0.815477, P: 0.789107, R^2: 0.587182
@@@@@@@@@@@@@@@@@@@@@@@@@@@@@@@@@@@@@@@@@@@最终结果@@@@@@@@@@@@@@@@@@@@@@@@@@@@@@@@@@@@@@@@@@@@@@@@@@
@@@@@@@@@@@@@@@@@@@@@@@@@@@@@@@@@@@@@@@@@@@最终结果@@@@@@@@@@@@@@@@@@@@@@@@@@@@@@@@@@@@@@@@@@@@@@@@@@
%%%%%%%%%%%%%%%%%%%%%%%%%%%%%%%%%%%%%%%%%%%RF%%%%%%%%%%%%%%%%%%%%%%%%%%%%%%%%%%%%%%%%%%%%%%%%%%%%%%
RF_BET:0-th Final RMSD: 0.940992, Final P: 0.760147, Final R^2: 0.571826
RF_AE :0-th Final RMSD: 1.006132, Final P: 0.721714, Final R^2: 0.510493
RF_ECFP :0-th Final RMSD: 0.978923, Final P: 0.733100, Final R^2: 0.536611
RF_AE_BET    :0-th Final RMSD: 0.953997, Final P: 0.757349, Final R^2: 0.559908
RF_AE_ECFP    :0-th Final RMSD: 0.959801, Final P: 0.752741, Final R^2: 0.554538
RF_BET_ECFP    :0-th Final RMSD: 0.938381, Final P: 0.762101, Final R^2: 0.574198
RF_AE_BET_ECFP    :0-th Final RMSD: 0.942308, Final P: 0.764032, Final R^2: 0.570627
0-th RF_AE的BA值 ：-11.643816
0-th RF_BET的BA值：-11.710056
0-th RF_ECFP的BA值 ：-12.124863
0-th RF_AE_BET的BA值：-11.560104
0-th RF_AE_ECFP的BA值    ：-11.678835
0-th RF_BET_ECFP的BA值    ：-11.917459
0-th RF_AE_BET_ECFP的BA值    ：-11.611354
total time: 3.6391239068243237 h
