size of data: (684,)
size of train size: 547
RF parameter
Namespace(n_estimators=10000, dataset='CHEMBL4691', max_depth=7, min_samples_split=3, min_samples_leaf=1, criterion='mse', random_seed=0)
fold= 1
>>>>>>>>>>>>>training.............
###############################################RF#####################################################
RF_BET的BA值：-12.505317397397821
RF_BET:RMSD: 0.848501, P: 0.780304, R^2: 0.604554
RF_AE的BA值 ：-12.31087403343207
RF_AE :RMSD: 0.841380, P: 0.793533, R^2: 0.611163
RF_ECFP的BA值 ：-12.679331518017511
RF_ECFP :RMSD: 0.858464, P: 0.773345, R^2: 0.595212
RF_AE_BET的BA值    ：-12.408095715414944
RF_AE_BET    :RMSD: 0.835705, P: 0.792681, R^2: 0.616391
RF_AE_ECFP的BA值    ：-12.470998093913394
RF_AE_ECFP    :RMSD: 0.827236, P: 0.792169, R^2: 0.624126
RF_BET_ECFP的BA值    ：-12.506660809690523
RF_BET_ECFP    :RMSD: 0.828511, P: 0.789821, R^2: 0.622967
RF_AE_BET_ECFP的BA值    ：-12.44069808569832
RF_AE_BET_ECFP    :RMSD: 0.824067, P: 0.795000, R^2: 0.627001
fold= 2
>>>>>>>>>>>>>training.............
###############################################RF#####################################################
RF_BET的BA值：-12.414219241805789
RF_BET:RMSD: 1.073140, P: 0.780873, R^2: 0.554100
RF_AE的BA值 ：-11.956969431034906
RF_AE :RMSD: 1.179816, P: 0.765830, R^2: 0.461044
RF_ECFP的BA值 ：-12.461163675675481
RF_ECFP :RMSD: 0.941886, P: 0.818811, R^2: 0.656504
RF_AE_BET的BA值    ：-12.132842832173925
RF_AE_BET    :RMSD: 1.115038, P: 0.782355, R^2: 0.518602
RF_AE_ECFP的BA值    ：-12.093119674654794
RF_AE_ECFP    :RMSD: 1.022264, P: 0.814229, R^2: 0.595377
RF_BET_ECFP的BA值    ：-12.33851890104297
RF_BET_ECFP    :RMSD: 0.976588, P: 0.819041, R^2: 0.630727
RF_AE_BET_ECFP的BA值    ：-12.176168074876001
RF_AE_BET_ECFP    :RMSD: 1.029427, P: 0.811572, R^2: 0.589686
fold= 3
>>>>>>>>>>>>>training.............
###############################################RF#####################################################
RF_BET的BA值：-12.423016223523843
RF_BET:RMSD: 1.003311, P: 0.793514, R^2: 0.607742
RF_AE的BA值 ：-12.415989327190458
RF_AE :RMSD: 1.015997, P: 0.793578, R^2: 0.597760
RF_ECFP的BA值 ：-12.483332465612879
RF_ECFP :RMSD: 0.941931, P: 0.817072, R^2: 0.654269
RF_AE_BET的BA值    ：-12.395638449652502
RF_AE_BET    :RMSD: 1.004389, P: 0.797425, R^2: 0.606899
RF_AE_ECFP的BA值    ：-12.37538334343844
RF_AE_ECFP    :RMSD: 0.959192, P: 0.818866, R^2: 0.641482
RF_BET_ECFP的BA值    ：-12.382168265260521
RF_BET_ECFP    :RMSD: 0.949926, P: 0.820810, R^2: 0.648375
RF_AE_BET_ECFP的BA值    ：-12.377532402100734
RF_AE_BET_ECFP    :RMSD: 0.966018, P: 0.816370, R^2: 0.636361
fold= 4
>>>>>>>>>>>>>training.............
###############################################RF#####################################################
RF_BET的BA值：-12.475454425784323
RF_BET:RMSD: 1.171333, P: 0.649430, R^2: 0.421436
RF_AE的BA值 ：-12.36046186590538
RF_AE :RMSD: 1.195975, P: 0.630796, R^2: 0.396836
RF_ECFP的BA值 ：-12.63616734111955
RF_ECFP :RMSD: 1.075394, P: 0.716635, R^2: 0.512331
RF_AE_BET的BA值    ：-12.404013047417571
RF_AE_BET    :RMSD: 1.176266, P: 0.645714, R^2: 0.416553
RF_AE_ECFP的BA值    ：-12.496058157543814
RF_AE_ECFP    :RMSD: 1.107714, P: 0.695260, R^2: 0.482577
RF_BET_ECFP的BA值    ：-12.336011328878941
RF_BET_ECFP    :RMSD: 1.087363, P: 0.709615, R^2: 0.501414
RF_AE_BET_ECFP的BA值    ：-12.344161507887755
RF_AE_BET_ECFP    :RMSD: 1.116199, P: 0.690049, R^2: 0.474619
fold= 5
>>>>>>>>>>>>>training.............
###############################################RF#####################################################
RF_BET的BA值：-12.555515349413504
RF_BET:RMSD: 1.057422, P: 0.785405, R^2: 0.584768
RF_AE的BA值 ：-12.32882355553927
RF_AE :RMSD: 1.130738, P: 0.748875, R^2: 0.525191
RF_ECFP的BA值 ：-12.679087268144722
RF_ECFP :RMSD: 1.137615, P: 0.723867, R^2: 0.519399
RF_AE_BET的BA值    ：-12.319723988556468
RF_AE_BET    :RMSD: 1.084397, P: 0.776246, R^2: 0.563312
RF_AE_ECFP的BA值    ：-12.414966337012872
RF_AE_ECFP    :RMSD: 1.094285, P: 0.757246, R^2: 0.555312
RF_BET_ECFP的BA值    ：-12.617301308779112
RF_BET_ECFP    :RMSD: 1.058451, P: 0.775051, R^2: 0.583959
RF_AE_BET_ECFP的BA值    ：-12.427513976313193
RF_AE_BET_ECFP    :RMSD: 1.068951, P: 0.776079, R^2: 0.575664
fold= 6
>>>>>>>>>>>>>training.............
###############################################RF#####################################################
RF_BET的BA值：-12.312457564579914
RF_BET:RMSD: 0.979989, P: 0.789423, R^2: 0.594110
RF_AE的BA值 ：-11.963262572927341
RF_AE :RMSD: 1.016263, P: 0.794944, R^2: 0.563506
RF_ECFP的BA值 ：-12.676433698859677
RF_ECFP :RMSD: 1.029553, P: 0.776145, R^2: 0.552016
RF_AE_BET的BA值    ：-12.1216191739368
RF_AE_BET    :RMSD: 0.987138, P: 0.799271, R^2: 0.588167
RF_AE_ECFP的BA值    ：-12.199551248601226
RF_AE_ECFP    :RMSD: 0.988530, P: 0.797038, R^2: 0.587004
RF_BET_ECFP的BA值    ：-12.328457206487991
RF_BET_ECFP    :RMSD: 0.973666, P: 0.800210, R^2: 0.599331
RF_AE_BET_ECFP的BA值    ：-12.195898398756556
RF_AE_BET_ECFP    :RMSD: 0.974422, P: 0.803674, R^2: 0.598709
fold= 7
>>>>>>>>>>>>>training.............
###############################################RF#####################################################
RF_BET的BA值：-12.520115083443935
RF_BET:RMSD: 0.940607, P: 0.766547, R^2: 0.497953
RF_AE的BA值 ：-11.998678257536328
RF_AE :RMSD: 0.986050, P: 0.773362, R^2: 0.448271
RF_ECFP的BA值 ：-12.54811687434201
RF_ECFP :RMSD: 0.751989, P: 0.843127, R^2: 0.679114
RF_AE_BET的BA值    ：-12.142082511575765
RF_AE_BET    :RMSD: 0.954074, P: 0.775835, R^2: 0.483474
RF_AE_ECFP的BA值    ：-12.187367259741002
RF_AE_ECFP    :RMSD: 0.841571, P: 0.825792, R^2: 0.598107
RF_BET_ECFP的BA值    ：-12.534115978892974
RF_BET_ECFP    :RMSD: 0.825286, P: 0.820279, R^2: 0.613511
RF_AE_BET_ECFP的BA值    ：-12.264462561694655
RF_AE_BET_ECFP    :RMSD: 0.867683, P: 0.812139, R^2: 0.572781
fold= 8
>>>>>>>>>>>>>training.............
###############################################RF#####################################################
RF_BET的BA值：-12.44704628627931
RF_BET:RMSD: 1.061925, P: 0.699474, R^2: 0.439919
RF_AE的BA值 ：-12.36054405652792
RF_AE :RMSD: 1.034738, P: 0.713881, R^2: 0.468230
RF_ECFP的BA值 ：-12.623838501575083
RF_ECFP :RMSD: 1.007588, P: 0.734512, R^2: 0.495770
RF_AE_BET的BA值    ：-12.403795171403615
RF_AE_BET    :RMSD: 1.041197, P: 0.711473, R^2: 0.461570
RF_AE_ECFP的BA值    ：-12.4921912790515
RF_AE_ECFP    :RMSD: 0.990592, P: 0.739554, R^2: 0.512637
RF_BET_ECFP的BA值    ：-12.535442393927196
RF_BET_ECFP    :RMSD: 1.006427, P: 0.732182, R^2: 0.496931
RF_AE_BET_ECFP的BA值    ：-12.477142948127437
RF_AE_BET_ECFP    :RMSD: 1.005509, P: 0.732246, R^2: 0.497848
fold= 9
>>>>>>>>>>>>>training.............
###############################################RF#####################################################
RF_BET的BA值：-12.345497839781029
RF_BET:RMSD: 0.948855, P: 0.728144, R^2: 0.527862
RF_AE的BA值 ：-12.163020873371861
RF_AE :RMSD: 0.957275, P: 0.723472, R^2: 0.519445
RF_ECFP的BA值 ：-12.526043610263722
RF_ECFP :RMSD: 0.855574, P: 0.785498, R^2: 0.616130
RF_AE_BET的BA值    ：-12.254259356576444
RF_AE_BET    :RMSD: 0.945259, P: 0.731722, R^2: 0.531434
RF_AE_ECFP的BA值    ：-12.317475385227219
RF_AE_ECFP    :RMSD: 0.875327, P: 0.774955, R^2: 0.598200
RF_BET_ECFP的BA值    ：-12.408713868431803
RF_BET_ECFP    :RMSD: 0.862803, P: 0.782582, R^2: 0.609615
RF_AE_BET_ECFP的BA值    ：-12.326816203411823
RF_AE_BET_ECFP    :RMSD: 0.886181, P: 0.769625, R^2: 0.588173
fold= 10
>>>>>>>>>>>>>training.............
###############################################RF#####################################################
RF_BET的BA值：-12.47240889470614
RF_BET:RMSD: 0.921204, P: 0.739189, R^2: 0.529049
RF_AE的BA值 ：-11.833593151333941
RF_AE :RMSD: 0.908970, P: 0.752497, R^2: 0.541474
RF_ECFP的BA值 ：-12.534201712502764
RF_ECFP :RMSD: 0.942681, P: 0.740850, R^2: 0.506833
RF_AE_BET的BA值    ：-12.073455085858798
RF_AE_BET    :RMSD: 0.898845, P: 0.753382, R^2: 0.551633
RF_AE_ECFP的BA值    ：-12.14110403800364
RF_AE_ECFP    :RMSD: 0.879856, P: 0.765264, R^2: 0.570377
RF_BET_ECFP的BA值    ：-12.503305303604453
RF_BET_ECFP    :RMSD: 0.896741, P: 0.760594, R^2: 0.553730
RF_AE_BET_ECFP的BA值    ：-12.227037294740121
RF_AE_BET_ECFP    :RMSD: 0.880742, P: 0.766132, R^2: 0.569511
@@@@@@@@@@@@@@@@@@@@@@@@@@@@@@@@@@@@@@@@@@@最终结果@@@@@@@@@@@@@@@@@@@@@@@@@@@@@@@@@@@@@@@@@@@@@@@@@@
@@@@@@@@@@@@@@@@@@@@@@@@@@@@@@@@@@@@@@@@@@@最终结果@@@@@@@@@@@@@@@@@@@@@@@@@@@@@@@@@@@@@@@@@@@@@@@@@@
%%%%%%%%%%%%%%%%%%%%%%%%%%%%%%%%%%%%%%%%%%%RF%%%%%%%%%%%%%%%%%%%%%%%%%%%%%%%%%%%%%%%%%%%%%%%%%%%%%%
RF_BET:0-th Final RMSD: 1.004652, Final P: 0.745976, Final R^2: 0.549988
RF_AE :0-th Final RMSD: 1.032657, Final P: 0.735638, Final R^2: 0.524551
RF_ECFP :0-th Final RMSD: 0.960366, Final P: 0.767845, Final R^2: 0.588788
RF_AE_BET    :0-th Final RMSD: 1.009162, Final P: 0.748062, Final R^2: 0.545939
RF_AE_ECFP    :0-th Final RMSD: 0.963500, Final P: 0.771880, Final R^2: 0.586099
RF_BET_ECFP    :0-th Final RMSD: 0.950652, Final P: 0.776742, Final R^2: 0.597064
RF_AE_BET_ECFP    :0-th Final RMSD: 0.966317, Final P: 0.771584, Final R^2: 0.583676
0-th RF_AE的BA值 ：-12.415989
0-th RF_BET的BA值：-12.555515
0-th RF_ECFP的BA值 ：-12.679332
0-th RF_AE_BET的BA值：-12.408096
0-th RF_AE_ECFP的BA值    ：-12.496058
0-th RF_BET_ECFP的BA值    ：-12.617301
0-th RF_AE_BET_ECFP的BA值    ：-12.477143
total time: 4.68106874247392 h
