size of data: (974,)
size of train size: 779
RF parameter
Namespace(n_estimators=10000, dataset='CHEMBL1801', max_depth=7, min_samples_split=3, min_samples_leaf=1, criterion='mse', random_seed=0)
fold= 1
>>>>>>>>>>>>>training.............
###############################################RF#####################################################
RF_BET的BA值：-11.952286174092187
RF_BET:RMSD: 1.263952, P: 0.770512, R^2: 0.579819
RF_AE的BA值 ：-12.256969753201213
RF_AE :RMSD: 1.317338, P: 0.777312, R^2: 0.543575
RF_ECFP的BA值 ：-13.2510742092598
RF_ECFP :RMSD: 1.168961, P: 0.801191, R^2: 0.640602
RF_AE_BET的BA值    ：-11.814409983074357
RF_AE_BET    :RMSD: 1.240402, P: 0.806039, R^2: 0.595331
RF_AE_ECFP的BA值    ：-12.718246253822464
RF_AE_ECFP    :RMSD: 1.144120, P: 0.827921, R^2: 0.655715
RF_BET_ECFP的BA值    ：-12.366039269357078
RF_BET_ECFP    :RMSD: 1.160898, P: 0.807617, R^2: 0.645543
RF_AE_BET_ECFP的BA值    ：-12.293298058469505
RF_AE_BET_ECFP    :RMSD: 1.158627, P: 0.824062, R^2: 0.646929
fold= 2
>>>>>>>>>>>>>training.............
###############################################RF#####################################################
RF_BET的BA值：-12.789173839273907
RF_BET:RMSD: 1.174332, P: 0.806225, R^2: 0.634800
RF_AE的BA值 ：-12.306638498106384
RF_AE :RMSD: 1.167370, P: 0.813930, R^2: 0.639118
RF_ECFP的BA值 ：-13.734178617165389
RF_ECFP :RMSD: 1.124138, P: 0.819967, R^2: 0.665352
RF_AE_BET的BA值    ：-12.10709038799969
RF_AE_BET    :RMSD: 1.130839, P: 0.831039, R^2: 0.661350
RF_AE_ECFP的BA值    ：-12.835682714659965
RF_AE_ECFP    :RMSD: 1.056998, P: 0.845507, R^2: 0.704133
RF_BET_ECFP的BA值    ：-13.050965185292867
RF_BET_ECFP    :RMSD: 1.091360, P: 0.831746, R^2: 0.684583
RF_AE_BET_ECFP的BA值    ：-12.526302569070973
RF_AE_BET_ECFP    :RMSD: 1.072015, P: 0.844243, R^2: 0.695666
fold= 3
>>>>>>>>>>>>>training.............
###############################################RF#####################################################
RF_BET的BA值：-12.683612903931403
RF_BET:RMSD: 1.004977, P: 0.891379, R^2: 0.752466
RF_AE的BA值 ：-12.54974036142497
RF_AE :RMSD: 1.208627, P: 0.853880, R^2: 0.641981
RF_ECFP的BA值 ：-13.150684794736717
RF_ECFP :RMSD: 0.989698, P: 0.874658, R^2: 0.759936
RF_AE_BET的BA值    ：-12.616676632678185
RF_AE_BET    :RMSD: 1.067085, P: 0.888449, R^2: 0.720926
RF_AE_ECFP的BA值    ：-12.832419025520906
RF_AE_ECFP    :RMSD: 1.042295, P: 0.879126, R^2: 0.733742
RF_BET_ECFP的BA值    ：-12.899355296774122
RF_BET_ECFP    :RMSD: 0.966443, P: 0.891572, R^2: 0.771085
RF_AE_BET_ECFP的BA值    ：-12.782816984991072
RF_AE_BET_ECFP    :RMSD: 1.010280, P: 0.890553, R^2: 0.749848
fold= 4
>>>>>>>>>>>>>training.............
###############################################RF#####################################################
RF_BET的BA值：-12.38316871157811
RF_BET:RMSD: 1.243151, P: 0.804254, R^2: 0.632551
RF_AE的BA值 ：-12.623936150325033
RF_AE :RMSD: 1.345790, P: 0.789450, R^2: 0.569370
RF_ECFP的BA值 ：-13.177695405799708
RF_ECFP :RMSD: 1.134977, P: 0.833604, R^2: 0.693717
RF_AE_BET的BA值    ：-12.45178958368322
RF_AE_BET    :RMSD: 1.248931, P: 0.814883, R^2: 0.629126
RF_AE_ECFP的BA值    ：-12.804870238474749
RF_AE_ECFP    :RMSD: 1.171548, P: 0.835677, R^2: 0.673661
RF_BET_ECFP的BA值    ：-12.780432058688909
RF_BET_ECFP    :RMSD: 1.154333, P: 0.832717, R^2: 0.683181
RF_AE_BET_ECFP的BA值    ：-12.629794497996969
RF_AE_BET_ECFP    :RMSD: 1.174479, P: 0.834121, R^2: 0.672026
fold= 5
>>>>>>>>>>>>>training.............
###############################################RF#####################################################
RF_BET的BA值：-11.907683258160457
RF_BET:RMSD: 1.236672, P: 0.821240, R^2: 0.634809
RF_AE的BA值 ：-11.736514864643517
RF_AE :RMSD: 1.266803, P: 0.821181, R^2: 0.616797
RF_ECFP的BA值 ：-13.12211869569627
RF_ECFP :RMSD: 1.063060, P: 0.862481, R^2: 0.730147
RF_AE_BET的BA值    ：-11.658775097054338
RF_AE_BET    :RMSD: 1.232803, P: 0.833439, R^2: 0.637090
RF_AE_ECFP的BA值    ：-12.334002970422137
RF_AE_ECFP    :RMSD: 1.126505, P: 0.857948, R^2: 0.696975
RF_BET_ECFP的BA值    ：-12.398694868917898
RF_BET_ECFP    :RMSD: 1.112969, P: 0.857809, R^2: 0.704214
RF_AE_BET_ECFP的BA值    ：-12.08301375676981
RF_AE_BET_ECFP    :RMSD: 1.147259, P: 0.855032, R^2: 0.685707
fold= 6
>>>>>>>>>>>>>training.............
###############################################RF#####################################################
RF_BET的BA值：-12.826293699240798
RF_BET:RMSD: 1.116915, P: 0.871299, R^2: 0.702714
RF_AE的BA值 ：-11.617904155491237
RF_AE :RMSD: 1.514177, P: 0.792651, R^2: 0.453629
RF_ECFP的BA值 ：-13.191088368014604
RF_ECFP :RMSD: 1.059269, P: 0.859312, R^2: 0.732609
RF_AE_BET的BA值    ：-12.222098927366018
RF_AE_BET    :RMSD: 1.266286, P: 0.869823, R^2: 0.617881
RF_AE_ECFP的BA值    ：-12.404496261752922
RF_AE_ECFP    :RMSD: 1.166508, P: 0.873113, R^2: 0.675727
RF_BET_ECFP的BA值    ：-13.008691033627702
RF_BET_ECFP    :RMSD: 1.042296, P: 0.877891, R^2: 0.741109
RF_AE_BET_ECFP的BA值    ：-12.545095407582215
RF_AE_BET_ECFP    :RMSD: 1.132359, P: 0.882253, R^2: 0.694436
fold= 7
>>>>>>>>>>>>>training.............
###############################################RF#####################################################
RF_BET的BA值：-12.792474567061152
RF_BET:RMSD: 1.131878, P: 0.780793, R^2: 0.595770
RF_AE的BA值 ：-11.62843478372672
RF_AE :RMSD: 1.477475, P: 0.652317, R^2: 0.311239
RF_ECFP的BA值 ：-13.13632471058163
RF_ECFP :RMSD: 1.014218, P: 0.823105, R^2: 0.675443
RF_AE_BET的BA值    ：-11.839421379651432
RF_AE_BET    :RMSD: 1.247863, P: 0.756780, R^2: 0.508682
RF_AE_ECFP的BA值    ：-11.745972278139062
RF_AE_ECFP    :RMSD: 1.159774, P: 0.791992, R^2: 0.575600
RF_BET_ECFP的BA值    ：-12.96439963882139
RF_BET_ECFP    :RMSD: 1.038125, P: 0.818854, R^2: 0.659962
RF_AE_BET_ECFP的BA值    ：-11.857437078537115
RF_AE_BET_ECFP    :RMSD: 1.126797, P: 0.801091, R^2: 0.599391
fold= 8
>>>>>>>>>>>>>training.............
###############################################RF#####################################################
RF_BET的BA值：-11.500709748715902
RF_BET:RMSD: 1.023097, P: 0.862213, R^2: 0.687660
RF_AE的BA值 ：-10.58141463445957
RF_AE :RMSD: 1.298376, P: 0.805526, R^2: 0.496969
RF_ECFP的BA值 ：-12.835325093457708
RF_ECFP :RMSD: 0.892234, P: 0.879984, R^2: 0.762452
RF_AE_BET的BA值    ：-10.756867815023792
RF_AE_BET    :RMSD: 1.106182, P: 0.877008, R^2: 0.634871
RF_AE_ECFP的BA值    ：-11.708369863958639
RF_AE_ECFP    :RMSD: 0.990046, P: 0.892105, R^2: 0.707514
RF_BET_ECFP的BA值    ：-11.968432512923444
RF_BET_ECFP    :RMSD: 0.911433, P: 0.887692, R^2: 0.752119
RF_AE_BET_ECFP的BA值    ：-11.4496869078351
RF_AE_BET_ECFP    :RMSD: 0.978069, P: 0.895091, R^2: 0.714548
fold= 9
>>>>>>>>>>>>>training.............
###############################################RF#####################################################
RF_BET的BA值：-12.925546752951346
RF_BET:RMSD: 1.315056, P: 0.778958, R^2: 0.591497
RF_AE的BA值 ：-10.35904607292544
RF_AE :RMSD: 1.584440, P: 0.717194, R^2: 0.406996
RF_ECFP的BA值 ：-13.202359013042818
RF_ECFP :RMSD: 1.237957, P: 0.799627, R^2: 0.637993
RF_AE_BET的BA值    ：-10.970773524084548
RF_AE_BET    :RMSD: 1.385538, P: 0.794764, R^2: 0.546536
RF_AE_ECFP的BA值    ：-11.197720554194495
RF_AE_ECFP    :RMSD: 1.296344, P: 0.808827, R^2: 0.603040
RF_BET_ECFP的BA值    ：-13.063952882997082
RF_BET_ECFP    :RMSD: 1.244318, P: 0.799760, R^2: 0.634263
RF_AE_BET_ECFP的BA值    ：-11.714635353737306
RF_AE_BET_ECFP    :RMSD: 1.283305, P: 0.808521, R^2: 0.610985
fold= 10
>>>>>>>>>>>>>training.............
###############################################RF#####################################################
RF_BET的BA值：-12.597481232524615
RF_BET:RMSD: 1.060321, P: 0.842339, R^2: 0.692723
RF_AE的BA值 ：-10.440391102272965
RF_AE :RMSD: 1.426512, P: 0.798154, R^2: 0.443831
RF_ECFP的BA值 ：-13.0996419971927
RF_ECFP :RMSD: 0.972922, P: 0.861012, R^2: 0.741291
RF_AE_BET的BA值    ：-11.51893616739879
RF_AE_BET    :RMSD: 1.186307, P: 0.847532, R^2: 0.615364
RF_AE_ECFP的BA值    ：-11.770016549732834
RF_AE_ECFP    :RMSD: 1.085394, P: 0.869378, R^2: 0.678019
RF_BET_ECFP的BA值    ：-12.848561614858657
RF_BET_ECFP    :RMSD: 0.974372, P: 0.865604, R^2: 0.740519
RF_AE_BET_ECFP的BA值    ：-12.045838110663425
RF_AE_BET_ECFP    :RMSD: 1.055852, P: 0.868322, R^2: 0.695307
@@@@@@@@@@@@@@@@@@@@@@@@@@@@@@@@@@@@@@@@@@@最终结果@@@@@@@@@@@@@@@@@@@@@@@@@@@@@@@@@@@@@@@@@@@@@@@@@@
@@@@@@@@@@@@@@@@@@@@@@@@@@@@@@@@@@@@@@@@@@@最终结果@@@@@@@@@@@@@@@@@@@@@@@@@@@@@@@@@@@@@@@@@@@@@@@@@@
%%%%%%%%%%%%%%%%%%%%%%%%%%%%%%%%%%%%%%%%%%%RF%%%%%%%%%%%%%%%%%%%%%%%%%%%%%%%%%%%%%%%%%%%%%%%%%%%%%%
RF_BET:0-th Final RMSD: 1.161543, Final P: 0.821903, Final R^2: 0.652892
RF_AE :0-th Final RMSD: 1.366395, Final P: 0.746159, Final R^2: 0.519662
RF_ECFP :0-th Final RMSD: 1.070377, Final P: 0.840037, Final R^2: 0.705241
RF_AE_BET    :0-th Final RMSD: 1.214211, Final P: 0.822192, Final R^2: 0.620700
RF_AE_ECFP    :0-th Final RMSD: 1.126800, Final P: 0.841610, Final R^2: 0.673346
RF_BET_ECFP    :0-th Final RMSD: 1.074171, Final P: 0.846147, Final R^2: 0.703147
RF_AE_BET_ECFP    :0-th Final RMSD: 1.117009, Final P: 0.847057, Final R^2: 0.678998
0-th RF_AE的BA值 ：-12.623936
0-th RF_BET的BA值：-12.925547
0-th RF_ECFP的BA值 ：-13.734179
0-th RF_AE_BET的BA值：-12.616677
0-th RF_AE_ECFP的BA值    ：-12.835683
0-th RF_BET_ECFP的BA值    ：-13.063953
0-th RF_AE_BET_ECFP的BA值    ：-12.782817
total time: 7.678175498975648 h
