size of data: (273,)
size of train size: 218
RF parameter
Namespace(n_estimators=10000, dataset='CHEMBL1293293', max_depth=7, min_samples_split=3, min_samples_leaf=1, criterion='mse', random_seed=0)
fold= 1
>>>>>>>>>>>>>training.............
###############################################RF#####################################################
RF_BET的BA值：-8.890327372888546
RF_BET:RMSD: 0.768417, P: 0.771816, R^2: 0.470140
RF_AE的BA值 ：-9.141695079009695
RF_AE :RMSD: 0.684353, P: 0.875662, R^2: 0.579730
RF_ECFP的BA值 ：-9.175001513769013
RF_ECFP :RMSD: 0.615066, P: 0.840263, R^2: 0.660522
RF_AE_BET的BA值    ：-9.016011225949121
RF_AE_BET    :RMSD: 0.719101, P: 0.844091, R^2: 0.535969
RF_AE_ECFP的BA值    ：-9.158348296389354
RF_AE_ECFP    :RMSD: 0.621946, P: 0.893195, R^2: 0.652885
RF_BET_ECFP的BA值    ：-9.03266444332878
RF_BET_ECFP    :RMSD: 0.661858, P: 0.860849, R^2: 0.606906
RF_AE_BET_ECFP的BA值    ：-9.069007988555752
RF_AE_BET_ECFP    :RMSD: 0.660875, P: 0.882172, R^2: 0.608072
fold= 2
>>>>>>>>>>>>>training.............
###############################################RF#####################################################
RF_BET的BA值：-8.805385311903049
RF_BET:RMSD: 0.792158, P: 0.737983, R^2: 0.351196
RF_AE的BA值 ：-9.020618741720854
RF_AE :RMSD: 0.794573, P: 0.724533, R^2: 0.347233
RF_ECFP的BA值 ：-8.81586840683876
RF_ECFP :RMSD: 0.661313, P: 0.788074, R^2: 0.547827
RF_AE_BET的BA值    ：-8.856318123603018
RF_AE_BET    :RMSD: 0.785514, P: 0.749214, R^2: 0.362033
RF_AE_ECFP的BA值    ：-8.853692388948762
RF_AE_ECFP    :RMSD: 0.704214, P: 0.787522, R^2: 0.487257
RF_BET_ECFP的BA值    ：-8.802759577248793
RF_BET_ECFP    :RMSD: 0.704844, P: 0.794621, R^2: 0.486339
RF_AE_BET_ECFP的BA值    ：-8.837590029933525
RF_AE_BET_ECFP    :RMSD: 0.725935, P: 0.786773, R^2: 0.455140
fold= 3
>>>>>>>>>>>>>training.............
###############################################RF#####################################################
RF_BET的BA值：-9.647982364754569
RF_BET:RMSD: 0.770139, P: 0.735266, R^2: 0.488355
RF_AE的BA值 ：-9.126310706583391
RF_AE :RMSD: 0.858118, P: 0.624517, R^2: 0.364779
RF_ECFP的BA值 ：-9.80409556584356
RF_ECFP :RMSD: 0.680257, P: 0.778011, R^2: 0.600813
RF_AE_BET的BA值    ：-9.387146535668979
RF_AE_BET    :RMSD: 0.801648, P: 0.706457, R^2: 0.445632
RF_AE_ECFP的BA值    ：-9.465203136213475
RF_AE_ECFP    :RMSD: 0.743293, P: 0.743733, R^2: 0.523403
RF_BET_ECFP的BA值    ：-9.726038965299065
RF_BET_ECFP    :RMSD: 0.711727, P: 0.767805, R^2: 0.563024
RF_AE_BET_ECFP的BA值    ：-9.526129545727173
RF_AE_BET_ECFP    :RMSD: 0.746435, P: 0.748063, R^2: 0.519366
fold= 4
>>>>>>>>>>>>>training.............
###############################################RF#####################################################
RF_BET的BA值：-9.37478898389698
RF_BET:RMSD: 0.610954, P: 0.749962, R^2: 0.423700
RF_AE的BA值 ：-9.170660693078455
RF_AE :RMSD: 0.617142, P: 0.750080, R^2: 0.411967
RF_ECFP的BA值 ：-9.929273074515669
RF_ECFP :RMSD: 0.479270, P: 0.846012, R^2: 0.645357
RF_AE_BET的BA值    ：-9.272724838487719
RF_AE_BET    :RMSD: 0.606805, P: 0.760801, R^2: 0.431501
RF_AE_ECFP的BA值    ：-9.549966883797062
RF_AE_ECFP    :RMSD: 0.524611, P: 0.827213, R^2: 0.575081
RF_BET_ECFP的BA值    ：-9.652031029206324
RF_BET_ECFP    :RMSD: 0.525474, P: 0.822739, R^2: 0.573681
RF_AE_BET_ECFP的BA值    ：-9.491574250497033
RF_AE_BET_ECFP    :RMSD: 0.547152, P: 0.811866, R^2: 0.537781
fold= 5
>>>>>>>>>>>>>training.............
###############################################RF#####################################################
RF_BET的BA值：-8.889648073543558
RF_BET:RMSD: 0.808403, P: 0.676130, R^2: 0.370514
RF_AE的BA值 ：-9.133116780596447
RF_AE :RMSD: 0.766257, P: 0.819303, R^2: 0.434439
RF_ECFP的BA值 ：-10.034044286695037
RF_ECFP :RMSD: 0.626729, P: 0.830801, R^2: 0.621653
RF_AE_BET的BA值    ：-8.921312327146218
RF_AE_BET    :RMSD: 0.775910, P: 0.780072, R^2: 0.420101
RF_AE_ECFP的BA值    ：-9.52062052285964
RF_AE_ECFP    :RMSD: 0.643922, P: 0.860130, R^2: 0.600610
RF_BET_ECFP的BA值    ：-9.434736090981616
RF_BET_ECFP    :RMSD: 0.681553, P: 0.801984, R^2: 0.552565
RF_AE_BET_ECFP的BA值    ：-9.292222980329157
RF_AE_BET_ECFP    :RMSD: 0.690514, P: 0.829107, R^2: 0.540722
fold= 6
>>>>>>>>>>>>>training.............
###############################################RF#####################################################
RF_BET的BA值：-8.868242164012266
RF_BET:RMSD: 0.761573, P: 0.718233, R^2: 0.467459
RF_AE的BA值 ：-8.85720611318181
RF_AE :RMSD: 0.755786, P: 0.714589, R^2: 0.475522
RF_ECFP的BA值 ：-9.054844292032685
RF_ECFP :RMSD: 0.767821, P: 0.679224, R^2: 0.458686
RF_AE_BET的BA值    ：-8.860394864265883
RF_AE_BET    :RMSD: 0.752185, P: 0.728392, R^2: 0.480508
RF_AE_ECFP的BA值    ：-8.845139108526924
RF_AE_ECFP    :RMSD: 0.750918, P: 0.708781, R^2: 0.482257
RF_BET_ECFP的BA值    ：-8.823733195563376
RF_BET_ECFP    :RMSD: 0.751588, P: 0.712249, R^2: 0.481333
RF_AE_BET_ECFP的BA值    ：-8.833337985215417
RF_AE_BET_ECFP    :RMSD: 0.748140, P: 0.720949, R^2: 0.486080
fold= 7
>>>>>>>>>>>>>training.............
###############################################RF#####################################################
RF_BET的BA值：-8.764107178847034
RF_BET:RMSD: 0.505760, P: 0.696499, R^2: 0.465372
RF_AE的BA值 ：-8.805358145675385
RF_AE :RMSD: 0.477845, P: 0.723403, R^2: 0.522759
RF_ECFP的BA值 ：-8.899666641322392
RF_ECFP :RMSD: 0.363323, P: 0.861473, R^2: 0.724101
RF_AE_BET的BA值    ：-8.721449757345427
RF_AE_BET    :RMSD: 0.468783, P: 0.744698, R^2: 0.540688
RF_AE_ECFP的BA值    ：-8.811530743370309
RF_AE_ECFP    :RMSD: 0.398883, P: 0.826139, R^2: 0.667452
RF_BET_ECFP的BA值    ：-8.831886910084712
RF_BET_ECFP    :RMSD: 0.411690, P: 0.829073, R^2: 0.645755
RF_AE_BET_ECFP的BA值    ：-8.771539078682343
RF_AE_BET_ECFP    :RMSD: 0.418633, P: 0.814077, R^2: 0.633705
fold= 8
>>>>>>>>>>>>>training.............
###############################################RF#####################################################
RF_BET的BA值：-9.81258378197545
RF_BET:RMSD: 0.788050, P: 0.738485, R^2: 0.455173
RF_AE的BA值 ：-9.590396434912623
RF_AE :RMSD: 0.836356, P: 0.646871, R^2: 0.386331
RF_ECFP的BA值 ：-10.384008694435835
RF_ECFP :RMSD: 0.810171, P: 0.655081, R^2: 0.424156
RF_AE_BET的BA值    ：-9.701490108444037
RF_AE_BET    :RMSD: 0.804169, P: 0.707333, R^2: 0.432656
RF_AE_ECFP的BA值    ：-9.987202564674229
RF_AE_ECFP    :RMSD: 0.803681, P: 0.664844, R^2: 0.433345
RF_BET_ECFP的BA值    ：-10.098296238205641
RF_BET_ECFP    :RMSD: 0.775018, P: 0.702432, R^2: 0.473044
RF_AE_BET_ECFP的BA值    ：-9.928996303774635
RF_AE_BET_ECFP    :RMSD: 0.788535, P: 0.695344, R^2: 0.454502
fold= 9
>>>>>>>>>>>>>training.............
###############################################RF#####################################################
RF_BET的BA值：-9.943592017875337
RF_BET:RMSD: 0.700759, P: 0.779646, R^2: 0.569308
RF_AE的BA值 ：-9.492291512207977
RF_AE :RMSD: 0.757166, P: 0.733565, R^2: 0.497180
RF_ECFP的BA值 ：-10.464100056729967
RF_ECFP :RMSD: 0.698876, P: 0.777497, R^2: 0.571619
RF_AE_BET的BA值    ：-9.717941765041658
RF_AE_BET    :RMSD: 0.720611, P: 0.767996, R^2: 0.544559
RF_AE_ECFP的BA值    ：-9.978195784468973
RF_AE_ECFP    :RMSD: 0.687808, P: 0.779898, R^2: 0.585080
RF_BET_ECFP的BA值    ：-10.203846037302652
RF_BET_ECFP    :RMSD: 0.669212, P: 0.797916, R^2: 0.607212
RF_AE_BET_ECFP的BA值    ：-9.966661195604427
RF_AE_BET_ECFP    :RMSD: 0.683783, P: 0.789332, R^2: 0.589922
fold= 10
>>>>>>>>>>>>>training.............
###############################################RF#####################################################
RF_BET的BA值：-8.992977299771232
RF_BET:RMSD: 0.791957, P: 0.689276, R^2: 0.443676
RF_AE的BA值 ：-9.487769622030749
RF_AE :RMSD: 0.736965, P: 0.738684, R^2: 0.518254
RF_ECFP的BA值 ：-10.310382575756554
RF_ECFP :RMSD: 0.765445, P: 0.714160, R^2: 0.480299
RF_AE_BET的BA值    ：-9.191654385509878
RF_AE_BET    :RMSD: 0.755803, P: 0.728995, R^2: 0.493310
RF_AE_ECFP的BA值    ：-9.899076098893651
RF_AE_ECFP    :RMSD: 0.716726, P: 0.739222, R^2: 0.544350
RF_BET_ECFP的BA值    ：-9.602960862372782
RF_BET_ECFP    :RMSD: 0.739015, P: 0.721364, R^2: 0.515570
RF_AE_BET_ECFP的BA值    ：-9.564563782258771
RF_AE_BET_ECFP    :RMSD: 0.727865, P: 0.735776, R^2: 0.530077
@@@@@@@@@@@@@@@@@@@@@@@@@@@@@@@@@@@@@@@@@@@最终结果@@@@@@@@@@@@@@@@@@@@@@@@@@@@@@@@@@@@@@@@@@@@@@@@@@
@@@@@@@@@@@@@@@@@@@@@@@@@@@@@@@@@@@@@@@@@@@最终结果@@@@@@@@@@@@@@@@@@@@@@@@@@@@@@@@@@@@@@@@@@@@@@@@@@
%%%%%%%%%%%%%%%%%%%%%%%%%%%%%%%%%%%%%%%%%%%RF%%%%%%%%%%%%%%%%%%%%%%%%%%%%%%%%%%%%%%%%%%%%%%%%%%%%%%
RF_BET:0-th Final RMSD: 0.736193, Final P: 0.715673, Final R^2: 0.470475
RF_AE :0-th Final RMSD: 0.736697, Final P: 0.710672, Final R^2: 0.469749
RF_ECFP :0-th Final RMSD: 0.659707, Final P: 0.760187, Final R^2: 0.574788
RF_AE_BET    :0-th Final RMSD: 0.726426, Final P: 0.731943, Final R^2: 0.484432
RF_AE_ECFP    :0-th Final RMSD: 0.669632, Final P: 0.768352, Final R^2: 0.561897
RF_BET_ECFP    :0-th Final RMSD: 0.671885, Final P: 0.767800, Final R^2: 0.558944
RF_AE_BET_ECFP    :0-th Final RMSD: 0.682333, Final P: 0.766838, Final R^2: 0.545120
0-th RF_AE的BA值 ：-9.590396
0-th RF_BET的BA值：-9.943592
0-th RF_ECFP的BA值 ：-10.464100
0-th RF_AE_BET的BA值：-9.717942
0-th RF_AE_ECFP的BA值    ：-9.987203
0-th RF_BET_ECFP的BA值    ：-10.203846
0-th RF_AE_BET_ECFP的BA值    ：-9.966661
total time: 1.7306501262717777 h
