size of data: (353,)
size of train size: 282
RF parameter
Namespace(n_estimators=10000, dataset='CHEMBL2593', max_depth=7, min_samples_split=3, min_samples_leaf=1, criterion='mse', random_seed=0)
fold= 1
>>>>>>>>>>>>>training.............
###############################################RF#####################################################
RF_BET的BA值：-10.65427344504325
RF_BET:RMSD: 0.826550, P: 0.822684, R^2: 0.633201
RF_AE的BA值 ：-10.688455291090628
RF_AE :RMSD: 0.881186, P: 0.775334, R^2: 0.583108
RF_ECFP的BA值 ：-10.999994456420874
RF_ECFP :RMSD: 0.741827, P: 0.858168, R^2: 0.704543
RF_AE_BET的BA值    ：-10.596222228179535
RF_AE_BET    :RMSD: 0.833980, P: 0.812888, R^2: 0.626578
RF_AE_ECFP的BA值    ：-10.844224873755751
RF_AE_ECFP    :RMSD: 0.781319, P: 0.832079, R^2: 0.672248
RF_BET_ECFP的BA值    ：-10.766221414344162
RF_BET_ECFP    :RMSD: 0.758992, P: 0.854726, R^2: 0.690712
RF_AE_BET_ECFP的BA值    ：-10.730812970926648
RF_AE_BET_ECFP    :RMSD: 0.783030, P: 0.838330, R^2: 0.670811
fold= 2
>>>>>>>>>>>>>training.............
###############################################RF#####################################################
RF_BET的BA值：-10.869596721362923
RF_BET:RMSD: 0.958403, P: 0.790017, R^2: 0.613120
RF_AE的BA值 ：-10.915300907279136
RF_AE :RMSD: 0.895796, P: 0.828755, R^2: 0.662015
RF_ECFP的BA值 ：-10.99015207666665
RF_ECFP :RMSD: 0.934361, P: 0.795454, R^2: 0.632287
RF_AE_BET的BA值    ：-10.877359151017153
RF_AE_BET    :RMSD: 0.895193, P: 0.830270, R^2: 0.662469
RF_AE_ECFP的BA值    ：-10.952726491972893
RF_AE_ECFP    :RMSD: 0.878349, P: 0.830027, R^2: 0.675052
RF_BET_ECFP的BA值    ：-10.91478473571091
RF_BET_ECFP    :RMSD: 0.910374, P: 0.813042, R^2: 0.650925
RF_AE_BET_ECFP的BA值    ：-10.914956792900318
RF_AE_BET_ECFP    :RMSD: 0.882709, P: 0.831318, R^2: 0.671818
fold= 3
>>>>>>>>>>>>>training.............
###############################################RF#####################################################
RF_BET的BA值：-10.537844699901429
RF_BET:RMSD: 1.115948, P: 0.593873, R^2: 0.250405
RF_AE的BA值 ：-10.332492644270658
RF_AE :RMSD: 1.184664, P: 0.581691, R^2: 0.155248
RF_ECFP的BA值 ：-10.342721527657933
RF_ECFP :RMSD: 1.203472, P: 0.565326, R^2: 0.128212
RF_AE_BET的BA值    ：-10.343326915703969
RF_AE_BET    :RMSD: 1.136541, P: 0.597040, R^2: 0.222484
RF_AE_ECFP的BA值    ：-10.33428309548432
RF_AE_ECFP    :RMSD: 1.168164, P: 0.590996, R^2: 0.178616
RF_BET_ECFP的BA值    ：-10.34511736691763
RF_BET_ECFP    :RMSD: 1.136995, P: 0.593880, R^2: 0.221864
RF_AE_BET_ECFP的BA值    ：-10.340909126035307
RF_AE_BET_ECFP    :RMSD: 1.140139, P: 0.599044, R^2: 0.217554
fold= 4
>>>>>>>>>>>>>training.............
###############################################RF#####################################################
RF_BET的BA值：-10.424637647977468
RF_BET:RMSD: 1.105640, P: 0.707646, R^2: 0.471638
RF_AE的BA值 ：-10.425228126965754
RF_AE :RMSD: 1.166616, P: 0.688305, R^2: 0.411753
RF_ECFP的BA值 ：-10.946513487276091
RF_ECFP :RMSD: 0.913583, P: 0.824520, R^2: 0.639256
RF_AE_BET的BA值    ：-10.424932887471611
RF_AE_BET    :RMSD: 1.101506, P: 0.719231, R^2: 0.475582
RF_AE_ECFP的BA值    ：-10.636522647476948
RF_AE_ECFP    :RMSD: 0.975246, P: 0.800515, R^2: 0.588915
RF_BET_ECFP的BA值    ：-10.636227407982805
RF_BET_ECFP    :RMSD: 0.970467, P: 0.809764, R^2: 0.592934
RF_AE_BET_ECFP的BA值    ：-10.565894314310455
RF_AE_BET_ECFP    :RMSD: 1.000380, P: 0.789341, R^2: 0.567453
fold= 5
>>>>>>>>>>>>>training.............
###############################################RF#####################################################
RF_BET的BA值：-10.738815702793065
RF_BET:RMSD: 1.129299, P: 0.657355, R^2: 0.299012
RF_AE的BA值 ：-10.343558969297003
RF_AE :RMSD: 1.081583, P: 0.704481, R^2: 0.356998
RF_ECFP的BA值 ：-10.902801314322032
RF_ECFP :RMSD: 0.973399, P: 0.721725, R^2: 0.479196
RF_AE_BET的BA值    ：-10.374074100214242
RF_AE_BET    :RMSD: 1.069640, P: 0.711164, R^2: 0.371120
RF_AE_ECFP的BA值    ：-10.615991491591936
RF_AE_ECFP    :RMSD: 0.963739, P: 0.760899, R^2: 0.489482
RF_BET_ECFP的BA值    ：-10.643486499266608
RF_BET_ECFP    :RMSD: 1.010767, P: 0.718869, R^2: 0.438442
RF_AE_BET_ECFP的BA值    ：-10.489055165808637
RF_AE_BET_ECFP    :RMSD: 0.999202, P: 0.743101, R^2: 0.451218
fold= 6
>>>>>>>>>>>>>training.............
###############################################RF#####################################################
RF_BET的BA值：-10.892652641269049
RF_BET:RMSD: 1.107227, P: 0.868621, R^2: 0.610461
RF_AE的BA值 ：-10.586927498045581
RF_AE :RMSD: 1.134871, P: 0.834483, R^2: 0.590768
RF_ECFP的BA值 ：-11.056835973237812
RF_ECFP :RMSD: 1.051588, P: 0.839499, R^2: 0.648627
RF_AE_BET的BA值    ：-10.69837966226629
RF_AE_BET    :RMSD: 1.105067, P: 0.866477, R^2: 0.611979
RF_AE_ECFP的BA值    ：-10.778199826962448
RF_AE_ECFP    :RMSD: 1.055590, P: 0.864485, R^2: 0.645947
RF_BET_ECFP的BA值    ：-10.80111213510409
RF_BET_ECFP    :RMSD: 1.052433, P: 0.870140, R^2: 0.648062
RF_AE_BET_ECFP的BA值    ：-10.690243525109317
RF_AE_BET_ECFP    :RMSD: 1.062101, P: 0.874281, R^2: 0.641567
fold= 7
>>>>>>>>>>>>>training.............
###############################################RF#####################################################
RF_BET的BA值：-10.640914629393315
RF_BET:RMSD: 1.021906, P: 0.809267, R^2: 0.620102
RF_AE的BA值 ：-10.436327816230325
RF_AE :RMSD: 1.085519, P: 0.770376, R^2: 0.571333
RF_ECFP的BA值 ：-11.023126680178132
RF_ECFP :RMSD: 0.935401, P: 0.829264, R^2: 0.681697
RF_AE_BET的BA值    ：-10.53862122281182
RF_AE_BET    :RMSD: 1.043957, P: 0.797920, R^2: 0.603529
RF_AE_ECFP的BA值    ：-10.662917319007938
RF_AE_ECFP    :RMSD: 0.976255, P: 0.820169, R^2: 0.653286
RF_BET_ECFP的BA值    ：-10.765210725589434
RF_BET_ECFP    :RMSD: 0.955601, P: 0.829141, R^2: 0.667801
RF_AE_BET_ECFP的BA值    ：-10.655583089136398
RF_AE_BET_ECFP    :RMSD: 0.984703, P: 0.820496, R^2: 0.647259
fold= 8
>>>>>>>>>>>>>training.............
###############################################RF#####################################################
RF_BET的BA值：-10.989132180101828
RF_BET:RMSD: 1.095453, P: 0.815405, R^2: 0.611885
RF_AE的BA值 ：-10.727400916764712
RF_AE :RMSD: 1.026059, P: 0.854476, R^2: 0.659500
RF_ECFP的BA值 ：-11.160763724289952
RF_ECFP :RMSD: 0.973420, P: 0.860409, R^2: 0.693540
RF_AE_BET的BA值    ：-10.85826654843327
RF_AE_BET    :RMSD: 1.045164, P: 0.847702, R^2: 0.646701
RF_AE_ECFP的BA值    ：-10.944082320527333
RF_AE_ECFP    :RMSD: 0.977512, P: 0.868872, R^2: 0.690959
RF_BET_ECFP的BA值    ：-11.07494795219589
RF_BET_ECFP    :RMSD: 1.007426, P: 0.855125, R^2: 0.671754
RF_AE_BET_ECFP的BA值    ：-10.959098940385497
RF_AE_BET_ECFP    :RMSD: 1.002821, P: 0.862015, R^2: 0.674748
fold= 9
>>>>>>>>>>>>>training.............
###############################################RF#####################################################
RF_BET的BA值：-10.683323159645898
RF_BET:RMSD: 1.303608, P: 0.503847, R^2: 0.230542
RF_AE的BA值 ：-10.419494993126886
RF_AE :RMSD: 1.197235, P: 0.635842, R^2: 0.350992
RF_ECFP的BA值 ：-10.785858565704405
RF_ECFP :RMSD: 1.347169, P: 0.473651, R^2: 0.178258
RF_AE_BET的BA值    ：-10.535657642108708
RF_AE_BET    :RMSD: 1.231082, P: 0.584030, R^2: 0.313777
RF_AE_ECFP的BA值    ：-10.58000715738746
RF_AE_ECFP    :RMSD: 1.233647, P: 0.580645, R^2: 0.310914
RF_BET_ECFP的BA值    ：-10.732277619044751
RF_BET_ECFP    :RMSD: 1.303495, P: 0.503577, R^2: 0.230675
RF_AE_BET_ECFP的BA值    ：-10.614445824806937
RF_AE_BET_ECFP    :RMSD: 1.247155, P: 0.562750, R^2: 0.295741
fold= 10
>>>>>>>>>>>>>training.............
###############################################RF#####################################################
RF_BET的BA值：-10.7297904796115
RF_BET:RMSD: 0.923836, P: 0.822104, R^2: 0.645064
RF_AE的BA值 ：-10.518161589003704
RF_AE :RMSD: 0.927114, P: 0.809724, R^2: 0.642541
RF_ECFP的BA值 ：-10.942920656286974
RF_ECFP :RMSD: 0.897829, P: 0.816576, R^2: 0.664766
RF_AE_BET的BA值    ：-10.623976034307603
RF_AE_BET    :RMSD: 0.908980, P: 0.825763, R^2: 0.656388
RF_AE_ECFP的BA值    ：-10.657560381000412
RF_AE_ECFP    :RMSD: 0.885724, P: 0.825772, R^2: 0.673745
RF_BET_ECFP的BA值    ：-10.821414925844692
RF_BET_ECFP    :RMSD: 0.888032, P: 0.828579, R^2: 0.672042
RF_AE_BET_ECFP的BA值    ：-10.671676652467745
RF_AE_BET_ECFP    :RMSD: 0.886835, P: 0.830450, R^2: 0.672926
@@@@@@@@@@@@@@@@@@@@@@@@@@@@@@@@@@@@@@@@@@@最终结果@@@@@@@@@@@@@@@@@@@@@@@@@@@@@@@@@@@@@@@@@@@@@@@@@@
@@@@@@@@@@@@@@@@@@@@@@@@@@@@@@@@@@@@@@@@@@@最终结果@@@@@@@@@@@@@@@@@@@@@@@@@@@@@@@@@@@@@@@@@@@@@@@@@@
%%%%%%%%%%%%%%%%%%%%%%%%%%%%%%%%%%%%%%%%%%%RF%%%%%%%%%%%%%%%%%%%%%%%%%%%%%%%%%%%%%%%%%%%%%%%%%%%%%%
RF_BET:0-th Final RMSD: 1.065457, Final P: 0.739553, Final R^2: 0.534052
RF_AE :0-th Final RMSD: 1.063645, Final P: 0.736061, Final R^2: 0.535636
RF_ECFP :0-th Final RMSD: 1.009841, Final P: 0.765037, Final R^2: 0.581427
RF_AE_BET    :0-th Final RMSD: 1.042962, Final P: 0.754591, Final R^2: 0.553520
RF_AE_ECFP    :0-th Final RMSD: 0.997443, Final P: 0.777671, Final R^2: 0.591642
RF_BET_ECFP    :0-th Final RMSD: 1.008678, Final P: 0.772769, Final R^2: 0.582390
RF_AE_BET_ECFP    :0-th Final RMSD: 1.006317, Final P: 0.776137, Final R^2: 0.584344
0-th RF_AE的BA值 ：-10.915301
0-th RF_BET的BA值：-10.989132
0-th RF_ECFP的BA值 ：-11.160764
0-th RF_AE_BET的BA值：-10.877359
0-th RF_AE_ECFP的BA值    ：-10.952726
0-th RF_BET_ECFP的BA值    ：-11.074948
0-th RF_AE_BET_ECFP的BA值    ：-10.959099
total time: 2.2723079319132697 h
