size of data: (274,)
size of train size: 219
RF parameter
Namespace(n_estimators=10000, dataset='CHEMBL2889', max_depth=7, min_samples_split=3, min_samples_leaf=1, criterion='mse', random_seed=0)
fold= 1
>>>>>>>>>>>>>training.............
###############################################RF#####################################################
RF_BET的BA值：-8.62625465036739
RF_BET:RMSD: 0.453168, P: 0.828101, R^2: 0.642464
RF_AE的BA值 ：-8.565868099340776
RF_AE :RMSD: 0.501434, P: 0.786683, R^2: 0.562247
RF_ECFP的BA值 ：-8.78541588198313
RF_ECFP :RMSD: 0.447800, P: 0.814157, R^2: 0.650884
RF_AE_BET的BA值    ：-8.596061374854083
RF_AE_BET    :RMSD: 0.467133, P: 0.828244, R^2: 0.620088
RF_AE_ECFP的BA值    ：-8.675641990661953
RF_AE_ECFP    :RMSD: 0.444772, P: 0.837217, R^2: 0.655590
RF_BET_ECFP的BA值    ：-8.70583526617526
RF_BET_ECFP    :RMSD: 0.425424, P: 0.849575, R^2: 0.684902
RF_AE_BET_ECFP的BA值    ：-8.659179543897098
RF_AE_BET_ECFP    :RMSD: 0.438528, P: 0.849458, R^2: 0.665192
fold= 2
>>>>>>>>>>>>>training.............
###############################################RF#####################################################
RF_BET的BA值：-8.449128154278391
RF_BET:RMSD: 0.642386, P: 0.746045, R^2: 0.509967
RF_AE的BA值 ：-8.63256528842719
RF_AE :RMSD: 0.676987, P: 0.706586, R^2: 0.455757
RF_ECFP的BA值 ：-8.912532208769758
RF_ECFP :RMSD: 0.704666, P: 0.656941, R^2: 0.410343
RF_AE_BET的BA值    ：-8.522328209331741
RF_AE_BET    :RMSD: 0.654441, P: 0.737081, R^2: 0.491403
RF_AE_ECFP的BA值    ：-8.772548748598474
RF_AE_ECFP    :RMSD: 0.670230, P: 0.694375, R^2: 0.466567
RF_BET_ECFP的BA值    ：-8.662311669503026
RF_BET_ECFP    :RMSD: 0.658354, P: 0.706808, R^2: 0.485303
RF_AE_BET_ECFP的BA值    ：-8.652396209144413
RF_AE_BET_ECFP    :RMSD: 0.656269, P: 0.716410, R^2: 0.488558
fold= 3
>>>>>>>>>>>>>training.............
###############################################RF#####################################################
RF_BET的BA值：-8.592840954436053
RF_BET:RMSD: 0.750889, P: 0.674594, R^2: 0.414036
RF_AE的BA值 ：-8.515191055744673
RF_AE :RMSD: 0.773934, P: 0.653065, R^2: 0.377518
RF_ECFP的BA值 ：-9.180561382283532
RF_ECFP :RMSD: 0.653946, P: 0.769700, R^2: 0.555571
RF_AE_BET的BA值    ：-8.554016005090363
RF_AE_BET    :RMSD: 0.759886, P: 0.669238, R^2: 0.399909
RF_AE_ECFP的BA值    ：-8.650030753233992
RF_AE_ECFP    :RMSD: 0.698801, P: 0.742889, R^2: 0.492512
RF_BET_ECFP的BA值    ：-8.743909938982778
RF_BET_ECFP    :RMSD: 0.688244, P: 0.747181, R^2: 0.507729
RF_AE_BET_ECFP的BA值    ：-8.536308448146324
RF_AE_BET_ECFP    :RMSD: 0.712372, P: 0.728216, R^2: 0.472609
fold= 4
>>>>>>>>>>>>>training.............
###############################################RF#####################################################
RF_BET的BA值：-8.650700715491059
RF_BET:RMSD: 0.775523, P: 0.516162, R^2: 0.259210
RF_AE的BA值 ：-8.748560999527479
RF_AE :RMSD: 0.741771, P: 0.572347, R^2: 0.322287
RF_ECFP的BA值 ：-8.659050832041931
RF_ECFP :RMSD: 0.736866, P: 0.593095, R^2: 0.331221
RF_AE_BET的BA值    ：-8.69963085750927
RF_AE_BET    :RMSD: 0.756187, P: 0.548510, R^2: 0.295690
RF_AE_ECFP的BA值    ：-8.703805915784706
RF_AE_ECFP    :RMSD: 0.725596, P: 0.593677, R^2: 0.351522
RF_BET_ECFP的BA值    ：-8.654875773766495
RF_BET_ECFP    :RMSD: 0.741992, P: 0.568597, R^2: 0.321884
RF_AE_BET_ECFP的BA值    ：-8.686104182353489
RF_AE_BET_ECFP    :RMSD: 0.737926, P: 0.573861, R^2: 0.329296
fold= 5
>>>>>>>>>>>>>training.............
###############################################RF#####################################################
RF_BET的BA值：-8.582105442044057
RF_BET:RMSD: 0.667775, P: 0.372766, R^2: -0.029179
RF_AE的BA值 ：-8.707221651854377
RF_AE :RMSD: 0.749736, P: 0.244811, R^2: -0.297323
RF_ECFP的BA值 ：-8.883522515281628
RF_ECFP :RMSD: 0.757843, P: 0.334657, R^2: -0.325532
RF_AE_BET的BA值    ：-8.644663546949218
RF_AE_BET    :RMSD: 0.705826, P: 0.310232, R^2: -0.149812
RF_AE_ECFP的BA值    ：-8.795372083568003
RF_AE_ECFP    :RMSD: 0.738435, P: 0.302203, R^2: -0.258508
RF_BET_ECFP的BA值    ：-8.732813978662843
RF_BET_ECFP    :RMSD: 0.701999, P: 0.356926, R^2: -0.137376
RF_AE_BET_ECFP的BA值    ：-8.72428320306002
RF_AE_BET_ECFP    :RMSD: 0.712021, P: 0.325596, R^2: -0.170084
fold= 6
>>>>>>>>>>>>>training.............
###############################################RF#####################################################
RF_BET的BA值：-8.355271842581981
RF_BET:RMSD: 0.703628, P: 0.829928, R^2: 0.538934
RF_AE的BA值 ：-8.139156033020239
RF_AE :RMSD: 0.805197, P: 0.789063, R^2: 0.396215
RF_ECFP的BA值 ：-8.802767442459377
RF_ECFP :RMSD: 0.590261, P: 0.842540, R^2: 0.675537
RF_AE_BET的BA值    ：-8.24721393780111
RF_AE_BET    :RMSD: 0.747392, P: 0.836036, R^2: 0.479796
RF_AE_ECFP的BA值    ：-8.470961737739808
RF_AE_ECFP    :RMSD: 0.666190, P: 0.854867, R^2: 0.586692
RF_BET_ECFP的BA值    ：-8.579019642520679
RF_BET_ECFP    :RMSD: 0.628807, P: 0.851566, R^2: 0.631776
RF_AE_BET_ECFP的BA值    ：-8.432398439353866
RF_AE_BET_ECFP    :RMSD: 0.674896, P: 0.856192, R^2: 0.575819
fold= 7
>>>>>>>>>>>>>training.............
###############################################RF#####################################################
RF_BET的BA值：-8.427206499518052
RF_BET:RMSD: 0.812100, P: 0.619294, R^2: 0.367281
RF_AE的BA值 ：-8.413979886835353
RF_AE :RMSD: 0.833433, P: 0.610718, R^2: 0.333605
RF_ECFP的BA值 ：-8.696003567170004
RF_ECFP :RMSD: 0.794212, P: 0.630476, R^2: 0.394849
RF_AE_BET的BA值    ：-8.420593193176703
RF_AE_BET    :RMSD: 0.817788, P: 0.625192, R^2: 0.358388
RF_AE_ECFP的BA值    ：-8.55499172700268
RF_AE_ECFP    :RMSD: 0.793568, P: 0.637863, R^2: 0.395830
RF_BET_ECFP的BA值    ：-8.561605033344028
RF_BET_ECFP    :RMSD: 0.785949, P: 0.642348, R^2: 0.407375
RF_AE_BET_ECFP的BA值    ：-8.51239665117447
RF_AE_BET_ECFP    :RMSD: 0.794431, P: 0.641354, R^2: 0.394515
fold= 8
>>>>>>>>>>>>>training.............
###############################################RF#####################################################
RF_BET的BA值：-8.677458791802097
RF_BET:RMSD: 0.576252, P: 0.691323, R^2: 0.473862
RF_AE的BA值 ：-8.382634297122445
RF_AE :RMSD: 0.581953, P: 0.699644, R^2: 0.463401
RF_ECFP的BA值 ：-8.484773122511298
RF_ECFP :RMSD: 0.523609, P: 0.759526, R^2: 0.565601
RF_AE_BET的BA值    ：-8.530046544462271
RF_AE_BET    :RMSD: 0.567759, P: 0.713008, R^2: 0.489257
RF_AE_ECFP的BA值    ：-8.433703709816871
RF_AE_ECFP    :RMSD: 0.524583, P: 0.757283, R^2: 0.563983
RF_BET_ECFP的BA值    ：-8.581115957156698
RF_BET_ECFP    :RMSD: 0.524941, P: 0.755251, R^2: 0.563389
RF_AE_BET_ECFP的BA值    ：-8.514955403811946
RF_AE_BET_ECFP    :RMSD: 0.532030, P: 0.751390, R^2: 0.551517
fold= 9
>>>>>>>>>>>>>training.............
###############################################RF#####################################################
RF_BET的BA值：-8.261273436635236
RF_BET:RMSD: 0.798873, P: 0.751700, R^2: 0.444113
RF_AE的BA值 ：-8.414577090318105
RF_AE :RMSD: 0.928916, P: 0.534204, R^2: 0.248405
RF_ECFP的BA值 ：-9.06318416748308
RF_ECFP :RMSD: 0.568688, P: 0.851069, R^2: 0.718305
RF_AE_BET的BA值    ：-8.260368817680884
RF_AE_BET    :RMSD: 0.855647, P: 0.675798, R^2: 0.362294
RF_AE_ECFP的BA值    ：-8.569992080939254
RF_AE_ECFP    :RMSD: 0.707245, P: 0.791158, R^2: 0.564317
RF_BET_ECFP的BA值    ：-8.631684174117542
RF_BET_ECFP    :RMSD: 0.646368, P: 0.840352, R^2: 0.636092
RF_AE_BET_ECFP的BA值    ：-8.365471053917068
RF_AE_BET_ECFP    :RMSD: 0.728468, P: 0.793710, R^2: 0.537777
fold= 10
>>>>>>>>>>>>>training.............
###############################################RF#####################################################
RF_BET的BA值：-8.619813080862821
RF_BET:RMSD: 0.628253, P: 0.609078, R^2: 0.358359
RF_AE的BA值 ：-8.52111246680631
RF_AE :RMSD: 0.568317, P: 0.698980, R^2: 0.474945
RF_ECFP的BA值 ：-9.095243250337788
RF_ECFP :RMSD: 0.632247, P: 0.638999, R^2: 0.350174
RF_AE_BET的BA值    ：-8.497265112549726
RF_AE_BET    :RMSD: 0.594091, P: 0.654633, R^2: 0.426241
RF_AE_ECFP的BA值    ：-8.808177858572048
RF_AE_ECFP    :RMSD: 0.579087, P: 0.677548, R^2: 0.454857
RF_BET_ECFP的BA值    ：-8.784330504315466
RF_BET_ECFP    :RMSD: 0.614128, P: 0.638902, R^2: 0.386885
RF_AE_BET_ECFP的BA值    ：-8.69659115847908
RF_AE_BET_ECFP    :RMSD: 0.591075, P: 0.660911, R^2: 0.432051
@@@@@@@@@@@@@@@@@@@@@@@@@@@@@@@@@@@@@@@@@@@最终结果@@@@@@@@@@@@@@@@@@@@@@@@@@@@@@@@@@@@@@@@@@@@@@@@@@
@@@@@@@@@@@@@@@@@@@@@@@@@@@@@@@@@@@@@@@@@@@最终结果@@@@@@@@@@@@@@@@@@@@@@@@@@@@@@@@@@@@@@@@@@@@@@@@@@
%%%%%%%%%%%%%%%%%%%%%%%%%%%%%%%%%%%%%%%%%%%RF%%%%%%%%%%%%%%%%%%%%%%%%%%%%%%%%%%%%%%%%%%%%%%%%%%%%%%
RF_BET:0-th Final RMSD: 0.688806, Final P: 0.660867, Final R^2: 0.423965
RF_AE :0-th Final RMSD: 0.726580, Final P: 0.609046, Final R^2: 0.359054
RF_ECFP :0-th Final RMSD: 0.649445, Final P: 0.700391, Final R^2: 0.487917
RF_AE_BET    :0-th Final RMSD: 0.701593, Final P: 0.648357, Final R^2: 0.402380
RF_AE_ECFP    :0-th Final RMSD: 0.662416, Final P: 0.689077, Final R^2: 0.467258
RF_BET_ECFP    :0-th Final RMSD: 0.649103, Final P: 0.702576, Final R^2: 0.488457
RF_AE_BET_ECFP    :0-th Final RMSD: 0.665440, Final P: 0.689303, Final R^2: 0.462382
0-th RF_AE的BA值 ：-8.748561
0-th RF_BET的BA值：-8.677459
0-th RF_ECFP的BA值 ：-9.180561
0-th RF_AE_BET的BA值：-8.699631
0-th RF_AE_ECFP的BA值    ：-8.808178
0-th RF_BET_ECFP的BA值    ：-8.784331
0-th RF_AE_BET_ECFP的BA值    ：-8.724283
total time: 1.7519858886135948 h
