size of data: (301,)
size of train size: 240
RF parameter
Namespace(n_estimators=10000, dataset='CHEMBL3100', max_depth=7, min_samples_split=3, min_samples_leaf=1, criterion='mse', random_seed=0)
fold= 1
>>>>>>>>>>>>>training.............
###############################################RF#####################################################
RF_BET的BA值：-11.542142460730417
RF_BET:RMSD: 0.602271, P: 0.806331, R^2: 0.621870
RF_AE的BA值 ：-11.594078702657276
RF_AE :RMSD: 0.654116, P: 0.770095, R^2: 0.553968
RF_ECFP的BA值 ：-11.651472499836748
RF_ECFP :RMSD: 0.718056, P: 0.685241, R^2: 0.462506
RF_AE_BET的BA值    ：-11.568110581693848
RF_AE_BET    :RMSD: 0.616584, P: 0.802569, R^2: 0.603684
RF_AE_ECFP的BA值    ：-11.622775601247012
RF_AE_ECFP    :RMSD: 0.651830, P: 0.767744, R^2: 0.557080
RF_BET_ECFP的BA值    ：-11.596807480283584
RF_BET_ECFP    :RMSD: 0.630732, P: 0.781167, R^2: 0.585287
RF_AE_BET_ECFP的BA值    ：-11.595897887741481
RF_AE_BET_ECFP    :RMSD: 0.624084, P: 0.795061, R^2: 0.593985
fold= 2
>>>>>>>>>>>>>training.............
###############################################RF#####################################################
RF_BET的BA值：-11.407517871342408
RF_BET:RMSD: 0.679286, P: 0.656491, R^2: 0.390830
RF_AE的BA值 ：-10.79378309140052
RF_AE :RMSD: 0.805037, P: 0.619488, R^2: 0.144413
RF_ECFP的BA值 ：-11.291856844700302
RF_ECFP :RMSD: 0.596609, P: 0.735036, R^2: 0.530093
RF_AE_BET的BA值    ：-11.05552117800028
RF_AE_BET    :RMSD: 0.713016, P: 0.651080, R^2: 0.328832
RF_AE_ECFP的BA值    ：-10.960380826758694
RF_AE_ECFP    :RMSD: 0.653030, P: 0.706658, R^2: 0.437013
RF_BET_ECFP的BA值    ：-11.312377520100824
RF_BET_ECFP    :RMSD: 0.610026, P: 0.714295, R^2: 0.508720
RF_AE_BET_ECFP的BA值    ：-11.109426508286601
RF_AE_BET_ECFP    :RMSD: 0.646566, P: 0.697042, R^2: 0.448103
fold= 3
>>>>>>>>>>>>>training.............
###############################################RF#####################################################
RF_BET的BA值：-11.42631127934054
RF_BET:RMSD: 0.602188, P: 0.715874, R^2: 0.488339
RF_AE的BA值 ：-11.111531241860945
RF_AE :RMSD: 0.667368, P: 0.692489, R^2: 0.371581
RF_ECFP的BA值 ：-11.768558700347945
RF_ECFP :RMSD: 0.665569, P: 0.657102, R^2: 0.374964
RF_AE_BET的BA值    ：-11.212958135879772
RF_AE_BET    :RMSD: 0.611804, P: 0.728398, R^2: 0.471867
RF_AE_ECFP的BA值    ：-11.369856545509434
RF_AE_ECFP    :RMSD: 0.632241, P: 0.695555, R^2: 0.435993
RF_BET_ECFP的BA值    ：-11.597434989844242
RF_BET_ECFP    :RMSD: 0.616470, P: 0.699904, R^2: 0.463781
RF_AE_BET_ECFP的BA值    ：-11.388674790119802
RF_AE_BET_ECFP    :RMSD: 0.611490, P: 0.714283, R^2: 0.472409
fold= 4
>>>>>>>>>>>>>training.............
###############################################RF#####################################################
RF_BET的BA值：-11.451344316408164
RF_BET:RMSD: 0.734884, P: 0.876158, R^2: 0.605291
RF_AE的BA值 ：-10.736778299012267
RF_AE :RMSD: 0.941188, P: 0.701809, R^2: 0.352570
RF_ECFP的BA值 ：-11.555587506668973
RF_ECFP :RMSD: 0.779888, P: 0.800387, R^2: 0.555466
RF_AE_BET的BA值    ：-11.086333344507505
RF_AE_BET    :RMSD: 0.814595, P: 0.828971, R^2: 0.515020
RF_AE_ECFP的BA值    ：-11.038474510377075
RF_AE_ECFP    :RMSD: 0.819692, P: 0.800220, R^2: 0.508933
RF_BET_ECFP的BA值    ：-11.369444414707557
RF_BET_ECFP    :RMSD: 0.739654, P: 0.864615, R^2: 0.600149
RF_AE_BET_ECFP的BA值    ：-11.108341740436458
RF_AE_BET_ECFP    :RMSD: 0.781457, P: 0.844504, R^2: 0.553675
fold= 5
>>>>>>>>>>>>>training.............
###############################################RF#####################################################
RF_BET的BA值：-11.387291203039517
RF_BET:RMSD: 0.813393, P: 0.703564, R^2: 0.485574
RF_AE的BA值 ：-10.943991290758214
RF_AE :RMSD: 0.908322, P: 0.678658, R^2: 0.358492
RF_ECFP的BA值 ：-11.632731654776851
RF_ECFP :RMSD: 0.847394, P: 0.680858, R^2: 0.441667
RF_AE_BET的BA值    ：-11.107912765158932
RF_AE_BET    :RMSD: 0.840854, P: 0.706313, R^2: 0.450252
RF_AE_ECFP的BA值    ：-11.276176676110715
RF_AE_ECFP    :RMSD: 0.843696, P: 0.692529, R^2: 0.446530
RF_BET_ECFP的BA值    ：-11.495013233348992
RF_BET_ECFP    :RMSD: 0.797340, P: 0.714633, R^2: 0.505678
RF_AE_BET_ECFP的BA值    ：-11.265703196816963
RF_AE_BET_ECFP    :RMSD: 0.817428, P: 0.711083, R^2: 0.480457
fold= 6
>>>>>>>>>>>>>training.............
###############################################RF#####################################################
RF_BET的BA值：-11.45468346987345
RF_BET:RMSD: 0.630939, P: 0.863112, R^2: 0.653942
RF_AE的BA值 ：-10.698697903917056
RF_AE :RMSD: 0.852789, P: 0.793402, R^2: 0.367795
RF_ECFP的BA值 ：-11.699351762469444
RF_ECFP :RMSD: 0.646573, P: 0.833348, R^2: 0.636579
RF_AE_BET的BA值    ：-11.076690686895253
RF_AE_BET    :RMSD: 0.704998, P: 0.860754, R^2: 0.567934
RF_AE_ECFP的BA值    ：-11.19902483319325
RF_AE_ECFP    :RMSD: 0.705883, P: 0.825014, R^2: 0.566848
RF_BET_ECFP的BA值    ：-11.577017616171446
RF_BET_ECFP    :RMSD: 0.624419, P: 0.865514, R^2: 0.661057
RF_AE_BET_ECFP的BA值    ：-11.284244378753316
RF_AE_BET_ECFP    :RMSD: 0.666448, P: 0.856803, R^2: 0.613893
fold= 7
>>>>>>>>>>>>>training.............
###############################################RF#####################################################
RF_BET的BA值：-11.342305823991325
RF_BET:RMSD: 0.731313, P: 0.665921, R^2: 0.413145
RF_AE的BA值 ：-11.437317157042623
RF_AE :RMSD: 0.706739, P: 0.692743, R^2: 0.451923
RF_ECFP的BA值 ：-11.34983877457218
RF_ECFP :RMSD: 0.607258, P: 0.783139, R^2: 0.595359
RF_AE_BET的BA值    ：-11.389811490516973
RF_AE_BET    :RMSD: 0.695772, P: 0.693562, R^2: 0.468801
RF_AE_ECFP的BA值    ：-11.31253884886365
RF_AE_ECFP    :RMSD: 0.634463, P: 0.777890, R^2: 0.558292
RF_BET_ECFP的BA值    ：-11.29453045024594
RF_BET_ECFP    :RMSD: 0.654249, P: 0.733385, R^2: 0.530311
RF_AE_BET_ECFP的BA值    ：-11.300015903119288
RF_AE_BET_ECFP    :RMSD: 0.654529, P: 0.740019, R^2: 0.529910
fold= 8
>>>>>>>>>>>>>training.............
###############################################RF#####################################################
RF_BET的BA值：-11.610096973818122
RF_BET:RMSD: 0.884711, P: 0.706270, R^2: 0.376669
RF_AE的BA值 ：-10.68122585171427
RF_AE :RMSD: 0.821084, P: 0.802402, R^2: 0.463103
RF_ECFP的BA值 ：-11.69872221606394
RF_ECFP :RMSD: 0.718042, P: 0.814766, R^2: 0.589404
RF_AE_BET的BA值    ：-11.145661412766195
RF_AE_BET    :RMSD: 0.818619, P: 0.757182, R^2: 0.466322
RF_AE_ECFP的BA值    ：-11.189974033889104
RF_AE_ECFP    :RMSD: 0.732122, P: 0.819841, R^2: 0.573144
RF_BET_ECFP的BA值    ：-11.654409594941031
RF_BET_ECFP    :RMSD: 0.780638, P: 0.789160, R^2: 0.514695
RF_AE_BET_ECFP的BA值    ：-11.330015013865443
RF_AE_BET_ECFP    :RMSD: 0.766642, P: 0.796895, R^2: 0.531941
fold= 9
>>>>>>>>>>>>>training.............
###############################################RF#####################################################
RF_BET的BA值：-11.406464823756238
RF_BET:RMSD: 0.493637, P: 0.901276, R^2: 0.776682
RF_AE的BA值 ：-10.726206497365546
RF_AE :RMSD: 0.817532, P: 0.846443, R^2: 0.387484
RF_ECFP的BA值 ：-11.525491061130369
RF_ECFP :RMSD: 0.413561, P: 0.923420, R^2: 0.843258
RF_AE_BET的BA值    ：-10.945958299652265
RF_AE_BET    :RMSD: 0.631989, P: 0.886371, R^2: 0.633962
RF_AE_ECFP的BA值    ：-11.043991321764329
RF_AE_ECFP    :RMSD: 0.569745, P: 0.905001, R^2: 0.702513
RF_BET_ECFP的BA值    ：-11.454992717688501
RF_BET_ECFP    :RMSD: 0.438773, P: 0.917765, R^2: 0.823565
RF_AE_BET_ECFP的BA值    ：-11.131812403641765
RF_AE_BET_ECFP    :RMSD: 0.535733, P: 0.906557, R^2: 0.736970
fold= 10
>>>>>>>>>>>>>training.............
###############################################RF#####################################################
RF_BET的BA值：-11.45185281251603
RF_BET:RMSD: 1.025079, P: 0.543308, R^2: 0.278267
RF_AE的BA值 ：-11.367134699559328
RF_AE :RMSD: 1.082259, P: 0.522459, R^2: 0.195503
RF_ECFP的BA值 ：-11.365182060599428
RF_ECFP :RMSD: 0.975227, P: 0.599067, R^2: 0.346759
RF_AE_BET的BA值    ：-11.40949375603768
RF_AE_BET    :RMSD: 1.037819, P: 0.555231, R^2: 0.260215
RF_AE_ECFP的BA值    ：-11.303438431603887
RF_AE_ECFP    :RMSD: 0.994439, P: 0.609283, R^2: 0.320768
RF_BET_ECFP的BA值    ：-11.330952391627845
RF_BET_ECFP    :RMSD: 0.987445, P: 0.588546, R^2: 0.330288
RF_AE_BET_ECFP的BA值    ：-11.316566207129332
RF_AE_BET_ECFP    :RMSD: 0.999498, P: 0.594460, R^2: 0.313840
@@@@@@@@@@@@@@@@@@@@@@@@@@@@@@@@@@@@@@@@@@@最终结果@@@@@@@@@@@@@@@@@@@@@@@@@@@@@@@@@@@@@@@@@@@@@@@@@@
@@@@@@@@@@@@@@@@@@@@@@@@@@@@@@@@@@@@@@@@@@@最终结果@@@@@@@@@@@@@@@@@@@@@@@@@@@@@@@@@@@@@@@@@@@@@@@@@@
%%%%%%%%%%%%%%%%%%%%%%%%%%%%%%%%%%%%%%%%%%%RF%%%%%%%%%%%%%%%%%%%%%%%%%%%%%%%%%%%%%%%%%%%%%%%%%%%%%%
RF_BET:0-th Final RMSD: 0.734347, Final P: 0.727558, Final R^2: 0.522594
RF_AE :0-th Final RMSD: 0.834495, Final P: 0.650419, Final R^2: 0.383500
RF_ECFP :0-th Final RMSD: 0.711733, Final P: 0.746928, Final R^2: 0.551545
RF_AE_BET    :0-th Final RMSD: 0.758597, Final P: 0.721424, Final R^2: 0.490543
RF_AE_ECFP    :0-th Final RMSD: 0.733576, Final P: 0.744064, Final R^2: 0.523596
RF_BET_ECFP    :0-th Final RMSD: 0.701754, Final P: 0.759806, Final R^2: 0.564032
RF_AE_BET_ECFP    :0-th Final RMSD: 0.721267, Final P: 0.753065, Final R^2: 0.539449
0-th RF_AE的BA值 ：-11.594079
0-th RF_BET的BA值：-11.610097
0-th RF_ECFP的BA值 ：-11.768559
0-th RF_AE_BET的BA值：-11.568111
0-th RF_AE_ECFP的BA值    ：-11.622776
0-th RF_BET_ECFP的BA值    ：-11.654410
0-th RF_AE_BET_ECFP的BA值    ：-11.595898
total time: 1.924032700392935 h
