size of data: (1044,)
size of train size: 835
RF parameter
Namespace(n_estimators=10000, dataset='CHEMBL2434', max_depth=7, min_samples_split=3, min_samples_leaf=1, criterion='mse', random_seed=0)
fold= 1
>>>>>>>>>>>>>training.............
###############################################RF#####################################################
RF_BET的BA值：-11.508560585470342
RF_BET:RMSD: 1.058257, P: 0.752029, R^2: 0.546114
RF_AE的BA值 ：-11.483793638851163
RF_AE :RMSD: 1.142870, P: 0.715207, R^2: 0.470631
RF_ECFP的BA值 ：-11.376030695940448
RF_ECFP :RMSD: 1.032738, P: 0.760105, R^2: 0.567740
RF_AE_BET的BA值    ：-11.451256293484406
RF_AE_BET    :RMSD: 1.072364, P: 0.757627, R^2: 0.533931
RF_AE_ECFP的BA值    ：-11.384991348719458
RF_AE_ECFP    :RMSD: 1.042167, P: 0.771646, R^2: 0.559811
RF_BET_ECFP的BA值    ：-11.442295640705396
RF_BET_ECFP    :RMSD: 1.026552, P: 0.770286, R^2: 0.572903
RF_AE_BET_ECFP的BA值    ：-11.426181094303088
RF_AE_BET_ECFP    :RMSD: 1.036390, P: 0.774730, R^2: 0.564677
fold= 2
>>>>>>>>>>>>>training.............
###############################################RF#####################################################
RF_BET的BA值：-11.398878555037088
RF_BET:RMSD: 1.015774, P: 0.717800, R^2: 0.508287
RF_AE的BA值 ：-10.58595893484616
RF_AE :RMSD: 1.268552, P: 0.578565, R^2: 0.233108
RF_ECFP的BA值 ：-11.424558118052891
RF_ECFP :RMSD: 1.072013, P: 0.677424, R^2: 0.452332
RF_AE_BET的BA值    ：-10.944719111258483
RF_AE_BET    :RMSD: 1.091984, P: 0.683720, R^2: 0.431736
RF_AE_ECFP的BA值    ：-10.776305347704037
RF_AE_ECFP    :RMSD: 1.102665, P: 0.666319, R^2: 0.420565
RF_BET_ECFP的BA值    ：-11.40424504013516
RF_BET_ECFP    :RMSD: 1.023694, P: 0.709456, R^2: 0.500590
RF_AE_BET_ECFP的BA值    ：-10.944846702382401
RF_AE_BET_ECFP    :RMSD: 1.055923, P: 0.694853, R^2: 0.468649
fold= 3
>>>>>>>>>>>>>training.............
###############################################RF#####################################################
RF_BET的BA值：-11.42580802651101
RF_BET:RMSD: 0.945724, P: 0.794263, R^2: 0.604412
RF_AE的BA值 ：-11.396776395660083
RF_AE :RMSD: 1.078109, P: 0.705475, R^2: 0.485910
RF_ECFP的BA值 ：-11.47770361789737
RF_ECFP :RMSD: 0.900042, P: 0.803737, R^2: 0.641706
RF_AE_BET的BA值    ：-11.376383001979223
RF_AE_BET    :RMSD: 0.985697, P: 0.772526, R^2: 0.570265
RF_AE_ECFP的BA值    ：-11.39190748416436
RF_AE_ECFP    :RMSD: 0.945766, P: 0.787045, R^2: 0.604378
RF_BET_ECFP的BA值    ：-11.451755822204191
RF_BET_ECFP    :RMSD: 0.901996, P: 0.810375, R^2: 0.640149
RF_AE_BET_ECFP的BA值    ：-11.38503606284515
RF_AE_BET_ECFP    :RMSD: 0.934040, P: 0.797531, R^2: 0.614126
fold= 4
>>>>>>>>>>>>>training.............
###############################################RF#####################################################
RF_BET的BA值：-11.481892239807445
RF_BET:RMSD: 0.988341, P: 0.759079, R^2: 0.548690
RF_AE的BA值 ：-10.410463939514534
RF_AE :RMSD: 1.181946, P: 0.698623, R^2: 0.354559
RF_ECFP的BA值 ：-11.591722349742422
RF_ECFP :RMSD: 0.943405, P: 0.778673, R^2: 0.588796
RF_AE_BET的BA值    ：-10.882309920693462
RF_AE_BET    :RMSD: 1.021781, P: 0.766220, R^2: 0.517634
RF_AE_ECFP的BA值    ：-10.789568840944296
RF_AE_ECFP    :RMSD: 0.975008, P: 0.785790, R^2: 0.560785
RF_BET_ECFP的BA值    ：-11.41084716429536
RF_BET_ECFP    :RMSD: 0.930366, P: 0.793443, R^2: 0.600084
RF_AE_BET_ECFP的BA值    ：-10.977764527920328
RF_AE_BET_ECFP    :RMSD: 0.953193, P: 0.793569, R^2: 0.580219
fold= 5
>>>>>>>>>>>>>training.............
###############################################RF#####################################################
RF_BET的BA值：-11.474992390711305
RF_BET:RMSD: 0.916348, P: 0.792323, R^2: 0.613245
RF_AE的BA值 ：-11.260084054134804
RF_AE :RMSD: 1.075583, P: 0.719419, R^2: 0.467152
RF_ECFP的BA值 ：-11.442951211325628
RF_ECFP :RMSD: 0.916814, P: 0.784879, R^2: 0.612851
RF_AE_BET的BA值    ：-11.266479801862811
RF_AE_BET    :RMSD: 0.966768, P: 0.780068, R^2: 0.569513
RF_AE_ECFP的BA值    ：-11.236615796547326
RF_AE_ECFP    :RMSD: 0.956869, P: 0.778048, R^2: 0.578283
RF_BET_ECFP的BA值    ：-11.440721293878976
RF_BET_ECFP    :RMSD: 0.894762, P: 0.800743, R^2: 0.631251
RF_AE_BET_ECFP的BA值    ：-11.281341171618031
RF_AE_BET_ECFP    :RMSD: 0.928932, P: 0.793033, R^2: 0.602549
fold= 6
>>>>>>>>>>>>>training.............
###############################################RF#####################################################
RF_BET的BA值：-11.374321851854607
RF_BET:RMSD: 0.952379, P: 0.820434, R^2: 0.637310
RF_AE的BA值 ：-11.245745367299834
RF_AE :RMSD: 1.053114, P: 0.763662, R^2: 0.556527
RF_ECFP的BA值 ：-11.591689894886027
RF_ECFP :RMSD: 0.958875, P: 0.806328, R^2: 0.632345
RF_AE_BET的BA值    ：-11.240320470347203
RF_AE_BET    :RMSD: 0.984510, P: 0.807765, R^2: 0.612424
RF_AE_ECFP的BA值    ：-11.326819616005917
RF_AE_ECFP    :RMSD: 0.968242, P: 0.812763, R^2: 0.625127
RF_BET_ECFP的BA值    ：-11.375434639143354
RF_BET_ECFP    :RMSD: 0.934426, P: 0.827060, R^2: 0.650855
RF_AE_BET_ECFP的BA值    ：-11.252451326134695
RF_AE_BET_ECFP    :RMSD: 0.953596, P: 0.822496, R^2: 0.636383
fold= 7
>>>>>>>>>>>>>training.............
###############################################RF#####################################################
RF_BET的BA值：-11.47931116911878
RF_BET:RMSD: 1.064997, P: 0.764805, R^2: 0.540264
RF_AE的BA值 ：-10.55007903610631
RF_AE :RMSD: 1.439137, P: 0.636583, R^2: 0.160510
RF_ECFP的BA值 ：-11.434026334245676
RF_ECFP :RMSD: 1.048068, P: 0.749094, R^2: 0.554763
RF_AE_BET的BA值    ：-10.630921661285676
RF_AE_BET    :RMSD: 1.202674, P: 0.761135, R^2: 0.413717
RF_AE_ECFP的BA值    ：-10.636830471921828
RF_AE_ECFP    :RMSD: 1.158290, P: 0.765495, R^2: 0.456191
RF_BET_ECFP的BA值    ：-11.456668751682228
RF_BET_ECFP    :RMSD: 1.025836, P: 0.777421, R^2: 0.573453
RF_AE_BET_ECFP的BA值    ：-10.898623218939008
RF_AE_BET_ECFP    :RMSD: 1.108444, P: 0.782109, R^2: 0.501989
fold= 8
>>>>>>>>>>>>>training.............
###############################################RF#####################################################
RF_BET的BA值：-11.435005773278041
RF_BET:RMSD: 1.029127, P: 0.761440, R^2: 0.566666
RF_AE的BA值 ：-11.299617850814386
RF_AE :RMSD: 1.217508, P: 0.653755, R^2: 0.393504
RF_ECFP的BA值 ：-11.424505423136864
RF_ECFP :RMSD: 1.081585, P: 0.722544, R^2: 0.521363
RF_AE_BET的BA值    ：-11.358560038196156
RF_AE_BET    :RMSD: 1.087597, P: 0.740374, R^2: 0.516028
RF_AE_ECFP的BA值    ：-11.246814099029361
RF_AE_ECFP    :RMSD: 1.091148, P: 0.727082, R^2: 0.512862
RF_BET_ECFP的BA值    ：-11.294137302218207
RF_BET_ECFP    :RMSD: 1.032414, P: 0.754708, R^2: 0.563894
RF_AE_BET_ECFP的BA值    ：-11.271292997827487
RF_AE_BET_ECFP    :RMSD: 1.056522, P: 0.749962, R^2: 0.543289
fold= 9
>>>>>>>>>>>>>training.............
###############################################RF#####################################################
RF_BET的BA值：-11.391385395326655
RF_BET:RMSD: 0.984406, P: 0.751451, R^2: 0.557381
RF_AE的BA值 ：-11.362832468072247
RF_AE :RMSD: 0.961887, P: 0.771754, R^2: 0.577400
RF_ECFP的BA值 ：-11.497855314806397
RF_ECFP :RMSD: 0.929303, P: 0.780199, R^2: 0.605547
RF_AE_BET的BA值    ：-11.375044970570046
RF_AE_BET    :RMSD: 0.957805, P: 0.773173, R^2: 0.580979
RF_AE_ECFP的BA值    ：-11.392449245741561
RF_AE_ECFP    :RMSD: 0.915455, P: 0.795730, R^2: 0.617214
RF_BET_ECFP的BA值    ：-11.40878967049817
RF_BET_ECFP    :RMSD: 0.931846, P: 0.782812, R^2: 0.603384
RF_AE_BET_ECFP的BA值    ：-11.392094628936592
RF_AE_BET_ECFP    :RMSD: 0.927198, P: 0.789666, R^2: 0.607332
fold= 10
>>>>>>>>>>>>>training.............
###############################################RF#####################################################
RF_BET的BA值：-11.457195258854254
RF_BET:RMSD: 1.042381, P: 0.701926, R^2: 0.472715
RF_AE的BA值 ：-10.783889218550968
RF_AE :RMSD: 1.144987, P: 0.694288, R^2: 0.363800
RF_ECFP的BA值 ：-11.4702807606474
RF_ECFP :RMSD: 1.047946, P: 0.704160, R^2: 0.467069
RF_AE_BET的BA值    ：-10.800674912984363
RF_AE_BET    :RMSD: 1.028159, P: 0.742570, R^2: 0.487005
RF_AE_ECFP的BA值    ：-10.746094771870169
RF_AE_ECFP    :RMSD: 1.001529, P: 0.745545, R^2: 0.513235
RF_BET_ECFP的BA值    ：-11.391309731124021
RF_BET_ECFP    :RMSD: 1.015232, P: 0.723874, R^2: 0.499824
RF_AE_BET_ECFP的BA值    ：-10.925152671971231
RF_AE_BET_ECFP    :RMSD: 0.992624, P: 0.747818, R^2: 0.521852
@@@@@@@@@@@@@@@@@@@@@@@@@@@@@@@@@@@@@@@@@@@最终结果@@@@@@@@@@@@@@@@@@@@@@@@@@@@@@@@@@@@@@@@@@@@@@@@@@
@@@@@@@@@@@@@@@@@@@@@@@@@@@@@@@@@@@@@@@@@@@最终结果@@@@@@@@@@@@@@@@@@@@@@@@@@@@@@@@@@@@@@@@@@@@@@@@@@
%%%%%%%%%%%%%%%%%%%%%%%%%%%%%%%%%%%%%%%%%%%RF%%%%%%%%%%%%%%%%%%%%%%%%%%%%%%%%%%%%%%%%%%%%%%%%%%%%%%
RF_BET:0-th Final RMSD: 1.000936, Final P: 0.760888, Final R^2: 0.564361
RF_AE :0-th Final RMSD: 1.163223, Final P: 0.651859, Final R^2: 0.411644
RF_ECFP :0-th Final RMSD: 0.995262, Final P: 0.754976, Final R^2: 0.569286
RF_AE_BET    :0-th Final RMSD: 1.042393, Final P: 0.746705, Final R^2: 0.527526
RF_AE_ECFP    :0-th Final RMSD: 1.018505, Final P: 0.755527, Final R^2: 0.548934
RF_BET_ECFP    :0-th Final RMSD: 0.973235, Final P: 0.773870, Final R^2: 0.588140
RF_AE_BET_ECFP    :0-th Final RMSD: 0.996604, Final P: 0.770800, Final R^2: 0.568123
0-th RF_AE的BA值 ：-11.483794
0-th RF_BET的BA值：-11.508561
0-th RF_ECFP的BA值 ：-11.591722
0-th RF_AE_BET的BA值：-11.451256
0-th RF_AE_ECFP的BA值    ：-11.392449
0-th RF_BET_ECFP的BA值    ：-11.456669
0-th RF_AE_BET_ECFP的BA值    ：-11.426181
total time: 7.877497111956279 h
