size of data: (2518,)
size of train size: 2014
RF parameter
Namespace(n_estimators=10000, dataset='CHEMBL1741186', max_depth=8, min_samples_split=4, min_samples_leaf=2, criterion='mse', random_seed=0)
fold= 1
>>>>>>>>>>>>>training.............
###############################################RF#####################################################
RF_BET的BA值：-11.70753474321829
RF_BET:RMSD: 0.970185, P: 0.683580, R^2: 0.418911
RF_AE的BA值 ：-11.683487785747172
RF_AE :RMSD: 0.916286, P: 0.741574, R^2: 0.481683
RF_ECFP的BA值 ：-12.385072913444452
RF_ECFP :RMSD: 0.936215, P: 0.696385, R^2: 0.458891
RF_AE_BET的BA值    ：-11.69551126448273
RF_AE_BET    :RMSD: 0.932316, P: 0.733790, R^2: 0.463389
RF_AE_ECFP的BA值    ：-12.01617710742778
RF_AE_ECFP    :RMSD: 0.900299, P: 0.758840, R^2: 0.499612
RF_BET_ECFP的BA值    ：-12.02820058616334
RF_BET_ECFP    :RMSD: 0.930598, P: 0.726222, R^2: 0.465365
RF_AE_BET_ECFP的BA值    ：-11.913296319357949
RF_AE_BET_ECFP    :RMSD: 0.914435, P: 0.752062, R^2: 0.483775
fold= 2
>>>>>>>>>>>>>training.............
###############################################RF#####################################################
RF_BET的BA值：-11.583504017884698
RF_BET:RMSD: 0.949534, P: 0.711295, R^2: 0.445819
RF_AE的BA值 ：-11.504401245943729
RF_AE :RMSD: 0.982996, P: 0.652677, R^2: 0.406071
RF_ECFP的BA值 ：-12.08287764685272
RF_ECFP :RMSD: 0.974435, P: 0.677313, R^2: 0.416370
RF_AE_BET的BA值    ：-11.543952631914213
RF_AE_BET    :RMSD: 0.955239, P: 0.699096, R^2: 0.439139
RF_AE_ECFP的BA值    ：-11.793639446398224
RF_AE_ECFP    :RMSD: 0.953160, P: 0.709878, R^2: 0.441577
RF_BET_ECFP的BA值    ：-11.83319083236871
RF_BET_ECFP    :RMSD: 0.943719, P: 0.730237, R^2: 0.452585
RF_AE_BET_ECFP的BA值    ：-11.723594303560382
RF_AE_BET_ECFP    :RMSD: 0.944515, P: 0.724759, R^2: 0.451661
fold= 3
>>>>>>>>>>>>>training.............
###############################################RF#####################################################
RF_BET的BA值：-11.312402088648689
RF_BET:RMSD: 0.918948, P: 0.597777, R^2: 0.341220
RF_AE的BA值 ：-11.46703845075374
RF_AE :RMSD: 0.927072, P: 0.582074, R^2: 0.329521
RF_ECFP的BA值 ：-11.742759436655808
RF_ECFP :RMSD: 0.975610, P: 0.511465, R^2: 0.257476
RF_AE_BET的BA值    ：-11.344995138378504
RF_AE_BET    :RMSD: 0.910614, P: 0.612745, R^2: 0.353116
RF_AE_ECFP的BA值    ：-11.604898943704775
RF_AE_ECFP    :RMSD: 0.930291, P: 0.589859, R^2: 0.324857
RF_BET_ECFP的BA值    ：-11.432430721109228
RF_BET_ECFP    :RMSD: 0.931282, P: 0.590073, R^2: 0.323418
RF_AE_BET_ECFP的BA值    ：-11.443966630990731
RF_AE_BET_ECFP    :RMSD: 0.918455, P: 0.609989, R^2: 0.341927
fold= 4
>>>>>>>>>>>>>training.............
###############################################RF#####################################################
RF_BET的BA值：-11.869308783454752
RF_BET:RMSD: 0.905244, P: 0.727331, R^2: 0.462988
RF_AE的BA值 ：-11.998395980452575
RF_AE :RMSD: 0.918016, P: 0.702940, R^2: 0.447727
RF_ECFP的BA值 ：-12.433486210047418
RF_ECFP :RMSD: 0.947675, P: 0.661393, R^2: 0.411465
RF_AE_BET的BA值    ：-11.933852381953663
RF_AE_BET    :RMSD: 0.899704, P: 0.736822, R^2: 0.469541
RF_AE_ECFP的BA值    ：-11.8074275301041
RF_AE_ECFP    :RMSD: 0.902728, P: 0.735177, R^2: 0.465969
RF_BET_ECFP的BA值    ：-11.742883931605189
RF_BET_ECFP    :RMSD: 0.902279, P: 0.737148, R^2: 0.466500
RF_AE_BET_ECFP的BA值    ：-11.828054614554318
RF_AE_BET_ECFP    :RMSD: 0.894033, P: 0.751455, R^2: 0.476207
fold= 5
>>>>>>>>>>>>>training.............
###############################################RF#####################################################
RF_BET的BA值：-11.486020795562741
RF_BET:RMSD: 0.967920, P: 0.630751, R^2: 0.366354
RF_AE的BA值 ：-11.287014459846162
RF_AE :RMSD: 0.974567, P: 0.617303, R^2: 0.357622
RF_ECFP的BA值 ：-12.185365669971159
RF_ECFP :RMSD: 0.983692, P: 0.591558, R^2: 0.345536
RF_AE_BET的BA值    ：-11.38595780905219
RF_AE_BET    :RMSD: 0.962133, P: 0.641829, R^2: 0.373909
RF_AE_ECFP的BA值    ：-11.73619006490866
RF_AE_ECFP    :RMSD: 0.960974, P: 0.633907, R^2: 0.375417
RF_BET_ECFP的BA值    ：-11.83513341411469
RF_BET_ECFP    :RMSD: 0.961181, P: 0.633601, R^2: 0.375148
RF_AE_BET_ECFP的BA值    ：-11.65242709602518
RF_AE_BET_ECFP    :RMSD: 0.956722, P: 0.645279, R^2: 0.380931
fold= 6
>>>>>>>>>>>>>training.............
###############################################RF#####################################################
RF_BET的BA值：-11.632798634468365
RF_BET:RMSD: 0.882165, P: 0.668047, R^2: 0.424083
RF_AE的BA值 ：-11.846290574532228
RF_AE :RMSD: 0.881212, P: 0.662026, R^2: 0.425327
RF_ECFP的BA值 ：-12.270276397958725
RF_ECFP :RMSD: 0.922033, P: 0.619458, R^2: 0.370852
RF_AE_BET的BA值    ：-11.72789418536604
RF_AE_BET    :RMSD: 0.867634, P: 0.685184, R^2: 0.442900
RF_AE_ECFP的BA值    ：-12.058283486245475
RF_AE_ECFP    :RMSD: 0.874986, P: 0.683216, R^2: 0.433419
RF_BET_ECFP的BA值    ：-11.93988709707929
RF_BET_ECFP    :RMSD: 0.883293, P: 0.677094, R^2: 0.422609
RF_AE_BET_ECFP的BA值    ：-11.908688256230269
RF_AE_BET_ECFP    :RMSD: 0.868555, P: 0.693311, R^2: 0.441717
fold= 7
>>>>>>>>>>>>>training.............
###############################################RF#####################################################
RF_BET的BA值：-11.470183167662915
RF_BET:RMSD: 0.930844, P: 0.673298, R^2: 0.415759
RF_AE的BA值 ：-11.704982407324634
RF_AE :RMSD: 0.942997, P: 0.658093, R^2: 0.400404
RF_ECFP的BA值 ：-12.318926061616875
RF_ECFP :RMSD: 0.941758, P: 0.651612, R^2: 0.401978
RF_AE_BET的BA值    ：-11.587582787493774
RF_AE_BET    :RMSD: 0.926803, P: 0.684892, R^2: 0.420821
RF_AE_ECFP的BA值    ：-11.754920393608865
RF_AE_ECFP    :RMSD: 0.923021, P: 0.689918, R^2: 0.425538
RF_BET_ECFP的BA值    ：-11.75130325705381
RF_BET_ECFP    :RMSD: 0.919998, P: 0.691613, R^2: 0.429295
RF_AE_BET_ECFP的BA值    ：-11.564507079902825
RF_AE_BET_ECFP    :RMSD: 0.918131, P: 0.698994, R^2: 0.431608
fold= 8
>>>>>>>>>>>>>training.............
###############################################RF#####################################################
RF_BET的BA值：-11.180310241136699
RF_BET:RMSD: 1.007318, P: 0.708405, R^2: 0.424678
RF_AE的BA值 ：-11.636574516408343
RF_AE :RMSD: 1.019265, P: 0.681600, R^2: 0.410949
RF_ECFP的BA值 ：-11.974675422102415
RF_ECFP :RMSD: 1.001899, P: 0.684024, R^2: 0.430851
RF_AE_BET的BA值    ：-11.40632882728681
RF_AE_BET    :RMSD: 1.003027, P: 0.714170, R^2: 0.429569
RF_AE_ECFP的BA值    ：-11.80562496925538
RF_AE_ECFP    :RMSD: 0.984098, P: 0.726532, R^2: 0.450895
RF_BET_ECFP的BA值    ：-11.575379280133845
RF_BET_ECFP    :RMSD: 0.981366, P: 0.733967, R^2: 0.453940
RF_AE_BET_ECFP的BA值    ：-11.595777692225345
RF_AE_BET_ECFP    :RMSD: 0.982795, P: 0.737949, R^2: 0.452349
fold= 9
>>>>>>>>>>>>>training.............
###############################################RF#####################################################
RF_BET的BA值：-11.346658743492977
RF_BET:RMSD: 0.982574, P: 0.605135, R^2: 0.343478
RF_AE的BA值 ：-11.337793169579555
RF_AE :RMSD: 0.955453, P: 0.633338, R^2: 0.379220
RF_ECFP的BA值 ：-12.195960584487965
RF_ECFP :RMSD: 0.991986, P: 0.585652, R^2: 0.330840
RF_AE_BET的BA值    ：-11.342225956536266
RF_AE_BET    :RMSD: 0.959505, P: 0.637729, R^2: 0.373944
RF_AE_ECFP的BA值    ：-11.477030737210551
RF_AE_ECFP    :RMSD: 0.951445, P: 0.652502, R^2: 0.384418
RF_BET_ECFP的BA值    ：-11.3658389066628
RF_BET_ECFP    :RMSD: 0.967542, P: 0.634747, R^2: 0.363411
RF_AE_BET_ECFP的BA值    ：-11.327674537702876
RF_AE_BET_ECFP    :RMSD: 0.953692, P: 0.654059, R^2: 0.381506
fold= 10
>>>>>>>>>>>>>training.............
###############################################RF#####################################################
RF_BET的BA值：-11.602227405631043
RF_BET:RMSD: 0.927972, P: 0.754037, R^2: 0.477165
RF_AE的BA值 ：-11.446658770027303
RF_AE :RMSD: 0.958802, P: 0.714008, R^2: 0.441848
RF_ECFP的BA值 ：-12.277873358717574
RF_ECFP :RMSD: 1.007612, P: 0.653245, R^2: 0.383574
RF_AE_BET的BA值    ：-11.524443087829173
RF_AE_BET    :RMSD: 0.935284, P: 0.751104, R^2: 0.468894
RF_AE_ECFP的BA值    ：-11.862266064372438
RF_AE_ECFP    :RMSD: 0.965450, P: 0.722178, R^2: 0.434081
RF_BET_ECFP的BA值    ：-11.94005038217431
RF_BET_ECFP    :RMSD: 0.953095, P: 0.737025, R^2: 0.448473
RF_AE_BET_ECFP的BA值    ：-11.775586511458641
RF_AE_BET_ECFP    :RMSD: 0.946646, P: 0.747577, R^2: 0.455912
@@@@@@@@@@@@@@@@@@@@@@@@@@@@@@@@@@@@@@@@@@@最终结果@@@@@@@@@@@@@@@@@@@@@@@@@@@@@@@@@@@@@@@@@@@@@@@@@@
@@@@@@@@@@@@@@@@@@@@@@@@@@@@@@@@@@@@@@@@@@@最终结果@@@@@@@@@@@@@@@@@@@@@@@@@@@@@@@@@@@@@@@@@@@@@@@@@@
%%%%%%%%%%%%%%%%%%%%%%%%%%%%%%%%%%%%%%%%%%%RF%%%%%%%%%%%%%%%%%%%%%%%%%%%%%%%%%%%%%%%%%%%%%%%%%%%%%%
RF_BET:0-th Final RMSD: 0.944959, Final P: 0.678189, Final R^2: 0.416863
RF_AE :0-th Final RMSD: 0.948399, Final P: 0.665456, Final R^2: 0.412610
RF_ECFP :0-th Final RMSD: 0.968673, Final P: 0.637567, Final R^2: 0.387228
RF_AE_BET    :0-th Final RMSD: 0.935902, Final P: 0.691478, Final R^2: 0.427987
RF_AE_ECFP    :0-th Final RMSD: 0.935195, Final P: 0.693507, Final R^2: 0.428851
RF_BET_ECFP    :0-th Final RMSD: 0.937857, Final P: 0.692545, Final R^2: 0.425595
RF_AE_BET_ECFP    :0-th Final RMSD: 0.930327, Final P: 0.704503, Final R^2: 0.434782
0-th RF_AE的BA值 ：-11.998396
0-th RF_BET的BA值：-11.869309
0-th RF_ECFP的BA值 ：-12.433486
0-th RF_AE_BET的BA值：-11.933852
0-th RF_AE_ECFP的BA值    ：-12.058283
0-th RF_BET_ECFP的BA值    ：-12.028201
0-th RF_AE_BET_ECFP的BA值    ：-11.913296
total time: 24.319618855714797 h
