size of data: (982,)
size of train size: 785
RF parameter
Namespace(n_estimators=10000, dataset='CHEMBL2959', max_depth=7, min_samples_split=3, min_samples_leaf=1, criterion='mse', random_seed=0)
fold= 1
>>>>>>>>>>>>>training.............
###############################################RF#####################################################
RF_BET的BA值：-11.513013193972512
RF_BET:RMSD: 1.031272, P: 0.715401, R^2: 0.441448
RF_AE的BA值 ：-11.341185951608166
RF_AE :RMSD: 1.142521, P: 0.664552, R^2: 0.314440
RF_ECFP的BA值 ：-11.777931200456724
RF_ECFP :RMSD: 1.025956, P: 0.700537, R^2: 0.447192
RF_AE_BET的BA值    ：-11.364309892506094
RF_AE_BET    :RMSD: 1.064831, P: 0.733094, R^2: 0.404504
RF_AE_ECFP的BA值    ：-11.559558576032444
RF_AE_ECFP    :RMSD: 1.062018, P: 0.716204, R^2: 0.407646
RF_BET_ECFP的BA值    ：-11.643495556289395
RF_BET_ECFP    :RMSD: 1.007122, P: 0.740467, R^2: 0.467302
RF_AE_BET_ECFP的BA值    ：-11.500865901206154
RF_AE_BET_ECFP    :RMSD: 1.037235, P: 0.742944, R^2: 0.434970
fold= 2
>>>>>>>>>>>>>training.............
###############################################RF#####################################################
RF_BET的BA值：-11.751705373014893
RF_BET:RMSD: 1.259042, P: 0.756907, R^2: 0.448428
RF_AE的BA值 ：-11.851399941057304
RF_AE :RMSD: 1.390082, P: 0.725296, R^2: 0.327638
RF_ECFP的BA值 ：-12.267281813119457
RF_ECFP :RMSD: 1.236544, P: 0.718450, R^2: 0.467964
RF_AE_BET的BA值    ：-11.744651168269318
RF_AE_BET    :RMSD: 1.309953, P: 0.763412, R^2: 0.402919
RF_AE_ECFP的BA值    ：-12.059340877088381
RF_AE_ECFP    :RMSD: 1.281892, P: 0.752108, R^2: 0.428225
RF_BET_ECFP的BA值    ：-11.864130030651982
RF_BET_ECFP    :RMSD: 1.225255, P: 0.763348, R^2: 0.477634
RF_AE_BET_ECFP的BA值    ：-11.821952341609235
RF_AE_BET_ECFP    :RMSD: 1.264707, P: 0.769525, R^2: 0.443454
fold= 3
>>>>>>>>>>>>>training.............
###############################################RF#####################################################
RF_BET的BA值：-12.316398790456615
RF_BET:RMSD: 0.947504, P: 0.767122, R^2: 0.544611
RF_AE的BA值 ：-11.302525625939323
RF_AE :RMSD: 1.057128, P: 0.755494, R^2: 0.433141
RF_ECFP的BA值 ：-12.85190325980862
RF_ECFP :RMSD: 0.947541, P: 0.747313, R^2: 0.544576
RF_AE_BET的BA值    ：-11.792401572271206
RF_AE_BET    :RMSD: 0.986120, P: 0.778508, R^2: 0.506736
RF_AE_ECFP的BA值    ：-12.039200784712063
RF_AE_ECFP    :RMSD: 0.965136, P: 0.782952, R^2: 0.527505
RF_BET_ECFP的BA值    ：-12.545868625408573
RF_BET_ECFP    :RMSD: 0.923922, P: 0.778701, R^2: 0.566997
RF_AE_BET_ECFP的BA值    ：-12.120226362675739
RF_AE_BET_ECFP    :RMSD: 0.949683, P: 0.788724, R^2: 0.542514
fold= 4
>>>>>>>>>>>>>training.............
###############################################RF#####################################################
RF_BET的BA值：-12.43302778467916
RF_BET:RMSD: 0.985961, P: 0.670451, R^2: 0.425365
RF_AE的BA值 ：-11.62017606549422
RF_AE :RMSD: 1.001498, P: 0.680049, R^2: 0.407112
RF_ECFP的BA值 ：-12.837765869728342
RF_ECFP :RMSD: 0.886127, P: 0.735491, R^2: 0.535844
RF_AE_BET的BA值    ：-12.009759043162923
RF_AE_BET    :RMSD: 0.977763, P: 0.689959, R^2: 0.434882
RF_AE_ECFP的BA值    ：-12.165982382048433
RF_AE_ECFP    :RMSD: 0.912167, P: 0.736031, R^2: 0.508163
RF_BET_ECFP的BA值    ：-12.597512743274878
RF_BET_ECFP    :RMSD: 0.903740, P: 0.731950, R^2: 0.517209
RF_AE_BET_ECFP的BA值    ：-12.229741460306094
RF_AE_BET_ECFP    :RMSD: 0.922492, P: 0.728708, R^2: 0.496966
fold= 5
>>>>>>>>>>>>>training.............
###############################################RF#####################################################
RF_BET的BA值：-11.51531049499255
RF_BET:RMSD: 0.882416, P: 0.668956, R^2: 0.447350
RF_AE的BA值 ：-11.288409521966754
RF_AE :RMSD: 0.994525, P: 0.588051, R^2: 0.298002
RF_ECFP的BA值 ：-11.844343529622233
RF_ECFP :RMSD: 0.952507, P: 0.603809, R^2: 0.356067
RF_AE_BET的BA值    ：-11.401860008479652
RF_AE_BET    :RMSD: 0.905622, P: 0.661597, R^2: 0.417900
RF_AE_ECFP的BA值    ：-11.566376525794492
RF_AE_ECFP    :RMSD: 0.932278, P: 0.628261, R^2: 0.383129
RF_BET_ECFP的BA值    ：-11.679827012307392
RF_BET_ECFP    :RMSD: 0.895364, P: 0.656642, R^2: 0.431012
RF_AE_BET_ECFP的BA值    ：-11.54935451552718
RF_AE_BET_ECFP    :RMSD: 0.899930, P: 0.658377, R^2: 0.425194
fold= 6
>>>>>>>>>>>>>training.............
###############################################RF#####################################################
RF_BET的BA值：-11.449958358286965
RF_BET:RMSD: 1.046511, P: 0.596205, R^2: 0.355456
RF_AE的BA值 ：-11.445777217646492
RF_AE :RMSD: 1.085966, P: 0.593949, R^2: 0.305938
RF_ECFP的BA值 ：-11.452798461442962
RF_ECFP :RMSD: 1.044155, P: 0.605233, R^2: 0.358355
RF_AE_BET的BA值    ：-11.419459626367065
RF_AE_BET    :RMSD: 1.037684, P: 0.621500, R^2: 0.366282
RF_AE_ECFP的BA值    ：-11.420879677945063
RF_AE_ECFP    :RMSD: 1.021571, P: 0.631928, R^2: 0.385810
RF_BET_ECFP的BA值    ：-11.451378409864963
RF_BET_ECFP    :RMSD: 1.024212, P: 0.620470, R^2: 0.382630
RF_AE_BET_ECFP的BA值    ：-11.430572571392362
RF_AE_BET_ECFP    :RMSD: 1.017232, P: 0.633502, R^2: 0.391016
fold= 7
>>>>>>>>>>>>>training.............
###############################################RF#####################################################
RF_BET的BA值：-12.73277338823292
RF_BET:RMSD: 1.064680, P: 0.655649, R^2: 0.420782
RF_AE的BA值 ：-11.341919415820197
RF_AE :RMSD: 1.165882, P: 0.584991, R^2: 0.305435
RF_ECFP的BA值 ：-12.876876889349125
RF_ECFP :RMSD: 1.003383, P: 0.708469, R^2: 0.485557
RF_AE_BET的BA值    ：-12.037346402026557
RF_AE_BET    :RMSD: 1.092556, P: 0.653592, R^2: 0.390054
RF_AE_ECFP的BA值    ：-12.10939815258466
RF_AE_ECFP    :RMSD: 1.056348, P: 0.693890, R^2: 0.429812
RF_BET_ECFP的BA值    ：-12.804825138791022
RF_BET_ECFP    :RMSD: 1.006113, P: 0.713746, R^2: 0.482754
RF_AE_BET_ECFP的BA值    ：-12.317189897800747
RF_AE_BET_ECFP    :RMSD: 1.042841, P: 0.700380, R^2: 0.444301
fold= 8
>>>>>>>>>>>>>training.............
###############################################RF#####################################################
RF_BET的BA值：-11.470425935816435
RF_BET:RMSD: 0.989249, P: 0.718514, R^2: 0.479285
RF_AE的BA值 ：-11.178764382496672
RF_AE :RMSD: 1.006181, P: 0.740864, R^2: 0.461308
RF_ECFP的BA值 ：-11.75467155051258
RF_ECFP :RMSD: 0.980833, P: 0.722730, R^2: 0.488108
RF_AE_BET的BA值    ：-11.324595159156553
RF_AE_BET    :RMSD: 0.986229, P: 0.744655, R^2: 0.482459
RF_AE_ECFP的BA值    ：-11.466717966504625
RF_AE_ECFP    :RMSD: 0.974170, P: 0.759574, R^2: 0.495039
RF_BET_ECFP的BA值    ：-11.612548743164506
RF_BET_ECFP    :RMSD: 0.965050, P: 0.748279, R^2: 0.504450
RF_AE_BET_ECFP的BA值    ：-11.46795395627523
RF_AE_BET_ECFP    :RMSD: 0.969471, P: 0.759559, R^2: 0.499899
fold= 9
>>>>>>>>>>>>>training.............
###############################################RF#####################################################
RF_BET的BA值：-12.290617543046377
RF_BET:RMSD: 0.882835, P: 0.801339, R^2: 0.606540
RF_AE的BA值 ：-11.626412353787012
RF_AE :RMSD: 0.989101, P: 0.788575, R^2: 0.506118
RF_ECFP的BA值 ：-12.670430910973492
RF_ECFP :RMSD: 0.965457, P: 0.733822, R^2: 0.529448
RF_AE_BET的BA值    ：-11.958514948416695
RF_AE_BET    :RMSD: 0.921519, P: 0.807663, R^2: 0.571303
RF_AE_ECFP的BA值    ：-12.148421632380252
RF_AE_ECFP    :RMSD: 0.951476, P: 0.775863, R^2: 0.542977
RF_BET_ECFP的BA值    ：-12.480524227009933
RF_BET_ECFP    :RMSD: 0.908818, P: 0.781019, R^2: 0.583038
RF_AE_BET_ECFP的BA值    ：-12.195820269268959
RF_AE_BET_ECFP    :RMSD: 0.920868, P: 0.793101, R^2: 0.571908
fold= 10
>>>>>>>>>>>>>training.............
###############################################RF#####################################################
RF_BET的BA值：-11.995908805925705
RF_BET:RMSD: 1.031534, P: 0.807041, R^2: 0.579907
RF_AE的BA值 ：-11.200255076108114
RF_AE :RMSD: 1.149983, P: 0.800387, R^2: 0.477891
RF_ECFP的BA值 ：-12.829688415095235
RF_ECFP :RMSD: 1.069502, P: 0.752345, R^2: 0.548412
RF_AE_BET的BA值    ：-11.592403851992866
RF_AE_BET    :RMSD: 1.076365, P: 0.819358, R^2: 0.542598
RF_AE_ECFP的BA值    ：-11.91140526286048
RF_AE_ECFP    :RMSD: 1.068454, P: 0.799626, R^2: 0.549297
RF_BET_ECFP的BA值    ：-12.410572886695903
RF_BET_ECFP    :RMSD: 1.019960, P: 0.799451, R^2: 0.589280
RF_AE_BET_ECFP的BA值    ：-11.938886740086565
RF_AE_BET_ECFP    :RMSD: 1.045176, P: 0.813927, R^2: 0.568721
@@@@@@@@@@@@@@@@@@@@@@@@@@@@@@@@@@@@@@@@@@@最终结果@@@@@@@@@@@@@@@@@@@@@@@@@@@@@@@@@@@@@@@@@@@@@@@@@@
@@@@@@@@@@@@@@@@@@@@@@@@@@@@@@@@@@@@@@@@@@@最终结果@@@@@@@@@@@@@@@@@@@@@@@@@@@@@@@@@@@@@@@@@@@@@@@@@@
%%%%%%%%%%%%%%%%%%%%%%%%%%%%%%%%%%%%%%%%%%%RF%%%%%%%%%%%%%%%%%%%%%%%%%%%%%%%%%%%%%%%%%%%%%%%%%%%%%%
RF_BET:0-th Final RMSD: 1.017544, Final P: 0.713241, Final R^2: 0.485280
RF_AE :0-th Final RMSD: 1.104862, Final P: 0.672758, Final R^2: 0.393151
RF_ECFP :0-th Final RMSD: 1.015493, Final P: 0.703616, Final R^2: 0.487352
RF_AE_BET    :0-th Final RMSD: 1.041933, Final P: 0.719622, Final R^2: 0.460310
RF_AE_ECFP    :0-th Final RMSD: 1.027906, Final P: 0.725187, Final R^2: 0.474743
RF_BET_ECFP    :0-th Final RMSD: 0.992574, Final P: 0.733094, Final R^2: 0.510232
RF_AE_BET_ECFP    :0-th Final RMSD: 1.012276, Final P: 0.736439, Final R^2: 0.490595
0-th RF_AE的BA值 ：-11.851400
0-th RF_BET的BA值：-12.732773
0-th RF_ECFP的BA值 ：-12.876877
0-th RF_AE_BET的BA值：-12.037346
0-th RF_AE_ECFP的BA值    ：-12.165982
0-th RF_BET_ECFP的BA值    ：-12.804825
0-th RF_AE_BET_ECFP的BA值    ：-12.317190
total time: 7.59052684115039 h
