size of data: (26,)
size of train size: 20
RF parameter
Namespace(n_estimators=10000, dataset='CHEMBL4507', max_depth=7, min_samples_split=3, min_samples_leaf=1, criterion='mse', random_seed=0)
fold= 1
>>>>>>>>>>>>>training.............
###############################################RF#####################################################
RF_BET的BA值：-8.67943265989236
RF_BET:RMSD: 0.583686, P: 0.845249, R^2: -0.136575
RF_AE的BA值 ：-8.801732285280854
RF_AE :RMSD: 0.806486, P: -0.895433, R^2: -1.169866
RF_ECFP的BA值 ：-8.279938826367026
RF_ECFP :RMSD: 0.597207, P: -0.377542, R^2: -0.189843
RF_AE_BET的BA值    ：-8.698558924730587
RF_AE_BET    :RMSD: 0.689366, P: -0.710004, R^2: -0.585402
RF_AE_ECFP的BA值    ：-8.54083555582394
RF_AE_ECFP    :RMSD: 0.678864, P: -0.792942, R^2: -0.537466
RF_BET_ECFP的BA值    ：-8.437662195273672
RF_BET_ECFP    :RMSD: 0.546472, P: 0.237353, R^2: 0.003735
RF_AE_BET_ECFP的BA值    ：-8.559018891942733
RF_AE_BET_ECFP    :RMSD: 0.631672, P: -0.619698, R^2: -0.331139
fold= 2
>>>>>>>>>>>>>training.............
###############################################RF#####################################################
RF_BET的BA值：-8.775476169321863
RF_BET:RMSD: 0.639793, P: 0.821490, R^2: 0.296600
RF_AE的BA值 ：-8.84922434315727
RF_AE :RMSD: 0.615510, P: 0.775642, R^2: 0.348980
RF_ECFP的BA值 ：-8.807555754281617
RF_ECFP :RMSD: 0.632550, P: 0.868914, R^2: 0.312436
RF_AE_BET的BA值    ：-8.812350256239565
RF_AE_BET    :RMSD: 0.626607, P: 0.798409, R^2: 0.325295
RF_AE_ECFP的BA值    ：-8.828390048719443
RF_AE_ECFP    :RMSD: 0.615279, P: 0.831072, R^2: 0.349468
RF_BET_ECFP的BA值    ：-8.791515961801739
RF_BET_ECFP    :RMSD: 0.631475, P: 0.849822, R^2: 0.314770
RF_AE_BET_ECFP的BA值    ：-8.810752088920248
RF_AE_BET_ECFP    :RMSD: 0.622857, P: 0.828311, R^2: 0.333346
fold= 3
>>>>>>>>>>>>>training.............
###############################################RF#####################################################
RF_BET的BA值：-8.704445400994059
RF_BET:RMSD: 0.960584, P: -0.984534, R^2: -0.216076
RF_AE的BA值 ：-8.607778435805448
RF_AE :RMSD: 0.833800, P: 0.877806, R^2: 0.083752
RF_ECFP的BA值 ：-8.231748099811801
RF_ECFP :RMSD: 1.047990, P: -0.892693, R^2: -0.447452
RF_AE_BET的BA值    ：-8.604913225490794
RF_AE_BET    :RMSD: 0.896386, P: -0.706197, R^2: -0.058962
RF_AE_ECFP的BA值    ：-8.368564574899665
RF_AE_ECFP    :RMSD: 0.926637, P: -0.058978, R^2: -0.131641
RF_BET_ECFP的BA值    ：-8.46809675040293
RF_BET_ECFP    :RMSD: 0.980698, P: -0.958827, R^2: -0.267536
RF_AE_BET_ECFP的BA值    ：-8.480524850264464
RF_AE_BET_ECFP    :RMSD: 0.929725, P: -0.807761, R^2: -0.139198
fold= 4
>>>>>>>>>>>>>training.............
###############################################RF#####################################################
RF_BET的BA值：-8.689414046712228
RF_BET:RMSD: 0.721332, P: 0.429564, R^2: 0.070123
RF_AE的BA值 ：-8.851140597708383
RF_AE :RMSD: 0.683276, P: 0.623178, R^2: 0.165652
RF_ECFP的BA值 ：-8.6493568033954
RF_ECFP :RMSD: 0.537127, P: 0.933163, R^2: 0.484404
RF_AE_BET的BA值    ：-8.770277322210305
RF_AE_BET    :RMSD: 0.700992, P: 0.540298, R^2: 0.121824
RF_AE_ECFP的BA值    ：-8.750248700551891
RF_AE_ECFP    :RMSD: 0.596395, P: 0.798196, R^2: 0.364343
RF_BET_ECFP的BA值    ：-8.669385425053814
RF_BET_ECFP    :RMSD: 0.621986, P: 0.749045, R^2: 0.308621
RF_AE_BET_ECFP的BA值    ：-8.729970482605337
RF_AE_BET_ECFP    :RMSD: 0.637711, P: 0.702931, R^2: 0.273219
fold= 5
>>>>>>>>>>>>>training.............
###############################################RF#####################################################
RF_BET的BA值：-8.996123682318105
RF_BET:RMSD: 0.680723, P: -0.215119, R^2: -1.602721
RF_AE的BA值 ：-9.069969246229382
RF_AE :RMSD: 0.754948, P: -0.381254, R^2: -2.201263
RF_ECFP的BA值 ：-9.419105513683277
RF_ECFP :RMSD: 0.926048, P: -0.336088, R^2: -3.816748
RF_AE_BET的BA值    ：-9.033046464273744
RF_AE_BET    :RMSD: 0.717670, P: -0.302368, R^2: -1.892917
RF_AE_ECFP的BA值    ：-9.24453737995633
RF_AE_ECFP    :RMSD: 0.836363, P: -0.353066, R^2: -2.928948
RF_BET_ECFP的BA值    ：-9.207614598000692
RF_BET_ECFP    :RMSD: 0.800985, P: -0.293460, R^2: -2.603589
RF_AE_BET_ECFP的BA值    ：-9.161732814076922
RF_AE_BET_ECFP    :RMSD: 0.784122, P: -0.318122, R^2: -2.453453
fold= 6
>>>>>>>>>>>>>training.............
###############################################RF#####################################################
RF_BET的BA值：-8.820799455908576
RF_BET:RMSD: 0.565136, P: 0.995158, R^2: 0.325522
RF_AE的BA值 ：-8.69259027916812
RF_AE :RMSD: 0.690745, P: 0.606398, R^2: -0.007622
RF_ECFP的BA值 ：-8.270965963619698
RF_ECFP :RMSD: 0.897398, P: 0.909836, R^2: -0.700717
RF_AE_BET的BA值    ：-8.694090825693264
RF_AE_BET    :RMSD: 0.622975, P: 0.968080, R^2: 0.180397
RF_AE_ECFP的BA值    ：-8.46547297516728
RF_AE_ECFP    :RMSD: 0.775372, P: 0.790847, R^2: -0.269643
RF_BET_ECFP的BA值    ：-8.545882709764136
RF_BET_ECFP    :RMSD: 0.724005, P: 0.994661, R^2: -0.106994
RF_AE_BET_ECFP的BA值    ：-8.553049205002075
RF_AE_BET_ECFP    :RMSD: 0.703333, P: 0.952949, R^2: -0.044683
fold= 7
>>>>>>>>>>>>>training.............
###############################################RF#####################################################
RF_BET的BA值：-8.859101568061932
RF_BET:RMSD: 0.871387, P: -1.000000, R^2: -129.331960
RF_AE的BA值 ：-8.809700085501836
RF_AE :RMSD: 0.894952, P: -1.000000, R^2: -136.476599
RF_ECFP的BA值 ：-8.288554288319872
RF_ECFP :RMSD: 0.409576, P: -1.000000, R^2: -27.793676
RF_AE_BET的BA值    ：-8.834400826781884
RF_AE_BET    :RMSD: 0.881362, P: -1.000000, R^2: -132.333111
RF_AE_ECFP的BA值    ：-8.549127186910855
RF_AE_ECFP    :RMSD: 0.649308, P: -1.000000, R^2: -71.365412
RF_BET_ECFP的BA值    ：-8.573827928190902
RF_BET_ECFP    :RMSD: 0.640065, P: -1.000000, R^2: -69.319805
RF_AE_BET_ECFP的BA值    ：-8.65245198062788
RF_AE_BET_ECFP    :RMSD: 0.722982, P: -1.000000, R^2: -88.719009
fold= 8
>>>>>>>>>>>>>training.............
###############################################RF#####################################################
RF_BET的BA值：-8.922036652917308
RF_BET:RMSD: 0.548381, P: 1.000000, R^2: -17.113023
RF_AE的BA值 ：-8.995356812001893
RF_AE :RMSD: 0.580299, P: 1.000000, R^2: -19.282900
RF_ECFP的BA值 ：-8.863688570148213
RF_ECFP :RMSD: 0.481048, P: 1.000000, R^2: -12.938116
RF_AE_BET的BA值    ：-8.9586967324596
RF_AE_BET    :RMSD: 0.563642, P: 1.000000, R^2: -18.135231
RF_AE_ECFP的BA值    ：-8.929522691075054
RF_AE_ECFP    :RMSD: 0.530673, P: 1.000000, R^2: -15.962150
RF_BET_ECFP的BA值    ：-8.89286261153276
RF_BET_ECFP    :RMSD: 0.514113, P: 1.000000, R^2: -14.920006
RF_AE_BET_ECFP的BA值    ：-8.927027345022472
RF_AE_BET_ECFP    :RMSD: 0.535993, P: 1.000000, R^2: -16.303945
fold= 9
>>>>>>>>>>>>>training.............
###############################################RF#####################################################
RF_BET的BA值：-8.811141657108145
RF_BET:RMSD: 0.690089, P: -1.000000, R^2: -0.968662
RF_AE的BA值 ：-8.730436692989086
RF_AE :RMSD: 0.534071, P: 1.000000, R^2: -0.179125
RF_ECFP的BA值 ：-8.428852988947758
RF_ECFP :RMSD: 0.347875, P: 1.000000, R^2: 0.499727
RF_AE_BET的BA值    ：-8.728890295432599
RF_AE_BET    :RMSD: 0.609781, P: -1.000000, R^2: -0.537123
RF_AE_ECFP的BA值    ：-8.579644840968422
RF_AE_ECFP    :RMSD: 0.388118, P: 1.000000, R^2: 0.377286
RF_BET_ECFP的BA值    ：-8.474646920669926
RF_BET_ECFP    :RMSD: 0.479042, P: 1.000000, R^2: 0.051346
RF_AE_BET_ECFP的BA值    ：-8.559910178109646
RF_AE_BET_ECFP    :RMSD: 0.485950, P: 1.000000, R^2: 0.023789
fold= 10
>>>>>>>>>>>>>training.............
###############################################RF#####################################################
RF_BET的BA值：-8.877863580117154
RF_BET:RMSD: 0.020581, P: 1.000000, R^2: 0.987738
RF_AE的BA值 ：-8.853861160941925
RF_AE :RMSD: 0.015001, P: 1.000000, R^2: 0.993486
RF_ECFP的BA值 ：-8.650675034535338
RF_ECFP :RMSD: 0.344411, P: 1.000000, R^2: -2.433673
RF_AE_BET的BA值    ：-8.86586237052954
RF_AE_BET    :RMSD: 0.015822, P: 1.000000, R^2: 0.992753
RF_AE_ECFP的BA值    ：-8.752268097738632
RF_AE_ECFP    :RMSD: 0.179124, P: 1.000000, R^2: 0.071222
RF_BET_ECFP的BA值    ：-8.764269307326245
RF_BET_ECFP    :RMSD: 0.174574, P: 1.000000, R^2: 0.117804
RF_AE_BET_ECFP的BA值    ：-8.794133258531472
RF_AE_BET_ECFP    :RMSD: 0.121097, P: 1.000000, R^2: 0.575507
@@@@@@@@@@@@@@@@@@@@@@@@@@@@@@@@@@@@@@@@@@@最终结果@@@@@@@@@@@@@@@@@@@@@@@@@@@@@@@@@@@@@@@@@@@@@@@@@@
@@@@@@@@@@@@@@@@@@@@@@@@@@@@@@@@@@@@@@@@@@@最终结果@@@@@@@@@@@@@@@@@@@@@@@@@@@@@@@@@@@@@@@@@@@@@@@@@@
%%%%%%%%%%%%%%%%%%%%%%%%%%%%%%%%%%%%%%%%%%%RF%%%%%%%%%%%%%%%%%%%%%%%%%%%%%%%%%%%%%%%%%%%%%%%%%%%%%%
RF_BET:0-th Final RMSD: 0.679390, Final P: 0.185140, Final R^2: -0.039947
RF_AE :0-th Final RMSD: 0.695081, Final P: 0.139251, Final R^2: -0.088539
RF_ECFP :0-th Final RMSD: 0.698816, Final P: 0.179611, Final R^2: -0.100268
RF_AE_BET    :0-th Final RMSD: 0.683061, Final P: 0.170736, Final R^2: -0.051214
RF_AE_ECFP    :0-th Final RMSD: 0.674688, Final P: 0.171488, Final R^2: -0.025600
RF_BET_ECFP    :0-th Final RMSD: 0.665157, Final P: 0.197463, Final R^2: 0.003172
RF_AE_BET_ECFP    :0-th Final RMSD: 0.668646, Final P: 0.184596, Final R^2: -0.007313
0-th RF_AE的BA值 ：-9.069969
0-th RF_BET的BA值：-8.996124
0-th RF_ECFP的BA值 ：-9.419106
0-th RF_AE_BET的BA值：-9.033046
0-th RF_AE_ECFP的BA值    ：-9.244537
0-th RF_BET_ECFP的BA值    ：-9.207615
0-th RF_AE_BET_ECFP的BA值    ：-9.161733
total time: 0.15741974936591255 h
