size of data: (217,)
size of train size: 173
RF parameter
Namespace(n_estimators=10000, dataset='CHEMBL4767', max_depth=7, min_samples_split=3, min_samples_leaf=1, criterion='mse', random_seed=0)
fold= 1
>>>>>>>>>>>>>training.............
###############################################RF#####################################################
RF_BET的BA值：-10.792143533310771
RF_BET:RMSD: 0.877801, P: 0.755124, R^2: 0.530377
RF_AE的BA值 ：-10.990682048194488
RF_AE :RMSD: 0.969823, P: 0.657629, R^2: 0.426752
RF_ECFP的BA值 ：-11.651766959320854
RF_ECFP :RMSD: 1.130554, P: 0.530555, R^2: 0.220995
RF_AE_BET的BA值    ：-10.797633833679448
RF_AE_BET    :RMSD: 0.909154, P: 0.717873, R^2: 0.496230
RF_AE_ECFP的BA值    ：-11.283780913355823
RF_AE_ECFP    :RMSD: 1.006373, P: 0.627308, R^2: 0.382730
RF_BET_ECFP的BA值    ：-11.16561987964448
RF_BET_ECFP    :RMSD: 0.967103, P: 0.662381, R^2: 0.429964
RF_AE_BET_ECFP的BA值    ：-11.082344875559917
RF_AE_BET_ECFP    :RMSD: 0.949228, P: 0.679741, R^2: 0.450841
fold= 2
>>>>>>>>>>>>>training.............
###############################################RF#####################################################
RF_BET的BA值：-11.746751566842093
RF_BET:RMSD: 1.224784, P: 0.650177, R^2: 0.287324
RF_AE的BA值 ：-11.043157870331582
RF_AE :RMSD: 1.154657, P: 0.753360, R^2: 0.366598
RF_ECFP的BA值 ：-11.385594719680498
RF_ECFP :RMSD: 1.156701, P: 0.662042, R^2: 0.364353
RF_AE_BET的BA值    ：-11.394954718586838
RF_AE_BET    :RMSD: 1.166260, P: 0.727440, R^2: 0.353804
RF_AE_ECFP的BA值    ：-11.003515676006735
RF_AE_ECFP    :RMSD: 1.110671, P: 0.745334, R^2: 0.413937
RF_BET_ECFP的BA值    ：-11.198357692140037
RF_BET_ECFP    :RMSD: 1.155807, P: 0.688082, R^2: 0.365336
RF_AE_BET_ECFP的BA值    ：-11.121337807824105
RF_AE_BET_ECFP    :RMSD: 1.132710, P: 0.732118, R^2: 0.390448
fold= 3
>>>>>>>>>>>>>training.............
###############################################RF#####################################################
RF_BET的BA值：-11.760170081898005
RF_BET:RMSD: 1.365074, P: 0.581293, R^2: 0.319620
RF_AE的BA值 ：-11.92984207208268
RF_AE :RMSD: 1.183987, P: 0.721841, R^2: 0.488161
RF_ECFP的BA值 ：-11.88972694844779
RF_ECFP :RMSD: 1.138981, P: 0.737549, R^2: 0.526334
RF_AE_BET的BA值    ：-11.845006076990343
RF_AE_BET    :RMSD: 1.245459, P: 0.691364, R^2: 0.433634
RF_AE_ECFP的BA值    ：-11.805847933417578
RF_AE_ECFP    :RMSD: 1.122728, P: 0.760444, R^2: 0.539756
RF_BET_ECFP的BA值    ：-11.654473113250294
RF_BET_ECFP    :RMSD: 1.208459, P: 0.709946, R^2: 0.466784
RF_AE_BET_ECFP的BA值    ：-11.746262766194421
RF_AE_BET_ECFP    :RMSD: 1.179723, P: 0.735303, R^2: 0.491842
fold= 4
>>>>>>>>>>>>>training.............
###############################################RF#####################################################
RF_BET的BA值：-11.23205998836947
RF_BET:RMSD: 1.075375, P: 0.559525, R^2: 0.289152
RF_AE的BA值 ：-11.121023705147232
RF_AE :RMSD: 1.038768, P: 0.586087, R^2: 0.336725
RF_ECFP的BA值 ：-11.89093001463837
RF_ECFP :RMSD: 0.930477, P: 0.684162, R^2: 0.467808
RF_AE_BET的BA值    ：-11.125133479253668
RF_AE_BET    :RMSD: 1.034395, P: 0.595653, R^2: 0.342297
RF_AE_ECFP的BA值    ：-11.454568492388118
RF_AE_ECFP    :RMSD: 0.938999, P: 0.685363, R^2: 0.458016
RF_BET_ECFP的BA值    ：-11.56149500150392
RF_BET_ECFP    :RMSD: 0.972482, P: 0.650281, R^2: 0.418674
RF_AE_BET_ECFP的BA值    ：-11.380398991048567
RF_AE_BET_ECFP    :RMSD: 0.971162, P: 0.655729, R^2: 0.420251
fold= 5
>>>>>>>>>>>>>training.............
###############################################RF#####################################################
RF_BET的BA值：-11.57250166836539
RF_BET:RMSD: 1.208132, P: 0.801241, R^2: 0.546603
RF_AE的BA值 ：-11.561326277934615
RF_AE :RMSD: 1.234350, P: 0.807203, R^2: 0.526710
RF_ECFP的BA值 ：-12.086591710816586
RF_ECFP :RMSD: 1.261419, P: 0.765312, R^2: 0.505725
RF_AE_BET的BA值    ：-11.566913973150003
RF_AE_BET    :RMSD: 1.215932, P: 0.810046, R^2: 0.540729
RF_AE_ECFP的BA值    ：-11.418012096007455
RF_AE_ECFP    :RMSD: 1.182734, P: 0.836443, R^2: 0.565465
RF_BET_ECFP的BA值    ：-11.460646169246768
RF_BET_ECFP    :RMSD: 1.179493, P: 0.823359, R^2: 0.567844
RF_AE_BET_ECFP的BA值    ：-11.23693751771737
RF_AE_BET_ECFP    :RMSD: 1.178504, P: 0.837574, R^2: 0.568568
fold= 6
>>>>>>>>>>>>>training.............
###############################################RF#####################################################
RF_BET的BA值：-11.651363171549376
RF_BET:RMSD: 1.078347, P: 0.690772, R^2: 0.424941
RF_AE的BA值 ：-11.411415494571202
RF_AE :RMSD: 1.129573, P: 0.614999, R^2: 0.369008
RF_ECFP的BA值 ：-12.12342243668744
RF_ECFP :RMSD: 1.155402, P: 0.623554, R^2: 0.339821
RF_AE_BET的BA值    ：-11.53138933306029
RF_AE_BET    :RMSD: 1.089216, P: 0.668126, R^2: 0.413290
RF_AE_ECFP的BA值    ：-11.316003564365909
RF_AE_ECFP    :RMSD: 1.044657, P: 0.705677, R^2: 0.460312
RF_BET_ECFP的BA值    ：-11.435977402854995
RF_BET_ECFP    :RMSD: 1.053206, P: 0.706290, R^2: 0.451443
RF_AE_BET_ECFP的BA值    ：-11.42779010009373
RF_AE_BET_ECFP    :RMSD: 1.042116, P: 0.717214, R^2: 0.462934
fold= 7
>>>>>>>>>>>>>training.............
###############################################RF#####################################################
RF_BET的BA值：-10.87737686737481
RF_BET:RMSD: 1.600231, P: 0.634236, R^2: 0.236227
RF_AE的BA值 ：-10.764860646808685
RF_AE :RMSD: 1.453785, P: 0.756088, R^2: 0.369625
RF_ECFP的BA值 ：-11.613344343510638
RF_ECFP :RMSD: 1.331172, P: 0.757899, R^2: 0.471473
RF_AE_BET的BA值    ：-10.75387700606922
RF_AE_BET    :RMSD: 1.514391, P: 0.727466, R^2: 0.315971
RF_AE_ECFP的BA值    ：-11.07461362090081
RF_AE_ECFP    :RMSD: 1.360721, P: 0.799191, R^2: 0.447749
RF_BET_ECFP的BA值    ：-11.150520230911912
RF_BET_ECFP    :RMSD: 1.437376, P: 0.749837, R^2: 0.383775
RF_AE_BET_ECFP的BA值    ：-10.94564112003827
RF_AE_BET_ECFP    :RMSD: 1.429752, P: 0.775344, R^2: 0.390295
fold= 8
>>>>>>>>>>>>>training.............
###############################################RF#####################################################
RF_BET的BA值：-11.515207002814627
RF_BET:RMSD: 1.209071, P: 0.589820, R^2: 0.200909
RF_AE的BA值 ：-11.580138392689115
RF_AE :RMSD: 1.284381, P: 0.471472, R^2: 0.098261
RF_ECFP的BA值 ：-11.771537320537883
RF_ECFP :RMSD: 1.059652, P: 0.719861, R^2: 0.386210
RF_AE_BET的BA值    ：-11.54767269775187
RF_AE_BET    :RMSD: 1.222662, P: 0.555569, R^2: 0.182843
RF_AE_ECFP的BA值    ：-11.035111440719213
RF_AE_ECFP    :RMSD: 1.084574, P: 0.702670, R^2: 0.356999
RF_BET_ECFP的BA值    ：-11.451073109587071
RF_BET_ECFP    :RMSD: 1.056756, P: 0.718833, R^2: 0.389561
RF_AE_BET_ECFP的BA值    ：-11.084650650160258
RF_AE_BET_ECFP    :RMSD: 1.101383, P: 0.681445, R^2: 0.336914
fold= 9
>>>>>>>>>>>>>training.............
###############################################RF#####################################################
RF_BET的BA值：-11.378420823804069
RF_BET:RMSD: 1.307899, P: 0.778554, R^2: 0.520339
RF_AE的BA值 ：-11.774525484008743
RF_AE :RMSD: 1.104435, P: 0.888365, R^2: 0.657968
RF_ECFP的BA值 ：-11.557161172452751
RF_ECFP :RMSD: 1.193786, P: 0.808698, R^2: 0.600387
RF_AE_BET的BA值    ：-11.576473153906406
RF_AE_BET    :RMSD: 1.198712, P: 0.847863, R^2: 0.597083
RF_AE_ECFP的BA值    ：-11.347926418444107
RF_AE_ECFP    :RMSD: 1.103928, P: 0.875433, R^2: 0.658282
RF_BET_ECFP的BA值    ：-11.29685364022092
RF_BET_ECFP    :RMSD: 1.193194, P: 0.840626, R^2: 0.600783
RF_AE_BET_ECFP的BA值    ：-11.35809122023076
RF_AE_BET_ECFP    :RMSD: 1.152853, P: 0.866576, R^2: 0.627322
fold= 10
>>>>>>>>>>>>>training.............
###############################################RF#####################################################
RF_BET的BA值：-11.344962751620049
RF_BET:RMSD: 1.356031, P: 0.699873, R^2: 0.452773
RF_AE的BA值 ：-11.258650706789348
RF_AE :RMSD: 1.349539, P: 0.736002, R^2: 0.458000
RF_ECFP的BA值 ：-11.786785448590434
RF_ECFP :RMSD: 1.275918, P: 0.734279, R^2: 0.515522
RF_AE_BET的BA值    ：-11.276469483835246
RF_AE_BET    :RMSD: 1.334613, P: 0.738214, R^2: 0.469923
RF_AE_ECFP的BA值    ：-11.32333285416306
RF_AE_ECFP    :RMSD: 1.284737, P: 0.760544, R^2: 0.508802
RF_BET_ECFP的BA值    ：-11.46433029893564
RF_BET_ECFP    :RMSD: 1.296030, P: 0.735687, R^2: 0.500128
RF_AE_BET_ECFP的BA值    ：-11.295793526067483
RF_AE_BET_ECFP    :RMSD: 1.297763, P: 0.752242, R^2: 0.498791
@@@@@@@@@@@@@@@@@@@@@@@@@@@@@@@@@@@@@@@@@@@最终结果@@@@@@@@@@@@@@@@@@@@@@@@@@@@@@@@@@@@@@@@@@@@@@@@@@
@@@@@@@@@@@@@@@@@@@@@@@@@@@@@@@@@@@@@@@@@@@最终结果@@@@@@@@@@@@@@@@@@@@@@@@@@@@@@@@@@@@@@@@@@@@@@@@@@
%%%%%%%%%%%%%%%%%%%%%%%%%%%%%%%%%%%%%%%%%%%RF%%%%%%%%%%%%%%%%%%%%%%%%%%%%%%%%%%%%%%%%%%%%%%%%%%%%%%
RF_BET:0-th Final RMSD: 1.243706, Final P: 0.653421, Final R^2: 0.411108
RF_AE :0-th Final RMSD: 1.197527, Final P: 0.697077, Final R^2: 0.454028
RF_ECFP :0-th Final RMSD: 1.168315, Final P: 0.694848, Final R^2: 0.480340
RF_AE_BET    :0-th Final RMSD: 1.202585, Final P: 0.696527, Final R^2: 0.449406
RF_AE_ECFP    :0-th Final RMSD: 1.129869, Final P: 0.744045, Final R^2: 0.513978
RF_BET_ECFP    :0-th Final RMSD: 1.159981, Final P: 0.717516, Final R^2: 0.487727
RF_AE_BET_ECFP    :0-th Final RMSD: 1.151215, Final P: 0.734516, Final R^2: 0.495441
0-th RF_AE的BA值 ：-11.929842
0-th RF_BET的BA值：-11.760170
0-th RF_ECFP的BA值 ：-12.123422
0-th RF_AE_BET的BA值：-11.845006
0-th RF_AE_ECFP的BA值    ：-11.805848
0-th RF_BET_ECFP的BA值    ：-11.654473
0-th RF_AE_BET_ECFP的BA值    ：-11.746263
total time: 1.317006497449345 h
