size of data: (238,)
size of train size: 190
RF parameter
Namespace(n_estimators=10000, dataset='CHEMBL5319', max_depth=7, min_samples_split=3, min_samples_leaf=1, criterion='mse', random_seed=0)
fold= 1
>>>>>>>>>>>>>training.............
###############################################RF#####################################################
RF_BET的BA值：-11.294870271796267
RF_BET:RMSD: 1.001437, P: 0.602905, R^2: 0.134241
RF_AE的BA值 ：-11.193685146380734
RF_AE :RMSD: 0.898599, P: 0.685306, R^2: 0.302922
RF_ECFP的BA值 ：-11.324549793985778
RF_ECFP :RMSD: 0.845034, P: 0.641626, R^2: 0.383550
RF_AE_BET的BA值    ：-11.2442777090885
RF_AE_BET    :RMSD: 0.942797, P: 0.648946, R^2: 0.232664
RF_AE_ECFP的BA值    ：-11.144756461820783
RF_AE_ECFP    :RMSD: 0.836730, P: 0.693506, R^2: 0.395606
RF_BET_ECFP的BA值    ：-11.19534902452855
RF_BET_ECFP    :RMSD: 0.870266, P: 0.669982, R^2: 0.346187
RF_AE_BET_ECFP的BA值    ：-11.19479439847928
RF_AE_BET_ECFP    :RMSD: 0.873114, P: 0.682186, R^2: 0.341902
fold= 2
>>>>>>>>>>>>>training.............
###############################################RF#####################################################
RF_BET的BA值：-11.270507105254033
RF_BET:RMSD: 1.092037, P: 0.526590, R^2: 0.218473
RF_AE的BA值 ：-11.01106867466526
RF_AE :RMSD: 1.113979, P: 0.497244, R^2: 0.186753
RF_ECFP的BA值 ：-11.099693640692383
RF_ECFP :RMSD: 1.113292, P: 0.561847, R^2: 0.187755
RF_AE_BET的BA值    ：-11.140787889959647
RF_AE_BET    :RMSD: 1.090139, P: 0.530282, R^2: 0.221188
RF_AE_ECFP的BA值    ：-11.054366793383496
RF_AE_ECFP    :RMSD: 1.083152, P: 0.571195, R^2: 0.231140
RF_BET_ECFP的BA值    ：-11.159860729248866
RF_BET_ECFP    :RMSD: 1.085099, P: 0.566913, R^2: 0.228373
RF_AE_BET_ECFP的BA值    ：-11.110263377720997
RF_AE_BET_ECFP    :RMSD: 1.079265, P: 0.566414, R^2: 0.236648
fold= 3
>>>>>>>>>>>>>training.............
###############################################RF#####################################################
RF_BET的BA值：-11.39790871711913
RF_BET:RMSD: 1.094644, P: 0.791215, R^2: 0.516126
RF_AE的BA值 ：-11.285964696789339
RF_AE :RMSD: 1.099187, P: 0.763853, R^2: 0.512101
RF_ECFP的BA值 ：-11.203560376727713
RF_ECFP :RMSD: 1.059601, P: 0.747877, R^2: 0.546611
RF_AE_BET的BA值    ：-11.341936706954234
RF_AE_BET    :RMSD: 1.092159, P: 0.783405, R^2: 0.518321
RF_AE_ECFP的BA值    ：-11.174735999384552
RF_AE_ECFP    :RMSD: 1.047169, P: 0.781790, R^2: 0.557188
RF_BET_ECFP的BA值    ：-11.230708009549446
RF_BET_ECFP    :RMSD: 1.047271, P: 0.788376, R^2: 0.557101
RF_AE_BET_ECFP的BA值    ：-11.249126905296075
RF_AE_BET_ECFP    :RMSD: 1.054903, P: 0.792187, R^2: 0.550622
fold= 4
>>>>>>>>>>>>>training.............
###############################################RF#####################################################
RF_BET的BA值：-11.021257846563625
RF_BET:RMSD: 0.961725, P: 0.589337, R^2: 0.345610
RF_AE的BA值 ：-10.982521423700828
RF_AE :RMSD: 0.977047, P: 0.570252, R^2: 0.324592
RF_ECFP的BA值 ：-11.239112892870196
RF_ECFP :RMSD: 0.874223, P: 0.690928, R^2: 0.459271
RF_AE_BET的BA值    ：-10.94188705404698
RF_AE_BET    :RMSD: 0.964392, P: 0.585673, R^2: 0.341975
RF_AE_ECFP的BA值    ：-10.970872222016071
RF_AE_ECFP    :RMSD: 0.903131, P: 0.658430, R^2: 0.422919
RF_BET_ECFP的BA值    ：-11.023461232321708
RF_BET_ECFP    :RMSD: 0.898313, P: 0.666933, R^2: 0.429060
RF_AE_BET_ECFP的BA值    ：-10.905569705366874
RF_AE_BET_ECFP    :RMSD: 0.916930, P: 0.643779, R^2: 0.405150
fold= 5
>>>>>>>>>>>>>training.............
###############################################RF#####################################################
RF_BET的BA值：-11.40501299442664
RF_BET:RMSD: 1.051995, P: 0.641093, R^2: 0.404750
RF_AE的BA值 ：-11.149635206714944
RF_AE :RMSD: 1.012296, P: 0.686264, R^2: 0.448828
RF_ECFP的BA值 ：-11.12063800112624
RF_ECFP :RMSD: 0.990428, P: 0.689285, R^2: 0.472385
RF_AE_BET的BA值    ：-11.277324100570791
RF_AE_BET    :RMSD: 1.025587, P: 0.670030, R^2: 0.434260
RF_AE_ECFP的BA值    ：-11.109317654666363
RF_AE_ECFP    :RMSD: 0.973972, P: 0.706991, R^2: 0.489771
RF_BET_ECFP的BA值    ：-11.23700654852221
RF_BET_ECFP    :RMSD: 0.991359, P: 0.690415, R^2: 0.471392
RF_AE_BET_ECFP的BA值    ：-11.20788276791979
RF_AE_BET_ECFP    :RMSD: 0.989982, P: 0.695937, R^2: 0.472859
fold= 6
>>>>>>>>>>>>>training.............
###############################################RF#####################################################
RF_BET的BA值：-11.287538109450079
RF_BET:RMSD: 1.053005, P: 0.592246, R^2: 0.309264
RF_AE的BA值 ：-11.04009556039573
RF_AE :RMSD: 1.008917, P: 0.644239, R^2: 0.365893
RF_ECFP的BA值 ：-11.180352160528034
RF_ECFP :RMSD: 1.086980, P: 0.518899, R^2: 0.263972
RF_AE_BET的BA值    ：-11.094941988338148
RF_AE_BET    :RMSD: 1.020990, P: 0.638310, R^2: 0.350627
RF_AE_ECFP的BA值    ：-11.104550912113872
RF_AE_ECFP    :RMSD: 1.028493, P: 0.597510, R^2: 0.341047
RF_BET_ECFP的BA值    ：-11.203888894457538
RF_BET_ECFP    :RMSD: 1.041208, P: 0.584349, R^2: 0.324653
RF_AE_BET_ECFP的BA值    ：-11.119630080169435
RF_AE_BET_ECFP    :RMSD: 1.023560, P: 0.614950, R^2: 0.347353
fold= 7
>>>>>>>>>>>>>training.............
###############################################RF#####################################################
RF_BET的BA值：-11.237761725513435
RF_BET:RMSD: 1.028558, P: 0.500525, R^2: 0.198313
RF_AE的BA值 ：-11.032733541253235
RF_AE :RMSD: 1.032664, P: 0.511563, R^2: 0.191900
RF_ECFP的BA值 ：-11.332444205359263
RF_ECFP :RMSD: 0.958657, P: 0.589624, R^2: 0.303577
RF_AE_BET的BA值    ：-11.135247633383335
RF_AE_BET    :RMSD: 1.023106, P: 0.513227, R^2: 0.206789
RF_AE_ECFP的BA值    ：-11.049080158195812
RF_AE_ECFP    :RMSD: 0.960930, P: 0.581768, R^2: 0.300270
RF_BET_ECFP的BA值    ：-11.151594250325912
RF_BET_ECFP    :RMSD: 0.959057, P: 0.578256, R^2: 0.302995
RF_AE_BET_ECFP的BA值    ：-11.111974013968352
RF_AE_BET_ECFP    :RMSD: 0.972759, P: 0.566669, R^2: 0.282936
fold= 8
>>>>>>>>>>>>>training.............
###############################################RF#####################################################
RF_BET的BA值：-11.288848060627025
RF_BET:RMSD: 1.068981, P: 0.636841, R^2: 0.393936
RF_AE的BA值 ：-11.299840876094388
RF_AE :RMSD: 1.015006, P: 0.680088, R^2: 0.453593
RF_ECFP的BA值 ：-11.227459314153517
RF_ECFP :RMSD: 1.060119, P: 0.669433, R^2: 0.403942
RF_AE_BET的BA值    ：-11.294344468360705
RF_AE_BET    :RMSD: 1.031111, P: 0.668565, R^2: 0.436116
RF_AE_ECFP的BA值    ：-11.263650095123953
RF_AE_ECFP    :RMSD: 1.011205, P: 0.685119, R^2: 0.457678
RF_BET_ECFP的BA值    ：-11.258153687390271
RF_BET_ECFP    :RMSD: 1.015445, P: 0.678299, R^2: 0.453121
RF_AE_BET_ECFP的BA值    ：-11.27204941695831
RF_AE_BET_ECFP    :RMSD: 1.009433, P: 0.683053, R^2: 0.459577
fold= 9
>>>>>>>>>>>>>training.............
###############################################RF#####################################################
RF_BET的BA值：-11.107110719386348
RF_BET:RMSD: 1.389309, P: 0.317816, R^2: 0.051742
RF_AE的BA值 ：-10.892418380211797
RF_AE :RMSD: 1.333750, P: 0.402474, R^2: 0.126068
RF_ECFP的BA值 ：-11.182142427371922
RF_ECFP :RMSD: 1.029354, P: 0.695848, R^2: 0.479455
RF_AE_BET的BA值    ：-10.999764549799073
RF_AE_BET    :RMSD: 1.356388, P: 0.367703, R^2: 0.096150
RF_AE_ECFP的BA值    ：-10.883275763946067
RF_AE_ECFP    :RMSD: 1.147568, P: 0.608382, R^2: 0.353028
RF_BET_ECFP的BA值    ：-10.990621933533344
RF_BET_ECFP    :RMSD: 1.172508, P: 0.584466, R^2: 0.324601
RF_AE_BET_ECFP的BA值    ：-10.957887415759496
RF_AE_BET_ECFP    :RMSD: 1.218253, P: 0.541250, R^2: 0.270872
fold= 10
>>>>>>>>>>>>>training.............
###############################################RF#####################################################
RF_BET的BA值：-10.975556097711939
RF_BET:RMSD: 1.112172, P: 0.560813, R^2: 0.307752
RF_AE的BA值 ：-10.784098348836846
RF_AE :RMSD: 1.032124, P: 0.667392, R^2: 0.403814
RF_ECFP的BA值 ：-11.360593532046552
RF_ECFP :RMSD: 1.049020, P: 0.625360, R^2: 0.384135
RF_AE_BET的BA值    ：-10.777815056303586
RF_AE_BET    :RMSD: 1.060606, P: 0.634112, R^2: 0.370457
RF_AE_ECFP的BA值    ：-11.047184254801731
RF_AE_ECFP    :RMSD: 1.023134, P: 0.654500, R^2: 0.414155
RF_BET_ECFP的BA值    ：-11.091224333548407
RF_BET_ECFP    :RMSD: 1.056462, P: 0.618174, R^2: 0.375366
RF_AE_BET_ECFP的BA值    ：-10.97207454821791
RF_AE_BET_ECFP    :RMSD: 1.040756, P: 0.641823, R^2: 0.393801
@@@@@@@@@@@@@@@@@@@@@@@@@@@@@@@@@@@@@@@@@@@最终结果@@@@@@@@@@@@@@@@@@@@@@@@@@@@@@@@@@@@@@@@@@@@@@@@@@
@@@@@@@@@@@@@@@@@@@@@@@@@@@@@@@@@@@@@@@@@@@最终结果@@@@@@@@@@@@@@@@@@@@@@@@@@@@@@@@@@@@@@@@@@@@@@@@@@
%%%%%%%%%%%%%%%%%%%%%%%%%%%%%%%%%%%%%%%%%%%RF%%%%%%%%%%%%%%%%%%%%%%%%%%%%%%%%%%%%%%%%%%%%%%%%%%%%%%
RF_BET:0-th Final RMSD: 1.089440, Final P: 0.570538, Final R^2: 0.323286
RF_AE :0-th Final RMSD: 1.056849, Final P: 0.606212, Final R^2: 0.363169
RF_ECFP :0-th Final RMSD: 1.009995, Final P: 0.648679, Final R^2: 0.418384
RF_AE_BET    :0-th Final RMSD: 1.064893, Final P: 0.599422, Final R^2: 0.353438
RF_AE_ECFP    :0-th Final RMSD: 1.004349, Final P: 0.655001, Final R^2: 0.424867
RF_BET_ECFP    :0-th Final RMSD: 1.016344, Final P: 0.644789, Final R^2: 0.411048
RF_AE_BET_ECFP    :0-th Final RMSD: 1.020826, Final P: 0.642894, Final R^2: 0.405842
0-th RF_AE的BA值 ：-11.299841
0-th RF_BET的BA值：-11.405013
0-th RF_ECFP的BA值 ：-11.360594
0-th RF_AE_BET的BA值：-11.341937
0-th RF_AE_ECFP的BA值    ：-11.263650
0-th RF_BET_ECFP的BA值    ：-11.258154
0-th RF_AE_BET_ECFP的BA值    ：-11.272049
total time: 1.5018379459778468 h
