size of data: (47,)
size of train size: 37
RF parameter
Namespace(n_estimators=10000, dataset='CHEMBL5918', max_depth=7, min_samples_split=3, min_samples_leaf=1, criterion='mse', random_seed=0)
fold= 1
>>>>>>>>>>>>>training.............
###############################################RF#####################################################
RF_BET的BA值：-6.771622269967274
RF_BET:RMSD: 0.682818, P: -0.594286, R^2: -0.477535
RF_AE的BA值 ：-6.861319968695093
RF_AE :RMSD: 0.640508, P: -0.115325, R^2: -0.300099
RF_ECFP的BA值 ：-6.492597973253607
RF_ECFP :RMSD: 0.690881, P: 0.684600, R^2: -0.512634
RF_AE_BET的BA值    ：-6.7535431357911175
RF_AE_BET    :RMSD: 0.654586, P: -0.419292, R^2: -0.357879
RF_AE_ECFP的BA值    ：-6.60976685959746
RF_AE_ECFP    :RMSD: 0.648272, P: 0.131897, R^2: -0.331809
RF_BET_ECFP的BA值    ：-6.609810099876928
RF_BET_ECFP    :RMSD: 0.676722, P: -0.256586, R^2: -0.451270
RF_AE_BET_ECFP的BA值    ：-6.621766674027355
RF_AE_BET_ECFP    :RMSD: 0.655995, P: -0.271991, R^2: -0.363729
fold= 2
>>>>>>>>>>>>>training.............
###############################################RF#####################################################
RF_BET的BA值：-6.760302296630884
RF_BET:RMSD: 0.529042, P: 0.511161, R^2: -0.569631
RF_AE的BA值 ：-7.036240981317105
RF_AE :RMSD: 0.645229, P: -0.356839, R^2: -1.334778
RF_ECFP的BA值 ：-6.612369777768039
RF_ECFP :RMSD: 0.436293, P: 0.110714, R^2: -0.067516
RF_AE_BET的BA值    ：-6.891062835082441
RF_AE_BET    :RMSD: 0.581352, P: -0.111605, R^2: -0.895381
RF_AE_ECFP的BA值    ：-6.711578015309078
RF_AE_ECFP    :RMSD: 0.527997, P: -0.236068, R^2: -0.563439
RF_BET_ECFP的BA值    ：-6.679259025222494
RF_BET_ECFP    :RMSD: 0.462619, P: 0.351636, R^2: -0.200233
RF_AE_BET_ECFP的BA值    ：-6.723013573155311
RF_AE_BET_ECFP    :RMSD: 0.520311, P: -0.057779, R^2: -0.518254
fold= 3
>>>>>>>>>>>>>training.............
###############################################RF#####################################################
RF_BET的BA值：-6.86772407732075
RF_BET:RMSD: 1.042969, P: -0.061410, R^2: -0.071987
RF_AE的BA值 ：-6.788939232444314
RF_AE :RMSD: 0.935835, P: 0.514080, R^2: 0.136931
RF_ECFP的BA值 ：-6.883298248762466
RF_ECFP :RMSD: 1.005842, P: 0.146707, R^2: 0.002975
RF_AE_BET的BA值    ：-6.80591750620992
RF_AE_BET    :RMSD: 0.987471, P: 0.228100, R^2: 0.039060
RF_AE_ECFP的BA值    ：-6.836118740603389
RF_AE_ECFP    :RMSD: 0.966456, P: 0.300469, R^2: 0.079526
RF_BET_ECFP的BA值    ：-6.853097014368997
RF_BET_ECFP    :RMSD: 1.014227, P: 0.063069, R^2: -0.013719
RF_AE_BET_ECFP的BA值    ：-6.831711087060769
RF_AE_BET_ECFP    :RMSD: 0.987471, P: 0.200853, R^2: 0.039061
fold= 4
>>>>>>>>>>>>>training.............
###############################################RF#####################################################
RF_BET的BA值：-7.141903004395281
RF_BET:RMSD: 0.588465, P: -0.697580, R^2: -1.575962
RF_AE的BA值 ：-6.661421708704531
RF_AE :RMSD: 0.445514, P: 0.077273, R^2: -0.476460
RF_ECFP的BA值 ：-6.463923611626272
RF_ECFP :RMSD: 0.617605, P: 0.142563, R^2: -1.837402
RF_AE_BET的BA值    ：-6.901662356549906
RF_AE_BET    :RMSD: 0.507536, P: -0.555156, R^2: -0.916165
RF_AE_ECFP的BA值    ：-6.5626726601654015
RF_AE_ECFP    :RMSD: 0.521441, P: 0.126942, R^2: -1.022595
RF_BET_ECFP的BA值    ：-6.802913308010776
RF_BET_ECFP    :RMSD: 0.569475, P: -0.496674, R^2: -1.412388
RF_AE_BET_ECFP的BA值    ：-6.755749441575361
RF_AE_BET_ECFP    :RMSD: 0.525882, P: -0.402973, R^2: -1.057197
fold= 5
>>>>>>>>>>>>>training.............
###############################################RF#####################################################
RF_BET的BA值：-6.990817022514619
RF_BET:RMSD: 0.429333, P: 0.592090, R^2: 0.192750
RF_AE的BA值 ：-6.760849157455445
RF_AE :RMSD: 0.328367, P: 0.839619, R^2: 0.527786
RF_ECFP的BA值 ：-7.090281476545364
RF_ECFP :RMSD: 0.482783, P: 0.312547, R^2: -0.020757
RF_AE_BET的BA值    ：-6.875833089985032
RF_AE_BET    :RMSD: 0.369683, P: 0.737441, R^2: 0.401481
RF_AE_ECFP的BA值    ：-6.925565317000404
RF_AE_ECFP    :RMSD: 0.396123, P: 0.567775, R^2: 0.312805
RF_BET_ECFP的BA值    ：-7.040549249529992
RF_BET_ECFP    :RMSD: 0.441179, P: 0.452137, R^2: 0.147589
RF_AE_BET_ECFP的BA值    ：-6.947315885505144
RF_AE_BET_ECFP    :RMSD: 0.398280, P: 0.587681, R^2: 0.305303
fold= 6
>>>>>>>>>>>>>training.............
###############################################RF#####################################################
RF_BET的BA值：-6.89103212974053
RF_BET:RMSD: 0.502377, P: -0.629406, R^2: -1.510607
RF_AE的BA值 ：-6.956414544856083
RF_AE :RMSD: 0.404750, P: 0.533678, R^2: -0.629649
RF_ECFP的BA值 ：-6.520298103535672
RF_ECFP :RMSD: 0.357877, P: -0.381726, R^2: -0.274053
RF_AE_BET的BA值    ：-6.866794489892742
RF_AE_BET    :RMSD: 0.444977, P: 0.146329, R^2: -0.969679
RF_AE_ECFP的BA值    ：-6.726878806171261
RF_AE_ECFP    :RMSD: 0.353048, P: 0.324009, R^2: -0.239901
RF_BET_ECFP的BA值    ：-6.705665116638102
RF_BET_ECFP    :RMSD: 0.417198, P: -0.579227, R^2: -0.731423
RF_AE_BET_ECFP的BA值    ：-6.751295694440386
RF_AE_BET_ECFP    :RMSD: 0.400351, P: 0.029186, R^2: -0.594412
fold= 7
>>>>>>>>>>>>>training.............
###############################################RF#####################################################
RF_BET的BA值：-6.901757798109452
RF_BET:RMSD: 0.598817, P: 0.727133, R^2: 0.227275
RF_AE的BA值 ：-6.716367855413207
RF_AE :RMSD: 0.665561, P: 0.410495, R^2: 0.045417
RF_ECFP的BA值 ：-6.761095933834171
RF_ECFP :RMSD: 0.670107, P: 0.261291, R^2: 0.032335
RF_AE_BET的BA值    ：-6.80906282676133
RF_AE_BET    :RMSD: 0.630475, P: 0.713516, R^2: 0.143410
RF_AE_ECFP的BA值    ：-6.677005309618023
RF_AE_ECFP    :RMSD: 0.655979, P: 0.467045, R^2: 0.072706
RF_BET_ECFP的BA值    ：-6.70890214746915
RF_BET_ECFP    :RMSD: 0.620054, P: 0.663161, R^2: 0.171493
RF_AE_BET_ECFP的BA值    ：-6.670239660113392
RF_AE_BET_ECFP    :RMSD: 0.632324, P: 0.777425, R^2: 0.138378
fold= 8
>>>>>>>>>>>>>training.............
###############################################RF#####################################################
RF_BET的BA值：-6.741162582444755
RF_BET:RMSD: 1.024685, P: -0.679857, R^2: -0.337635
RF_AE的BA值 ：-6.742936225470803
RF_AE :RMSD: 0.932328, P: 0.336297, R^2: -0.107374
RF_ECFP的BA值 ：-6.719196416482814
RF_ECFP :RMSD: 0.950266, P: 0.544270, R^2: -0.150395
RF_AE_BET的BA值    ：-6.686745419754335
RF_AE_BET    :RMSD: 0.976821, P: -0.440687, R^2: -0.215590
RF_AE_ECFP的BA值    ：-6.731066320976808
RF_AE_ECFP    :RMSD: 0.938905, P: 0.470394, R^2: -0.123054
RF_BET_ECFP的BA值    ：-6.609314833314478
RF_BET_ECFP    :RMSD: 0.982096, P: 0.062110, R^2: -0.228752
RF_AE_BET_ECFP的BA值    ：-6.647704302641958
RF_AE_BET_ECFP    :RMSD: 0.964867, P: 0.189881, R^2: -0.186020
fold= 9
>>>>>>>>>>>>>training.............
###############################################RF#####################################################
RF_BET的BA值：-6.94323460201921
RF_BET:RMSD: 0.421286, P: 0.093945, R^2: -0.279387
RF_AE的BA值 ：-6.926871419509614
RF_AE :RMSD: 0.273518, P: 0.733491, R^2: 0.460712
RF_ECFP的BA值 ：-6.506850217379852
RF_ECFP :RMSD: 0.458976, P: -0.433571, R^2: -0.518546
RF_AE_BET的BA值    ：-6.9350530107644115
RF_AE_BET    :RMSD: 0.346575, P: 0.465723, R^2: 0.134152
RF_AE_ECFP的BA值    ：-6.716860818444733
RF_AE_ECFP    :RMSD: 0.345882, P: 0.383069, R^2: 0.137613
RF_BET_ECFP的BA值    ：-6.725042409699531
RF_BET_ECFP    :RMSD: 0.412430, P: -0.122574, R^2: -0.226160
RF_AE_BET_ECFP的BA值    ：-6.792318746302892
RF_AE_BET_ECFP    :RMSD: 0.361545, P: 0.271927, R^2: 0.057738
fold= 10
>>>>>>>>>>>>>training.............
###############################################RF#####################################################
RF_BET的BA值：-6.8795359334294774
RF_BET:RMSD: 0.392009, P: -0.702061, R^2: -1.083156
RF_AE的BA值 ：-7.109040707731554
RF_AE :RMSD: 0.438279, P: -0.296421, R^2: -1.603933
RF_ECFP的BA值 ：-6.56524834258184
RF_ECFP :RMSD: 0.480815, P: -0.204991, R^2: -2.133903
RF_AE_BET的BA值    ：-6.994288320580516
RF_AE_BET    :RMSD: 0.408104, P: -0.451081, R^2: -1.257719
RF_AE_ECFP的BA值    ：-6.837144525156697
RF_AE_ECFP    :RMSD: 0.423947, P: -0.278413, R^2: -1.436417
RF_BET_ECFP的BA值    ：-6.722392138005659
RF_BET_ECFP    :RMSD: 0.408836, P: -0.528469, R^2: -1.265831
RF_AE_BET_ECFP的BA值    ：-6.851274994580957
RF_AE_BET_ECFP    :RMSD: 0.405074, P: -0.410706, R^2: -1.224320
@@@@@@@@@@@@@@@@@@@@@@@@@@@@@@@@@@@@@@@@@@@最终结果@@@@@@@@@@@@@@@@@@@@@@@@@@@@@@@@@@@@@@@@@@@@@@@@@@
@@@@@@@@@@@@@@@@@@@@@@@@@@@@@@@@@@@@@@@@@@@最终结果@@@@@@@@@@@@@@@@@@@@@@@@@@@@@@@@@@@@@@@@@@@@@@@@@@
%%%%%%%%%%%%%%%%%%%%%%%%%%%%%%%%%%%%%%%%%%%RF%%%%%%%%%%%%%%%%%%%%%%%%%%%%%%%%%%%%%%%%%%%%%%%%%%%%%%
RF_BET:0-th Final RMSD: 0.658851, Final P: -0.086860, Final R^2: -0.122371
RF_AE :0-th Final RMSD: 0.612318, Final P: 0.200001, Final R^2: 0.030573
RF_ECFP :0-th Final RMSD: 0.647984, Final P: 0.147333, Final R^2: -0.085650
RF_AE_BET    :0-th Final RMSD: 0.629420, Final P: 0.074324, Final R^2: -0.024335
RF_AE_ECFP    :0-th Final RMSD: 0.615541, Final P: 0.207318, Final R^2: 0.020341
RF_BET_ECFP    :0-th Final RMSD: 0.637439, Final P: 0.037664, Final R^2: -0.050605
RF_AE_BET_ECFP    :0-th Final RMSD: 0.623311, Final P: 0.114524, Final R^2: -0.004550
0-th RF_AE的BA值 ：-7.109041
0-th RF_BET的BA值：-7.141903
0-th RF_ECFP的BA值 ：-7.090281
0-th RF_AE_BET的BA值：-6.994288
0-th RF_AE_ECFP的BA值    ：-6.925565
0-th RF_BET_ECFP的BA值    ：-7.040549
0-th RF_AE_BET_ECFP的BA值    ：-6.947316
total time: 0.27274309072229597 h
