size of data: (291,)
size of train size: 232
RF parameter
Namespace(n_estimators=10000, dataset='CHEMBL3359', max_depth=7, min_samples_split=3, min_samples_leaf=1, criterion='mse', random_seed=0)
fold= 1
>>>>>>>>>>>>>training.............
###############################################RF#####################################################
RF_BET的BA值：-9.407769788428359
RF_BET:RMSD: 0.813798, P: 0.732591, R^2: 0.437021
RF_AE的BA值 ：-9.481794577811401
RF_AE :RMSD: 0.942474, P: 0.681814, R^2: 0.244912
RF_ECFP的BA值 ：-9.56788630409356
RF_ECFP :RMSD: 0.678169, P: 0.804647, R^2: 0.609038
RF_AE_BET的BA值    ：-9.22120486166546
RF_AE_BET    :RMSD: 0.850648, P: 0.727793, R^2: 0.384882
RF_AE_ECFP的BA值    ：-9.524840440952481
RF_AE_ECFP    :RMSD: 0.778990, P: 0.764478, R^2: 0.484151
RF_BET_ECFP的BA值    ：-9.237077115635707
RF_BET_ECFP    :RMSD: 0.719467, P: 0.786556, R^2: 0.559972
RF_AE_BET_ECFP的BA值    ：-9.174192776640316
RF_AE_BET_ECFP    :RMSD: 0.773291, P: 0.766615, R^2: 0.491672
fold= 2
>>>>>>>>>>>>>training.............
###############################################RF#####################################################
RF_BET的BA值：-9.498787954087206
RF_BET:RMSD: 0.754589, P: 0.928705, R^2: 0.752027
RF_AE的BA值 ：-9.419239090434152
RF_AE :RMSD: 0.812044, P: 0.903182, R^2: 0.712828
RF_ECFP的BA值 ：-9.458331572032945
RF_ECFP :RMSD: 0.710950, P: 0.922869, R^2: 0.779879
RF_AE_BET的BA值    ：-9.45901352226068
RF_AE_BET    :RMSD: 0.769708, P: 0.926656, R^2: 0.741991
RF_AE_ECFP的BA值    ：-9.309841824326845
RF_AE_ECFP    :RMSD: 0.741717, P: 0.928047, R^2: 0.760415
RF_BET_ECFP的BA值    ：-9.433099375719301
RF_BET_ECFP    :RMSD: 0.716120, P: 0.934304, R^2: 0.776666
RF_AE_BET_ECFP的BA值    ：-9.362025543849319
RF_AE_BET_ECFP    :RMSD: 0.736917, P: 0.933512, R^2: 0.763506
fold= 3
>>>>>>>>>>>>>training.............
###############################################RF#####################################################
RF_BET的BA值：-9.215832156048924
RF_BET:RMSD: 0.846608, P: 0.682799, R^2: 0.454944
RF_AE的BA值 ：-9.180071610556984
RF_AE :RMSD: 0.801013, P: 0.724118, R^2: 0.512072
RF_ECFP的BA值 ：-10.740434821363108
RF_ECFP :RMSD: 0.834046, P: 0.700310, R^2: 0.470999
RF_AE_BET的BA值    ：-9.197951883302954
RF_AE_BET    :RMSD: 0.818434, P: 0.708760, R^2: 0.490617
RF_AE_ECFP的BA值    ：-9.960253215960046
RF_AE_ECFP    :RMSD: 0.779699, P: 0.733560, R^2: 0.537693
RF_BET_ECFP的BA值    ：-9.978133488706016
RF_BET_ECFP    :RMSD: 0.808309, P: 0.710181, R^2: 0.503143
RF_AE_BET_ECFP的BA值    ：-9.712112862656339
RF_AE_BET_ECFP    :RMSD: 0.793762, P: 0.723453, R^2: 0.520866
fold= 4
>>>>>>>>>>>>>training.............
###############################################RF#####################################################
RF_BET的BA值：-9.0342314233745
RF_BET:RMSD: 0.982407, P: 0.613105, R^2: 0.335767
RF_AE的BA值 ：-9.481139478146366
RF_AE :RMSD: 0.929903, P: 0.702099, R^2: 0.404869
RF_ECFP的BA值 ：-9.313462762073085
RF_ECFP :RMSD: 0.792628, P: 0.765094, R^2: 0.567609
RF_AE_BET的BA值    ：-9.129804714540718
RF_AE_BET    :RMSD: 0.930567, P: 0.691416, R^2: 0.404018
RF_AE_ECFP的BA值    ：-9.191752672217419
RF_AE_ECFP    :RMSD: 0.826945, P: 0.762043, R^2: 0.529357
RF_BET_ECFP的BA值    ：-9.173847092723793
RF_BET_ECFP    :RMSD: 0.856416, P: 0.732579, R^2: 0.495215
RF_AE_BET_ECFP的BA值    ：-9.064781179061953
RF_AE_BET_ECFP    :RMSD: 0.861192, P: 0.741334, R^2: 0.489568
fold= 5
>>>>>>>>>>>>>training.............
###############################################RF#####################################################
RF_BET的BA值：-9.561251127108031
RF_BET:RMSD: 1.134917, P: 0.659904, R^2: 0.402223
RF_AE的BA值 ：-9.321217738559588
RF_AE :RMSD: 1.176688, P: 0.628500, R^2: 0.357411
RF_ECFP的BA值 ：-10.7834648966733
RF_ECFP :RMSD: 0.968660, P: 0.751531, R^2: 0.564535
RF_AE_BET的BA值    ：-9.386022754013787
RF_AE_BET    :RMSD: 1.139965, P: 0.664540, R^2: 0.396894
RF_AE_ECFP的BA值    ：-9.652844162253125
RF_AE_ECFP    :RMSD: 1.011544, P: 0.745747, R^2: 0.525124
RF_BET_ECFP的BA值    ：-9.612703740718672
RF_BET_ECFP    :RMSD: 1.003830, P: 0.743420, R^2: 0.532339
RF_AE_BET_ECFP的BA值    ：-9.49157989369638
RF_AE_BET_ECFP    :RMSD: 1.038735, P: 0.733282, R^2: 0.499251
fold= 6
>>>>>>>>>>>>>training.............
###############################################RF#####################################################
RF_BET的BA值：-9.769091714754708
RF_BET:RMSD: 0.693563, P: 0.855098, R^2: 0.727300
RF_AE的BA值 ：-10.200545610804406
RF_AE :RMSD: 0.762369, P: 0.828077, R^2: 0.670508
RF_ECFP的BA值 ：-9.234291279355064
RF_ECFP :RMSD: 0.696020, P: 0.854820, R^2: 0.725364
RF_AE_BET的BA值    ：-9.984818662779556
RF_AE_BET    :RMSD: 0.712589, P: 0.847757, R^2: 0.712133
RF_AE_ECFP的BA值    ：-9.338579058006328
RF_AE_ECFP    :RMSD: 0.675108, P: 0.862242, R^2: 0.741619
RF_BET_ECFP的BA值    ：-9.305654539458487
RF_BET_ECFP    :RMSD: 0.667300, P: 0.866793, R^2: 0.747561
RF_AE_BET_ECFP的BA值    ：-9.482083276922454
RF_AE_BET_ECFP    :RMSD: 0.674017, P: 0.863353, R^2: 0.742453
fold= 7
>>>>>>>>>>>>>training.............
###############################################RF#####################################################
RF_BET的BA值：-9.102196608594525
RF_BET:RMSD: 1.244278, P: 0.731250, R^2: 0.454339
RF_AE的BA值 ：-9.655624277465728
RF_AE :RMSD: 1.167203, P: 0.780226, R^2: 0.519845
RF_ECFP的BA值 ：-10.943058098720078
RF_ECFP :RMSD: 1.072692, P: 0.774700, R^2: 0.594456
RF_AE_BET的BA值    ：-9.214655006026078
RF_AE_BET    :RMSD: 1.190345, P: 0.778583, R^2: 0.500617
RF_AE_ECFP的BA值    ：-10.299341188092903
RF_AE_ECFP    :RMSD: 1.060816, P: 0.798677, R^2: 0.603386
RF_BET_ECFP的BA值    ：-9.858371916653255
RF_BET_ECFP    :RMSD: 1.096665, P: 0.781477, R^2: 0.576127
RF_AE_BET_ECFP的BA值    ：-9.790789370257412
RF_AE_BET_ECFP    :RMSD: 1.101435, P: 0.795263, R^2: 0.572431
fold= 8
>>>>>>>>>>>>>training.............
###############################################RF#####################################################
RF_BET的BA值：-9.999267714594716
RF_BET:RMSD: 1.007298, P: 0.816341, R^2: 0.590580
RF_AE的BA值 ：-9.59796340223681
RF_AE :RMSD: 1.057216, P: 0.808384, R^2: 0.548996
RF_ECFP的BA值 ：-11.107082064387907
RF_ECFP :RMSD: 0.870124, P: 0.842610, R^2: 0.694497
RF_AE_BET的BA值    ：-9.651422072510243
RF_AE_BET    :RMSD: 1.019449, P: 0.823993, R^2: 0.580643
RF_AE_ECFP的BA值    ：-10.205329247406839
RF_AE_ECFP    :RMSD: 0.928032, P: 0.842583, R^2: 0.652481
RF_BET_ECFP的BA值    ：-10.553174889491311
RF_BET_ECFP    :RMSD: 0.916425, P: 0.839002, R^2: 0.661120
RF_AE_BET_ECFP的BA值    ：-10.136642069802798
RF_AE_BET_ECFP    :RMSD: 0.947039, P: 0.839580, R^2: 0.638100
fold= 9
>>>>>>>>>>>>>training.............
###############################################RF#####################################################
RF_BET的BA值：-9.458236993281751
RF_BET:RMSD: 0.847508, P: 0.705531, R^2: 0.492651
RF_AE的BA值 ：-9.262123991367792
RF_AE :RMSD: 0.853003, P: 0.704010, R^2: 0.486052
RF_ECFP的BA值 ：-9.357757531254084
RF_ECFP :RMSD: 0.730509, P: 0.789699, R^2: 0.623062
RF_AE_BET的BA值    ：-9.360180492324773
RF_AE_BET    :RMSD: 0.837909, P: 0.716176, R^2: 0.504079
RF_AE_ECFP的BA值    ：-9.206714088517192
RF_AE_ECFP    :RMSD: 0.727892, P: 0.806376, R^2: 0.625758
RF_BET_ECFP的BA值    ：-9.30477058947417
RF_BET_ECFP    :RMSD: 0.749431, P: 0.781975, R^2: 0.603282
RF_AE_BET_ECFP的BA值    ：-9.290555056772044
RF_AE_BET_ECFP    :RMSD: 0.759732, P: 0.780627, R^2: 0.592301
fold= 10
>>>>>>>>>>>>>training.............
###############################################RF#####################################################
RF_BET的BA值：-8.93350070322792
RF_BET:RMSD: 0.899461, P: 0.729037, R^2: 0.497303
RF_AE的BA值 ：-9.371754278131307
RF_AE :RMSD: 0.922502, P: 0.694865, R^2: 0.471219
RF_ECFP的BA值 ：-9.355044011291266
RF_ECFP :RMSD: 0.771193, P: 0.800245, R^2: 0.630454
RF_AE_BET的BA值    ：-9.144469403495112
RF_AE_BET    :RMSD: 0.897782, P: 0.723985, R^2: 0.499178
RF_AE_ECFP的BA值    ：-9.179434225336262
RF_AE_ECFP    :RMSD: 0.813359, P: 0.781227, R^2: 0.588939
RF_BET_ECFP的BA值    ：-8.972185260385839
RF_BET_ECFP    :RMSD: 0.816445, P: 0.784630, R^2: 0.585814
RF_AE_BET_ECFP的BA值    ：-9.06514907514717
RF_AE_BET_ECFP    :RMSD: 0.835452, P: 0.771814, R^2: 0.566305
@@@@@@@@@@@@@@@@@@@@@@@@@@@@@@@@@@@@@@@@@@@最终结果@@@@@@@@@@@@@@@@@@@@@@@@@@@@@@@@@@@@@@@@@@@@@@@@@@
@@@@@@@@@@@@@@@@@@@@@@@@@@@@@@@@@@@@@@@@@@@最终结果@@@@@@@@@@@@@@@@@@@@@@@@@@@@@@@@@@@@@@@@@@@@@@@@@@
%%%%%%%%%%%%%%%%%%%%%%%%%%%%%%%%%%%%%%%%%%%RF%%%%%%%%%%%%%%%%%%%%%%%%%%%%%%%%%%%%%%%%%%%%%%%%%%%%%%
RF_BET:0-th Final RMSD: 0.936237, Final P: 0.745955, Final R^2: 0.540802
RF_AE :0-th Final RMSD: 0.952777, Final P: 0.733186, Final R^2: 0.524434
RF_ECFP :0-th Final RMSD: 0.821023, Final P: 0.805358, Final R^2: 0.646867
RF_AE_BET    :0-th Final RMSD: 0.928369, Final P: 0.754789, Final R^2: 0.548488
RF_AE_ECFP    :0-th Final RMSD: 0.842741, Final P: 0.804196, Final R^2: 0.627937
RF_BET_ECFP    :0-th Final RMSD: 0.844643, Final P: 0.801735, Final R^2: 0.626255
RF_AE_BET_ECFP    :0-th Final RMSD: 0.861756, Final P: 0.796518, Final R^2: 0.610958
0-th RF_AE的BA值 ：-10.200546
0-th RF_BET的BA值：-9.999268
0-th RF_ECFP的BA值 ：-11.107082
0-th RF_AE_BET的BA值：-9.984819
0-th RF_AE_ECFP的BA值    ：-10.299341
0-th RF_BET_ECFP的BA值    ：-10.553175
0-th RF_AE_BET_ECFP的BA值    ：-10.136642
total time: 1.8191199936469395 h
