size of data: (25,)
size of train size: 20
RF parameter
Namespace(n_estimators=10000, dataset='CHEMBL5398', max_depth=7, min_samples_split=3, min_samples_leaf=1, criterion='mse', random_seed=0)
fold= 1
>>>>>>>>>>>>>training.............
###############################################RF#####################################################
RF_BET的BA值：-8.761023165179061
RF_BET:RMSD: 1.239248, P: -0.921188, R^2: -0.631071
RF_AE的BA值 ：-8.709043134688336
RF_AE :RMSD: 0.921795, P: 0.608474, R^2: 0.097547
RF_ECFP的BA值 ：-9.143975863597163
RF_ECFP :RMSD: 0.927240, P: 0.773093, R^2: 0.086853
RF_AE_BET的BA值    ：-8.728354393019032
RF_AE_BET    :RMSD: 1.079777, P: -0.566257, R^2: -0.238296
RF_AE_ECFP的BA值    ：-8.875230342397543
RF_AE_ECFP    :RMSD: 0.904637, P: 0.987995, R^2: 0.130829
RF_BET_ECFP的BA值    ：-8.734185059332553
RF_BET_ECFP    :RMSD: 1.058721, P: -0.572324, R^2: -0.190472
RF_AE_BET_ECFP的BA值    ：-8.666942337014149
RF_AE_BET_ECFP    :RMSD: 1.009703, P: 0.643564, R^2: -0.082787
fold= 2
>>>>>>>>>>>>>training.............
###############################################RF#####################################################
RF_BET的BA值：-8.551392363404798
RF_BET:RMSD: 0.807442, P: -0.917530, R^2: -0.076489
RF_AE的BA值 ：-8.669895825199724
RF_AE :RMSD: 0.725415, P: 0.492294, R^2: 0.131119
RF_ECFP的BA值 ：-8.827484153515478
RF_ECFP :RMSD: 0.744389, P: 0.567089, R^2: 0.085070
RF_AE_BET的BA值    ：-8.585712384751186
RF_AE_BET    :RMSD: 0.763082, P: 0.378606, R^2: 0.038543
RF_AE_ECFP的BA值    ：-8.748689989357601
RF_AE_ECFP    :RMSD: 0.731958, P: 0.531456, R^2: 0.115373
RF_BET_ECFP的BA值    ：-8.664506548909063
RF_BET_ECFP    :RMSD: 0.768422, P: 0.466260, R^2: 0.025039
RF_AE_BET_ECFP的BA值    ：-8.666302974339283
RF_AE_BET_ECFP    :RMSD: 0.752907, P: 0.478999, R^2: 0.064013
fold= 3
>>>>>>>>>>>>>training.............
###############################################RF#####################################################
RF_BET的BA值：-8.728430640561278
RF_BET:RMSD: 0.214765, P: 0.801904, R^2: 0.528154
RF_AE的BA值 ：-8.950726293381873
RF_AE :RMSD: 0.156761, P: 0.912225, R^2: 0.748608
RF_ECFP的BA值 ：-9.281446486180025
RF_ECFP :RMSD: 0.352438, P: 0.933347, R^2: -0.270686
RF_AE_BET的BA值    ：-8.839578466971576
RF_AE_BET    :RMSD: 0.159008, P: 0.880354, R^2: 0.741351
RF_AE_ECFP的BA值    ：-9.11608638978095
RF_AE_ECFP    :RMSD: 0.204130, P: 0.922972, R^2: 0.573726
RF_BET_ECFP的BA值    ：-9.00493856337065
RF_BET_ECFP    :RMSD: 0.185806, P: 0.896418, R^2: 0.646824
RF_AE_BET_ECFP的BA值    ：-8.986867806707725
RF_AE_BET_ECFP    :RMSD: 0.153114, P: 0.903014, R^2: 0.760170
fold= 4
>>>>>>>>>>>>>training.............
###############################################RF#####################################################
RF_BET的BA值：-8.564810053411327
RF_BET:RMSD: 0.463791, P: -0.978991, R^2: -0.253683
RF_AE的BA值 ：-8.951523312827907
RF_AE :RMSD: 0.261371, P: 0.794423, R^2: 0.601839
RF_ECFP的BA值 ：-8.811225864993112
RF_ECFP :RMSD: 0.406444, P: 0.591571, R^2: 0.037178
RF_AE_BET的BA值    ：-8.741022404369936
RF_AE_BET    :RMSD: 0.311191, P: 0.729346, R^2: 0.435585
RF_AE_ECFP的BA值    ：-8.88137458891051
RF_AE_ECFP    :RMSD: 0.300792, P: 0.766581, R^2: 0.472678
RF_BET_ECFP的BA值    ：-8.670873680452537
RF_BET_ECFP    :RMSD: 0.419691, P: -0.054527, R^2: -0.026606
RF_AE_BET_ECFP的BA值    ：-8.764423557910995
RF_AE_BET_ECFP    :RMSD: 0.334201, P: 0.707843, R^2: 0.349033
fold= 5
>>>>>>>>>>>>>training.............
###############################################RF#####################################################
RF_BET的BA值：-8.681422281150162
RF_BET:RMSD: 0.553326, P: -0.844189, R^2: -32.135950
RF_AE的BA值 ：-8.54770825591489
RF_AE :RMSD: 0.561058, P: -0.846488, R^2: -33.068499
RF_ECFP的BA值 ：-8.92119085633871
RF_ECFP :RMSD: 0.409578, P: -0.718389, R^2: -17.155603
RF_AE_BET的BA值    ：-8.614565268532527
RF_AE_BET    :RMSD: 0.549804, P: -0.964156, R^2: -31.715480
RF_AE_ECFP的BA值    ：-8.7344495561268
RF_AE_ECFP    :RMSD: 0.451838, P: -0.874272, R^2: -21.095463
RF_BET_ECFP的BA值    ：-8.801306568744437
RF_BET_ECFP    :RMSD: 0.470373, P: -0.776070, R^2: -22.945456
RF_AE_BET_ECFP的BA值    ：-8.716773797801254
RF_AE_BET_ECFP    :RMSD: 0.485577, P: -0.862529, R^2: -24.518394
fold= 6
>>>>>>>>>>>>>training.............
###############################################RF#####################################################
RF_BET的BA值：-8.602270965064298
RF_BET:RMSD: 0.805865, P: -1.000000, R^2: -0.472694
RF_AE的BA值 ：-8.523962887457742
RF_AE :RMSD: 0.707172, P: -1.000000, R^2: -0.134063
RF_ECFP的BA值 ：-8.818604333854788
RF_ECFP :RMSD: 0.814132, P: -1.000000, R^2: -0.503064
RF_AE_BET的BA值    ：-8.56311692626102
RF_AE_BET    :RMSD: 0.756274, P: -1.000000, R^2: -0.297018
RF_AE_ECFP的BA值    ：-8.671283610656264
RF_AE_ECFP    :RMSD: 0.749470, P: -1.000000, R^2: -0.273784
RF_BET_ECFP的BA值    ：-8.710437649459543
RF_BET_ECFP    :RMSD: 0.794239, P: -1.000000, R^2: -0.430506
RF_AE_BET_ECFP的BA值    ：-8.648279395458943
RF_AE_BET_ECFP    :RMSD: 0.763440, P: -1.000000, R^2: -0.321712
fold= 7
>>>>>>>>>>>>>training.............
###############################################RF#####################################################
RF_BET的BA值：-8.478937113190293
RF_BET:RMSD: 0.606039, P: -1.000000, R^2: -0.895624
RF_AE的BA值 ：-8.698618926166667
RF_AE :RMSD: 0.408313, P: 1.000000, R^2: 0.139526
RF_ECFP的BA值 ：-8.80087965465822
RF_ECFP :RMSD: 0.460071, P: -1.000000, R^2: -0.092451
RF_AE_BET的BA值    ：-8.550944227905923
RF_AE_BET    :RMSD: 0.497368, P: 1.000000, R^2: -0.276753
RF_AE_ECFP的BA值    ：-8.730937177078228
RF_AE_ECFP    :RMSD: 0.381747, P: 1.000000, R^2: 0.247853
RF_BET_ECFP的BA值    ：-8.639908383924256
RF_BET_ECFP    :RMSD: 0.510215, P: -1.000000, R^2: -0.343564
RF_AE_BET_ECFP的BA值    ：-8.621714627933878
RF_AE_BET_ECFP    :RMSD: 0.455587, P: 1.000000, R^2: -0.071256
fold= 8
>>>>>>>>>>>>>training.............
###############################################RF#####################################################
RF_BET的BA值：-8.709488366934346
RF_BET:RMSD: 0.822674, P: 1.000000, R^2: -2.170690
RF_AE的BA值 ：-8.75814325961568
RF_AE :RMSD: 1.056419, P: -1.000000, R^2: -4.228432
RF_ECFP的BA值 ：-9.022776793708633
RF_ECFP :RMSD: 1.199413, P: 1.000000, R^2: -5.739630
RF_AE_BET的BA值    ：-8.549848287650027
RF_AE_BET    :RMSD: 0.927321, P: 1.000000, R^2: -3.028645
RF_AE_ECFP的BA值    ：-8.758937576939244
RF_AE_ECFP    :RMSD: 1.107830, P: -1.000000, R^2: -4.749702
RF_BET_ECFP的BA值    ：-8.86613258032149
RF_BET_ECFP    :RMSD: 1.010697, P: 1.000000, R^2: -3.785652
RF_AE_BET_ECFP的BA值    ：-8.707491123002896
RF_AE_BET_ECFP    :RMSD: 1.011241, P: 1.000000, R^2: -3.790805
fold= 9
>>>>>>>>>>>>>training.............
###############################################RF#####################################################
RF_BET的BA值：-8.577256816509534
RF_BET:RMSD: 0.929290, P: 1.000000, R^2: -243.705331
RF_AE的BA值 ：-8.619337427386169
RF_AE :RMSD: 0.887792, P: 1.000000, R^2: -222.338371
RF_ECFP的BA值 ：-8.802739326589064
RF_ECFP :RMSD: 0.568940, P: -1.000000, R^2: -90.722067
RF_AE_BET的BA值    ：-8.598297121947851
RF_AE_BET    :RMSD: 0.908536, P: 1.000000, R^2: -232.897128
RF_AE_ECFP的BA值    ：-8.656828666012828
RF_AE_ECFP    :RMSD: 0.717770, P: 1.000000, R^2: -144.986190
RF_BET_ECFP的BA值    ：-8.63578836057451
RF_BET_ECFP    :RMSD: 0.738748, P: 1.000000, R^2: -153.644030
RF_AE_BET_ECFP的BA值    ：-8.630304716178395
RF_AE_BET_ECFP    :RMSD: 0.786700, P: 1.000000, R^2: -174.371513
fold= 10
>>>>>>>>>>>>>training.............
###############################################RF#####################################################
RF_BET的BA值：-8.63054882433303
RF_BET:RMSD: 0.232141, P: -1.000000, R^2: -14.034574
RF_AE的BA值 ：-8.831425794577003
RF_AE :RMSD: 0.411553, P: -1.000000, R^2: -46.254005
RF_ECFP的BA值 ：-8.853319257839601
RF_ECFP :RMSD: 0.400775, P: -1.000000, R^2: -43.811482
RF_AE_BET的BA值    ：-8.730987309455017
RF_AE_BET    :RMSD: 0.321824, P: -1.000000, R^2: -27.895204
RF_AE_ECFP的BA值    ：-8.842372526208301
RF_AE_ECFP    :RMSD: 0.325701, P: -1.000000, R^2: -28.595480
RF_BET_ECFP的BA值    ：-8.741934041086315
RF_BET_ECFP    :RMSD: 0.256575, P: -1.000000, R^2: -17.366092
RF_AE_BET_ECFP的BA值    ：-8.771764625583211
RF_AE_BET_ECFP    :RMSD: 0.282458, P: -1.000000, R^2: -21.258560
@@@@@@@@@@@@@@@@@@@@@@@@@@@@@@@@@@@@@@@@@@@最终结果@@@@@@@@@@@@@@@@@@@@@@@@@@@@@@@@@@@@@@@@@@@@@@@@@@
@@@@@@@@@@@@@@@@@@@@@@@@@@@@@@@@@@@@@@@@@@@最终结果@@@@@@@@@@@@@@@@@@@@@@@@@@@@@@@@@@@@@@@@@@@@@@@@@@
%%%%%%%%%%%%%%%%%%%%%%%%%%%%%%%%%%%%%%%%%%%RF%%%%%%%%%%%%%%%%%%%%%%%%%%%%%%%%%%%%%%%%%%%%%%%%%%%%%%
RF_BET:0-th Final RMSD: 0.734499, Final P: -0.361124, Final R^2: -0.263867
RF_AE :0-th Final RMSD: 0.658228, Final P: 0.177764, Final R^2: -0.015012
RF_ECFP :0-th Final RMSD: 0.669565, Final P: 0.268895, Final R^2: -0.050278
RF_AE_BET    :0-th Final RMSD: 0.685110, Final P: -0.047822, Final R^2: -0.099612
RF_AE_ECFP    :0-th Final RMSD: 0.638226, Final P: 0.260963, Final R^2: 0.045738
RF_BET_ECFP    :0-th Final RMSD: 0.677592, Final P: -0.020506, Final R^2: -0.075613
RF_AE_BET_ECFP    :0-th Final RMSD: 0.660159, Final P: 0.083604, Final R^2: -0.020977
0-th RF_AE的BA值 ：-8.951523
0-th RF_BET的BA值：-8.761023
0-th RF_ECFP的BA值 ：-9.281446
0-th RF_AE_BET的BA值：-8.839578
0-th RF_AE_ECFP的BA值    ：-9.116086
0-th RF_BET_ECFP的BA值    ：-9.004939
0-th RF_AE_BET_ECFP的BA值    ：-8.986868
total time: 0.15026784777641297 h
