size of data: (187,)
size of train size: 149
RF parameter
Namespace(n_estimators=10000, dataset='CHEMBL3194', max_depth=7, min_samples_split=3, min_samples_leaf=1, criterion='mse', random_seed=0)
fold= 1
>>>>>>>>>>>>>training.............
###############################################RF#####################################################
RF_BET的BA值：-8.419340456683305
RF_BET:RMSD: 0.526564, P: 0.739487, R^2: 0.463644
RF_AE的BA值 ：-8.887480168525718
RF_AE :RMSD: 0.560859, P: 0.628088, R^2: 0.391503
RF_ECFP的BA值 ：-8.88881243386681
RF_ECFP :RMSD: 0.534373, P: 0.716563, R^2: 0.447616
RF_AE_BET的BA值    ：-8.65341031260451
RF_AE_BET    :RMSD: 0.536540, P: 0.689891, R^2: 0.443127
RF_AE_ECFP的BA值    ：-8.888146301196265
RF_AE_ECFP    :RMSD: 0.536421, P: 0.692984, R^2: 0.443375
RF_BET_ECFP的BA值    ：-8.654076445275058
RF_BET_ECFP    :RMSD: 0.521237, P: 0.761809, R^2: 0.474441
RF_AE_BET_ECFP的BA值    ：-8.73187768635861
RF_AE_BET_ECFP    :RMSD: 0.528294, P: 0.720711, R^2: 0.460112
fold= 2
>>>>>>>>>>>>>training.............
###############################################RF#####################################################
RF_BET的BA值：-9.090478356855916
RF_BET:RMSD: 0.926796, P: 0.604759, R^2: 0.332183
RF_AE的BA值 ：-8.433147813446823
RF_AE :RMSD: 1.019826, P: 0.476137, R^2: 0.191385
RF_ECFP的BA值 ：-9.431067677234827
RF_ECFP :RMSD: 0.955685, P: 0.563997, R^2: 0.289902
RF_AE_BET的BA值    ：-8.76181308515137
RF_AE_BET    :RMSD: 0.965312, P: 0.572235, R^2: 0.275522
RF_AE_ECFP的BA值    ：-8.932107745340826
RF_AE_ECFP    :RMSD: 0.959329, P: 0.558666, R^2: 0.284476
RF_BET_ECFP的BA值    ：-9.260773017045372
RF_BET_ECFP    :RMSD: 0.921027, P: 0.606056, R^2: 0.340471
RF_AE_BET_ECFP的BA值    ：-8.984897949179189
RF_AE_BET_ECFP    :RMSD: 0.942184, P: 0.589933, R^2: 0.309823
fold= 3
>>>>>>>>>>>>>training.............
###############################################RF#####################################################
RF_BET的BA值：-8.719249695132053
RF_BET:RMSD: 0.693953, P: 0.753554, R^2: 0.456025
RF_AE的BA值 ：-8.539743062155937
RF_AE :RMSD: 0.773981, P: 0.679444, R^2: 0.323326
RF_ECFP的BA值 ：-9.247368582150303
RF_ECFP :RMSD: 0.681328, P: 0.697423, R^2: 0.475637
RF_AE_BET的BA值    ：-8.629496378643996
RF_AE_BET    :RMSD: 0.730163, P: 0.730376, R^2: 0.397774
RF_AE_ECFP的BA值    ：-8.89355582215312
RF_AE_ECFP    :RMSD: 0.710582, P: 0.702716, R^2: 0.429642
RF_BET_ECFP的BA值    ：-8.983309138641179
RF_BET_ECFP    :RMSD: 0.674323, P: 0.734808, R^2: 0.486363
RF_AE_BET_ECFP的BA值    ：-8.835453779812765
RF_AE_BET_ECFP    :RMSD: 0.701291, P: 0.727019, R^2: 0.444459
fold= 4
>>>>>>>>>>>>>training.............
###############################################RF#####################################################
RF_BET的BA值：-9.09374478294728
RF_BET:RMSD: 0.813334, P: 0.586349, R^2: 0.333918
RF_AE的BA值 ：-8.942639567980374
RF_AE :RMSD: 0.867594, P: 0.503795, R^2: 0.242081
RF_ECFP的BA值 ：-9.356474633828052
RF_ECFP :RMSD: 0.759465, P: 0.652841, R^2: 0.419228
RF_AE_BET的BA值    ：-9.018192175463827
RF_AE_BET    :RMSD: 0.831139, P: 0.568895, R^2: 0.304435
RF_AE_ECFP的BA值    ：-9.147082954136074
RF_AE_ECFP    :RMSD: 0.772636, P: 0.640274, R^2: 0.398909
RF_BET_ECFP的BA值    ：-9.222635561619526
RF_BET_ECFP    :RMSD: 0.766534, P: 0.640652, R^2: 0.408367
RF_AE_BET_ECFP的BA值    ：-9.129303563739809
RF_AE_BET_ECFP    :RMSD: 0.782469, P: 0.630129, R^2: 0.383513
fold= 5
>>>>>>>>>>>>>training.............
###############################################RF#####################################################
RF_BET的BA值：-8.955818368054922
RF_BET:RMSD: 0.733402, P: 0.602862, R^2: 0.238327
RF_AE的BA值 ：-8.825231939132081
RF_AE :RMSD: 0.733930, P: 0.613795, R^2: 0.237231
RF_ECFP的BA值 ：-9.479525730888604
RF_ECFP :RMSD: 0.820224, P: 0.568043, R^2: 0.047315
RF_AE_BET的BA值    ：-8.8905251535935
RF_AE_BET    :RMSD: 0.727019, P: 0.621439, R^2: 0.251527
RF_AE_ECFP的BA值    ：-9.152378835010342
RF_AE_ECFP    :RMSD: 0.759109, P: 0.612097, R^2: 0.183995
RF_BET_ECFP的BA值    ：-9.217672049471762
RF_BET_ECFP    :RMSD: 0.754675, P: 0.611326, R^2: 0.193501
RF_AE_BET_ECFP的BA值    ：-9.086858679358535
RF_AE_BET_ECFP    :RMSD: 0.741474, P: 0.623201, R^2: 0.221469
fold= 6
>>>>>>>>>>>>>training.............
###############################################RF#####################################################
RF_BET的BA值：-8.70068818699673
RF_BET:RMSD: 0.643500, P: 0.704607, R^2: 0.410681
RF_AE的BA值 ：-8.235846711305436
RF_AE :RMSD: 0.742588, P: 0.581516, R^2: 0.215219
RF_ECFP的BA值 ：-8.952339001631469
RF_ECFP :RMSD: 0.681040, P: 0.638556, R^2: 0.339917
RF_AE_BET的BA值    ：-8.468267449151083
RF_AE_BET    :RMSD: 0.685371, P: 0.691728, R^2: 0.331495
RF_AE_ECFP的BA值    ：-8.594092856468453
RF_AE_ECFP    :RMSD: 0.702472, P: 0.647926, R^2: 0.297720
RF_BET_ECFP的BA值    ：-8.8265135943141
RF_BET_ECFP    :RMSD: 0.650166, P: 0.712153, R^2: 0.398409
RF_AE_BET_ECFP的BA值    ：-8.629624633311211
RF_AE_BET_ECFP    :RMSD: 0.676126, P: 0.700242, R^2: 0.349409
fold= 7
>>>>>>>>>>>>>training.............
###############################################RF#####################################################
RF_BET的BA值：-8.874866142853394
RF_BET:RMSD: 0.502261, P: 0.846246, R^2: 0.548871
RF_AE的BA值 ：-8.87513268609804
RF_AE :RMSD: 0.503479, P: 0.810679, R^2: 0.546681
RF_ECFP的BA值 ：-9.443258181012352
RF_ECFP :RMSD: 0.541490, P: 0.743283, R^2: 0.475650
RF_AE_BET的BA值    ：-8.874999414475717
RF_AE_BET    :RMSD: 0.491918, P: 0.845965, R^2: 0.567260
RF_AE_ECFP的BA值    ：-9.06613031217686
RF_AE_ECFP    :RMSD: 0.493306, P: 0.782945, R^2: 0.564815
RF_BET_ECFP的BA值    ：-9.065997040554535
RF_BET_ECFP    :RMSD: 0.475444, P: 0.810314, R^2: 0.595760
RF_AE_BET_ECFP的BA值    ：-9.002375589069038
RF_AE_BET_ECFP    :RMSD: 0.476860, P: 0.817521, R^2: 0.593349
fold= 8
>>>>>>>>>>>>>training.............
###############################################RF#####################################################
RF_BET的BA值：-8.424467210264096
RF_BET:RMSD: 0.719301, P: 0.430680, R^2: 0.151556
RF_AE的BA值 ：-8.705577246692817
RF_AE :RMSD: 0.694020, P: 0.465933, R^2: 0.210148
RF_ECFP的BA值 ：-9.26299513730372
RF_ECFP :RMSD: 0.777730, P: 0.365509, R^2: 0.008119
RF_AE_BET的BA值    ：-8.565022228478457
RF_AE_BET    :RMSD: 0.694892, P: 0.477978, R^2: 0.208162
RF_AE_ECFP的BA值    ：-8.830345183865214
RF_AE_ECFP    :RMSD: 0.715249, P: 0.428665, R^2: 0.161089
RF_BET_ECFP的BA值    ：-8.77928524658008
RF_BET_ECFP    :RMSD: 0.721443, P: 0.432771, R^2: 0.146496
RF_AE_BET_ECFP的BA值    ：-8.695052525998173
RF_AE_BET_ECFP    :RMSD: 0.703627, P: 0.457884, R^2: 0.188130
fold= 9
>>>>>>>>>>>>>training.............
###############################################RF#####################################################
RF_BET的BA值：-8.900500808621336
RF_BET:RMSD: 0.924149, P: 0.340685, R^2: -0.058083
RF_AE的BA值 ：-8.735470933910237
RF_AE :RMSD: 0.803836, P: 0.534424, R^2: 0.199483
RF_ECFP的BA值 ：-8.95810066977216
RF_ECFP :RMSD: 0.758017, P: 0.604406, R^2: 0.288141
RF_AE_BET的BA值    ：-8.817985871265787
RF_AE_BET    :RMSD: 0.852959, P: 0.458819, R^2: 0.098652
RF_AE_ECFP的BA值    ：-8.846785801841198
RF_AE_ECFP    :RMSD: 0.776069, P: 0.585987, R^2: 0.253833
RF_BET_ECFP的BA值    ：-8.929300739196748
RF_BET_ECFP    :RMSD: 0.831278, P: 0.494376, R^2: 0.143892
RF_AE_BET_ECFP的BA值    ：-8.864690804101244
RF_AE_BET_ECFP    :RMSD: 0.817081, P: 0.521830, R^2: 0.172885
fold= 10
>>>>>>>>>>>>>training.............
###############################################RF#####################################################
RF_BET的BA值：-8.612071625768024
RF_BET:RMSD: 0.511211, P: 0.715693, R^2: 0.460798
RF_AE的BA值 ：-8.951913373881393
RF_AE :RMSD: 0.528664, P: 0.672185, R^2: 0.423353
RF_ECFP的BA值 ：-8.975663737030933
RF_ECFP :RMSD: 0.551361, P: 0.655335, R^2: 0.372775
RF_AE_BET的BA值    ：-8.781992499824709
RF_AE_BET    :RMSD: 0.504364, P: 0.724643, R^2: 0.475145
RF_AE_ECFP的BA值    ：-8.963788555456162
RF_AE_ECFP    :RMSD: 0.521856, P: 0.702063, R^2: 0.438109
RF_BET_ECFP的BA值    ：-8.79386768139948
RF_BET_ECFP    :RMSD: 0.508875, P: 0.743011, R^2: 0.465715
RF_AE_BET_ECFP的BA值    ：-8.84654957889345
RF_AE_BET_ECFP    :RMSD: 0.505290, P: 0.738002, R^2: 0.473217
@@@@@@@@@@@@@@@@@@@@@@@@@@@@@@@@@@@@@@@@@@@最终结果@@@@@@@@@@@@@@@@@@@@@@@@@@@@@@@@@@@@@@@@@@@@@@@@@@
@@@@@@@@@@@@@@@@@@@@@@@@@@@@@@@@@@@@@@@@@@@最终结果@@@@@@@@@@@@@@@@@@@@@@@@@@@@@@@@@@@@@@@@@@@@@@@@@@
%%%%%%%%%%%%%%%%%%%%%%%%%%%%%%%%%%%%%%%%%%%RF%%%%%%%%%%%%%%%%%%%%%%%%%%%%%%%%%%%%%%%%%%%%%%%%%%%%%%
RF_BET:0-th Final RMSD: 0.714919, Final P: 0.599965, Final R^2: 0.347716
RF_AE :0-th Final RMSD: 0.739564, Final P: 0.559975, Final R^2: 0.301969
RF_ECFP :0-th Final RMSD: 0.718086, Final P: 0.589507, Final R^2: 0.341924
RF_AE_BET    :0-th Final RMSD: 0.717842, Final P: 0.604265, Final R^2: 0.342370
RF_AE_ECFP    :0-th Final RMSD: 0.708198, Final P: 0.606379, Final R^2: 0.359922
RF_BET_ECFP    :0-th Final RMSD: 0.696434, Final P: 0.624272, Final R^2: 0.381010
RF_AE_BET_ECFP    :0-th Final RMSD: 0.701882, Final P: 0.622809, Final R^2: 0.371289
0-th RF_AE的BA值 ：-8.951913
0-th RF_BET的BA值：-9.093745
0-th RF_ECFP的BA值 ：-9.479526
0-th RF_AE_BET的BA值：-9.018192
0-th RF_AE_ECFP的BA值    ：-9.152379
0-th RF_BET_ECFP的BA值    ：-9.260773
0-th RF_AE_BET_ECFP的BA值    ：-9.129304
total time: 1.1247535762521956 h
