size of data: (473,)
size of train size: 378
RF parameter
Namespace(n_estimators=10000, dataset='CHEMBL3119', max_depth=7, min_samples_split=3, min_samples_leaf=1, criterion='mse', random_seed=0)
fold= 1
>>>>>>>>>>>>>training.............
###############################################RF#####################################################
RF_BET的BA值：-12.554527815705006
RF_BET:RMSD: 1.025417, P: 0.782647, R^2: 0.534913
RF_AE的BA值 ：-12.603297129637504
RF_AE :RMSD: 1.131756, P: 0.737991, R^2: 0.433449
RF_ECFP的BA值 ：-13.216771734364148
RF_ECFP :RMSD: 1.146634, P: 0.690956, R^2: 0.418455
RF_AE_BET的BA值    ：-12.578912472671256
RF_AE_BET    :RMSD: 1.059820, P: 0.769258, R^2: 0.503181
RF_AE_ECFP的BA值    ：-12.904947699725788
RF_AE_ECFP    :RMSD: 1.103228, P: 0.728754, R^2: 0.461651
RF_BET_ECFP的BA值    ：-12.634003431621393
RF_BET_ECFP    :RMSD: 1.052879, P: 0.749605, R^2: 0.509668
RF_AE_BET_ECFP的BA值    ：-12.620376842776738
RF_AE_BET_ECFP    :RMSD: 1.061886, P: 0.753519, R^2: 0.501243
fold= 2
>>>>>>>>>>>>>training.............
###############################################RF#####################################################
RF_BET的BA值：-12.04768483880331
RF_BET:RMSD: 0.923586, P: 0.878772, R^2: 0.728015
RF_AE的BA值 ：-12.320497419312215
RF_AE :RMSD: 0.920142, P: 0.869358, R^2: 0.730039
RF_ECFP的BA值 ：-12.97993521194739
RF_ECFP :RMSD: 0.918579, P: 0.855414, R^2: 0.730956
RF_AE_BET的BA值    ：-12.025982711866895
RF_AE_BET    :RMSD: 0.900375, P: 0.884530, R^2: 0.741513
RF_AE_ECFP的BA值    ：-12.47525063508483
RF_AE_ECFP    :RMSD: 0.869620, P: 0.876708, R^2: 0.758871
RF_BET_ECFP的BA值    ：-12.51381002537535
RF_BET_ECFP    :RMSD: 0.881897, P: 0.874315, R^2: 0.752014
RF_AE_BET_ECFP的BA值    ：-12.325432192925632
RF_AE_BET_ECFP    :RMSD: 0.871472, P: 0.882374, R^2: 0.757843
fold= 3
>>>>>>>>>>>>>training.............
###############################################RF#####################################################
RF_BET的BA值：-12.626778723200122
RF_BET:RMSD: 1.017647, P: 0.779898, R^2: 0.607410
RF_AE的BA值 ：-12.77152321071925
RF_AE :RMSD: 1.070981, P: 0.753904, R^2: 0.565181
RF_ECFP的BA值 ：-12.937547801445087
RF_ECFP :RMSD: 0.973329, P: 0.800807, R^2: 0.640860
RF_AE_BET的BA值    ：-12.699150966959685
RF_AE_BET    :RMSD: 1.011506, P: 0.784515, R^2: 0.612134
RF_AE_ECFP的BA值    ：-12.854535506082168
RF_AE_ECFP    :RMSD: 0.982683, P: 0.798638, R^2: 0.633924
RF_BET_ECFP的BA值    ：-12.782163262322605
RF_BET_ECFP    :RMSD: 0.972366, P: 0.801548, R^2: 0.641570
RF_AE_BET_ECFP的BA值    ：-12.778616578454821
RF_AE_BET_ECFP    :RMSD: 0.977937, P: 0.800443, R^2: 0.637451
fold= 4
>>>>>>>>>>>>>training.............
###############################################RF#####################################################
RF_BET的BA值：-12.56569328677041
RF_BET:RMSD: 1.028541, P: 0.722054, R^2: 0.490744
RF_AE的BA值 ：-12.430055359485117
RF_AE :RMSD: 1.118208, P: 0.638007, R^2: 0.398081
RF_ECFP的BA值 ：-12.626642262020754
RF_ECFP :RMSD: 1.081346, P: 0.686855, R^2: 0.437111
RF_AE_BET的BA值    ：-12.497874323127764
RF_AE_BET    :RMSD: 1.028231, P: 0.711484, R^2: 0.491051
RF_AE_ECFP的BA值    ：-12.528348810752934
RF_AE_ECFP    :RMSD: 1.051685, P: 0.692562, R^2: 0.467568
RF_BET_ECFP的BA值    ：-12.596167774395582
RF_BET_ECFP    :RMSD: 1.031600, P: 0.717177, R^2: 0.487710
RF_AE_BET_ECFP的BA值    ：-12.540796969425427
RF_AE_BET_ECFP    :RMSD: 1.023741, P: 0.715660, R^2: 0.495486
fold= 5
>>>>>>>>>>>>>training.............
###############################################RF#####################################################
RF_BET的BA值：-12.455674988987697
RF_BET:RMSD: 1.210852, P: 0.670111, R^2: 0.426400
RF_AE的BA值 ：-12.297542577674163
RF_AE :RMSD: 1.195407, P: 0.704945, R^2: 0.440940
RF_ECFP的BA值 ：-12.305881820823721
RF_ECFP :RMSD: 1.202441, P: 0.688295, R^2: 0.434341
RF_AE_BET的BA值    ：-12.37660878333093
RF_AE_BET    :RMSD: 1.182347, P: 0.700419, R^2: 0.453089
RF_AE_ECFP的BA值    ：-12.301712199248943
RF_AE_ECFP    :RMSD: 1.180553, P: 0.706256, R^2: 0.454747
RF_BET_ECFP的BA值    ：-12.380778404905708
RF_BET_ECFP    :RMSD: 1.185999, P: 0.690574, R^2: 0.449705
RF_AE_BET_ECFP的BA值    ：-12.35303312916186
RF_AE_BET_ECFP    :RMSD: 1.176244, P: 0.702884, R^2: 0.458721
fold= 6
>>>>>>>>>>>>>training.............
###############################################RF#####################################################
RF_BET的BA值：-12.527159040610155
RF_BET:RMSD: 1.129084, P: 0.821845, R^2: 0.618074
RF_AE的BA值 ：-12.370925759609218
RF_AE :RMSD: 1.142411, P: 0.844182, R^2: 0.609004
RF_ECFP的BA值 ：-12.91518250737269
RF_ECFP :RMSD: 1.009958, P: 0.839287, R^2: 0.694414
RF_AE_BET的BA值    ：-12.449042400109686
RF_AE_BET    :RMSD: 1.117997, P: 0.841618, R^2: 0.625537
RF_AE_ECFP的BA值    ：-12.604426779006541
RF_AE_ECFP    :RMSD: 1.033323, P: 0.852268, R^2: 0.680111
RF_BET_ECFP的BA值    ：-12.642009434673984
RF_BET_ECFP    :RMSD: 1.041077, P: 0.839716, R^2: 0.675292
RF_AE_BET_ECFP的BA值    ：-12.551648209652393
RF_AE_BET_ECFP    :RMSD: 1.054415, P: 0.847793, R^2: 0.666919
fold= 7
>>>>>>>>>>>>>training.............
###############################################RF#####################################################
RF_BET的BA值：-12.673329271847045
RF_BET:RMSD: 1.036228, P: 0.817283, R^2: 0.644370
RF_AE的BA值 ：-12.797164580018228
RF_AE :RMSD: 1.055343, P: 0.803881, R^2: 0.631128
RF_ECFP的BA值 ：-13.133319848714383
RF_ECFP :RMSD: 0.914666, P: 0.854394, R^2: 0.722915
RF_AE_BET的BA值    ：-12.735246925932636
RF_AE_BET    :RMSD: 1.037366, P: 0.815451, R^2: 0.643588
RF_AE_ECFP的BA值    ：-12.955275156592048
RF_AE_ECFP    :RMSD: 0.958585, P: 0.843786, R^2: 0.695667
RF_BET_ECFP的BA值    ：-12.893357502506458
RF_BET_ECFP    :RMSD: 0.944560, P: 0.851561, R^2: 0.704507
RF_AE_BET_ECFP的BA值    ：-12.861293195010381
RF_AE_BET_ECFP    :RMSD: 0.973236, P: 0.841171, R^2: 0.686293
fold= 8
>>>>>>>>>>>>>training.............
###############################################RF#####################################################
RF_BET的BA值：-12.577302800478385
RF_BET:RMSD: 1.024887, P: 0.847654, R^2: 0.657320
RF_AE的BA值 ：-12.531049086747164
RF_AE :RMSD: 0.983404, P: 0.865885, R^2: 0.684499
RF_ECFP的BA值 ：-12.89143051808052
RF_ECFP :RMSD: 0.961341, P: 0.855877, R^2: 0.698497
RF_AE_BET的BA值    ：-12.554175943612774
RF_AE_BET    :RMSD: 0.977236, P: 0.873359, R^2: 0.688444
RF_AE_ECFP的BA值    ：-12.709547083010154
RF_AE_ECFP    :RMSD: 0.909452, P: 0.890727, R^2: 0.730166
RF_BET_ECFP的BA值    ：-12.732673939875763
RF_BET_ECFP    :RMSD: 0.946914, P: 0.874043, R^2: 0.707478
RF_AE_BET_ECFP的BA值    ：-12.665465655499565
RF_AE_BET_ECFP    :RMSD: 0.929355, P: 0.887812, R^2: 0.718227
fold= 9
>>>>>>>>>>>>>training.............
###############################################RF#####################################################
RF_BET的BA值：-12.314074800631701
RF_BET:RMSD: 0.877419, P: 0.866709, R^2: 0.727658
RF_AE的BA值 ：-12.177896012530498
RF_AE :RMSD: 0.994360, P: 0.809770, R^2: 0.650226
RF_ECFP的BA值 ：-12.766920750887477
RF_ECFP :RMSD: 0.886182, P: 0.854255, R^2: 0.722191
RF_AE_BET的BA值    ：-12.245985406581099
RF_AE_BET    :RMSD: 0.927979, P: 0.842784, R^2: 0.695367
RF_AE_ECFP的BA值    ：-12.472408381708988
RF_AE_ECFP    :RMSD: 0.916834, P: 0.844446, R^2: 0.702641
RF_BET_ECFP的BA值    ：-12.54049777575959
RF_BET_ECFP    :RMSD: 0.859992, P: 0.870156, R^2: 0.738369
RF_AE_BET_ECFP的BA值    ：-12.419630521349893
RF_AE_BET_ECFP    :RMSD: 0.895751, P: 0.855600, R^2: 0.716159
fold= 10
>>>>>>>>>>>>>training.............
###############################################RF#####################################################
RF_BET的BA值：-12.21517739625975
RF_BET:RMSD: 1.112793, P: 0.718442, R^2: 0.477821
RF_AE的BA值 ：-12.354094260891205
RF_AE :RMSD: 1.040971, P: 0.758262, R^2: 0.543051
RF_ECFP的BA值 ：-12.63208963565191
RF_ECFP :RMSD: 1.074623, P: 0.729090, R^2: 0.513028
RF_AE_BET的BA值    ：-12.140706902026384
RF_AE_BET    :RMSD: 1.053993, P: 0.751674, R^2: 0.531546
RF_AE_ECFP的BA值    ：-12.493091948271559
RF_AE_ECFP    :RMSD: 1.023442, P: 0.762006, R^2: 0.558310
RF_BET_ECFP的BA值    ：-12.418832098832363
RF_BET_ECFP    :RMSD: 1.073617, P: 0.734229, R^2: 0.513940
RF_AE_BET_ECFP的BA值    ：-12.304501146568228
RF_AE_BET_ECFP    :RMSD: 1.041751, P: 0.754067, R^2: 0.542365
@@@@@@@@@@@@@@@@@@@@@@@@@@@@@@@@@@@@@@@@@@@最终结果@@@@@@@@@@@@@@@@@@@@@@@@@@@@@@@@@@@@@@@@@@@@@@@@@@
@@@@@@@@@@@@@@@@@@@@@@@@@@@@@@@@@@@@@@@@@@@最终结果@@@@@@@@@@@@@@@@@@@@@@@@@@@@@@@@@@@@@@@@@@@@@@@@@@
%%%%%%%%%%%%%%%%%%%%%%%%%%%%%%%%%%%%%%%%%%%RF%%%%%%%%%%%%%%%%%%%%%%%%%%%%%%%%%%%%%%%%%%%%%%%%%%%%%%
RF_BET:0-th Final RMSD: 1.042330, Final P: 0.788992, Final R^2: 0.616267
RF_AE :0-th Final RMSD: 1.068133, Final P: 0.774778, Final R^2: 0.597033
RF_ECFP :0-th Final RMSD: 1.021836, Final P: 0.794584, Final R^2: 0.631209
RF_AE_BET    :0-th Final RMSD: 1.032482, Final P: 0.795056, Final R^2: 0.623483
RF_AE_ECFP    :0-th Final RMSD: 1.006894, Final P: 0.803363, Final R^2: 0.641915
RF_BET_ECFP    :0-th Final RMSD: 1.003171, Final P: 0.805066, Final R^2: 0.644558
RF_AE_BET_ECFP    :0-th Final RMSD: 1.004065, Final P: 0.806479, Final R^2: 0.643924
0-th RF_AE的BA值 ：-12.797165
0-th RF_BET的BA值：-12.673329
0-th RF_ECFP的BA值 ：-13.216772
0-th RF_AE_BET的BA值：-12.735247
0-th RF_AE_ECFP的BA值    ：-12.955275
0-th RF_BET_ECFP的BA值    ：-12.893358
0-th RF_AE_BET_ECFP的BA值    ：-12.861293
total time: 3.170023200909297 h
