size of data: (259,)
size of train size: 207
RF parameter
Namespace(n_estimators=10000, dataset='CHEMBL5480', max_depth=7, min_samples_split=3, min_samples_leaf=1, criterion='mse', random_seed=0)
fold= 1
>>>>>>>>>>>>>training.............
###############################################RF#####################################################
RF_BET的BA值：-8.389475722918064
RF_BET:RMSD: 0.468275, P: 0.436115, R^2: 0.173714
RF_AE的BA值 ：-8.456294664578639
RF_AE :RMSD: 0.440242, P: 0.536781, R^2: 0.269684
RF_ECFP的BA值 ：-8.612117166214
RF_ECFP :RMSD: 0.441024, P: 0.601014, R^2: 0.267087
RF_AE_BET的BA值    ：-8.422885193748352
RF_AE_BET    :RMSD: 0.451788, P: 0.497555, R^2: 0.230874
RF_AE_ECFP的BA值    ：-8.468229380693021
RF_AE_ECFP    :RMSD: 0.431384, P: 0.589564, R^2: 0.298776
RF_BET_ECFP的BA值    ：-8.416676738619895
RF_BET_ECFP    :RMSD: 0.443859, P: 0.550769, R^2: 0.257633
RF_AE_BET_ECFP的BA值    ：-8.429882713939476
RF_AE_BET_ECFP    :RMSD: 0.439857, P: 0.553955, R^2: 0.270961
fold= 2
>>>>>>>>>>>>>training.............
###############################################RF#####################################################
RF_BET的BA值：-8.408805522640572
RF_BET:RMSD: 0.491104, P: 0.474508, R^2: 0.140845
RF_AE的BA值 ：-8.370254964928488
RF_AE :RMSD: 0.504740, P: 0.404843, R^2: 0.092473
RF_ECFP的BA值 ：-8.530364765025409
RF_ECFP :RMSD: 0.449557, P: 0.536490, R^2: 0.280063
RF_AE_BET的BA值    ：-8.356123748347791
RF_AE_BET    :RMSD: 0.496048, P: 0.446254, R^2: 0.123460
RF_AE_ECFP的BA值    ：-8.397837216074183
RF_AE_ECFP    :RMSD: 0.465421, P: 0.503988, R^2: 0.228355
RF_BET_ECFP的BA值    ：-8.46958514383299
RF_BET_ECFP    :RMSD: 0.458946, P: 0.529932, R^2: 0.249678
RF_AE_BET_ECFP的BA值    ：-8.397470164309214
RF_AE_BET_ECFP    :RMSD: 0.470838, P: 0.501111, R^2: 0.210288
fold= 3
>>>>>>>>>>>>>training.............
###############################################RF#####################################################
RF_BET的BA值：-8.35564279513902
RF_BET:RMSD: 0.447710, P: 0.499985, R^2: 0.231127
RF_AE的BA值 ：-8.40396756901575
RF_AE :RMSD: 0.411586, P: 0.611667, R^2: 0.350197
RF_ECFP的BA值 ：-8.651517572116285
RF_ECFP :RMSD: 0.438269, P: 0.578956, R^2: 0.263213
RF_AE_BET的BA值    ：-8.365711971426306
RF_AE_BET    :RMSD: 0.426371, P: 0.569546, R^2: 0.302675
RF_AE_ECFP的BA值    ：-8.464965252868566
RF_AE_ECFP    :RMSD: 0.414000, P: 0.608008, R^2: 0.342554
RF_BET_ECFP的BA值    ：-8.43902149990449
RF_BET_ECFP    :RMSD: 0.424988, P: 0.574877, R^2: 0.307192
RF_AE_BET_ECFP的BA值    ：-8.422238209925494
RF_AE_BET_ECFP    :RMSD: 0.418102, P: 0.592426, R^2: 0.329460
fold= 4
>>>>>>>>>>>>>training.............
###############################################RF#####################################################
RF_BET的BA值：-8.25710528626601
RF_BET:RMSD: 0.573617, P: 0.349214, R^2: 0.102638
RF_AE的BA值 ：-8.449485394030514
RF_AE :RMSD: 0.513558, P: 0.533575, R^2: 0.280713
RF_ECFP的BA值 ：-8.489463294985383
RF_ECFP :RMSD: 0.524396, P: 0.523993, R^2: 0.250033
RF_AE_BET的BA值    ：-8.334385152928778
RF_AE_BET    :RMSD: 0.541659, P: 0.454537, R^2: 0.199843
RF_AE_ECFP的BA值    ：-8.469474344507947
RF_AE_ECFP    :RMSD: 0.514758, P: 0.535163, R^2: 0.277347
RF_BET_ECFP的BA值    ：-8.354374103406212
RF_BET_ECFP    :RMSD: 0.541853, P: 0.460810, R^2: 0.199269
RF_AE_BET_ECFP的BA值    ：-8.386077866947646
RF_AE_BET_ECFP    :RMSD: 0.531260, P: 0.488324, R^2: 0.230273
fold= 5
>>>>>>>>>>>>>training.............
###############################################RF#####################################################
RF_BET的BA值：-8.679443168436274
RF_BET:RMSD: 0.553859, P: 0.554408, R^2: 0.300918
RF_AE的BA值 ：-8.658827742023858
RF_AE :RMSD: 0.517477, P: 0.652101, R^2: 0.389744
RF_ECFP的BA值 ：-8.649787100609725
RF_ECFP :RMSD: 0.539502, P: 0.580866, R^2: 0.336691
RF_AE_BET的BA值    ：-8.585500956141596
RF_AE_BET    :RMSD: 0.533224, P: 0.611944, R^2: 0.352039
RF_AE_ECFP的BA值    ：-8.560275147714226
RF_AE_ECFP    :RMSD: 0.515800, P: 0.649807, R^2: 0.393692
RF_BET_ECFP的BA值    ：-8.482605022946672
RF_BET_ECFP    :RMSD: 0.533431, P: 0.605295, R^2: 0.351537
RF_AE_BET_ECFP的BA值    ：-8.520578897544082
RF_AE_BET_ECFP    :RMSD: 0.524309, P: 0.633260, R^2: 0.373524
fold= 6
>>>>>>>>>>>>>training.............
###############################################RF#####################################################
RF_BET的BA值：-8.742458949872157
RF_BET:RMSD: 0.387425, P: 0.658006, R^2: 0.386895
RF_AE的BA值 ：-8.607048165893017
RF_AE :RMSD: 0.380751, P: 0.659321, R^2: 0.407837
RF_ECFP的BA值 ：-8.831741806979341
RF_ECFP :RMSD: 0.412155, P: 0.639258, R^2: 0.306126
RF_AE_BET的BA值    ：-8.674753557882587
RF_AE_BET    :RMSD: 0.378815, P: 0.668399, R^2: 0.413843
RF_AE_ECFP的BA值    ：-8.627904998341911
RF_AE_ECFP    :RMSD: 0.383774, P: 0.659806, R^2: 0.398397
RF_BET_ECFP的BA值    ：-8.695610390331481
RF_BET_ECFP    :RMSD: 0.388984, P: 0.661231, R^2: 0.381950
RF_AE_BET_ECFP的BA值    ：-8.666089648851994
RF_AE_BET_ECFP    :RMSD: 0.380559, P: 0.667332, R^2: 0.408434
fold= 7
>>>>>>>>>>>>>training.............
###############################################RF#####################################################
RF_BET的BA值：-8.452929230698961
RF_BET:RMSD: 0.521564, P: 0.667578, R^2: 0.302675
RF_AE的BA值 ：-8.402763003727035
RF_AE :RMSD: 0.459850, P: 0.841827, R^2: 0.457933
RF_ECFP的BA值 ：-8.4784938750389
RF_ECFP :RMSD: 0.429627, P: 0.779125, R^2: 0.526845
RF_AE_BET的BA值    ：-8.427846117212997
RF_AE_BET    :RMSD: 0.487235, P: 0.784463, R^2: 0.391449
RF_AE_ECFP的BA值    ：-8.440628439382968
RF_AE_ECFP    :RMSD: 0.436518, P: 0.828436, R^2: 0.511546
RF_BET_ECFP的BA值    ：-8.465711552868932
RF_BET_ECFP    :RMSD: 0.465297, P: 0.772027, R^2: 0.445017
RF_AE_BET_ECFP的BA值    ：-8.444728703154967
RF_AE_BET_ECFP    :RMSD: 0.460641, P: 0.807026, R^2: 0.456066
fold= 8
>>>>>>>>>>>>>training.............
###############################################RF#####################################################
RF_BET的BA值：-8.446591614194446
RF_BET:RMSD: 0.477020, P: 0.625458, R^2: 0.386167
RF_AE的BA值 ：-8.329338547538125
RF_AE :RMSD: 0.501801, P: 0.585770, R^2: 0.320735
RF_ECFP的BA值 ：-8.566759683516567
RF_ECFP :RMSD: 0.476535, P: 0.625045, R^2: 0.387416
RF_AE_BET的BA值    ：-8.382739989258171
RF_AE_BET    :RMSD: 0.487048, P: 0.611075, R^2: 0.360087
RF_AE_ECFP的BA值    ：-8.448049115527347
RF_AE_ECFP    :RMSD: 0.483776, P: 0.615116, R^2: 0.368656
RF_BET_ECFP的BA值    ：-8.501450557247392
RF_BET_ECFP    :RMSD: 0.471248, P: 0.636077, R^2: 0.400931
RF_AE_BET_ECFP的BA值    ：-8.444079887344303
RF_AE_BET_ECFP    :RMSD: 0.479222, P: 0.624000, R^2: 0.380487
fold= 9
>>>>>>>>>>>>>training.............
###############################################RF#####################################################
RF_BET的BA值：-8.566035023108125
RF_BET:RMSD: 0.569318, P: 0.586366, R^2: 0.315773
RF_AE的BA值 ：-8.389403913981775
RF_AE :RMSD: 0.628593, P: 0.407297, R^2: 0.165880
RF_ECFP的BA值 ：-8.63025700639276
RF_ECFP :RMSD: 0.653437, P: 0.372910, R^2: 0.098642
RF_AE_BET的BA值    ：-8.47771946854495
RF_AE_BET    :RMSD: 0.597117, P: 0.508120, R^2: 0.247324
RF_AE_ECFP的BA值    ：-8.509830460187267
RF_AE_ECFP    :RMSD: 0.632916, P: 0.400059, R^2: 0.154366
RF_BET_ECFP的BA值    ：-8.598146014750442
RF_BET_ECFP    :RMSD: 0.605235, P: 0.477639, R^2: 0.226719
RF_AE_BET_ECFP的BA值    ：-8.528565314494221
RF_AE_BET_ECFP    :RMSD: 0.609875, P: 0.464550, R^2: 0.214816
fold= 10
>>>>>>>>>>>>>training.............
###############################################RF#####################################################
RF_BET的BA值：-8.428347607376374
RF_BET:RMSD: 0.459355, P: 0.622198, R^2: 0.374248
RF_AE的BA值 ：-8.28967761083277
RF_AE :RMSD: 0.474393, P: 0.616550, R^2: 0.332606
RF_ECFP的BA值 ：-8.549546666825016
RF_ECFP :RMSD: 0.470108, P: 0.613392, R^2: 0.344610
RF_AE_BET的BA值    ：-8.32168074969422
RF_AE_BET    :RMSD: 0.464422, P: 0.624272, R^2: 0.360367
RF_AE_ECFP的BA值    ：-8.345544886345053
RF_AE_ECFP    :RMSD: 0.462125, P: 0.634981, R^2: 0.366677
RF_BET_ECFP的BA值    ：-8.452211744027206
RF_BET_ECFP    :RMSD: 0.455574, P: 0.636090, R^2: 0.384507
RF_AE_BET_ECFP的BA值    ：-8.373145793355492
RF_AE_BET_ECFP    :RMSD: 0.458273, P: 0.637807, R^2: 0.377194
@@@@@@@@@@@@@@@@@@@@@@@@@@@@@@@@@@@@@@@@@@@最终结果@@@@@@@@@@@@@@@@@@@@@@@@@@@@@@@@@@@@@@@@@@@@@@@@@@
@@@@@@@@@@@@@@@@@@@@@@@@@@@@@@@@@@@@@@@@@@@最终结果@@@@@@@@@@@@@@@@@@@@@@@@@@@@@@@@@@@@@@@@@@@@@@@@@@
%%%%%%%%%%%%%%%%%%%%%%%%%%%%%%%%%%%%%%%%%%%RF%%%%%%%%%%%%%%%%%%%%%%%%%%%%%%%%%%%%%%%%%%%%%%%%%%%%%%
RF_BET:0-th Final RMSD: 0.498292, Final P: 0.540535, Final R^2: 0.290015
RF_AE :0-th Final RMSD: 0.487689, Final P: 0.570505, Final R^2: 0.319906
RF_ECFP :0-th Final RMSD: 0.488357, Final P: 0.570093, Final R^2: 0.318043
RF_AE_BET    :0-th Final RMSD: 0.489998, Final P: 0.564772, Final R^2: 0.313453
RF_AE_ECFP    :0-th Final RMSD: 0.478722, Final P: 0.588077, Final R^2: 0.344688
RF_BET_ECFP    :0-th Final RMSD: 0.482818, Final P: 0.577805, Final R^2: 0.333425
RF_AE_BET_ECFP    :0-th Final RMSD: 0.481308, Final P: 0.583542, Final R^2: 0.337589
0-th RF_AE的BA值 ：-8.658828
0-th RF_BET的BA值：-8.742459
0-th RF_ECFP的BA值 ：-8.831742
0-th RF_AE_BET的BA值：-8.674754
0-th RF_AE_ECFP的BA值    ：-8.627905
0-th RF_BET_ECFP的BA值    ：-8.695610
0-th RF_AE_BET_ECFP的BA值    ：-8.666090
total time: 1.5967940761645636 h
