size of data: (208,)
size of train size: 166
RF parameter
Namespace(n_estimators=10000, dataset='CHEMBL3401', max_depth=7, min_samples_split=3, min_samples_leaf=1, criterion='mse', random_seed=0)
fold= 1
>>>>>>>>>>>>>training.............
###############################################RF#####################################################
RF_BET的BA值：-10.356176568517073
RF_BET:RMSD: 0.925456, P: 0.719526, R^2: 0.338337
RF_AE的BA值 ：-9.725295415077325
RF_AE :RMSD: 0.920782, P: 0.790187, R^2: 0.345003
RF_ECFP的BA值 ：-11.027104713802721
RF_ECFP :RMSD: 0.664846, P: 0.838300, R^2: 0.658518
RF_AE_BET的BA值    ：-9.957778542627125
RF_AE_BET    :RMSD: 0.909372, P: 0.780628, R^2: 0.361137
RF_AE_ECFP的BA值    ：-10.22787604899273
RF_AE_ECFP    :RMSD: 0.754349, P: 0.841106, R^2: 0.560388
RF_BET_ECFP的BA值    ：-10.555931736284307
RF_BET_ECFP    :RMSD: 0.759831, P: 0.818658, R^2: 0.553975
RF_AE_BET_ECFP的BA值    ：-10.223747996435263
RF_AE_BET_ECFP    :RMSD: 0.799099, P: 0.825369, R^2: 0.506682
fold= 2
>>>>>>>>>>>>>training.............
###############################################RF#####################################################
RF_BET的BA值：-10.234605612031558
RF_BET:RMSD: 0.846278, P: 0.725603, R^2: 0.487549
RF_AE的BA值 ：-9.69221973719057
RF_AE :RMSD: 0.878082, P: 0.697905, R^2: 0.448308
RF_ECFP的BA值 ：-11.054932945806453
RF_ECFP :RMSD: 0.776616, P: 0.765516, R^2: 0.568442
RF_AE_BET的BA值    ：-9.911474180713865
RF_AE_BET    :RMSD: 0.849414, P: 0.732049, R^2: 0.483744
RF_AE_ECFP的BA值    ：-10.321637847601313
RF_AE_ECFP    :RMSD: 0.784536, P: 0.754807, R^2: 0.559595
RF_BET_ECFP的BA值    ：-10.644769278919005
RF_BET_ECFP    :RMSD: 0.772234, P: 0.760811, R^2: 0.573298
RF_AE_BET_ECFP的BA值    ：-10.292627102411394
RF_AE_BET_ECFP    :RMSD: 0.791836, P: 0.755573, R^2: 0.551361
fold= 3
>>>>>>>>>>>>>training.............
###############################################RF#####################################################
RF_BET的BA值：-9.925343960299337
RF_BET:RMSD: 0.890968, P: 0.843572, R^2: 0.435454
RF_AE的BA值 ：-10.186693794898304
RF_AE :RMSD: 0.947210, P: 0.717409, R^2: 0.361930
RF_ECFP的BA值 ：-9.544011620939825
RF_ECFP :RMSD: 0.708949, P: 0.920804, R^2: 0.642558
RF_AE_BET的BA值    ：-10.05601887759882
RF_AE_BET    :RMSD: 0.912732, P: 0.790396, R^2: 0.407536
RF_AE_ECFP的BA值    ：-9.803216983176892
RF_AE_ECFP    :RMSD: 0.806075, P: 0.887180, R^2: 0.537910
RF_BET_ECFP的BA值    ：-9.672542065877408
RF_BET_ECFP    :RMSD: 0.786230, P: 0.929755, R^2: 0.560382
RF_AE_BET_ECFP的BA值    ：-9.84392597555104
RF_AE_BET_ECFP    :RMSD: 0.830685, P: 0.886734, R^2: 0.509264
fold= 4
>>>>>>>>>>>>>training.............
###############################################RF#####################################################
RF_BET的BA值：-10.19148930136356
RF_BET:RMSD: 0.888507, P: 0.651022, R^2: 0.419226
RF_AE的BA值 ：-10.179595405382472
RF_AE :RMSD: 0.902470, P: 0.638151, R^2: 0.400828
RF_ECFP的BA值 ：-10.278937056582542
RF_ECFP :RMSD: 1.238517, P: 0.293873, R^2: -0.128469
RF_AE_BET的BA值    ：-10.142418281460273
RF_AE_BET    :RMSD: 0.890843, P: 0.650067, R^2: 0.416168
RF_AE_ECFP的BA值    ：-10.13918736227436
RF_AE_ECFP    :RMSD: 1.047160, P: 0.468863, R^2: 0.193299
RF_BET_ECFP的BA值    ：-10.109895404180218
RF_BET_ECFP    :RMSD: 1.043125, P: 0.475747, R^2: 0.199504
RF_AE_BET_ECFP的BA值    ：-10.104379356639141
RF_AE_BET_ECFP    :RMSD: 0.987432, P: 0.536202, R^2: 0.282700
fold= 5
>>>>>>>>>>>>>training.............
###############################################RF#####################################################
RF_BET的BA值：-10.008525497414572
RF_BET:RMSD: 0.490389, P: 0.780709, R^2: 0.584845
RF_AE的BA值 ：-10.213480784990095
RF_AE :RMSD: 0.439251, P: 0.820279, R^2: 0.666916
RF_ECFP的BA值 ：-9.862295345923258
RF_ECFP :RMSD: 0.527829, P: 0.730595, R^2: 0.519034
RF_AE_BET的BA值    ：-10.106099108078201
RF_AE_BET    :RMSD: 0.438520, P: 0.818261, R^2: 0.668023
RF_AE_ECFP的BA值    ：-10.007846384158327
RF_AE_ECFP    :RMSD: 0.461294, P: 0.797038, R^2: 0.632646
RF_BET_ECFP的BA值    ：-9.864160387763206
RF_BET_ECFP    :RMSD: 0.492144, P: 0.769631, R^2: 0.581869
RF_AE_BET_ECFP的BA值    ：-9.98060052017217
RF_AE_BET_ECFP    :RMSD: 0.456699, P: 0.800989, R^2: 0.639929
fold= 6
>>>>>>>>>>>>>training.............
###############################################RF#####################################################
RF_BET的BA值：-10.179584390321502
RF_BET:RMSD: 1.021094, P: 0.484939, R^2: 0.209266
RF_AE的BA值 ：-9.78662555687166
RF_AE :RMSD: 1.069470, P: 0.455642, R^2: 0.132566
RF_ECFP的BA值 ：-10.154674990499345
RF_ECFP :RMSD: 1.309034, P: 0.049578, R^2: -0.299573
RF_AE_BET的BA值    ：-9.983104973596582
RF_AE_BET    :RMSD: 1.031132, P: 0.495725, R^2: 0.193643
RF_AE_ECFP的BA值    ：-9.55943506582917
RF_AE_ECFP    :RMSD: 1.142610, P: 0.242518, R^2: 0.009863
RF_BET_ECFP的BA值    ：-9.707511938868194
RF_BET_ECFP    :RMSD: 1.120365, P: 0.286190, R^2: 0.048042
RF_AE_BET_ECFP的BA值    ：-9.591371464542908
RF_AE_BET_ECFP    :RMSD: 1.085053, P: 0.356956, R^2: 0.107104
fold= 7
>>>>>>>>>>>>>training.............
###############################################RF#####################################################
RF_BET的BA值：-10.510289546275875
RF_BET:RMSD: 0.813908, P: 0.772371, R^2: 0.571592
RF_AE的BA值 ：-10.378035973053128
RF_AE :RMSD: 0.763976, P: 0.854984, R^2: 0.622544
RF_ECFP的BA值 ：-10.87366385313138
RF_ECFP :RMSD: 0.952848, P: 0.673166, R^2: 0.412843
RF_AE_BET的BA值    ：-10.4441627596645
RF_AE_BET    :RMSD: 0.774525, P: 0.827014, R^2: 0.612048
RF_AE_ECFP的BA值    ：-10.625849913092253
RF_AE_ECFP    :RMSD: 0.832001, P: 0.787540, R^2: 0.552334
RF_BET_ECFP的BA值    ：-10.691976699703627
RF_BET_ECFP    :RMSD: 0.849177, P: 0.758557, R^2: 0.533660
RF_AE_BET_ECFP的BA值    ：-10.587329790820128
RF_AE_BET_ECFP    :RMSD: 0.809584, P: 0.800824, R^2: 0.576132
fold= 8
>>>>>>>>>>>>>training.............
###############################################RF#####################################################
RF_BET的BA值：-10.68203325453387
RF_BET:RMSD: 0.519984, P: 0.883854, R^2: 0.705563
RF_AE的BA值 ：-10.52134792788489
RF_AE :RMSD: 0.563876, P: 0.855406, R^2: 0.653759
RF_ECFP的BA值 ：-11.14192309038142
RF_ECFP :RMSD: 0.642206, P: 0.775626, R^2: 0.550882
RF_AE_BET的BA值    ：-10.60169059120938
RF_AE_BET    :RMSD: 0.529980, P: 0.883944, R^2: 0.694135
RF_AE_ECFP的BA值    ：-10.831635509133154
RF_AE_ECFP    :RMSD: 0.563954, P: 0.843741, R^2: 0.653663
RF_BET_ECFP的BA值    ：-10.911978172457644
RF_BET_ECFP    :RMSD: 0.554453, P: 0.846542, R^2: 0.665234
RF_AE_BET_ECFP的BA值    ：-10.781768090933392
RF_AE_BET_ECFP    :RMSD: 0.540020, P: 0.866097, R^2: 0.682436
fold= 9
>>>>>>>>>>>>>training.............
###############################################RF#####################################################
RF_BET的BA值：-10.114983820907257
RF_BET:RMSD: 0.678059, P: 0.785869, R^2: 0.587320
RF_AE的BA值 ：-10.081022942878093
RF_AE :RMSD: 0.721102, P: 0.752446, R^2: 0.533264
RF_ECFP的BA值 ：-9.770613791790998
RF_ECFP :RMSD: 0.647482, P: 0.875014, R^2: 0.623700
RF_AE_BET的BA值    ：-10.098003381892674
RF_AE_BET    :RMSD: 0.683056, P: 0.792605, R^2: 0.581215
RF_AE_ECFP的BA值    ：-9.925818367334546
RF_AE_ECFP    :RMSD: 0.669220, P: 0.833288, R^2: 0.598009
RF_BET_ECFP的BA值    ：-9.942798806349128
RF_BET_ECFP    :RMSD: 0.651981, P: 0.838595, R^2: 0.618452
RF_AE_BET_ECFP的BA值    ：-9.98887351852545
RF_AE_BET_ECFP    :RMSD: 0.663242, P: 0.827793, R^2: 0.605158
fold= 10
>>>>>>>>>>>>>training.............
###############################################RF#####################################################
RF_BET的BA值：-10.713607023891688
RF_BET:RMSD: 0.662715, P: 0.856881, R^2: 0.697969
RF_AE的BA值 ：-10.308909688422615
RF_AE :RMSD: 0.708822, P: 0.873543, R^2: 0.654481
RF_ECFP的BA值 ：-10.422016937098515
RF_ECFP :RMSD: 0.571291, P: 0.893739, R^2: 0.775554
RF_AE_BET的BA值    ：-10.511258356157152
RF_AE_BET    :RMSD: 0.673882, P: 0.870854, R^2: 0.687705
RF_AE_ECFP的BA值    ：-10.365463312760564
RF_AE_ECFP    :RMSD: 0.613980, P: 0.901469, R^2: 0.740757
RF_BET_ECFP的BA值    ：-10.567811980495101
RF_BET_ECFP    :RMSD: 0.591010, P: 0.892598, R^2: 0.759792
RF_AE_BET_ECFP的BA值    ：-10.48151121647094
RF_AE_BET_ECFP    :RMSD: 0.619456, P: 0.893525, R^2: 0.736113
@@@@@@@@@@@@@@@@@@@@@@@@@@@@@@@@@@@@@@@@@@@最终结果@@@@@@@@@@@@@@@@@@@@@@@@@@@@@@@@@@@@@@@@@@@@@@@@@@
@@@@@@@@@@@@@@@@@@@@@@@@@@@@@@@@@@@@@@@@@@@最终结果@@@@@@@@@@@@@@@@@@@@@@@@@@@@@@@@@@@@@@@@@@@@@@@@@@
%%%%%%%%%%%%%%%%%%%%%%%%%%%%%%%%%%%%%%%%%%%RF%%%%%%%%%%%%%%%%%%%%%%%%%%%%%%%%%%%%%%%%%%%%%%%%%%%%%%
RF_BET:0-th Final RMSD: 0.792963, Final P: 0.724633, Final R^2: 0.505658
RF_AE :0-th Final RMSD: 0.812742, Final P: 0.718135, Final R^2: 0.480690
RF_ECFP :0-th Final RMSD: 0.846913, Final P: 0.662625, Final R^2: 0.436103
RF_AE_BET    :0-th Final RMSD: 0.790429, Final P: 0.739238, Final R^2: 0.508812
RF_AE_ECFP    :0-th Final RMSD: 0.794044, Final P: 0.722356, Final R^2: 0.504309
RF_BET_ECFP    :0-th Final RMSD: 0.787557, Final P: 0.723664, Final R^2: 0.512374
RF_AE_BET_ECFP    :0-th Final RMSD: 0.781418, Final P: 0.739399, Final R^2: 0.519948
0-th RF_AE的BA值 ：-10.521348
0-th RF_BET的BA值：-10.713607
0-th RF_ECFP的BA值 ：-11.141923
0-th RF_AE_BET的BA值：-10.601691
0-th RF_AE_ECFP的BA值    ：-10.831636
0-th RF_BET_ECFP的BA值    ：-10.911978
0-th RF_AE_BET_ECFP的BA值    ：-10.781768
total time: 1.275473451813062 h
