size of data: (503,)
size of train size: 402
RF parameter
Namespace(n_estimators=10000, dataset='CHEMBL4835', max_depth=7, min_samples_split=3, min_samples_leaf=1, criterion='mse', random_seed=0)
fold= 1
>>>>>>>>>>>>>training.............
###############################################RF#####################################################
RF_BET的BA值：-11.395348206181291
RF_BET:RMSD: 1.133056, P: 0.750849, R^2: 0.553430
RF_AE的BA值 ：-12.13339391253222
RF_AE :RMSD: 1.145017, P: 0.740428, R^2: 0.543952
RF_ECFP的BA值 ：-13.343458872990777
RF_ECFP :RMSD: 1.139615, P: 0.753773, R^2: 0.548245
RF_AE_BET的BA值    ：-11.743371528418262
RF_AE_BET    :RMSD: 1.117024, P: 0.757453, R^2: 0.565978
RF_AE_ECFP的BA值    ：-12.738426392761498
RF_AE_ECFP    :RMSD: 1.058925, P: 0.781061, R^2: 0.609953
RF_BET_ECFP的BA值    ：-12.34840400864754
RF_BET_ECFP    :RMSD: 1.056996, P: 0.782686, R^2: 0.611373
RF_AE_BET_ECFP的BA值    ：-12.2767339766091
RF_AE_BET_ECFP    :RMSD: 1.056810, P: 0.783883, R^2: 0.611510
fold= 2
>>>>>>>>>>>>>training.............
###############################################RF#####################################################
RF_BET的BA值：-10.79682956054157
RF_BET:RMSD: 0.825776, P: 0.819414, R^2: 0.636086
RF_AE的BA值 ：-11.474611131587963
RF_AE :RMSD: 0.833857, P: 0.851197, R^2: 0.628929
RF_ECFP的BA值 ：-11.356476932225943
RF_ECFP :RMSD: 0.759485, P: 0.857424, R^2: 0.692169
RF_AE_BET的BA值    ：-11.135720346064765
RF_AE_BET    :RMSD: 0.799568, P: 0.847935, R^2: 0.658819
RF_AE_ECFP的BA值    ：-11.415544031906954
RF_AE_ECFP    :RMSD: 0.753383, P: 0.872936, R^2: 0.697095
RF_BET_ECFP的BA值    ：-11.076653246383756
RF_BET_ECFP    :RMSD: 0.767837, P: 0.851057, R^2: 0.685361
RF_AE_BET_ECFP的BA值    ：-11.209305874785159
RF_AE_BET_ECFP    :RMSD: 0.762440, P: 0.862521, R^2: 0.689768
fold= 3
>>>>>>>>>>>>>training.............
###############################################RF#####################################################
RF_BET的BA值：-10.223555086730048
RF_BET:RMSD: 0.816629, P: 0.790402, R^2: 0.610101
RF_AE的BA值 ：-10.436210519225506
RF_AE :RMSD: 1.064839, P: 0.601081, R^2: 0.337065
RF_ECFP的BA值 ：-10.288780770207763
RF_ECFP :RMSD: 0.841030, P: 0.785086, R^2: 0.586452
RF_AE_BET的BA值    ：-10.329882802977778
RF_AE_BET    :RMSD: 0.893482, P: 0.732485, R^2: 0.533261
RF_AE_ECFP的BA值    ：-10.309450008770455
RF_AE_ECFP    :RMSD: 0.880756, P: 0.744818, R^2: 0.546461
RF_BET_ECFP的BA值    ：-10.245018270389492
RF_BET_ECFP    :RMSD: 0.786915, P: 0.815981, R^2: 0.637959
RF_AE_BET_ECFP的BA值    ：-10.280818368090317
RF_AE_BET_ECFP    :RMSD: 0.834333, P: 0.779481, R^2: 0.593012
fold= 4
>>>>>>>>>>>>>training.............
###############################################RF#####################################################
RF_BET的BA值：-10.87494136571616
RF_BET:RMSD: 0.960357, P: 0.858845, R^2: 0.667838
RF_AE的BA值 ：-10.458994872064014
RF_AE :RMSD: 1.121407, P: 0.760507, R^2: 0.547091
RF_ECFP的BA值 ：-11.702958384394686
RF_ECFP :RMSD: 0.889194, P: 0.858521, R^2: 0.715242
RF_AE_BET的BA值    ：-10.666968118890086
RF_AE_BET    :RMSD: 1.011128, P: 0.836233, R^2: 0.631790
RF_AE_ECFP的BA值    ：-11.080976628229351
RF_AE_ECFP    :RMSD: 0.966572, P: 0.839620, R^2: 0.663525
RF_BET_ECFP的BA值    ：-11.288949875055422
RF_BET_ECFP    :RMSD: 0.899026, P: 0.872385, R^2: 0.708909
RF_AE_BET_ECFP的BA值    ：-11.012298207391618
RF_AE_BET_ECFP    :RMSD: 0.948042, P: 0.857636, R^2: 0.676303
fold= 5
>>>>>>>>>>>>>training.............
###############################################RF#####################################################
RF_BET的BA值：-10.749671436678062
RF_BET:RMSD: 1.091643, P: 0.836054, R^2: 0.634982
RF_AE的BA值 ：-11.306471008450533
RF_AE :RMSD: 1.098017, P: 0.825699, R^2: 0.630707
RF_ECFP的BA值 ：-11.49351063833765
RF_ECFP :RMSD: 0.981054, P: 0.861245, R^2: 0.705192
RF_AE_BET的BA值    ：-10.799451796322781
RF_AE_BET    :RMSD: 1.063723, P: 0.854863, R^2: 0.653414
RF_AE_ECFP的BA值    ：-11.365578277608686
RF_AE_ECFP    :RMSD: 1.015430, P: 0.860454, R^2: 0.684170
RF_BET_ECFP的BA值    ：-11.121591037507855
RF_BET_ECFP    :RMSD: 1.004789, P: 0.869644, R^2: 0.690755
RF_AE_BET_ECFP的BA值    ：-11.007863046470803
RF_AE_BET_ECFP    :RMSD: 1.018115, P: 0.868647, R^2: 0.682497
fold= 6
>>>>>>>>>>>>>training.............
###############################################RF#####################################################
RF_BET的BA值：-10.917926664025643
RF_BET:RMSD: 1.407598, P: 0.594926, R^2: 0.330004
RF_AE的BA值 ：-10.966707086596305
RF_AE :RMSD: 1.254003, P: 0.729183, R^2: 0.468245
RF_ECFP的BA值 ：-10.285036102605671
RF_ECFP :RMSD: 1.086218, P: 0.785512, R^2: 0.601022
RF_AE_BET的BA值    ：-10.942316875310974
RF_AE_BET    :RMSD: 1.291617, P: 0.697129, R^2: 0.435867
RF_AE_ECFP的BA值    ：-10.478532392574401
RF_AE_ECFP    :RMSD: 1.089961, P: 0.804955, R^2: 0.598268
RF_BET_ECFP的BA值    ：-10.454142181289068
RF_BET_ECFP    :RMSD: 1.187399, P: 0.755023, R^2: 0.523231
RF_AE_BET_ECFP的BA值    ：-10.624997149724814
RF_AE_BET_ECFP    :RMSD: 1.170522, P: 0.769942, R^2: 0.536688
fold= 7
>>>>>>>>>>>>>training.............
###############################################RF#####################################################
RF_BET的BA值：-12.38006853864188
RF_BET:RMSD: 0.879551, P: 0.852482, R^2: 0.682544
RF_AE的BA值 ：-12.935407277788725
RF_AE :RMSD: 0.820945, P: 0.859261, R^2: 0.723440
RF_ECFP的BA值 ：-13.212130869782026
RF_ECFP :RMSD: 0.825873, P: 0.861293, R^2: 0.720109
RF_AE_BET的BA值    ：-12.657737908215303
RF_AE_BET    :RMSD: 0.816071, P: 0.869637, R^2: 0.726714
RF_AE_ECFP的BA值    ：-13.073769073785375
RF_AE_ECFP    :RMSD: 0.775620, P: 0.883087, R^2: 0.753135
RF_BET_ECFP的BA值    ：-12.796099704211953
RF_BET_ECFP    :RMSD: 0.830323, P: 0.870666, R^2: 0.717085
RF_AE_BET_ECFP的BA值    ：-12.842535562070877
RF_AE_BET_ECFP    :RMSD: 0.795707, P: 0.880633, R^2: 0.740182
fold= 8
>>>>>>>>>>>>>training.............
###############################################RF#####################################################
RF_BET的BA值：-10.85640302490226
RF_BET:RMSD: 0.794430, P: 0.857358, R^2: 0.702650
RF_AE的BA值 ：-10.737409501509486
RF_AE :RMSD: 0.872058, P: 0.819000, R^2: 0.641699
RF_ECFP的BA值 ：-11.069906535506943
RF_ECFP :RMSD: 0.866863, P: 0.811658, R^2: 0.645955
RF_AE_BET的BA值    ：-10.796906263205873
RF_AE_BET    :RMSD: 0.798259, P: 0.856651, R^2: 0.699776
RF_AE_ECFP的BA值    ：-10.903658018508214
RF_AE_ECFP    :RMSD: 0.820659, P: 0.846181, R^2: 0.682691
RF_BET_ECFP的BA值    ：-10.9631547802046
RF_BET_ECFP    :RMSD: 0.811071, P: 0.847553, R^2: 0.690062
RF_AE_BET_ECFP的BA值    ：-10.887906353972895
RF_AE_BET_ECFP    :RMSD: 0.797989, P: 0.857639, R^2: 0.699979
fold= 9
>>>>>>>>>>>>>training.............
###############################################RF#####################################################
RF_BET的BA值：-11.286158490931093
RF_BET:RMSD: 0.998212, P: 0.785239, R^2: 0.605960
RF_AE的BA值 ：-11.673273841821137
RF_AE :RMSD: 1.032003, P: 0.793567, R^2: 0.578831
RF_ECFP的BA值 ：-11.593223972319974
RF_ECFP :RMSD: 1.141561, P: 0.698309, R^2: 0.484661
RF_AE_BET的BA值    ：-11.479716166376114
RF_AE_BET    :RMSD: 0.977551, P: 0.803817, R^2: 0.622103
RF_AE_ECFP的BA值    ：-11.633248907070556
RF_AE_ECFP    :RMSD: 0.998669, P: 0.789758, R^2: 0.605599
RF_BET_ECFP的BA值    ：-11.439691231625535
RF_BET_ECFP    :RMSD: 1.021207, P: 0.771281, R^2: 0.587597
RF_AE_BET_ECFP的BA值    ：-11.517552101690734
RF_AE_BET_ECFP    :RMSD: 0.978583, P: 0.799537, R^2: 0.621305
fold= 10
>>>>>>>>>>>>>training.............
###############################################RF#####################################################
RF_BET的BA值：-11.193444169772917
RF_BET:RMSD: 0.910194, P: 0.826294, R^2: 0.670521
RF_AE的BA值 ：-11.09789657360013
RF_AE :RMSD: 1.108629, P: 0.723444, R^2: 0.511199
RF_ECFP的BA值 ：-11.489307611969705
RF_ECFP :RMSD: 0.990922, P: 0.787860, R^2: 0.609484
RF_AE_BET的BA值    ：-11.145670371686524
RF_AE_BET    :RMSD: 0.967886, P: 0.798470, R^2: 0.627430
RF_AE_ECFP的BA值    ：-11.293602092784917
RF_AE_ECFP    :RMSD: 0.983990, P: 0.784358, R^2: 0.614928
RF_BET_ECFP的BA值    ：-11.341375890871312
RF_BET_ECFP    :RMSD: 0.923690, P: 0.815614, R^2: 0.660678
RF_AE_BET_ECFP的BA值    ：-11.260216118447586
RF_AE_BET_ECFP    :RMSD: 0.942428, P: 0.806850, R^2: 0.646771
@@@@@@@@@@@@@@@@@@@@@@@@@@@@@@@@@@@@@@@@@@@最终结果@@@@@@@@@@@@@@@@@@@@@@@@@@@@@@@@@@@@@@@@@@@@@@@@@@
@@@@@@@@@@@@@@@@@@@@@@@@@@@@@@@@@@@@@@@@@@@最终结果@@@@@@@@@@@@@@@@@@@@@@@@@@@@@@@@@@@@@@@@@@@@@@@@@@
%%%%%%%%%%%%%%%%%%%%%%%%%%%%%%%%%%%%%%%%%%%RF%%%%%%%%%%%%%%%%%%%%%%%%%%%%%%%%%%%%%%%%%%%%%%%%%%%%%%
RF_BET:0-th Final RMSD: 0.997520, Final P: 0.790131, Final R^2: 0.606898
RF_AE :0-th Final RMSD: 1.044122, Final P: 0.764187, Final R^2: 0.569310
RF_ECFP :0-th Final RMSD: 0.960768, Final P: 0.798088, Final R^2: 0.635331
RF_AE_BET    :0-th Final RMSD: 0.984816, Final P: 0.797775, Final R^2: 0.616847
RF_AE_ECFP    :0-th Final RMSD: 0.941001, Final P: 0.815445, Final R^2: 0.650182
RF_BET_ECFP    :0-th Final RMSD: 0.937599, Final P: 0.818372, Final R^2: 0.652706
RF_AE_BET_ECFP    :0-th Final RMSD: 0.938642, Final P: 0.820353, Final R^2: 0.651934
0-th RF_AE的BA值 ：-12.935407
0-th RF_BET的BA值：-12.380069
0-th RF_ECFP的BA值 ：-13.343459
0-th RF_AE_BET的BA值：-12.657738
0-th RF_AE_ECFP的BA值    ：-13.073769
0-th RF_BET_ECFP的BA值    ：-12.796100
0-th RF_AE_BET_ECFP的BA值    ：-12.842536
total time: 3.4615433004167344 h
