size of data: (403,)
size of train size: 322
RF parameter
Namespace(n_estimators=10000, dataset='CHEMBL1856', max_depth=7, min_samples_split=3, min_samples_leaf=1, criterion='mse', random_seed=0)
fold= 1
>>>>>>>>>>>>>training.............
###############################################RF#####################################################
RF_BET的BA值：-12.741121427972846
RF_BET:RMSD: 1.282695, P: 0.792385, R^2: 0.593301
RF_AE的BA值 ：-12.752182424630112
RF_AE :RMSD: 1.285218, P: 0.793620, R^2: 0.591700
RF_ECFP的BA值 ：-13.343729123351045
RF_ECFP :RMSD: 1.155919, P: 0.828103, R^2: 0.669722
RF_AE_BET的BA值    ：-12.560862758167076
RF_AE_BET    :RMSD: 1.254744, P: 0.813546, R^2: 0.610833
RF_AE_ECFP的BA值    ：-12.98888035066749
RF_AE_ECFP    :RMSD: 1.173617, P: 0.834498, R^2: 0.659531
RF_BET_ECFP的BA值    ：-13.004325407872258
RF_BET_ECFP    :RMSD: 1.182240, P: 0.827279, R^2: 0.654509
RF_AE_BET_ECFP的BA值    ：-12.817898339458123
RF_AE_BET_ECFP    :RMSD: 1.190917, P: 0.832180, R^2: 0.649419
fold= 2
>>>>>>>>>>>>>training.............
###############################################RF#####################################################
RF_BET的BA值：-13.46689855590474
RF_BET:RMSD: 1.049762, P: 0.768393, R^2: 0.587004
RF_AE的BA值 ：-13.506569030373303
RF_AE :RMSD: 0.987216, P: 0.797989, R^2: 0.634752
RF_ECFP的BA值 ：-13.452019680638426
RF_ECFP :RMSD: 1.010782, P: 0.799772, R^2: 0.617106
RF_AE_BET的BA值    ：-13.478174930710846
RF_AE_BET    :RMSD: 1.001951, P: 0.791516, R^2: 0.623767
RF_AE_ECFP的BA值    ：-13.478105986662442
RF_AE_ECFP    :RMSD: 0.964481, P: 0.809215, R^2: 0.651381
RF_BET_ECFP的BA值    ：-13.447500819331056
RF_BET_ECFP    :RMSD: 0.998460, P: 0.794736, R^2: 0.626384
RF_AE_BET_ECFP的BA值    ：-13.461484314726354
RF_AE_BET_ECFP    :RMSD: 0.978998, P: 0.801936, R^2: 0.640807
fold= 3
>>>>>>>>>>>>>training.............
###############################################RF#####################################################
RF_BET的BA值：-13.313724331249867
RF_BET:RMSD: 1.161731, P: 0.845781, R^2: 0.634611
RF_AE的BA值 ：-13.166872861341615
RF_AE :RMSD: 1.238133, P: 0.787245, R^2: 0.584971
RF_ECFP的BA值 ：-13.588429532157033
RF_ECFP :RMSD: 0.954737, P: 0.867934, R^2: 0.753219
RF_AE_BET的BA值    ：-13.16672300691122
RF_AE_BET    :RMSD: 1.175882, P: 0.828766, R^2: 0.625655
RF_AE_ECFP的BA值    ：-13.25702650600011
RF_AE_ECFP    :RMSD: 0.990924, P: 0.868567, R^2: 0.734157
RF_BET_ECFP的BA值    ：-13.404027830338755
RF_BET_ECFP    :RMSD: 0.962038, P: 0.883445, R^2: 0.749430
RF_AE_BET_ECFP的BA值    ：-13.27592578108336
RF_AE_BET_ECFP    :RMSD: 1.020156, P: 0.870989, R^2: 0.718241
fold= 4
>>>>>>>>>>>>>training.............
###############################################RF#####################################################
RF_BET的BA值：-13.403008614493912
RF_BET:RMSD: 1.260479, P: 0.752329, R^2: 0.554153
RF_AE的BA值 ：-13.27431854514986
RF_AE :RMSD: 1.013380, P: 0.853712, R^2: 0.711823
RF_ECFP的BA值 ：-13.449695362653351
RF_ECFP :RMSD: 1.050662, P: 0.831021, R^2: 0.690229
RF_AE_BET的BA值    ：-13.30506569992724
RF_AE_BET    :RMSD: 1.097420, P: 0.829006, R^2: 0.662043
RF_AE_ECFP的BA值    ：-13.352084478987894
RF_AE_ECFP    :RMSD: 1.000892, P: 0.853263, R^2: 0.718881
RF_BET_ECFP的BA值    ：-13.266421860712132
RF_BET_ECFP    :RMSD: 1.079124, P: 0.830059, R^2: 0.673218
RF_AE_BET_ECFP的BA值    ：-13.265501691235542
RF_AE_BET_ECFP    :RMSD: 1.041519, P: 0.845867, R^2: 0.695596
fold= 5
>>>>>>>>>>>>>training.............
###############################################RF#####################################################
RF_BET的BA值：-13.11308954936579
RF_BET:RMSD: 1.355058, P: 0.753630, R^2: 0.478402
RF_AE的BA值 ：-13.267913150063894
RF_AE :RMSD: 1.435774, P: 0.705867, R^2: 0.414411
RF_ECFP的BA值 ：-13.423976538414403
RF_ECFP :RMSD: 0.958218, P: 0.860153, R^2: 0.739175
RF_AE_BET的BA值    ：-13.190501349714843
RF_AE_BET    :RMSD: 1.366118, P: 0.750815, R^2: 0.469852
RF_AE_ECFP的BA值    ：-13.335013580814067
RF_AE_ECFP    :RMSD: 1.120352, P: 0.822068, R^2: 0.643443
RF_BET_ECFP的BA值    ：-13.26456256577004
RF_BET_ECFP    :RMSD: 1.085525, P: 0.836561, R^2: 0.665266
RF_AE_BET_ECFP的BA值    ：-13.260236019221269
RF_AE_BET_ECFP    :RMSD: 1.173007, P: 0.814426, R^2: 0.609140
fold= 6
>>>>>>>>>>>>>training.............
###############################################RF#####################################################
RF_BET的BA值：-13.354539588158335
RF_BET:RMSD: 1.163759, P: 0.829028, R^2: 0.588236
RF_AE的BA值 ：-13.320346620127989
RF_AE :RMSD: 1.230983, P: 0.770972, R^2: 0.539292
RF_ECFP的BA值 ：-13.489103795249243
RF_ECFP :RMSD: 0.947038, P: 0.853787, R^2: 0.727318
RF_AE_BET的BA值    ：-13.19848859718576
RF_AE_BET    :RMSD: 1.159371, P: 0.827961, R^2: 0.591336
RF_AE_ECFP的BA值    ：-13.404725207688616
RF_AE_ECFP    :RMSD: 1.013533, P: 0.841925, R^2: 0.687682
RF_BET_ECFP的BA值    ：-13.319103960756927
RF_BET_ECFP    :RMSD: 0.955256, P: 0.873623, R^2: 0.722565
RF_AE_BET_ECFP的BA值    ：-13.22688184257568
RF_AE_BET_ECFP    :RMSD: 1.020299, P: 0.858579, R^2: 0.683498
fold= 7
>>>>>>>>>>>>>training.............
###############################################RF#####################################################
RF_BET的BA值：-13.049967161194251
RF_BET:RMSD: 1.187109, P: 0.834853, R^2: 0.615708
RF_AE的BA值 ：-13.013569300825393
RF_AE :RMSD: 1.228857, P: 0.797250, R^2: 0.588204
RF_ECFP的BA值 ：-13.460051382280094
RF_ECFP :RMSD: 1.033973, P: 0.875819, R^2: 0.708460
RF_AE_BET的BA值    ：-13.012103356798328
RF_AE_BET    :RMSD: 1.192600, P: 0.824401, R^2: 0.612145
RF_AE_ECFP的BA值    ：-13.236810341552744
RF_AE_ECFP    :RMSD: 1.084649, P: 0.861600, R^2: 0.679182
RF_BET_ECFP的BA值    ：-13.123442040520441
RF_BET_ECFP    :RMSD: 1.083735, P: 0.868443, R^2: 0.679722
RF_AE_BET_ECFP的BA值    ：-13.040686162178398
RF_AE_BET_ECFP    :RMSD: 1.110783, P: 0.857271, R^2: 0.663536
fold= 8
>>>>>>>>>>>>>training.............
###############################################RF#####################################################
RF_BET的BA值：-13.299686133333223
RF_BET:RMSD: 1.094487, P: 0.885345, R^2: 0.717115
RF_AE的BA值 ：-13.31402242270488
RF_AE :RMSD: 1.053693, P: 0.889904, R^2: 0.737810
RF_ECFP的BA值 ：-13.521526285714339
RF_ECFP :RMSD: 0.989504, P: 0.886295, R^2: 0.768781
RF_AE_BET的BA值    ：-13.290279704831683
RF_AE_BET    :RMSD: 1.056355, P: 0.896075, R^2: 0.736484
RF_AE_ECFP的BA值    ：-13.399874589132477
RF_AE_ECFP    :RMSD: 0.981204, P: 0.899587, R^2: 0.772644
RF_BET_ECFP的BA值    ：-13.353713459768919
RF_BET_ECFP    :RMSD: 1.010578, P: 0.893106, R^2: 0.758828
RF_AE_BET_ECFP的BA值    ：-13.328549937362817
RF_AE_BET_ECFP    :RMSD: 1.006223, P: 0.899469, R^2: 0.760902
fold= 9
>>>>>>>>>>>>>training.............
###############################################RF#####################################################
RF_BET的BA值：-13.705585977139458
RF_BET:RMSD: 1.307014, P: 0.735344, R^2: 0.534080
RF_AE的BA值 ：-13.622668214662815
RF_AE :RMSD: 1.210958, P: 0.781563, R^2: 0.600047
RF_ECFP的BA值 ：-13.519696603743647
RF_ECFP :RMSD: 0.943323, P: 0.873135, R^2: 0.757299
RF_AE_BET的BA值    ：-13.664127095901136
RF_AE_BET    :RMSD: 1.240469, P: 0.770169, R^2: 0.580316
RF_AE_ECFP的BA值    ：-13.571182409203232
RF_AE_ECFP    :RMSD: 1.017979, P: 0.852746, R^2: 0.717363
RF_BET_ECFP的BA值    ：-13.612641290441552
RF_BET_ECFP    :RMSD: 1.050361, P: 0.842973, R^2: 0.699096
RF_AE_BET_ECFP的BA值    ：-13.615983598515307
RF_AE_BET_ECFP    :RMSD: 1.087742, P: 0.831833, R^2: 0.677297
fold= 10
>>>>>>>>>>>>>training.............
###############################################RF#####################################################
RF_BET的BA值：-13.619219222228901
RF_BET:RMSD: 1.269362, P: 0.809101, R^2: 0.608104
RF_AE的BA值 ：-13.49678978503752
RF_AE :RMSD: 1.188434, P: 0.844515, R^2: 0.656482
RF_ECFP的BA值 ：-13.45011220815222
RF_ECFP :RMSD: 1.196273, P: 0.818712, R^2: 0.651935
RF_AE_BET的BA值    ：-13.55800450363321
RF_AE_BET    :RMSD: 1.211074, P: 0.837410, R^2: 0.643268
RF_AE_ECFP的BA值    ：-13.471484315739502
RF_AE_ECFP    :RMSD: 1.125362, P: 0.855443, R^2: 0.691976
RF_BET_ECFP的BA值    ：-13.532699034335192
RF_BET_ECFP    :RMSD: 1.187176, P: 0.830481, R^2: 0.657208
RF_AE_BET_ECFP的BA值    ：-13.5207292845693
RF_AE_BET_ECFP    :RMSD: 1.160239, P: 0.847628, R^2: 0.672588
@@@@@@@@@@@@@@@@@@@@@@@@@@@@@@@@@@@@@@@@@@@最终结果@@@@@@@@@@@@@@@@@@@@@@@@@@@@@@@@@@@@@@@@@@@@@@@@@@
@@@@@@@@@@@@@@@@@@@@@@@@@@@@@@@@@@@@@@@@@@@最终结果@@@@@@@@@@@@@@@@@@@@@@@@@@@@@@@@@@@@@@@@@@@@@@@@@@
%%%%%%%%%%%%%%%%%%%%%%%%%%%%%%%%%%%%%%%%%%%RF%%%%%%%%%%%%%%%%%%%%%%%%%%%%%%%%%%%%%%%%%%%%%%%%%%%%%%
RF_BET:0-th Final RMSD: 1.216323, Final P: 0.788254, Final R^2: 0.602956
RF_AE :0-th Final RMSD: 1.194121, Final P: 0.794482, Final R^2: 0.617318
RF_ECFP :0-th Final RMSD: 1.027618, Final P: 0.847758, Final R^2: 0.716597
RF_AE_BET    :0-th Final RMSD: 1.179578, Final P: 0.806381, Final R^2: 0.626582
RF_AE_ECFP    :0-th Final RMSD: 1.049539, Final P: 0.847333, Final R^2: 0.704377
RF_BET_ECFP    :0-th Final RMSD: 1.062182, Final P: 0.843968, Final R^2: 0.697212
RF_AE_BET_ECFP    :0-th Final RMSD: 1.081321, Final P: 0.840990, Final R^2: 0.686202
0-th RF_AE的BA值 ：-13.622668
0-th RF_BET的BA值：-13.705586
0-th RF_ECFP的BA值 ：-13.588430
0-th RF_AE_BET的BA值：-13.664127
0-th RF_AE_ECFP的BA值    ：-13.571182
0-th RF_BET_ECFP的BA值    ：-13.612641
0-th RF_AE_BET_ECFP的BA值    ：-13.615984
total time: 2.58136823270056 h
