size of data: (538,)
size of train size: 430
RF parameter
Namespace(n_estimators=10000, dataset='CHEMBL4427', max_depth=7, min_samples_split=3, min_samples_leaf=1, criterion='mse', random_seed=0)
fold= 1
>>>>>>>>>>>>>training.............
###############################################RF#####################################################
RF_BET的BA值：-11.930174742983615
RF_BET:RMSD: 0.988986, P: 0.862185, R^2: 0.669394
RF_AE的BA值 ：-12.051813280292507
RF_AE :RMSD: 0.923866, P: 0.905893, R^2: 0.711498
RF_ECFP的BA值 ：-12.60927245828981
RF_ECFP :RMSD: 0.786832, P: 0.894834, R^2: 0.790736
RF_AE_BET的BA值    ：-11.908956120681932
RF_AE_BET    :RMSD: 0.925650, P: 0.904316, R^2: 0.710383
RF_AE_ECFP的BA值    ：-12.330542869291158
RF_AE_ECFP    :RMSD: 0.801244, P: 0.913411, R^2: 0.783000
RF_BET_ECFP的BA值    ：-12.187685709680585
RF_BET_ECFP    :RMSD: 0.836084, P: 0.897462, R^2: 0.763718
RF_AE_BET_ECFP的BA值    ：-12.14239489988456
RF_AE_BET_ECFP    :RMSD: 0.839358, P: 0.910850, R^2: 0.761864
fold= 2
>>>>>>>>>>>>>training.............
###############################################RF#####################################################
RF_BET的BA值：-12.317358184621677
RF_BET:RMSD: 1.084577, P: 0.803876, R^2: 0.519879
RF_AE的BA值 ：-12.29687874956518
RF_AE :RMSD: 1.075546, P: 0.786285, R^2: 0.527841
RF_ECFP的BA值 ：-12.64272539277118
RF_ECFP :RMSD: 0.927764, P: 0.839832, R^2: 0.648678
RF_AE_BET的BA值    ：-12.307118467093428
RF_AE_BET    :RMSD: 1.063773, P: 0.805540, R^2: 0.538122
RF_AE_ECFP的BA值    ：-12.469802071168179
RF_AE_ECFP    :RMSD: 0.955908, P: 0.838948, R^2: 0.627040
RF_BET_ECFP的BA值    ：-12.480041788696429
RF_BET_ECFP    :RMSD: 0.959202, P: 0.846570, R^2: 0.624465
RF_AE_BET_ECFP的BA值    ：-12.418987442319347
RF_AE_BET_ECFP    :RMSD: 0.981377, P: 0.837938, R^2: 0.606901
fold= 3
>>>>>>>>>>>>>training.............
###############################################RF#####################################################
RF_BET的BA值：-12.152396789174233
RF_BET:RMSD: 1.082827, P: 0.870296, R^2: 0.665126
RF_AE的BA值 ：-12.102479098069715
RF_AE :RMSD: 1.178312, P: 0.803639, R^2: 0.603463
RF_ECFP的BA值 ：-13.331199101548595
RF_ECFP :RMSD: 0.913984, P: 0.878602, R^2: 0.761416
RF_AE_BET的BA值    ：-12.047903372802505
RF_AE_BET    :RMSD: 1.098976, P: 0.855963, R^2: 0.655062
RF_AE_ECFP的BA值    ：-12.645109152879336
RF_AE_ECFP    :RMSD: 1.016279, P: 0.857033, R^2: 0.705022
RF_BET_ECFP的BA值    ：-12.733993321471763
RF_BET_ECFP    :RMSD: 0.942907, P: 0.893390, R^2: 0.746078
RF_AE_BET_ECFP的BA值    ：-12.475668615717867
RF_AE_BET_ECFP    :RMSD: 1.006770, P: 0.874731, R^2: 0.710516
fold= 4
>>>>>>>>>>>>>training.............
###############################################RF#####################################################
RF_BET的BA值：-12.186526870961172
RF_BET:RMSD: 0.972055, P: 0.836577, R^2: 0.663960
RF_AE的BA值 ：-12.056236516726134
RF_AE :RMSD: 1.016898, P: 0.811806, R^2: 0.632240
RF_ECFP的BA值 ：-12.103263099812551
RF_ECFP :RMSD: 0.907100, P: 0.845274, R^2: 0.707370
RF_AE_BET的BA值    ：-11.874249730676354
RF_AE_BET    :RMSD: 0.973332, P: 0.838062, R^2: 0.663077
RF_AE_ECFP的BA值    ：-12.078961246515343
RF_AE_ECFP    :RMSD: 0.931544, P: 0.845026, R^2: 0.691386
RF_BET_ECFP的BA值    ：-12.144894985386863
RF_BET_ECFP    :RMSD: 0.916631, P: 0.851513, R^2: 0.701188
RF_AE_BET_ECFP的BA值    ：-11.950587520388419
RF_AE_BET_ECFP    :RMSD: 0.932121, P: 0.849586, R^2: 0.691004
fold= 5
>>>>>>>>>>>>>training.............
###############################################RF#####################################################
RF_BET的BA值：-12.160309543580905
RF_BET:RMSD: 1.080263, P: 0.816466, R^2: 0.640892
RF_AE的BA值 ：-12.586264251240896
RF_AE :RMSD: 1.020639, P: 0.838835, R^2: 0.679439
RF_ECFP的BA值 ：-12.860186638635533
RF_ECFP :RMSD: 0.954386, P: 0.853961, R^2: 0.719706
RF_AE_BET的BA值    ：-12.259133814915629
RF_AE_BET    :RMSD: 1.021714, P: 0.844362, R^2: 0.678763
RF_AE_ECFP的BA值    ：-12.699444723112201
RF_AE_ECFP    :RMSD: 0.954859, P: 0.856813, R^2: 0.719427
RF_BET_ECFP的BA值    ：-12.423446018597149
RF_BET_ECFP    :RMSD: 0.961622, P: 0.855691, R^2: 0.715439
RF_AE_BET_ECFP的BA值    ：-12.443630941604923
RF_AE_BET_ECFP    :RMSD: 0.966205, P: 0.857560, R^2: 0.712720
fold= 6
>>>>>>>>>>>>>training.............
###############################################RF#####################################################
RF_BET的BA值：-12.718539851031109
RF_BET:RMSD: 1.068002, P: 0.818570, R^2: 0.644043
RF_AE的BA值 ：-12.814342750109503
RF_AE :RMSD: 1.021967, P: 0.847406, R^2: 0.674068
RF_ECFP的BA值 ：-13.58326426158109
RF_ECFP :RMSD: 1.069509, P: 0.812225, R^2: 0.643038
RF_AE_BET的BA值    ：-12.766441300570307
RF_AE_BET    :RMSD: 1.030341, P: 0.840798, R^2: 0.668705
RF_AE_ECFP的BA值    ：-13.198803505845298
RF_AE_ECFP    :RMSD: 0.989268, P: 0.849797, R^2: 0.694592
RF_BET_ECFP的BA值    ：-13.1509020563061
RF_BET_ECFP    :RMSD: 1.015797, P: 0.836184, R^2: 0.677991
RF_AE_BET_ECFP的BA值    ：-13.038715620907235
RF_AE_BET_ECFP    :RMSD: 0.997747, P: 0.848659, R^2: 0.689334
fold= 7
>>>>>>>>>>>>>training.............
###############################################RF#####################################################
RF_BET的BA值：-12.805008581712354
RF_BET:RMSD: 0.809490, P: 0.903705, R^2: 0.774827
RF_AE的BA值 ：-12.048093572441507
RF_AE :RMSD: 0.914386, P: 0.858568, R^2: 0.712688
RF_ECFP的BA值 ：-13.45553546587279
RF_ECFP :RMSD: 0.860828, P: 0.864518, R^2: 0.745360
RF_AE_BET的BA值    ：-12.42655107707693
RF_AE_BET    :RMSD: 0.839813, P: 0.893437, R^2: 0.757641
RF_AE_ECFP的BA值    ：-12.751814519157149
RF_AE_ECFP    :RMSD: 0.843832, P: 0.877518, R^2: 0.755316
RF_BET_ECFP的BA值    ：-13.130272023792571
RF_BET_ECFP    :RMSD: 0.796928, P: 0.894791, R^2: 0.781761
RF_AE_BET_ECFP的BA值    ：-12.769545873342217
RF_AE_BET_ECFP    :RMSD: 0.814952, P: 0.893185, R^2: 0.771777
fold= 8
>>>>>>>>>>>>>training.............
###############################################RF#####################################################
RF_BET的BA值：-12.298858441794799
RF_BET:RMSD: 0.928175, P: 0.856924, R^2: 0.705602
RF_AE的BA值 ：-12.383890656105045
RF_AE :RMSD: 0.910438, P: 0.856807, R^2: 0.716746
RF_ECFP的BA值 ：-12.715796138429056
RF_ECFP :RMSD: 0.819228, P: 0.878062, R^2: 0.770657
RF_AE_BET的BA值    ：-12.280091342313444
RF_AE_BET    :RMSD: 0.903728, P: 0.863973, R^2: 0.720905
RF_AE_ECFP的BA值    ：-12.54984339726705
RF_AE_ECFP    :RMSD: 0.822278, P: 0.880792, R^2: 0.768946
RF_BET_ECFP的BA值    ：-12.367035945662899
RF_BET_ECFP    :RMSD: 0.830574, P: 0.880509, R^2: 0.764260
RF_AE_BET_ECFP的BA值    ：-12.331798711385963
RF_AE_BET_ECFP    :RMSD: 0.841252, P: 0.879187, R^2: 0.758160
fold= 9
>>>>>>>>>>>>>training.............
###############################################RF#####################################################
RF_BET的BA值：-12.30326366980251
RF_BET:RMSD: 1.083727, P: 0.789056, R^2: 0.610123
RF_AE的BA值 ：-12.437670634494996
RF_AE :RMSD: 1.053928, P: 0.803273, R^2: 0.631269
RF_ECFP的BA值 ：-13.303441012556647
RF_ECFP :RMSD: 1.051356, P: 0.801708, R^2: 0.633066
RF_AE_BET的BA值    ：-12.370467152148752
RF_AE_BET    :RMSD: 1.057015, P: 0.803474, R^2: 0.629105
RF_AE_ECFP的BA值    ：-12.822869843070912
RF_AE_ECFP    :RMSD: 1.015715, P: 0.811383, R^2: 0.657523
RF_BET_ECFP的BA值    ：-12.788159866969313
RF_BET_ECFP    :RMSD: 1.028980, P: 0.805753, R^2: 0.648519
RF_AE_BET_ECFP的BA值    ：-12.649667785314776
RF_AE_BET_ECFP    :RMSD: 1.024178, P: 0.810114, R^2: 0.651792
fold= 10
>>>>>>>>>>>>>training.............
###############################################RF#####################################################
RF_BET的BA值：-12.161484799205304
RF_BET:RMSD: 1.111392, P: 0.721505, R^2: 0.504836
RF_AE的BA值 ：-12.254308723528874
RF_AE :RMSD: 0.991371, P: 0.783039, R^2: 0.606008
RF_ECFP的BA值 ：-12.185697726298462
RF_ECFP :RMSD: 0.717728, P: 0.892779, R^2: 0.793493
RF_AE_BET的BA值    ：-12.207896761367088
RF_AE_BET    :RMSD: 1.030029, P: 0.767661, R^2: 0.574683
RF_AE_ECFP的BA值    ：-12.159279405785554
RF_AE_ECFP    :RMSD: 0.796804, P: 0.873163, R^2: 0.745482
RF_BET_ECFP的BA值    ：-12.023172035360618
RF_BET_ECFP    :RMSD: 0.850514, P: 0.856506, R^2: 0.710014
RF_AE_BET_ECFP的BA值    ：-12.077780340855606
RF_AE_BET_ECFP    :RMSD: 0.878368, P: 0.844822, R^2: 0.690709
@@@@@@@@@@@@@@@@@@@@@@@@@@@@@@@@@@@@@@@@@@@最终结果@@@@@@@@@@@@@@@@@@@@@@@@@@@@@@@@@@@@@@@@@@@@@@@@@@
@@@@@@@@@@@@@@@@@@@@@@@@@@@@@@@@@@@@@@@@@@@最终结果@@@@@@@@@@@@@@@@@@@@@@@@@@@@@@@@@@@@@@@@@@@@@@@@@@
%%%%%%%%%%%%%%%%%%%%%%%%%%%%%%%%%%%%%%%%%%%RF%%%%%%%%%%%%%%%%%%%%%%%%%%%%%%%%%%%%%%%%%%%%%%%%%%%%%%
RF_BET:0-th Final RMSD: 1.024700, Final P: 0.823925, Final R^2: 0.655395
RF_AE :0-th Final RMSD: 1.013747, Final P: 0.825593, Final R^2: 0.662723
RF_ECFP :0-th Final RMSD: 0.906965, Final P: 0.854718, Final R^2: 0.730034
RF_AE_BET    :0-th Final RMSD: 0.997287, Final P: 0.837935, Final R^2: 0.673586
RF_AE_ECFP    :0-th Final RMSD: 0.916612, Final P: 0.858053, Final R^2: 0.724260
RF_BET_ECFP    :0-th Final RMSD: 0.917073, Final P: 0.859513, Final R^2: 0.723983
RF_AE_BET_ECFP    :0-th Final RMSD: 0.931119, Final P: 0.858072, Final R^2: 0.715463
0-th RF_AE的BA值 ：-12.814343
0-th RF_BET的BA值：-12.805009
0-th RF_ECFP的BA值 ：-13.583264
0-th RF_AE_BET的BA值：-12.766441
0-th RF_AE_ECFP的BA值    ：-13.198804
0-th RF_BET_ECFP的BA值    ：-13.150902
0-th RF_AE_BET_ECFP的BA值    ：-13.038716
total time: 3.655732452273369 h
