size of data: (4520,)
size of train size: 3616
RF parameter
Namespace(n_estimators=10000, dataset='CHEMBL4409', max_depth=8, min_samples_split=4, min_samples_leaf=2, criterion='mse', random_seed=0)
fold= 1
>>>>>>>>>>>>>training.............
###############################################RF#####################################################
RF_BET的BA值：-13.192586315539275
RF_BET:RMSD: 1.113019, P: 0.696915, R^2: 0.451215
RF_AE的BA值 ：-13.08014327039906
RF_AE :RMSD: 1.102346, P: 0.690534, R^2: 0.461689
RF_ECFP的BA值 ：-14.063810996876459
RF_ECFP :RMSD: 1.153721, P: 0.643071, R^2: 0.410344
RF_AE_BET的BA值    ：-13.136364792969168
RF_AE_BET    :RMSD: 1.092215, P: 0.710666, R^2: 0.471539
RF_AE_ECFP的BA值    ：-13.41807628953034
RF_AE_ECFP    :RMSD: 1.089636, P: 0.706786, R^2: 0.474032
RF_BET_ECFP的BA值    ：-13.473088804393036
RF_BET_ECFP    :RMSD: 1.102978, P: 0.701709, R^2: 0.461072
RF_AE_BET_ECFP的BA值    ：-13.2395063969901
RF_AE_BET_ECFP    :RMSD: 1.085365, P: 0.717849, R^2: 0.478147
fold= 2
>>>>>>>>>>>>>training.............
###############################################RF#####################################################
RF_BET的BA值：-12.811410338046542
RF_BET:RMSD: 1.172901, P: 0.732655, R^2: 0.466487
RF_AE的BA值 ：-12.900555652939065
RF_AE :RMSD: 1.163620, P: 0.726911, R^2: 0.474897
RF_ECFP的BA值 ：-13.894996823248796
RF_ECFP :RMSD: 1.243576, P: 0.647730, R^2: 0.400255
RF_AE_BET的BA值    ：-12.855982995492804
RF_AE_BET    :RMSD: 1.155784, P: 0.747588, R^2: 0.481946
RF_AE_ECFP的BA值    ：-13.316691018697185
RF_AE_ECFP    :RMSD: 1.169398, P: 0.734219, R^2: 0.469669
RF_BET_ECFP的BA值    ：-13.330655988766644
RF_BET_ECFP    :RMSD: 1.182452, P: 0.725107, R^2: 0.457763
RF_AE_BET_ECFP的BA值    ：-13.147361829388268
RF_AE_BET_ECFP    :RMSD: 1.160934, P: 0.748498, R^2: 0.477319
fold= 3
>>>>>>>>>>>>>training.............
###############################################RF#####################################################
RF_BET的BA值：-13.263052432301745
RF_BET:RMSD: 1.168713, P: 0.711535, R^2: 0.455534
RF_AE的BA值 ：-12.905078519205157
RF_AE :RMSD: 1.231500, P: 0.651578, R^2: 0.395462
RF_ECFP的BA值 ：-14.260637783105086
RF_ECFP :RMSD: 1.256998, P: 0.610070, R^2: 0.370169
RF_AE_BET的BA值    ：-13.084065475753452
RF_AE_BET    :RMSD: 1.185395, P: 0.702456, R^2: 0.439880
RF_AE_ECFP的BA值    ：-13.562545554727024
RF_AE_ECFP    :RMSD: 1.203164, P: 0.677255, R^2: 0.422962
RF_BET_ECFP的BA值    ：-13.579120178842766
RF_BET_ECFP    :RMSD: 1.184080, P: 0.690940, R^2: 0.441122
RF_AE_BET_ECFP的BA值    ：-13.340897894678164
RF_AE_BET_ECFP    :RMSD: 1.181182, P: 0.703416, R^2: 0.443854
fold= 4
>>>>>>>>>>>>>training.............
###############################################RF#####################################################
RF_BET的BA值：-12.92966780760414
RF_BET:RMSD: 1.182661, P: 0.720360, R^2: 0.459639
RF_AE的BA值 ：-13.067400323635583
RF_AE :RMSD: 1.190228, P: 0.705445, R^2: 0.452703
RF_ECFP的BA值 ：-14.013170815609953
RF_ECFP :RMSD: 1.275507, P: 0.622261, R^2: 0.371465
RF_AE_BET的BA值    ：-12.998534065619861
RF_AE_BET    :RMSD: 1.173280, P: 0.731556, R^2: 0.468178
RF_AE_ECFP的BA值    ：-13.421178557691503
RF_AE_ECFP    :RMSD: 1.195368, P: 0.717817, R^2: 0.447965
RF_BET_ECFP的BA值    ：-13.451972509654802
RF_BET_ECFP    :RMSD: 1.197789, P: 0.716862, R^2: 0.445727
RF_AE_BET_ECFP的BA值    ：-13.244377106360886
RF_AE_BET_ECFP    :RMSD: 1.179383, P: 0.737131, R^2: 0.462630
fold= 5
>>>>>>>>>>>>>training.............
###############################################RF#####################################################
RF_BET的BA值：-13.000795368764535
RF_BET:RMSD: 1.169925, P: 0.726523, R^2: 0.478602
RF_AE的BA值 ：-12.865874570553729
RF_AE :RMSD: 1.180779, P: 0.716135, R^2: 0.468882
RF_ECFP的BA值 ：-14.287648404197363
RF_ECFP :RMSD: 1.277690, P: 0.617232, R^2: 0.378123
RF_AE_BET的BA值    ：-12.933334969659132
RF_AE_BET    :RMSD: 1.162660, P: 0.736913, R^2: 0.485058
RF_AE_ECFP的BA值    ：-13.483381164741612
RF_AE_ECFP    :RMSD: 1.186002, P: 0.714230, R^2: 0.464174
RF_BET_ECFP的BA值    ：-13.546552075535615
RF_BET_ECFP    :RMSD: 1.187754, P: 0.710739, R^2: 0.462589
RF_AE_BET_ECFP的BA值    ：-13.257406025452363
RF_AE_BET_ECFP    :RMSD: 1.168147, P: 0.734513, R^2: 0.480186
fold= 6
>>>>>>>>>>>>>training.............
###############################################RF#####################################################
RF_BET的BA值：-13.350248543280939
RF_BET:RMSD: 1.202000, P: 0.728180, R^2: 0.460338
RF_AE的BA值 ：-13.112488295547676
RF_AE :RMSD: 1.175782, P: 0.729199, R^2: 0.483623
RF_ECFP的BA值 ：-14.191050508046445
RF_ECFP :RMSD: 1.283164, P: 0.627118, R^2: 0.384997
RF_AE_BET的BA值    ：-13.231368419414308
RF_AE_BET    :RMSD: 1.175079, P: 0.746701, R^2: 0.484241
RF_AE_ECFP的BA值    ：-13.651769401797061
RF_AE_ECFP    :RMSD: 1.190154, P: 0.724342, R^2: 0.470923
RF_BET_ECFP的BA值    ：-13.770649525663693
RF_BET_ECFP    :RMSD: 1.211820, P: 0.711775, R^2: 0.451484
RF_AE_BET_ECFP的BA值    ：-13.551262448958354
RF_AE_BET_ECFP    :RMSD: 1.182716, P: 0.740923, R^2: 0.477515
fold= 7
>>>>>>>>>>>>>training.............
###############################################RF#####################################################
RF_BET的BA值：-12.92495794893189
RF_BET:RMSD: 1.213901, P: 0.703415, R^2: 0.450307
RF_AE的BA值 ：-12.994093955790419
RF_AE :RMSD: 1.278018, P: 0.640799, R^2: 0.390704
RF_ECFP的BA值 ：-14.229750022037186
RF_ECFP :RMSD: 1.226937, P: 0.663510, R^2: 0.438437
RF_AE_BET的BA值    ：-12.869342928403686
RF_AE_BET    :RMSD: 1.232196, P: 0.688017, R^2: 0.433612
RF_AE_ECFP的BA值    ：-13.442597084733817
RF_AE_ECFP    :RMSD: 1.187113, P: 0.716237, R^2: 0.474299
RF_BET_ECFP的BA值    ：-13.49821210526202
RF_BET_ECFP    :RMSD: 1.174429, P: 0.724420, R^2: 0.485473
RF_AE_BET_ECFP的BA值    ：-13.270050706133175
RF_AE_BET_ECFP    :RMSD: 1.183923, P: 0.726599, R^2: 0.477121
fold= 8
>>>>>>>>>>>>>training.............
###############################################RF#####################################################
RF_BET的BA值：-12.988703160374278
RF_BET:RMSD: 1.212932, P: 0.691203, R^2: 0.441348
RF_AE的BA值 ：-11.865048034129595
RF_AE :RMSD: 1.304398, P: 0.688034, R^2: 0.353916
RF_ECFP的BA值 ：-14.073599559357497
RF_ECFP :RMSD: 1.247400, P: 0.641626, R^2: 0.409146
RF_AE_BET的BA值    ：-12.332447539914332
RF_AE_BET    :RMSD: 1.232076, P: 0.714399, R^2: 0.423574
RF_AE_ECFP的BA值    ：-12.867914056394646
RF_AE_ECFP    :RMSD: 1.222819, P: 0.708460, R^2: 0.432203
RF_BET_ECFP的BA值    ：-13.503945573304925
RF_BET_ECFP    :RMSD: 1.195711, P: 0.700182, R^2: 0.457098
RF_AE_BET_ECFP的BA值    ：-12.890039900013882
RF_AE_BET_ECFP    :RMSD: 1.203856, P: 0.721601, R^2: 0.449677
fold= 9
>>>>>>>>>>>>>training.............
###############################################RF#####################################################
RF_BET的BA值：-13.205120302335164
RF_BET:RMSD: 1.167397, P: 0.721229, R^2: 0.466003
RF_AE的BA值 ：-12.916470199618875
RF_AE :RMSD: 1.183004, P: 0.686301, R^2: 0.451630
RF_ECFP的BA值 ：-14.160088095151947
RF_ECFP :RMSD: 1.271304, P: 0.614591, R^2: 0.366713
RF_AE_BET的BA值    ：-13.023010892195988
RF_AE_BET    :RMSD: 1.155023, P: 0.726295, R^2: 0.477264
RF_AE_ECFP的BA值    ：-13.452230757707321
RF_AE_ECFP    :RMSD: 1.179711, P: 0.707326, R^2: 0.454679
RF_BET_ECFP的BA值    ：-13.52908857347703
RF_BET_ECFP    :RMSD: 1.191725, P: 0.702186, R^2: 0.443514
RF_AE_BET_ECFP的BA值    ：-13.267516855738918
RF_AE_BET_ECFP    :RMSD: 1.164545, P: 0.726876, R^2: 0.468609
fold= 10
>>>>>>>>>>>>>training.............
###############################################RF#####################################################
RF_BET的BA值：-13.091395208647764
RF_BET:RMSD: 1.173617, P: 0.756463, R^2: 0.504700
RF_AE的BA值 ：-12.720999850793044
RF_AE :RMSD: 1.198981, P: 0.750899, R^2: 0.483060
RF_ECFP的BA值 ：-14.12376121529319
RF_ECFP :RMSD: 1.228960, P: 0.683507, R^2: 0.456886
RF_AE_BET的BA值    ：-12.832406130376338
RF_AE_BET    :RMSD: 1.173329, P: 0.770448, R^2: 0.504943
RF_AE_ECFP的BA值    ：-13.24130084051135
RF_AE_ECFP    :RMSD: 1.170001, P: 0.759725, R^2: 0.507748
RF_BET_ECFP的BA值    ：-13.38099205021104
RF_BET_ECFP    :RMSD: 1.170916, P: 0.746724, R^2: 0.506977
RF_AE_BET_ECFP的BA值    ：-13.040274855383863
RF_AE_BET_ECFP    :RMSD: 1.161479, P: 0.770636, R^2: 0.514892
@@@@@@@@@@@@@@@@@@@@@@@@@@@@@@@@@@@@@@@@@@@最终结果@@@@@@@@@@@@@@@@@@@@@@@@@@@@@@@@@@@@@@@@@@@@@@@@@@
@@@@@@@@@@@@@@@@@@@@@@@@@@@@@@@@@@@@@@@@@@@最终结果@@@@@@@@@@@@@@@@@@@@@@@@@@@@@@@@@@@@@@@@@@@@@@@@@@
%%%%%%%%%%%%%%%%%%%%%%%%%%%%%%%%%%%%%%%%%%%RF%%%%%%%%%%%%%%%%%%%%%%%%%%%%%%%%%%%%%%%%%%%%%%%%%%%%%%
RF_BET:0-th Final RMSD: 1.178031, Final P: 0.718948, Final R^2: 0.465304
RF_AE :0-th Final RMSD: 1.202121, Final P: 0.690588, Final R^2: 0.443212
RF_ECFP :0-th Final RMSD: 1.247055, Final P: 0.637160, Final R^2: 0.400810
RF_AE_BET    :0-th Final RMSD: 1.174317, Final P: 0.725264, Final R^2: 0.468670
RF_AE_ECFP    :0-th Final RMSD: 1.179810, Final P: 0.714987, Final R^2: 0.463688
RF_BET_ECFP    :0-th Final RMSD: 1.180298, Final P: 0.712941, Final R^2: 0.463244
RF_AE_BET_ECFP    :0-th Final RMSD: 1.167538, Final P: 0.732013, Final R^2: 0.474787
0-th RF_AE的BA值 ：-13.112488
0-th RF_BET的BA值：-13.350249
0-th RF_ECFP的BA值 ：-14.287648
0-th RF_AE_BET的BA值：-13.231368
0-th RF_AE_ECFP的BA值    ：-13.651769
0-th RF_BET_ECFP的BA值    ：-13.770650
0-th RF_AE_BET_ECFP的BA值    ：-13.551262
total time: 46.08396769258711 h
