size of data: (911,)
size of train size: 728
RF parameter
Namespace(n_estimators=10000, dataset='CHEMBL4462', max_depth=7, min_samples_split=3, min_samples_leaf=1, criterion='mse', random_seed=0)
fold= 1
>>>>>>>>>>>>>training.............
###############################################RF#####################################################
RF_BET的BA值：-12.55129847543806
RF_BET:RMSD: 0.882307, P: 0.768457, R^2: 0.565946
RF_AE的BA值 ：-12.410802109533762
RF_AE :RMSD: 0.903310, P: 0.754681, R^2: 0.545036
RF_ECFP的BA值 ：-13.044716174332114
RF_ECFP :RMSD: 0.802118, P: 0.814142, R^2: 0.641260
RF_AE_BET的BA值    ：-12.48105029248591
RF_AE_BET    :RMSD: 0.859817, P: 0.789835, R^2: 0.587793
RF_AE_ECFP的BA值    ：-12.727759141932939
RF_AE_ECFP    :RMSD: 0.817173, P: 0.814589, R^2: 0.627667
RF_BET_ECFP的BA值    ：-12.798007324885088
RF_BET_ECFP    :RMSD: 0.813218, P: 0.813869, R^2: 0.631262
RF_AE_BET_ECFP的BA值    ：-12.66893891976798
RF_AE_BET_ECFP    :RMSD: 0.818922, P: 0.815563, R^2: 0.626072
fold= 2
>>>>>>>>>>>>>training.............
###############################################RF#####################################################
RF_BET的BA值：-11.983929572704675
RF_BET:RMSD: 0.990700, P: 0.772265, R^2: 0.572426
RF_AE的BA值 ：-12.182967315748755
RF_AE :RMSD: 0.919059, P: 0.796610, R^2: 0.632029
RF_ECFP的BA值 ：-12.550042673809829
RF_ECFP :RMSD: 1.037074, P: 0.736946, R^2: 0.531460
RF_AE_BET的BA值    ：-11.373672558801866
RF_AE_BET    :RMSD: 0.891851, P: 0.822793, R^2: 0.653494
RF_AE_ECFP的BA值    ：-11.656729109354444
RF_AE_ECFP    :RMSD: 0.900443, P: 0.812817, R^2: 0.646785
RF_BET_ECFP的BA值    ：-12.26698612325725
RF_BET_ECFP    :RMSD: 0.981633, P: 0.776644, R^2: 0.580217
RF_AE_BET_ECFP的BA值    ：-11.765795930471185
RF_AE_BET_ECFP    :RMSD: 0.905386, P: 0.817758, R^2: 0.642897
fold= 3
>>>>>>>>>>>>>training.............
###############################################RF#####################################################
RF_BET的BA值：-12.715106719656129
RF_BET:RMSD: 1.169441, P: 0.809130, R^2: 0.609490
RF_AE的BA值 ：-12.287247237967447
RF_AE :RMSD: 1.116493, P: 0.869959, R^2: 0.644051
RF_ECFP的BA值 ：-13.063750837625836
RF_ECFP :RMSD: 0.961055, P: 0.867761, R^2: 0.736263
RF_AE_BET的BA值    ：-12.316221307282579
RF_AE_BET    :RMSD: 1.101482, P: 0.873500, R^2: 0.653558
RF_AE_ECFP的BA值    ：-12.473690238910377
RF_AE_ECFP    :RMSD: 0.981680, P: 0.891862, R^2: 0.724821
RF_BET_ECFP的BA值    ：-12.889428778640983
RF_BET_ECFP    :RMSD: 0.990970, P: 0.880935, R^2: 0.719588
RF_AE_BET_ECFP的BA值    ：-12.430858618139489
RF_AE_BET_ECFP    :RMSD: 1.005438, P: 0.894458, R^2: 0.711340
fold= 4
>>>>>>>>>>>>>training.............
###############################################RF#####################################################
RF_BET的BA值：-11.095657768157118
RF_BET:RMSD: 0.816579, P: 0.745214, R^2: 0.540181
RF_AE的BA值 ：-10.499509836317404
RF_AE :RMSD: 0.986064, P: 0.660178, R^2: 0.329497
RF_ECFP的BA值 ：-10.624499919872282
RF_ECFP :RMSD: 0.793968, P: 0.752324, R^2: 0.565293
RF_AE_BET的BA值    ：-10.74424036225047
RF_AE_BET    :RMSD: 0.839086, P: 0.751095, R^2: 0.514484
RF_AE_ECFP的BA值    ：-10.489054204311504
RF_AE_ECFP    :RMSD: 0.809361, P: 0.761742, R^2: 0.548274
RF_BET_ECFP的BA值    ：-10.804819002251946
RF_BET_ECFP    :RMSD: 0.773955, P: 0.770455, R^2: 0.586931
RF_AE_BET_ECFP的BA值    ：-10.667486986949237
RF_AE_BET_ECFP    :RMSD: 0.786203, P: 0.776666, R^2: 0.573754
fold= 5
>>>>>>>>>>>>>training.............
###############################################RF#####################################################
RF_BET的BA值：-11.977630508782738
RF_BET:RMSD: 1.430592, P: 0.691118, R^2: 0.386492
RF_AE的BA值 ：-11.992160514441654
RF_AE :RMSD: 1.299309, P: 0.809043, R^2: 0.493926
RF_ECFP的BA值 ：-13.215649466805562
RF_ECFP :RMSD: 0.947023, P: 0.858160, R^2: 0.731150
RF_AE_BET的BA值    ：-11.687882047243882
RF_AE_BET    :RMSD: 1.313033, P: 0.816931, R^2: 0.483180
RF_AE_ECFP的BA值    ：-12.306891526255294
RF_AE_ECFP    :RMSD: 1.009033, P: 0.885028, R^2: 0.694790
RF_BET_ECFP的BA值    ：-12.59663998779415
RF_BET_ECFP    :RMSD: 1.089597, P: 0.843185, R^2: 0.644106
RF_AE_BET_ECFP的BA值    ：-12.19713785376444
RF_AE_BET_ECFP    :RMSD: 1.109857, P: 0.870904, R^2: 0.630748
fold= 6
>>>>>>>>>>>>>training.............
###############################################RF#####################################################
RF_BET的BA值：-12.177555154897803
RF_BET:RMSD: 0.978321, P: 0.838718, R^2: 0.663467
RF_AE的BA值 ：-12.054437616363902
RF_AE :RMSD: 0.986227, P: 0.839479, R^2: 0.658006
RF_ECFP的BA值 ：-12.403832885726366
RF_ECFP :RMSD: 0.868857, P: 0.871877, R^2: 0.734563
RF_AE_BET的BA值    ：-11.757656849289942
RF_AE_BET    :RMSD: 0.919826, P: 0.886141, R^2: 0.702507
RF_AE_ECFP的BA值    ：-11.870795714704224
RF_AE_ECFP    :RMSD: 0.876683, P: 0.888016, R^2: 0.729760
RF_BET_ECFP的BA值    ：-12.290694020312085
RF_BET_ECFP    :RMSD: 0.903933, P: 0.867963, R^2: 0.712699
RF_AE_BET_ECFP的BA值    ：-11.973048861435416
RF_AE_BET_ECFP    :RMSD: 0.884579, P: 0.890353, R^2: 0.724870
fold= 7
>>>>>>>>>>>>>training.............
###############################################RF#####################################################
RF_BET的BA值：-11.941464820998046
RF_BET:RMSD: 0.875911, P: 0.757042, R^2: 0.568862
RF_AE的BA值 ：-10.929626291675032
RF_AE :RMSD: 0.872926, P: 0.764013, R^2: 0.571795
RF_ECFP的BA值 ：-12.160227633163235
RF_ECFP :RMSD: 0.854602, P: 0.778651, R^2: 0.589584
RF_AE_BET的BA值    ：-11.435545556336539
RF_AE_BET    :RMSD: 0.848003, P: 0.774800, R^2: 0.595898
RF_AE_ECFP的BA值    ：-11.544926962419133
RF_AE_ECFP    :RMSD: 0.818449, P: 0.795001, R^2: 0.623574
RF_BET_ECFP的BA值    ：-12.05084622708064
RF_BET_ECFP    :RMSD: 0.835855, P: 0.782746, R^2: 0.607393
RF_AE_BET_ECFP的BA值    ：-11.677106248612105
RF_AE_BET_ECFP    :RMSD: 0.822660, P: 0.790253, R^2: 0.619691
fold= 8
>>>>>>>>>>>>>training.............
###############################################RF#####################################################
RF_BET的BA值：-12.71196390228426
RF_BET:RMSD: 0.817412, P: 0.866437, R^2: 0.738058
RF_AE的BA值 ：-12.58372756026418
RF_AE :RMSD: 0.905816, P: 0.850660, R^2: 0.678335
RF_ECFP的BA值 ：-13.677931660699361
RF_ECFP :RMSD: 0.746584, P: 0.887378, R^2: 0.781485
RF_AE_BET的BA值    ：-12.201967979488533
RF_AE_BET    :RMSD: 0.811169, P: 0.884751, R^2: 0.742043
RF_AE_ECFP的BA值    ：-12.84156393831238
RF_AE_ECFP    :RMSD: 0.760721, P: 0.892152, R^2: 0.773131
RF_BET_ECFP的BA值    ：-13.19494778149181
RF_BET_ECFP    :RMSD: 0.738411, P: 0.893365, R^2: 0.786243
RF_AE_BET_ECFP的BA值    ：-12.693955873225477
RF_AE_BET_ECFP    :RMSD: 0.751422, P: 0.897195, R^2: 0.778644
fold= 9
>>>>>>>>>>>>>training.............
###############################################RF#####################################################
RF_BET的BA值：-10.388220009626556
RF_BET:RMSD: 1.022715, P: 0.684012, R^2: 0.461767
RF_AE的BA值 ：-10.609187798886019
RF_AE :RMSD: 0.889440, P: 0.781806, R^2: 0.592907
RF_ECFP的BA值 ：-10.316865787186762
RF_ECFP :RMSD: 0.834557, P: 0.815999, R^2: 0.641596
RF_AE_BET的BA值    ：-10.271668260030035
RF_AE_BET    :RMSD: 0.916728, P: 0.771429, R^2: 0.567544
RF_AE_ECFP的BA值    ：-10.252000885896893
RF_AE_ECFP    :RMSD: 0.823305, P: 0.830968, R^2: 0.651195
RF_BET_ECFP的BA值    ：-10.352542898406659
RF_BET_ECFP    :RMSD: 0.899644, P: 0.779142, R^2: 0.583512
RF_AE_BET_ECFP的BA值    ：-10.271146225229572
RF_AE_BET_ECFP    :RMSD: 0.867742, P: 0.805923, R^2: 0.612527
fold= 10
>>>>>>>>>>>>>training.............
###############################################RF#####################################################
RF_BET的BA值：-12.393865862350946
RF_BET:RMSD: 1.081539, P: 0.753162, R^2: 0.547587
RF_AE的BA值 ：-12.716947480603524
RF_AE :RMSD: 1.293936, P: 0.597781, R^2: 0.352445
RF_ECFP的BA值 ：-13.051361340148748
RF_ECFP :RMSD: 1.056400, P: 0.757050, R^2: 0.568374
RF_AE_BET的BA值    ：-12.555406671477236
RF_AE_BET    :RMSD: 1.137318, P: 0.717400, R^2: 0.499718
RF_AE_ECFP的BA值    ：-12.884154410376137
RF_AE_ECFP    :RMSD: 1.099717, P: 0.738199, R^2: 0.532250
RF_BET_ECFP的BA值    ：-12.722613601249847
RF_BET_ECFP    :RMSD: 1.036515, P: 0.777267, R^2: 0.584470
RF_AE_BET_ECFP的BA值    ：-12.72072489436774
RF_AE_BET_ECFP    :RMSD: 1.072326, P: 0.760585, R^2: 0.555261
@@@@@@@@@@@@@@@@@@@@@@@@@@@@@@@@@@@@@@@@@@@最终结果@@@@@@@@@@@@@@@@@@@@@@@@@@@@@@@@@@@@@@@@@@@@@@@@@@
@@@@@@@@@@@@@@@@@@@@@@@@@@@@@@@@@@@@@@@@@@@最终结果@@@@@@@@@@@@@@@@@@@@@@@@@@@@@@@@@@@@@@@@@@@@@@@@@@
%%%%%%%%%%%%%%%%%%%%%%%%%%%%%%%%%%%%%%%%%%%RF%%%%%%%%%%%%%%%%%%%%%%%%%%%%%%%%%%%%%%%%%%%%%%%%%%%%%%
RF_BET:0-th Final RMSD: 1.022065, Final P: 0.764050, Final R^2: 0.571664
RF_AE :0-th Final RMSD: 1.028862, Final P: 0.762267, Final R^2: 0.565948
RF_ECFP :0-th Final RMSD: 0.895720, Final P: 0.820780, Final R^2: 0.671018
RF_AE_BET    :0-th Final RMSD: 0.976257, Final P: 0.802803, Final R^2: 0.609199
RF_AE_ECFP    :0-th Final RMSD: 0.895452, Final P: 0.836124, Final R^2: 0.671215
RF_BET_ECFP    :0-th Final RMSD: 0.913017, Final P: 0.822388, Final R^2: 0.658190
RF_AE_BET_ECFP    :0-th Final RMSD: 0.909735, Final P: 0.834054, Final R^2: 0.660643
0-th RF_AE的BA值 ：-12.716947
0-th RF_BET的BA值：-12.715107
0-th RF_ECFP的BA值 ：-13.677932
0-th RF_AE_BET的BA值：-12.555407
0-th RF_AE_ECFP的BA值    ：-12.884154
0-th RF_BET_ECFP的BA值    ：-13.194948
0-th RF_AE_BET_ECFP的BA值    ：-12.720725
total time: 7.231851876311832 h
