size of data: (347,)
size of train size: 277
RF parameter
Namespace(n_estimators=10000, dataset='CHEMBL2083', max_depth=7, min_samples_split=3, min_samples_leaf=1, criterion='mse', random_seed=0)
fold= 1
>>>>>>>>>>>>>training.............
###############################################RF#####################################################
RF_BET的BA值：-10.6383352242472
RF_BET:RMSD: 0.672950, P: 0.890217, R^2: 0.745355
RF_AE的BA值 ：-10.552870510729138
RF_AE :RMSD: 0.751965, P: 0.897210, R^2: 0.682046
RF_ECFP的BA值 ：-10.762689668143139
RF_ECFP :RMSD: 0.747321, P: 0.831834, R^2: 0.685961
RF_AE_BET的BA值    ：-10.595602867488168
RF_AE_BET    :RMSD: 0.695234, P: 0.904889, R^2: 0.728211
RF_AE_ECFP的BA值    ：-10.65077637471882
RF_AE_ECFP    :RMSD: 0.704686, P: 0.876736, R^2: 0.720771
RF_BET_ECFP的BA值    ：-10.693508731477852
RF_BET_ECFP    :RMSD: 0.687808, P: 0.870070, R^2: 0.733986
RF_AE_BET_ECFP的BA值    ：-10.646629324561614
RF_AE_BET_ECFP    :RMSD: 0.685990, P: 0.887624, R^2: 0.735390
fold= 2
>>>>>>>>>>>>>training.............
###############################################RF#####################################################
RF_BET的BA值：-10.58167644606214
RF_BET:RMSD: 0.757086, P: 0.826320, R^2: 0.664064
RF_AE的BA值 ：-10.308107391572571
RF_AE :RMSD: 0.880559, P: 0.750157, R^2: 0.545553
RF_ECFP的BA值 ：-10.920063524538847
RF_ECFP :RMSD: 0.722613, P: 0.849214, R^2: 0.693960
RF_AE_BET的BA值    ：-10.444891918817355
RF_AE_BET    :RMSD: 0.805936, P: 0.802702, R^2: 0.619313
RF_AE_ECFP的BA值    ：-10.444641732465016
RF_AE_ECFP    :RMSD: 0.743888, P: 0.833160, R^2: 0.675674
RF_BET_ECFP的BA值    ：-10.517868439540617
RF_BET_ECFP    :RMSD: 0.689680, P: 0.857778, R^2: 0.721220
RF_AE_BET_ECFP的BA值    ：-10.447948090217935
RF_AE_BET_ECFP    :RMSD: 0.733599, P: 0.839888, R^2: 0.684583
fold= 3
>>>>>>>>>>>>>training.............
###############################################RF#####################################################
RF_BET的BA值：-10.621672917810622
RF_BET:RMSD: 0.759535, P: 0.890908, R^2: 0.733083
RF_AE的BA值 ：-10.640192141807894
RF_AE :RMSD: 0.872165, P: 0.848037, R^2: 0.648053
RF_ECFP的BA值 ：-10.71038961989487
RF_ECFP :RMSD: 0.592452, P: 0.923228, R^2: 0.837600
RF_AE_BET的BA值    ：-10.630932529809257
RF_AE_BET    :RMSD: 0.804625, P: 0.880419, R^2: 0.700452
RF_AE_ECFP的BA值    ：-10.675290880851382
RF_AE_ECFP    :RMSD: 0.695720, P: 0.911478, R^2: 0.776051
RF_BET_ECFP的BA值    ：-10.666031268852747
RF_BET_ECFP    :RMSD: 0.652585, P: 0.918687, R^2: 0.802960
RF_AE_BET_ECFP的BA值    ：-10.657418226504463
RF_AE_BET_ECFP    :RMSD: 0.710297, P: 0.909346, R^2: 0.766568
fold= 4
>>>>>>>>>>>>>training.............
###############################################RF#####################################################
RF_BET的BA值：-10.725778472615994
RF_BET:RMSD: 0.754928, P: 0.787914, R^2: 0.615216
RF_AE的BA值 ：-10.514252541935656
RF_AE :RMSD: 0.870596, P: 0.705243, R^2: 0.488273
RF_ECFP的BA值 ：-10.790150890095894
RF_ECFP :RMSD: 0.856152, P: 0.732793, R^2: 0.505111
RF_AE_BET的BA值    ：-10.56824718956206
RF_AE_BET    :RMSD: 0.799864, P: 0.758129, R^2: 0.568045
RF_AE_ECFP的BA值    ：-10.600433398302009
RF_AE_ECFP    :RMSD: 0.828849, P: 0.736229, R^2: 0.536172
RF_BET_ECFP的BA值    ：-10.757964681355944
RF_BET_ECFP    :RMSD: 0.780608, P: 0.771417, R^2: 0.588593
RF_AE_BET_ECFP的BA值    ：-10.642215089740004
RF_AE_BET_ECFP    :RMSD: 0.794680, P: 0.759987, R^2: 0.573627
fold= 5
>>>>>>>>>>>>>training.............
###############################################RF#####################################################
RF_BET的BA值：-10.234417427289522
RF_BET:RMSD: 1.054478, P: 0.782349, R^2: 0.447655
RF_AE的BA值 ：-10.208417426585466
RF_AE :RMSD: 0.989376, P: 0.821693, R^2: 0.513752
RF_ECFP的BA值 ：-10.667331422845214
RF_ECFP :RMSD: 0.564589, P: 0.922130, R^2: 0.841656
RF_AE_BET的BA值    ：-10.221417426937494
RF_AE_BET    :RMSD: 1.005111, P: 0.819552, R^2: 0.498162
RF_AE_ECFP的BA值    ：-10.393196416318318
RF_AE_ECFP    :RMSD: 0.731651, P: 0.902645, R^2: 0.734085
RF_BET_ECFP的BA值    ：-10.406196416670348
RF_BET_ECFP    :RMSD: 0.737733, P: 0.905610, R^2: 0.729645
RF_AE_BET_ECFP的BA值    ：-10.340270086642054
RF_AE_BET_ECFP    :RMSD: 0.813066, P: 0.890939, R^2: 0.671612
fold= 6
>>>>>>>>>>>>>training.............
###############################################RF#####################################################
RF_BET的BA值：-10.517483695974871
RF_BET:RMSD: 0.793717, P: 0.775144, R^2: 0.572200
RF_AE的BA值 ：-10.25239326482902
RF_AE :RMSD: 0.878796, P: 0.741942, R^2: 0.475572
RF_ECFP的BA值 ：-10.656149142031879
RF_ECFP :RMSD: 0.623395, P: 0.859110, R^2: 0.736101
RF_AE_BET的BA值    ：-10.384938480401946
RF_AE_BET    :RMSD: 0.817419, P: 0.775294, R^2: 0.546268
RF_AE_ECFP的BA值    ：-10.45427120343045
RF_AE_ECFP    :RMSD: 0.715284, P: 0.829170, R^2: 0.652570
RF_BET_ECFP的BA值    ：-10.586816419003375
RF_BET_ECFP    :RMSD: 0.684728, P: 0.834268, R^2: 0.681620
RF_AE_BET_ECFP的BA值    ：-10.47534203427859
RF_AE_BET_ECFP    :RMSD: 0.730581, P: 0.820074, R^2: 0.637551
fold= 7
>>>>>>>>>>>>>training.............
###############################################RF#####################################################
RF_BET的BA值：-10.611673870785822
RF_BET:RMSD: 1.023970, P: 0.732933, R^2: 0.526595
RF_AE的BA值 ：-10.331679547309363
RF_AE :RMSD: 0.983126, P: 0.774560, R^2: 0.563608
RF_ECFP的BA值 ：-10.849580346575335
RF_ECFP :RMSD: 0.834955, P: 0.835006, R^2: 0.685237
RF_AE_BET的BA值    ：-10.471676709047593
RF_AE_BET    :RMSD: 0.991941, P: 0.757814, R^2: 0.555748
RF_AE_ECFP的BA值    ：-10.570070723615789
RF_AE_ECFP    :RMSD: 0.881779, P: 0.816948, R^2: 0.648943
RF_BET_ECFP的BA值    ：-10.710067885354018
RF_BET_ECFP    :RMSD: 0.913181, P: 0.797890, R^2: 0.623494
RF_AE_BET_ECFP的BA值    ：-10.583938439339134
RF_AE_BET_ECFP    :RMSD: 0.923118, P: 0.794804, R^2: 0.615256
fold= 8
>>>>>>>>>>>>>training.............
###############################################RF#####################################################
RF_BET的BA值：-10.66793134984527
RF_BET:RMSD: 1.171793, P: 0.717774, R^2: 0.478499
RF_AE的BA值 ：-10.461503778156303
RF_AE :RMSD: 1.291745, P: 0.677630, R^2: 0.366266
RF_ECFP的BA值 ：-10.805072404928906
RF_ECFP :RMSD: 1.042523, P: 0.781758, R^2: 0.587215
RF_AE_BET的BA值    ：-10.564717564000787
RF_AE_BET    :RMSD: 1.219211, P: 0.709208, R^2: 0.435439
RF_AE_ECFP的BA值    ：-10.611880371640517
RF_AE_ECFP    :RMSD: 1.140676, P: 0.758451, R^2: 0.505828
RF_BET_ECFP的BA值    ：-10.715094157485002
RF_BET_ECFP    :RMSD: 1.089635, P: 0.766298, R^2: 0.549063
RF_AE_BET_ECFP的BA值    ：-10.630564031042102
RF_AE_BET_ECFP    :RMSD: 1.143636, P: 0.751564, R^2: 0.503260
fold= 9
>>>>>>>>>>>>>training.............
###############################################RF#####################################################
RF_BET的BA值：-10.642621533122762
RF_BET:RMSD: 0.800868, P: 0.757394, R^2: 0.573002
RF_AE的BA值 ：-10.515864411108218
RF_AE :RMSD: 0.880504, P: 0.707983, R^2: 0.483861
RF_ECFP的BA值 ：-10.776246226204698
RF_ECFP :RMSD: 0.736343, P: 0.804014, R^2: 0.639035
RF_AE_BET的BA值    ：-10.579242972115491
RF_AE_BET    :RMSD: 0.828075, P: 0.743149, R^2: 0.543497
RF_AE_ECFP的BA值    ：-10.646055318656458
RF_AE_ECFP    :RMSD: 0.769959, P: 0.780838, R^2: 0.605325
RF_BET_ECFP的BA值    ：-10.709433879663731
RF_BET_ECFP    :RMSD: 0.732475, P: 0.801870, R^2: 0.642818
RF_AE_BET_ECFP的BA值    ：-10.64491072347856
RF_AE_BET_ECFP    :RMSD: 0.767491, P: 0.782614, R^2: 0.607851
fold= 10
>>>>>>>>>>>>>training.............
###############################################RF#####################################################
RF_BET的BA值：-10.504898100782462
RF_BET:RMSD: 0.839076, P: 0.813636, R^2: 0.651681
RF_AE的BA值 ：-10.478017362367337
RF_AE :RMSD: 0.954941, P: 0.756754, R^2: 0.548843
RF_ECFP的BA值 ：-10.78230746250646
RF_ECFP :RMSD: 0.789263, P: 0.831903, R^2: 0.691810
RF_AE_BET的BA值    ：-10.4914577315749
RF_AE_BET    :RMSD: 0.887261, P: 0.794172, R^2: 0.610527
RF_AE_ECFP的BA值    ：-10.593476061259732
RF_AE_ECFP    :RMSD: 0.825586, P: 0.824850, R^2: 0.662791
RF_BET_ECFP的BA值    ：-10.606916430467294
RF_BET_ECFP    :RMSD: 0.783443, P: 0.838667, R^2: 0.696339
RF_AE_BET_ECFP的BA值    ：-10.563950074433976
RF_AE_BET_ECFP    :RMSD: 0.822701, P: 0.825985, R^2: 0.665143
@@@@@@@@@@@@@@@@@@@@@@@@@@@@@@@@@@@@@@@@@@@最终结果@@@@@@@@@@@@@@@@@@@@@@@@@@@@@@@@@@@@@@@@@@@@@@@@@@
@@@@@@@@@@@@@@@@@@@@@@@@@@@@@@@@@@@@@@@@@@@最终结果@@@@@@@@@@@@@@@@@@@@@@@@@@@@@@@@@@@@@@@@@@@@@@@@@@
%%%%%%%%%%%%%%%%%%%%%%%%%%%%%%%%%%%%%%%%%%%RF%%%%%%%%%%%%%%%%%%%%%%%%%%%%%%%%%%%%%%%%%%%%%%%%%%%%%%
RF_BET:0-th Final RMSD: 0.875779, Final P: 0.786657, Final R^2: 0.604689
RF_AE :0-th Final RMSD: 0.944111, Final P: 0.760316, Final R^2: 0.540594
RF_ECFP :0-th Final RMSD: 0.762011, Final P: 0.837375, Final R^2: 0.700723
RF_AE_BET    :0-th Final RMSD: 0.895886, Final P: 0.785209, Final R^2: 0.586329
RF_AE_ECFP    :0-th Final RMSD: 0.812652, Final P: 0.825708, Final R^2: 0.659623
RF_BET_ECFP    :0-th Final RMSD: 0.784508, Final P: 0.832936, Final R^2: 0.682791
RF_AE_BET_ECFP    :0-th Final RMSD: 0.821575, Final P: 0.822193, Final R^2: 0.652107
0-th RF_AE的BA值 ：-10.640192
0-th RF_BET的BA值：-10.725778
0-th RF_ECFP的BA值 ：-10.920064
0-th RF_AE_BET的BA值：-10.630933
0-th RF_AE_ECFP的BA值    ：-10.675291
0-th RF_BET_ECFP的BA值    ：-10.757965
0-th RF_AE_BET_ECFP的BA值    ：-10.657418
total time: 2.2547747367620468 h
