size of data: (671,)
size of train size: 536
RF parameter
Namespace(n_estimators=10000, dataset='CHEMBL2789', max_depth=7, min_samples_split=3, min_samples_leaf=1, criterion='mse', random_seed=0)
fold= 1
>>>>>>>>>>>>>training.............
###############################################RF#####################################################
RF_BET的BA值：-11.929852179433947
RF_BET:RMSD: 0.719640, P: 0.858037, R^2: 0.725091
RF_AE的BA值 ：-12.075759680884026
RF_AE :RMSD: 0.577338, P: 0.916520, R^2: 0.823063
RF_ECFP的BA值 ：-12.19248250584393
RF_ECFP :RMSD: 0.549391, P: 0.918929, R^2: 0.839778
RF_AE_BET的BA值    ：-11.926125849093754
RF_AE_BET    :RMSD: 0.619583, P: 0.902398, R^2: 0.796222
RF_AE_ECFP的BA值    ：-11.976126329293505
RF_AE_ECFP    :RMSD: 0.541916, P: 0.925552, R^2: 0.844108
RF_BET_ECFP的BA值    ：-11.962039725742661
RF_BET_ECFP    :RMSD: 0.611192, P: 0.900854, R^2: 0.801704
RF_AE_BET_ECFP的BA值    ：-11.909581558630165
RF_AE_BET_ECFP    :RMSD: 0.582277, P: 0.913576, R^2: 0.820022
fold= 2
>>>>>>>>>>>>>training.............
###############################################RF#####################################################
RF_BET的BA值：-11.79664660956987
RF_BET:RMSD: 0.693748, P: 0.881187, R^2: 0.760891
RF_AE的BA值 ：-12.025509196459858
RF_AE :RMSD: 0.756608, P: 0.852423, R^2: 0.715597
RF_ECFP的BA值 ：-12.363604821994779
RF_ECFP :RMSD: 0.708580, P: 0.867112, R^2: 0.750558
RF_AE_BET的BA值    ：-11.911077903014863
RF_AE_BET    :RMSD: 0.687535, P: 0.882855, R^2: 0.765154
RF_AE_ECFP的BA值    ：-12.102662844632214
RF_AE_ECFP    :RMSD: 0.683910, P: 0.879542, R^2: 0.767624
RF_BET_ECFP的BA值    ：-12.028273944021732
RF_BET_ECFP    :RMSD: 0.670629, P: 0.885432, R^2: 0.776562
RF_AE_BET_ECFP的BA值    ：-11.97344645032267
RF_AE_BET_ECFP    :RMSD: 0.667075, P: 0.888057, R^2: 0.778924
fold= 3
>>>>>>>>>>>>>training.............
###############################################RF#####################################################
RF_BET的BA值：-12.057159449922514
RF_BET:RMSD: 0.789945, P: 0.866387, R^2: 0.741953
RF_AE的BA值 ：-12.155269591302917
RF_AE :RMSD: 0.736650, P: 0.889598, R^2: 0.775598
RF_ECFP的BA值 ：-12.277076399010964
RF_ECFP :RMSD: 0.665347, P: 0.904610, R^2: 0.816937
RF_AE_BET的BA值    ：-11.888025368773306
RF_AE_BET    :RMSD: 0.729614, P: 0.890398, R^2: 0.779864
RF_AE_ECFP的BA值    ：-12.21617299515694
RF_AE_ECFP    :RMSD: 0.666141, P: 0.905194, R^2: 0.816500
RF_BET_ECFP的BA值    ：-12.125653621191752
RF_BET_ECFP    :RMSD: 0.693924, P: 0.895698, R^2: 0.800874
RF_AE_BET_ECFP的BA值    ：-11.976019516148773
RF_AE_BET_ECFP    :RMSD: 0.684843, P: 0.900517, R^2: 0.806052
fold= 4
>>>>>>>>>>>>>training.............
###############################################RF#####################################################
RF_BET的BA值：-11.982734320217931
RF_BET:RMSD: 0.736623, P: 0.909329, R^2: 0.807052
RF_AE的BA值 ：-12.044889791964824
RF_AE :RMSD: 0.798385, P: 0.896161, R^2: 0.773340
RF_ECFP的BA值 ：-12.188886325626228
RF_ECFP :RMSD: 0.644162, P: 0.924658, R^2: 0.852449
RF_AE_BET的BA值    ：-12.013812056091378
RF_AE_BET    :RMSD: 0.738930, P: 0.913109, R^2: 0.805841
RF_AE_ECFP的BA值    ：-12.008307870947682
RF_AE_ECFP    :RMSD: 0.676591, P: 0.921084, R^2: 0.837219
RF_BET_ECFP的BA值    ：-12.010652510533934
RF_BET_ECFP    :RMSD: 0.653407, P: 0.925223, R^2: 0.848184
RF_AE_BET_ECFP的BA值    ：-11.999783354037765
RF_AE_BET_ECFP    :RMSD: 0.677246, P: 0.923064, R^2: 0.836904
fold= 5
>>>>>>>>>>>>>training.............
###############################################RF#####################################################
RF_BET的BA值：-12.27930493817855
RF_BET:RMSD: 0.559348, P: 0.939116, R^2: 0.878185
RF_AE的BA值 ：-12.175963632668516
RF_AE :RMSD: 0.547759, P: 0.943133, R^2: 0.883181
RF_ECFP的BA值 ：-12.133968197026286
RF_ECFP :RMSD: 0.574866, P: 0.936533, R^2: 0.871332
RF_AE_BET的BA值    ：-12.227634285423534
RF_AE_BET    :RMSD: 0.543690, P: 0.943507, R^2: 0.884910
RF_AE_ECFP的BA值    ：-12.154965914847402
RF_AE_ECFP    :RMSD: 0.541495, P: 0.943333, R^2: 0.885837
RF_BET_ECFP的BA值    ：-12.206636567602418
RF_BET_ECFP    :RMSD: 0.553229, P: 0.940627, R^2: 0.880836
RF_AE_BET_ECFP的BA值    ：-12.196412255957783
RF_AE_BET_ECFP    :RMSD: 0.541206, P: 0.943474, R^2: 0.885959
fold= 6
>>>>>>>>>>>>>training.............
###############################################RF#####################################################
RF_BET的BA值：-12.0542819182562
RF_BET:RMSD: 0.614248, P: 0.925762, R^2: 0.833338
RF_AE的BA值 ：-12.221460486340634
RF_AE :RMSD: 0.854056, P: 0.894252, R^2: 0.677803
RF_ECFP的BA值 ：-12.052929462624203
RF_ECFP :RMSD: 0.563141, P: 0.927662, R^2: 0.859918
RF_AE_BET的BA值    ：-12.127993756611978
RF_AE_BET    :RMSD: 0.691351, P: 0.926136, R^2: 0.788872
RF_AE_ECFP的BA值    ：-12.103979771635387
RF_AE_ECFP    :RMSD: 0.636241, P: 0.928305, R^2: 0.821190
RF_BET_ECFP的BA值    ：-12.0536056904402
RF_BET_ECFP    :RMSD: 0.565979, P: 0.931013, R^2: 0.858502
RF_AE_BET_ECFP的BA值    ：-12.080828856718034
RF_AE_BET_ECFP    :RMSD: 0.613602, P: 0.932025, R^2: 0.833689
fold= 7
>>>>>>>>>>>>>training.............
###############################################RF#####################################################
RF_BET的BA值：-12.261229997465609
RF_BET:RMSD: 0.623818, P: 0.919141, R^2: 0.838052
RF_AE的BA值 ：-11.980736723550027
RF_AE :RMSD: 0.609618, P: 0.922363, R^2: 0.845341
RF_ECFP的BA值 ：-12.229541459815652
RF_ECFP :RMSD: 0.491815, P: 0.949276, R^2: 0.899339
RF_AE_BET的BA值    ：-12.120983360507818
RF_AE_BET    :RMSD: 0.593078, P: 0.927727, R^2: 0.853619
RF_AE_ECFP的BA值    ：-12.055180163954194
RF_AE_ECFP    :RMSD: 0.517508, P: 0.945077, R^2: 0.888546
RF_BET_ECFP的BA值    ：-12.195426800911985
RF_BET_ECFP    :RMSD: 0.519306, P: 0.944530, R^2: 0.887770
RF_AE_BET_ECFP的BA值    ：-12.123863441791334
RF_AE_BET_ECFP    :RMSD: 0.532737, P: 0.942172, R^2: 0.881890
fold= 8
>>>>>>>>>>>>>training.............
###############################################RF#####################################################
RF_BET的BA值：-12.14203065166274
RF_BET:RMSD: 0.670585, P: 0.913085, R^2: 0.813526
RF_AE的BA值 ：-12.166117262415431
RF_AE :RMSD: 0.647146, P: 0.929491, R^2: 0.826334
RF_ECFP的BA值 ：-12.279060065266815
RF_ECFP :RMSD: 0.645386, P: 0.916646, R^2: 0.827277
RF_AE_BET的BA值    ：-12.154073957039085
RF_AE_BET    :RMSD: 0.638479, P: 0.928661, R^2: 0.830954
RF_AE_ECFP的BA值    ：-12.222588663841123
RF_AE_ECFP    :RMSD: 0.610787, P: 0.933879, R^2: 0.845300
RF_BET_ECFP的BA值    ：-12.210545358464778
RF_BET_ECFP    :RMSD: 0.636233, P: 0.921896, R^2: 0.832142
RF_AE_BET_ECFP的BA值    ：-12.195735993114996
RF_AE_BET_ECFP    :RMSD: 0.619770, P: 0.931014, R^2: 0.840717
fold= 9
>>>>>>>>>>>>>training.............
###############################################RF#####################################################
RF_BET的BA值：-12.11228597661742
RF_BET:RMSD: 0.664079, P: 0.909399, R^2: 0.817575
RF_AE的BA值 ：-11.812076714008334
RF_AE :RMSD: 0.744994, P: 0.895196, R^2: 0.770412
RF_ECFP的BA值 ：-12.50764740801501
RF_ECFP :RMSD: 0.597115, P: 0.924216, R^2: 0.852511
RF_AE_BET的BA值    ：-11.962181345312878
RF_AE_BET    :RMSD: 0.682758, P: 0.910958, R^2: 0.807168
RF_AE_ECFP的BA值    ：-12.159862061011673
RF_AE_ECFP    :RMSD: 0.642179, P: 0.919121, R^2: 0.829409
RF_BET_ECFP的BA值    ：-12.309966692316216
RF_BET_ECFP    :RMSD: 0.615348, P: 0.921523, R^2: 0.843366
RF_AE_BET_ECFP的BA值    ：-12.144003366213589
RF_AE_BET_ECFP    :RMSD: 0.639119, P: 0.919605, R^2: 0.831030
fold= 10
>>>>>>>>>>>>>training.............
###############################################RF#####################################################
RF_BET的BA值：-12.088313699468479
RF_BET:RMSD: 0.808786, P: 0.885911, R^2: 0.768160
RF_AE的BA值 ：-12.006008446487256
RF_AE :RMSD: 0.698692, P: 0.939453, R^2: 0.826981
RF_ECFP的BA值 ：-12.063138738582728
RF_ECFP :RMSD: 0.698754, P: 0.914949, R^2: 0.826950
RF_AE_BET的BA值    ：-11.925231813769708
RF_AE_BET    :RMSD: 0.728293, P: 0.922526, R^2: 0.812010
RF_AE_ECFP的BA值    ：-11.997011867045547
RF_AE_ECFP    :RMSD: 0.670054, P: 0.934558, R^2: 0.840874
RF_BET_ECFP的BA值    ：-12.03326697314786
RF_BET_ECFP    :RMSD: 0.716058, P: 0.914918, R^2: 0.818273
RF_AE_BET_ECFP的BA值    ：-11.971200788707383
RF_AE_BET_ECFP    :RMSD: 0.694256, P: 0.927780, R^2: 0.829171
@@@@@@@@@@@@@@@@@@@@@@@@@@@@@@@@@@@@@@@@@@@最终结果@@@@@@@@@@@@@@@@@@@@@@@@@@@@@@@@@@@@@@@@@@@@@@@@@@
@@@@@@@@@@@@@@@@@@@@@@@@@@@@@@@@@@@@@@@@@@@最终结果@@@@@@@@@@@@@@@@@@@@@@@@@@@@@@@@@@@@@@@@@@@@@@@@@@
%%%%%%%%%%%%%%%%%%%%%%%%%%%%%%%%%%%%%%%%%%%RF%%%%%%%%%%%%%%%%%%%%%%%%%%%%%%%%%%%%%%%%%%%%%%%%%%%%%%
RF_BET:0-th Final RMSD: 0.692135, Final P: 0.899934, Final R^2: 0.805753
RF_AE :0-th Final RMSD: 0.703314, Final P: 0.900220, Final R^2: 0.799428
RF_ECFP :0-th Final RMSD: 0.617347, Final P: 0.919621, Final R^2: 0.845464
RF_AE_BET    :0-th Final RMSD: 0.668097, Final P: 0.911068, Final R^2: 0.819011
RF_AE_ECFP    :0-th Final RMSD: 0.621434, Final P: 0.922068, Final R^2: 0.843411
RF_BET_ECFP    :0-th Final RMSD: 0.626398, Final P: 0.918765, Final R^2: 0.840899
RF_AE_BET_ECFP    :0-th Final RMSD: 0.627590, Final P: 0.920904, Final R^2: 0.840293
0-th RF_AE的BA值 ：-12.221460
0-th RF_BET的BA值：-12.279305
0-th RF_ECFP的BA值 ：-12.507647
0-th RF_AE_BET的BA值：-12.227634
0-th RF_AE_ECFP的BA值    ：-12.222589
0-th RF_BET_ECFP的BA值    ：-12.309967
0-th RF_AE_BET_ECFP的BA值    ：-12.196412
total time: 4.708332335021761 h
