size of data: (753,)
size of train size: 602
RF parameter
Namespace(n_estimators=10000, dataset='CHEMBL1836', max_depth=7, min_samples_split=3, min_samples_leaf=1, criterion='mse', random_seed=0)
fold= 1
>>>>>>>>>>>>>training.............
###############################################RF#####################################################
RF_BET的BA值：-11.481587626757667
RF_BET:RMSD: 1.203209, P: 0.729107, R^2: 0.504579
RF_AE的BA值 ：-11.32548812477935
RF_AE :RMSD: 1.137295, P: 0.773522, R^2: 0.557372
RF_ECFP的BA值 ：-11.206125521488627
RF_ECFP :RMSD: 1.198533, P: 0.718051, R^2: 0.508422
RF_AE_BET的BA值    ：-11.252373385783212
RF_AE_BET    :RMSD: 1.137678, P: 0.780573, R^2: 0.557074
RF_AE_ECFP的BA值    ：-11.164685354946585
RF_AE_ECFP    :RMSD: 1.125286, P: 0.776923, R^2: 0.566671
RF_BET_ECFP的BA值    ：-11.343856574123148
RF_BET_ECFP    :RMSD: 1.164627, P: 0.750363, R^2: 0.535841
RF_AE_BET_ECFP的BA值    ：-11.200674894300185
RF_AE_BET_ECFP    :RMSD: 1.129903, P: 0.779802, R^2: 0.563108
fold= 2
>>>>>>>>>>>>>training.............
###############################################RF#####################################################
RF_BET的BA值：-11.840424530161359
RF_BET:RMSD: 1.329959, P: 0.693279, R^2: 0.453928
RF_AE的BA值 ：-11.531841557455953
RF_AE :RMSD: 1.305772, P: 0.710156, R^2: 0.473610
RF_ECFP的BA值 ：-11.43034983927689
RF_ECFP :RMSD: 1.282429, P: 0.712040, R^2: 0.492262
RF_AE_BET的BA值    ：-11.686133043808656
RF_AE_BET    :RMSD: 1.303773, P: 0.715483, R^2: 0.475220
RF_AE_ECFP的BA值    ：-11.48109569836642
RF_AE_ECFP    :RMSD: 1.250714, P: 0.746657, R^2: 0.517064
RF_BET_ECFP的BA值    ：-11.635387184719125
RF_BET_ECFP    :RMSD: 1.259649, P: 0.742183, R^2: 0.510139
RF_AE_BET_ECFP的BA值    ：-11.600871975631401
RF_AE_BET_ECFP    :RMSD: 1.259844, P: 0.746240, R^2: 0.509988
fold= 3
>>>>>>>>>>>>>training.............
###############################################RF#####################################################
RF_BET的BA值：-11.474344152035263
RF_BET:RMSD: 1.205862, P: 0.741931, R^2: 0.525113
RF_AE的BA值 ：-11.537473719960383
RF_AE :RMSD: 1.172087, P: 0.754994, R^2: 0.551343
RF_ECFP的BA值 ：-11.076308206168914
RF_ECFP :RMSD: 1.124898, P: 0.772501, R^2: 0.586741
RF_AE_BET的BA值    ：-11.505908935997823
RF_AE_BET    :RMSD: 1.168394, P: 0.765159, R^2: 0.554165
RF_AE_ECFP的BA值    ：-11.280693516880246
RF_AE_ECFP    :RMSD: 1.121554, P: 0.782414, R^2: 0.589195
RF_BET_ECFP的BA值    ：-11.16671242546877
RF_BET_ECFP    :RMSD: 1.133823, P: 0.780460, R^2: 0.580158
RF_AE_BET_ECFP的BA值    ：-11.272834559509706
RF_AE_BET_ECFP    :RMSD: 1.132404, P: 0.782929, R^2: 0.581208
fold= 4
>>>>>>>>>>>>>training.............
###############################################RF#####################################################
RF_BET的BA值：-11.427751493255125
RF_BET:RMSD: 1.342945, P: 0.716511, R^2: 0.469680
RF_AE的BA值 ：-11.481843141253915
RF_AE :RMSD: 1.294074, P: 0.751821, R^2: 0.507575
RF_ECFP的BA值 ：-11.124076057865224
RF_ECFP :RMSD: 1.345783, P: 0.709765, R^2: 0.467436
RF_AE_BET的BA值    ：-11.434018665104286
RF_AE_BET    :RMSD: 1.292823, P: 0.761756, R^2: 0.508527
RF_AE_ECFP的BA值    ：-11.30295959955957
RF_AE_ECFP    :RMSD: 1.285998, P: 0.765527, R^2: 0.513702
RF_BET_ECFP的BA值    ：-11.23399280835581
RF_BET_ECFP    :RMSD: 1.299344, P: 0.760175, R^2: 0.503557
RF_AE_BET_ECFP的BA值    ：-11.31660958598851
RF_AE_BET_ECFP    :RMSD: 1.280826, P: 0.776032, R^2: 0.517606
fold= 5
>>>>>>>>>>>>>training.............
###############################################RF#####################################################
RF_BET的BA值：-11.912120553389144
RF_BET:RMSD: 1.159019, P: 0.803536, R^2: 0.605224
RF_AE的BA值 ：-11.572233840464314
RF_AE :RMSD: 1.207265, P: 0.808000, R^2: 0.571674
RF_ECFP的BA值 ：-11.680705212960879
RF_ECFP :RMSD: 1.127491, P: 0.796255, R^2: 0.626410
RF_AE_BET的BA值    ：-11.638722115042388
RF_AE_BET    :RMSD: 1.157114, P: 0.823421, R^2: 0.606521
RF_AE_ECFP的BA值    ：-11.523014444828256
RF_AE_ECFP    :RMSD: 1.120307, P: 0.824331, R^2: 0.631156
RF_BET_ECFP的BA值    ：-11.796412883175012
RF_BET_ECFP    :RMSD: 1.110096, P: 0.815871, R^2: 0.637849
RF_AE_BET_ECFP的BA值    ：-11.652716481015219
RF_AE_BET_ECFP    :RMSD: 1.117199, P: 0.827634, R^2: 0.633199
fold= 6
>>>>>>>>>>>>>training.............
###############################################RF#####################################################
RF_BET的BA值：-11.50979861366919
RF_BET:RMSD: 1.123325, P: 0.760452, R^2: 0.536914
RF_AE的BA值 ：-11.473317093769973
RF_AE :RMSD: 1.096739, P: 0.791352, R^2: 0.558575
RF_ECFP的BA值 ：-11.60439887678354
RF_ECFP :RMSD: 1.298620, P: 0.635848, R^2: 0.381108
RF_AE_BET的BA值    ：-11.444532512379652
RF_AE_BET    :RMSD: 1.093476, P: 0.790715, R^2: 0.561198
RF_AE_ECFP的BA值    ：-11.33850529933126
RF_AE_ECFP    :RMSD: 1.149326, P: 0.752667, R^2: 0.515229
RF_BET_ECFP的BA值    ：-11.557098745226366
RF_BET_ECFP    :RMSD: 1.160205, P: 0.739249, R^2: 0.506008
RF_AE_BET_ECFP的BA值    ：-11.395603070777236
RF_AE_BET_ECFP    :RMSD: 1.120503, P: 0.774002, R^2: 0.539238
fold= 7
>>>>>>>>>>>>>training.............
###############################################RF#####################################################
RF_BET的BA值：-11.325688384673514
RF_BET:RMSD: 1.257714, P: 0.780105, R^2: 0.511515
RF_AE的BA值 ：-11.39572462513326
RF_AE :RMSD: 1.144037, P: 0.811557, R^2: 0.595826
RF_ECFP的BA值 ：-11.170344201762362
RF_ECFP :RMSD: 1.298923, P: 0.710973, R^2: 0.478980
RF_AE_BET的BA值    ：-11.324035265817361
RF_AE_BET    :RMSD: 1.188001, P: 0.807623, R^2: 0.564166
RF_AE_ECFP的BA值    ：-11.236496593046198
RF_AE_ECFP    :RMSD: 1.187349, P: 0.785904, R^2: 0.564644
RF_BET_ECFP的BA值    ：-11.176186626241638
RF_BET_ECFP    :RMSD: 1.244394, P: 0.767022, R^2: 0.521807
RF_AE_BET_ECFP的BA值    ：-11.218340745604436
RF_AE_BET_ECFP    :RMSD: 1.197255, P: 0.794531, R^2: 0.557350
fold= 8
>>>>>>>>>>>>>training.............
###############################################RF#####################################################
RF_BET的BA值：-11.801980994243468
RF_BET:RMSD: 1.244308, P: 0.797047, R^2: 0.559617
RF_AE的BA值 ：-11.50137025093481
RF_AE :RMSD: 1.272932, P: 0.796104, R^2: 0.539123
RF_ECFP的BA值 ：-12.050362579752614
RF_ECFP :RMSD: 1.183724, P: 0.810125, R^2: 0.601456
RF_AE_BET的BA值    ：-11.651675622589138
RF_AE_BET    :RMSD: 1.245179, P: 0.807531, R^2: 0.559000
RF_AE_ECFP的BA值    ：-11.775866415343712
RF_AE_ECFP    :RMSD: 1.199293, P: 0.825763, R^2: 0.590903
RF_BET_ECFP的BA值    ：-11.92617178699804
RF_BET_ECFP    :RMSD: 1.194510, P: 0.819547, R^2: 0.594161
RF_AE_BET_ECFP的BA值    ：-11.784571274976964
RF_AE_BET_ECFP    :RMSD: 1.206126, P: 0.823506, R^2: 0.586229
fold= 9
>>>>>>>>>>>>>training.............
###############################################RF#####################################################
RF_BET的BA值：-11.45605438874962
RF_BET:RMSD: 1.025798, P: 0.813739, R^2: 0.611172
RF_AE的BA值 ：-11.393355526497688
RF_AE :RMSD: 1.105254, P: 0.787612, R^2: 0.548603
RF_ECFP的BA值 ：-11.18250208505238
RF_ECFP :RMSD: 1.112232, P: 0.744891, R^2: 0.542885
RF_AE_BET的BA值    ：-11.3316692298965
RF_AE_BET    :RMSD: 1.050059, P: 0.814397, R^2: 0.592562
RF_AE_ECFP的BA值    ：-11.259832571872224
RF_AE_ECFP    :RMSD: 1.069669, P: 0.793745, R^2: 0.577202
RF_BET_ECFP的BA值    ：-11.308138499509042
RF_BET_ECFP    :RMSD: 1.040184, P: 0.800019, R^2: 0.600189
RF_AE_BET_ECFP的BA值    ：-11.263216025679919
RF_AE_BET_ECFP    :RMSD: 1.043727, P: 0.810257, R^2: 0.597461
fold= 10
>>>>>>>>>>>>>training.............
###############################################RF#####################################################
RF_BET的BA值：-11.412211104831794
RF_BET:RMSD: 1.158708, P: 0.709511, R^2: 0.491925
RF_AE的BA值 ：-11.505531961936697
RF_AE :RMSD: 1.135193, P: 0.730860, R^2: 0.512337
RF_ECFP的BA值 ：-11.13185685413113
RF_ECFP :RMSD: 1.110896, P: 0.733206, R^2: 0.532989
RF_AE_BET的BA值    ：-11.458871533384245
RF_AE_BET    :RMSD: 1.125777, P: 0.739274, R^2: 0.520393
RF_AE_ECFP的BA值    ：-11.252694204141232
RF_AE_ECFP    :RMSD: 1.074706, P: 0.770422, R^2: 0.562921
RF_BET_ECFP的BA值    ：-11.224170551953879
RF_BET_ECFP    :RMSD: 1.093916, P: 0.753890, R^2: 0.547156
RF_AE_BET_ECFP的BA值    ：-11.273957552686364
RF_AE_BET_ECFP    :RMSD: 1.085804, P: 0.765749, R^2: 0.553848
@@@@@@@@@@@@@@@@@@@@@@@@@@@@@@@@@@@@@@@@@@@最终结果@@@@@@@@@@@@@@@@@@@@@@@@@@@@@@@@@@@@@@@@@@@@@@@@@@
@@@@@@@@@@@@@@@@@@@@@@@@@@@@@@@@@@@@@@@@@@@最终结果@@@@@@@@@@@@@@@@@@@@@@@@@@@@@@@@@@@@@@@@@@@@@@@@@@
%%%%%%%%%%%%%%%%%%%%%%%%%%%%%%%%%%%%%%%%%%%RF%%%%%%%%%%%%%%%%%%%%%%%%%%%%%%%%%%%%%%%%%%%%%%%%%%%%%%
RF_BET:0-th Final RMSD: 1.208642, Final P: 0.750240, Final R^2: 0.533464
RF_AE :0-th Final RMSD: 1.189468, Final P: 0.765043, Final R^2: 0.548149
RF_ECFP :0-th Final RMSD: 1.211367, Final P: 0.734546, Final R^2: 0.531358
RF_AE_BET    :0-th Final RMSD: 1.178966, Final P: 0.775588, Final R^2: 0.556092
RF_AE_ECFP    :0-th Final RMSD: 1.160440, Final P: 0.779631, Final R^2: 0.569934
RF_BET_ECFP    :0-th Final RMSD: 1.172634, Final P: 0.770439, Final R^2: 0.560848
RF_AE_BET_ECFP    :0-th Final RMSD: 1.159672, Final P: 0.784656, Final R^2: 0.570503
0-th RF_AE的BA值 ：-11.572234
0-th RF_BET的BA值：-11.912121
0-th RF_ECFP的BA值 ：-12.050363
0-th RF_AE_BET的BA值：-11.686133
0-th RF_AE_ECFP的BA值    ：-11.775866
0-th RF_BET_ECFP的BA值    ：-11.926172
0-th RF_AE_BET_ECFP的BA值    ：-11.784571
total time: 5.720586877332793 h
