size of data: (360,)
size of train size: 288
RF parameter
Namespace(n_estimators=10000, dataset='CHEMBL4076', max_depth=7, min_samples_split=3, min_samples_leaf=1, criterion='mse', random_seed=0)
fold= 1
>>>>>>>>>>>>>training.............
###############################################RF#####################################################
RF_BET的BA值：-9.428381019192386
RF_BET:RMSD: 0.508389, P: 0.556206, R^2: 0.293266
RF_AE的BA值 ：-9.349088816368655
RF_AE :RMSD: 0.515676, P: 0.536975, R^2: 0.272861
RF_ECFP的BA值 ：-9.380320100804642
RF_ECFP :RMSD: 0.443995, P: 0.746986, R^2: 0.460961
RF_AE_BET的BA值    ：-9.388734917780521
RF_AE_BET    :RMSD: 0.502184, P: 0.581423, R^2: 0.310413
RF_AE_ECFP的BA值    ：-9.364704458586647
RF_AE_ECFP    :RMSD: 0.460027, P: 0.721694, R^2: 0.421331
RF_BET_ECFP的BA值    ：-9.404350559998514
RF_BET_ECFP    :RMSD: 0.460148, P: 0.740194, R^2: 0.421027
RF_AE_BET_ECFP的BA值    ：-9.38592997878856
RF_AE_BET_ECFP    :RMSD: 0.469123, P: 0.705136, R^2: 0.398222
fold= 2
>>>>>>>>>>>>>training.............
###############################################RF#####################################################
RF_BET的BA值：-9.522806899439502
RF_BET:RMSD: 0.481100, P: 0.251287, R^2: -0.021755
RF_AE的BA值 ：-9.374559138421459
RF_AE :RMSD: 0.493027, P: 0.159429, R^2: -0.073043
RF_ECFP的BA值 ：-9.273695938112613
RF_ECFP :RMSD: 0.443540, P: 0.450184, R^2: 0.131557
RF_AE_BET的BA值    ：-9.448683018930481
RF_AE_BET    :RMSD: 0.478238, P: 0.221868, R^2: -0.009633
RF_AE_ECFP的BA值    ：-9.241158362454668
RF_AE_ECFP    :RMSD: 0.444174, P: 0.381609, R^2: 0.129074
RF_BET_ECFP的BA值    ：-9.31528224296369
RF_BET_ECFP    :RMSD: 0.433871, P: 0.461210, R^2: 0.169010
RF_AE_BET_ECFP的BA值    ：-9.33504120811628
RF_AE_BET_ECFP    :RMSD: 0.445436, P: 0.376877, R^2: 0.124116
fold= 3
>>>>>>>>>>>>>training.............
###############################################RF#####################################################
RF_BET的BA值：-9.317740984849879
RF_BET:RMSD: 0.566514, P: 0.317237, R^2: 0.060757
RF_AE的BA值 ：-9.266396044403942
RF_AE :RMSD: 0.563192, P: 0.361408, R^2: 0.071740
RF_ECFP的BA值 ：-9.595357483641152
RF_ECFP :RMSD: 0.588038, P: 0.419226, R^2: -0.011971
RF_AE_BET的BA值    ：-9.29206851462691
RF_AE_BET    :RMSD: 0.558233, P: 0.360501, R^2: 0.088015
RF_AE_ECFP的BA值    ：-9.402319200792384
RF_AE_ECFP    :RMSD: 0.527507, P: 0.480951, R^2: 0.185645
RF_BET_ECFP的BA值    ：-9.427991671015352
RF_BET_ECFP    :RMSD: 0.544033, P: 0.427695, R^2: 0.133821
RF_AE_BET_ECFP的BA值    ：-9.374126462144881
RF_AE_BET_ECFP    :RMSD: 0.533284, P: 0.454883, R^2: 0.167711
fold= 4
>>>>>>>>>>>>>training.............
###############################################RF#####################################################
RF_BET的BA值：-9.340838159330003
RF_BET:RMSD: 0.510021, P: 0.512237, R^2: 0.203186
RF_AE的BA值 ：-9.347726271199551
RF_AE :RMSD: 0.547307, P: 0.383184, R^2: 0.082423
RF_ECFP的BA值 ：-9.154054420255786
RF_ECFP :RMSD: 0.519734, P: 0.426191, R^2: 0.172548
RF_AE_BET的BA值    ：-9.316820520278217
RF_AE_BET    :RMSD: 0.522709, P: 0.475128, R^2: 0.163046
RF_AE_ECFP的BA值    ：-9.203207912985054
RF_AE_ECFP    :RMSD: 0.519908, P: 0.456519, R^2: 0.171992
RF_BET_ECFP的BA值    ：-9.194703779665975
RF_BET_ECFP    :RMSD: 0.501686, P: 0.531868, R^2: 0.229016
RF_AE_BET_ECFP的BA值    ：-9.230776865108995
RF_AE_BET_ECFP    :RMSD: 0.511108, P: 0.504669, R^2: 0.199785
fold= 5
>>>>>>>>>>>>>training.............
###############################################RF#####################################################
RF_BET的BA值：-9.339034883341036
RF_BET:RMSD: 0.600828, P: 0.528090, R^2: 0.190201
RF_AE的BA值 ：-9.338686835296434
RF_AE :RMSD: 0.548310, P: 0.711918, R^2: 0.325581
RF_ECFP的BA值 ：-9.372665616548245
RF_ECFP :RMSD: 0.552123, P: 0.622377, R^2: 0.316170
RF_AE_BET的BA值    ：-9.267967576779935
RF_AE_BET    :RMSD: 0.568834, P: 0.669635, R^2: 0.274147
RF_AE_ECFP的BA值    ：-9.28478294338354
RF_AE_ECFP    :RMSD: 0.535839, P: 0.742271, R^2: 0.355912
RF_BET_ECFP的BA值    ：-9.355850249944641
RF_BET_ECFP    :RMSD: 0.563913, P: 0.663372, R^2: 0.286651
RF_AE_BET_ECFP的BA值    ：-9.302866923369372
RF_AE_BET_ECFP    :RMSD: 0.552600, P: 0.720354, R^2: 0.314988
fold= 6
>>>>>>>>>>>>>training.............
###############################################RF#####################################################
RF_BET的BA值：-9.277952578949352
RF_BET:RMSD: 0.524161, P: 0.696077, R^2: 0.377274
RF_AE的BA值 ：-9.323508961946553
RF_AE :RMSD: 0.475271, P: 0.785992, R^2: 0.488023
RF_ECFP的BA值 ：-9.421498148443757
RF_ECFP :RMSD: 0.495016, P: 0.670047, R^2: 0.444600
RF_AE_BET的BA值    ：-9.262238326003654
RF_AE_BET    :RMSD: 0.494373, P: 0.766783, R^2: 0.446042
RF_AE_ECFP的BA值    ：-9.372503555195156
RF_AE_ECFP    :RMSD: 0.465153, P: 0.763642, R^2: 0.509591
RF_BET_ECFP的BA值    ：-9.311232919252255
RF_BET_ECFP    :RMSD: 0.488225, P: 0.732706, R^2: 0.459733
RF_AE_BET_ECFP的BA值    ：-9.315324933483687
RF_AE_BET_ECFP    :RMSD: 0.477362, P: 0.770617, R^2: 0.483508
fold= 7
>>>>>>>>>>>>>training.............
###############################################RF#####################################################
RF_BET的BA值：-9.552059019974804
RF_BET:RMSD: 0.518972, P: 0.596055, R^2: 0.310242
RF_AE的BA值 ：-9.524710269670962
RF_AE :RMSD: 0.512996, P: 0.647523, R^2: 0.326036
RF_ECFP的BA值 ：-9.334908556999403
RF_ECFP :RMSD: 0.470608, P: 0.662245, R^2: 0.432811
RF_AE_BET的BA值    ：-9.538384644822884
RF_AE_BET    :RMSD: 0.510822, P: 0.645404, R^2: 0.331736
RF_AE_ECFP的BA值    ：-9.429809413335182
RF_AE_ECFP    :RMSD: 0.470224, P: 0.715391, R^2: 0.433736
RF_BET_ECFP的BA值    ：-9.443483788487104
RF_BET_ECFP    :RMSD: 0.478601, P: 0.676452, R^2: 0.413381
RF_AE_BET_ECFP的BA值    ：-9.470559282215056
RF_AE_BET_ECFP    :RMSD: 0.481948, P: 0.699673, R^2: 0.405147
fold= 8
>>>>>>>>>>>>>training.............
###############################################RF#####################################################
RF_BET的BA值：-9.498161269467476
RF_BET:RMSD: 0.491307, P: 0.403613, R^2: 0.162524
RF_AE的BA值 ：-9.412853479443834
RF_AE :RMSD: 0.530469, P: 0.260137, R^2: 0.023691
RF_ECFP的BA值 ：-9.232501826165377
RF_ECFP :RMSD: 0.421888, P: 0.653538, R^2: 0.382466
RF_AE_BET的BA值    ：-9.423014913495042
RF_AE_BET    :RMSD: 0.502559, P: 0.356354, R^2: 0.123725
RF_AE_ECFP的BA值    ：-9.322677652804606
RF_AE_ECFP    :RMSD: 0.448057, P: 0.614195, R^2: 0.303481
RF_BET_ECFP的BA值    ：-9.332839086855813
RF_BET_ECFP    :RMSD: 0.431785, P: 0.692197, R^2: 0.353150
RF_AE_BET_ECFP的BA值    ：-9.35951055105182
RF_AE_BET_ECFP    :RMSD: 0.454394, P: 0.593287, R^2: 0.283638
fold= 9
>>>>>>>>>>>>>training.............
###############################################RF#####################################################
RF_BET的BA值：-9.346761053654154
RF_BET:RMSD: 0.729519, P: 0.508737, R^2: 0.040860
RF_AE的BA值 ：-9.466703913368503
RF_AE :RMSD: 0.689373, P: 0.559715, R^2: 0.143520
RF_ECFP的BA值 ：-9.227656985635685
RF_ECFP :RMSD: 0.711929, P: 0.417101, R^2: 0.086555
RF_AE_BET的BA值    ：-9.380191704093088
RF_AE_BET    :RMSD: 0.705931, P: 0.560284, R^2: 0.101884
RF_AE_ECFP的BA值    ：-9.293905651804572
RF_AE_ECFP    :RMSD: 0.677315, P: 0.542292, R^2: 0.173220
RF_BET_ECFP的BA值    ：-9.20903328549053
RF_BET_ECFP    :RMSD: 0.699749, P: 0.498494, R^2: 0.117544
RF_AE_BET_ECFP的BA值    ：-9.293830266142272
RF_AE_BET_ECFP    :RMSD: 0.689016, P: 0.558540, R^2: 0.144406
fold= 10
>>>>>>>>>>>>>training.............
###############################################RF#####################################################
RF_BET的BA值：-9.438442012286368
RF_BET:RMSD: 0.519704, P: 0.557982, R^2: 0.236485
RF_AE的BA值 ：-9.352349589900339
RF_AE :RMSD: 0.531252, P: 0.481743, R^2: 0.202177
RF_ECFP的BA值 ：-9.525119766338463
RF_ECFP :RMSD: 0.513141, P: 0.632276, R^2: 0.255648
RF_AE_BET的BA值    ：-9.362868957008843
RF_AE_BET    :RMSD: 0.522358, P: 0.539015, R^2: 0.228669
RF_AE_ECFP的BA值    ：-9.250480670584194
RF_AE_ECFP    :RMSD: 0.506267, P: 0.695344, R^2: 0.275457
RF_BET_ECFP的BA值    ：-9.320275157630498
RF_BET_ECFP    :RMSD: 0.503124, P: 0.725906, R^2: 0.284425
RF_AE_BET_ECFP的BA值    ：-9.30928207233077
RF_AE_BET_ECFP    :RMSD: 0.507012, P: 0.687028, R^2: 0.273322
@@@@@@@@@@@@@@@@@@@@@@@@@@@@@@@@@@@@@@@@@@@最终结果@@@@@@@@@@@@@@@@@@@@@@@@@@@@@@@@@@@@@@@@@@@@@@@@@@
@@@@@@@@@@@@@@@@@@@@@@@@@@@@@@@@@@@@@@@@@@@最终结果@@@@@@@@@@@@@@@@@@@@@@@@@@@@@@@@@@@@@@@@@@@@@@@@@@
%%%%%%%%%%%%%%%%%%%%%%%%%%%%%%%%%%%%%%%%%%%RF%%%%%%%%%%%%%%%%%%%%%%%%%%%%%%%%%%%%%%%%%%%%%%%%%%%%%%
RF_BET:0-th Final RMSD: 0.549520, Final P: 0.473284, Final R^2: 0.214829
RF_AE :0-th Final RMSD: 0.543533, Final P: 0.488671, Final R^2: 0.231845
RF_ECFP :0-th Final RMSD: 0.522424, Final P: 0.542322, Final R^2: 0.290350
RF_AE_BET    :0-th Final RMSD: 0.540225, Final P: 0.509677, Final R^2: 0.241167
RF_AE_ECFP    :0-th Final RMSD: 0.509696, Final P: 0.603329, Final R^2: 0.324508
RF_BET_ECFP    :0-th Final RMSD: 0.515973, Final P: 0.588833, Final R^2: 0.307768
RF_AE_BET_ECFP    :0-th Final RMSD: 0.516518, Final P: 0.597679, Final R^2: 0.306306
0-th RF_AE的BA值 ：-9.524710
0-th RF_BET的BA值：-9.552059
0-th RF_ECFP的BA值 ：-9.595357
0-th RF_AE_BET的BA值：-9.538385
0-th RF_AE_ECFP的BA值    ：-9.429809
0-th RF_BET_ECFP的BA值    ：-9.443484
0-th RF_AE_BET_ECFP的BA值    ：-9.470559
total time: 2.428293502661917 h
