size of data: (260,)
size of train size: 208
RF parameter
Namespace(n_estimators=10000, dataset='CHEMBL1995', max_depth=7, min_samples_split=3, min_samples_leaf=1, criterion='mse', random_seed=0)
fold= 1
>>>>>>>>>>>>>training.............
###############################################RF#####################################################
RF_BET的BA值：-10.480539049792586
RF_BET:RMSD: 0.877223, P: 0.756417, R^2: 0.479964
RF_AE的BA值 ：-9.696169342088556
RF_AE :RMSD: 0.861459, P: 0.770651, R^2: 0.498487
RF_ECFP的BA值 ：-10.708903976566669
RF_ECFP :RMSD: 0.778819, P: 0.774983, R^2: 0.590092
RF_AE_BET的BA值    ：-10.057855171585096
RF_AE_BET    :RMSD: 0.853818, P: 0.787038, R^2: 0.507343
RF_AE_ECFP的BA值    ：-10.172037634972138
RF_AE_ECFP    :RMSD: 0.797854, P: 0.787926, R^2: 0.569810
RF_BET_ECFP的BA值    ：-10.594721513179628
RF_BET_ECFP    :RMSD: 0.795165, P: 0.793498, R^2: 0.572705
RF_AE_BET_ECFP的BA值    ：-10.274871439912287
RF_AE_BET_ECFP    :RMSD: 0.807828, P: 0.797387, R^2: 0.558988
fold= 2
>>>>>>>>>>>>>training.............
###############################################RF#####################################################
RF_BET的BA值：-10.283066332322148
RF_BET:RMSD: 1.047635, P: 0.697292, R^2: 0.435790
RF_AE的BA值 ：-9.653402619758245
RF_AE :RMSD: 1.099209, P: 0.694579, R^2: 0.378871
RF_ECFP的BA值 ：-10.754495160089027
RF_ECFP :RMSD: 1.066391, P: 0.649956, R^2: 0.415407
RF_AE_BET的BA值    ：-9.968234476040196
RF_AE_BET    :RMSD: 1.060108, P: 0.717164, R^2: 0.422275
RF_AE_ECFP的BA值    ：-10.144453138239005
RF_AE_ECFP    :RMSD: 1.058470, P: 0.692204, R^2: 0.424059
RF_BET_ECFP的BA值    ：-10.412253753237863
RF_BET_ECFP    :RMSD: 1.036428, P: 0.695239, R^2: 0.447797
RF_AE_BET_ECFP的BA值    ：-10.11291829753793
RF_AE_BET_ECFP    :RMSD: 1.045121, P: 0.709277, R^2: 0.438495
fold= 3
>>>>>>>>>>>>>training.............
###############################################RF#####################################################
RF_BET的BA值：-10.480954640801043
RF_BET:RMSD: 1.088912, P: 0.724402, R^2: 0.480024
RF_AE的BA值 ：-9.520062817590548
RF_AE :RMSD: 1.180318, P: 0.708529, R^2: 0.389063
RF_ECFP的BA值 ：-10.649702297826368
RF_ECFP :RMSD: 1.112634, P: 0.681564, R^2: 0.457122
RF_AE_BET的BA值    ：-10.000508729195795
RF_AE_BET    :RMSD: 1.117387, P: 0.738070, R^2: 0.452473
RF_AE_ECFP的BA值    ：-10.084882557708458
RF_AE_ECFP    :RMSD: 1.118203, P: 0.716302, R^2: 0.451673
RF_BET_ECFP的BA值    ：-10.565328469313705
RF_BET_ECFP    :RMSD: 1.082178, P: 0.720295, R^2: 0.486435
RF_AE_BET_ECFP的BA值    ：-10.216906585405987
RF_AE_BET_ECFP    :RMSD: 1.098652, P: 0.731921, R^2: 0.470680
fold= 4
>>>>>>>>>>>>>training.............
###############################################RF#####################################################
RF_BET的BA值：-10.510671731368577
RF_BET:RMSD: 0.816910, P: 0.660352, R^2: 0.394169
RF_AE的BA值 ：-10.411171744643637
RF_AE :RMSD: 0.851929, P: 0.629626, R^2: 0.341114
RF_ECFP的BA值 ：-10.631821964674607
RF_ECFP :RMSD: 0.799501, P: 0.671871, R^2: 0.419714
RF_AE_BET的BA值    ：-10.460921738006107
RF_AE_BET    :RMSD: 0.815640, P: 0.680489, R^2: 0.396050
RF_AE_ECFP的BA值    ：-10.521496854659123
RF_AE_ECFP    :RMSD: 0.807346, P: 0.693139, R^2: 0.408270
RF_BET_ECFP的BA值    ：-10.571246848021591
RF_BET_ECFP    :RMSD: 0.779920, P: 0.714255, R^2: 0.447791
RF_AE_BET_ECFP的BA值    ：-10.51788848022894
RF_AE_BET_ECFP    :RMSD: 0.793661, P: 0.712213, R^2: 0.428160
fold= 5
>>>>>>>>>>>>>training.............
###############################################RF#####################################################
RF_BET的BA值：-10.463933053619286
RF_BET:RMSD: 0.860884, P: 0.783217, R^2: 0.525690
RF_AE的BA值 ：-10.29714993239154
RF_AE :RMSD: 0.925242, P: 0.720906, R^2: 0.452123
RF_ECFP的BA值 ：-10.533289723898246
RF_ECFP :RMSD: 0.839328, P: 0.771667, R^2: 0.549145
RF_AE_BET的BA值    ：-10.380541493005413
RF_AE_BET    :RMSD: 0.884390, P: 0.767202, R^2: 0.499435
RF_AE_ECFP的BA值    ：-10.40299467247761
RF_AE_ECFP    :RMSD: 0.871108, P: 0.762399, R^2: 0.514358
RF_BET_ECFP的BA值    ：-10.486386233091483
RF_BET_ECFP    :RMSD: 0.840592, P: 0.787930, R^2: 0.547787
RF_AE_BET_ECFP的BA值    ：-10.423307466191503
RF_AE_BET_ECFP    :RMSD: 0.862078, P: 0.777204, R^2: 0.524374
fold= 6
>>>>>>>>>>>>>training.............
###############################################RF#####################################################
RF_BET的BA值：-10.22509624956985
RF_BET:RMSD: 0.790800, P: 0.752021, R^2: 0.531677
RF_AE的BA值 ：-9.579627566880461
RF_AE :RMSD: 0.813095, P: 0.771495, R^2: 0.504898
RF_ECFP的BA值 ：-10.657149159889903
RF_ECFP :RMSD: 0.849060, P: 0.686657, R^2: 0.460130
RF_AE_BET的BA值    ：-9.902361908225156
RF_AE_BET    :RMSD: 0.785554, P: 0.783920, R^2: 0.537870
RF_AE_ECFP的BA值    ：-10.118388363385183
RF_AE_ECFP    :RMSD: 0.798872, P: 0.760832, R^2: 0.522067
RF_BET_ECFP的BA值    ：-10.441122704729876
RF_BET_ECFP    :RMSD: 0.804787, P: 0.736045, R^2: 0.514963
RF_AE_BET_ECFP的BA值    ：-10.15395765878007
RF_AE_BET_ECFP    :RMSD: 0.789128, P: 0.768276, R^2: 0.533655
fold= 7
>>>>>>>>>>>>>training.............
###############################################RF#####################################################
RF_BET的BA值：-9.934427354562676
RF_BET:RMSD: 0.859629, P: 0.661334, R^2: 0.398086
RF_AE的BA值 ：-10.002065427147725
RF_AE :RMSD: 0.847344, P: 0.734755, R^2: 0.415167
RF_ECFP的BA值 ：-9.432240082083434
RF_ECFP :RMSD: 0.729996, P: 0.785513, R^2: 0.565937
RF_AE_BET的BA值    ：-9.9682463908552
RF_AE_BET    :RMSD: 0.836158, P: 0.724278, R^2: 0.430506
RF_AE_ECFP的BA值    ：-9.659366659405688
RF_AE_ECFP    :RMSD: 0.751153, P: 0.790517, R^2: 0.540412
RF_BET_ECFP的BA值    ：-9.625547623113162
RF_BET_ECFP    :RMSD: 0.771553, P: 0.746897, R^2: 0.515109
RF_AE_BET_ECFP的BA值    ：-9.75105355779135
RF_AE_BET_ECFP    :RMSD: 0.777810, P: 0.763295, R^2: 0.507213
fold= 8
>>>>>>>>>>>>>training.............
###############################################RF#####################################################
RF_BET的BA值：-10.127558146653843
RF_BET:RMSD: 0.790446, P: 0.674297, R^2: 0.434678
RF_AE的BA值 ：-10.07295849492265
RF_AE :RMSD: 0.763970, P: 0.738010, R^2: 0.471915
RF_ECFP的BA值 ：-10.617732489155413
RF_ECFP :RMSD: 0.861671, P: 0.587208, R^2: 0.328208
RF_AE_BET的BA值    ：-10.013103561709727
RF_AE_BET    :RMSD: 0.764773, P: 0.718771, R^2: 0.470803
RF_AE_ECFP的BA值    ：-10.262821379758929
RF_AE_ECFP    :RMSD: 0.785396, P: 0.674450, R^2: 0.441879
RF_BET_ECFP的BA值    ：-10.372645317904627
RF_BET_ECFP    :RMSD: 0.795943, P: 0.657690, R^2: 0.426787
RF_AE_BET_ECFP的BA值    ：-10.203309893231298
RF_AE_BET_ECFP    :RMSD: 0.773884, P: 0.691724, R^2: 0.458120
fold= 9
>>>>>>>>>>>>>training.............
###############################################RF#####################################################
RF_BET的BA值：-10.502309217851867
RF_BET:RMSD: 0.974626, P: 0.630071, R^2: 0.380345
RF_AE的BA值 ：-10.428244135919522
RF_AE :RMSD: 0.979189, P: 0.622261, R^2: 0.374529
RF_ECFP的BA值 ：-10.667610736136343
RF_ECFP :RMSD: 1.161808, P: 0.384569, R^2: 0.119472
RF_AE_BET的BA值    ：-10.428010262704056
RF_AE_BET    :RMSD: 0.963328, P: 0.647555, R^2: 0.394628
RF_AE_ECFP的BA值    ：-10.495477560601014
RF_AE_ECFP    :RMSD: 1.058965, P: 0.519294, R^2: 0.268461
RF_BET_ECFP的BA值    ：-10.584959976994105
RF_BET_ECFP    :RMSD: 1.049848, P: 0.532371, R^2: 0.281003
RF_AE_BET_ECFP的BA值    ：-10.497754779684632
RF_AE_BET_ECFP    :RMSD: 1.019142, P: 0.574536, R^2: 0.322447
fold= 10
>>>>>>>>>>>>>training.............
###############################################RF#####################################################
RF_BET的BA值：-10.15454766728932
RF_BET:RMSD: 0.688061, P: 0.816434, R^2: 0.637045
RF_AE的BA值 ：-10.228518230110565
RF_AE :RMSD: 0.637174, P: 0.853983, R^2: 0.688745
RF_ECFP的BA值 ：-10.798545449494188
RF_ECFP :RMSD: 0.778657, P: 0.752368, R^2: 0.535172
RF_AE_BET的BA值    ：-10.163563830441433
RF_AE_BET    :RMSD: 0.647122, P: 0.851050, R^2: 0.678951
RF_AE_ECFP的BA值    ：-10.513531839802376
RF_AE_ECFP    :RMSD: 0.665837, P: 0.823938, R^2: 0.660112
RF_BET_ECFP的BA值    ：-10.448577440133244
RF_BET_ECFP    :RMSD: 0.704321, P: 0.797503, R^2: 0.619687
RF_AE_BET_ECFP的BA值    ：-10.375224370125684
RF_AE_BET_ECFP    :RMSD: 0.662233, P: 0.830410, R^2: 0.663782
@@@@@@@@@@@@@@@@@@@@@@@@@@@@@@@@@@@@@@@@@@@最终结果@@@@@@@@@@@@@@@@@@@@@@@@@@@@@@@@@@@@@@@@@@@@@@@@@@
@@@@@@@@@@@@@@@@@@@@@@@@@@@@@@@@@@@@@@@@@@@最终结果@@@@@@@@@@@@@@@@@@@@@@@@@@@@@@@@@@@@@@@@@@@@@@@@@@
%%%%%%%%%%%%%%%%%%%%%%%%%%%%%%%%%%%%%%%%%%%RF%%%%%%%%%%%%%%%%%%%%%%%%%%%%%%%%%%%%%%%%%%%%%%%%%%%%%%
RF_BET:0-th Final RMSD: 0.887339, Final P: 0.714004, Final R^2: 0.482056
RF_AE :0-th Final RMSD: 0.908457, Final P: 0.715311, Final R^2: 0.457109
RF_ECFP :0-th Final RMSD: 0.909822, Final P: 0.676503, Final R^2: 0.455477
RF_AE_BET    :0-th Final RMSD: 0.882989, Final P: 0.737609, Final R^2: 0.487122
RF_AE_ECFP    :0-th Final RMSD: 0.883287, Final P: 0.721749, Final R^2: 0.486776
RF_BET_ECFP    :0-th Final RMSD: 0.875626, Final P: 0.719819, Final R^2: 0.495640
RF_AE_BET_ECFP    :0-th Final RMSD: 0.873429, Final P: 0.735536, Final R^2: 0.498167
0-th RF_AE的BA值 ：-10.428244
0-th RF_BET的BA值：-10.510672
0-th RF_ECFP的BA值 ：-10.798545
0-th RF_AE_BET的BA值：-10.460922
0-th RF_AE_ECFP的BA值    ：-10.521497
0-th RF_BET_ECFP的BA值    ：-10.594722
0-th RF_AE_BET_ECFP的BA值    ：-10.517888
total time: 1.6055864565240012 h
