size of data: (469,)
size of train size: 375
RF parameter
Namespace(n_estimators=10000, dataset='CHEMBL1741179', max_depth=7, min_samples_split=3, min_samples_leaf=1, criterion='mse', random_seed=0)
fold= 1
>>>>>>>>>>>>>training.............
###############################################RF#####################################################
RF_BET的BA值：-8.040934697699107
RF_BET:RMSD: 0.466858, P: 0.630647, R^2: 0.338576
RF_AE的BA值 ：-7.986353028256689
RF_AE :RMSD: 0.465213, P: 0.617792, R^2: 0.343230
RF_ECFP的BA值 ：-8.075313281320657
RF_ECFP :RMSD: 0.526281, P: 0.422507, R^2: 0.159483
RF_AE_BET的BA值    ：-8.00764164491278
RF_AE_BET    :RMSD: 0.462480, P: 0.638165, R^2: 0.350923
RF_AE_ECFP的BA值    ：-8.027588251332709
RF_AE_ECFP    :RMSD: 0.490529, P: 0.535599, R^2: 0.269803
RF_BET_ECFP的BA值    ：-8.048832746328454
RF_BET_ECFP    :RMSD: 0.489519, P: 0.550097, R^2: 0.272807
RF_AE_BET_ECFP的BA值    ：-8.025827317222669
RF_AE_BET_ECFP    :RMSD: 0.479026, P: 0.582145, R^2: 0.303649
fold= 2
>>>>>>>>>>>>>training.............
###############################################RF#####################################################
RF_BET的BA值：-8.051768378909356
RF_BET:RMSD: 0.385375, P: 0.656064, R^2: 0.402690
RF_AE的BA值 ：-8.115124876771842
RF_AE :RMSD: 0.410057, P: 0.577226, R^2: 0.323730
RF_ECFP的BA值 ：-8.062069924403154
RF_ECFP :RMSD: 0.404899, P: 0.607764, R^2: 0.340634
RF_AE_BET的BA值    ：-8.065107507902244
RF_AE_BET    :RMSD: 0.393928, P: 0.630791, R^2: 0.375883
RF_AE_ECFP的BA值    ：-8.045819432937662
RF_AE_ECFP    :RMSD: 0.402474, P: 0.607367, R^2: 0.348511
RF_BET_ECFP的BA值    ：-8.049133611327338
RF_BET_ECFP    :RMSD: 0.390957, P: 0.649462, R^2: 0.385261
RF_AE_BET_ECFP的BA值    ：-8.025187231706168
RF_AE_BET_ECFP    :RMSD: 0.394327, P: 0.634626, R^2: 0.374618
fold= 3
>>>>>>>>>>>>>training.............
###############################################RF#####################################################
RF_BET的BA值：-8.089792821893216
RF_BET:RMSD: 0.498648, P: 0.563066, R^2: 0.290873
RF_AE的BA值 ：-8.153063311798423
RF_AE :RMSD: 0.490424, P: 0.579077, R^2: 0.314071
RF_ECFP的BA值 ：-8.029556042539278
RF_ECFP :RMSD: 0.529171, P: 0.504026, R^2: 0.201400
RF_AE_BET的BA值    ：-8.103646914221645
RF_AE_BET    :RMSD: 0.491941, P: 0.579939, R^2: 0.309819
RF_AE_ECFP的BA值    ：-8.053697228286719
RF_AE_ECFP    :RMSD: 0.503968, P: 0.564990, R^2: 0.275661
RF_BET_ECFP的BA值    ：-8.053482739045204
RF_BET_ECFP    :RMSD: 0.509620, P: 0.551640, R^2: 0.259321
RF_AE_BET_ECFP的BA值    ：-8.05192631896435
RF_AE_BET_ECFP    :RMSD: 0.500402, P: 0.570919, R^2: 0.285874
fold= 4
>>>>>>>>>>>>>training.............
###############################################RF#####################################################
RF_BET的BA值：-8.028799691566059
RF_BET:RMSD: 0.418005, P: 0.509135, R^2: 0.250705
RF_AE的BA值 ：-7.90755705212397
RF_AE :RMSD: 0.421093, P: 0.523595, R^2: 0.239596
RF_ECFP的BA值 ：-8.067400271468735
RF_ECFP :RMSD: 0.415455, P: 0.512420, R^2: 0.259821
RF_AE_BET的BA值    ：-7.954290061910603
RF_AE_BET    :RMSD: 0.416275, P: 0.523916, R^2: 0.256895
RF_AE_ECFP的BA值    ：-7.976145383212929
RF_AE_ECFP    :RMSD: 0.409779, P: 0.536622, R^2: 0.279908
RF_BET_ECFP的BA值    ：-8.041994058136165
RF_BET_ECFP    :RMSD: 0.408417, P: 0.534919, R^2: 0.284685
RF_AE_BET_ECFP的BA值    ：-7.989626203743151
RF_AE_BET_ECFP    :RMSD: 0.409252, P: 0.537588, R^2: 0.281759
fold= 5
>>>>>>>>>>>>>training.............
###############################################RF#####################################################
RF_BET的BA值：-8.066861403341907
RF_BET:RMSD: 0.442530, P: 0.650874, R^2: 0.387460
RF_AE的BA值 ：-7.7000064097115475
RF_AE :RMSD: 0.488610, P: 0.707566, R^2: 0.253253
RF_ECFP的BA值 ：-8.185880623514887
RF_ECFP :RMSD: 0.458841, P: 0.596052, R^2: 0.341472
RF_AE_BET的BA值    ：-7.864869656618515
RF_AE_BET    :RMSD: 0.455987, P: 0.687109, R^2: 0.349641
RF_AE_ECFP的BA值    ：-7.929775559043783
RF_AE_ECFP    :RMSD: 0.460139, P: 0.659272, R^2: 0.337742
RF_BET_ECFP的BA值    ：-8.059183935185604
RF_BET_ECFP    :RMSD: 0.446694, P: 0.638683, R^2: 0.375878
RF_AE_BET_ECFP的BA值    ：-7.927081926755444
RF_AE_BET_ECFP    :RMSD: 0.451127, P: 0.666167, R^2: 0.363429
fold= 6
>>>>>>>>>>>>>training.............
###############################################RF#####################################################
RF_BET的BA值：-8.09614714971661
RF_BET:RMSD: 0.388893, P: 0.620700, R^2: 0.375094
RF_AE的BA值 ：-8.188832637325692
RF_AE :RMSD: 0.368819, P: 0.665118, R^2: 0.437940
RF_ECFP的BA值 ：-8.084538890688687
RF_ECFP :RMSD: 0.392003, P: 0.615678, R^2: 0.365059
RF_AE_BET的BA值    ：-8.142489893521152
RF_AE_BET    :RMSD: 0.375128, P: 0.655235, R^2: 0.418548
RF_AE_ECFP的BA值    ：-8.13668576400719
RF_AE_ECFP    :RMSD: 0.373756, P: 0.663006, R^2: 0.422793
RF_BET_ECFP的BA值    ：-8.09034302020265
RF_BET_ECFP    :RMSD: 0.386367, P: 0.632714, R^2: 0.383186
RF_AE_BET_ECFP的BA值    ：-8.123172892576997
RF_AE_BET_ECFP    :RMSD: 0.376806, P: 0.655996, R^2: 0.413335
fold= 7
>>>>>>>>>>>>>training.............
###############################################RF#####################################################
RF_BET的BA值：-8.047161454849787
RF_BET:RMSD: 0.488849, P: 0.462106, R^2: 0.209616
RF_AE的BA值 ：-8.073832706117347
RF_AE :RMSD: 0.476046, P: 0.502872, R^2: 0.250472
RF_ECFP的BA值 ：-8.121643168574169
RF_ECFP :RMSD: 0.482648, P: 0.493848, R^2: 0.229540
RF_AE_BET的BA值    ：-8.027762546573241
RF_AE_BET    :RMSD: 0.479692, P: 0.491322, R^2: 0.238948
RF_AE_ECFP的BA值    ：-8.079260849733046
RF_AE_ECFP    :RMSD: 0.473740, P: 0.513925, R^2: 0.257716
RF_BET_ECFP的BA值    ：-8.070628436588784
RF_BET_ECFP    :RMSD: 0.478855, P: 0.500406, R^2: 0.241602
RF_AE_BET_ECFP的BA值    ：-8.05438052452371
RF_AE_BET_ECFP    :RMSD: 0.475722, P: 0.507108, R^2: 0.251493
fold= 8
>>>>>>>>>>>>>training.............
###############################################RF#####################################################
RF_BET的BA值：-8.136094226794489
RF_BET:RMSD: 0.416896, P: 0.549355, R^2: 0.296749
RF_AE的BA值 ：-8.056457421653558
RF_AE :RMSD: 0.423414, P: 0.529774, R^2: 0.274587
RF_ECFP的BA值 ：-8.106099638537772
RF_ECFP :RMSD: 0.468874, P: 0.355207, R^2: 0.110456
RF_AE_BET的BA值    ：-8.096275824224023
RF_AE_BET    :RMSD: 0.415387, P: 0.558121, R^2: 0.301830
RF_AE_ECFP的BA值    ：-8.081278530095666
RF_AE_ECFP    :RMSD: 0.439639, P: 0.471012, R^2: 0.217926
RF_BET_ECFP的BA值    ：-8.12109693266613
RF_BET_ECFP    :RMSD: 0.437700, P: 0.475583, R^2: 0.224808
RF_AE_BET_ECFP的BA值    ：-8.099550428995274
RF_AE_BET_ECFP    :RMSD: 0.429045, P: 0.510577, R^2: 0.255163
fold= 9
>>>>>>>>>>>>>training.............
###############################################RF#####################################################
RF_BET的BA值：-8.06452995754531
RF_BET:RMSD: 0.449109, P: 0.610224, R^2: 0.349401
RF_AE的BA值 ：-8.08953103794739
RF_AE :RMSD: 0.439408, P: 0.639371, R^2: 0.377205
RF_ECFP的BA值 ：-8.063408749287941
RF_ECFP :RMSD: 0.443477, P: 0.620362, R^2: 0.365617
RF_AE_BET的BA值    ：-8.072597038351297
RF_AE_BET    :RMSD: 0.440863, P: 0.639709, R^2: 0.373074
RF_AE_ECFP的BA值    ：-8.07216357010697
RF_AE_ECFP    :RMSD: 0.436854, P: 0.648438, R^2: 0.384422
RF_BET_ECFP的BA值    ：-8.061333089811125
RF_BET_ECFP    :RMSD: 0.440465, P: 0.639516, R^2: 0.374204
RF_AE_BET_ECFP的BA值    ：-8.067776766259845
RF_AE_BET_ECFP    :RMSD: 0.437848, P: 0.649462, R^2: 0.381620
fold= 10
>>>>>>>>>>>>>training.............
###############################################RF#####################################################
RF_BET的BA值：-8.052488475389403
RF_BET:RMSD: 0.393704, P: 0.551238, R^2: 0.224737
RF_AE的BA值 ：-8.108841411535364
RF_AE :RMSD: 0.410290, P: 0.512225, R^2: 0.158041
RF_ECFP的BA值 ：-8.082206185736114
RF_ECFP :RMSD: 0.396839, P: 0.509244, R^2: 0.212342
RF_AE_BET的BA值    ：-8.080664943462384
RF_AE_BET    :RMSD: 0.398701, P: 0.540150, R^2: 0.204934
RF_AE_ECFP的BA值    ：-8.050839388484196
RF_AE_ECFP    :RMSD: 0.395700, P: 0.531595, R^2: 0.216855
RF_BET_ECFP的BA值    ：-8.027533511482005
RF_BET_ECFP    :RMSD: 0.389791, P: 0.549534, R^2: 0.240073
RF_AE_BET_ECFP的BA值    ：-8.024846538065429
RF_AE_BET_ECFP    :RMSD: 0.392865, P: 0.545526, R^2: 0.228037
@@@@@@@@@@@@@@@@@@@@@@@@@@@@@@@@@@@@@@@@@@@最终结果@@@@@@@@@@@@@@@@@@@@@@@@@@@@@@@@@@@@@@@@@@@@@@@@@@
@@@@@@@@@@@@@@@@@@@@@@@@@@@@@@@@@@@@@@@@@@@最终结果@@@@@@@@@@@@@@@@@@@@@@@@@@@@@@@@@@@@@@@@@@@@@@@@@@
%%%%%%%%%%%%%%%%%%%%%%%%%%%%%%%%%%%%%%%%%%%RF%%%%%%%%%%%%%%%%%%%%%%%%%%%%%%%%%%%%%%%%%%%%%%%%%%%%%%
RF_BET:0-th Final RMSD: 0.436710, Final P: 0.573592, Final R^2: 0.322327
RF_AE :0-th Final RMSD: 0.441027, Final P: 0.562439, Final R^2: 0.308864
RF_ECFP :0-th Final RMSD: 0.454503, Final P: 0.518755, Final R^2: 0.265980
RF_AE_BET    :0-th Final RMSD: 0.434697, Final P: 0.582748, Final R^2: 0.328560
RF_AE_ECFP    :0-th Final RMSD: 0.440665, Final P: 0.565685, Final R^2: 0.309995
RF_BET_ECFP    :0-th Final RMSD: 0.439946, Final P: 0.568318, Final R^2: 0.312246
RF_AE_BET_ECFP    :0-th Final RMSD: 0.436528, Final P: 0.579622, Final R^2: 0.322893
0-th RF_AE的BA值 ：-8.188833
0-th RF_BET的BA值：-8.136094
0-th RF_ECFP的BA值 ：-8.185881
0-th RF_AE_BET的BA值：-8.142490
0-th RF_AE_ECFP的BA值    ：-8.136686
0-th RF_BET_ECFP的BA值    ：-8.121097
0-th RF_AE_BET_ECFP的BA值    ：-8.123173
total time: 3.2697170161538653 h
