size of data: (465,)
size of train size: 372
RF parameter
Namespace(n_estimators=10000, dataset='CHEMBL3018', max_depth=7, min_samples_split=3, min_samples_leaf=1, criterion='mse', random_seed=0)
fold= 1
>>>>>>>>>>>>>training.............
###############################################RF#####################################################
RF_BET的BA值：-11.662841656391908
RF_BET:RMSD: 1.289478, P: 0.755782, R^2: 0.524998
RF_AE的BA值 ：-11.492734998579193
RF_AE :RMSD: 1.433202, P: 0.714069, R^2: 0.413210
RF_ECFP的BA值 ：-12.992938652531734
RF_ECFP :RMSD: 1.217954, P: 0.774950, R^2: 0.576231
RF_AE_BET的BA值    ：-11.457029016843556
RF_AE_BET    :RMSD: 1.320376, P: 0.768935, R^2: 0.501962
RF_AE_ECFP的BA值    ：-12.242836825555464
RF_AE_ECFP    :RMSD: 1.273009, P: 0.786844, R^2: 0.537054
RF_BET_ECFP的BA值    ：-11.477818356589317
RF_BET_ECFP    :RMSD: 1.206893, P: 0.804497, R^2: 0.583893
RF_AE_BET_ECFP的BA值    ：-11.457368841369979
RF_AE_BET_ECFP    :RMSD: 1.250862, P: 0.801226, R^2: 0.553022
fold= 2
>>>>>>>>>>>>>training.............
###############################################RF#####################################################
RF_BET的BA值：-12.33222539420362
RF_BET:RMSD: 1.413113, P: 0.650780, R^2: 0.410429
RF_AE的BA值 ：-12.32062458280286
RF_AE :RMSD: 1.587612, P: 0.537834, R^2: 0.255832
RF_ECFP的BA值 ：-13.054149015700292
RF_ECFP :RMSD: 1.521035, P: 0.580938, R^2: 0.316938
RF_AE_BET的BA值    ：-12.326424988503241
RF_AE_BET    :RMSD: 1.478687, P: 0.616908, R^2: 0.354444
RF_AE_ECFP的BA值    ：-12.687386799251577
RF_AE_ECFP    :RMSD: 1.511865, P: 0.580335, R^2: 0.325149
RF_BET_ECFP的BA值    ：-12.693187204951956
RF_BET_ECFP    :RMSD: 1.434010, P: 0.629782, R^2: 0.392864
RF_AE_BET_ECFP的BA值    ：-12.56899966423559
RF_AE_BET_ECFP    :RMSD: 1.463769, P: 0.615539, R^2: 0.367403
fold= 3
>>>>>>>>>>>>>training.............
###############################################RF#####################################################
RF_BET的BA值：-12.008828501641121
RF_BET:RMSD: 1.220816, P: 0.657934, R^2: 0.329046
RF_AE的BA值 ：-11.739724705520656
RF_AE :RMSD: 1.397737, P: 0.591834, R^2: 0.120485
RF_ECFP的BA值 ：-12.53978285817805
RF_ECFP :RMSD: 1.084126, P: 0.718253, R^2: 0.470882
RF_AE_BET的BA值    ：-11.842770876739202
RF_AE_BET    :RMSD: 1.279495, P: 0.645325, R^2: 0.262995
RF_AE_ECFP的BA值    ：-12.12786700744672
RF_AE_ECFP    :RMSD: 1.175548, P: 0.691341, R^2: 0.377881
RF_BET_ECFP的BA值    ：-12.201175170451634
RF_BET_ECFP    :RMSD: 1.123988, P: 0.702299, R^2: 0.431257
RF_AE_BET_ECFP的BA值    ：-12.039433832539553
RF_AE_BET_ECFP    :RMSD: 1.178987, P: 0.687626, R^2: 0.374235
fold= 4
>>>>>>>>>>>>>training.............
###############################################RF#####################################################
RF_BET的BA值：-13.489322169285268
RF_BET:RMSD: 0.982998, P: 0.688363, R^2: 0.401984
RF_AE的BA值 ：-12.509227991610906
RF_AE :RMSD: 1.077846, P: 0.563439, R^2: 0.281015
RF_ECFP的BA值 ：-13.742308758996328
RF_ECFP :RMSD: 1.002051, P: 0.683682, R^2: 0.378578
RF_AE_BET的BA值    ：-12.75064442159469
RF_AE_BET    :RMSD: 0.965837, P: 0.665417, R^2: 0.422683
RF_AE_ECFP的BA值    ：-13.125768375303618
RF_AE_ECFP    :RMSD: 0.981198, P: 0.660510, R^2: 0.404173
RF_BET_ECFP的BA值    ：-13.367184805287401
RF_BET_ECFP    :RMSD: 0.956873, P: 0.699290, R^2: 0.433349
RF_AE_BET_ECFP的BA值    ：-13.08119920072857
RF_AE_BET_ECFP    :RMSD: 0.949423, P: 0.684446, R^2: 0.442138
fold= 5
>>>>>>>>>>>>>training.............
###############################################RF#####################################################
RF_BET的BA值：-12.290100786799528
RF_BET:RMSD: 1.217270, P: 0.785955, R^2: 0.576751
RF_AE的BA值 ：-11.874204094110754
RF_AE :RMSD: 1.461375, P: 0.685220, R^2: 0.389977
RF_ECFP的BA值 ：-12.997606387754535
RF_ECFP :RMSD: 1.232910, P: 0.765944, R^2: 0.565804
RF_AE_BET的BA值    ：-12.08215244045514
RF_AE_BET    :RMSD: 1.313355, P: 0.757123, R^2: 0.507295
RF_AE_ECFP的BA值    ：-12.435905240932644
RF_AE_ECFP    :RMSD: 1.296107, P: 0.762064, R^2: 0.520151
RF_BET_ECFP的BA值    ：-12.643853587277032
RF_BET_ECFP    :RMSD: 1.198989, P: 0.789433, R^2: 0.589368
RF_AE_BET_ECFP的BA值    ：-12.387303756221606
RF_AE_BET_ECFP    :RMSD: 1.257513, P: 0.777900, R^2: 0.548303
fold= 6
>>>>>>>>>>>>>training.............
###############################################RF#####################################################
RF_BET的BA值：-12.460913027711038
RF_BET:RMSD: 1.073071, P: 0.871384, R^2: 0.676157
RF_AE的BA值 ：-11.79061554857079
RF_AE :RMSD: 1.099161, P: 0.862856, R^2: 0.660219
RF_ECFP的BA值 ：-12.86265383930745
RF_ECFP :RMSD: 0.978312, P: 0.874373, R^2: 0.730827
RF_AE_BET的BA值    ：-12.125764288140914
RF_AE_BET    :RMSD: 1.057728, P: 0.884343, R^2: 0.685353
RF_AE_ECFP的BA值    ：-12.277359365400939
RF_AE_ECFP    :RMSD: 0.997054, P: 0.888360, R^2: 0.720415
RF_BET_ECFP的BA值    ：-12.525890883128387
RF_BET_ECFP    :RMSD: 0.983162, P: 0.893442, R^2: 0.728152
RF_AE_BET_ECFP的BA值    ：-12.280799104942522
RF_AE_BET_ECFP    :RMSD: 1.000073, P: 0.895619, R^2: 0.718719
fold= 7
>>>>>>>>>>>>>training.............
###############################################RF#####################################################
RF_BET的BA值：-12.593476726023685
RF_BET:RMSD: 1.316514, P: 0.717269, R^2: 0.459239
RF_AE的BA值 ：-11.361721655841606
RF_AE :RMSD: 1.334703, P: 0.751190, R^2: 0.444194
RF_ECFP的BA值 ：-12.992039067679869
RF_ECFP :RMSD: 1.133746, P: 0.815931, R^2: 0.598962
RF_AE_BET的BA值    ：-11.977599190932645
RF_AE_BET    :RMSD: 1.297177, P: 0.756683, R^2: 0.475008
RF_AE_ECFP的BA值    ：-12.176880361760738
RF_AE_ECFP    :RMSD: 1.200659, P: 0.818832, R^2: 0.550227
RF_BET_ECFP的BA值    ：-12.792757896851777
RF_BET_ECFP    :RMSD: 1.191577, P: 0.797027, R^2: 0.557005
RF_AE_BET_ECFP的BA值    ：-12.315745816515053
RF_AE_BET_ECFP    :RMSD: 1.219126, P: 0.801679, R^2: 0.536285
fold= 8
>>>>>>>>>>>>>training.............
###############################################RF#####################################################
RF_BET的BA值：-11.857072137042044
RF_BET:RMSD: 0.995714, P: 0.854548, R^2: 0.687055
RF_AE的BA值 ：-11.526101344627108
RF_AE :RMSD: 1.283363, P: 0.757850, R^2: 0.480126
RF_ECFP的BA值 ：-12.131190275234305
RF_ECFP :RMSD: 0.915601, P: 0.875784, R^2: 0.735387
RF_AE_BET的BA值    ：-11.58730161962609
RF_AE_BET    :RMSD: 1.107035, P: 0.834936, R^2: 0.613168
RF_AE_ECFP的BA值    ：-11.608470740891109
RF_AE_ECFP    :RMSD: 1.046890, P: 0.862123, R^2: 0.654059
RF_BET_ECFP的BA值    ：-11.984981596011053
RF_BET_ECFP    :RMSD: 0.919916, P: 0.883143, R^2: 0.732886
RF_AE_BET_ECFP的BA值    ：-11.667620765911423
RF_AE_BET_ECFP    :RMSD: 1.010732, P: 0.870193, R^2: 0.677543
fold= 9
>>>>>>>>>>>>>training.............
###############################################RF#####################################################
RF_BET的BA值：-11.586584043060745
RF_BET:RMSD: 1.171848, P: 0.742175, R^2: 0.538184
RF_AE的BA值 ：-11.709932218289948
RF_AE :RMSD: 1.236051, P: 0.698949, R^2: 0.486194
RF_ECFP的BA值 ：-11.733743303754409
RF_ECFP :RMSD: 1.404691, P: 0.608132, R^2: 0.336428
RF_AE_BET的BA值    ：-11.648258130675346
RF_AE_BET    :RMSD: 1.187878, P: 0.729178, R^2: 0.525463
RF_AE_ECFP的BA值    ：-11.72183776102218
RF_AE_ECFP    :RMSD: 1.292170, P: 0.664622, R^2: 0.438479
RF_BET_ECFP的BA值    ：-11.660163673407578
RF_BET_ECFP    :RMSD: 1.262565, P: 0.690026, R^2: 0.463915
RF_AE_BET_ECFP的BA值    ：-11.676753188368368
RF_AE_BET_ECFP    :RMSD: 1.239404, P: 0.698992, R^2: 0.483403
fold= 10
>>>>>>>>>>>>>training.............
###############################################RF#####################################################
RF_BET的BA值：-12.08224484832647
RF_BET:RMSD: 1.098409, P: 0.831128, R^2: 0.634014
RF_AE的BA值 ：-11.302135127281527
RF_AE :RMSD: 1.512991, P: 0.649194, R^2: 0.305602
RF_ECFP的BA值 ：-12.332806272575118
RF_ECFP :RMSD: 1.309437, P: 0.713580, R^2: 0.479878
RF_AE_BET的BA值    ：-11.692189987804
RF_AE_BET    :RMSD: 1.253299, P: 0.816570, R^2: 0.523519
RF_AE_ECFP的BA值    ：-11.817470699928322
RF_AE_ECFP    :RMSD: 1.363179, P: 0.740776, R^2: 0.436308
RF_BET_ECFP的BA值    ：-12.207525560450794
RF_BET_ECFP    :RMSD: 1.163671, P: 0.810683, R^2: 0.589232
RF_AE_BET_ECFP的BA值    ：-11.90572874939437
RF_AE_BET_ECFP    :RMSD: 1.243754, P: 0.808803, R^2: 0.530749
@@@@@@@@@@@@@@@@@@@@@@@@@@@@@@@@@@@@@@@@@@@最终结果@@@@@@@@@@@@@@@@@@@@@@@@@@@@@@@@@@@@@@@@@@@@@@@@@@
@@@@@@@@@@@@@@@@@@@@@@@@@@@@@@@@@@@@@@@@@@@最终结果@@@@@@@@@@@@@@@@@@@@@@@@@@@@@@@@@@@@@@@@@@@@@@@@@@
%%%%%%%%%%%%%%%%%%%%%%%%%%%%%%%%%%%%%%%%%%%RF%%%%%%%%%%%%%%%%%%%%%%%%%%%%%%%%%%%%%%%%%%%%%%%%%%%%%%
RF_BET:0-th Final RMSD: 1.186011, Final P: 0.746140, Final R^2: 0.546051
RF_AE :0-th Final RMSD: 1.352551, Final P: 0.662761, Final R^2: 0.409613
RF_ECFP :0-th Final RMSD: 1.194691, Final P: 0.735008, Final R^2: 0.539382
RF_AE_BET    :0-th Final RMSD: 1.234772, Final P: 0.732673, Final R^2: 0.507956
RF_AE_ECFP    :0-th Final RMSD: 1.224739, Final P: 0.733108, Final R^2: 0.515920
RF_BET_ECFP    :0-th Final RMSD: 1.154150, Final P: 0.762041, Final R^2: 0.570113
RF_AE_BET_ECFP    :0-th Final RMSD: 1.190870, Final P: 0.752353, Final R^2: 0.542324
0-th RF_AE的BA值 ：-12.509228
0-th RF_BET的BA值：-13.489322
0-th RF_ECFP的BA值 ：-13.742309
0-th RF_AE_BET的BA值：-12.750644
0-th RF_AE_ECFP的BA值    ：-13.125768
0-th RF_BET_ECFP的BA值    ：-13.367185
0-th RF_AE_BET_ECFP的BA值    ：-13.081199
total time: 3.1053997797436184 h
