size of data: (468,)
size of train size: 374
RF parameter
Namespace(n_estimators=10000, dataset='CHEMBL4607', max_depth=7, min_samples_split=3, min_samples_leaf=1, criterion='mse', random_seed=0)
fold= 1
>>>>>>>>>>>>>training.............
###############################################RF#####################################################
RF_BET的BA值：-12.062857305022206
RF_BET:RMSD: 1.067294, P: 0.665460, R^2: 0.437290
RF_AE的BA值 ：-11.845029375010645
RF_AE :RMSD: 1.278230, P: 0.456794, R^2: 0.192887
RF_ECFP的BA值 ：-12.72512490480844
RF_ECFP :RMSD: 1.250794, P: 0.568455, R^2: 0.227163
RF_AE_BET的BA值    ：-11.953943340016426
RF_AE_BET    :RMSD: 1.155700, P: 0.584779, R^2: 0.340209
RF_AE_ECFP的BA值    ：-12.203150306913791
RF_AE_ECFP    :RMSD: 1.226000, P: 0.535681, R^2: 0.257499
RF_BET_ECFP的BA值    ：-12.378538021298615
RF_BET_ECFP    :RMSD: 1.135983, P: 0.623727, R^2: 0.362530
RF_AE_BET_ECFP的BA值    ：-12.146083917205457
RF_AE_BET_ECFP    :RMSD: 1.163291, P: 0.586848, R^2: 0.331513
fold= 2
>>>>>>>>>>>>>training.............
###############################################RF#####################################################
RF_BET的BA值：-12.08853391462933
RF_BET:RMSD: 1.301678, P: 0.654517, R^2: 0.401042
RF_AE的BA值 ：-11.543977274243021
RF_AE :RMSD: 1.261576, P: 0.755478, R^2: 0.437379
RF_ECFP的BA值 ：-12.593559517430602
RF_ECFP :RMSD: 1.205601, P: 0.706896, R^2: 0.486198
RF_AE_BET的BA值    ：-11.769008778902606
RF_AE_BET    :RMSD: 1.250896, P: 0.715449, R^2: 0.446865
RF_AE_ECFP的BA值    ：-11.992430214823228
RF_AE_ECFP    :RMSD: 1.188938, P: 0.744745, R^2: 0.500302
RF_BET_ECFP的BA值    ：-12.248585008291531
RF_BET_ECFP    :RMSD: 1.235449, P: 0.695202, R^2: 0.460441
RF_AE_BET_ECFP的BA值    ：-11.992966904402882
RF_AE_BET_ECFP    :RMSD: 1.214687, P: 0.722908, R^2: 0.478424
fold= 3
>>>>>>>>>>>>>training.............
###############################################RF#####################################################
RF_BET的BA值：-12.052006732893785
RF_BET:RMSD: 1.044400, P: 0.717059, R^2: 0.497295
RF_AE的BA值 ：-11.505607451363003
RF_AE :RMSD: 1.131877, P: 0.721470, R^2: 0.409557
RF_ECFP的BA值 ：-12.469059669061206
RF_ECFP :RMSD: 1.017100, P: 0.723613, R^2: 0.523232
RF_AE_BET的BA值    ：-11.741258601547717
RF_AE_BET    :RMSD: 1.053482, P: 0.748556, R^2: 0.488514
RF_AE_ECFP的BA值    ：-11.920938103426593
RF_AE_ECFP    :RMSD: 1.005331, P: 0.762985, R^2: 0.534202
RF_BET_ECFP的BA值    ：-12.211914167553108
RF_BET_ECFP    :RMSD: 0.994768, P: 0.742454, R^2: 0.543938
RF_AE_BET_ECFP的BA值    ：-11.953633425612596
RF_AE_BET_ECFP    :RMSD: 1.001882, P: 0.761422, R^2: 0.537392
fold= 4
>>>>>>>>>>>>>training.............
###############################################RF#####################################################
RF_BET的BA值：-12.114318506919213
RF_BET:RMSD: 0.894799, P: 0.781074, R^2: 0.588689
RF_AE的BA值 ：-11.961911945025747
RF_AE :RMSD: 0.903273, P: 0.793456, R^2: 0.580861
RF_ECFP的BA值 ：-12.426559650299604
RF_ECFP :RMSD: 0.805615, P: 0.825841, R^2: 0.666593
RF_AE_BET的BA值    ：-12.03430154218957
RF_AE_BET    :RMSD: 0.873436, P: 0.803408, R^2: 0.608094
RF_AE_ECFP的BA值    ：-12.190422113879766
RF_AE_ECFP    :RMSD: 0.830012, P: 0.829177, R^2: 0.646094
RF_BET_ECFP的BA值    ：-12.270439078609408
RF_BET_ECFP    :RMSD: 0.833057, P: 0.814700, R^2: 0.643492
RF_AE_BET_ECFP的BA值    ：-12.165054244892914
RF_AE_BET_ECFP    :RMSD: 0.837828, P: 0.820817, R^2: 0.639397
fold= 5
>>>>>>>>>>>>>training.............
###############################################RF#####################################################
RF_BET的BA值：-12.136465294964513
RF_BET:RMSD: 1.021552, P: 0.773209, R^2: 0.566043
RF_AE的BA值 ：-12.287580356766577
RF_AE :RMSD: 1.288895, P: 0.665501, R^2: 0.309187
RF_ECFP的BA值 ：-12.09102652539036
RF_ECFP :RMSD: 1.129718, P: 0.696951, R^2: 0.469279
RF_AE_BET的BA值    ：-12.212022825865546
RF_AE_BET    :RMSD: 1.113525, P: 0.758468, R^2: 0.484384
RF_AE_ECFP的BA值    ：-12.189303441078469
RF_AE_ECFP    :RMSD: 1.157702, P: 0.723542, R^2: 0.442661
RF_BET_ECFP的BA值    ：-12.113745910177435
RF_BET_ECFP    :RMSD: 1.058782, P: 0.751035, R^2: 0.533836
RF_AE_BET_ECFP的BA值    ：-12.17169072570715
RF_AE_BET_ECFP    :RMSD: 1.096654, P: 0.755073, R^2: 0.499890
fold= 6
>>>>>>>>>>>>>training.............
###############################################RF#####################################################
RF_BET的BA值：-12.139046892899625
RF_BET:RMSD: 0.923103, P: 0.756494, R^2: 0.563464
RF_AE的BA值 ：-12.015815896702641
RF_AE :RMSD: 0.911775, P: 0.778973, R^2: 0.574112
RF_ECFP的BA值 ：-12.796654092419237
RF_ECFP :RMSD: 0.850206, P: 0.800839, R^2: 0.629688
RF_AE_BET的BA值    ：-12.077431394801133
RF_AE_BET    :RMSD: 0.903292, P: 0.778250, R^2: 0.582000
RF_AE_ECFP的BA值    ：-12.26833889523921
RF_AE_ECFP    :RMSD: 0.845449, P: 0.813599, R^2: 0.633820
RF_BET_ECFP的BA值    ：-12.339865832214874
RF_BET_ECFP    :RMSD: 0.859703, P: 0.796562, R^2: 0.621369
RF_AE_BET_ECFP的BA值    ：-12.139918454162975
RF_AE_BET_ECFP    :RMSD: 0.861067, P: 0.802489, R^2: 0.620166
fold= 7
>>>>>>>>>>>>>training.............
###############################################RF#####################################################
RF_BET的BA值：-12.024778411323814
RF_BET:RMSD: 1.165928, P: 0.645430, R^2: 0.412657
RF_AE的BA值 ：-12.098405489405968
RF_AE :RMSD: 1.202831, P: 0.623283, R^2: 0.374888
RF_ECFP的BA值 ：-12.136626934473309
RF_ECFP :RMSD: 1.015008, P: 0.761468, R^2: 0.554869
RF_AE_BET的BA值    ：-11.96723614237909
RF_AE_BET    :RMSD: 1.164154, P: 0.655632, R^2: 0.414443
RF_AE_ECFP的BA值    ：-12.093909922760002
RF_AE_ECFP    :RMSD: 1.082877, P: 0.728473, R^2: 0.493351
RF_BET_ECFP的BA值    ：-12.000936502731836
RF_BET_ECFP    :RMSD: 1.074949, P: 0.721608, R^2: 0.500743
RF_AE_BET_ECFP的BA值    ：-11.976245680287848
RF_AE_BET_ECFP    :RMSD: 1.100360, P: 0.710483, R^2: 0.476859
fold= 8
>>>>>>>>>>>>>training.............
###############################################RF#####################################################
RF_BET的BA值：-12.127259414388153
RF_BET:RMSD: 0.970074, P: 0.738341, R^2: 0.521879
RF_AE的BA值 ：-11.840008390738946
RF_AE :RMSD: 0.967406, P: 0.765334, R^2: 0.524505
RF_ECFP的BA值 ：-12.452777293780565
RF_ECFP :RMSD: 0.923746, P: 0.754323, R^2: 0.566455
RF_AE_BET的BA值    ：-11.98363390256355
RF_AE_BET    :RMSD: 0.947465, P: 0.770041, R^2: 0.543905
RF_AE_ECFP的BA值    ：-12.146392842259756
RF_AE_ECFP    :RMSD: 0.913883, P: 0.774683, R^2: 0.575664
RF_BET_ECFP的BA值    ：-12.29001835408436
RF_BET_ECFP    :RMSD: 0.912717, P: 0.769095, R^2: 0.576747
RF_AE_BET_ECFP的BA值    ：-12.140015032969222
RF_AE_BET_ECFP    :RMSD: 0.914906, P: 0.778249, R^2: 0.574714
fold= 9
>>>>>>>>>>>>>training.............
###############################################RF#####################################################
RF_BET的BA值：-12.151433629799367
RF_BET:RMSD: 0.871848, P: 0.843500, R^2: 0.681674
RF_AE的BA值 ：-12.026572309104372
RF_AE :RMSD: 1.001884, P: 0.794731, R^2: 0.579636
RF_ECFP的BA值 ：-12.48554037552219
RF_ECFP :RMSD: 0.912530, P: 0.815892, R^2: 0.651274
RF_AE_BET的BA值    ：-12.075487170131133
RF_AE_BET    :RMSD: 0.921511, P: 0.831091, R^2: 0.644376
RF_AE_ECFP的BA值    ：-12.21629814667308
RF_AE_ECFP    :RMSD: 0.918153, P: 0.821702, R^2: 0.646963
RF_BET_ECFP的BA值    ：-12.318487002660778
RF_BET_ECFP    :RMSD: 0.870663, P: 0.838470, R^2: 0.682539
RF_AE_BET_ECFP的BA值    ：-12.194676641048508
RF_AE_BET_ECFP    :RMSD: 0.894698, P: 0.834596, R^2: 0.664770
fold= 10
>>>>>>>>>>>>>training.............
###############################################RF#####################################################
RF_BET的BA值：-12.284136994097738
RF_BET:RMSD: 1.376483, P: 0.667450, R^2: 0.409831
RF_AE的BA值 ：-12.220940949101774
RF_AE :RMSD: 1.495566, P: 0.630082, R^2: 0.303301
RF_ECFP的BA值 ：-12.89562813858139
RF_ECFP :RMSD: 1.231173, P: 0.736207, R^2: 0.527858
RF_AE_BET的BA值    ：-12.252538971599755
RF_AE_BET    :RMSD: 1.410049, P: 0.676483, R^2: 0.380698
RF_AE_ECFP的BA值    ：-12.558284543841582
RF_AE_ECFP    :RMSD: 1.305699, P: 0.734534, R^2: 0.468969
RF_BET_ECFP的BA值    ：-12.589882566339565
RF_BET_ECFP    :RMSD: 1.263883, P: 0.733732, R^2: 0.502437
RF_AE_BET_ECFP的BA值    ：-12.466902027260302
RF_AE_BET_ECFP    :RMSD: 1.312959, P: 0.728735, R^2: 0.463047
@@@@@@@@@@@@@@@@@@@@@@@@@@@@@@@@@@@@@@@@@@@最终结果@@@@@@@@@@@@@@@@@@@@@@@@@@@@@@@@@@@@@@@@@@@@@@@@@@
@@@@@@@@@@@@@@@@@@@@@@@@@@@@@@@@@@@@@@@@@@@最终结果@@@@@@@@@@@@@@@@@@@@@@@@@@@@@@@@@@@@@@@@@@@@@@@@@@
%%%%%%%%%%%%%%%%%%%%%%%%%%%%%%%%%%%%%%%%%%%RF%%%%%%%%%%%%%%%%%%%%%%%%%%%%%%%%%%%%%%%%%%%%%%%%%%%%%%
RF_BET:0-th Final RMSD: 1.075575, Final P: 0.718155, Final R^2: 0.509072
RF_AE :0-th Final RMSD: 1.158725, Final P: 0.673698, Final R^2: 0.430233
RF_ECFP :0-th Final RMSD: 1.045427, Final P: 0.732663, Final R^2: 0.536208
RF_AE_BET    :0-th Final RMSD: 1.091313, Final P: 0.721188, Final R^2: 0.494600
RF_AE_ECFP    :0-th Final RMSD: 1.059269, Final P: 0.737584, Final R^2: 0.523844
RF_BET_ECFP    :0-th Final RMSD: 1.034403, Final P: 0.743217, Final R^2: 0.545937
RF_AE_BET_ECFP    :0-th Final RMSD: 1.050904, Final P: 0.742687, Final R^2: 0.531335
0-th RF_AE的BA值 ：-12.287580
0-th RF_BET的BA值：-12.284137
0-th RF_ECFP的BA值 ：-12.895628
0-th RF_AE_BET的BA值：-12.252539
0-th RF_AE_ECFP的BA值    ：-12.558285
0-th RF_BET_ECFP的BA值    ：-12.589883
0-th RF_AE_BET_ECFP的BA值    ：-12.466902
total time: 3.1444812557432384 h
