size of data: (1083,)
size of train size: 866
RF parameter
Namespace(n_estimators=10000, dataset='CHEMBL3286', max_depth=7, min_samples_split=3, min_samples_leaf=1, criterion='mse', random_seed=0)
fold= 1
>>>>>>>>>>>>>training.............
###############################################RF#####################################################
RF_BET的BA值：-10.313874786790784
RF_BET:RMSD: 1.081139, P: 0.749320, R^2: 0.498045
RF_AE的BA值 ：-10.144434704260789
RF_AE :RMSD: 1.170789, P: 0.696413, R^2: 0.411348
RF_ECFP的BA值 ：-11.651213003097618
RF_ECFP :RMSD: 0.995092, P: 0.776901, R^2: 0.574766
RF_AE_BET的BA值    ：-10.130515920857267
RF_AE_BET    :RMSD: 1.112735, P: 0.745022, R^2: 0.468278
RF_AE_ECFP的BA值    ：-10.897823853679203
RF_AE_ECFP    :RMSD: 1.051173, P: 0.774443, R^2: 0.525485
RF_BET_ECFP的BA值    ：-10.88390507027568
RF_BET_ECFP    :RMSD: 1.008470, P: 0.792103, R^2: 0.563256
RF_AE_BET_ECFP的BA值    ：-10.637414948270717
RF_AE_BET_ECFP    :RMSD: 1.049381, P: 0.781827, R^2: 0.527101
fold= 2
>>>>>>>>>>>>>training.............
###############################################RF#####################################################
RF_BET的BA值：-10.39159184006214
RF_BET:RMSD: 1.022885, P: 0.747925, R^2: 0.491076
RF_AE的BA值 ：-10.159130862238946
RF_AE :RMSD: 1.059788, P: 0.741803, R^2: 0.453693
RF_ECFP的BA值 ：-11.621283051900209
RF_ECFP :RMSD: 0.978407, P: 0.752273, R^2: 0.534373
RF_AE_BET的BA值    ：-10.020142227282093
RF_AE_BET    :RMSD: 1.024780, P: 0.771315, R^2: 0.489189
RF_AE_ECFP的BA值    ：-10.890206957069577
RF_AE_ECFP    :RMSD: 0.988362, P: 0.784021, R^2: 0.524850
RF_BET_ECFP的BA值    ：-10.687719703287952
RF_BET_ECFP    :RMSD: 0.969512, P: 0.787138, R^2: 0.542801
RF_AE_BET_ECFP的BA值    ：-10.344682133631915
RF_AE_BET_ECFP    :RMSD: 0.985519, P: 0.793745, R^2: 0.527580
fold= 3
>>>>>>>>>>>>>training.............
###############################################RF#####################################################
RF_BET的BA值：-10.418173658248929
RF_BET:RMSD: 1.032998, P: 0.772589, R^2: 0.505828
RF_AE的BA值 ：-10.582449217270353
RF_AE :RMSD: 1.080668, P: 0.716505, R^2: 0.459166
RF_ECFP的BA值 ：-11.84360749666138
RF_ECFP :RMSD: 1.145574, P: 0.670430, R^2: 0.392250
RF_AE_BET的BA值    ：-10.488389705523698
RF_AE_BET    :RMSD: 1.042219, P: 0.765002, R^2: 0.496966
RF_AE_ECFP的BA值    ：-11.213028356965866
RF_AE_ECFP    :RMSD: 1.083821, P: 0.731072, R^2: 0.456006
RF_BET_ECFP的BA值    ：-11.054613947933344
RF_BET_ECFP    :RMSD: 1.072028, P: 0.746428, R^2: 0.467780
RF_AE_BET_ECFP的BA值    ：-10.897225704379013
RF_AE_BET_ECFP    :RMSD: 1.058997, P: 0.757718, R^2: 0.480640
fold= 4
>>>>>>>>>>>>>training.............
###############################################RF#####################################################
RF_BET的BA值：-10.876860785687889
RF_BET:RMSD: 1.094126, P: 0.723714, R^2: 0.487477
RF_AE的BA值 ：-10.512318809371257
RF_AE :RMSD: 1.149130, P: 0.693075, R^2: 0.434650
RF_ECFP的BA值 ：-11.769863760848384
RF_ECFP :RMSD: 1.099513, P: 0.695037, R^2: 0.482418
RF_AE_BET的BA值    ：-10.681095017763166
RF_AE_BET    :RMSD: 1.112573, P: 0.720806, R^2: 0.470049
RF_AE_ECFP的BA值    ：-11.09691988130019
RF_AE_ECFP    :RMSD: 1.079300, P: 0.732047, R^2: 0.501273
RF_BET_ECFP的BA值    ：-11.292685649224913
RF_BET_ECFP    :RMSD: 1.061974, P: 0.735841, R^2: 0.517156
RF_AE_BET_ECFP的BA值    ：-11.023566849429423
RF_AE_BET_ECFP    :RMSD: 1.074732, P: 0.740357, R^2: 0.505485
fold= 5
>>>>>>>>>>>>>training.............
###############################################RF#####################################################
RF_BET的BA值：-10.50971588816421
RF_BET:RMSD: 0.960866, P: 0.667463, R^2: 0.424556
RF_AE的BA值 ：-9.952355807938151
RF_AE :RMSD: 0.965152, P: 0.660949, R^2: 0.419412
RF_ECFP的BA值 ：-11.61548128786523
RF_ECFP :RMSD: 0.860818, P: 0.740696, R^2: 0.538152
RF_AE_BET的BA值    ：-10.231035848051182
RF_AE_BET    :RMSD: 0.949039, P: 0.683779, R^2: 0.438635
RF_AE_ECFP的BA值    ：-10.779550113450984
RF_AE_ECFP    :RMSD: 0.878574, P: 0.738922, R^2: 0.518902
RF_BET_ECFP的BA值    ：-10.737643934495498
RF_BET_ECFP    :RMSD: 0.868546, P: 0.751133, R^2: 0.529822
RF_AE_BET_ECFP的BA值    ：-10.475881225643048
RF_AE_BET_ECFP    :RMSD: 0.888942, P: 0.738504, R^2: 0.507480
fold= 6
>>>>>>>>>>>>>training.............
###############################################RF#####################################################
RF_BET的BA值：-9.866249598055647
RF_BET:RMSD: 1.139867, P: 0.836172, R^2: 0.523288
RF_AE的BA值 ：-10.026527787768165
RF_AE :RMSD: 1.246626, P: 0.760170, R^2: 0.429809
RF_ECFP的BA值 ：-11.546106897741602
RF_ECFP :RMSD: 1.162287, P: 0.761454, R^2: 0.504350
RF_AE_BET的BA值    ：-9.946388692911906
RF_AE_BET    :RMSD: 1.172286, P: 0.839810, R^2: 0.495786
RF_AE_ECFP的BA值    ：-10.786317342754884
RF_AE_ECFP    :RMSD: 1.167536, P: 0.818747, R^2: 0.499864
RF_BET_ECFP的BA值    ：-10.706178247898624
RF_BET_ECFP    :RMSD: 1.132381, P: 0.825688, R^2: 0.529529
RF_AE_BET_ECFP的BA值    ：-10.479628094521805
RF_AE_BET_ECFP    :RMSD: 1.148644, P: 0.843678, R^2: 0.515919
fold= 7
>>>>>>>>>>>>>training.............
###############################################RF#####################################################
RF_BET的BA值：-10.407590555616016
RF_BET:RMSD: 1.007608, P: 0.713481, R^2: 0.482569
RF_AE的BA值 ：-9.784525443487267
RF_AE :RMSD: 1.026830, P: 0.725588, R^2: 0.462640
RF_ECFP的BA值 ：-11.46498175894939
RF_ECFP :RMSD: 0.922505, P: 0.757773, R^2: 0.566284
RF_AE_BET的BA值    ：-10.0784823667476
RF_AE_BET    :RMSD: 1.005160, P: 0.733536, R^2: 0.485081
RF_AE_ECFP的BA值    ：-10.524073083586975
RF_AE_ECFP    :RMSD: 0.939369, P: 0.774344, R^2: 0.550281
RF_BET_ECFP的BA值    ：-10.936286157282703
RF_BET_ECFP    :RMSD: 0.933603, P: 0.766724, R^2: 0.555785
RF_AE_BET_ECFP的BA值    ：-10.485245574263322
RF_AE_BET_ECFP    :RMSD: 0.950838, P: 0.768644, R^2: 0.539233
fold= 8
>>>>>>>>>>>>>training.............
###############################################RF#####################################################
RF_BET的BA值：-10.628058948170663
RF_BET:RMSD: 1.097744, P: 0.721244, R^2: 0.465854
RF_AE的BA值 ：-10.719089340885244
RF_AE :RMSD: 1.189789, P: 0.657583, R^2: 0.372523
RF_ECFP的BA值 ：-11.371375323832158
RF_ECFP :RMSD: 1.043982, P: 0.736146, R^2: 0.516892
RF_AE_BET的BA值    ：-10.673574144527954
RF_AE_BET    :RMSD: 1.130670, P: 0.708920, R^2: 0.433330
RF_AE_ECFP的BA值    ：-10.858740547629473
RF_AE_ECFP    :RMSD: 1.085979, P: 0.734669, R^2: 0.477242
RF_BET_ECFP的BA值    ：-10.917044537274137
RF_BET_ECFP    :RMSD: 1.050131, P: 0.749751, R^2: 0.511185
RF_AE_BET_ECFP的BA值    ：-10.781846681143202
RF_AE_BET_ECFP    :RMSD: 1.081749, P: 0.740636, R^2: 0.481307
fold= 9
>>>>>>>>>>>>>training.............
###############################################RF#####################################################
RF_BET的BA值：-10.521600801248585
RF_BET:RMSD: 1.178960, P: 0.677917, R^2: 0.422806
RF_AE的BA值 ：-10.818855563905824
RF_AE :RMSD: 1.173356, P: 0.690702, R^2: 0.428280
RF_ECFP的BA值 ：-11.60890407752983
RF_ECFP :RMSD: 1.037350, P: 0.758559, R^2: 0.553137
RF_AE_BET的BA值    ：-10.670228182577205
RF_AE_BET    :RMSD: 1.165389, P: 0.699552, R^2: 0.436018
RF_AE_ECFP的BA值    ：-11.213879820717828
RF_AE_ECFP    :RMSD: 1.074871, P: 0.761638, R^2: 0.520226
RF_BET_ECFP的BA值    ：-11.065252439389209
RF_BET_ECFP    :RMSD: 1.080412, P: 0.752099, R^2: 0.515266
RF_AE_BET_ECFP的BA值    ：-10.983120147561413
RF_AE_BET_ECFP    :RMSD: 1.099508, P: 0.748966, R^2: 0.497980
fold= 10
>>>>>>>>>>>>>training.............
###############################################RF#####################################################
RF_BET的BA值：-10.378759875183789
RF_BET:RMSD: 1.017937, P: 0.743132, R^2: 0.508647
RF_AE的BA值 ：-10.282126748770326
RF_AE :RMSD: 1.032266, P: 0.756687, R^2: 0.494716
RF_ECFP的BA值 ：-11.59268563966605
RF_ECFP :RMSD: 1.044610, P: 0.703056, R^2: 0.482560
RF_AE_BET的BA值    ：-10.330443311977056
RF_AE_BET    :RMSD: 1.011876, P: 0.766718, R^2: 0.514481
RF_AE_ECFP的BA值    ：-10.937406194218187
RF_AE_ECFP    :RMSD: 1.017171, P: 0.749348, R^2: 0.509386
RF_BET_ECFP的BA值    ：-10.98572275742492
RF_BET_ECFP    :RMSD: 1.010640, P: 0.743314, R^2: 0.515666
RF_AE_BET_ECFP的BA值    ：-10.751190754540055
RF_AE_BET_ECFP    :RMSD: 1.007015, P: 0.760077, R^2: 0.519134
@@@@@@@@@@@@@@@@@@@@@@@@@@@@@@@@@@@@@@@@@@@最终结果@@@@@@@@@@@@@@@@@@@@@@@@@@@@@@@@@@@@@@@@@@@@@@@@@@
@@@@@@@@@@@@@@@@@@@@@@@@@@@@@@@@@@@@@@@@@@@最终结果@@@@@@@@@@@@@@@@@@@@@@@@@@@@@@@@@@@@@@@@@@@@@@@@@@
%%%%%%%%%%%%%%%%%%%%%%%%%%%%%%%%%%%%%%%%%%%RF%%%%%%%%%%%%%%%%%%%%%%%%%%%%%%%%%%%%%%%%%%%%%%%%%%%%%%
RF_BET:0-th Final RMSD: 1.065234, Final P: 0.733077, Final R^2: 0.487751
RF_AE :0-th Final RMSD: 1.112640, Final P: 0.704127, Final R^2: 0.441144
RF_ECFP :0-th Final RMSD: 1.032930, Final P: 0.730148, Final R^2: 0.518349
RF_AE_BET    :0-th Final RMSD: 1.075047, Final P: 0.739736, Final R^2: 0.478270
RF_AE_ECFP    :0-th Final RMSD: 1.039629, Final P: 0.754985, Final R^2: 0.512081
RF_BET_ECFP    :0-th Final RMSD: 1.021446, Final P: 0.760601, Final R^2: 0.528999
RF_AE_BET_ECFP    :0-th Final RMSD: 1.037089, Final P: 0.763018, Final R^2: 0.514462
0-th RF_AE的BA值 ：-10.818856
0-th RF_BET的BA值：-10.876861
0-th RF_ECFP的BA值 ：-11.843607
0-th RF_AE_BET的BA值：-10.681095
0-th RF_AE_ECFP的BA值    ：-11.213880
0-th RF_BET_ECFP的BA值    ：-11.292686
0-th RF_AE_BET_ECFP的BA值    ：-11.023567
total time: 8.459948888752196 h
