size of data: (327,)
size of train size: 261
RF parameter
Namespace(n_estimators=10000, dataset='CHEMBL2047', max_depth=7, min_samples_split=3, min_samples_leaf=1, criterion='mse', random_seed=0)
fold= 1
>>>>>>>>>>>>>training.............
###############################################RF#####################################################
RF_BET的BA值：-10.976540295097658
RF_BET:RMSD: 1.072398, P: 0.596921, R^2: 0.257776
RF_AE的BA值 ：-10.79151068766391
RF_AE :RMSD: 1.109440, P: 0.559888, R^2: 0.205615
RF_ECFP的BA值 ：-11.048783682475285
RF_ECFP :RMSD: 0.748179, P: 0.816792, R^2: 0.638728
RF_AE_BET的BA值    ：-10.884025491380784
RF_AE_BET    :RMSD: 1.050373, P: 0.622378, R^2: 0.287951
RF_AE_ECFP的BA值    ：-10.920147185069599
RF_AE_ECFP    :RMSD: 0.888895, P: 0.743698, R^2: 0.490054
RF_BET_ECFP的BA值    ：-11.012661988786473
RF_BET_ECFP    :RMSD: 0.862840, P: 0.767169, R^2: 0.519511
RF_AE_BET_ECFP的BA值    ：-10.938944888412285
RF_AE_BET_ECFP    :RMSD: 0.919600, P: 0.731737, R^2: 0.454216
fold= 2
>>>>>>>>>>>>>training.............
###############################################RF#####################################################
RF_BET的BA值：-10.42949563313026
RF_BET:RMSD: 1.036476, P: 0.782857, R^2: 0.557476
RF_AE的BA值 ：-10.114226343297531
RF_AE :RMSD: 1.148190, P: 0.695694, R^2: 0.456943
RF_ECFP的BA值 ：-10.694788710369878
RF_ECFP :RMSD: 0.908696, P: 0.822439, R^2: 0.659862
RF_AE_BET的BA值    ：-10.271860988213895
RF_AE_BET    :RMSD: 1.078921, P: 0.756117, R^2: 0.520491
RF_AE_ECFP的BA值    ：-10.404507526833704
RF_AE_ECFP    :RMSD: 0.998963, P: 0.789362, R^2: 0.588930
RF_BET_ECFP的BA值    ：-10.562142171750068
RF_BET_ECFP    :RMSD: 0.951568, P: 0.817073, R^2: 0.627010
RF_AE_BET_ECFP的BA值    ：-10.412836895599222
RF_AE_BET_ECFP    :RMSD: 1.002860, P: 0.794897, R^2: 0.585716
fold= 3
>>>>>>>>>>>>>training.............
###############################################RF#####################################################
RF_BET的BA值：-10.429785392372864
RF_BET:RMSD: 1.136455, P: 0.476691, R^2: 0.212461
RF_AE的BA值 ：-10.287637876967896
RF_AE :RMSD: 1.133428, P: 0.489872, R^2: 0.216652
RF_ECFP的BA值 ：-10.892832996545641
RF_ECFP :RMSD: 1.163378, P: 0.463194, R^2: 0.174705
RF_AE_BET的BA值    ：-10.35871163467038
RF_AE_BET    :RMSD: 1.128336, P: 0.489536, R^2: 0.223674
RF_AE_ECFP的BA值    ：-10.590235436756767
RF_AE_ECFP    :RMSD: 1.113846, P: 0.498772, R^2: 0.243485
RF_BET_ECFP的BA值    ：-10.661309194459253
RF_BET_ECFP    :RMSD: 1.120618, P: 0.491804, R^2: 0.234258
RF_AE_BET_ECFP的BA值    ：-10.5367520886288
RF_AE_BET_ECFP    :RMSD: 1.112988, P: 0.500184, R^2: 0.244650
fold= 4
>>>>>>>>>>>>>training.............
###############################################RF#####################################################
RF_BET的BA值：-10.892497583970288
RF_BET:RMSD: 1.280870, P: 0.563519, R^2: 0.295183
RF_AE的BA值 ：-11.123200097119733
RF_AE :RMSD: 1.358435, P: 0.505176, R^2: 0.207237
RF_ECFP的BA值 ：-11.356032453617834
RF_ECFP :RMSD: 1.162393, P: 0.651436, R^2: 0.419540
RF_AE_BET的BA值    ：-11.00784884054501
RF_AE_BET    :RMSD: 1.306326, P: 0.544917, R^2: 0.266890
RF_AE_ECFP的BA值    ：-11.239616275368784
RF_AE_ECFP    :RMSD: 1.229460, P: 0.605415, R^2: 0.350627
RF_BET_ECFP的BA值    ：-11.12426501879406
RF_BET_ECFP    :RMSD: 1.202799, P: 0.623351, R^2: 0.378485
RF_AE_BET_ECFP的BA值    ：-11.123910044902617
RF_AE_BET_ECFP    :RMSD: 1.239265, P: 0.597346, R^2: 0.340227
fold= 5
>>>>>>>>>>>>>training.............
###############################################RF#####################################################
RF_BET的BA值：-10.379522180645631
RF_BET:RMSD: 1.080426, P: 0.776344, R^2: 0.547811
RF_AE的BA值 ：-10.089596608321896
RF_AE :RMSD: 1.135011, P: 0.747726, R^2: 0.500966
RF_ECFP的BA值 ：-11.532725925396315
RF_ECFP :RMSD: 0.970023, P: 0.798008, R^2: 0.635503
RF_AE_BET的BA值    ：-10.118544470303318
RF_AE_BET    :RMSD: 1.097496, P: 0.774535, R^2: 0.533409
RF_AE_ECFP的BA值    ：-10.737705687879917
RF_AE_ECFP    :RMSD: 1.006185, P: 0.790179, R^2: 0.607820
RF_BET_ECFP的BA值    ：-10.7564363509313
RF_BET_ECFP    :RMSD: 0.977402, P: 0.803889, R^2: 0.629936
RF_AE_BET_ECFP的BA值    ：-10.485186050742039
RF_AE_BET_ECFP    :RMSD: 1.016113, P: 0.795421, R^2: 0.600042
fold= 6
>>>>>>>>>>>>>training.............
###############################################RF#####################################################
RF_BET的BA值：-10.524709228935743
RF_BET:RMSD: 0.854456, P: 0.837547, R^2: 0.618736
RF_AE的BA值 ：-10.633113425685778
RF_AE :RMSD: 0.920561, P: 0.787475, R^2: 0.557461
RF_ECFP的BA值 ：-11.84251144950381
RF_ECFP :RMSD: 0.785718, P: 0.837376, R^2: 0.677612
RF_AE_BET的BA值    ：-10.392812086317104
RF_AE_BET    :RMSD: 0.869467, P: 0.830759, R^2: 0.605223
RF_AE_ECFP的BA值    ：-10.509988713423756
RF_AE_ECFP    :RMSD: 0.773908, P: 0.854383, R^2: 0.687231
RF_BET_ECFP的BA值    ：-10.966018699616798
RF_BET_ECFP    :RMSD: 0.774373, P: 0.852353, R^2: 0.686855
RF_AE_BET_ECFP的BA值    ：-10.46619359899685
RF_AE_BET_ECFP    :RMSD: 0.790454, P: 0.855556, R^2: 0.673714
fold= 7
>>>>>>>>>>>>>training.............
###############################################RF#####################################################
RF_BET的BA值：-10.74033887839854
RF_BET:RMSD: 0.925828, P: 0.661933, R^2: 0.406664
RF_AE的BA值 ：-9.830861651849398
RF_AE :RMSD: 0.903327, P: 0.673564, R^2: 0.435154
RF_ECFP的BA值 ：-10.911753507926818
RF_ECFP :RMSD: 0.991631, P: 0.661704, R^2: 0.319325
RF_AE_BET的BA值    ：-10.285600265123968
RF_AE_BET    :RMSD: 0.894521, P: 0.686466, R^2: 0.446114
RF_AE_ECFP的BA值    ：-10.371307579888107
RF_AE_ECFP    :RMSD: 0.848123, P: 0.727510, R^2: 0.502082
RF_BET_ECFP的BA值    ：-10.826046193162679
RF_BET_ECFP    :RMSD: 0.888556, P: 0.703614, R^2: 0.453475
RF_AE_BET_ECFP的BA值    ：-10.494318012724918
RF_AE_BET_ECFP    :RMSD: 0.855022, P: 0.724297, R^2: 0.493949
fold= 8
>>>>>>>>>>>>>training.............
###############################################RF#####################################################
RF_BET的BA值：-10.181432108634771
RF_BET:RMSD: 1.536238, P: 0.650436, R^2: 0.288840
RF_AE的BA值 ：-10.498597528289464
RF_AE :RMSD: 1.476954, P: 0.722169, R^2: 0.342669
RF_ECFP的BA值 ：-11.675901272401731
RF_ECFP :RMSD: 1.449795, P: 0.630192, R^2: 0.366622
RF_AE_BET的BA值    ：-10.015421298722345
RF_AE_BET    :RMSD: 1.491641, P: 0.716951, R^2: 0.329531
RF_AE_ECFP的BA值    ：-11.087249400345598
RF_AE_ECFP    :RMSD: 1.396884, P: 0.705349, R^2: 0.412009
RF_BET_ECFP的BA值    ：-10.604073170778477
RF_BET_ECFP    :RMSD: 1.430583, P: 0.676809, R^2: 0.383297
RF_AE_BET_ECFP的BA值    ：-10.56891462328214
RF_AE_BET_ECFP    :RMSD: 1.423925, P: 0.714229, R^2: 0.389024
fold= 9
>>>>>>>>>>>>>training.............
###############################################RF#####################################################
RF_BET的BA值：-9.876109781438934
RF_BET:RMSD: 1.128289, P: 0.630934, R^2: 0.366403
RF_AE的BA值 ：-10.595670462920006
RF_AE :RMSD: 1.086233, P: 0.658594, R^2: 0.412756
RF_ECFP的BA值 ：-11.785128181603998
RF_ECFP :RMSD: 1.233750, P: 0.562818, R^2: 0.242423
RF_AE_BET的BA值    ：-10.017985657628609
RF_AE_BET    :RMSD: 1.077473, P: 0.678233, R^2: 0.422189
RF_AE_ECFP的BA值    ：-11.176220608082701
RF_AE_ECFP    :RMSD: 1.126088, P: 0.620941, R^2: 0.368872
RF_BET_ECFP的BA值    ：-10.626893231149905
RF_BET_ECFP    :RMSD: 1.126390, P: 0.610626, R^2: 0.368534
RF_AE_BET_ECFP的BA值    ：-10.607033165620406
RF_AE_BET_ECFP    :RMSD: 1.096258, P: 0.641514, R^2: 0.401867
fold= 10
>>>>>>>>>>>>>training.............
###############################################RF#####################################################
RF_BET的BA值：-11.438156453289048
RF_BET:RMSD: 1.061879, P: 0.845593, R^2: 0.637255
RF_AE的BA值 ：-10.80595224437588
RF_AE :RMSD: 1.174131, P: 0.819075, R^2: 0.556509
RF_ECFP的BA值 ：-11.33632335557334
RF_ECFP :RMSD: 0.909095, P: 0.879500, R^2: 0.734130
RF_AE_BET的BA值    ：-11.122054348832464
RF_AE_BET    :RMSD: 1.103344, P: 0.847965, R^2: 0.608372
RF_AE_ECFP的BA值    ：-11.071137799974611
RF_AE_ECFP    :RMSD: 1.015961, P: 0.869915, R^2: 0.667949
RF_BET_ECFP的BA值    ：-11.387239904431194
RF_BET_ECFP    :RMSD: 0.968146, P: 0.874439, R^2: 0.698468
RF_AE_BET_ECFP的BA值    ：-11.193477351079423
RF_AE_BET_ECFP    :RMSD: 1.022784, P: 0.869426, R^2: 0.663474
@@@@@@@@@@@@@@@@@@@@@@@@@@@@@@@@@@@@@@@@@@@最终结果@@@@@@@@@@@@@@@@@@@@@@@@@@@@@@@@@@@@@@@@@@@@@@@@@@
@@@@@@@@@@@@@@@@@@@@@@@@@@@@@@@@@@@@@@@@@@@最终结果@@@@@@@@@@@@@@@@@@@@@@@@@@@@@@@@@@@@@@@@@@@@@@@@@@
%%%%%%%%%%%%%%%%%%%%%%%%%%%%%%%%%%%%%%%%%%%RF%%%%%%%%%%%%%%%%%%%%%%%%%%%%%%%%%%%%%%%%%%%%%%%%%%%%%%
RF_BET:0-th Final RMSD: 1.124383, Final P: 0.680469, Final R^2: 0.447305
RF_AE :0-th Final RMSD: 1.155356, Final P: 0.657043, Final R^2: 0.416436
RF_ECFP :0-th Final RMSD: 1.051085, Final P: 0.719690, Final R^2: 0.517016
RF_AE_BET    :0-th Final RMSD: 1.121867, Final P: 0.689619, Final R^2: 0.449776
RF_AE_ECFP    :0-th Final RMSD: 1.053304, Final P: 0.726378, Final R^2: 0.514974
RF_BET_ECFP    :0-th Final RMSD: 1.044989, Final P: 0.729984, Final R^2: 0.522602
RF_AE_BET_ECFP    :0-th Final RMSD: 1.061251, Final P: 0.727025, Final R^2: 0.507628
0-th RF_AE的BA值 ：-11.123200
0-th RF_BET的BA值：-11.438156
0-th RF_ECFP的BA值 ：-11.842511
0-th RF_AE_BET的BA值：-11.122054
0-th RF_AE_ECFP的BA值    ：-11.239616
0-th RF_BET_ECFP的BA值    ：-11.387240
0-th RF_AE_BET_ECFP的BA值    ：-11.193477
total time: 2.1777246532175276 h
