size of data: (225,)
size of train size: 180
RF parameter
Namespace(n_estimators=10000, dataset='CHEMBL4223', max_depth=7, min_samples_split=3, min_samples_leaf=1, criterion='mse', random_seed=0)
fold= 1
>>>>>>>>>>>>>training.............
###############################################RF#####################################################
RF_BET的BA值：-10.236852333444252
RF_BET:RMSD: 1.081802, P: 0.246213, R^2: 0.032867
RF_AE的BA值 ：-10.682691679521184
RF_AE :RMSD: 1.026730, P: 0.374631, R^2: 0.128830
RF_ECFP的BA值 ：-10.761248735093266
RF_ECFP :RMSD: 0.899781, P: 0.579012, R^2: 0.330941
RF_AE_BET的BA值    ：-10.45543731699912
RF_AE_BET    :RMSD: 1.041159, P: 0.334151, R^2: 0.104171
RF_AE_ECFP的BA值    ：-10.604191444018575
RF_AE_ECFP    :RMSD: 0.942540, P: 0.519288, R^2: 0.265841
RF_BET_ECFP的BA值    ：-10.49905053426876
RF_BET_ECFP    :RMSD: 0.978786, P: 0.456729, R^2: 0.208289
RF_AE_BET_ECFP的BA值    ：-10.456632991931944
RF_AE_BET_ECFP    :RMSD: 0.982491, P: 0.450303, R^2: 0.202285
fold= 2
>>>>>>>>>>>>>training.............
###############################################RF#####################################################
RF_BET的BA值：-10.366296478087536
RF_BET:RMSD: 1.307049, P: 0.008426, R^2: -0.127190
RF_AE的BA值 ：-10.2830823242548
RF_AE :RMSD: 1.247380, P: 0.219542, R^2: -0.026623
RF_ECFP的BA值 ：-9.984651108406895
RF_ECFP :RMSD: 1.248536, P: 0.194326, R^2: -0.028526
RF_AE_BET的BA值    ：-10.324689401171167
RF_AE_BET    :RMSD: 1.264169, P: 0.137868, R^2: -0.054444
RF_AE_ECFP的BA值    ：-10.081071232441916
RF_AE_ECFP    :RMSD: 1.225622, P: 0.215665, R^2: 0.008881
RF_BET_ECFP的BA值    ：-10.117743156303728
RF_BET_ECFP    :RMSD: 1.252780, P: 0.119260, R^2: -0.035530
RF_AE_BET_ECFP的BA值    ：-10.169294118218325
RF_AE_BET_ECFP    :RMSD: 1.240777, P: 0.164062, R^2: -0.015781
fold= 3
>>>>>>>>>>>>>training.............
###############################################RF#####################################################
RF_BET的BA值：-10.543739514045802
RF_BET:RMSD: 0.797978, P: 0.537982, R^2: 0.262053
RF_AE的BA值 ：-10.621031224765566
RF_AE :RMSD: 0.915921, P: 0.351172, R^2: 0.027791
RF_ECFP的BA值 ：-11.025458320086312
RF_ECFP :RMSD: 0.909076, P: 0.476487, R^2: 0.042269
RF_AE_BET的BA值    ：-10.582385369405685
RF_AE_BET    :RMSD: 0.842131, P: 0.452997, R^2: 0.178131
RF_AE_ECFP的BA值    ：-10.805572140210026
RF_AE_ECFP    :RMSD: 0.876955, P: 0.446784, R^2: 0.108752
RF_BET_ECFP的BA值    ：-10.593953997943057
RF_BET_ECFP    :RMSD: 0.834042, P: 0.512131, R^2: 0.193843
RF_AE_BET_ECFP的BA值    ：-10.602979740217227
RF_AE_BET_ECFP    :RMSD: 0.842836, P: 0.478766, R^2: 0.176755
fold= 4
>>>>>>>>>>>>>training.............
###############################################RF#####################################################
RF_BET的BA值：-10.265671437393229
RF_BET:RMSD: 1.379598, P: 0.560625, R^2: 0.222537
RF_AE的BA值 ：-10.370299129984836
RF_AE :RMSD: 1.398666, P: 0.476782, R^2: 0.200898
RF_ECFP的BA值 ：-10.359357368873564
RF_ECFP :RMSD: 1.503520, P: 0.371740, R^2: 0.076593
RF_AE_BET的BA值    ：-10.317985283689033
RF_AE_BET    :RMSD: 1.376756, P: 0.540329, R^2: 0.225737
RF_AE_ECFP的BA值    ：-10.3648282494292
RF_AE_ECFP    :RMSD: 1.443605, P: 0.438338, R^2: 0.148723
RF_BET_ECFP的BA值    ：-10.312514403133395
RF_BET_ECFP    :RMSD: 1.431004, P: 0.491860, R^2: 0.163519
RF_AE_BET_ECFP的BA值    ：-10.331775978750542
RF_AE_BET_ECFP    :RMSD: 1.413772, P: 0.496345, R^2: 0.183543
fold= 5
>>>>>>>>>>>>>training.............
###############################################RF#####################################################
RF_BET的BA值：-10.430470604425086
RF_BET:RMSD: 0.819586, P: 0.620959, R^2: 0.364828
RF_AE的BA值 ：-10.043996494826239
RF_AE :RMSD: 0.875677, P: 0.563334, R^2: 0.274913
RF_ECFP的BA值 ：-10.80629435271601
RF_ECFP :RMSD: 0.720315, P: 0.719321, R^2: 0.509379
RF_AE_BET的BA值    ：-10.211803644268397
RF_AE_BET    :RMSD: 0.838866, P: 0.608233, R^2: 0.334594
RF_AE_ECFP的BA值    ：-10.379932101476733
RF_AE_ECFP    :RMSD: 0.780218, P: 0.673769, R^2: 0.424383
RF_BET_ECFP的BA值    ：-10.454334867267757
RF_BET_ECFP    :RMSD: 0.752213, P: 0.701888, R^2: 0.464963
RF_AE_BET_ECFP的BA值    ：-10.300602139549072
RF_AE_BET_ECFP    :RMSD: 0.785681, P: 0.671614, R^2: 0.416293
fold= 6
>>>>>>>>>>>>>training.............
###############################################RF#####################################################
RF_BET的BA值：-10.14938823911709
RF_BET:RMSD: 1.059989, P: 0.556944, R^2: 0.264712
RF_AE的BA值 ：-10.266139089747577
RF_AE :RMSD: 1.066807, P: 0.517592, R^2: 0.255223
RF_ECFP的BA值 ：-10.069165996752389
RF_ECFP :RMSD: 1.099031, P: 0.494388, R^2: 0.209550
RF_AE_BET的BA值    ：-10.128937058894255
RF_AE_BET    :RMSD: 1.058408, P: 0.545882, R^2: 0.266905
RF_AE_ECFP的BA值    ：-10.14130768553851
RF_AE_ECFP    :RMSD: 1.054945, P: 0.566551, R^2: 0.271694
RF_BET_ECFP的BA值    ：-10.10927711793474
RF_BET_ECFP    :RMSD: 1.063370, P: 0.564940, R^2: 0.260015
RF_AE_BET_ECFP的BA值    ：-10.091450133039318
RF_AE_BET_ECFP    :RMSD: 1.053357, P: 0.572697, R^2: 0.273885
fold= 7
>>>>>>>>>>>>>training.............
###############################################RF#####################################################
RF_BET的BA值：-10.500158502727889
RF_BET:RMSD: 0.972959, P: 0.491800, R^2: 0.020826
RF_AE的BA值 ：-10.5948475899056
RF_AE :RMSD: 1.047087, P: 0.469909, R^2: -0.134062
RF_ECFP的BA值 ：-10.130376960563392
RF_ECFP :RMSD: 0.878465, P: 0.462409, R^2: 0.201785
RF_AE_BET的BA值    ：-10.547503046316745
RF_AE_BET    :RMSD: 0.997453, P: 0.497151, R^2: -0.029095
RF_AE_ECFP的BA值    ：-10.288370490997469
RF_AE_ECFP    :RMSD: 0.915068, P: 0.494907, R^2: 0.133881
RF_BET_ECFP的BA值    ：-10.241025947408612
RF_BET_ECFP    :RMSD: 0.888547, P: 0.509919, R^2: 0.183358
RF_AE_BET_ECFP的BA值    ：-10.358966494907607
RF_AE_BET_ECFP    :RMSD: 0.923301, P: 0.509865, R^2: 0.118225
fold= 8
>>>>>>>>>>>>>training.............
###############################################RF#####################################################
RF_BET的BA值：-10.3137708543353
RF_BET:RMSD: 0.945472, P: 0.633865, R^2: 0.360890
RF_AE的BA值 ：-10.362694854190076
RF_AE :RMSD: 0.889518, P: 0.700298, R^2: 0.434298
RF_ECFP的BA值 ：-10.559620369001308
RF_ECFP :RMSD: 0.895848, P: 0.672549, R^2: 0.426219
RF_AE_BET的BA值    ：-10.271705871642922
RF_AE_BET    :RMSD: 0.912347, P: 0.679590, R^2: 0.404888
RF_AE_ECFP的BA值    ：-10.400223990580894
RF_AE_ECFP    :RMSD: 0.878068, P: 0.711566, R^2: 0.448768
RF_BET_ECFP的BA值    ：-10.436695611668304
RF_BET_ECFP    :RMSD: 0.911341, P: 0.670705, R^2: 0.406201
RF_AE_BET_ECFP的BA值    ：-10.367677370762385
RF_AE_BET_ECFP    :RMSD: 0.897403, P: 0.694075, R^2: 0.424225
fold= 9
>>>>>>>>>>>>>training.............
###############################################RF#####################################################
RF_BET的BA值：-10.345286069840558
RF_BET:RMSD: 1.095948, P: 0.481819, R^2: 0.149949
RF_AE的BA值 ：-10.512757871407825
RF_AE :RMSD: 1.076343, P: 0.560980, R^2: 0.180089
RF_ECFP的BA值 ：-10.50520031932146
RF_ECFP :RMSD: 0.882530, P: 0.701920, R^2: 0.448780
RF_AE_BET的BA值    ：-10.429021970624191
RF_AE_BET    :RMSD: 1.073682, P: 0.541782, R^2: 0.184138
RF_AE_ECFP的BA值    ：-10.485237809780493
RF_AE_ECFP    :RMSD: 0.962913, P: 0.648449, R^2: 0.343795
RF_BET_ECFP的BA值    ：-10.40150190899686
RF_BET_ECFP    :RMSD: 0.979989, P: 0.622573, R^2: 0.320315
RF_AE_BET_ECFP的BA值    ：-10.438587229800515
RF_AE_BET_ECFP    :RMSD: 1.001278, P: 0.611907, R^2: 0.290464
fold= 10
>>>>>>>>>>>>>training.............
###############################################RF#####################################################
RF_BET的BA值：-10.015371414497729
RF_BET:RMSD: 0.896158, P: 0.494663, R^2: 0.221608
RF_AE的BA值 ：-9.689569011959353
RF_AE :RMSD: 0.929289, P: 0.649320, R^2: 0.162990
RF_ECFP的BA值 ：-10.95898321095628
RF_ECFP :RMSD: 0.817787, P: 0.597304, R^2: 0.351799
RF_AE_BET的BA值    ：-9.829208900183417
RF_AE_BET    :RMSD: 0.895443, P: 0.595661, R^2: 0.222850
RF_AE_ECFP的BA值    ：-10.324276111457817
RF_AE_ECFP    :RMSD: 0.827057, P: 0.625261, R^2: 0.337021
RF_BET_ECFP的BA值    ：-10.46391599968188
RF_BET_ECFP    :RMSD: 0.819428, P: 0.602794, R^2: 0.349196
RF_AE_BET_ECFP的BA值    ：-10.205800337107705
RF_AE_BET_ECFP    :RMSD: 0.836246, P: 0.623054, R^2: 0.322208
@@@@@@@@@@@@@@@@@@@@@@@@@@@@@@@@@@@@@@@@@@@最终结果@@@@@@@@@@@@@@@@@@@@@@@@@@@@@@@@@@@@@@@@@@@@@@@@@@
@@@@@@@@@@@@@@@@@@@@@@@@@@@@@@@@@@@@@@@@@@@最终结果@@@@@@@@@@@@@@@@@@@@@@@@@@@@@@@@@@@@@@@@@@@@@@@@@@
%%%%%%%%%%%%%%%%%%%%%%%%%%%%%%%%%%%%%%%%%%%RF%%%%%%%%%%%%%%%%%%%%%%%%%%%%%%%%%%%%%%%%%%%%%%%%%%%%%%
RF_BET:0-th Final RMSD: 1.052793, Final P: 0.454341, Final R^2: 0.203011
RF_AE :0-th Final RMSD: 1.060420, Final P: 0.439570, Final R^2: 0.191421
RF_ECFP :0-th Final RMSD: 1.012068, Final P: 0.518159, Final R^2: 0.263478
RF_AE_BET    :0-th Final RMSD: 1.044834, Final P: 0.467067, Final R^2: 0.215015
RF_AE_ECFP    :0-th Final RMSD: 1.010870, Final P: 0.518617, Final R^2: 0.265221
RF_BET_ECFP    :0-th Final RMSD: 1.012505, Final P: 0.520331, Final R^2: 0.262841
RF_AE_BET_ECFP    :0-th Final RMSD: 1.016403, Final P: 0.514550, Final R^2: 0.257156
0-th RF_AE的BA值 ：-10.682692
0-th RF_BET的BA值：-10.543740
0-th RF_ECFP的BA值 ：-11.025458
0-th RF_AE_BET的BA值：-10.582385
0-th RF_AE_ECFP的BA值    ：-10.805572
0-th RF_BET_ECFP的BA值    ：-10.593954
0-th RF_AE_BET_ECFP的BA值    ：-10.602980
total time: 1.4064919153849285 h
