size of data: (130,)
size of train size: 104
RF parameter
Namespace(n_estimators=10000, dataset='CHEMBL5378', max_depth=7, min_samples_split=3, min_samples_leaf=1, criterion='mse', random_seed=0)
fold= 1
>>>>>>>>>>>>>training.............
###############################################RF#####################################################
RF_BET的BA值：-8.451006377290492
RF_BET:RMSD: 0.871152, P: 0.779839, R^2: 0.461524
RF_AE的BA值 ：-8.568881512111627
RF_AE :RMSD: 0.903744, P: 0.733414, R^2: 0.420478
RF_ECFP的BA值 ：-8.54279924648825
RF_ECFP :RMSD: 0.976912, P: 0.628504, R^2: 0.322842
RF_AE_BET的BA值    ：-8.457061696498432
RF_AE_BET    :RMSD: 0.882231, P: 0.773762, R^2: 0.447740
RF_AE_ECFP的BA值    ：-8.555840379299939
RF_AE_ECFP    :RMSD: 0.924949, P: 0.712414, R^2: 0.392964
RF_BET_ECFP的BA值    ：-8.453949136531854
RF_BET_ECFP    :RMSD: 0.913733, P: 0.722544, R^2: 0.407597
RF_AE_BET_ECFP的BA值    ：-8.457005096256694
RF_AE_BET_ECFP    :RMSD: 0.903392, P: 0.744619, R^2: 0.420929
fold= 2
>>>>>>>>>>>>>training.............
###############################################RF#####################################################
RF_BET的BA值：-8.604822911901783
RF_BET:RMSD: 0.637551, P: 0.664779, R^2: 0.401698
RF_AE的BA值 ：-8.83112610475316
RF_AE :RMSD: 0.783043, P: 0.423839, R^2: 0.097470
RF_ECFP的BA值 ：-8.397986551020766
RF_ECFP :RMSD: 0.714334, P: 0.520123, R^2: 0.248908
RF_AE_BET的BA值    ：-8.706967797960878
RF_AE_BET    :RMSD: 0.689407, P: 0.580749, R^2: 0.300414
RF_AE_ECFP的BA值    ：-8.363626037530231
RF_AE_ECFP    :RMSD: 0.680045, P: 0.569839, R^2: 0.319284
RF_BET_ECFP的BA值    ：-8.501404731461275
RF_BET_ECFP    :RMSD: 0.632198, P: 0.652209, R^2: 0.411703
RF_AE_BET_ECFP的BA值    ：-8.444024995654082
RF_AE_BET_ECFP    :RMSD: 0.651475, P: 0.628581, R^2: 0.375281
fold= 3
>>>>>>>>>>>>>training.............
###############################################RF#####################################################
RF_BET的BA值：-8.708732377684305
RF_BET:RMSD: 0.707067, P: 0.920605, R^2: 0.687339
RF_AE的BA值 ：-8.562913818148964
RF_AE :RMSD: 0.795492, P: 0.877593, R^2: 0.604248
RF_ECFP的BA值 ：-8.737227337099505
RF_ECFP :RMSD: 0.673296, P: 0.918971, R^2: 0.716493
RF_AE_BET的BA值    ：-8.545681359247379
RF_AE_BET    :RMSD: 0.749348, P: 0.904499, R^2: 0.648829
RF_AE_ECFP的BA值    ：-8.650070577624234
RF_AE_ECFP    :RMSD: 0.729302, P: 0.908122, R^2: 0.667366
RF_BET_ECFP的BA值    ：-8.632838118722649
RF_BET_ECFP    :RMSD: 0.681672, P: 0.930194, R^2: 0.709395
RF_AE_BET_ECFP的BA值    ：-8.609530018531421
RF_AE_BET_ECFP    :RMSD: 0.718505, P: 0.917351, R^2: 0.677142
fold= 4
>>>>>>>>>>>>>training.............
###############################################RF#####################################################
RF_BET的BA值：-8.502355998912368
RF_BET:RMSD: 0.969378, P: 0.795432, R^2: -0.199185
RF_AE的BA值 ：-8.221382482458532
RF_AE :RMSD: 0.998501, P: 0.774801, R^2: -0.272321
RF_ECFP的BA值 ：-8.767245894482958
RF_ECFP :RMSD: 0.795352, P: 0.792751, R^2: 0.192730
RF_AE_BET的BA值    ：-8.318444642161344
RF_AE_BET    :RMSD: 0.972811, P: 0.824109, R^2: -0.207695
RF_AE_ECFP的BA值    ：-8.416328341626002
RF_AE_ECFP    :RMSD: 0.877171, P: 0.803887, R^2: 0.018098
RF_BET_ECFP的BA值    ：-8.600239698377026
RF_BET_ECFP    :RMSD: 0.861962, P: 0.820625, R^2: 0.051852
RF_AE_BET_ECFP的BA值    ：-8.445004227388123
RF_AE_BET_ECFP    :RMSD: 0.898504, P: 0.825020, R^2: -0.030245
fold= 5
>>>>>>>>>>>>>training.............
###############################################RF#####################################################
RF_BET的BA值：-8.593287950712448
RF_BET:RMSD: 0.757931, P: 0.830760, R^2: 0.568901
RF_AE的BA值 ：-8.374209000368522
RF_AE :RMSD: 0.798902, P: 0.893006, R^2: 0.521034
RF_ECFP的BA值 ：-9.01122877500068
RF_ECFP :RMSD: 0.819236, P: 0.705499, R^2: 0.496342
RF_AE_BET的BA值    ：-8.306820558532074
RF_AE_BET    :RMSD: 0.759488, P: 0.897967, R^2: 0.567127
RF_AE_ECFP的BA值    ：-8.515790970676191
RF_AE_ECFP    :RMSD: 0.738993, P: 0.837514, R^2: 0.590175
RF_BET_ECFP的BA值    ：-8.802258362856563
RF_BET_ECFP    :RMSD: 0.762208, P: 0.774341, R^2: 0.564022
RF_AE_BET_ECFP的BA值    ：-8.541623297354944
RF_AE_BET_ECFP    :RMSD: 0.740250, P: 0.844147, R^2: 0.588780
fold= 6
>>>>>>>>>>>>>training.............
###############################################RF#####################################################
RF_BET的BA值：-8.967463803696155
RF_BET:RMSD: 0.933153, P: 0.424493, R^2: 0.117684
RF_AE的BA值 ：-8.60532209940644
RF_AE :RMSD: 0.854629, P: 0.554816, R^2: 0.259927
RF_ECFP的BA值 ：-8.839857408715298
RF_ECFP :RMSD: 0.951477, P: 0.399156, R^2: 0.082692
RF_AE_BET的BA值    ：-8.786392951551298
RF_AE_BET    :RMSD: 0.882757, P: 0.505058, R^2: 0.210410
RF_AE_ECFP的BA值    ：-8.72258975406087
RF_AE_ECFP    :RMSD: 0.882292, P: 0.478459, R^2: 0.211243
RF_BET_ECFP的BA值    ：-8.903660606205726
RF_BET_ECFP    :RMSD: 0.921442, P: 0.424809, R^2: 0.139690
RF_AE_BET_ECFP的BA值    ：-8.80421443727263
RF_AE_BET_ECFP    :RMSD: 0.889478, P: 0.472887, R^2: 0.198341
fold= 7
>>>>>>>>>>>>>training.............
###############################################RF#####################################################
RF_BET的BA值：-9.171236611065188
RF_BET:RMSD: 1.200112, P: -0.291976, R^2: -1.145848
RF_AE的BA值 ：-8.467005987037057
RF_AE :RMSD: 1.192749, P: -0.426038, R^2: -1.119600
RF_ECFP的BA值 ：-7.7424359391884865
RF_ECFP :RMSD: 0.803230, P: 0.288521, R^2: 0.038752
RF_AE_BET的BA值    ：-8.811384262139562
RF_AE_BET    :RMSD: 1.176688, P: -0.384488, R^2: -1.062900
RF_AE_ECFP的BA值    ：-7.96861986553861
RF_AE_ECFP    :RMSD: 0.960771, P: -0.173320, R^2: -0.375295
RF_BET_ECFP的BA值    ：-8.320070626090095
RF_BET_ECFP    :RMSD: 0.963221, P: -0.081431, R^2: -0.382318
RF_AE_BET_ECFP的BA值    ：-8.363891055131376
RF_AE_BET_ECFP    :RMSD: 1.023816, P: -0.235006, R^2: -0.561706
fold= 8
>>>>>>>>>>>>>training.............
###############################################RF#####################################################
RF_BET的BA值：-9.19463080680533
RF_BET:RMSD: 0.854399, P: 0.452585, R^2: 0.109400
RF_AE的BA值 ：-9.131046804067005
RF_AE :RMSD: 0.827740, P: 0.502725, R^2: 0.164109
RF_ECFP的BA值 ：-8.749631795359676
RF_ECFP :RMSD: 0.862653, P: 0.449109, R^2: 0.092109
RF_AE_BET的BA值    ：-9.162838805436166
RF_AE_BET    :RMSD: 0.837203, P: 0.481408, R^2: 0.144889
RF_AE_ECFP的BA值    ：-8.94033929971334
RF_AE_ECFP    :RMSD: 0.831675, P: 0.487649, R^2: 0.156142
RF_BET_ECFP的BA值    ：-8.972131301082502
RF_BET_ECFP    :RMSD: 0.847458, P: 0.459964, R^2: 0.123810
RF_AE_BET_ECFP的BA值    ：-9.025103135410669
RF_AE_BET_ECFP    :RMSD: 0.835583, P: 0.479151, R^2: 0.148194
fold= 9
>>>>>>>>>>>>>training.............
###############################################RF#####################################################
RF_BET的BA值：-8.736712646035494
RF_BET:RMSD: 0.741557, P: 0.646715, R^2: 0.367175
RF_AE的BA值 ：-8.270670379440881
RF_AE :RMSD: 0.768796, P: 0.580698, R^2: 0.319830
RF_ECFP的BA值 ：-8.87297618915588
RF_ECFP :RMSD: 0.664145, P: 0.760938, R^2: 0.492402
RF_AE_BET的BA值    ：-8.492975136177098
RF_AE_BET    :RMSD: 0.745902, P: 0.624570, R^2: 0.359737
RF_AE_ECFP的BA值    ：-8.57182328429838
RF_AE_ECFP    :RMSD: 0.687126, P: 0.705641, R^2: 0.456666
RF_BET_ECFP的BA值    ：-8.794955828330533
RF_BET_ECFP    :RMSD: 0.687726, P: 0.721389, R^2: 0.455715
RF_AE_BET_ECFP的BA值    ：-8.613049760993256
RF_AE_BET_ECFP    :RMSD: 0.701100, P: 0.691541, R^2: 0.434340
fold= 10
>>>>>>>>>>>>>training.............
###############################################RF#####################################################
RF_BET的BA值：-8.264439082005318
RF_BET:RMSD: 1.533561, P: 0.257572, R^2: 0.066002
RF_AE的BA值 ：-8.348360472751766
RF_AE :RMSD: 1.631183, P: 0.048509, R^2: -0.056694
RF_ECFP的BA值 ：-8.41208698268711
RF_ECFP :RMSD: 1.472313, P: 0.393469, R^2: 0.139118
RF_AE_BET的BA值    ：-8.306399777378541
RF_AE_BET    :RMSD: 1.580264, P: 0.153524, R^2: 0.008248
RF_AE_ECFP的BA值    ：-8.38022372771944
RF_AE_ECFP    :RMSD: 1.547611, P: 0.232234, R^2: 0.048810
RF_BET_ECFP的BA值    ：-8.338263032346214
RF_BET_ECFP    :RMSD: 1.497780, P: 0.338119, R^2: 0.109078
RF_AE_BET_ECFP的BA值    ：-8.341628845814732
RF_AE_BET_ECFP    :RMSD: 1.540651, P: 0.244088, R^2: 0.057346
@@@@@@@@@@@@@@@@@@@@@@@@@@@@@@@@@@@@@@@@@@@最终结果@@@@@@@@@@@@@@@@@@@@@@@@@@@@@@@@@@@@@@@@@@@@@@@@@@
@@@@@@@@@@@@@@@@@@@@@@@@@@@@@@@@@@@@@@@@@@@最终结果@@@@@@@@@@@@@@@@@@@@@@@@@@@@@@@@@@@@@@@@@@@@@@@@@@
%%%%%%%%%%%%%%%%%%%%%%%%%%%%%%%%%%%%%%%%%%%RF%%%%%%%%%%%%%%%%%%%%%%%%%%%%%%%%%%%%%%%%%%%%%%%%%%%%%%
RF_BET:0-th Final RMSD: 0.955104, Final P: 0.521768, Final R^2: 0.271908
RF_AE :0-th Final RMSD: 0.989342, Final P: 0.468002, Final R^2: 0.218772
RF_ECFP :0-th Final RMSD: 0.901396, Final P: 0.593924, Final R^2: 0.351491
RF_AE_BET    :0-th Final RMSD: 0.962117, Final P: 0.512395, Final R^2: 0.261176
RF_AE_ECFP    :0-th Final RMSD: 0.917925, Final P: 0.577713, Final R^2: 0.327489
RF_BET_ECFP    :0-th Final RMSD: 0.907444, Final P: 0.588295, Final R^2: 0.342759
RF_AE_BET_ECFP    :0-th Final RMSD: 0.922756, Final P: 0.571461, Final R^2: 0.320392
0-th RF_AE的BA值 ：-9.131047
0-th RF_BET的BA值：-9.194631
0-th RF_ECFP的BA值 ：-9.011229
0-th RF_AE_BET的BA值：-9.162839
0-th RF_AE_ECFP的BA值    ：-8.940339
0-th RF_BET_ECFP的BA值    ：-8.972131
0-th RF_AE_BET_ECFP的BA值    ：-9.025103
total time: 0.747353255947431 h
