size of data: (2960,)
size of train size: 2368
RF parameter
Namespace(n_estimators=10000, dataset='CHEMBL3650', max_depth=8, min_samples_split=4, min_samples_leaf=2, criterion='mse', random_seed=0)
fold= 1
>>>>>>>>>>>>>training.............
###############################################RF#####################################################
RF_BET的BA值：-11.852733650813796
RF_BET:RMSD: 1.128765, P: 0.762802, R^2: 0.558658
RF_AE的BA值 ：-11.63100619095482
RF_AE :RMSD: 1.065497, P: 0.797115, R^2: 0.606746
RF_ECFP的BA值 ：-12.239186460588817
RF_ECFP :RMSD: 1.112110, P: 0.764836, R^2: 0.571586
RF_AE_BET的BA值    ：-11.741869920884309
RF_AE_BET    :RMSD: 1.078559, P: 0.793726, R^2: 0.597046
RF_AE_ECFP的BA值    ：-11.914238384025733
RF_AE_ECFP    :RMSD: 1.053302, P: 0.805364, R^2: 0.615697
RF_BET_ECFP的BA值    ：-11.993239897669612
RF_BET_ECFP    :RMSD: 1.092747, P: 0.783463, R^2: 0.586375
RF_AE_BET_ECFP的BA值    ：-11.868528126665007
RF_AE_BET_ECFP    :RMSD: 1.065683, P: 0.801087, R^2: 0.606609
fold= 2
>>>>>>>>>>>>>training.............
###############################################RF#####################################################
RF_BET的BA值：-12.190476400074507
RF_BET:RMSD: 1.059485, P: 0.807228, R^2: 0.611545
RF_AE的BA值 ：-12.42991660868805
RF_AE :RMSD: 1.014670, P: 0.815084, R^2: 0.643713
RF_ECFP的BA值 ：-12.92054333674317
RF_ECFP :RMSD: 1.078454, P: 0.785253, R^2: 0.597511
RF_AE_BET的BA值    ：-12.310196504381278
RF_AE_BET    :RMSD: 1.016242, P: 0.824735, R^2: 0.642608
RF_AE_ECFP的BA值    ：-12.67522997271561
RF_AE_ECFP    :RMSD: 1.005989, P: 0.827085, R^2: 0.649783
RF_BET_ECFP的BA值    ：-12.555509868408839
RF_BET_ECFP    :RMSD: 1.030910, P: 0.823422, R^2: 0.632216
RF_AE_BET_ECFP的BA值    ：-12.51364544850191
RF_AE_BET_ECFP    :RMSD: 1.006370, P: 0.833041, R^2: 0.649518
fold= 3
>>>>>>>>>>>>>training.............
###############################################RF#####################################################
RF_BET的BA值：-12.260716091527808
RF_BET:RMSD: 1.061644, P: 0.790823, R^2: 0.591129
RF_AE的BA值 ：-11.624332773751199
RF_AE :RMSD: 1.055993, P: 0.796154, R^2: 0.595470
RF_ECFP的BA值 ：-12.919947378750107
RF_ECFP :RMSD: 1.111823, P: 0.747854, R^2: 0.551564
RF_AE_BET的BA值    ：-11.942524432639503
RF_AE_BET    :RMSD: 1.035200, P: 0.809963, R^2: 0.611244
RF_AE_ECFP的BA值    ：-12.272140076250654
RF_AE_ECFP    :RMSD: 1.046916, P: 0.797008, R^2: 0.602394
RF_BET_ECFP的BA值    ：-12.590331735138957
RF_BET_ECFP    :RMSD: 1.055878, P: 0.791963, R^2: 0.595558
RF_AE_BET_ECFP的BA值    ：-12.268332081343038
RF_AE_BET_ECFP    :RMSD: 1.035581, P: 0.807413, R^2: 0.610958
fold= 4
>>>>>>>>>>>>>training.............
###############################################RF#####################################################
RF_BET的BA值：-12.063399432737027
RF_BET:RMSD: 0.983535, P: 0.786336, R^2: 0.608628
RF_AE的BA值 ：-12.154023477313245
RF_AE :RMSD: 0.975773, P: 0.787264, R^2: 0.614781
RF_ECFP的BA值 ：-12.547678208144147
RF_ECFP :RMSD: 1.042991, P: 0.748944, R^2: 0.559880
RF_AE_BET的BA值    ：-12.108711455025137
RF_AE_BET    :RMSD: 0.957413, P: 0.800740, R^2: 0.629141
RF_AE_ECFP的BA值    ：-12.350850842728697
RF_AE_ECFP    :RMSD: 0.971133, P: 0.791109, R^2: 0.618436
RF_BET_ECFP的BA值    ：-12.305538820440587
RF_BET_ECFP    :RMSD: 0.977375, P: 0.789039, R^2: 0.613515
RF_AE_BET_ECFP的BA值    ：-12.255033706064808
RF_AE_BET_ECFP    :RMSD: 0.957584, P: 0.800638, R^2: 0.629009
fold= 5
>>>>>>>>>>>>>training.............
###############################################RF#####################################################
RF_BET的BA值：-11.840167417696726
RF_BET:RMSD: 1.022153, P: 0.825400, R^2: 0.629802
RF_AE的BA值 ：-11.394796745522429
RF_AE :RMSD: 1.038379, P: 0.810149, R^2: 0.617955
RF_ECFP的BA值 ：-13.092694822279874
RF_ECFP :RMSD: 1.040620, P: 0.790889, R^2: 0.616304
RF_AE_BET的BA值    ：-11.5782208603683
RF_AE_BET    :RMSD: 1.004742, P: 0.832656, R^2: 0.642306
RF_AE_ECFP的BA值    ：-12.24374578390115
RF_AE_ECFP    :RMSD: 0.992222, P: 0.828804, R^2: 0.651165
RF_BET_ECFP的BA值    ：-12.426339251300114
RF_BET_ECFP    :RMSD: 0.993894, P: 0.831068, R^2: 0.649989
RF_AE_BET_ECFP的BA值    ：-12.082491749374219
RF_AE_BET_ECFP    :RMSD: 0.984402, P: 0.839107, R^2: 0.656642
fold= 6
>>>>>>>>>>>>>training.............
###############################################RF#####################################################
RF_BET的BA值：-11.888430684580579
RF_BET:RMSD: 0.981980, P: 0.797956, R^2: 0.601240
RF_AE的BA值 ：-11.758674178193028
RF_AE :RMSD: 1.006653, P: 0.787767, R^2: 0.580949
RF_ECFP的BA值 ：-12.929661477085055
RF_ECFP :RMSD: 0.983078, P: 0.778760, R^2: 0.600347
RF_AE_BET的BA值    ：-11.819705591197799
RF_AE_BET    :RMSD: 0.973167, P: 0.807244, R^2: 0.608365
RF_AE_ECFP的BA值    ：-12.34416782763904
RF_AE_ECFP    :RMSD: 0.952886, P: 0.808371, R^2: 0.624518
RF_BET_ECFP的BA值    ：-12.409046080832816
RF_BET_ECFP    :RMSD: 0.949414, P: 0.810496, R^2: 0.627250
RF_AE_BET_ECFP的BA值    ：-12.189690886493551
RF_AE_BET_ECFP    :RMSD: 0.947608, P: 0.816221, R^2: 0.628666
fold= 7
>>>>>>>>>>>>>training.............
###############################################RF#####################################################
RF_BET的BA值：-11.829281755659544
RF_BET:RMSD: 1.011359, P: 0.782060, R^2: 0.591253
RF_AE的BA值 ：-11.979377393774367
RF_AE :RMSD: 0.985561, P: 0.786104, R^2: 0.611840
RF_ECFP的BA值 ：-12.539665102350664
RF_ECFP :RMSD: 1.036974, P: 0.756937, R^2: 0.570286
RF_AE_BET的BA值    ：-11.880621089525686
RF_AE_BET    :RMSD: 0.975735, P: 0.798861, R^2: 0.619542
RF_AE_ECFP的BA值    ：-11.79971767320471
RF_AE_ECFP    :RMSD: 0.969325, P: 0.798645, R^2: 0.624524
RF_BET_ECFP的BA值    ：-11.80674993826635
RF_BET_ECFP    :RMSD: 0.989198, P: 0.792881, R^2: 0.608970
RF_AE_BET_ECFP的BA值    ：-11.793766710562144
RF_AE_BET_ECFP    :RMSD: 0.966733, P: 0.804700, R^2: 0.626529
fold= 8
>>>>>>>>>>>>>training.............
###############################################RF#####################################################
RF_BET的BA值：-12.10592977672182
RF_BET:RMSD: 1.032281, P: 0.837236, R^2: 0.653948
RF_AE的BA值 ：-12.148607994373773
RF_AE :RMSD: 1.007118, P: 0.835663, R^2: 0.670613
RF_ECFP的BA值 ：-12.553320470274919
RF_ECFP :RMSD: 1.031255, P: 0.819620, R^2: 0.654636
RF_AE_BET的BA值    ：-12.084349354182585
RF_AE_BET    :RMSD: 1.002427, P: 0.846906, R^2: 0.673675
RF_AE_ECFP的BA值    ：-12.299575088763731
RF_AE_ECFP    :RMSD: 0.981992, P: 0.848781, R^2: 0.686844
RF_BET_ECFP的BA值    ：-12.32962512349837
RF_BET_ECFP    :RMSD: 0.996611, P: 0.848623, R^2: 0.677450
RF_AE_BET_ECFP的BA值    ：-12.235026651416428
RF_AE_BET_ECFP    :RMSD: 0.983544, P: 0.854324, R^2: 0.685853
fold= 9
>>>>>>>>>>>>>training.............
###############################################RF#####################################################
RF_BET的BA值：-11.91261493326222
RF_BET:RMSD: 1.014251, P: 0.829480, R^2: 0.640876
RF_AE的BA值 ：-11.958140463197292
RF_AE :RMSD: 0.983467, P: 0.828544, R^2: 0.662345
RF_ECFP的BA值 ：-13.0746964700837
RF_ECFP :RMSD: 1.041448, P: 0.793680, R^2: 0.621359
RF_AE_BET的BA值    ：-11.935377698229757
RF_AE_BET    :RMSD: 0.981548, P: 0.840323, R^2: 0.663662
RF_AE_ECFP的BA值    ：-12.425882535817317
RF_AE_ECFP    :RMSD: 0.969554, P: 0.837446, R^2: 0.671832
RF_BET_ECFP的BA值    ：-12.435845750148207
RF_BET_ECFP    :RMSD: 0.989179, P: 0.835070, R^2: 0.658412
RF_AE_BET_ECFP的BA值    ：-12.21625336728245
RF_AE_BET_ECFP    :RMSD: 0.968805, P: 0.845209, R^2: 0.672338
fold= 10
>>>>>>>>>>>>>training.............
###############################################RF#####################################################
RF_BET的BA值：-12.037589447819066
RF_BET:RMSD: 1.152028, P: 0.798771, R^2: 0.593684
RF_AE的BA值 ：-12.177055613243756
RF_AE :RMSD: 1.057114, P: 0.842183, R^2: 0.657878
RF_ECFP的BA值 ：-13.120993574674786
RF_ECFP :RMSD: 1.199415, P: 0.752762, R^2: 0.559571
RF_AE_BET的BA值    ：-12.10732253053141
RF_AE_BET    :RMSD: 1.084711, P: 0.836924, R^2: 0.639782
RF_AE_ECFP的BA值    ：-12.649024593959272
RF_AE_ECFP    :RMSD: 1.089518, P: 0.821139, R^2: 0.636582
RF_BET_ECFP的BA值    ：-12.579291511246925
RF_BET_ECFP    :RMSD: 1.135244, P: 0.800201, R^2: 0.605438
RF_AE_BET_ECFP的BA值    ：-12.445212878579204
RF_AE_BET_ECFP    :RMSD: 1.091709, P: 0.827454, R^2: 0.635120
@@@@@@@@@@@@@@@@@@@@@@@@@@@@@@@@@@@@@@@@@@@最终结果@@@@@@@@@@@@@@@@@@@@@@@@@@@@@@@@@@@@@@@@@@@@@@@@@@
@@@@@@@@@@@@@@@@@@@@@@@@@@@@@@@@@@@@@@@@@@@最终结果@@@@@@@@@@@@@@@@@@@@@@@@@@@@@@@@@@@@@@@@@@@@@@@@@@
%%%%%%%%%%%%%%%%%%%%%%%%%%%%%%%%%%%%%%%%%%%RF%%%%%%%%%%%%%%%%%%%%%%%%%%%%%%%%%%%%%%%%%%%%%%%%%%%%%%
RF_BET:0-th Final RMSD: 1.046158, Final P: 0.800914, Final R^2: 0.609711
RF_AE :0-th Final RMSD: 1.019509, Final P: 0.805710, Final R^2: 0.629341
RF_ECFP :0-th Final RMSD: 1.069354, Final P: 0.773823, Final R^2: 0.592212
RF_AE_BET    :0-th Final RMSD: 1.011821, Final P: 0.817778, Final R^2: 0.634910
RF_AE_ECFP    :0-th Final RMSD: 1.004195, Final P: 0.815664, Final R^2: 0.640393
RF_BET_ECFP    :0-th Final RMSD: 1.022508, Final P: 0.810350, Final R^2: 0.627158
RF_AE_BET_ECFP    :0-th Final RMSD: 1.001859, Final P: 0.822309, Final R^2: 0.642065
0-th RF_AE的BA值 ：-12.429917
0-th RF_BET的BA值：-12.260716
0-th RF_ECFP的BA值 ：-13.120994
0-th RF_AE_BET的BA值：-12.310197
0-th RF_AE_ECFP的BA值    ：-12.675230
0-th RF_BET_ECFP的BA值    ：-12.590332
0-th RF_AE_BET_ECFP的BA值    ：-12.513645
total time: 28.17467277314928 h
