size of data: (289,)
size of train size: 231
RF parameter
Namespace(n_estimators=10000, dataset='CHEMBL2778', max_depth=7, min_samples_split=3, min_samples_leaf=1, criterion='mse', random_seed=0)
fold= 1
>>>>>>>>>>>>>training.............
###############################################RF#####################################################
RF_BET的BA值：-11.937808588508977
RF_BET:RMSD: 1.015113, P: 0.834519, R^2: 0.683229
RF_AE的BA值 ：-11.71089160102427
RF_AE :RMSD: 0.991461, P: 0.854003, R^2: 0.697818
RF_ECFP的BA值 ：-11.706946170608902
RF_ECFP :RMSD: 1.138834, P: 0.792282, R^2: 0.601308
RF_AE_BET的BA值    ：-11.824350094766624
RF_AE_BET    :RMSD: 0.992352, P: 0.848455, R^2: 0.697275
RF_AE_ECFP的BA值    ：-11.585456429848588
RF_AE_ECFP    :RMSD: 1.047507, P: 0.830894, R^2: 0.662689
RF_BET_ECFP的BA值    ：-11.69891492359094
RF_BET_ECFP    :RMSD: 1.053944, P: 0.823811, R^2: 0.658531
RF_AE_BET_ECFP的BA值    ：-11.702907149402051
RF_AE_BET_ECFP    :RMSD: 1.025288, P: 0.837054, R^2: 0.676847
fold= 2
>>>>>>>>>>>>>training.............
###############################################RF#####################################################
RF_BET的BA值：-11.627469411327766
RF_BET:RMSD: 1.235824, P: 0.812961, R^2: 0.631337
RF_AE的BA值 ：-11.607360535588302
RF_AE :RMSD: 1.252888, P: 0.803939, R^2: 0.621086
RF_ECFP的BA值 ：-11.362468946270468
RF_ECFP :RMSD: 1.142136, P: 0.850054, R^2: 0.685115
RF_AE_BET的BA值    ：-11.617414973458034
RF_AE_BET    :RMSD: 1.228683, P: 0.817697, R^2: 0.635585
RF_AE_ECFP的BA值    ：-11.439866098556653
RF_AE_ECFP    :RMSD: 1.134102, P: 0.848003, R^2: 0.689529
RF_BET_ECFP的BA值    ：-11.449920536426385
RF_BET_ECFP    :RMSD: 1.134623, P: 0.847850, R^2: 0.689244
RF_AE_BET_ECFP的BA值    ：-11.502400536147023
RF_AE_BET_ECFP    :RMSD: 1.151396, P: 0.843734, R^2: 0.679989
fold= 3
>>>>>>>>>>>>>training.............
###############################################RF#####################################################
RF_BET的BA值：-11.392288672194685
RF_BET:RMSD: 1.091947, P: 0.777518, R^2: 0.594693
RF_AE的BA值 ：-11.326679948676134
RF_AE :RMSD: 1.100542, P: 0.778551, R^2: 0.588287
RF_ECFP的BA值 ：-11.574668694839605
RF_ECFP :RMSD: 1.041495, P: 0.798512, R^2: 0.631281
RF_AE_BET的BA值    ：-11.241419950181363
RF_AE_BET    :RMSD: 1.078857, P: 0.786182, R^2: 0.604352
RF_AE_ECFP的BA值    ：-11.449690146023118
RF_AE_ECFP    :RMSD: 1.034309, P: 0.800796, R^2: 0.636351
RF_BET_ECFP的BA值    ：-11.442661500058147
RF_BET_ECFP    :RMSD: 1.043882, P: 0.795819, R^2: 0.629589
RF_AE_BET_ECFP的BA值    ：-11.351846747910942
RF_AE_BET_ECFP    :RMSD: 1.043787, P: 0.797486, R^2: 0.629656
fold= 4
>>>>>>>>>>>>>training.............
###############################################RF#####################################################
RF_BET的BA值：-11.166842640001423
RF_BET:RMSD: 1.122831, P: 0.756897, R^2: 0.541726
RF_AE的BA值 ：-11.52866503195603
RF_AE :RMSD: 1.215088, P: 0.703347, R^2: 0.463324
RF_ECFP的BA值 ：-11.619976600683733
RF_ECFP :RMSD: 1.181046, P: 0.714362, R^2: 0.492974
RF_AE_BET的BA值    ：-11.256764190822237
RF_AE_BET    :RMSD: 1.153945, P: 0.739845, R^2: 0.515977
RF_AE_ECFP的BA值    ：-11.483225104908412
RF_AE_ECFP    :RMSD: 1.158094, P: 0.721854, R^2: 0.512490
RF_BET_ECFP的BA值    ：-11.267304809876984
RF_BET_ECFP    :RMSD: 1.126995, P: 0.740130, R^2: 0.538321
RF_AE_BET_ECFP的BA值    ：-11.31710451983509
RF_AE_BET_ECFP    :RMSD: 1.137223, P: 0.736985, R^2: 0.529903
fold= 5
>>>>>>>>>>>>>training.............
###############################################RF#####################################################
RF_BET的BA值：-11.11958978006385
RF_BET:RMSD: 1.295141, P: 0.512535, R^2: 0.142807
RF_AE的BA值 ：-11.384152136271844
RF_AE :RMSD: 1.320630, P: 0.550238, R^2: 0.108735
RF_ECFP的BA值 ：-11.815300272832234
RF_ECFP :RMSD: 1.454878, P: 0.520370, R^2: -0.081678
RF_AE_BET的BA值    ：-11.147130680312696
RF_AE_BET    :RMSD: 1.285102, P: 0.547354, R^2: 0.156044
RF_AE_ECFP的BA值    ：-11.494985926696888
RF_AE_ECFP    :RMSD: 1.375180, P: 0.542422, R^2: 0.033584
RF_BET_ECFP的BA值    ：-11.467445026448042
RF_BET_ECFP    :RMSD: 1.345871, P: 0.531501, R^2: 0.074339
RF_AE_BET_ECFP的BA值    ：-11.369853877819208
RF_AE_BET_ECFP    :RMSD: 1.328231, P: 0.544852, R^2: 0.098445
fold= 6
>>>>>>>>>>>>>training.............
###############################################RF#####################################################
RF_BET的BA值：-11.304286912830564
RF_BET:RMSD: 0.874268, P: 0.925378, R^2: 0.728563
RF_AE的BA值 ：-11.475213529428338
RF_AE :RMSD: 0.884694, P: 0.921162, R^2: 0.722051
RF_ECFP的BA值 ：-11.602335892398553
RF_ECFP :RMSD: 0.760270, P: 0.938675, R^2: 0.794735
RF_AE_BET的BA值    ：-11.25538642852235
RF_AE_BET    :RMSD: 0.863534, P: 0.932604, R^2: 0.735187
RF_AE_ECFP的BA值    ：-11.538774710913446
RF_AE_ECFP    :RMSD: 0.777247, P: 0.947193, R^2: 0.785465
RF_BET_ECFP的BA值    ：-11.369112217913518
RF_BET_ECFP    :RMSD: 0.762091, P: 0.952747, R^2: 0.793750
RF_AE_BET_ECFP的BA值    ：-11.371036249814416
RF_AE_BET_ECFP    :RMSD: 0.788621, P: 0.950164, R^2: 0.779140
fold= 7
>>>>>>>>>>>>>training.............
###############################################RF#####################################################
RF_BET的BA值：-11.08486488873408
RF_BET:RMSD: 1.022247, P: 0.808199, R^2: 0.626147
RF_AE的BA值 ：-11.158486533697186
RF_AE :RMSD: 1.096688, P: 0.788098, R^2: 0.569716
RF_ECFP的BA值 ：-11.49638352184771
RF_ECFP :RMSD: 0.967388, P: 0.832920, R^2: 0.665196
RF_AE_BET的BA值    ：-11.061982683850523
RF_AE_BET    :RMSD: 1.046730, P: 0.808138, R^2: 0.608025
RF_AE_ECFP的BA值    ：-11.272422104457663
RF_AE_ECFP    :RMSD: 0.974838, P: 0.838176, R^2: 0.660020
RF_BET_ECFP的BA值    ：-11.121380205458388
RF_BET_ECFP    :RMSD: 0.944489, P: 0.843815, R^2: 0.680859
RF_AE_BET_ECFP的BA值    ：-11.115431836031277
RF_AE_BET_ECFP    :RMSD: 0.975733, P: 0.838045, R^2: 0.659395
fold= 8
>>>>>>>>>>>>>training.............
###############################################RF#####################################################
RF_BET的BA值：-11.328156806554253
RF_BET:RMSD: 1.273856, P: 0.818751, R^2: 0.637172
RF_AE的BA值 ：-11.640700971011247
RF_AE :RMSD: 1.518674, P: 0.714933, R^2: 0.484310
RF_ECFP的BA值 ：-12.077863969168012
RF_ECFP :RMSD: 1.435831, P: 0.751538, R^2: 0.539036
RF_AE_BET的BA值    ：-11.48442888878275
RF_AE_BET    :RMSD: 1.372231, P: 0.784091, R^2: 0.578969
RF_AE_ECFP的BA值    ：-11.6618242219214
RF_AE_ECFP    :RMSD: 1.430048, P: 0.754692, R^2: 0.542742
RF_BET_ECFP的BA值    ：-11.382542926258274
RF_BET_ECFP    :RMSD: 1.336751, P: 0.787257, R^2: 0.600460
RF_AE_BET_ECFP的BA值    ：-11.4685956078426
RF_AE_BET_ECFP    :RMSD: 1.369068, P: 0.779784, R^2: 0.580907
fold= 9
>>>>>>>>>>>>>training.............
###############################################RF#####################################################
RF_BET的BA值：-12.156788739869125
RF_BET:RMSD: 0.821022, P: 0.901125, R^2: 0.785130
RF_AE的BA值 ：-12.071959790713981
RF_AE :RMSD: 0.901327, P: 0.891234, R^2: 0.741042
RF_ECFP的BA值 ：-11.452453157793904
RF_ECFP :RMSD: 0.923209, P: 0.865534, R^2: 0.728315
RF_AE_BET的BA值    ：-12.114374265291552
RF_AE_BET    :RMSD: 0.852675, P: 0.898995, R^2: 0.768243
RF_AE_ECFP的BA值    ：-11.762206474253944
RF_AE_ECFP    :RMSD: 0.884882, P: 0.887690, R^2: 0.750405
RF_BET_ECFP的BA值    ：-11.804620948831515
RF_BET_ECFP    :RMSD: 0.849506, P: 0.892005, R^2: 0.769963
RF_AE_BET_ECFP的BA值    ：-11.893733896125669
RF_AE_BET_ECFP    :RMSD: 0.855579, P: 0.895344, R^2: 0.766662
fold= 10
>>>>>>>>>>>>>training.............
###############################################RF#####################################################
RF_BET的BA值：-11.217242205692664
RF_BET:RMSD: 1.025928, P: 0.846949, R^2: 0.672982
RF_AE的BA值 ：-11.464061902198589
RF_AE :RMSD: 1.212630, P: 0.786272, R^2: 0.543128
RF_ECFP的BA值 ：-11.421635306539315
RF_ECFP :RMSD: 1.129605, P: 0.785256, R^2: 0.603547
RF_AE_BET的BA值    ：-11.340652053945625
RF_AE_BET    :RMSD: 1.093099, P: 0.831389, R^2: 0.628758
RF_AE_ECFP的BA值    ：-11.411808578818622
RF_AE_ECFP    :RMSD: 1.094747, P: 0.814319, R^2: 0.627638
RF_BET_ECFP的BA值    ：-11.28839873056566
RF_BET_ECFP    :RMSD: 1.040889, P: 0.825727, R^2: 0.663374
RF_AE_BET_ECFP的BA值    ：-11.34695312110997
RF_AE_BET_ECFP    :RMSD: 1.059777, P: 0.830443, R^2: 0.651047
@@@@@@@@@@@@@@@@@@@@@@@@@@@@@@@@@@@@@@@@@@@最终结果@@@@@@@@@@@@@@@@@@@@@@@@@@@@@@@@@@@@@@@@@@@@@@@@@@
@@@@@@@@@@@@@@@@@@@@@@@@@@@@@@@@@@@@@@@@@@@最终结果@@@@@@@@@@@@@@@@@@@@@@@@@@@@@@@@@@@@@@@@@@@@@@@@@@
%%%%%%%%%%%%%%%%%%%%%%%%%%%%%%%%%%%%%%%%%%%RF%%%%%%%%%%%%%%%%%%%%%%%%%%%%%%%%%%%%%%%%%%%%%%%%%%%%%%
RF_BET:0-th Final RMSD: 1.088642, Final P: 0.805531, Final R^2: 0.638437
RF_AE :0-th Final RMSD: 1.164263, Final P: 0.772369, Final R^2: 0.586461
RF_ECFP :0-th Final RMSD: 1.135867, Final P: 0.780476, Final R^2: 0.606388
RF_AE_BET    :0-th Final RMSD: 1.108552, Final P: 0.799760, Final R^2: 0.625091
RF_AE_ECFP    :0-th Final RMSD: 1.107586, Final P: 0.794348, Final R^2: 0.625744
RF_BET_ECFP    :0-th Final RMSD: 1.078748, Final P: 0.805423, Final R^2: 0.644980
RF_AE_BET_ECFP    :0-th Final RMSD: 1.087632, Final P: 0.804812, Final R^2: 0.639108
0-th RF_AE的BA值 ：-12.071960
0-th RF_BET的BA值：-12.156789
0-th RF_ECFP的BA值 ：-12.077864
0-th RF_AE_BET的BA值：-12.114374
0-th RF_AE_ECFP的BA值    ：-11.762206
0-th RF_BET_ECFP的BA值    ：-11.804621
0-th RF_AE_BET_ECFP的BA值    ：-11.893734
total time: 1.771610140270657 h
