size of data: (435,)
size of train size: 348
RF parameter
Namespace(n_estimators=10000, dataset='CHEMBL3392948', max_depth=7, min_samples_split=3, min_samples_leaf=1, criterion='mse', random_seed=0)
fold= 1
>>>>>>>>>>>>>training.............
###############################################RF#####################################################
RF_BET的BA值：-8.78985345455283
RF_BET:RMSD: 1.291266, P: 0.611250, R^2: 0.212562
RF_AE的BA值 ：-9.394403674866213
RF_AE :RMSD: 1.205893, P: 0.723960, R^2: 0.313245
RF_ECFP的BA值 ：-10.378838101465368
RF_ECFP :RMSD: 0.859994, P: 0.824139, R^2: 0.650719
RF_AE_BET的BA值    ：-9.075174874896398
RF_AE_BET    :RMSD: 1.238834, P: 0.696668, R^2: 0.275212
RF_AE_ECFP的BA值    ：-9.88662088816579
RF_AE_ECFP    :RMSD: 0.975551, P: 0.804206, R^2: 0.550547
RF_BET_ECFP的BA值    ：-9.567392088195973
RF_BET_ECFP    :RMSD: 1.019676, P: 0.780796, R^2: 0.508969
RF_AE_BET_ECFP的BA值    ：-9.50972928375272
RF_AE_BET_ECFP    :RMSD: 1.066847, P: 0.776071, R^2: 0.462488
fold= 2
>>>>>>>>>>>>>training.............
###############################################RF#####################################################
RF_BET的BA值：-10.242192932025594
RF_BET:RMSD: 1.008893, P: 0.700627, R^2: 0.474159
RF_AE的BA值 ：-10.247405885373585
RF_AE :RMSD: 0.954360, P: 0.762013, R^2: 0.529468
RF_ECFP的BA值 ：-10.39338213800795
RF_ECFP :RMSD: 0.905020, P: 0.766505, R^2: 0.576864
RF_AE_BET的BA值    ：-10.244799408699588
RF_AE_BET    :RMSD: 0.975121, P: 0.736611, R^2: 0.508774
RF_AE_ECFP的BA值    ：-10.320394011690768
RF_AE_ECFP    :RMSD: 0.911600, P: 0.778542, R^2: 0.570689
RF_BET_ECFP的BA值    ：-10.317787535016773
RF_BET_ECFP    :RMSD: 0.942322, P: 0.748423, R^2: 0.541264
RF_AE_BET_ECFP的BA值    ：-10.29432698513571
RF_AE_BET_ECFP    :RMSD: 0.938773, P: 0.758797, R^2: 0.544713
fold= 3
>>>>>>>>>>>>>training.............
###############################################RF#####################################################
RF_BET的BA值：-10.113946181711908
RF_BET:RMSD: 0.880115, P: 0.676343, R^2: 0.415207
RF_AE的BA值 ：-10.09514391824929
RF_AE :RMSD: 0.859701, P: 0.691129, R^2: 0.442020
RF_ECFP的BA值 ：-10.222979343288186
RF_ECFP :RMSD: 0.927259, P: 0.595783, R^2: 0.350880
RF_AE_BET的BA值    ：-10.104545049980599
RF_AE_BET    :RMSD: 0.863613, P: 0.691570, R^2: 0.436932
RF_AE_ECFP的BA值    ：-10.159061630768738
RF_AE_ECFP    :RMSD: 0.868409, P: 0.669630, R^2: 0.430660
RF_BET_ECFP的BA值    ：-10.168462762500047
RF_BET_ECFP    :RMSD: 0.879744, P: 0.659840, R^2: 0.415700
RF_AE_BET_ECFP的BA值    ：-10.144023147749794
RF_AE_BET_ECFP    :RMSD: 0.864236, P: 0.680929, R^2: 0.436118
fold= 4
>>>>>>>>>>>>>training.............
###############################################RF#####################################################
RF_BET的BA值：-10.109748659553281
RF_BET:RMSD: 0.987729, P: 0.524744, R^2: 0.254190
RF_AE的BA值 ：-9.798963388338882
RF_AE :RMSD: 0.983615, P: 0.520337, R^2: 0.260391
RF_ECFP的BA值 ：-10.441005146526816
RF_ECFP :RMSD: 1.106208, P: 0.479000, R^2: 0.064538
RF_AE_BET的BA值    ：-9.954356023946081
RF_AE_BET    :RMSD: 0.973561, P: 0.529437, R^2: 0.275432
RF_AE_ECFP的BA值    ：-10.119984267432848
RF_AE_ECFP    :RMSD: 1.002673, P: 0.508630, R^2: 0.231452
RF_BET_ECFP的BA值    ：-10.275376903040048
RF_BET_ECFP    :RMSD: 1.021225, P: 0.513331, R^2: 0.202749
RF_AE_BET_ECFP的BA值    ：-10.11657239813966
RF_AE_BET_ECFP    :RMSD: 0.989809, P: 0.521125, R^2: 0.251046
fold= 5
>>>>>>>>>>>>>training.............
###############################################RF#####################################################
RF_BET的BA值：-10.145294368621258
RF_BET:RMSD: 0.921902, P: 0.691489, R^2: 0.466031
RF_AE的BA值 ：-10.199027712690018
RF_AE :RMSD: 0.865495, P: 0.743772, R^2: 0.529374
RF_ECFP的BA值 ：-10.454951309150648
RF_ECFP :RMSD: 0.972013, P: 0.641829, R^2: 0.406403
RF_AE_BET的BA值    ：-10.172161040655638
RF_AE_BET    :RMSD: 0.885846, P: 0.726723, R^2: 0.506982
RF_AE_ECFP的BA值    ：-10.326989510920333
RF_AE_ECFP    :RMSD: 0.893442, P: 0.712122, R^2: 0.498490
RF_BET_ECFP的BA值    ：-10.300122838885953
RF_BET_ECFP    :RMSD: 0.922537, P: 0.685107, R^2: 0.465295
RF_AE_BET_ECFP的BA值    ：-10.266424463487308
RF_AE_BET_ECFP    :RMSD: 0.893952, P: 0.714323, R^2: 0.497917
fold= 6
>>>>>>>>>>>>>training.............
###############################################RF#####################################################
RF_BET的BA值：-9.667806005060829
RF_BET:RMSD: 1.023378, P: 0.721063, R^2: 0.478252
RF_AE的BA值 ：-9.448173620246122
RF_AE :RMSD: 1.088977, P: 0.685790, R^2: 0.409220
RF_ECFP的BA值 ：-10.471020645783785
RF_ECFP :RMSD: 1.036380, P: 0.712403, R^2: 0.464910
RF_AE_BET的BA值    ：-9.557989812653474
RF_AE_BET    :RMSD: 1.043797, P: 0.717685, R^2: 0.457224
RF_AE_ECFP的BA值    ：-9.959597133014952
RF_AE_ECFP    :RMSD: 1.018284, P: 0.718649, R^2: 0.483433
RF_BET_ECFP的BA值    ：-10.069413325422307
RF_BET_ECFP    :RMSD: 0.999696, P: 0.735222, R^2: 0.502120
RF_AE_BET_ECFP的BA值    ：-9.862333423696912
RF_AE_BET_ECFP    :RMSD: 1.010829, P: 0.730641, R^2: 0.490969
fold= 7
>>>>>>>>>>>>>training.............
###############################################RF#####################################################
RF_BET的BA值：-10.303220359467693
RF_BET:RMSD: 0.805781, P: 0.767351, R^2: 0.575309
RF_AE的BA值 ：-10.364685921171262
RF_AE :RMSD: 0.867051, P: 0.718530, R^2: 0.508268
RF_ECFP的BA值 ：-10.32426900748449
RF_ECFP :RMSD: 0.837040, P: 0.744918, R^2: 0.541719
RF_AE_BET的BA值    ：-10.333953140319476
RF_AE_BET    :RMSD: 0.832201, P: 0.747231, R^2: 0.547003
RF_AE_ECFP的BA值    ：-10.344477464327877
RF_AE_ECFP    :RMSD: 0.812925, P: 0.756225, R^2: 0.567746
RF_BET_ECFP的BA值    ：-10.313744683476092
RF_BET_ECFP    :RMSD: 0.785373, P: 0.775791, R^2: 0.596548
RF_AE_BET_ECFP的BA值    ：-10.330725096041148
RF_AE_BET_ECFP    :RMSD: 0.801330, P: 0.766355, R^2: 0.579988
fold= 8
>>>>>>>>>>>>>training.............
###############################################RF#####################################################
RF_BET的BA值：-10.233500697232023
RF_BET:RMSD: 0.952585, P: 0.673715, R^2: 0.450718
RF_AE的BA值 ：-10.05758987364153
RF_AE :RMSD: 1.003403, P: 0.660385, R^2: 0.390549
RF_ECFP的BA值 ：-10.23556464541763
RF_ECFP :RMSD: 1.017716, P: 0.618630, R^2: 0.373040
RF_AE_BET的BA值    ：-10.145545285436777
RF_AE_BET    :RMSD: 0.965723, P: 0.673203, R^2: 0.435464
RF_AE_ECFP的BA值    ：-10.123850929306144
RF_AE_ECFP    :RMSD: 0.979414, P: 0.652918, R^2: 0.419343
RF_BET_ECFP的BA值    ：-10.21180634110139
RF_BET_ECFP    :RMSD: 0.963080, P: 0.663649, R^2: 0.438549
RF_AE_BET_ECFP的BA值    ：-10.160400851948104
RF_AE_BET_ECFP    :RMSD: 0.961919, P: 0.668740, R^2: 0.439901
fold= 9
>>>>>>>>>>>>>training.............
###############################################RF#####################################################
RF_BET的BA值：-10.123709476332868
RF_BET:RMSD: 1.051697, P: 0.580683, R^2: 0.334765
RF_AE的BA值 ：-9.88960408637417
RF_AE :RMSD: 1.026730, P: 0.606151, R^2: 0.365975
RF_ECFP的BA值 ：-10.423054921423141
RF_ECFP :RMSD: 1.000942, P: 0.642913, R^2: 0.397424
RF_AE_BET的BA值    ：-9.846784549457933
RF_AE_BET    :RMSD: 1.033833, P: 0.598630, R^2: 0.357173
RF_AE_ECFP的BA值    ：-10.119401338520511
RF_AE_ECFP    :RMSD: 0.995938, P: 0.638030, R^2: 0.403435
RF_BET_ECFP的BA值    ：-10.213037451870706
RF_BET_ECFP    :RMSD: 1.006636, P: 0.628071, R^2: 0.390550
RF_AE_BET_ECFP的BA值    ：-9.976932709982604
RF_AE_BET_ECFP    :RMSD: 1.007414, P: 0.625980, R^2: 0.389607
fold= 10
>>>>>>>>>>>>>training.............
###############################################RF#####################################################
RF_BET的BA值：-9.611349117588292
RF_BET:RMSD: 0.928542, P: 0.524673, R^2: 0.258412
RF_AE的BA值 ：-9.494569968355746
RF_AE :RMSD: 0.933759, P: 0.507928, R^2: 0.250056
RF_ECFP的BA值 ：-10.346087087220646
RF_ECFP :RMSD: 0.816824, P: 0.654146, R^2: 0.426127
RF_AE_BET的BA值    ：-9.497550592679804
RF_AE_BET    :RMSD: 0.924185, P: 0.523311, R^2: 0.265356
RF_AE_ECFP的BA值    ：-9.696865137402765
RF_AE_ECFP    :RMSD: 0.854116, P: 0.611528, R^2: 0.372530
RF_BET_ECFP的BA值    ：-9.810663662311253
RF_BET_ECFP    :RMSD: 0.840131, P: 0.627931, R^2: 0.392909
RF_AE_BET_ECFP的BA值    ：-9.668359797464609
RF_AE_BET_ECFP    :RMSD: 0.866443, P: 0.595300, R^2: 0.354287
@@@@@@@@@@@@@@@@@@@@@@@@@@@@@@@@@@@@@@@@@@@最终结果@@@@@@@@@@@@@@@@@@@@@@@@@@@@@@@@@@@@@@@@@@@@@@@@@@
@@@@@@@@@@@@@@@@@@@@@@@@@@@@@@@@@@@@@@@@@@@最终结果@@@@@@@@@@@@@@@@@@@@@@@@@@@@@@@@@@@@@@@@@@@@@@@@@@
%%%%%%%%%%%%%%%%%%%%%%%%%%%%%%%%%%%%%%%%%%%RF%%%%%%%%%%%%%%%%%%%%%%%%%%%%%%%%%%%%%%%%%%%%%%%%%%%%%%
RF_BET:0-th Final RMSD: 0.993268, Final P: 0.637271, Final R^2: 0.403373
RF_AE :0-th Final RMSD: 0.984409, Final P: 0.651879, Final R^2: 0.413967
RF_ECFP :0-th Final RMSD: 0.952247, Final P: 0.674600, Final R^2: 0.451634
RF_AE_BET    :0-th Final RMSD: 0.980067, Final P: 0.654527, Final R^2: 0.419126
RF_AE_ECFP    :0-th Final RMSD: 0.933724, Final P: 0.692211, Final R^2: 0.472761
RF_BET_ECFP    :0-th Final RMSD: 0.941399, Final P: 0.683540, Final R^2: 0.464058
RF_AE_BET_ECFP    :0-th Final RMSD: 0.943516, Final P: 0.685668, Final R^2: 0.461645
0-th RF_AE的BA值 ：-10.364686
0-th RF_BET的BA值：-10.303220
0-th RF_ECFP的BA值 ：-10.471021
0-th RF_AE_BET的BA值：-10.333953
0-th RF_AE_ECFP的BA值    ：-10.344477
0-th RF_BET_ECFP的BA值    ：-10.317788
0-th RF_AE_BET_ECFP的BA值    ：-10.330725
total time: 2.8234984299871657 h
