size of data: (180,)
size of train size: 144
RF parameter
Namespace(n_estimators=10000, dataset='CHEMBL5493', max_depth=7, min_samples_split=3, min_samples_leaf=1, criterion='mse', random_seed=0)
fold= 1
>>>>>>>>>>>>>training.............
###############################################RF#####################################################
RF_BET的BA值：-10.767809044112592
RF_BET:RMSD: 0.865776, P: 0.879132, R^2: 0.645859
RF_AE的BA值 ：-10.619685064206879
RF_AE :RMSD: 0.877838, P: 0.875566, R^2: 0.635923
RF_ECFP的BA值 ：-11.367821400893952
RF_ECFP :RMSD: 0.836019, P: 0.833723, R^2: 0.669784
RF_AE_BET的BA值    ：-10.693747054159736
RF_AE_BET    :RMSD: 0.867338, P: 0.880434, R^2: 0.644580
RF_AE_ECFP的BA值    ：-10.987683828434413
RF_AE_ECFP    :RMSD: 0.836737, P: 0.860446, R^2: 0.669217
RF_BET_ECFP的BA值    ：-11.055215368142495
RF_BET_ECFP    :RMSD: 0.831846, P: 0.862087, R^2: 0.673073
RF_AE_BET_ECFP的BA值    ：-10.905992330753287
RF_AE_BET_ECFP    :RMSD: 0.840529, P: 0.869442, R^2: 0.666213
fold= 2
>>>>>>>>>>>>>training.............
###############################################RF#####################################################
RF_BET的BA值：-10.769187715136367
RF_BET:RMSD: 0.774881, P: 0.827446, R^2: 0.653221
RF_AE的BA值 ：-10.639046646781253
RF_AE :RMSD: 0.775213, P: 0.834661, R^2: 0.652924
RF_ECFP的BA值 ：-11.48497715766204
RF_ECFP :RMSD: 0.753444, P: 0.832220, R^2: 0.672143
RF_AE_BET的BA值    ：-10.70411718095881
RF_AE_BET    :RMSD: 0.766967, P: 0.837426, R^2: 0.660268
RF_AE_ECFP的BA值    ：-11.062011902221647
RF_AE_ECFP    :RMSD: 0.739102, P: 0.840486, R^2: 0.684506
RF_BET_ECFP的BA值    ：-11.127082436399203
RF_BET_ECFP    :RMSD: 0.736873, P: 0.843153, R^2: 0.686406
RF_AE_BET_ECFP的BA值    ：-10.964403839859886
RF_AE_BET_ECFP    :RMSD: 0.740937, P: 0.843688, R^2: 0.682937
fold= 3
>>>>>>>>>>>>>training.............
###############################################RF#####################################################
RF_BET的BA值：-10.381840727933882
RF_BET:RMSD: 0.920924, P: 0.750290, R^2: 0.521009
RF_AE的BA值 ：-10.542695828923202
RF_AE :RMSD: 0.974318, P: 0.698448, R^2: 0.463855
RF_ECFP的BA值 ：-11.426046577307462
RF_ECFP :RMSD: 0.758821, P: 0.821551, R^2: 0.674794
RF_AE_BET的BA值    ：-10.406864255035018
RF_AE_BET    :RMSD: 0.938241, P: 0.729219, R^2: 0.502825
RF_AE_ECFP的BA值    ：-10.94192400020696
RF_AE_ECFP    :RMSD: 0.836193, P: 0.780181, R^2: 0.605095
RF_BET_ECFP的BA值    ：-10.903943652620672
RF_BET_ECFP    :RMSD: 0.808871, P: 0.800640, R^2: 0.630480
RF_AE_BET_ECFP的BA值    ：-10.7428773232054
RF_AE_BET_ECFP    :RMSD: 0.853876, P: 0.774580, R^2: 0.588215
fold= 4
>>>>>>>>>>>>>training.............
###############################################RF#####################################################
RF_BET的BA值：-11.183789901091341
RF_BET:RMSD: 0.919560, P: 0.755909, R^2: 0.553537
RF_AE的BA值 ：-10.81195748902549
RF_AE :RMSD: 0.834814, P: 0.802077, R^2: 0.632036
RF_ECFP的BA值 ：-11.593341714751391
RF_ECFP :RMSD: 0.975860, P: 0.734215, R^2: 0.497194
RF_AE_BET的BA值    ：-10.997873695058416
RF_AE_BET    :RMSD: 0.870619, P: 0.783778, R^2: 0.599795
RF_AE_ECFP的BA值    ：-11.20264960188844
RF_AE_ECFP    :RMSD: 0.893139, P: 0.770432, R^2: 0.578824
RF_BET_ECFP的BA值    ：-11.388565807921367
RF_BET_ECFP    :RMSD: 0.930375, P: 0.750119, R^2: 0.542973
RF_AE_BET_ECFP的BA值    ：-11.196363034956073
RF_AE_BET_ECFP    :RMSD: 0.893823, P: 0.769505, R^2: 0.578178
fold= 5
>>>>>>>>>>>>>training.............
###############################################RF#####################################################
RF_BET的BA值：-10.29699541314733
RF_BET:RMSD: 0.866734, P: 0.462053, R^2: 0.099818
RF_AE的BA值 ：-9.302816755650698
RF_AE :RMSD: 0.868580, P: 0.513629, R^2: 0.095980
RF_ECFP的BA值 ：-10.099727394516488
RF_ECFP :RMSD: 0.880183, P: 0.522700, R^2: 0.071666
RF_AE_BET的BA值    ：-9.467869664265255
RF_AE_BET    :RMSD: 0.828439, P: 0.504218, R^2: 0.177608
RF_AE_ECFP的BA值    ：-9.701272075083594
RF_AE_ECFP    :RMSD: 0.775017, P: 0.535749, R^2: 0.280252
RF_BET_ECFP的BA值    ：-10.185729792515772
RF_BET_ECFP    :RMSD: 0.828384, P: 0.507883, R^2: 0.177717
RF_AE_BET_ECFP的BA值    ：-9.67848890768233
RF_AE_BET_ECFP    :RMSD: 0.789679, P: 0.521815, R^2: 0.252760
fold= 6
>>>>>>>>>>>>>training.............
###############################################RF#####################################################
RF_BET的BA值：-11.168033244504732
RF_BET:RMSD: 0.696879, P: 0.879782, R^2: 0.745705
RF_AE的BA值 ：-10.97605218985649
RF_AE :RMSD: 0.740729, P: 0.873574, R^2: 0.712696
RF_ECFP的BA值 ：-11.51610684954424
RF_ECFP :RMSD: 0.804159, P: 0.824432, R^2: 0.661385
RF_AE_BET的BA值    ：-11.072042717180612
RF_AE_BET    :RMSD: 0.699821, P: 0.885859, R^2: 0.743554
RF_AE_ECFP的BA值    ：-11.246079519700366
RF_AE_ECFP    :RMSD: 0.742377, P: 0.861831, R^2: 0.711417
RF_BET_ECFP的BA值    ：-11.342070047024485
RF_BET_ECFP    :RMSD: 0.725449, P: 0.860264, R^2: 0.724427
RF_AE_BET_ECFP的BA值    ：-11.220064094635154
RF_AE_BET_ECFP    :RMSD: 0.713956, P: 0.872936, R^2: 0.733089
fold= 7
>>>>>>>>>>>>>training.............
###############################################RF#####################################################
RF_BET的BA值：-11.037767986588596
RF_BET:RMSD: 0.774819, P: 0.840450, R^2: 0.685352
RF_AE的BA值 ：-11.110618457642664
RF_AE :RMSD: 0.720073, P: 0.858968, R^2: 0.728245
RF_ECFP的BA值 ：-11.492232240366187
RF_ECFP :RMSD: 0.925042, P: 0.783646, R^2: 0.551516
RF_AE_BET的BA值    ：-11.07419322211563
RF_AE_BET    :RMSD: 0.741417, P: 0.852324, R^2: 0.711896
RF_AE_ECFP的BA值    ：-11.301425349004425
RF_AE_ECFP    :RMSD: 0.801181, P: 0.828511, R^2: 0.663577
RF_BET_ECFP的BA值    ：-11.265000113477392
RF_BET_ECFP    :RMSD: 0.824944, P: 0.817307, R^2: 0.643324
RF_AE_BET_ECFP的BA值    ：-11.213539561532484
RF_AE_BET_ECFP    :RMSD: 0.782726, P: 0.834809, R^2: 0.678897
fold= 8
>>>>>>>>>>>>>training.............
###############################################RF#####################################################
RF_BET的BA值：-10.803696699489352
RF_BET:RMSD: 0.839434, P: 0.874207, R^2: 0.693940
RF_AE的BA值 ：-9.596428273163779
RF_AE :RMSD: 1.024533, P: 0.912358, R^2: 0.544085
RF_ECFP的BA值 ：-11.611418069587979
RF_ECFP :RMSD: 0.827516, P: 0.849360, R^2: 0.702570
RF_AE_BET的BA值    ：-10.200062486326566
RF_AE_BET    :RMSD: 0.900737, P: 0.903026, R^2: 0.647606
RF_AE_ECFP的BA值    ：-10.603923171375879
RF_AE_ECFP    :RMSD: 0.811614, P: 0.903974, R^2: 0.713891
RF_BET_ECFP的BA值    ：-11.207557384538665
RF_BET_ECFP    :RMSD: 0.778047, P: 0.884927, R^2: 0.737068
RF_AE_BET_ECFP的BA值    ：-10.670514347413702
RF_AE_BET_ECFP    :RMSD: 0.807087, P: 0.905618, R^2: 0.717074
fold= 9
>>>>>>>>>>>>>training.............
###############################################RF#####################################################
RF_BET的BA值：-10.747040179594029
RF_BET:RMSD: 1.055773, P: 0.609844, R^2: 0.213781
RF_AE的BA值 ：-11.12235224328956
RF_AE :RMSD: 1.033054, P: 0.640054, R^2: 0.247253
RF_ECFP的BA值 ：-10.23971499575687
RF_ECFP :RMSD: 0.902988, P: 0.707069, R^2: 0.424869
RF_AE_BET的BA值    ：-10.79099713784833
RF_AE_BET    :RMSD: 1.036857, P: 0.629184, R^2: 0.241701
RF_AE_ECFP的BA值    ：-10.681033619523216
RF_AE_ECFP    :RMSD: 0.946152, P: 0.684332, R^2: 0.368571
RF_BET_ECFP的BA值    ：-10.349678514081985
RF_BET_ECFP    :RMSD: 0.955383, P: 0.670392, R^2: 0.356190
RF_AE_BET_ECFP的BA值    ：-10.607236423817843
RF_AE_BET_ECFP    :RMSD: 0.973817, P: 0.663799, R^2: 0.331105
fold= 10
>>>>>>>>>>>>>training.............
###############################################RF#####################################################
RF_BET的BA值：-10.65084088791084
RF_BET:RMSD: 1.076252, P: 0.757926, R^2: 0.489016
RF_AE的BA值 ：-10.484144875301663
RF_AE :RMSD: 0.893422, P: 0.851750, R^2: 0.647879
RF_ECFP的BA值 ：-10.914820548910242
RF_ECFP :RMSD: 1.060293, P: 0.771188, R^2: 0.504059
RF_AE_BET的BA值    ：-10.567492881606253
RF_AE_BET    :RMSD: 0.966575, P: 0.826057, R^2: 0.587855
RF_AE_ECFP的BA值    ：-10.699482712105953
RF_AE_ECFP    :RMSD: 0.958332, P: 0.831803, R^2: 0.594855
RF_BET_ECFP的BA值    ：-10.78283071841054
RF_BET_ECFP    :RMSD: 1.057263, P: 0.776093, R^2: 0.506889
RF_AE_BET_ECFP的BA值    ：-10.68326877070758
RF_AE_BET_ECFP    :RMSD: 0.988890, P: 0.817644, R^2: 0.568605
@@@@@@@@@@@@@@@@@@@@@@@@@@@@@@@@@@@@@@@@@@@最终结果@@@@@@@@@@@@@@@@@@@@@@@@@@@@@@@@@@@@@@@@@@@@@@@@@@
@@@@@@@@@@@@@@@@@@@@@@@@@@@@@@@@@@@@@@@@@@@最终结果@@@@@@@@@@@@@@@@@@@@@@@@@@@@@@@@@@@@@@@@@@@@@@@@@@
%%%%%%%%%%%%%%%%%%%%%%%%%%%%%%%%%%%%%%%%%%%RF%%%%%%%%%%%%%%%%%%%%%%%%%%%%%%%%%%%%%%%%%%%%%%%%%%%%%%
RF_BET:0-th Final RMSD: 0.886484, Final P: 0.765160, Final R^2: 0.581091
RF_AE :0-th Final RMSD: 0.880594, Final P: 0.769695, Final R^2: 0.586640
RF_ECFP :0-th Final RMSD: 0.877280, Final P: 0.773868, Final R^2: 0.589745
RF_AE_BET    :0-th Final RMSD: 0.867480, Final P: 0.779077, Final R^2: 0.598859
RF_AE_ECFP    :0-th Final RMSD: 0.837216, Final P: 0.794391, Final R^2: 0.626361
RF_BET_ECFP    :0-th Final RMSD: 0.853450, Final P: 0.784979, Final R^2: 0.611730
RF_AE_BET_ECFP    :0-th Final RMSD: 0.843036, Final P: 0.792162, Final R^2: 0.621147
0-th RF_AE的BA值 ：-11.122352
0-th RF_BET的BA值：-11.183790
0-th RF_ECFP的BA值 ：-11.611418
0-th RF_AE_BET的BA值：-11.074193
0-th RF_AE_ECFP的BA值    ：-11.301425
0-th RF_BET_ECFP的BA值    ：-11.388566
0-th RF_AE_BET_ECFP的BA值    ：-11.220064
total time: 1.0591975526677238 h
