size of data: (895,)
size of train size: 716
RF parameter
Namespace(n_estimators=10000, dataset='CHEMBL2107', max_depth=7, min_samples_split=3, min_samples_leaf=1, criterion='mse', random_seed=0)
fold= 1
>>>>>>>>>>>>>training.............
###############################################RF#####################################################
RF_BET的BA值：-11.165017463054754
RF_BET:RMSD: 1.231249, P: 0.555297, R^2: 0.299471
RF_AE的BA值 ：-10.886389529123223
RF_AE :RMSD: 1.238872, P: 0.561499, R^2: 0.290769
RF_ECFP的BA值 ：-10.65589130289628
RF_ECFP :RMSD: 1.158490, P: 0.626695, R^2: 0.379818
RF_AE_BET的BA值    ：-11.025703496088989
RF_AE_BET    :RMSD: 1.229125, P: 0.566775, R^2: 0.301886
RF_AE_ECFP的BA值    ：-10.77114041600975
RF_AE_ECFP    :RMSD: 1.183559, P: 0.618046, R^2: 0.352688
RF_BET_ECFP的BA值    ：-10.910454382975516
RF_BET_ECFP    :RMSD: 1.183617, P: 0.607937, R^2: 0.352624
RF_AE_BET_ECFP的BA值    ：-10.90243276502475
RF_AE_BET_ECFP    :RMSD: 1.195229, P: 0.603542, R^2: 0.339859
fold= 2
>>>>>>>>>>>>>training.............
###############################################RF#####################################################
RF_BET的BA值：-10.868139449093908
RF_BET:RMSD: 1.077173, P: 0.611957, R^2: 0.360652
RF_AE的BA值 ：-10.908481131387273
RF_AE :RMSD: 1.076772, P: 0.632611, R^2: 0.361128
RF_ECFP的BA值 ：-11.35469352829282
RF_ECFP :RMSD: 1.173728, P: 0.498961, R^2: 0.240897
RF_AE_BET的BA值    ：-10.800845382445694
RF_AE_BET    :RMSD: 1.069269, P: 0.631847, R^2: 0.370001
RF_AE_ECFP的BA值    ：-10.931922303749893
RF_AE_ECFP    :RMSD: 1.102976, P: 0.582023, R^2: 0.329655
RF_BET_ECFP的BA值    ：-10.73457927985314
RF_BET_ECFP    :RMSD: 1.106983, P: 0.573754, R^2: 0.324776
RF_AE_BET_ECFP的BA值    ：-10.74725854941064
RF_AE_BET_ECFP    :RMSD: 1.087496, P: 0.602427, R^2: 0.348339
fold= 3
>>>>>>>>>>>>>training.............
###############################################RF#####################################################
RF_BET的BA值：-11.177343122327905
RF_BET:RMSD: 1.091116, P: 0.636366, R^2: 0.339760
RF_AE的BA值 ：-10.705694730244955
RF_AE :RMSD: 1.124545, P: 0.601192, R^2: 0.298683
RF_ECFP的BA值 ：-11.220065867914057
RF_ECFP :RMSD: 1.014036, P: 0.683071, R^2: 0.429748
RF_AE_BET的BA值    ：-10.913290860927233
RF_AE_BET    :RMSD: 1.100090, P: 0.642345, R^2: 0.328854
RF_AE_ECFP的BA值    ：-10.857257628196336
RF_AE_ECFP    :RMSD: 1.046855, P: 0.695324, R^2: 0.392238
RF_BET_ECFP的BA值    ：-11.121309889597008
RF_BET_ECFP    :RMSD: 1.036377, P: 0.692859, R^2: 0.404344
RF_AE_BET_ECFP的BA值    ：-10.96395279290686
RF_AE_BET_ECFP    :RMSD: 1.056058, P: 0.691328, R^2: 0.381506
fold= 4
>>>>>>>>>>>>>training.............
###############################################RF#####################################################
RF_BET的BA值：-11.781451722503984
RF_BET:RMSD: 1.225086, P: 0.596724, R^2: 0.325176
RF_AE的BA值 ：-11.173970566052859
RF_AE :RMSD: 1.262037, P: 0.572924, R^2: 0.283854
RF_ECFP的BA值 ：-11.402161645687483
RF_ECFP :RMSD: 1.153838, P: 0.650473, R^2: 0.401386
RF_AE_BET的BA值    ：-11.477711144278421
RF_AE_BET    :RMSD: 1.237211, P: 0.597403, R^2: 0.311753
RF_AE_ECFP的BA值    ：-11.285116598240808
RF_AE_ECFP    :RMSD: 1.185548, P: 0.649435, R^2: 0.368032
RF_BET_ECFP的BA值    ：-11.58885717646637
RF_BET_ECFP    :RMSD: 1.169442, P: 0.653218, R^2: 0.385086
RF_AE_BET_ECFP的BA值    ：-11.450561639661865
RF_AE_BET_ECFP    :RMSD: 1.192118, P: 0.644067, R^2: 0.361007
fold= 5
>>>>>>>>>>>>>training.............
###############################################RF#####################################################
RF_BET的BA值：-11.75911054511802
RF_BET:RMSD: 0.933574, P: 0.701638, R^2: 0.452147
RF_AE的BA值 ：-10.490937832359881
RF_AE :RMSD: 0.981756, P: 0.658800, R^2: 0.394138
RF_ECFP的BA值 ：-12.006048145112462
RF_ECFP :RMSD: 0.955495, P: 0.670561, R^2: 0.426118
RF_AE_BET的BA值    ：-10.878347100213556
RF_AE_BET    :RMSD: 0.944738, P: 0.700380, R^2: 0.438967
RF_AE_ECFP的BA值    ：-11.001815900210778
RF_AE_ECFP    :RMSD: 0.937994, P: 0.695313, R^2: 0.446947
RF_BET_ECFP的BA值    ：-11.882579345115241
RF_BET_ECFP    :RMSD: 0.929725, P: 0.698501, R^2: 0.456656
RF_AE_BET_ECFP的BA值    ：-11.254247448513192
RF_AE_BET_ECFP    :RMSD: 0.930868, P: 0.705268, R^2: 0.455319
fold= 6
>>>>>>>>>>>>>training.............
###############################################RF#####################################################
RF_BET的BA值：-11.06560150992295
RF_BET:RMSD: 1.124292, P: 0.670319, R^2: 0.399299
RF_AE的BA值 ：-10.860258722587133
RF_AE :RMSD: 1.145075, P: 0.679701, R^2: 0.376886
RF_ECFP的BA值 ：-10.53955188334815
RF_ECFP :RMSD: 1.197227, P: 0.568305, R^2: 0.318834
RF_AE_BET的BA值    ：-10.885555859739426
RF_AE_BET    :RMSD: 1.128257, P: 0.686460, R^2: 0.395055
RF_AE_ECFP的BA值    ：-10.69801778763961
RF_AE_ECFP    :RMSD: 1.150459, P: 0.645134, R^2: 0.371012
RF_BET_ECFP的BA值    ：-10.797297651204513
RF_BET_ECFP    :RMSD: 1.143826, P: 0.640229, R^2: 0.378244
RF_AE_BET_ECFP的BA值    ：-10.768962857390312
RF_AE_BET_ECFP    :RMSD: 1.135824, P: 0.664942, R^2: 0.386913
fold= 7
>>>>>>>>>>>>>training.............
###############################################RF#####################################################
RF_BET的BA值：-11.053914933925144
RF_BET:RMSD: 1.190855, P: 0.566548, R^2: 0.292940
RF_AE的BA值 ：-11.017549215896933
RF_AE :RMSD: 1.204512, P: 0.568744, R^2: 0.276629
RF_ECFP的BA值 ：-11.470932253223449
RF_ECFP :RMSD: 1.092231, P: 0.645555, R^2: 0.405205
RF_AE_BET的BA值    ：-11.035732074911039
RF_AE_BET    :RMSD: 1.189168, P: 0.587538, R^2: 0.294942
RF_AE_ECFP的BA值    ：-10.855944647129824
RF_AE_ECFP    :RMSD: 1.122176, P: 0.652290, R^2: 0.372143
RF_BET_ECFP的BA值    ：-10.87412750614393
RF_BET_ECFP    :RMSD: 1.116481, P: 0.648664, R^2: 0.378500
RF_AE_BET_ECFP的BA值    ：-10.921934742728263
RF_AE_BET_ECFP    :RMSD: 1.136161, P: 0.644657, R^2: 0.356396
fold= 8
>>>>>>>>>>>>>training.............
###############################################RF#####################################################
RF_BET的BA值：-11.673905716783304
RF_BET:RMSD: 1.052228, P: 0.614713, R^2: 0.350650
RF_AE的BA值 ：-11.048338874867593
RF_AE :RMSD: 1.057420, P: 0.639860, R^2: 0.344226
RF_ECFP的BA值 ：-12.032414733704787
RF_ECFP :RMSD: 0.934322, P: 0.700027, R^2: 0.488022
RF_AE_BET的BA值    ：-11.280545964649226
RF_AE_BET    :RMSD: 1.043620, P: 0.648142, R^2: 0.361232
RF_AE_ECFP的BA值    ：-11.459800473109969
RF_AE_ECFP    :RMSD: 0.958209, P: 0.712328, R^2: 0.461508
RF_BET_ECFP的BA值    ：-11.853160225244046
RF_BET_ECFP    :RMSD: 0.959877, P: 0.699296, R^2: 0.459632
RF_AE_BET_ECFP的BA值    ：-11.531168887667747
RF_AE_BET_ECFP    :RMSD: 0.978457, P: 0.701598, R^2: 0.438510
fold= 9
>>>>>>>>>>>>>training.............
###############################################RF#####################################################
RF_BET的BA值：-11.622587652250232
RF_BET:RMSD: 1.111726, P: 0.638223, R^2: 0.366423
RF_AE的BA值 ：-11.332156344247739
RF_AE :RMSD: 1.179260, P: 0.579714, R^2: 0.287110
RF_ECFP的BA值 ：-11.994785112642559
RF_ECFP :RMSD: 1.079804, P: 0.655055, R^2: 0.402287
RF_AE_BET的BA值    ：-11.26918879691394
RF_AE_BET    :RMSD: 1.134867, P: 0.631824, R^2: 0.339773
RF_AE_ECFP的BA值    ：-11.455287527110105
RF_AE_ECFP    :RMSD: 1.101800, P: 0.659432, R^2: 0.377687
RF_BET_ECFP的BA值    ：-11.808686382446396
RF_BET_ECFP    :RMSD: 1.072829, P: 0.679023, R^2: 0.409983
RF_AE_BET_ECFP的BA值    ：-11.511054235490148
RF_AE_BET_ECFP    :RMSD: 1.096400, P: 0.669545, R^2: 0.383772
fold= 10
>>>>>>>>>>>>>training.............
###############################################RF#####################################################
RF_BET的BA值：-11.709252226230335
RF_BET:RMSD: 1.050036, P: 0.694212, R^2: 0.451641
RF_AE的BA值 ：-11.556244467042855
RF_AE :RMSD: 1.059200, P: 0.709976, R^2: 0.442028
RF_ECFP的BA值 ：-11.988827275455778
RF_ECFP :RMSD: 0.968202, P: 0.739261, R^2: 0.533782
RF_AE_BET的BA值    ：-11.53580907299093
RF_AE_BET    :RMSD: 1.047383, P: 0.711105, R^2: 0.454408
RF_AE_ECFP的BA值    ：-11.644266578744242
RF_AE_ECFP    :RMSD: 0.985367, P: 0.755039, R^2: 0.517105
RF_BET_ECFP的BA值    ：-11.849039750843056
RF_BET_ECFP    :RMSD: 0.983993, P: 0.745169, R^2: 0.518451
RF_AE_BET_ECFP的BA值    ：-11.665928461239607
RF_AE_BET_ECFP    :RMSD: 0.999050, P: 0.746232, R^2: 0.503600
@@@@@@@@@@@@@@@@@@@@@@@@@@@@@@@@@@@@@@@@@@@最终结果@@@@@@@@@@@@@@@@@@@@@@@@@@@@@@@@@@@@@@@@@@@@@@@@@@
@@@@@@@@@@@@@@@@@@@@@@@@@@@@@@@@@@@@@@@@@@@最终结果@@@@@@@@@@@@@@@@@@@@@@@@@@@@@@@@@@@@@@@@@@@@@@@@@@
%%%%%%%%%%%%%%%%%%%%%%%%%%%%%%%%%%%%%%%%%%%RF%%%%%%%%%%%%%%%%%%%%%%%%%%%%%%%%%%%%%%%%%%%%%%%%%%%%%%
RF_BET:0-th Final RMSD: 1.112101, Final P: 0.625978, Final R^2: 0.364323
RF_AE :0-th Final RMSD: 1.136171, Final P: 0.619028, Final R^2: 0.336508
RF_ECFP :0-th Final RMSD: 1.076901, Final P: 0.639870, Final R^2: 0.403926
RF_AE_BET    :0-th Final RMSD: 1.115767, Final P: 0.637446, Final R^2: 0.360125
RF_AE_ECFP    :0-th Final RMSD: 1.081031, Final P: 0.662663, Final R^2: 0.399346
RF_BET_ECFP    :0-th Final RMSD: 1.073766, Final P: 0.659574, Final R^2: 0.407392
RF_AE_BET_ECFP    :0-th Final RMSD: 1.084168, Final P: 0.663213, Final R^2: 0.395855
0-th RF_AE的BA值 ：-11.556244
0-th RF_BET的BA值：-11.781452
0-th RF_ECFP的BA值 ：-12.032415
0-th RF_AE_BET的BA值：-11.535809
0-th RF_AE_ECFP的BA值    ：-11.644267
0-th RF_BET_ECFP的BA值    ：-11.882579
0-th RF_AE_BET_ECFP的BA值    ：-11.665928
total time: 6.851215575801001 h
