size of data: (192,)
size of train size: 153
RF parameter
Namespace(n_estimators=10000, dataset='CHEMBL2717', max_depth=7, min_samples_split=3, min_samples_leaf=1, criterion='mse', random_seed=0)
fold= 1
>>>>>>>>>>>>>training.............
###############################################RF#####################################################
RF_BET的BA值：-10.95824250380351
RF_BET:RMSD: 0.669147, P: 0.761556, R^2: 0.545795
RF_AE的BA值 ：-10.66556662138957
RF_AE :RMSD: 0.579006, P: 0.854229, R^2: 0.659925
RF_ECFP的BA值 ：-10.935728209790808
RF_ECFP :RMSD: 0.777651, P: 0.661291, R^2: 0.386551
RF_AE_BET的BA值    ：-10.811904562596538
RF_AE_BET    :RMSD: 0.591743, P: 0.823443, R^2: 0.644799
RF_AE_ECFP的BA值    ：-10.800647415590188
RF_AE_ECFP    :RMSD: 0.620961, P: 0.790246, R^2: 0.608855
RF_BET_ECFP的BA值    ：-10.946985356797159
RF_BET_ECFP    :RMSD: 0.705920, P: 0.723251, R^2: 0.494502
RF_AE_BET_ECFP的BA值    ：-10.853179111661296
RF_AE_BET_ECFP    :RMSD: 0.627920, P: 0.784832, R^2: 0.600039
fold= 2
>>>>>>>>>>>>>training.............
###############################################RF#####################################################
RF_BET的BA值：-11.123004417309168
RF_BET:RMSD: 1.216155, P: 0.799524, R^2: 0.577905
RF_AE的BA值 ：-10.178432093068022
RF_AE :RMSD: 1.404305, P: 0.766045, R^2: 0.437199
RF_ECFP的BA值 ：-11.394625242346375
RF_ECFP :RMSD: 1.230070, P: 0.766253, R^2: 0.568191
RF_AE_BET的BA值    ：-10.584187110754886
RF_AE_BET    :RMSD: 1.295091, P: 0.791632, R^2: 0.521334
RF_AE_ECFP的BA值    ：-10.786528667707199
RF_AE_ECFP    :RMSD: 1.284112, P: 0.774928, R^2: 0.529415
RF_BET_ECFP的BA值    ：-11.249119066842166
RF_BET_ECFP    :RMSD: 1.205695, P: 0.786077, R^2: 0.585135
RF_AE_BET_ECFP的BA值    ：-10.847869312628312
RF_AE_BET_ECFP    :RMSD: 1.254124, P: 0.786281, R^2: 0.551138
fold= 3
>>>>>>>>>>>>>training.............
###############################################RF#####################################################
RF_BET的BA值：-10.276234354057193
RF_BET:RMSD: 0.946387, P: 0.772057, R^2: 0.527678
RF_AE的BA值 ：-10.451218862798823
RF_AE :RMSD: 1.170619, P: 0.549749, R^2: 0.277344
RF_ECFP的BA值 ：-10.62831656229892
RF_ECFP :RMSD: 0.997891, P: 0.699538, R^2: 0.474870
RF_AE_BET的BA值    ：-10.363726608428008
RF_AE_BET    :RMSD: 1.045583, P: 0.695339, R^2: 0.423476
RF_AE_ECFP的BA值    ：-10.539767712548873
RF_AE_ECFP    :RMSD: 1.069744, P: 0.644103, R^2: 0.396523
RF_BET_ECFP的BA值    ：-10.452275458178057
RF_BET_ECFP    :RMSD: 0.954967, P: 0.749859, R^2: 0.519075
RF_AE_BET_ECFP的BA值    ：-10.451923259718313
RF_AE_BET_ECFP    :RMSD: 1.018520, P: 0.703402, R^2: 0.452934
fold= 4
>>>>>>>>>>>>>training.............
###############################################RF#####################################################
RF_BET的BA值：-11.184628235044125
RF_BET:RMSD: 0.809625, P: 0.858004, R^2: 0.659786
RF_AE的BA值 ：-10.224302402041205
RF_AE :RMSD: 0.885435, P: 0.822273, R^2: 0.593091
RF_ECFP的BA值 ：-12.017519371410563
RF_ECFP :RMSD: 0.723999, P: 0.875612, R^2: 0.727943
RF_AE_BET的BA值    ：-10.65729487538208
RF_AE_BET    :RMSD: 0.817807, P: 0.855989, R^2: 0.652874
RF_AE_ECFP的BA值    ：-11.120910886725884
RF_AE_ECFP    :RMSD: 0.738556, P: 0.871921, R^2: 0.716893
RF_BET_ECFP的BA值    ：-11.543005845792596
RF_BET_ECFP    :RMSD: 0.734836, P: 0.877802, R^2: 0.719737
RF_AE_BET_ECFP的BA值    ：-11.103438031208798
RF_AE_BET_ECFP    :RMSD: 0.749323, P: 0.873934, R^2: 0.708577
fold= 5
>>>>>>>>>>>>>training.............
###############################################RF#####################################################
RF_BET的BA值：-11.49364728975053
RF_BET:RMSD: 1.256752, P: 0.605419, R^2: 0.344229
RF_AE的BA值 ：-9.88300795391149
RF_AE :RMSD: 1.276180, P: 0.672007, R^2: 0.323797
RF_ECFP的BA值 ：-12.082760812353436
RF_ECFP :RMSD: 1.262365, P: 0.624938, R^2: 0.338359
RF_AE_BET的BA值    ：-10.68832762183101
RF_AE_BET    :RMSD: 1.232492, P: 0.638438, R^2: 0.369303
RF_AE_ECFP的BA值    ：-10.982884383132463
RF_AE_ECFP    :RMSD: 1.221302, P: 0.652285, R^2: 0.380703
RF_BET_ECFP的BA值    ：-11.788204051051984
RF_BET_ECFP    :RMSD: 1.252698, P: 0.618416, R^2: 0.348453
RF_AE_BET_ECFP的BA值    ：-11.153138685338485
RF_AE_BET_ECFP    :RMSD: 1.225554, P: 0.636820, R^2: 0.376383
fold= 6
>>>>>>>>>>>>>training.............
###############################################RF#####################################################
RF_BET的BA值：-10.736990125697881
RF_BET:RMSD: 0.932661, P: 0.763646, R^2: 0.549417
RF_AE的BA值 ：-10.791796157659958
RF_AE :RMSD: 0.912714, P: 0.762967, R^2: 0.568484
RF_ECFP的BA值 ：-10.82633391585529
RF_ECFP :RMSD: 0.807456, P: 0.818571, R^2: 0.662274
RF_AE_BET的BA值    ：-10.746256223778552
RF_AE_BET    :RMSD: 0.906492, P: 0.775369, R^2: 0.574348
RF_AE_ECFP的BA值    ：-10.790928118857257
RF_AE_ECFP    :RMSD: 0.848321, P: 0.796181, R^2: 0.627225
RF_BET_ECFP的BA值    ：-10.781662020776587
RF_BET_ECFP    :RMSD: 0.838562, P: 0.812529, R^2: 0.635752
RF_AE_BET_ECFP的BA值    ：-10.772948787804133
RF_AE_BET_ECFP    :RMSD: 0.857863, P: 0.798589, R^2: 0.618791
fold= 7
>>>>>>>>>>>>>training.............
###############################################RF#####################################################
RF_BET的BA值：-10.941368811051179
RF_BET:RMSD: 0.762178, P: 0.876727, R^2: 0.713526
RF_AE的BA值 ：-10.033452844307952
RF_AE :RMSD: 0.951330, P: 0.817735, R^2: 0.553691
RF_ECFP的BA值 ：-10.956598966859529
RF_ECFP :RMSD: 0.678691, P: 0.896029, R^2: 0.772848
RF_AE_BET的BA值    ：-10.446831997007365
RF_AE_BET    :RMSD: 0.845354, P: 0.860711, R^2: 0.647588
RF_AE_ECFP的BA值    ：-10.454447074911542
RF_AE_ECFP    :RMSD: 0.779947, P: 0.889716, R^2: 0.700012
RF_BET_ECFP的BA值    ：-10.948983888955354
RF_BET_ECFP    :RMSD: 0.692548, P: 0.904125, R^2: 0.763478
RF_AE_BET_ECFP的BA值    ：-10.61675432029142
RF_AE_BET_ECFP    :RMSD: 0.764758, P: 0.892423, R^2: 0.711583
fold= 8
>>>>>>>>>>>>>training.............
###############################################RF#####################################################
RF_BET的BA值：-11.117099100095446
RF_BET:RMSD: 1.207927, P: 0.615415, R^2: 0.372583
RF_AE的BA值 ：-11.212513973891925
RF_AE :RMSD: 1.256911, P: 0.572169, R^2: 0.320666
RF_ECFP的BA值 ：-11.02268039274775
RF_ECFP :RMSD: 1.174388, P: 0.653667, R^2: 0.406941
RF_AE_BET的BA值    ：-11.164806536993686
RF_AE_BET    :RMSD: 1.217792, P: 0.604530, R^2: 0.362294
RF_AE_ECFP的BA值    ：-11.117597183319837
RF_AE_ECFP    :RMSD: 1.194825, P: 0.625958, R^2: 0.386120
RF_BET_ECFP的BA值    ：-11.069889746421598
RF_BET_ECFP    :RMSD: 1.174045, P: 0.645666, R^2: 0.407287
RF_AE_BET_ECFP的BA值    ：-11.117431155578373
RF_AE_BET_ECFP    :RMSD: 1.189674, P: 0.629384, R^2: 0.391401
fold= 9
>>>>>>>>>>>>>training.............
###############################################RF#####################################################
RF_BET的BA值：-10.730810666381624
RF_BET:RMSD: 0.777451, P: 0.722153, R^2: 0.521187
RF_AE的BA值 ：-10.058207733614696
RF_AE :RMSD: 0.881897, P: 0.637456, R^2: 0.383893
RF_ECFP的BA值 ：-10.854564688242943
RF_ECFP :RMSD: 0.719414, P: 0.772597, R^2: 0.590006
RF_AE_BET的BA值    ：-10.39450919999816
RF_AE_BET    :RMSD: 0.800889, P: 0.711133, R^2: 0.491883
RF_AE_ECFP的BA值    ：-10.45638621092882
RF_AE_ECFP    :RMSD: 0.787674, P: 0.726676, R^2: 0.508512
RF_BET_ECFP的BA值    ：-10.792687677312284
RF_BET_ECFP    :RMSD: 0.709338, P: 0.782135, R^2: 0.601410
RF_AE_BET_ECFP的BA值    ：-10.547861029413086
RF_AE_BET_ECFP    :RMSD: 0.757211, P: 0.751052, R^2: 0.545793
fold= 10
>>>>>>>>>>>>>training.............
###############################################RF#####################################################
RF_BET的BA值：-9.720534021815082
RF_BET:RMSD: 1.028053, P: 0.575084, R^2: 0.303831
RF_AE的BA值 ：-11.158634206303573
RF_AE :RMSD: 1.138096, P: 0.441090, R^2: 0.146818
RF_ECFP的BA值 ：-10.994608634587296
RF_ECFP :RMSD: 0.874533, P: 0.710875, R^2: 0.496226
RF_AE_BET的BA值    ：-10.201318036676145
RF_AE_BET    :RMSD: 1.045380, P: 0.534911, R^2: 0.280166
RF_AE_ECFP的BA值    ：-11.076621420445434
RF_AE_ECFP    :RMSD: 0.992712, P: 0.598156, R^2: 0.350872
RF_BET_ECFP的BA值    ：-10.119305250818007
RF_BET_ECFP    :RMSD: 0.909129, P: 0.690927, R^2: 0.455579
RF_AE_BET_ECFP的BA值    ：-10.465748235979861
RF_AE_BET_ECFP    :RMSD: 0.971956, P: 0.618799, R^2: 0.377732
@@@@@@@@@@@@@@@@@@@@@@@@@@@@@@@@@@@@@@@@@@@最终结果@@@@@@@@@@@@@@@@@@@@@@@@@@@@@@@@@@@@@@@@@@@@@@@@@@
@@@@@@@@@@@@@@@@@@@@@@@@@@@@@@@@@@@@@@@@@@@最终结果@@@@@@@@@@@@@@@@@@@@@@@@@@@@@@@@@@@@@@@@@@@@@@@@@@
%%%%%%%%%%%%%%%%%%%%%%%%%%%%%%%%%%%%%%%%%%%RF%%%%%%%%%%%%%%%%%%%%%%%%%%%%%%%%%%%%%%%%%%%%%%%%%%%%%%
RF_BET:0-th Final RMSD: 0.981254, Final P: 0.724335, Final R^2: 0.519834
RF_AE :0-th Final RMSD: 1.071531, Final P: 0.662407, Final R^2: 0.427418
RF_ECFP :0-th Final RMSD: 0.949842, Final P: 0.744095, Final R^2: 0.550084
RF_AE_BET    :0-th Final RMSD: 1.003140, Final P: 0.717736, Final R^2: 0.498176
RF_AE_ECFP    :0-th Final RMSD: 0.978959, Final P: 0.730405, Final R^2: 0.522077
RF_BET_ECFP    :0-th Final RMSD: 0.941988, Final P: 0.750075, Final R^2: 0.557493
RF_AE_BET_ECFP    :0-th Final RMSD: 0.965789, Final P: 0.740215, Final R^2: 0.534850
0-th RF_AE的BA值 ：-11.212514
0-th RF_BET的BA值：-11.493647
0-th RF_ECFP的BA值 ：-12.082761
0-th RF_AE_BET的BA值：-11.164807
0-th RF_AE_ECFP的BA值    ：-11.120911
0-th RF_BET_ECFP的BA值    ：-11.788204
0-th RF_AE_BET_ECFP的BA值    ：-11.153139
total time: 1.1503115785121918 h
