size of data: (330,)
size of train size: 264
RF parameter
Namespace(n_estimators=10000, dataset='CHEMBL2424504', max_depth=7, min_samples_split=3, min_samples_leaf=1, criterion='mse', random_seed=0)
fold= 1
>>>>>>>>>>>>>training.............
###############################################RF#####################################################
RF_BET的BA值：-10.793382417212843
RF_BET:RMSD: 1.015491, P: 0.835228, R^2: 0.643262
RF_AE的BA值 ：-10.852423683701112
RF_AE :RMSD: 1.034452, P: 0.805204, R^2: 0.629816
RF_ECFP的BA值 ：-11.071274633888224
RF_ECFP :RMSD: 0.784828, P: 0.895265, R^2: 0.786918
RF_AE_BET的BA值    ：-10.822903050456977
RF_AE_BET    :RMSD: 0.999558, P: 0.836317, R^2: 0.654369
RF_AE_ECFP的BA值    ：-10.940768789458588
RF_AE_ECFP    :RMSD: 0.850389, P: 0.882747, R^2: 0.749832
RF_BET_ECFP的BA值    ：-10.909059306210345
RF_BET_ECFP    :RMSD: 0.856415, P: 0.885127, R^2: 0.746274
RF_AE_BET_ECFP的BA值    ：-10.888081195097657
RF_AE_BET_ECFP    :RMSD: 0.888546, P: 0.876739, R^2: 0.726878
fold= 2
>>>>>>>>>>>>>training.............
###############################################RF#####################################################
RF_BET的BA值：-11.006211806989931
RF_BET:RMSD: 1.396726, P: 0.633942, R^2: 0.396743
RF_AE的BA值 ：-10.565854597493567
RF_AE :RMSD: 1.161947, P: 0.827645, R^2: 0.582504
RF_ECFP的BA值 ：-11.171199552566696
RF_ECFP :RMSD: 1.049239, P: 0.814748, R^2: 0.659569
RF_AE_BET的BA值    ：-10.742210785155535
RF_AE_BET    :RMSD: 1.250506, P: 0.752093, R^2: 0.516439
RF_AE_ECFP的BA值    ：-10.787008685788548
RF_AE_ECFP    :RMSD: 1.044046, P: 0.841226, R^2: 0.662931
RF_BET_ECFP的BA值    ：-11.087562926765676
RF_BET_ECFP    :RMSD: 1.185604, P: 0.758212, R^2: 0.565330
RF_AE_BET_ECFP的BA值    ：-10.830861448131534
RF_AE_BET_ECFP    :RMSD: 1.146781, P: 0.793268, R^2: 0.593331
fold= 3
>>>>>>>>>>>>>training.............
###############################################RF#####################################################
RF_BET的BA值：-10.979929683684915
RF_BET:RMSD: 0.835977, P: 0.828974, R^2: 0.662164
RF_AE的BA值 ：-11.11736620944017
RF_AE :RMSD: 1.001510, P: 0.726158, R^2: 0.515127
RF_ECFP的BA值 ：-11.163445002303828
RF_ECFP :RMSD: 0.778572, P: 0.841146, R^2: 0.706968
RF_AE_BET的BA值    ：-11.033499928674757
RF_AE_BET    :RMSD: 0.892242, P: 0.798046, R^2: 0.615158
RF_AE_ECFP的BA值    ：-11.12600290483702
RF_AE_ECFP    :RMSD: 0.835318, P: 0.818230, R^2: 0.662696
RF_BET_ECFP的BA值    ：-11.049951615664122
RF_BET_ECFP    :RMSD: 0.776047, P: 0.847245, R^2: 0.708865
RF_AE_BET_ECFP的BA值    ：-11.067213152527794
RF_AE_BET_ECFP    :RMSD: 0.821675, P: 0.829401, R^2: 0.673624
fold= 4
>>>>>>>>>>>>>training.............
###############################################RF#####################################################
RF_BET的BA值：-10.925075081090057
RF_BET:RMSD: 1.200231, P: 0.631166, R^2: 0.396481
RF_AE的BA值 ：-10.976694541979494
RF_AE :RMSD: 1.237789, P: 0.605289, R^2: 0.358119
RF_ECFP的BA值 ：-11.274250177610917
RF_ECFP :RMSD: 1.264671, P: 0.609052, R^2: 0.329936
RF_AE_BET的BA值    ：-10.950884811534776
RF_AE_BET    :RMSD: 1.198787, P: 0.630978, R^2: 0.397932
RF_AE_ECFP的BA值    ：-11.045629336227089
RF_AE_ECFP    :RMSD: 1.214069, P: 0.624932, R^2: 0.382484
RF_BET_ECFP的BA值    ：-11.029921432603702
RF_BET_ECFP    :RMSD: 1.204123, P: 0.634337, R^2: 0.392560
RF_AE_BET_ECFP的BA值    ：-11.005444584514743
RF_AE_BET_ECFP    :RMSD: 1.195910, P: 0.635559, R^2: 0.400819
fold= 5
>>>>>>>>>>>>>training.............
###############################################RF#####################################################
RF_BET的BA值：-11.09117122140455
RF_BET:RMSD: 1.171745, P: 0.417438, R^2: -0.573317
RF_AE的BA值 ：-10.930772738164428
RF_AE :RMSD: 1.110745, P: 0.394909, R^2: -0.413770
RF_ECFP的BA值 ：-11.163916673119704
RF_ECFP :RMSD: 1.148364, P: 0.340475, R^2: -0.511155
RF_AE_BET的BA值    ：-11.01097197978449
RF_AE_BET    :RMSD: 1.125884, P: 0.414766, R^2: -0.452571
RF_AE_ECFP的BA值    ：-11.047344705642066
RF_AE_ECFP    :RMSD: 1.115249, P: 0.374410, R^2: -0.425260
RF_BET_ECFP的BA值    ：-11.127543947262128
RF_BET_ECFP    :RMSD: 1.144217, P: 0.386332, R^2: -0.500262
RF_AE_BET_ECFP的BA值    ：-11.061953544229562
RF_AE_BET_ECFP    :RMSD: 1.123340, P: 0.394448, R^2: -0.446014
fold= 6
>>>>>>>>>>>>>training.............
###############################################RF#####################################################
RF_BET的BA值：-10.320047389552267
RF_BET:RMSD: 0.784719, P: 0.748533, R^2: 0.525506
RF_AE的BA值 ：-10.568188447306529
RF_AE :RMSD: 0.902873, P: 0.677493, R^2: 0.371862
RF_ECFP的BA值 ：-11.092868229301889
RF_ECFP :RMSD: 0.931872, P: 0.674697, R^2: 0.330863
RF_AE_BET的BA值    ：-10.444117918429399
RF_AE_BET    :RMSD: 0.817350, P: 0.729718, R^2: 0.485224
RF_AE_ECFP的BA值    ：-10.830528338304209
RF_AE_ECFP    :RMSD: 0.906015, P: 0.680807, R^2: 0.367482
RF_BET_ECFP的BA值    ：-10.706457809427079
RF_BET_ECFP    :RMSD: 0.818924, P: 0.729361, R^2: 0.483239
RF_AE_BET_ECFP的BA值    ：-10.660368022053563
RF_AE_BET_ECFP    :RMSD: 0.839239, P: 0.717013, R^2: 0.457283
fold= 7
>>>>>>>>>>>>>training.............
###############################################RF#####################################################
RF_BET的BA值：-11.044506322789555
RF_BET:RMSD: 1.030036, P: 0.828770, R^2: 0.616355
RF_AE的BA值 ：-10.977327058832397
RF_AE :RMSD: 1.018369, P: 0.816808, R^2: 0.624997
RF_ECFP的BA值 ：-11.166065212080909
RF_ECFP :RMSD: 0.980776, P: 0.826013, R^2: 0.652172
RF_AE_BET的BA值    ：-11.010916690810976
RF_AE_BET    :RMSD: 1.009481, P: 0.831133, R^2: 0.631515
RF_AE_ECFP的BA值    ：-11.068003696187215
RF_AE_ECFP    :RMSD: 0.976574, P: 0.831469, R^2: 0.655146
RF_BET_ECFP的BA值    ：-11.101593328165794
RF_BET_ECFP    :RMSD: 0.983618, P: 0.834064, R^2: 0.650154
RF_AE_BET_ECFP的BA值    ：-11.060171238387994
RF_AE_BET_ECFP    :RMSD: 0.983251, P: 0.835143, R^2: 0.650415
fold= 8
>>>>>>>>>>>>>training.............
###############################################RF#####################################################
RF_BET的BA值：-10.532012205397029
RF_BET:RMSD: 1.158901, P: 0.450713, R^2: 0.163084
RF_AE的BA值 ：-10.793798837576329
RF_AE :RMSD: 1.217310, P: 0.403313, R^2: 0.076595
RF_ECFP的BA值 ：-11.05083085483493
RF_ECFP :RMSD: 1.138697, P: 0.459774, R^2: 0.192010
RF_AE_BET的BA值    ：-10.662905521486678
RF_AE_BET    :RMSD: 1.147699, P: 0.461234, R^2: 0.179184
RF_AE_ECFP的BA值    ：-10.92231484620563
RF_AE_ECFP    :RMSD: 1.144016, P: 0.456800, R^2: 0.184444
RF_BET_ECFP的BA值    ：-10.79142153011598
RF_BET_ECFP    :RMSD: 1.111198, P: 0.491094, R^2: 0.230565
RF_AE_BET_ECFP的BA值    ：-10.792213965936094
RF_AE_BET_ECFP    :RMSD: 1.121579, P: 0.481575, R^2: 0.216120
fold= 9
>>>>>>>>>>>>>training.............
###############################################RF#####################################################
RF_BET的BA值：-10.711832959545895
RF_BET:RMSD: 0.885766, P: 0.936733, R^2: 0.733721
RF_AE的BA值 ：-10.665810752967918
RF_AE :RMSD: 0.873088, P: 0.931890, R^2: 0.741289
RF_ECFP的BA值 ：-11.005300834689274
RF_ECFP :RMSD: 0.759982, P: 0.931324, R^2: 0.803978
RF_AE_BET的BA值    ：-10.593740509994479
RF_AE_BET    :RMSD: 0.870788, P: 0.941342, R^2: 0.742651
RF_AE_ECFP的BA值    ：-10.835555793828597
RF_AE_ECFP    :RMSD: 0.799136, P: 0.940514, R^2: 0.783259
RF_BET_ECFP的BA值    ：-10.763485550855158
RF_BET_ECFP    :RMSD: 0.801107, P: 0.945579, R^2: 0.782189
RF_AE_BET_ECFP的BA值    ：-10.730927284892744
RF_AE_BET_ECFP    :RMSD: 0.818550, P: 0.945760, R^2: 0.772601
fold= 10
>>>>>>>>>>>>>training.............
###############################################RF#####################################################
RF_BET的BA值：-10.932116035287942
RF_BET:RMSD: 0.874970, P: 0.888166, R^2: 0.730929
RF_AE的BA值 ：-10.82415361182974
RF_AE :RMSD: 0.815520, P: 0.910891, R^2: 0.766251
RF_ECFP的BA值 ：-11.129689419291166
RF_ECFP :RMSD: 0.634836, P: 0.930626, R^2: 0.858354
RF_AE_BET的BA值    ：-10.878134823558842
RF_AE_BET    :RMSD: 0.832201, P: 0.907367, R^2: 0.756591
RF_AE_ECFP的BA值    ：-10.975043430707405
RF_AE_ECFP    :RMSD: 0.685860, P: 0.930117, R^2: 0.834670
RF_BET_ECFP的BA值    ：-11.029024642436507
RF_BET_ECFP    :RMSD: 0.722454, P: 0.920213, R^2: 0.816557
RF_AE_BET_ECFP的BA值    ：-10.960734298900917
RF_AE_BET_ECFP    :RMSD: 0.738312, P: 0.922538, R^2: 0.808415
@@@@@@@@@@@@@@@@@@@@@@@@@@@@@@@@@@@@@@@@@@@最终结果@@@@@@@@@@@@@@@@@@@@@@@@@@@@@@@@@@@@@@@@@@@@@@@@@@
@@@@@@@@@@@@@@@@@@@@@@@@@@@@@@@@@@@@@@@@@@@最终结果@@@@@@@@@@@@@@@@@@@@@@@@@@@@@@@@@@@@@@@@@@@@@@@@@@
%%%%%%%%%%%%%%%%%%%%%%%%%%%%%%%%%%%%%%%%%%%RF%%%%%%%%%%%%%%%%%%%%%%%%%%%%%%%%%%%%%%%%%%%%%%%%%%%%%%
RF_BET:0-th Final RMSD: 1.051876, Final P: 0.734688, Final R^2: 0.531371
RF_AE :0-th Final RMSD: 1.046449, Final P: 0.736228, Final R^2: 0.536194
RF_ECFP :0-th Final RMSD: 0.966886, Final P: 0.777684, Final R^2: 0.604040
RF_AE_BET    :0-th Final RMSD: 1.025614, Final P: 0.753249, Final R^2: 0.554479
RF_AE_ECFP    :0-th Final RMSD: 0.970621, Final P: 0.777631, Final R^2: 0.600976
RF_BET_ECFP    :0-th Final RMSD: 0.976581, Final P: 0.775205, Final R^2: 0.596060
RF_AE_BET_ECFP    :0-th Final RMSD: 0.980614, Final P: 0.775492, Final R^2: 0.592717
0-th RF_AE的BA值 ：-11.117366
0-th RF_BET的BA值：-11.091171
0-th RF_ECFP的BA值 ：-11.274250
0-th RF_AE_BET的BA值：-11.033500
0-th RF_AE_ECFP的BA值    ：-11.126003
0-th RF_BET_ECFP的BA值    ：-11.127544
0-th RF_AE_BET_ECFP的BA值    ：-11.067213
total time: 2.0830570123593013 h
