size of data: (4601,)
size of train size: 3680
RF parameter
Namespace(n_estimators=10000, dataset='CHEMBL2147', max_depth=8, min_samples_split=4, min_samples_leaf=2, criterion='mse', random_seed=0)
fold= 1
>>>>>>>>>>>>>training.............
###############################################RF#####################################################
RF_BET的BA值：-14.095156419757341
RF_BET:RMSD: 1.092704, P: 0.872362, R^2: 0.749177
RF_AE的BA值 ：-13.885795800803473
RF_AE :RMSD: 1.192291, P: 0.840163, R^2: 0.701374
RF_ECFP的BA值 ：-14.752384660611904
RF_ECFP :RMSD: 1.099311, P: 0.864182, R^2: 0.746134
RF_AE_BET的BA值    ：-13.962213243768804
RF_AE_BET    :RMSD: 1.101119, P: 0.870971, R^2: 0.745298
RF_AE_ECFP的BA值    ：-14.181695494036017
RF_AE_ECFP    :RMSD: 1.073461, P: 0.874796, R^2: 0.757933
RF_BET_ECFP的BA值    ：-14.267361022055864
RF_BET_ECFP    :RMSD: 1.046061, P: 0.882307, R^2: 0.770133
RF_AE_BET_ECFP的BA值    ：-14.121330703963999
RF_AE_BET_ECFP    :RMSD: 1.054728, P: 0.882094, R^2: 0.766308
fold= 2
>>>>>>>>>>>>>training.............
###############################################RF#####################################################
RF_BET的BA值：-14.252114256455162
RF_BET:RMSD: 1.117763, P: 0.865444, R^2: 0.735108
RF_AE的BA值 ：-14.132195877599276
RF_AE :RMSD: 1.322885, P: 0.804850, R^2: 0.628965
RF_ECFP的BA值 ：-14.747508398550476
RF_ECFP :RMSD: 1.070955, P: 0.872722, R^2: 0.756828
RF_AE_BET的BA值    ：-14.192155067027219
RF_AE_BET    :RMSD: 1.154199, P: 0.861663, R^2: 0.717556
RF_AE_ECFP的BA值    ：-14.439852138074876
RF_AE_ECFP    :RMSD: 1.113739, P: 0.870238, R^2: 0.737011
RF_BET_ECFP的BA值    ：-14.499811327502819
RF_BET_ECFP    :RMSD: 1.051694, P: 0.883072, R^2: 0.765497
RF_AE_BET_ECFP的BA值    ：-14.377272844201636
RF_AE_BET_ECFP    :RMSD: 1.083628, P: 0.879952, R^2: 0.751040
fold= 3
>>>>>>>>>>>>>training.............
###############################################RF#####################################################
RF_BET的BA值：-14.141534700836882
RF_BET:RMSD: 1.132550, P: 0.873986, R^2: 0.744933
RF_AE的BA值 ：-13.849815768216438
RF_AE :RMSD: 1.326124, P: 0.819235, R^2: 0.650290
RF_ECFP的BA值 ：-14.67509727523857
RF_ECFP :RMSD: 1.027258, P: 0.892309, R^2: 0.790155
RF_AE_BET的BA值    ：-13.99567523452666
RF_AE_BET    :RMSD: 1.182839, P: 0.866228, R^2: 0.721778
RF_AE_ECFP的BA值    ：-14.173750539343207
RF_AE_ECFP    :RMSD: 1.098919, P: 0.885445, R^2: 0.759856
RF_BET_ECFP的BA值    ：-14.273835382075635
RF_BET_ECFP    :RMSD: 1.032603, P: 0.897473, R^2: 0.787965
RF_AE_BET_ECFP的BA值    ：-14.119769431145421
RF_AE_BET_ECFP    :RMSD: 1.085023, P: 0.890403, R^2: 0.765891
fold= 4
>>>>>>>>>>>>>training.............
###############################################RF#####################################################
RF_BET的BA值：-14.08868496220887
RF_BET:RMSD: 1.101861, P: 0.874816, R^2: 0.747017
RF_AE的BA值 ：-12.34482342365433
RF_AE :RMSD: 1.902925, P: 0.685624, R^2: 0.245462
RF_ECFP的BA值 ：-14.601765497812657
RF_ECFP :RMSD: 1.009789, P: 0.891539, R^2: 0.787529
RF_AE_BET的BA值    ：-12.755736115664718
RF_AE_BET    :RMSD: 1.364001, P: 0.871797, R^2: 0.612326
RF_AE_ECFP的BA值    ：-13.028383646457655
RF_AE_ECFP    :RMSD: 1.307387, P: 0.886896, R^2: 0.643839
RF_BET_ECFP的BA值    ：-14.345225230010763
RF_BET_ECFP    :RMSD: 1.010327, P: 0.897734, R^2: 0.787303
RF_AE_BET_ECFP的BA值    ：-13.142938298378846
RF_AE_BET_ECFP    :RMSD: 1.178850, P: 0.899062, R^2: 0.710429
fold= 5
>>>>>>>>>>>>>training.............
###############################################RF#####################################################
RF_BET的BA值：-14.117358289269093
RF_BET:RMSD: 1.149998, P: 0.861915, R^2: 0.729466
RF_AE的BA值 ：-13.817892352470581
RF_AE :RMSD: 1.247609, P: 0.831203, R^2: 0.681591
RF_ECFP的BA值 ：-14.659257202597288
RF_ECFP :RMSD: 1.114773, P: 0.864843, R^2: 0.745785
RF_AE_BET的BA值    ：-13.939575221465844
RF_AE_BET    :RMSD: 1.151164, P: 0.864146, R^2: 0.728917
RF_AE_ECFP的BA值    ：-14.159560995615717
RF_AE_ECFP    :RMSD: 1.098933, P: 0.875413, R^2: 0.752958
RF_BET_ECFP的BA值    ：-14.38830774593319
RF_BET_ECFP    :RMSD: 1.079667, P: 0.879474, R^2: 0.761545
RF_AE_BET_ECFP的BA值    ：-14.12679336056418
RF_AE_BET_ECFP    :RMSD: 1.088950, P: 0.880211, R^2: 0.757426
fold= 6
>>>>>>>>>>>>>training.............
###############################################RF#####################################################
RF_BET的BA值：-14.093261141850135
RF_BET:RMSD: 1.071245, P: 0.877921, R^2: 0.753414
RF_AE的BA值 ：-14.061874962649364
RF_AE :RMSD: 1.274374, P: 0.810694, R^2: 0.651033
RF_ECFP的BA值 ：-14.7996782596897
RF_ECFP :RMSD: 1.091918, P: 0.862776, R^2: 0.743805
RF_AE_BET的BA值    ：-14.075943764043096
RF_AE_BET    :RMSD: 1.122991, P: 0.864396, R^2: 0.729016
RF_AE_ECFP的BA值    ：-14.387545866720972
RF_AE_ECFP    :RMSD: 1.109513, P: 0.862736, R^2: 0.735481
RF_BET_ECFP的BA值    ：-14.429477111785193
RF_BET_ECFP    :RMSD: 1.030259, P: 0.884858, R^2: 0.771922
RF_AE_BET_ECFP的BA值    ：-14.289450958430693
RF_AE_BET_ECFP    :RMSD: 1.067206, P: 0.877798, R^2: 0.755270
fold= 7
>>>>>>>>>>>>>training.............
###############################################RF#####################################################
RF_BET的BA值：-14.158640597525721
RF_BET:RMSD: 1.033420, P: 0.895007, R^2: 0.778750
RF_AE的BA值 ：-14.3559027620734
RF_AE :RMSD: 1.061459, P: 0.884557, R^2: 0.766582
RF_ECFP的BA值 ：-14.840200807606328
RF_ECFP :RMSD: 0.996757, P: 0.893897, R^2: 0.794171
RF_AE_BET的BA值    ：-14.257271679799562
RF_AE_BET    :RMSD: 1.007043, P: 0.903075, R^2: 0.789901
RF_AE_ECFP的BA值    ：-14.476820868308987
RF_AE_ECFP    :RMSD: 0.971313, P: 0.905906, R^2: 0.804545
RF_BET_ECFP的BA值    ：-14.446637333998519
RF_BET_ECFP    :RMSD: 0.967774, P: 0.907749, R^2: 0.805967
RF_AE_BET_ECFP的BA值    ：-14.370760778047897
RF_AE_BET_ECFP    :RMSD: 0.965431, P: 0.910610, R^2: 0.806905
fold= 8
>>>>>>>>>>>>>training.............
###############################################RF#####################################################
RF_BET的BA值：-14.22254694738529
RF_BET:RMSD: 1.127435, P: 0.868623, R^2: 0.737543
RF_AE的BA值 ：-14.063522928778106
RF_AE :RMSD: 1.279103, P: 0.823171, R^2: 0.662179
RF_ECFP的BA值 ：-14.587590736209965
RF_ECFP :RMSD: 1.076667, P: 0.873918, R^2: 0.760647
RF_AE_BET的BA值    ：-14.115686380412441
RF_AE_BET    :RMSD: 1.147381, P: 0.867803, R^2: 0.728174
RF_AE_ECFP的BA值    ：-14.298208274824777
RF_AE_ECFP    :RMSD: 1.095136, P: 0.877359, R^2: 0.752365
RF_BET_ECFP的BA值    ：-14.405068841797627
RF_BET_ECFP    :RMSD: 1.061867, P: 0.883262, R^2: 0.767182
RF_AE_BET_ECFP的BA值    ：-14.272987832344947
RF_AE_BET_ECFP    :RMSD: 1.080485, P: 0.883381, R^2: 0.758947
fold= 9
>>>>>>>>>>>>>training.............
###############################################RF#####################################################
RF_BET的BA值：-14.199414558924955
RF_BET:RMSD: 1.149877, P: 0.868189, R^2: 0.730988
RF_AE的BA值 ：-13.888637029007892
RF_AE :RMSD: 1.214095, P: 0.845742, R^2: 0.700102
RF_ECFP的BA值 ：-14.551944665187357
RF_ECFP :RMSD: 1.064697, P: 0.882163, R^2: 0.769368
RF_AE_BET的BA值    ：-14.02307773772905
RF_AE_BET    :RMSD: 1.132461, P: 0.876770, R^2: 0.739076
RF_AE_ECFP的BA值    ：-14.173624884657276
RF_AE_ECFP    :RMSD: 1.068352, P: 0.889840, R^2: 0.767781
RF_BET_ECFP的BA值    ：-14.375679612056157
RF_BET_ECFP    :RMSD: 1.060645, P: 0.891120, R^2: 0.771120
RF_AE_BET_ECFP的BA值    ：-14.168256071921585
RF_AE_BET_ECFP    :RMSD: 1.067990, P: 0.893122, R^2: 0.767939
fold= 10
>>>>>>>>>>>>>training.............
###############################################RF#####################################################
RF_BET的BA值：-14.189410915175884
RF_BET:RMSD: 1.160382, P: 0.848041, R^2: 0.709524
RF_AE的BA值 ：-13.871922438850275
RF_AE :RMSD: 1.212918, P: 0.829638, R^2: 0.682626
RF_ECFP的BA值 ：-14.63098653663728
RF_ECFP :RMSD: 1.035234, P: 0.877330, R^2: 0.768801
RF_AE_BET的BA值    ：-13.993977906037294
RF_AE_BET    :RMSD: 1.143219, P: 0.855529, R^2: 0.718053
RF_AE_ECFP的BA值    ：-14.214765716767992
RF_AE_ECFP    :RMSD: 1.053915, P: 0.877384, R^2: 0.760382
RF_BET_ECFP的BA值    ：-14.410198725906582
RF_BET_ECFP    :RMSD: 1.050964, P: 0.877533, R^2: 0.761721
RF_AE_BET_ECFP的BA值    ：-14.206314116237289
RF_AE_BET_ECFP    :RMSD: 1.064554, P: 0.876637, R^2: 0.755519
@@@@@@@@@@@@@@@@@@@@@@@@@@@@@@@@@@@@@@@@@@@最终结果@@@@@@@@@@@@@@@@@@@@@@@@@@@@@@@@@@@@@@@@@@@@@@@@@@
@@@@@@@@@@@@@@@@@@@@@@@@@@@@@@@@@@@@@@@@@@@最终结果@@@@@@@@@@@@@@@@@@@@@@@@@@@@@@@@@@@@@@@@@@@@@@@@@@
%%%%%%%%%%%%%%%%%%%%%%%%%%%%%%%%%%%%%%%%%%%RF%%%%%%%%%%%%%%%%%%%%%%%%%%%%%%%%%%%%%%%%%%%%%%%%%%%%%%
RF_BET:0-th Final RMSD: 1.114356, Final P: 0.870382, Final R^2: 0.741969
RF_AE :0-th Final RMSD: 1.320574, Final P: 0.801518, Final R^2: 0.637632
RF_ECFP :0-th Final RMSD: 1.059414, Final P: 0.877410, Final R^2: 0.766785
RF_AE_BET    :0-th Final RMSD: 1.153703, Final P: 0.863142, Final R^2: 0.723425
RF_AE_ECFP    :0-th Final RMSD: 1.101955, Final P: 0.873603, Final R^2: 0.747680
RF_BET_ECFP    :0-th Final RMSD: 1.039621, Final P: 0.888307, Final R^2: 0.775418
RF_AE_BET_ECFP    :0-th Final RMSD: 1.074788, Final P: 0.883788, Final R^2: 0.759967
0-th RF_AE的BA值 ：-14.355903
0-th RF_BET的BA值：-14.252114
0-th RF_ECFP的BA值 ：-14.840201
0-th RF_AE_BET的BA值：-14.257272
0-th RF_AE_ECFP的BA值    ：-14.476821
0-th RF_BET_ECFP的BA值    ：-14.499811
0-th RF_AE_BET_ECFP的BA值    ：-14.377273
total time: 44.86416207830111 h
