size of data: (490,)
size of train size: 392
RF parameter
Namespace(n_estimators=10000, dataset='CHEMBL2730', max_depth=7, min_samples_split=3, min_samples_leaf=1, criterion='mse', random_seed=0)
fold= 1
>>>>>>>>>>>>>training.............
###############################################RF#####################################################
RF_BET的BA值：-9.494798274924491
RF_BET:RMSD: 1.006941, P: 0.811336, R^2: 0.588232
RF_AE的BA值 ：-9.447470368727918
RF_AE :RMSD: 0.920795, P: 0.872844, R^2: 0.655674
RF_ECFP的BA值 ：-9.812615728675276
RF_ECFP :RMSD: 0.779879, P: 0.887151, R^2: 0.752998
RF_AE_BET的BA值    ：-9.374530207814194
RF_AE_BET    :RMSD: 0.951798, P: 0.856701, R^2: 0.632096
RF_AE_ECFP的BA值    ：-9.630043048701598
RF_AE_ECFP    :RMSD: 0.832999, P: 0.889806, R^2: 0.718204
RF_BET_ECFP的BA值    ：-9.507813656205101
RF_BET_ECFP    :RMSD: 0.879176, P: 0.864420, R^2: 0.686097
RF_AE_BET_ECFP的BA值    ：-9.47958909441717
RF_AE_BET_ECFP    :RMSD: 0.883240, P: 0.874630, R^2: 0.683187
fold= 2
>>>>>>>>>>>>>training.............
###############################################RF#####################################################
RF_BET的BA值：-9.404321150649588
RF_BET:RMSD: 0.933088, P: 0.731330, R^2: 0.495125
RF_AE的BA值 ：-9.493120811470733
RF_AE :RMSD: 0.938652, P: 0.753837, R^2: 0.489087
RF_ECFP的BA值 ：-9.747407176243337
RF_ECFP :RMSD: 0.872765, P: 0.773943, R^2: 0.558295
RF_AE_BET的BA值    ：-9.4113210502319
RF_AE_BET    :RMSD: 0.924972, P: 0.753046, R^2: 0.503870
RF_AE_ECFP的BA值    ：-9.620263993857035
RF_AE_ECFP    :RMSD: 0.890913, P: 0.775756, R^2: 0.539733
RF_BET_ECFP的BA值    ：-9.358104701617343
RF_BET_ECFP    :RMSD: 0.889676, P: 0.764201, R^2: 0.541011
RF_AE_BET_ECFP的BA值    ：-9.361099424008893
RF_AE_BET_ECFP    :RMSD: 0.897518, P: 0.768240, R^2: 0.532884
fold= 3
>>>>>>>>>>>>>training.............
###############################################RF#####################################################
RF_BET的BA值：-9.379519688632339
RF_BET:RMSD: 0.936480, P: 0.800751, R^2: 0.554238
RF_AE的BA值 ：-9.756042048420824
RF_AE :RMSD: 0.946266, P: 0.792732, R^2: 0.544873
RF_ECFP的BA值 ：-9.918089160441886
RF_ECFP :RMSD: 0.934325, P: 0.760753, R^2: 0.556287
RF_AE_BET的BA值    ：-9.556549321563619
RF_AE_BET    :RMSD: 0.933573, P: 0.806722, R^2: 0.557000
RF_AE_ECFP的BA值    ：-9.837065604431356
RF_AE_ECFP    :RMSD: 0.923969, P: 0.789463, R^2: 0.566069
RF_BET_ECFP的BA值    ：-9.63757287757415
RF_BET_ECFP    :RMSD: 0.920148, P: 0.792025, R^2: 0.569650
RF_AE_BET_ECFP的BA值    ：-9.677062601189709
RF_AE_BET_ECFP    :RMSD: 0.921498, P: 0.800138, R^2: 0.568386
fold= 4
>>>>>>>>>>>>>training.............
###############################################RF#####################################################
RF_BET的BA值：-9.6677080345267
RF_BET:RMSD: 0.862496, P: 0.709604, R^2: 0.496013
RF_AE的BA值 ：-9.542498515538124
RF_AE :RMSD: 0.891962, P: 0.688526, R^2: 0.460989
RF_ECFP的BA值 ：-9.59884397676417
RF_ECFP :RMSD: 0.915705, P: 0.667428, R^2: 0.431911
RF_AE_BET的BA值    ：-9.46216975311492
RF_AE_BET    :RMSD: 0.861515, P: 0.714560, R^2: 0.497159
RF_AE_ECFP的BA值    ：-9.54997748439428
RF_AE_ECFP    :RMSD: 0.871043, P: 0.700471, R^2: 0.485975
RF_BET_ECFP的BA值    ：-9.633276005645435
RF_BET_ECFP    :RMSD: 0.860239, P: 0.708529, R^2: 0.498648
RF_AE_BET_ECFP的BA值    ：-9.493931986493426
RF_AE_BET_ECFP    :RMSD: 0.855423, P: 0.715106, R^2: 0.504246
fold= 5
>>>>>>>>>>>>>training.............
###############################################RF#####################################################
RF_BET的BA值：-9.586581898671056
RF_BET:RMSD: 0.789741, P: 0.808770, R^2: 0.626337
RF_AE的BA值 ：-9.458138592261234
RF_AE :RMSD: 0.772478, P: 0.826351, R^2: 0.642493
RF_ECFP的BA值 ：-10.241766285224688
RF_ECFP :RMSD: 0.733121, P: 0.823965, R^2: 0.677995
RF_AE_BET的BA值    ：-9.522360245466146
RF_AE_BET    :RMSD: 0.767233, P: 0.829106, R^2: 0.647332
RF_AE_ECFP的BA值    ：-9.795424642089836
RF_AE_ECFP    :RMSD: 0.724028, P: 0.839563, R^2: 0.685933
RF_BET_ECFP的BA值    ：-9.847798554895178
RF_BET_ECFP    :RMSD: 0.726389, P: 0.837146, R^2: 0.683881
RF_AE_BET_ECFP的BA值    ：-9.717911900683864
RF_AE_BET_ECFP    :RMSD: 0.730611, P: 0.841162, R^2: 0.680196
fold= 6
>>>>>>>>>>>>>training.............
###############################################RF#####################################################
RF_BET的BA值：-9.76185240514544
RF_BET:RMSD: 1.081767, P: 0.597266, R^2: 0.274733
RF_AE的BA值 ：-9.456492047203477
RF_AE :RMSD: 1.178492, P: 0.464434, R^2: 0.139237
RF_ECFP的BA值 ：-9.94444036563366
RF_ECFP :RMSD: 1.049378, P: 0.616355, R^2: 0.317513
RF_AE_BET的BA值    ：-9.578395337463274
RF_AE_BET    :RMSD: 1.106183, P: 0.554499, R^2: 0.241623
RF_AE_ECFP的BA值    ：-9.657913275522507
RF_AE_ECFP    :RMSD: 1.090654, P: 0.564981, R^2: 0.262767
RF_BET_ECFP的BA值    ：-9.835313854200061
RF_BET_ECFP    :RMSD: 1.047725, P: 0.620317, R^2: 0.319662
RF_AE_BET_ECFP的BA值    ：-9.66763720775104
RF_AE_BET_ECFP    :RMSD: 1.074105, P: 0.587090, R^2: 0.284970
fold= 7
>>>>>>>>>>>>>training.............
###############################################RF#####################################################
RF_BET的BA值：-9.669025932133803
RF_BET:RMSD: 1.078129, P: 0.769038, R^2: 0.512141
RF_AE的BA值 ：-9.698994881921223
RF_AE :RMSD: 1.043400, P: 0.775610, R^2: 0.543065
RF_ECFP的BA值 ：-10.153934595638322
RF_ECFP :RMSD: 1.100585, P: 0.711628, R^2: 0.491607
RF_AE_BET的BA值    ：-9.596878750350829
RF_AE_BET    :RMSD: 1.042025, P: 0.794501, R^2: 0.544268
RF_AE_ECFP的BA值    ：-9.776949452713195
RF_AE_ECFP    :RMSD: 1.053038, P: 0.756647, R^2: 0.534585
RF_BET_ECFP的BA值    ：-9.717515766582537
RF_BET_ECFP    :RMSD: 1.063327, P: 0.758549, R^2: 0.525445
RF_AE_BET_ECFP的BA值    ：-9.68288717473561
RF_AE_BET_ECFP    :RMSD: 1.045581, P: 0.775862, R^2: 0.541153
fold= 8
>>>>>>>>>>>>>training.............
###############################################RF#####################################################
RF_BET的BA值：-9.87980328838391
RF_BET:RMSD: 1.048788, P: 0.579965, R^2: 0.235989
RF_AE的BA值 ：-9.929951418562112
RF_AE :RMSD: 0.964844, P: 0.661568, R^2: 0.353395
RF_ECFP的BA值 ：-9.85375927137588
RF_ECFP :RMSD: 0.930089, P: 0.686307, R^2: 0.399140
RF_AE_BET的BA值    ：-9.745211151193411
RF_AE_BET    :RMSD: 0.999719, P: 0.627341, R^2: 0.305807
RF_AE_ECFP的BA值    ：-9.770943968655642
RF_AE_ECFP    :RMSD: 0.931513, P: 0.684694, R^2: 0.397298
RF_BET_ECFP的BA值    ：-9.866781279879895
RF_BET_ECFP    :RMSD: 0.968958, P: 0.651481, R^2: 0.347870
RF_AE_BET_ECFP的BA值    ：-9.766425468108693
RF_AE_BET_ECFP    :RMSD: 0.961953, P: 0.658865, R^2: 0.357264
fold= 9
>>>>>>>>>>>>>training.............
###############################################RF#####################################################
RF_BET的BA值：-9.718853958971769
RF_BET:RMSD: 1.034478, P: 0.689130, R^2: 0.451000
RF_AE的BA值 ：-9.625741210117026
RF_AE :RMSD: 0.941352, P: 0.769163, R^2: 0.545395
RF_ECFP的BA值 ：-9.778717435263136
RF_ECFP :RMSD: 0.881458, P: 0.789484, R^2: 0.601403
RF_AE_BET的BA值    ：-9.578362747101632
RF_AE_BET    :RMSD: 0.981403, P: 0.738395, R^2: 0.505888
RF_AE_ECFP的BA值    ：-9.608294485247317
RF_AE_ECFP    :RMSD: 0.886927, P: 0.795393, R^2: 0.596442
RF_BET_ECFP的BA值    ：-9.748785697117452
RF_BET_ECFP    :RMSD: 0.932704, P: 0.763327, R^2: 0.553709
RF_AE_BET_ECFP的BA值    ：-9.645147643155466
RF_AE_BET_ECFP    :RMSD: 0.927701, P: 0.772020, R^2: 0.558485
fold= 10
>>>>>>>>>>>>>training.............
###############################################RF#####################################################
RF_BET的BA值：-9.672338292121303
RF_BET:RMSD: 0.884874, P: 0.712237, R^2: 0.477163
RF_AE的BA值 ：-9.720867854147972
RF_AE :RMSD: 0.839861, P: 0.744894, R^2: 0.529002
RF_ECFP的BA值 ：-9.640770280992465
RF_ECFP :RMSD: 0.815403, P: 0.752039, R^2: 0.556036
RF_AE_BET的BA值    ：-9.67266769438597
RF_AE_BET    :RMSD: 0.839893, P: 0.750180, R^2: 0.528967
RF_AE_ECFP的BA值    ：-9.671867560333244
RF_AE_ECFP    :RMSD: 0.796658, P: 0.772260, R^2: 0.576213
RF_BET_ECFP的BA值    ：-9.535075746993666
RF_BET_ECFP    :RMSD: 0.811367, P: 0.763832, R^2: 0.560420
RF_AE_BET_ECFP的BA值    ：-9.473480019396117
RF_AE_BET_ECFP    :RMSD: 0.805560, P: 0.771494, R^2: 0.566689
@@@@@@@@@@@@@@@@@@@@@@@@@@@@@@@@@@@@@@@@@@@最终结果@@@@@@@@@@@@@@@@@@@@@@@@@@@@@@@@@@@@@@@@@@@@@@@@@@
@@@@@@@@@@@@@@@@@@@@@@@@@@@@@@@@@@@@@@@@@@@最终结果@@@@@@@@@@@@@@@@@@@@@@@@@@@@@@@@@@@@@@@@@@@@@@@@@@
%%%%%%%%%%%%%%%%%%%%%%%%%%%%%%%%%%%%%%%%%%%RF%%%%%%%%%%%%%%%%%%%%%%%%%%%%%%%%%%%%%%%%%%%%%%%%%%%%%%
RF_BET:0-th Final RMSD: 0.970302, Final P: 0.708827, Final R^2: 0.493110
RF_AE :0-th Final RMSD: 0.949559, Final P: 0.728550, Final R^2: 0.514550
RF_ECFP :0-th Final RMSD: 0.907649, Final P: 0.746266, Final R^2: 0.556456
RF_AE_BET    :0-th Final RMSD: 0.945588, Final P: 0.733427, Final R^2: 0.518601
RF_AE_ECFP    :0-th Final RMSD: 0.906184, Final P: 0.754164, Final R^2: 0.557887
RF_BET_ECFP    :0-th Final RMSD: 0.915113, Final P: 0.746889, Final R^2: 0.549131
RF_AE_BET_ECFP    :0-th Final RMSD: 0.915544, Final P: 0.750903, Final R^2: 0.548707
0-th RF_AE的BA值 ：-9.929951
0-th RF_BET的BA值：-9.879803
0-th RF_ECFP的BA值 ：-10.241766
0-th RF_AE_BET的BA值：-9.745211
0-th RF_AE_ECFP的BA值    ：-9.837066
0-th RF_BET_ECFP的BA值    ：-9.866781
0-th RF_AE_BET_ECFP的BA值    ：-9.766425
total time: 3.2578412459956274 h
