size of data: (732,)
size of train size: 585
RF parameter
Namespace(n_estimators=10000, dataset='CHEMBL4306', max_depth=7, min_samples_split=3, min_samples_leaf=1, criterion='mse', random_seed=0)
fold= 1
>>>>>>>>>>>>>training.............
###############################################RF#####################################################
RF_BET的BA值：-9.778699429660392
RF_BET:RMSD: 0.613876, P: 0.755765, R^2: 0.565330
RF_AE的BA值 ：-9.794116383340365
RF_AE :RMSD: 0.619827, P: 0.750944, R^2: 0.556862
RF_ECFP的BA值 ：-10.07195026374458
RF_ECFP :RMSD: 0.564375, P: 0.796446, R^2: 0.632604
RF_AE_BET的BA值    ：-9.78640790650038
RF_AE_BET    :RMSD: 0.609201, P: 0.762426, R^2: 0.571926
RF_AE_ECFP的BA值    ：-9.804953235306886
RF_AE_ECFP    :RMSD: 0.577599, P: 0.787759, R^2: 0.615186
RF_BET_ECFP的BA值    ：-9.882001064494617
RF_BET_ECFP    :RMSD: 0.575931, P: 0.788817, R^2: 0.617405
RF_AE_BET_ECFP的BA值    ：-9.796201966758055
RF_AE_BET_ECFP    :RMSD: 0.583688, P: 0.783908, R^2: 0.607030
fold= 2
>>>>>>>>>>>>>training.............
###############################################RF#####################################################
RF_BET的BA值：-9.870146205421907
RF_BET:RMSD: 0.799926, P: 0.777925, R^2: 0.554684
RF_AE的BA值 ：-9.902094263658041
RF_AE :RMSD: 0.762578, P: 0.816228, R^2: 0.595296
RF_ECFP的BA值 ：-9.998449836886689
RF_ECFP :RMSD: 0.753650, P: 0.798842, R^2: 0.604717
RF_AE_BET的BA值    ：-9.848517494414363
RF_AE_BET    :RMSD: 0.774401, P: 0.807083, R^2: 0.582651
RF_AE_ECFP的BA值    ：-9.919760014662645
RF_AE_ECFP    :RMSD: 0.749865, P: 0.815584, R^2: 0.608678
RF_BET_ECFP的BA值    ：-9.885952248693084
RF_BET_ECFP    :RMSD: 0.764241, P: 0.803508, R^2: 0.593530
RF_AE_BET_ECFP的BA值    ：-9.867501916788157
RF_AE_BET_ECFP    :RMSD: 0.759739, P: 0.812607, R^2: 0.598304
fold= 3
>>>>>>>>>>>>>training.............
###############################################RF#####################################################
RF_BET的BA值：-9.78755710760106
RF_BET:RMSD: 0.578946, P: 0.813805, R^2: 0.636120
RF_AE的BA值 ：-9.832599053118939
RF_AE :RMSD: 0.591706, P: 0.801581, R^2: 0.619903
RF_ECFP的BA值 ：-9.937476614732427
RF_ECFP :RMSD: 0.596140, P: 0.789076, R^2: 0.614185
RF_AE_BET的BA值    ：-9.81007808036
RF_AE_BET    :RMSD: 0.577204, P: 0.817466, R^2: 0.638306
RF_AE_ECFP的BA值    ：-9.878304092969476
RF_AE_ECFP    :RMSD: 0.581301, P: 0.807180, R^2: 0.633153
RF_BET_ECFP的BA值    ：-9.835875019322106
RF_BET_ECFP    :RMSD: 0.571969, P: 0.816758, R^2: 0.644837
RF_AE_BET_ECFP的BA值    ：-9.830293869950246
RF_AE_BET_ECFP    :RMSD: 0.572734, P: 0.818122, R^2: 0.643886
fold= 4
>>>>>>>>>>>>>training.............
###############################################RF#####################################################
RF_BET的BA值：-9.89653096525617
RF_BET:RMSD: 0.676790, P: 0.721199, R^2: 0.515336
RF_AE的BA值 ：-9.963482521979698
RF_AE :RMSD: 0.668536, P: 0.727116, R^2: 0.527086
RF_ECFP的BA值 ：-10.365758029558009
RF_ECFP :RMSD: 0.680538, P: 0.720059, R^2: 0.509953
RF_AE_BET的BA值    ：-9.923732477755422
RF_AE_BET    :RMSD: 0.663898, P: 0.732404, R^2: 0.533625
RF_AE_ECFP的BA值    ：-10.164620275768854
RF_AE_ECFP    :RMSD: 0.665248, P: 0.731227, R^2: 0.531726
RF_BET_ECFP的BA值    ：-10.124870231544577
RF_BET_ECFP    :RMSD: 0.668055, P: 0.729669, R^2: 0.527766
RF_AE_BET_ECFP的BA值    ：-10.071074328356284
RF_AE_BET_ECFP    :RMSD: 0.662515, P: 0.733944, R^2: 0.535566
fold= 5
>>>>>>>>>>>>>training.............
###############################################RF#####################################################
RF_BET的BA值：-9.869218445334754
RF_BET:RMSD: 0.553316, P: 0.817945, R^2: 0.634726
RF_AE的BA值 ：-9.841881743104883
RF_AE :RMSD: 0.571048, P: 0.808927, R^2: 0.610940
RF_ECFP的BA值 ：-10.282058071673399
RF_ECFP :RMSD: 0.562944, P: 0.799413, R^2: 0.621905
RF_AE_BET的BA值    ：-9.825986430109173
RF_AE_BET    :RMSD: 0.555281, P: 0.822003, R^2: 0.632128
RF_AE_ECFP的BA值    ：-10.061969907389141
RF_AE_ECFP    :RMSD: 0.552695, P: 0.816233, R^2: 0.635547
RF_BET_ECFP的BA值    ：-9.982071776888706
RF_BET_ECFP    :RMSD: 0.544135, P: 0.820805, R^2: 0.646748
RF_AE_BET_ECFP的BA值    ：-9.935341765627433
RF_AE_BET_ECFP    :RMSD: 0.546749, P: 0.823628, R^2: 0.643347
fold= 6
>>>>>>>>>>>>>training.............
###############################################RF#####################################################
RF_BET的BA值：-10.125695439805174
RF_BET:RMSD: 0.650982, P: 0.794306, R^2: 0.592403
RF_AE的BA值 ：-9.897569910760149
RF_AE :RMSD: 0.686039, P: 0.761791, R^2: 0.547321
RF_ECFP的BA值 ：-10.28435078631317
RF_ECFP :RMSD: 0.642469, P: 0.780018, R^2: 0.602993
RF_AE_BET的BA值    ：-10.011632675282662
RF_AE_BET    :RMSD: 0.657450, P: 0.792927, R^2: 0.584263
RF_AE_ECFP的BA值    ：-10.038582275322183
RF_AE_ECFP    :RMSD: 0.646562, P: 0.788436, R^2: 0.597918
RF_BET_ECFP的BA值    ：-10.044128156525058
RF_BET_ECFP    :RMSD: 0.625254, P: 0.807807, R^2: 0.623984
RF_AE_BET_ECFP的BA值    ：-9.995275407936754
RF_AE_BET_ECFP    :RMSD: 0.637505, P: 0.802724, R^2: 0.609105
fold= 7
>>>>>>>>>>>>>training.............
###############################################RF#####################################################
RF_BET的BA值：-10.023131076827019
RF_BET:RMSD: 0.744858, P: 0.682325, R^2: 0.426047
RF_AE的BA值 ：-9.949587267598245
RF_AE :RMSD: 0.724406, P: 0.714328, R^2: 0.457132
RF_ECFP的BA值 ：-10.26610098529785
RF_ECFP :RMSD: 0.681358, P: 0.761632, R^2: 0.519736
RF_AE_BET的BA值    ：-9.986359172212632
RF_AE_BET    :RMSD: 0.724745, P: 0.711131, R^2: 0.456624
RF_AE_ECFP的BA值    ：-10.107844126448047
RF_AE_ECFP    :RMSD: 0.687232, P: 0.758936, R^2: 0.511420
RF_BET_ECFP的BA值    ：-10.144616031062434
RF_BET_ECFP    :RMSD: 0.697054, P: 0.743802, R^2: 0.497354
RF_AE_BET_ECFP的BA值    ：-10.079606443241039
RF_AE_BET_ECFP    :RMSD: 0.698401, P: 0.744381, R^2: 0.495409
fold= 8
>>>>>>>>>>>>>training.............
###############################################RF#####################################################
RF_BET的BA值：-9.986385848504232
RF_BET:RMSD: 0.577689, P: 0.851191, R^2: 0.673752
RF_AE的BA值 ：-9.84200092887352
RF_AE :RMSD: 0.598506, P: 0.840157, R^2: 0.649816
RF_ECFP的BA值 ：-10.206254473546199
RF_ECFP :RMSD: 0.558951, P: 0.853946, R^2: 0.694574
RF_AE_BET的BA值    ：-9.912801812989407
RF_AE_BET    :RMSD: 0.579190, P: 0.855948, R^2: 0.672055
RF_AE_ECFP的BA值    ：-9.92677156998203
RF_AE_ECFP    :RMSD: 0.564763, P: 0.861905, R^2: 0.688189
RF_BET_ECFP的BA值    ：-9.965321646332221
RF_BET_ECFP    :RMSD: 0.554522, P: 0.866493, R^2: 0.699394
RF_AE_BET_ECFP的BA值    ：-9.923287023379673
RF_AE_BET_ECFP    :RMSD: 0.562069, P: 0.865981, R^2: 0.691157
fold= 9
>>>>>>>>>>>>>training.............
###############################################RF#####################################################
RF_BET的BA值：-9.915322369049075
RF_BET:RMSD: 0.571501, P: 0.828770, R^2: 0.651402
RF_AE的BA值 ：-10.070568295768483
RF_AE :RMSD: 0.608287, P: 0.795393, R^2: 0.605081
RF_ECFP的BA值 ：-10.022890532304272
RF_ECFP :RMSD: 0.579402, P: 0.816564, R^2: 0.641697
RF_AE_BET的BA值    ：-9.99294533240878
RF_AE_BET    :RMSD: 0.583341, P: 0.820586, R^2: 0.636808
RF_AE_ECFP的BA值    ：-10.046729414036378
RF_AE_ECFP    :RMSD: 0.581563, P: 0.821264, R^2: 0.639019
RF_BET_ECFP的BA值    ：-9.969106450676673
RF_BET_ECFP    :RMSD: 0.565108, P: 0.834982, R^2: 0.659157
RF_AE_BET_ECFP的BA值    ：-10.002927065707276
RF_AE_BET_ECFP    :RMSD: 0.573398, P: 0.829779, R^2: 0.649084
fold= 10
>>>>>>>>>>>>>training.............
###############################################RF#####################################################
RF_BET的BA值：-10.061617397013922
RF_BET:RMSD: 0.706200, P: 0.739662, R^2: 0.530131
RF_AE的BA值 ：-9.936962118713845
RF_AE :RMSD: 0.685736, P: 0.756667, R^2: 0.556968
RF_ECFP的BA值 ：-10.258407849658896
RF_ECFP :RMSD: 0.693493, P: 0.740525, R^2: 0.546888
RF_AE_BET的BA值    ：-9.999289757863885
RF_AE_BET    :RMSD: 0.684499, P: 0.760210, R^2: 0.558566
RF_AE_ECFP的BA值    ：-10.09768498418637
RF_AE_ECFP    :RMSD: 0.670617, P: 0.766224, R^2: 0.576288
RF_BET_ECFP的BA值    ：-10.16001262333641
RF_BET_ECFP    :RMSD: 0.678760, P: 0.759501, R^2: 0.565936
RF_AE_BET_ECFP的BA值    ：-10.085662455128888
RF_AE_BET_ECFP    :RMSD: 0.672148, P: 0.767908, R^2: 0.574352
@@@@@@@@@@@@@@@@@@@@@@@@@@@@@@@@@@@@@@@@@@@最终结果@@@@@@@@@@@@@@@@@@@@@@@@@@@@@@@@@@@@@@@@@@@@@@@@@@
@@@@@@@@@@@@@@@@@@@@@@@@@@@@@@@@@@@@@@@@@@@最终结果@@@@@@@@@@@@@@@@@@@@@@@@@@@@@@@@@@@@@@@@@@@@@@@@@@
%%%%%%%%%%%%%%%%%%%%%%%%%%%%%%%%%%%%%%%%%%%RF%%%%%%%%%%%%%%%%%%%%%%%%%%%%%%%%%%%%%%%%%%%%%%%%%%%%%%
RF_BET:0-th Final RMSD: 0.652382, Final P: 0.772259, Final R^2: 0.581392
RF_AE :0-th Final RMSD: 0.654540, Final P: 0.772417, Final R^2: 0.578618
RF_ECFP :0-th Final RMSD: 0.634753, Final P: 0.780332, Final R^2: 0.603710
RF_AE_BET    :0-th Final RMSD: 0.644731, Final P: 0.782862, Final R^2: 0.591154
RF_AE_ECFP    :0-th Final RMSD: 0.630908, Final P: 0.790680, Final R^2: 0.608496
RF_BET_ECFP    :0-th Final RMSD: 0.628601, Final P: 0.791996, Final R^2: 0.611355
RF_AE_BET_ECFP    :0-th Final RMSD: 0.630565, Final P: 0.793298, Final R^2: 0.608922
0-th RF_AE的BA值 ：-10.070568
0-th RF_BET的BA值：-10.125695
0-th RF_ECFP的BA值 ：-10.365758
0-th RF_AE_BET的BA值：-10.011633
0-th RF_AE_ECFP的BA值    ：-10.164620
0-th RF_BET_ECFP的BA值    ：-10.160013
0-th RF_AE_BET_ECFP的BA值    ：-10.085662
total time: 5.239434674845802 h
