size of data: (549,)
size of train size: 439
RF parameter
Namespace(n_estimators=10000, dataset='CHEMBL2068', max_depth=7, min_samples_split=3, min_samples_leaf=1, criterion='mse', random_seed=0)
fold= 1
>>>>>>>>>>>>>training.............
###############################################RF#####################################################
RF_BET的BA值：-10.46199928787475
RF_BET:RMSD: 0.965731, P: 0.719324, R^2: 0.458072
RF_AE的BA值 ：-10.056029394165053
RF_AE :RMSD: 1.007325, P: 0.730888, R^2: 0.410385
RF_ECFP的BA值 ：-11.133547876991035
RF_ECFP :RMSD: 0.897603, P: 0.755855, R^2: 0.531836
RF_AE_BET的BA值    ：-10.119796563980099
RF_AE_BET    :RMSD: 0.972267, P: 0.753065, R^2: 0.450712
RF_AE_ECFP的BA值    ：-10.351183849094788
RF_AE_ECFP    :RMSD: 0.910353, P: 0.788800, R^2: 0.518442
RF_BET_ECFP的BA值    ：-10.75245849513011
RF_BET_ECFP    :RMSD: 0.895275, P: 0.774649, R^2: 0.534261
RF_AE_BET_ECFP的BA值    ：-10.346351723872678
RF_AE_BET_ECFP    :RMSD: 0.915861, P: 0.787145, R^2: 0.512597
fold= 2
>>>>>>>>>>>>>training.............
###############################################RF#####################################################
RF_BET的BA值：-10.77502252318823
RF_BET:RMSD: 0.936327, P: 0.635884, R^2: 0.403633
RF_AE的BA值 ：-10.127012672295203
RF_AE :RMSD: 0.906093, P: 0.708411, R^2: 0.441526
RF_ECFP的BA值 ：-11.141371500671225
RF_ECFP :RMSD: 0.847046, P: 0.720059, R^2: 0.511942
RF_AE_BET的BA值    ：-10.365045936162584
RF_AE_BET    :RMSD: 0.904406, P: 0.685065, R^2: 0.443603
RF_AE_ECFP的BA值    ：-10.61165672662403
RF_AE_ECFP    :RMSD: 0.841491, P: 0.739632, R^2: 0.518321
RF_BET_ECFP的BA值    ：-10.89476071020978
RF_BET_ECFP    :RMSD: 0.867215, P: 0.701855, R^2: 0.488423
RF_AE_BET_ECFP的BA值    ：-10.623821124332132
RF_AE_BET_ECFP    :RMSD: 0.862637, P: 0.716872, R^2: 0.493810
fold= 3
>>>>>>>>>>>>>training.............
###############################################RF#####################################################
RF_BET的BA值：-10.712374184516479
RF_BET:RMSD: 0.863278, P: 0.712176, R^2: 0.479956
RF_AE的BA值 ：-10.155304543117023
RF_AE :RMSD: 0.897616, P: 0.662744, R^2: 0.437763
RF_ECFP的BA值 ：-11.175443835575136
RF_ECFP :RMSD: 0.799347, P: 0.761588, R^2: 0.554130
RF_AE_BET的BA值    ：-10.229223500321147
RF_AE_BET    :RMSD: 0.857386, P: 0.708611, R^2: 0.487031
RF_AE_ECFP的BA值    ：-10.428462194949818
RF_AE_ECFP    :RMSD: 0.813636, P: 0.746720, R^2: 0.538046
RF_BET_ECFP的BA值    ：-10.943909010045807
RF_BET_ECFP    :RMSD: 0.815270, P: 0.753262, R^2: 0.536188
RF_AE_BET_ECFP的BA值    ：-10.523099524805373
RF_AE_BET_ECFP    :RMSD: 0.820379, P: 0.744639, R^2: 0.530357
fold= 4
>>>>>>>>>>>>>training.............
###############################################RF#####################################################
RF_BET的BA值：-10.289724182746271
RF_BET:RMSD: 0.973070, P: 0.771984, R^2: 0.504704
RF_AE的BA值 ：-10.188598946591938
RF_AE :RMSD: 1.055813, P: 0.738001, R^2: 0.416890
RF_ECFP的BA值 ：-10.291581318721343
RF_ECFP :RMSD: 0.887586, P: 0.775444, R^2: 0.587905
RF_AE_BET的BA值    ：-10.206052743626326
RF_AE_BET    :RMSD: 0.998776, P: 0.778057, R^2: 0.478190
RF_AE_ECFP的BA值    ：-10.223588333265006
RF_AE_ECFP    :RMSD: 0.942654, P: 0.775813, R^2: 0.535184
RF_BET_ECFP的BA值    ：-10.290652750733807
RF_BET_ECFP    :RMSD: 0.903213, P: 0.791495, R^2: 0.573267
RF_AE_BET_ECFP的BA值    ：-10.223561069063576
RF_AE_BET_ECFP    :RMSD: 0.940352, P: 0.788462, R^2: 0.537451
fold= 5
>>>>>>>>>>>>>training.............
###############################################RF#####################################################
RF_BET的BA值：-10.66613845798222
RF_BET:RMSD: 0.803847, P: 0.823350, R^2: 0.642188
RF_AE的BA值 ：-10.116275454306235
RF_AE :RMSD: 0.941063, P: 0.751927, R^2: 0.509607
RF_ECFP的BA值 ：-11.078596869267956
RF_ECFP :RMSD: 0.823543, P: 0.798491, R^2: 0.624439
RF_AE_BET的BA值    ：-10.384290594717946
RF_AE_BET    :RMSD: 0.859503, P: 0.802422, R^2: 0.590925
RF_AE_ECFP的BA值    ：-10.590201367411325
RF_AE_ECFP    :RMSD: 0.848243, P: 0.798834, R^2: 0.601574
RF_BET_ECFP的BA值    ：-10.8720492306756
RF_BET_ECFP    :RMSD: 0.798369, P: 0.818916, R^2: 0.647049
RF_AE_BET_ECFP的BA值    ：-10.615513730934957
RF_AE_BET_ECFP    :RMSD: 0.828159, P: 0.811682, R^2: 0.620218
fold= 6
>>>>>>>>>>>>>training.............
###############################################RF#####################################################
RF_BET的BA值：-10.660695545032558
RF_BET:RMSD: 0.983213, P: 0.780378, R^2: 0.571312
RF_AE的BA值 ：-10.148970740626979
RF_AE :RMSD: 1.024950, P: 0.779589, R^2: 0.534145
RF_ECFP的BA值 ：-11.15281415349235
RF_ECFP :RMSD: 1.004485, P: 0.753327, R^2: 0.552562
RF_AE_BET的BA值    ：-10.19121070657948
RF_AE_BET    :RMSD: 0.990978, P: 0.791514, R^2: 0.564514
RF_AE_ECFP的BA值    ：-10.53592740588623
RF_AE_ECFP    :RMSD: 0.968340, P: 0.786523, R^2: 0.584184
RF_BET_ECFP的BA值    ：-10.900587831159527
RF_BET_ECFP    :RMSD: 0.969599, P: 0.777527, R^2: 0.583101
RF_AE_BET_ECFP的BA值    ：-10.462699131852347
RF_AE_BET_ECFP    :RMSD: 0.966847, P: 0.790340, R^2: 0.585464
fold= 7
>>>>>>>>>>>>>training.............
###############################################RF#####################################################
RF_BET的BA值：-10.49466773938604
RF_BET:RMSD: 0.927734, P: 0.664673, R^2: 0.438613
RF_AE的BA值 ：-10.033664208069657
RF_AE :RMSD: 1.045287, P: 0.590899, R^2: 0.287333
RF_ECFP的BA值 ：-11.091675591424705
RF_ECFP :RMSD: 0.802561, P: 0.766702, R^2: 0.579881
RF_AE_BET的BA值    ：-10.214514833255091
RF_AE_BET    :RMSD: 0.945806, P: 0.667381, R^2: 0.416528
RF_AE_ECFP的BA值    ：-10.477641323556494
RF_AE_ECFP    :RMSD: 0.855943, P: 0.738270, R^2: 0.522134
RF_BET_ECFP的BA值    ：-10.793171665405373
RF_BET_ECFP    :RMSD: 0.842629, P: 0.737797, R^2: 0.536885
RF_AE_BET_ECFP的BA值    ：-10.48182560679215
RF_AE_BET_ECFP    :RMSD: 0.866117, P: 0.728931, R^2: 0.510707
fold= 8
>>>>>>>>>>>>>training.............
###############################################RF#####################################################
RF_BET的BA值：-10.642634328179444
RF_BET:RMSD: 0.653772, P: 0.725802, R^2: 0.524413
RF_AE的BA值 ：-10.283594360193788
RF_AE :RMSD: 0.773915, P: 0.603533, R^2: 0.333555
RF_ECFP的BA值 ：-11.030572768723072
RF_ECFP :RMSD: 0.640087, P: 0.738866, R^2: 0.544114
RF_AE_BET的BA值    ：-10.311838275031839
RF_AE_BET    :RMSD: 0.691836, P: 0.686386, R^2: 0.467421
RF_AE_ECFP的BA值    ：-10.505807495303653
RF_AE_ECFP    :RMSD: 0.681951, P: 0.698203, R^2: 0.482532
RF_BET_ECFP的BA值    ：-10.836603548451258
RF_BET_ECFP    :RMSD: 0.635622, P: 0.744300, R^2: 0.550452
RF_AE_BET_ECFP的BA值    ：-10.551416439595583
RF_AE_BET_ECFP    :RMSD: 0.662886, P: 0.717454, R^2: 0.511060
fold= 9
>>>>>>>>>>>>>training.............
###############################################RF#####################################################
RF_BET的BA值：-10.800691598590097
RF_BET:RMSD: 0.809105, P: 0.768433, R^2: 0.519630
RF_AE的BA值 ：-10.12412073250368
RF_AE :RMSD: 1.065806, P: 0.619943, R^2: 0.166466
RF_ECFP的BA值 ：-11.33374355259937
RF_ECFP :RMSD: 0.789128, P: 0.757049, R^2: 0.543058
RF_AE_BET的BA值    ：-10.273713666662182
RF_AE_BET    :RMSD: 0.908782, P: 0.737447, R^2: 0.393981
RF_AE_ECFP的BA值    ：-10.540239643666819
RF_AE_ECFP    :RMSD: 0.887989, P: 0.730880, R^2: 0.421396
RF_BET_ECFP的BA值    ：-11.067217575594734
RF_BET_ECFP    :RMSD: 0.782127, P: 0.775268, R^2: 0.551129
RF_AE_BET_ECFP的BA值    ：-10.627056961974578
RF_AE_BET_ECFP    :RMSD: 0.849262, P: 0.757466, R^2: 0.470763
fold= 10
>>>>>>>>>>>>>training.............
###############################################RF#####################################################
RF_BET的BA值：-10.490913276141208
RF_BET:RMSD: 0.854764, P: 0.700063, R^2: 0.487914
RF_AE的BA值 ：-10.088859501066274
RF_AE :RMSD: 0.910289, P: 0.667433, R^2: 0.419224
RF_ECFP的BA值 ：-11.10520832850801
RF_ECFP :RMSD: 0.817237, P: 0.730205, R^2: 0.531892
RF_AE_BET的BA值    ：-10.175709598139612
RF_AE_BET    :RMSD: 0.863491, P: 0.702864, R^2: 0.477405
RF_AE_ECFP的BA值    ：-10.482857124323013
RF_AE_ECFP    :RMSD: 0.835200, P: 0.723426, R^2: 0.511088
RF_BET_ECFP的BA值    ：-10.79806080232461
RF_BET_ECFP    :RMSD: 0.816516, P: 0.730674, R^2: 0.532718
RF_AE_BET_ECFP的BA值    ：-10.485542508262412
RF_AE_BET_ECFP    :RMSD: 0.830820, P: 0.725617, R^2: 0.516202
@@@@@@@@@@@@@@@@@@@@@@@@@@@@@@@@@@@@@@@@@@@最终结果@@@@@@@@@@@@@@@@@@@@@@@@@@@@@@@@@@@@@@@@@@@@@@@@@@
@@@@@@@@@@@@@@@@@@@@@@@@@@@@@@@@@@@@@@@@@@@最终结果@@@@@@@@@@@@@@@@@@@@@@@@@@@@@@@@@@@@@@@@@@@@@@@@@@
%%%%%%%%%%%%%%%%%%%%%%%%%%%%%%%%%%%%%%%%%%%RF%%%%%%%%%%%%%%%%%%%%%%%%%%%%%%%%%%%%%%%%%%%%%%%%%%%%%%
RF_BET:0-th Final RMSD: 0.882530, Final P: 0.729095, Final R^2: 0.518715
RF_AE :0-th Final RMSD: 0.966972, Final P: 0.662602, Final R^2: 0.422209
RF_ECFP :0-th Final RMSD: 0.835591, Final P: 0.754575, Final R^2: 0.568550
RF_AE_BET    :0-th Final RMSD: 0.903475, Final P: 0.722961, Final R^2: 0.495600
RF_AE_ECFP    :0-th Final RMSD: 0.861931, Final P: 0.750255, Final R^2: 0.540921
RF_BET_ECFP    :0-th Final RMSD: 0.836937, Final P: 0.760193, Final R^2: 0.567160
RF_AE_BET_ECFP    :0-th Final RMSD: 0.858067, Final P: 0.754365, Final R^2: 0.545027
0-th RF_AE的BA值 ：-10.283594
0-th RF_BET的BA值：-10.800692
0-th RF_ECFP的BA值 ：-11.333744
0-th RF_AE_BET的BA值：-10.384291
0-th RF_AE_ECFP的BA值    ：-10.611657
0-th RF_BET_ECFP的BA值    ：-11.067218
0-th RF_AE_BET_ECFP的BA值    ：-10.627057
total time: 3.931381815738148 h
