size of data: (366,)
size of train size: 292
RF parameter
Namespace(n_estimators=10000, dataset='CHEMBL4394', max_depth=7, min_samples_split=3, min_samples_leaf=1, criterion='mse', random_seed=0)
fold= 1
>>>>>>>>>>>>>training.............
###############################################RF#####################################################
RF_BET的BA值：-10.538639992409266
RF_BET:RMSD: 0.947469, P: 0.823794, R^2: 0.641676
RF_AE的BA值 ：-10.829558670641099
RF_AE :RMSD: 0.985460, P: 0.802835, R^2: 0.612365
RF_ECFP的BA值 ：-10.912394974914024
RF_ECFP :RMSD: 0.828270, P: 0.857750, R^2: 0.726165
RF_AE_BET的BA值    ：-10.568612056118285
RF_AE_BET    :RMSD: 0.953021, P: 0.824044, R^2: 0.637464
RF_AE_ECFP的BA值    ：-10.87097682277756
RF_AE_ECFP    :RMSD: 0.872741, P: 0.851815, R^2: 0.695970
RF_BET_ECFP的BA值    ：-10.610030208254749
RF_BET_ECFP    :RMSD: 0.863723, P: 0.854259, R^2: 0.702220
RF_AE_BET_ECFP的BA值    ：-10.683206362383531
RF_AE_BET_ECFP    :RMSD: 0.888752, P: 0.848910, R^2: 0.684712
fold= 2
>>>>>>>>>>>>>training.............
###############################################RF#####################################################
RF_BET的BA值：-10.857933415967137
RF_BET:RMSD: 1.170034, P: 0.782723, R^2: 0.559442
RF_AE的BA值 ：-10.894223662357064
RF_AE :RMSD: 1.165448, P: 0.776082, R^2: 0.562889
RF_ECFP的BA值 ：-11.157157335233475
RF_ECFP :RMSD: 1.002995, P: 0.838990, R^2: 0.676255
RF_AE_BET的BA值    ：-10.876078539162101
RF_AE_BET    :RMSD: 1.160366, P: 0.785433, R^2: 0.566692
RF_AE_ECFP的BA值    ：-11.015408248411187
RF_AE_ECFP    :RMSD: 1.055421, P: 0.826961, R^2: 0.641526
RF_BET_ECFP的BA值    ：-10.997263125216223
RF_BET_ECFP    :RMSD: 1.064392, P: 0.824561, R^2: 0.635406
RF_AE_BET_ECFP的BA值    ：-10.962916637596502
RF_AE_BET_ECFP    :RMSD: 1.087296, P: 0.817101, R^2: 0.619546
fold= 3
>>>>>>>>>>>>>training.............
###############################################RF#####################################################
RF_BET的BA值：-10.557082287405558
RF_BET:RMSD: 1.007276, P: 0.752085, R^2: 0.546634
RF_AE的BA值 ：-11.177959600781351
RF_AE :RMSD: 1.070848, P: 0.713551, R^2: 0.487603
RF_ECFP的BA值 ：-11.472959189423456
RF_ECFP :RMSD: 0.959465, P: 0.776537, R^2: 0.588652
RF_AE_BET的BA值    ：-10.867520944093455
RF_AE_BET    :RMSD: 1.028752, P: 0.738906, R^2: 0.527096
RF_AE_ECFP的BA值    ：-11.325459395102403
RF_AE_ECFP    :RMSD: 1.001129, P: 0.753435, R^2: 0.552151
RF_BET_ECFP的BA值    ：-11.015020738414506
RF_BET_ECFP    :RMSD: 0.965909, P: 0.772249, R^2: 0.583108
RF_AE_BET_ECFP的BA值    ：-11.069333692536787
RF_AE_BET_ECFP    :RMSD: 0.994004, P: 0.757447, R^2: 0.558503
fold= 4
>>>>>>>>>>>>>training.............
###############################################RF#####################################################
RF_BET的BA值：-11.111173798325717
RF_BET:RMSD: 1.284750, P: 0.719556, R^2: 0.494491
RF_AE的BA值 ：-10.642967323907722
RF_AE :RMSD: 1.208920, P: 0.774390, R^2: 0.552403
RF_ECFP的BA值 ：-11.088629587391734
RF_ECFP :RMSD: 1.071849, P: 0.817437, R^2: 0.648149
RF_AE_BET的BA值    ：-10.87707056111672
RF_AE_BET    :RMSD: 1.237773, P: 0.754701, R^2: 0.530783
RF_AE_ECFP的BA值    ：-10.865798455649728
RF_AE_ECFP    :RMSD: 1.126687, P: 0.805586, R^2: 0.611225
RF_BET_ECFP的BA值    ：-11.099901692858726
RF_BET_ECFP    :RMSD: 1.161055, P: 0.785454, R^2: 0.587145
RF_AE_BET_ECFP的BA值    ：-10.947590236541723
RF_AE_BET_ECFP    :RMSD: 1.170816, P: 0.786089, R^2: 0.580175
fold= 5
>>>>>>>>>>>>>training.............
###############################################RF#####################################################
RF_BET的BA值：-10.270058630792152
RF_BET:RMSD: 1.206676, P: 0.655096, R^2: 0.423598
RF_AE的BA值 ：-10.350866150389031
RF_AE :RMSD: 1.207365, P: 0.651256, R^2: 0.422939
RF_ECFP的BA值 ：-10.54016731847721
RF_ECFP :RMSD: 1.176665, P: 0.693694, R^2: 0.451912
RF_AE_BET的BA值    ：-10.143104109028695
RF_AE_BET    :RMSD: 1.198769, P: 0.659250, R^2: 0.431127
RF_AE_ECFP的BA值    ：-10.433170526135585
RF_AE_ECFP    :RMSD: 1.156870, P: 0.694438, R^2: 0.470199
RF_BET_ECFP的BA值    ：-10.287067396128652
RF_BET_ECFP    :RMSD: 1.155041, P: 0.698243, R^2: 0.471873
RF_AE_BET_ECFP的BA值    ：-10.275458512178199
RF_AE_BET_ECFP    :RMSD: 1.161403, P: 0.690386, R^2: 0.466038
fold= 6
>>>>>>>>>>>>>training.............
###############################################RF#####################################################
RF_BET的BA值：-11.022193614973341
RF_BET:RMSD: 0.816179, P: 0.832473, R^2: 0.659439
RF_AE的BA值 ：-10.976941638698307
RF_AE :RMSD: 0.821168, P: 0.840626, R^2: 0.655262
RF_ECFP的BA值 ：-11.438944501702649
RF_ECFP :RMSD: 0.784431, P: 0.841624, R^2: 0.685418
RF_AE_BET的BA值    ：-10.999567626835823
RF_AE_BET    :RMSD: 0.801814, P: 0.846318, R^2: 0.671321
RF_AE_ECFP的BA值    ：-11.207943070200479
RF_AE_ECFP    :RMSD: 0.776800, P: 0.848626, R^2: 0.691509
RF_BET_ECFP的BA值    ：-11.230569058337995
RF_BET_ECFP    :RMSD: 0.769547, P: 0.847492, R^2: 0.697243
RF_AE_BET_ECFP的BA值    ：-11.146026585124766
RF_AE_BET_ECFP    :RMSD: 0.774475, P: 0.850585, R^2: 0.693352
fold= 7
>>>>>>>>>>>>>training.............
###############################################RF#####################################################
RF_BET的BA值：-10.321504093640861
RF_BET:RMSD: 1.085534, P: 0.588887, R^2: 0.332249
RF_AE的BA值 ：-10.34936186880542
RF_AE :RMSD: 1.059268, P: 0.617299, R^2: 0.364173
RF_ECFP的BA值 ：-10.70904287699746
RF_ECFP :RMSD: 1.184204, P: 0.537655, R^2: 0.205341
RF_AE_BET的BA值    ：-10.310039507781823
RF_AE_BET    :RMSD: 1.062708, P: 0.610788, R^2: 0.360036
RF_AE_ECFP的BA值    ：-10.529202372901441
RF_AE_ECFP    :RMSD: 1.090492, P: 0.595856, R^2: 0.326136
RF_BET_ECFP的BA值    ：-10.489880011877844
RF_BET_ECFP    :RMSD: 1.109502, P: 0.577596, R^2: 0.302436
RF_AE_BET_ECFP的BA值    ：-10.443040630853703
RF_AE_BET_ECFP    :RMSD: 1.079881, P: 0.600090, R^2: 0.339186
fold= 8
>>>>>>>>>>>>>training.............
###############################################RF#####################################################
RF_BET的BA值：-10.266750128890816
RF_BET:RMSD: 0.988414, P: 0.755233, R^2: 0.549608
RF_AE的BA值 ：-10.29170434069712
RF_AE :RMSD: 1.044135, P: 0.717843, R^2: 0.497395
RF_ECFP的BA值 ：-10.870272777822734
RF_ECFP :RMSD: 1.030998, P: 0.722755, R^2: 0.509963
RF_AE_BET的BA值    ：-10.197078253432382
RF_AE_BET    :RMSD: 1.010246, P: 0.740883, R^2: 0.529491
RF_AE_ECFP的BA值    ：-10.490791149901721
RF_AE_ECFP    :RMSD: 1.017520, P: 0.729007, R^2: 0.522691
RF_BET_ECFP的BA值    ：-10.401402307448269
RF_BET_ECFP    :RMSD: 0.989791, P: 0.746056, R^2: 0.548352
RF_AE_BET_ECFP的BA值    ：-10.361344821990363
RF_AE_BET_ECFP    :RMSD: 1.000688, P: 0.741117, R^2: 0.538352
fold= 9
>>>>>>>>>>>>>training.............
###############################################RF#####################################################
RF_BET的BA值：-10.977510485226736
RF_BET:RMSD: 0.945343, P: 0.829127, R^2: 0.653404
RF_AE的BA值 ：-10.920416421995135
RF_AE :RMSD: 0.916400, P: 0.841265, R^2: 0.674303
RF_ECFP的BA值 ：-11.325383155749662
RF_ECFP :RMSD: 0.969152, P: 0.815159, R^2: 0.635726
RF_AE_BET的BA值    ：-10.948963453610936
RF_AE_BET    :RMSD: 0.919452, P: 0.842086, R^2: 0.672130
RF_AE_ECFP的BA值    ：-11.122899788872399
RF_AE_ECFP    :RMSD: 0.915225, P: 0.837302, R^2: 0.675138
RF_BET_ECFP的BA值    ：-11.1514468204882
RF_BET_ECFP    :RMSD: 0.933725, P: 0.831791, R^2: 0.661871
RF_AE_BET_ECFP的BA值    ：-11.074436687657178
RF_AE_BET_ECFP    :RMSD: 0.915713, P: 0.840149, R^2: 0.674791
fold= 10
>>>>>>>>>>>>>training.............
###############################################RF#####################################################
RF_BET的BA值：-10.839910903958247
RF_BET:RMSD: 1.092232, P: 0.761779, R^2: 0.538627
RF_AE的BA值 ：-10.724728895781011
RF_AE :RMSD: 1.060073, P: 0.783640, R^2: 0.565395
RF_ECFP的BA值 ：-10.669141128029446
RF_ECFP :RMSD: 0.998199, P: 0.790237, R^2: 0.614649
RF_AE_BET的BA值    ：-10.782319899869629
RF_AE_BET    :RMSD: 1.070048, P: 0.776857, R^2: 0.557178
RF_AE_ECFP的BA值    ：-10.696935011905229
RF_AE_ECFP    :RMSD: 1.005830, P: 0.794727, R^2: 0.608734
RF_BET_ECFP的BA值    ：-10.754526015993846
RF_BET_ECFP    :RMSD: 1.022119, P: 0.785279, R^2: 0.595959
RF_AE_BET_ECFP的BA值    ：-10.74459364258957
RF_AE_BET_ECFP    :RMSD: 1.027001, P: 0.787983, R^2: 0.592090
@@@@@@@@@@@@@@@@@@@@@@@@@@@@@@@@@@@@@@@@@@@最终结果@@@@@@@@@@@@@@@@@@@@@@@@@@@@@@@@@@@@@@@@@@@@@@@@@@
@@@@@@@@@@@@@@@@@@@@@@@@@@@@@@@@@@@@@@@@@@@最终结果@@@@@@@@@@@@@@@@@@@@@@@@@@@@@@@@@@@@@@@@@@@@@@@@@@
%%%%%%%%%%%%%%%%%%%%%%%%%%%%%%%%%%%%%%%%%%%RF%%%%%%%%%%%%%%%%%%%%%%%%%%%%%%%%%%%%%%%%%%%%%%%%%%%%%%
RF_BET:0-th Final RMSD: 1.063185, Final P: 0.749168, Final R^2: 0.551666
RF_AE :0-th Final RMSD: 1.060861, Final P: 0.749530, Final R^2: 0.553623
RF_ECFP :0-th Final RMSD: 1.007626, Final P: 0.773044, Final R^2: 0.597299
RF_AE_BET    :0-th Final RMSD: 1.052294, Final P: 0.756523, Final R^2: 0.560804
RF_AE_ECFP    :0-th Final RMSD: 1.008100, Final P: 0.776295, Final R^2: 0.596920
RF_BET_ECFP    :0-th Final RMSD: 1.010565, Final P: 0.775183, Final R^2: 0.594947
RF_AE_BET_ECFP    :0-th Final RMSD: 1.016979, Final P: 0.773773, Final R^2: 0.589789
0-th RF_AE的BA值 ：-11.177960
0-th RF_BET的BA值：-11.111174
0-th RF_ECFP的BA值 ：-11.472959
0-th RF_AE_BET的BA值：-10.999568
0-th RF_AE_ECFP的BA值    ：-11.325459
0-th RF_BET_ECFP的BA值    ：-11.230569
0-th RF_AE_BET_ECFP的BA值    ：-11.146027
total time: 2.381913327773412 h
