size of data: (450,)
size of train size: 360
RF parameter
Namespace(n_estimators=10000, dataset='CHEMBL4789', max_depth=7, min_samples_split=3, min_samples_leaf=1, criterion='mse', random_seed=0)
fold= 1
>>>>>>>>>>>>>training.............
###############################################RF#####################################################
RF_BET的BA值：-10.62695486592232
RF_BET:RMSD: 0.865904, P: 0.756062, R^2: 0.459308
RF_AE的BA值 ：-10.093668683818207
RF_AE :RMSD: 0.978939, P: 0.744412, R^2: 0.308930
RF_ECFP的BA值 ：-10.834661738663803
RF_ECFP :RMSD: 0.850248, P: 0.742172, R^2: 0.478683
RF_AE_BET的BA值    ：-10.360311774870263
RF_AE_BET    :RMSD: 0.895220, P: 0.779868, R^2: 0.422077
RF_AE_ECFP的BA值    ：-10.379162564895342
RF_AE_ECFP    :RMSD: 0.873717, P: 0.779405, R^2: 0.449506
RF_BET_ECFP的BA值    ：-10.615120480652529
RF_BET_ECFP    :RMSD: 0.835289, P: 0.768919, R^2: 0.496866
RF_AE_BET_ECFP的BA值    ：-10.389160225059953
RF_AE_BET_ECFP    :RMSD: 0.857580, P: 0.785581, R^2: 0.469653
fold= 2
>>>>>>>>>>>>>training.............
###############################################RF#####################################################
RF_BET的BA值：-10.65049903401525
RF_BET:RMSD: 0.946585, P: 0.828547, R^2: 0.629677
RF_AE的BA值 ：-10.066012141865608
RF_AE :RMSD: 1.030058, P: 0.815177, R^2: 0.561485
RF_ECFP的BA值 ：-10.838844741302761
RF_ECFP :RMSD: 1.039493, P: 0.757270, R^2: 0.553415
RF_AE_BET的BA值    ：-10.358255587940429
RF_AE_BET    :RMSD: 0.975669, P: 0.833490, R^2: 0.606571
RF_AE_ECFP的BA值    ：-10.452428441584185
RF_AE_ECFP    :RMSD: 1.009514, P: 0.804953, R^2: 0.578802
RF_BET_ECFP的BA值    ：-10.744671887659006
RF_BET_ECFP    :RMSD: 0.965804, P: 0.815321, R^2: 0.614487
RF_AE_BET_ECFP的BA值    ：-10.518451972394539
RF_AE_BET_ECFP    :RMSD: 0.976258, P: 0.824777, R^2: 0.606096
fold= 3
>>>>>>>>>>>>>training.............
###############################################RF#####################################################
RF_BET的BA值：-10.554531539866097
RF_BET:RMSD: 0.893060, P: 0.861845, R^2: 0.613855
RF_AE的BA值 ：-10.066156588467662
RF_AE :RMSD: 1.000841, P: 0.783449, R^2: 0.515026
RF_ECFP的BA值 ：-10.806904623449482
RF_ECFP :RMSD: 0.844513, P: 0.827559, R^2: 0.654696
RF_AE_BET的BA值    ：-10.223668743895171
RF_AE_BET    :RMSD: 0.930415, P: 0.848856, R^2: 0.580876
RF_AE_ECFP的BA值    ：-10.349855285686862
RF_AE_ECFP    :RMSD: 0.860728, P: 0.864604, R^2: 0.641309
RF_BET_ECFP的BA值    ：-10.68071808165779
RF_BET_ECFP    :RMSD: 0.828114, P: 0.872323, R^2: 0.667976
RF_AE_BET_ECFP的BA值    ：-10.41808070374661
RF_AE_BET_ECFP    :RMSD: 0.860023, P: 0.876854, R^2: 0.641896
fold= 4
>>>>>>>>>>>>>training.............
###############################################RF#####################################################
RF_BET的BA值：-10.60278735545682
RF_BET:RMSD: 0.843085, P: 0.792953, R^2: 0.593143
RF_AE的BA值 ：-10.142877553062393
RF_AE :RMSD: 0.928026, P: 0.740927, R^2: 0.507031
RF_ECFP的BA值 ：-10.874363984955528
RF_ECFP :RMSD: 1.003219, P: 0.654354, R^2: 0.423909
RF_AE_BET的BA值    ：-10.372832454259607
RF_AE_BET    :RMSD: 0.874507, P: 0.781297, R^2: 0.562250
RF_AE_ECFP的BA值    ：-10.50862076900896
RF_AE_ECFP    :RMSD: 0.941140, P: 0.721150, R^2: 0.493000
RF_BET_ECFP的BA值    ：-10.738575670206174
RF_BET_ECFP    :RMSD: 0.909808, P: 0.738090, R^2: 0.526195
RF_AE_BET_ECFP的BA值    ：-10.540009631158247
RF_AE_BET_ECFP    :RMSD: 0.902746, P: 0.753202, R^2: 0.533523
fold= 5
>>>>>>>>>>>>>training.............
###############################################RF#####################################################
RF_BET的BA值：-10.323426580893381
RF_BET:RMSD: 1.017934, P: 0.711248, R^2: 0.476774
RF_AE的BA值 ：-10.256547923487657
RF_AE :RMSD: 1.013696, P: 0.710359, R^2: 0.481122
RF_ECFP的BA值 ：-10.72247961026953
RF_ECFP :RMSD: 1.105386, P: 0.619197, R^2: 0.383010
RF_AE_BET的BA值    ：-9.928380310378708
RF_AE_BET    :RMSD: 1.004962, P: 0.724040, R^2: 0.490025
RF_AE_ECFP的BA值    ：-10.127906825066784
RF_AE_ECFP    :RMSD: 1.026641, P: 0.699793, R^2: 0.467785
RF_BET_ECFP的BA值    ：-10.522953095581457
RF_BET_ECFP    :RMSD: 1.031517, P: 0.696429, R^2: 0.462718
RF_AE_BET_ECFP的BA值    ：-10.193080077008984
RF_AE_BET_ECFP    :RMSD: 1.012489, P: 0.717260, R^2: 0.482357
fold= 6
>>>>>>>>>>>>>training.............
###############################################RF#####################################################
RF_BET的BA值：-10.592712068317006
RF_BET:RMSD: 1.089302, P: 0.690396, R^2: 0.438594
RF_AE的BA值 ：-10.022882974591717
RF_AE :RMSD: 1.113300, P: 0.671180, R^2: 0.413586
RF_ECFP的BA值 ：-10.879628567271888
RF_ECFP :RMSD: 1.161154, P: 0.603913, R^2: 0.362090
RF_AE_BET的BA值    ：-10.236340164628768
RF_AE_BET    :RMSD: 1.091218, P: 0.691995, R^2: 0.436617
RF_AE_ECFP的BA值    ：-10.379798414106208
RF_AE_ECFP    :RMSD: 1.109888, P: 0.662953, R^2: 0.417175
RF_BET_ECFP的BA值    ：-10.736170317794446
RF_BET_ECFP    :RMSD: 1.095621, P: 0.675318, R^2: 0.432062
RF_AE_BET_ECFP的BA值    ：-10.450769632176474
RF_AE_BET_ECFP    :RMSD: 1.091262, P: 0.685698, R^2: 0.436572
fold= 7
>>>>>>>>>>>>>training.............
###############################################RF#####################################################
RF_BET的BA值：-10.773884779196482
RF_BET:RMSD: 0.744760, P: 0.799608, R^2: 0.608012
RF_AE的BA值 ：-10.492179476803841
RF_AE :RMSD: 0.765578, P: 0.785003, R^2: 0.585792
RF_ECFP的BA值 ：-10.95609829779266
RF_ECFP :RMSD: 0.777637, P: 0.764679, R^2: 0.572641
RF_AE_BET的BA值    ：-10.623714174811873
RF_AE_BET    :RMSD: 0.737386, P: 0.809686, R^2: 0.615736
RF_AE_ECFP的BA值    ：-10.714820934109962
RF_AE_ECFP    :RMSD: 0.738582, P: 0.800643, R^2: 0.614488
RF_BET_ECFP的BA值    ：-10.864991538494571
RF_BET_ECFP    :RMSD: 0.732756, P: 0.804280, R^2: 0.620546
RF_AE_BET_ECFP的BA值    ：-10.734508882472136
RF_AE_BET_ECFP    :RMSD: 0.727186, P: 0.812889, R^2: 0.626293
fold= 8
>>>>>>>>>>>>>training.............
###############################################RF#####################################################
RF_BET的BA值：-10.393556535730088
RF_BET:RMSD: 1.020715, P: 0.617549, R^2: 0.373607
RF_AE的BA值 ：-10.436135872696827
RF_AE :RMSD: 1.151541, P: 0.456612, R^2: 0.202747
RF_ECFP的BA值 ：-10.637571979122955
RF_ECFP :RMSD: 1.172284, P: 0.456049, R^2: 0.173766
RF_AE_BET的BA值    ：-10.414846204213458
RF_AE_BET    :RMSD: 1.077544, P: 0.550596, R^2: 0.301916
RF_AE_ECFP的BA值    ：-10.536853925909892
RF_AE_ECFP    :RMSD: 1.135110, P: 0.480388, R^2: 0.225336
RF_BET_ECFP的BA值    ：-10.515564257426522
RF_BET_ECFP    :RMSD: 1.076385, P: 0.551269, R^2: 0.303417
RF_AE_BET_ECFP的BA值    ：-10.48908812918329
RF_AE_BET_ECFP    :RMSD: 1.089881, P: 0.534654, R^2: 0.285840
fold= 9
>>>>>>>>>>>>>training.............
###############################################RF#####################################################
RF_BET的BA值：-10.522001590118649
RF_BET:RMSD: 1.094430, P: 0.619897, R^2: 0.237511
RF_AE的BA值 ：-10.781531945988393
RF_AE :RMSD: 1.147229, P: 0.623925, R^2: 0.162165
RF_ECFP的BA值 ：-10.541200229212427
RF_ECFP :RMSD: 0.970684, P: 0.692622, R^2: 0.400190
RF_AE_BET的BA值    ：-10.65176676805352
RF_AE_BET    :RMSD: 1.100330, P: 0.647349, R^2: 0.229267
RF_AE_ECFP的BA值    ：-10.66136608760041
RF_AE_ECFP    :RMSD: 1.032360, P: 0.683860, R^2: 0.321547
RF_BET_ECFP的BA值    ：-10.531600909665539
RF_BET_ECFP    :RMSD: 0.999167, P: 0.694363, R^2: 0.364473
RF_AE_BET_ECFP的BA值    ：-10.61491125510649
RF_AE_BET_ECFP    :RMSD: 1.035115, P: 0.685914, R^2: 0.317920
fold= 10
>>>>>>>>>>>>>training.............
###############################################RF#####################################################
RF_BET的BA值：-10.490307575385152
RF_BET:RMSD: 0.998181, P: 0.741736, R^2: 0.517468
RF_AE的BA值 ：-10.530096251225315
RF_AE :RMSD: 0.957587, P: 0.795200, R^2: 0.555917
RF_ECFP的BA值 ：-10.832982022045062
RF_ECFP :RMSD: 0.955776, P: 0.772186, R^2: 0.557595
RF_AE_BET的BA值    ：-10.395273972273127
RF_AE_BET    :RMSD: 0.964824, P: 0.782715, R^2: 0.549179
RF_AE_ECFP的BA值    ：-10.429279465397624
RF_AE_ECFP    :RMSD: 0.927368, P: 0.817372, R^2: 0.583503
RF_BET_ECFP的BA值    ：-10.46775522925874
RF_BET_ECFP    :RMSD: 0.955293, P: 0.780015, R^2: 0.558042
RF_AE_BET_ECFP的BA值    ：-10.32036245575589
RF_AE_BET_ECFP    :RMSD: 0.942048, P: 0.801743, R^2: 0.570213
@@@@@@@@@@@@@@@@@@@@@@@@@@@@@@@@@@@@@@@@@@@最终结果@@@@@@@@@@@@@@@@@@@@@@@@@@@@@@@@@@@@@@@@@@@@@@@@@@
@@@@@@@@@@@@@@@@@@@@@@@@@@@@@@@@@@@@@@@@@@@最终结果@@@@@@@@@@@@@@@@@@@@@@@@@@@@@@@@@@@@@@@@@@@@@@@@@@
%%%%%%%%%%%%%%%%%%%%%%%%%%%%%%%%%%%%%%%%%%%RF%%%%%%%%%%%%%%%%%%%%%%%%%%%%%%%%%%%%%%%%%%%%%%%%%%%%%%
RF_BET:0-th Final RMSD: 0.957476, Final P: 0.737563, Final R^2: 0.517499
RF_AE :0-th Final RMSD: 1.014620, Final P: 0.696693, Final R^2: 0.458187
RF_ECFP :0-th Final RMSD: 0.996392, Final P: 0.692315, Final R^2: 0.477479
RF_AE_BET    :0-th Final RMSD: 0.971130, Final P: 0.736590, Final R^2: 0.503639
RF_AE_ECFP    :0-th Final RMSD: 0.972353, Final P: 0.727369, Final R^2: 0.502389
RF_BET_ECFP    :0-th Final RMSD: 0.949467, Final P: 0.740325, Final R^2: 0.525537
RF_AE_BET_ECFP    :0-th Final RMSD: 0.955754, Final P: 0.744549, Final R^2: 0.519233
0-th RF_AE的BA值 ：-10.781532
0-th RF_BET的BA值：-10.773885
0-th RF_ECFP的BA值 ：-10.956098
0-th RF_AE_BET的BA值：-10.651767
0-th RF_AE_ECFP的BA值    ：-10.714821
0-th RF_BET_ECFP的BA值    ：-10.864992
0-th RF_AE_BET_ECFP的BA值    ：-10.734509
total time: 2.992812949816386 h
