size of data: (194,)
size of train size: 155
RF parameter
Namespace(n_estimators=10000, dataset='CHEMBL3106', max_depth=7, min_samples_split=3, min_samples_leaf=1, criterion='mse', random_seed=0)
fold= 1
>>>>>>>>>>>>>training.............
###############################################RF#####################################################
RF_BET的BA值：-8.218150604457323
RF_BET:RMSD: 0.905177, P: 0.826543, R^2: 0.447811
RF_AE的BA值 ：-8.104674406171627
RF_AE :RMSD: 1.014080, P: 0.855619, R^2: 0.306949
RF_ECFP的BA值 ：-8.769522244958496
RF_ECFP :RMSD: 0.736406, P: 0.946339, R^2: 0.634526
RF_AE_BET的BA值    ：-8.161412505314475
RF_AE_BET    :RMSD: 0.952864, P: 0.857544, R^2: 0.388096
RF_AE_ECFP的BA值    ：-8.420301972206987
RF_AE_ECFP    :RMSD: 0.868807, P: 0.937315, R^2: 0.491292
RF_BET_ECFP的BA值    ：-8.477040071349835
RF_BET_ECFP    :RMSD: 0.811451, P: 0.921658, R^2: 0.556242
RF_AE_BET_ECFP的BA值    ：-8.352918182957099
RF_AE_BET_ECFP    :RMSD: 0.875273, P: 0.917440, R^2: 0.483693
fold= 2
>>>>>>>>>>>>>training.............
###############################################RF#####################################################
RF_BET的BA值：-8.661978622857548
RF_BET:RMSD: 0.718453, P: 0.586842, R^2: 0.326288
RF_AE的BA值 ：-8.87315433201354
RF_AE :RMSD: 0.892161, P: 0.304546, R^2: -0.038879
RF_ECFP的BA值 ：-8.506933829725174
RF_ECFP :RMSD: 0.837307, P: 0.424888, R^2: 0.084944
RF_AE_BET的BA值    ：-8.490089799053267
RF_AE_BET    :RMSD: 0.796642, P: 0.461489, R^2: 0.171669
RF_AE_ECFP的BA值    ：-8.412567402487081
RF_AE_ECFP    :RMSD: 0.847881, P: 0.375825, R^2: 0.061687
RF_BET_ECFP的BA值    ：-8.584456226291362
RF_BET_ECFP    :RMSD: 0.768243, P: 0.520232, R^2: 0.229673
RF_AE_BET_ECFP的BA值    ：-8.495704475943903
RF_AE_BET_ECFP    :RMSD: 0.800121, P: 0.457751, R^2: 0.164418
fold= 3
>>>>>>>>>>>>>training.............
###############################################RF#####################################################
RF_BET的BA值：-8.745499612839575
RF_BET:RMSD: 1.074150, P: 0.763081, R^2: 0.427651
RF_AE的BA值 ：-7.875832825232161
RF_AE :RMSD: 1.315348, P: 0.526246, R^2: 0.141752
RF_ECFP的BA值 ：-8.735861805739557
RF_ECFP :RMSD: 1.317413, P: 0.442858, R^2: 0.139056
RF_AE_BET的BA值    ：-8.078930631742823
RF_AE_BET    :RMSD: 1.179946, P: 0.731202, R^2: 0.309353
RF_AE_ECFP的BA值    ：-8.218658277914631
RF_AE_ECFP    :RMSD: 1.308514, P: 0.493953, R^2: 0.150647
RF_BET_ECFP的BA值    ：-8.371874999677686
RF_BET_ECFP    :RMSD: 1.174583, P: 0.683007, R^2: 0.315617
RF_AE_BET_ECFP的BA值    ：-8.148401583148358
RF_AE_BET_ECFP    :RMSD: 1.216416, P: 0.660208, R^2: 0.266001
fold= 4
>>>>>>>>>>>>>training.............
###############################################RF#####################################################
RF_BET的BA值：-9.673418508640784
RF_BET:RMSD: 0.914085, P: 0.558113, R^2: -0.044274
RF_AE的BA值 ：-9.795881516321007
RF_AE :RMSD: 0.855290, P: 0.609419, R^2: 0.085744
RF_ECFP的BA值 ：-10.325519246015194
RF_ECFP :RMSD: 0.709572, P: 0.713112, R^2: 0.370735
RF_AE_BET的BA值    ：-9.734650012480895
RF_AE_BET    :RMSD: 0.880309, P: 0.586393, R^2: 0.031475
RF_AE_ECFP的BA值    ：-10.0607003811681
RF_AE_ECFP    :RMSD: 0.757806, P: 0.681671, R^2: 0.282277
RF_BET_ECFP的BA值    ：-9.999468877327988
RF_BET_ECFP    :RMSD: 0.784980, P: 0.660173, R^2: 0.229881
RF_AE_BET_ECFP的BA值    ：-9.931606423658994
RF_AE_BET_ECFP    :RMSD: 0.802154, P: 0.648645, R^2: 0.195814
fold= 5
>>>>>>>>>>>>>training.............
###############################################RF#####################################################
RF_BET的BA值：-9.52212524537132
RF_BET:RMSD: 0.859427, P: 0.896414, R^2: 0.619821
RF_AE的BA值 ：-8.884724645701251
RF_AE :RMSD: 1.027066, P: 0.840159, R^2: 0.457041
RF_ECFP的BA值 ：-9.447495926436268
RF_ECFP :RMSD: 0.807902, P: 0.901351, R^2: 0.664040
RF_AE_BET的BA值    ：-9.203424945536286
RF_AE_BET    :RMSD: 0.935707, P: 0.888883, R^2: 0.549339
RF_AE_ECFP的BA值    ：-9.16611028606876
RF_AE_ECFP    :RMSD: 0.904061, P: 0.892725, R^2: 0.579307
RF_BET_ECFP的BA值    ：-9.484810585903794
RF_BET_ECFP    :RMSD: 0.812949, P: 0.924246, R^2: 0.659829
RF_AE_BET_ECFP的BA值    ：-9.284781939169614
RF_AE_BET_ECFP    :RMSD: 0.879953, P: 0.910569, R^2: 0.601444
fold= 6
>>>>>>>>>>>>>training.............
###############################################RF#####################################################
RF_BET的BA值：-9.796792748870661
RF_BET:RMSD: 0.553426, P: 0.964566, R^2: 0.821947
RF_AE的BA值 ：-9.394681602143867
RF_AE :RMSD: 0.803776, P: 0.914407, R^2: 0.624422
RF_ECFP的BA值 ：-10.75772585847363
RF_ECFP :RMSD: 0.698269, P: 0.863586, R^2: 0.716550
RF_AE_BET的BA值    ：-9.41691966907264
RF_AE_BET    :RMSD: 0.661185, P: 0.966836, R^2: 0.745858
RF_AE_ECFP的BA值    ：-10.076203730308748
RF_AE_ECFP    :RMSD: 0.729705, P: 0.890641, R^2: 0.690455
RF_BET_ECFP的BA值    ：-10.098441797237523
RF_BET_ECFP    :RMSD: 0.571577, P: 0.954701, R^2: 0.810076
RF_AE_BET_ECFP的BA值    ：-9.863855065539639
RF_AE_BET_ECFP    :RMSD: 0.645103, P: 0.947706, R^2: 0.758071
fold= 7
>>>>>>>>>>>>>training.............
###############################################RF#####################################################
RF_BET的BA值：-8.839694214441796
RF_BET:RMSD: 0.862810, P: 0.455204, R^2: 0.056040
RF_AE的BA值 ：-7.954871184385096
RF_AE :RMSD: 0.768892, P: 0.555894, R^2: 0.250358
RF_ECFP的BA值 ：-7.940008493386998
RF_ECFP :RMSD: 0.786989, P: 0.470316, R^2: 0.214655
RF_AE_BET的BA值    ：-8.39037276033447
RF_AE_BET    :RMSD: 0.781480, P: 0.521824, R^2: 0.225611
RF_AE_ECFP的BA值    ：-7.947439838886047
RF_AE_ECFP    :RMSD: 0.760390, P: 0.542707, R^2: 0.266845
RF_BET_ECFP的BA值    ：-8.258579821486396
RF_BET_ECFP    :RMSD: 0.765589, P: 0.513506, R^2: 0.256785
RF_AE_BET_ECFP的BA值    ：-8.157343609119296
RF_AE_BET_ECFP    :RMSD: 0.756096, P: 0.541997, R^2: 0.275101
fold= 8
>>>>>>>>>>>>>training.............
###############################################RF#####################################################
RF_BET的BA值：-8.872616881167493
RF_BET:RMSD: 1.136141, P: 0.142779, R^2: -0.121477
RF_AE的BA值 ：-8.557250463167135
RF_AE :RMSD: 1.094475, P: 0.221114, R^2: -0.040731
RF_ECFP的BA值 ：-7.889602294451931
RF_ECFP :RMSD: 1.060477, P: 0.262554, R^2: 0.022923
RF_AE_BET的BA值    ：-8.347270275424922
RF_AE_BET    :RMSD: 1.098434, P: 0.197842, R^2: -0.048273
RF_AE_ECFP的BA值    ：-8.144374187256066
RF_AE_ECFP    :RMSD: 1.053098, P: 0.246292, R^2: 0.036473
RF_BET_ECFP的BA值    ：-7.967910687574582
RF_BET_ECFP    :RMSD: 1.056891, P: 0.218527, R^2: 0.029519
RF_AE_BET_ECFP的BA值    ：-8.028901202627937
RF_AE_BET_ECFP    :RMSD: 1.060245, P: 0.226342, R^2: 0.023351
fold= 9
>>>>>>>>>>>>>training.............
###############################################RF#####################################################
RF_BET的BA值：-8.13924724612575
RF_BET:RMSD: 0.826488, P: 0.458689, R^2: 0.164523
RF_AE的BA值 ：-8.071694355465224
RF_AE :RMSD: 0.898653, P: 0.321972, R^2: 0.012254
RF_ECFP的BA值 ：-8.144814761546533
RF_ECFP :RMSD: 0.901649, P: 0.313437, R^2: 0.005656
RF_AE_BET的BA值    ：-8.058856417507606
RF_AE_BET    :RMSD: 0.854211, P: 0.408878, R^2: 0.107533
RF_AE_ECFP的BA值    ：-8.108254558505879
RF_AE_ECFP    :RMSD: 0.883456, P: 0.334812, R^2: 0.045378
RF_BET_ECFP的BA值    ：-8.09541662054826
RF_BET_ECFP    :RMSD: 0.847840, P: 0.402734, R^2: 0.120796
RF_AE_BET_ECFP的BA值    ：-8.087509198853915
RF_AE_BET_ECFP    :RMSD: 0.857152, P: 0.388964, R^2: 0.101377
fold= 10
>>>>>>>>>>>>>training.............
###############################################RF#####################################################
RF_BET的BA值：-8.07868786966994
RF_BET:RMSD: 0.793931, P: 0.537863, R^2: 0.287831
RF_AE的BA值 ：-8.69275869017263
RF_AE :RMSD: 0.644111, P: 0.819291, R^2: 0.531253
RF_ECFP的BA值 ：-8.394849778213715
RF_ECFP :RMSD: 0.842868, P: 0.461420, R^2: 0.197332
RF_AE_BET的BA值    ：-8.143366623831149
RF_AE_BET    :RMSD: 0.699766, P: 0.725657, R^2: 0.446748
RF_AE_ECFP的BA值    ：-8.198747076860325
RF_AE_ECFP    :RMSD: 0.722132, P: 0.673274, R^2: 0.410817
RF_BET_ECFP的BA值    ：-8.146049872077276
RF_BET_ECFP    :RMSD: 0.812649, P: 0.505538, R^2: 0.253855
RF_AE_BET_ECFP的BA值    ：-8.00557459298379
RF_AE_BET_ECFP    :RMSD: 0.740161, P: 0.640352, R^2: 0.381030
@@@@@@@@@@@@@@@@@@@@@@@@@@@@@@@@@@@@@@@@@@@最终结果@@@@@@@@@@@@@@@@@@@@@@@@@@@@@@@@@@@@@@@@@@@@@@@@@@
@@@@@@@@@@@@@@@@@@@@@@@@@@@@@@@@@@@@@@@@@@@最终结果@@@@@@@@@@@@@@@@@@@@@@@@@@@@@@@@@@@@@@@@@@@@@@@@@@
%%%%%%%%%%%%%%%%%%%%%%%%%%%%%%%%%%%%%%%%%%%RF%%%%%%%%%%%%%%%%%%%%%%%%%%%%%%%%%%%%%%%%%%%%%%%%%%%%%%
RF_BET:0-th Final RMSD: 0.879242, Final P: 0.641318, Final R^2: 0.402437
RF_AE :0-th Final RMSD: 0.950464, Final P: 0.562033, Final R^2: 0.301707
RF_ECFP :0-th Final RMSD: 0.889208, Final P: 0.633270, Final R^2: 0.388813
RF_AE_BET    :0-th Final RMSD: 0.899122, Final P: 0.632269, Final R^2: 0.375110
RF_AE_ECFP    :0-th Final RMSD: 0.901444, Final P: 0.627508, Final R^2: 0.371878
RF_BET_ECFP    :0-th Final RMSD: 0.856206, Final P: 0.675663, Final R^2: 0.433340
RF_AE_BET_ECFP    :0-th Final RMSD: 0.878717, Final P: 0.657666, Final R^2: 0.403150
0-th RF_AE的BA值 ：-9.795882
0-th RF_BET的BA值：-9.796793
0-th RF_ECFP的BA值 ：-10.757726
0-th RF_AE_BET的BA值：-9.734650
0-th RF_AE_ECFP的BA值    ：-10.076204
0-th RF_BET_ECFP的BA值    ：-10.098442
0-th RF_AE_BET_ECFP的BA值    ：-9.931606
total time: 1.2322496708234152 h
