size of data: (1382,)
size of train size: 1105
RF parameter
Namespace(n_estimators=10000, dataset='CHEMBL2525', max_depth=8, min_samples_split=4, min_samples_leaf=2, criterion='mse', random_seed=0)
fold= 1
>>>>>>>>>>>>>training.............
###############################################RF#####################################################
RF_BET的BA值：-11.65616600528253
RF_BET:RMSD: 0.936701, P: 0.781064, R^2: 0.599319
RF_AE的BA值 ：-11.49674805704608
RF_AE :RMSD: 0.944350, P: 0.780203, R^2: 0.592749
RF_ECFP的BA值 ：-12.294280635241794
RF_ECFP :RMSD: 0.915952, P: 0.785506, R^2: 0.616873
RF_AE_BET的BA值    ：-11.5194012368589
RF_AE_BET    :RMSD: 0.920853, P: 0.793970, R^2: 0.612763
RF_AE_ECFP的BA值    ：-11.730087289395371
RF_AE_ECFP    :RMSD: 0.891225, P: 0.804708, R^2: 0.637281
RF_BET_ECFP的BA值    ：-11.812996041818334
RF_BET_ECFP    :RMSD: 0.883938, P: 0.807289, R^2: 0.643188
RF_AE_BET_ECFP的BA值    ：-11.667409665154153
RF_AE_BET_ECFP    :RMSD: 0.887332, P: 0.809381, R^2: 0.640443
fold= 2
>>>>>>>>>>>>>training.............
###############################################RF#####################################################
RF_BET的BA值：-11.959236667783744
RF_BET:RMSD: 0.992552, P: 0.768104, R^2: 0.575052
RF_AE的BA值 ：-11.819108162311158
RF_AE :RMSD: 1.003279, P: 0.785379, R^2: 0.565818
RF_ECFP的BA值 ：-12.162582715317868
RF_ECFP :RMSD: 1.088249, P: 0.700022, R^2: 0.489159
RF_AE_BET的BA值    ：-11.889172415047451
RF_AE_BET    :RMSD: 0.980605, P: 0.787748, R^2: 0.585221
RF_AE_ECFP的BA值    ：-11.858205330391069
RF_AE_ECFP    :RMSD: 1.014224, P: 0.759045, R^2: 0.556293
RF_BET_ECFP的BA值    ：-11.94511303674033
RF_BET_ECFP    :RMSD: 1.001105, P: 0.760041, R^2: 0.567697
RF_AE_BET_ECFP的BA值    ：-11.891882442855296
RF_AE_BET_ECFP    :RMSD: 0.988477, P: 0.775977, R^2: 0.578535
fold= 3
>>>>>>>>>>>>>training.............
###############################################RF#####################################################
RF_BET的BA值：-11.880327613469117
RF_BET:RMSD: 1.118839, P: 0.779490, R^2: 0.574296
RF_AE的BA值 ：-11.814033527908164
RF_AE :RMSD: 1.170112, P: 0.771064, R^2: 0.534384
RF_ECFP的BA值 ：-12.010372974777756
RF_ECFP :RMSD: 1.183944, P: 0.729884, R^2: 0.523311
RF_AE_BET的BA值    ：-11.84718057068864
RF_AE_BET    :RMSD: 1.128415, P: 0.788837, R^2: 0.566977
RF_AE_ECFP的BA值    ：-11.81314999949968
RF_AE_ECFP    :RMSD: 1.149705, P: 0.770095, R^2: 0.550483
RF_BET_ECFP的BA值    ：-11.90418583104579
RF_BET_ECFP    :RMSD: 1.125292, P: 0.774093, R^2: 0.569370
RF_AE_BET_ECFP的BA值    ：-11.835542537489493
RF_AE_BET_ECFP    :RMSD: 1.126598, P: 0.784081, R^2: 0.568370
fold= 4
>>>>>>>>>>>>>training.............
###############################################RF#####################################################
RF_BET的BA值：-11.68267860519079
RF_BET:RMSD: 1.006251, P: 0.776277, R^2: 0.579790
RF_AE的BA值 ：-11.51843831324698
RF_AE :RMSD: 1.047445, P: 0.764150, R^2: 0.544681
RF_ECFP的BA值 ：-12.144936116087264
RF_ECFP :RMSD: 0.993933, P: 0.769039, R^2: 0.590015
RF_AE_BET的BA值    ：-11.545065706029424
RF_AE_BET    :RMSD: 1.007240, P: 0.786001, R^2: 0.578964
RF_AE_ECFP的BA值    ：-11.791461975387126
RF_AE_ECFP    :RMSD: 0.986278, P: 0.786139, R^2: 0.596306
RF_BET_ECFP的BA值    ：-11.81808936816957
RF_BET_ECFP    :RMSD: 0.958390, P: 0.797022, R^2: 0.618813
RF_AE_BET_ECFP的BA值    ：-11.718205683195373
RF_AE_BET_ECFP    :RMSD: 0.973286, P: 0.797153, R^2: 0.606872
fold= 5
>>>>>>>>>>>>>training.............
###############################################RF#####################################################
RF_BET的BA值：-11.773712089263004
RF_BET:RMSD: 1.108526, P: 0.762027, R^2: 0.571054
RF_AE的BA值 ：-11.676034774569215
RF_AE :RMSD: 1.157788, P: 0.745412, R^2: 0.532083
RF_ECFP的BA值 ：-11.849637208494386
RF_ECFP :RMSD: 1.083626, P: 0.769645, R^2: 0.590108
RF_AE_BET的BA值    ：-11.703770333400968
RF_AE_BET    :RMSD: 1.122659, P: 0.760699, R^2: 0.560046
RF_AE_ECFP的BA值    ：-11.746176728497858
RF_AE_ECFP    :RMSD: 1.093446, P: 0.773935, R^2: 0.582645
RF_BET_ECFP的BA值    ：-11.811674648878695
RF_BET_ECFP    :RMSD: 1.070797, P: 0.780294, R^2: 0.599755
RF_AE_BET_ECFP的BA值    ：-11.74128644974281
RF_AE_BET_ECFP    :RMSD: 1.088671, P: 0.776217, R^2: 0.586282
fold= 6
>>>>>>>>>>>>>training.............
###############################################RF#####################################################
RF_BET的BA值：-11.664329446854207
RF_BET:RMSD: 1.131175, P: 0.730173, R^2: 0.509307
RF_AE的BA值 ：-11.333187117246199
RF_AE :RMSD: 1.141344, P: 0.735183, R^2: 0.500444
RF_ECFP的BA值 ：-11.775997963962373
RF_ECFP :RMSD: 1.092076, P: 0.741923, R^2: 0.542642
RF_AE_BET的BA值    ：-11.498758282050204
RF_AE_BET    :RMSD: 1.120631, P: 0.745194, R^2: 0.518412
RF_AE_ECFP的BA值    ：-11.554592540604286
RF_AE_ECFP    :RMSD: 1.084972, P: 0.763001, R^2: 0.548573
RF_BET_ECFP的BA值    ：-11.72016370540829
RF_BET_ECFP    :RMSD: 1.077739, P: 0.760688, R^2: 0.554572
RF_AE_BET_ECFP的BA值    ：-11.59117150935426
RF_AE_BET_ECFP    :RMSD: 1.085416, P: 0.763849, R^2: 0.548204
fold= 7
>>>>>>>>>>>>>training.............
###############################################RF#####################################################
RF_BET的BA值：-11.944469980993983
RF_BET:RMSD: 1.105689, P: 0.783639, R^2: 0.587887
RF_AE的BA值 ：-11.85253568498048
RF_AE :RMSD: 1.130846, P: 0.780062, R^2: 0.568921
RF_ECFP的BA值 ：-12.107055599527886
RF_ECFP :RMSD: 1.105421, P: 0.772111, R^2: 0.588087
RF_AE_BET的BA值    ：-11.898502832987232
RF_AE_BET    :RMSD: 1.102190, P: 0.794590, R^2: 0.590492
RF_AE_ECFP的BA值    ：-11.969685981092404
RF_AE_ECFP    :RMSD: 1.077868, P: 0.803270, R^2: 0.608365
RF_BET_ECFP的BA值    ：-12.015653129099153
RF_BET_ECFP    :RMSD: 1.072264, P: 0.799859, R^2: 0.612427
RF_AE_BET_ECFP的BA值    ：-11.961280647726262
RF_AE_BET_ECFP    :RMSD: 1.074046, P: 0.806824, R^2: 0.611138
fold= 8
>>>>>>>>>>>>>training.............
###############################################RF#####################################################
RF_BET的BA值：-11.905999394898851
RF_BET:RMSD: 1.106771, P: 0.714673, R^2: 0.499647
RF_AE的BA值 ：-11.803729767834943
RF_AE :RMSD: 1.113640, P: 0.712654, R^2: 0.493416
RF_ECFP的BA值 ：-11.928610097568846
RF_ECFP :RMSD: 1.128232, P: 0.697006, R^2: 0.480054
RF_AE_BET的BA值    ：-11.852954845442973
RF_AE_BET    :RMSD: 1.090937, P: 0.725483, R^2: 0.513861
RF_AE_ECFP的BA值    ：-11.835059373794126
RF_AE_ECFP    :RMSD: 1.093128, P: 0.724466, R^2: 0.511906
RF_BET_ECFP的BA值    ：-11.911241282451552
RF_BET_ECFP    :RMSD: 1.089232, P: 0.724476, R^2: 0.515379
RF_AE_BET_ECFP的BA值    ：-11.857432890213085
RF_AE_BET_ECFP    :RMSD: 1.082587, P: 0.730719, R^2: 0.521274
fold= 9
>>>>>>>>>>>>>training.............
###############################################RF#####################################################
RF_BET的BA值：-11.85364186178916
RF_BET:RMSD: 1.052036, P: 0.729729, R^2: 0.525062
RF_AE的BA值 ：-11.669586787087203
RF_AE :RMSD: 1.019713, P: 0.776460, R^2: 0.553797
RF_ECFP的BA值 ：-12.264753517607343
RF_ECFP :RMSD: 0.968182, P: 0.775722, R^2: 0.597755
RF_AE_BET的BA值    ：-11.761614324438181
RF_AE_BET    :RMSD: 1.013341, P: 0.769790, R^2: 0.559356
RF_AE_ECFP的BA值    ：-11.775656689950914
RF_AE_ECFP    :RMSD: 0.947834, P: 0.806715, R^2: 0.614485
RF_BET_ECFP的BA值    ：-11.867684227301893
RF_BET_ECFP    :RMSD: 0.969718, P: 0.781569, R^2: 0.596478
RF_AE_BET_ECFP的BA值    ：-11.80165174723033
RF_AE_BET_ECFP    :RMSD: 0.964851, P: 0.795543, R^2: 0.600518
fold= 10
>>>>>>>>>>>>>training.............
###############################################RF#####################################################
RF_BET的BA值：-11.85212861399988
RF_BET:RMSD: 0.935950, P: 0.798925, R^2: 0.631494
RF_AE的BA值 ：-11.609506763104443
RF_AE :RMSD: 0.949287, P: 0.803991, R^2: 0.620917
RF_ECFP的BA值 ：-12.307862619786153
RF_ECFP :RMSD: 0.982626, P: 0.776345, R^2: 0.593822
RF_AE_BET的BA值    ：-11.730817688552161
RF_AE_BET    :RMSD: 0.928983, P: 0.809549, R^2: 0.636959
RF_AE_ECFP的BA值    ：-11.771193998103522
RF_AE_ECFP    :RMSD: 0.927767, P: 0.809937, R^2: 0.637909
RF_BET_ECFP的BA值    ：-11.89250492355124
RF_BET_ECFP    :RMSD: 0.922712, P: 0.807227, R^2: 0.641844
RF_AE_BET_ECFP的BA值    ：-11.798172203402308
RF_AE_BET_ECFP    :RMSD: 0.916390, P: 0.814847, R^2: 0.646735
@@@@@@@@@@@@@@@@@@@@@@@@@@@@@@@@@@@@@@@@@@@最终结果@@@@@@@@@@@@@@@@@@@@@@@@@@@@@@@@@@@@@@@@@@@@@@@@@@
@@@@@@@@@@@@@@@@@@@@@@@@@@@@@@@@@@@@@@@@@@@最终结果@@@@@@@@@@@@@@@@@@@@@@@@@@@@@@@@@@@@@@@@@@@@@@@@@@
%%%%%%%%%%%%%%%%%%%%%%%%%%%%%%%%%%%%%%%%%%%RF%%%%%%%%%%%%%%%%%%%%%%%%%%%%%%%%%%%%%%%%%%%%%%%%%%%%%%
RF_BET:0-th Final RMSD: 1.051809, Final P: 0.760122, Final R^2: 0.568954
RF_AE :0-th Final RMSD: 1.070743, Final P: 0.763123, Final R^2: 0.553296
RF_ECFP :0-th Final RMSD: 1.057167, Final P: 0.752427, Final R^2: 0.564552
RF_AE_BET    :0-th Final RMSD: 1.044305, Final P: 0.773935, Final R^2: 0.575083
RF_AE_ECFP    :0-th Final RMSD: 1.029757, Final P: 0.779777, Final R^2: 0.586839
RF_BET_ECFP    :0-th Final RMSD: 1.019914, Final P: 0.778892, Final R^2: 0.594700
RF_AE_BET_ECFP    :0-th Final RMSD: 1.021676, Final P: 0.784590, Final R^2: 0.593299
0-th RF_AE的BA值 ：-11.852536
0-th RF_BET的BA值：-11.959237
0-th RF_ECFP的BA值 ：-12.307863
0-th RF_AE_BET的BA值：-11.898503
0-th RF_AE_ECFP的BA值    ：-11.969686
0-th RF_BET_ECFP的BA值    ：-12.015653
0-th RF_AE_BET_ECFP的BA值    ：-11.961281
total time: 11.599782508412996 h
