size of data: (552,)
size of train size: 441
RF parameter
Namespace(n_estimators=10000, dataset='CHEMBL4073', max_depth=7, min_samples_split=3, min_samples_leaf=1, criterion='mse', random_seed=0)
fold= 1
>>>>>>>>>>>>>training.............
###############################################RF#####################################################
RF_BET的BA值：-11.092046224794645
RF_BET:RMSD: 1.069145, P: 0.830260, R^2: 0.610161
RF_AE的BA值 ：-11.271692305068928
RF_AE :RMSD: 1.185522, P: 0.746824, R^2: 0.520674
RF_ECFP的BA值 ：-11.834419932021545
RF_ECFP :RMSD: 1.044668, P: 0.806181, R^2: 0.627807
RF_AE_BET的BA值    ：-11.181869264931787
RF_AE_BET    :RMSD: 1.107109, P: 0.810692, R^2: 0.581984
RF_AE_ECFP的BA值    ：-11.553056118545236
RF_AE_ECFP    :RMSD: 1.031794, P: 0.813539, R^2: 0.636924
RF_BET_ECFP的BA值    ：-11.463233078408095
RF_BET_ECFP    :RMSD: 0.978352, P: 0.840242, R^2: 0.673561
RF_AE_BET_ECFP的BA值    ：-11.399386153961705
RF_AE_BET_ECFP    :RMSD: 1.019258, P: 0.832385, R^2: 0.645692
fold= 2
>>>>>>>>>>>>>training.............
###############################################RF#####################################################
RF_BET的BA值：-11.50811044795668
RF_BET:RMSD: 1.221056, P: 0.783050, R^2: 0.554802
RF_AE的BA值 ：-10.441760481375972
RF_AE :RMSD: 1.348332, P: 0.767996, R^2: 0.457154
RF_ECFP的BA值 ：-12.065289787121007
RF_ECFP :RMSD: 1.080540, P: 0.807464, R^2: 0.651371
RF_AE_BET的BA值    ：-10.903595412473063
RF_AE_BET    :RMSD: 1.268313, P: 0.789840, R^2: 0.519675
RF_AE_ECFP的BA值    ：-11.230039016189082
RF_AE_ECFP    :RMSD: 1.143804, P: 0.811287, R^2: 0.609352
RF_BET_ECFP的BA值    ：-11.692503708174272
RF_BET_ECFP    :RMSD: 1.089527, P: 0.820333, R^2: 0.645547
RF_AE_BET_ECFP的BA值    ：-11.190765999133523
RF_AE_BET_ECFP    :RMSD: 1.151779, P: 0.816121, R^2: 0.603886
fold= 3
>>>>>>>>>>>>>training.............
###############################################RF#####################################################
RF_BET的BA值：-11.280650212396505
RF_BET:RMSD: 1.035050, P: 0.739589, R^2: 0.536431
RF_AE的BA值 ：-11.250232339291319
RF_AE :RMSD: 1.026007, P: 0.741679, R^2: 0.544496
RF_ECFP的BA值 ：-11.727292711917336
RF_ECFP :RMSD: 1.031802, P: 0.734658, R^2: 0.539336
RF_AE_BET的BA值    ：-11.111653680103903
RF_AE_BET    :RMSD: 1.012816, P: 0.754445, R^2: 0.556133
RF_AE_ECFP的BA值    ：-11.453005144218093
RF_AE_ECFP    :RMSD: 0.998786, P: 0.756609, R^2: 0.568345
RF_BET_ECFP的BA值    ：-11.50397146215692
RF_BET_ECFP    :RMSD: 1.003360, P: 0.755256, R^2: 0.564383
RF_AE_BET_ECFP的BA值    ：-11.31686669070838
RF_AE_BET_ECFP    :RMSD: 0.996202, P: 0.761528, R^2: 0.570576
fold= 4
>>>>>>>>>>>>>training.............
###############################################RF#####################################################
RF_BET的BA值：-11.221889616759553
RF_BET:RMSD: 0.827130, P: 0.887016, R^2: 0.755556
RF_AE的BA值 ：-10.466184665029035
RF_AE :RMSD: 1.034976, P: 0.844625, R^2: 0.617269
RF_ECFP的BA值 ：-11.96686091566459
RF_ECFP :RMSD: 0.793830, P: 0.882183, R^2: 0.774842
RF_AE_BET的BA值    ：-10.844037140894294
RF_AE_BET    :RMSD: 0.910708, P: 0.877491, R^2: 0.703659
RF_AE_ECFP的BA值    ：-11.213201569692853
RF_AE_ECFP    :RMSD: 0.859097, P: 0.885910, R^2: 0.736296
RF_BET_ECFP的BA值    ：-11.591054045558112
RF_BET_ECFP    :RMSD: 0.769651, P: 0.899530, R^2: 0.788349
RF_AE_BET_ECFP的BA值    ：-11.216097585381753
RF_AE_BET_ECFP    :RMSD: 0.833581, P: 0.893674, R^2: 0.751728
fold= 5
>>>>>>>>>>>>>training.............
###############################################RF#####################################################
RF_BET的BA值：-11.433461539084583
RF_BET:RMSD: 1.123607, P: 0.722054, R^2: 0.505188
RF_AE的BA值 ：-11.433877025959807
RF_AE :RMSD: 1.193205, P: 0.678067, R^2: 0.441991
RF_ECFP的BA值 ：-11.916396733238248
RF_ECFP :RMSD: 0.910355, P: 0.821734, R^2: 0.675187
RF_AE_BET的BA值    ：-11.399447318066347
RF_AE_BET    :RMSD: 1.139618, P: 0.716096, R^2: 0.490986
RF_AE_ECFP的BA值    ：-11.644054875592824
RF_AE_ECFP    :RMSD: 1.005210, P: 0.784106, R^2: 0.603973
RF_BET_ECFP的BA值    ：-11.609625167699363
RF_BET_ECFP    :RMSD: 0.971933, P: 0.800581, R^2: 0.629760
RF_AE_BET_ECFP的BA值    ：-11.551042453786179
RF_AE_BET_ECFP    :RMSD: 1.027421, P: 0.777103, R^2: 0.586279
fold= 6
>>>>>>>>>>>>>training.............
###############################################RF#####################################################
RF_BET的BA值：-11.49921958775863
RF_BET:RMSD: 1.154859, P: 0.742330, R^2: 0.535006
RF_AE的BA值 ：-11.215429623267015
RF_AE :RMSD: 1.193646, P: 0.737511, R^2: 0.503248
RF_ECFP的BA值 ：-11.921037560264573
RF_ECFP :RMSD: 1.051939, P: 0.785576, R^2: 0.614193
RF_AE_BET的BA值    ：-11.357324605512822
RF_AE_BET    :RMSD: 1.154671, P: 0.752748, R^2: 0.535158
RF_AE_ECFP的BA值    ：-11.526570231723117
RF_AE_ECFP    :RMSD: 1.076304, P: 0.784215, R^2: 0.596114
RF_BET_ECFP的BA值    ：-11.558781017601476
RF_BET_ECFP    :RMSD: 1.055074, P: 0.788288, R^2: 0.611890
RF_AE_BET_ECFP的BA值    ：-11.434205275796861
RF_AE_BET_ECFP    :RMSD: 1.082920, P: 0.782515, R^2: 0.591133
fold= 7
>>>>>>>>>>>>>training.............
###############################################RF#####################################################
RF_BET的BA值：-10.926853362986082
RF_BET:RMSD: 0.994510, P: 0.715960, R^2: 0.501771
RF_AE的BA值 ：-10.506377017137194
RF_AE :RMSD: 0.994032, P: 0.764627, R^2: 0.502250
RF_ECFP的BA值 ：-11.653284521188576
RF_ECFP :RMSD: 0.854223, P: 0.802640, R^2: 0.632418
RF_AE_BET的BA值    ：-10.716615190061638
RF_AE_BET    :RMSD: 0.976324, P: 0.753436, R^2: 0.519825
RF_AE_ECFP的BA值    ：-10.996053667976152
RF_AE_ECFP    :RMSD: 0.865765, P: 0.814724, R^2: 0.622418
RF_BET_ECFP的BA值    ：-11.206291840900597
RF_BET_ECFP    :RMSD: 0.876510, P: 0.791424, R^2: 0.612987
RF_AE_BET_ECFP的BA值    ：-10.97298689964613
RF_AE_BET_ECFP    :RMSD: 0.893014, P: 0.797396, R^2: 0.598276
fold= 8
>>>>>>>>>>>>>training.............
###############################################RF#####################################################
RF_BET的BA值：-11.55146338122428
RF_BET:RMSD: 0.889778, P: 0.841536, R^2: 0.677506
RF_AE的BA值 ：-11.409873859191135
RF_AE :RMSD: 1.001015, P: 0.815973, R^2: 0.591832
RF_ECFP的BA值 ：-11.6013559049406
RF_ECFP :RMSD: 0.879523, P: 0.838896, R^2: 0.684897
RF_AE_BET的BA值    ：-11.469268269554247
RF_AE_BET    :RMSD: 0.914704, P: 0.845119, R^2: 0.659184
RF_AE_ECFP的BA值    ：-11.499961099152351
RF_AE_ECFP    :RMSD: 0.900355, P: 0.842928, R^2: 0.669793
RF_BET_ECFP的BA值    ：-11.570663075342496
RF_BET_ECFP    :RMSD: 0.851389, P: 0.853530, R^2: 0.704734
RF_AE_BET_ECFP的BA值    ：-11.513297481349698
RF_AE_BET_ECFP    :RMSD: 0.876955, P: 0.852292, R^2: 0.686734
fold= 9
>>>>>>>>>>>>>training.............
###############################################RF#####################################################
RF_BET的BA值：-11.399301508936675
RF_BET:RMSD: 1.080222, P: 0.816648, R^2: 0.628078
RF_AE的BA值 ：-11.148385853405973
RF_AE :RMSD: 1.127023, P: 0.803468, R^2: 0.595153
RF_ECFP的BA值 ：-11.952267495909181
RF_ECFP :RMSD: 0.904061, P: 0.871991, R^2: 0.739492
RF_AE_BET的BA值    ：-11.273843681171325
RF_AE_BET    :RMSD: 1.081570, P: 0.825399, R^2: 0.627149
RF_AE_ECFP的BA值    ：-11.550326674657576
RF_AE_ECFP    :RMSD: 0.985409, P: 0.859574, R^2: 0.690501
RF_BET_ECFP的BA值    ：-11.675784502422928
RF_BET_ECFP    :RMSD: 0.961943, P: 0.862741, R^2: 0.705066
RF_AE_BET_ECFP的BA值    ：-11.499984952750609
RF_AE_BET_ECFP    :RMSD: 1.000569, P: 0.855794, R^2: 0.680905
fold= 10
>>>>>>>>>>>>>training.............
###############################################RF#####################################################
RF_BET的BA值：-11.34656821305566
RF_BET:RMSD: 0.941448, P: 0.840880, R^2: 0.673021
RF_AE的BA值 ：-10.677055141375169
RF_AE :RMSD: 1.108685, P: 0.764592, R^2: 0.546536
RF_ECFP的BA值 ：-11.607046739717326
RF_ECFP :RMSD: 0.941593, P: 0.821342, R^2: 0.672921
RF_AE_BET的BA值    ：-10.957689786577195
RF_AE_BET    :RMSD: 1.008699, P: 0.816767, R^2: 0.624638
RF_AE_ECFP的BA值    ：-11.142050940546248
RF_AE_ECFP    :RMSD: 0.978120, P: 0.818662, R^2: 0.647052
RF_BET_ECFP的BA值    ：-11.412787994466324
RF_BET_ECFP    :RMSD: 0.899017, P: 0.848431, R^2: 0.701831
RF_AE_BET_ECFP的BA值    ：-11.167543710102606
RF_AE_BET_ECFP    :RMSD: 0.950298, P: 0.835084, R^2: 0.666845
@@@@@@@@@@@@@@@@@@@@@@@@@@@@@@@@@@@@@@@@@@@最终结果@@@@@@@@@@@@@@@@@@@@@@@@@@@@@@@@@@@@@@@@@@@@@@@@@@
@@@@@@@@@@@@@@@@@@@@@@@@@@@@@@@@@@@@@@@@@@@最终结果@@@@@@@@@@@@@@@@@@@@@@@@@@@@@@@@@@@@@@@@@@@@@@@@@@
%%%%%%%%%%%%%%%%%%%%%%%%%%%%%%%%%%%%%%%%%%%RF%%%%%%%%%%%%%%%%%%%%%%%%%%%%%%%%%%%%%%%%%%%%%%%%%%%%%%
RF_BET:0-th Final RMSD: 1.040586, Final P: 0.789021, Final R^2: 0.602777
RF_AE :0-th Final RMSD: 1.126844, Final P: 0.749561, Final R^2: 0.534193
RF_ECFP :0-th Final RMSD: 0.954157, Final P: 0.816159, Final R^2: 0.666022
RF_AE_BET    :0-th Final RMSD: 1.063441, Final P: 0.786661, Final R^2: 0.585137
RF_AE_ECFP    :0-th Final RMSD: 0.988581, Final P: 0.812782, Final R^2: 0.641489
RF_BET_ECFP    :0-th Final RMSD: 0.950474, Final P: 0.826064, Final R^2: 0.668595
RF_AE_BET_ECFP    :0-th Final RMSD: 0.987893, Final P: 0.817373, Final R^2: 0.641988
0-th RF_AE的BA值 ：-11.433877
0-th RF_BET的BA值：-11.551463
0-th RF_ECFP的BA值 ：-12.065290
0-th RF_AE_BET的BA值：-11.469268
0-th RF_AE_ECFP的BA值    ：-11.644055
0-th RF_BET_ECFP的BA值    ：-11.692504
0-th RF_AE_BET_ECFP的BA值    ：-11.551042
total time: 3.8559760800997416 h
