size of data: (313,)
size of train size: 250
RF parameter
Namespace(n_estimators=10000, dataset='CHEMBL3785', max_depth=7, min_samples_split=3, min_samples_leaf=1, criterion='mse', random_seed=0)
fold= 1
>>>>>>>>>>>>>training.............
###############################################RF#####################################################
RF_BET的BA值：-11.541581009517444
RF_BET:RMSD: 0.910688, P: 0.812089, R^2: 0.641306
RF_AE的BA值 ：-9.947432884466755
RF_AE :RMSD: 1.269191, P: 0.851615, R^2: 0.303311
RF_ECFP的BA值 ：-11.473727656161078
RF_ECFP :RMSD: 0.893128, P: 0.822505, R^2: 0.655005
RF_AE_BET的BA值    ：-10.7445069469921
RF_AE_BET    :RMSD: 1.029608, P: 0.839891, R^2: 0.541511
RF_AE_ECFP的BA值    ：-10.710580270313915
RF_AE_ECFP    :RMSD: 1.004536, P: 0.852582, R^2: 0.563569
RF_BET_ECFP的BA值    ：-11.50765433283926
RF_BET_ECFP    :RMSD: 0.882570, P: 0.828577, R^2: 0.663114
RF_AE_BET_ECFP的BA值    ：-10.987580516715092
RF_AE_BET_ECFP    :RMSD: 0.951874, P: 0.844104, R^2: 0.608128
fold= 2
>>>>>>>>>>>>>training.............
###############################################RF#####################################################
RF_BET的BA值：-11.13094431043715
RF_BET:RMSD: 0.909038, P: 0.702467, R^2: 0.438190
RF_AE的BA值 ：-11.09094892937722
RF_AE :RMSD: 0.874138, P: 0.723860, R^2: 0.480500
RF_ECFP的BA值 ：-11.010833070238933
RF_ECFP :RMSD: 0.818511, P: 0.757101, R^2: 0.544514
RF_AE_BET的BA值    ：-11.110946619907185
RF_AE_BET    :RMSD: 0.877417, P: 0.723197, R^2: 0.476595
RF_AE_ECFP的BA值    ：-10.978309563768063
RF_AE_ECFP    :RMSD: 0.807302, P: 0.756007, R^2: 0.556904
RF_BET_ECFP的BA值    ：-10.998307254298027
RF_BET_ECFP    :RMSD: 0.817786, P: 0.751243, R^2: 0.545321
RF_AE_BET_ECFP的BA值    ：-11.029187812657758
RF_AE_BET_ECFP    :RMSD: 0.823344, P: 0.749375, R^2: 0.539119
fold= 3
>>>>>>>>>>>>>training.............
###############################################RF#####################################################
RF_BET的BA值：-11.61169783030527
RF_BET:RMSD: 0.850417, P: 0.790717, R^2: 0.575727
RF_AE的BA值 ：-11.359982301144962
RF_AE :RMSD: 0.836711, P: 0.786247, R^2: 0.589293
RF_ECFP的BA值 ：-11.326293271732252
RF_ECFP :RMSD: 0.869729, P: 0.765076, R^2: 0.556239
RF_AE_BET的BA值    ：-11.485840065725116
RF_AE_BET    :RMSD: 0.827315, P: 0.799677, R^2: 0.598465
RF_AE_ECFP的BA值    ：-11.343137786438607
RF_AE_ECFP    :RMSD: 0.838254, P: 0.785597, R^2: 0.587777
RF_BET_ECFP的BA值    ：-11.468995551018761
RF_BET_ECFP    :RMSD: 0.825505, P: 0.802725, R^2: 0.600221
RF_AE_BET_ECFP的BA值    ：-11.432657801060827
RF_AE_BET_ECFP    :RMSD: 0.822908, P: 0.801570, R^2: 0.602732
fold= 4
>>>>>>>>>>>>>training.............
###############################################RF#####################################################
RF_BET的BA值：-11.4424393360532
RF_BET:RMSD: 0.900081, P: 0.746344, R^2: 0.506238
RF_AE的BA值 ：-11.15604820446791
RF_AE :RMSD: 0.953265, P: 0.707812, R^2: 0.446164
RF_ECFP的BA值 ：-11.114122296036344
RF_ECFP :RMSD: 0.808513, P: 0.778040, R^2: 0.601592
RF_AE_BET的BA值    ：-11.299243770260555
RF_AE_BET    :RMSD: 0.907643, P: 0.743460, R^2: 0.497908
RF_AE_ECFP的BA值    ：-11.135085250252127
RF_AE_ECFP    :RMSD: 0.856810, P: 0.759112, R^2: 0.552572
RF_BET_ECFP的BA值    ：-11.278280816044772
RF_BET_ECFP    :RMSD: 0.819867, P: 0.783391, R^2: 0.590324
RF_AE_BET_ECFP的BA值    ：-11.237536612185819
RF_AE_BET_ECFP    :RMSD: 0.852964, P: 0.768285, R^2: 0.556580
fold= 5
>>>>>>>>>>>>>training.............
###############################################RF#####################################################
RF_BET的BA值：-11.121063825502146
RF_BET:RMSD: 0.819090, P: 0.884097, R^2: 0.712578
RF_AE的BA值 ：-10.988072418806166
RF_AE :RMSD: 0.885733, P: 0.851756, R^2: 0.663905
RF_ECFP的BA值 ：-11.046460716795254
RF_ECFP :RMSD: 0.797645, P: 0.871269, R^2: 0.727431
RF_AE_BET的BA值    ：-11.054568122154155
RF_AE_BET    :RMSD: 0.838957, P: 0.878429, R^2: 0.698466
RF_AE_ECFP的BA值    ：-11.01726656780071
RF_AE_ECFP    :RMSD: 0.816465, P: 0.876242, R^2: 0.714418
RF_BET_ECFP的BA值    ：-11.0837622711487
RF_BET_ECFP    :RMSD: 0.782402, P: 0.893596, R^2: 0.737750
RF_AE_BET_ECFP的BA值    ：-11.05186565370119
RF_AE_BET_ECFP    :RMSD: 0.805453, P: 0.887611, R^2: 0.722069
fold= 6
>>>>>>>>>>>>>training.............
###############################################RF#####################################################
RF_BET的BA值：-11.51771194922639
RF_BET:RMSD: 0.808672, P: 0.840745, R^2: 0.665620
RF_AE的BA值 ：-10.913986301827574
RF_AE :RMSD: 0.951925, P: 0.806893, R^2: 0.536659
RF_ECFP的BA值 ：-11.446471847991539
RF_ECFP :RMSD: 0.826766, P: 0.819454, R^2: 0.650489
RF_AE_BET的BA值    ：-11.126108727801025
RF_AE_BET    :RMSD: 0.851413, P: 0.850043, R^2: 0.629340
RF_AE_ECFP的BA值    ：-11.0904886771836
RF_AE_ECFP    :RMSD: 0.843937, P: 0.838269, R^2: 0.635820
RF_BET_ECFP的BA值    ：-11.482091898608964
RF_BET_ECFP    :RMSD: 0.791891, P: 0.847902, R^2: 0.679353
RF_AE_BET_ECFP的BA值    ：-11.232896434531197
RF_AE_BET_ECFP    :RMSD: 0.817397, P: 0.853054, R^2: 0.658365
fold= 7
>>>>>>>>>>>>>training.............
###############################################RF#####################################################
RF_BET的BA值：-11.137637435301551
RF_BET:RMSD: 0.796689, P: 0.833250, R^2: 0.676143
RF_AE的BA值 ：-10.062333522581806
RF_AE :RMSD: 1.067083, P: 0.808596, R^2: 0.419005
RF_ECFP的BA值 ：-11.219532051366851
RF_ECFP :RMSD: 0.832875, P: 0.812395, R^2: 0.646055
RF_AE_BET的BA值    ：-10.545861786378278
RF_AE_BET    :RMSD: 0.885244, P: 0.843416, R^2: 0.600145
RF_AE_ECFP的BA值    ：-10.56330597090668
RF_AE_ECFP    :RMSD: 0.849454, P: 0.829005, R^2: 0.631824
RF_BET_ECFP的BA值    ：-11.155081619829954
RF_BET_ECFP    :RMSD: 0.779697, P: 0.836652, R^2: 0.689809
RF_AE_BET_ECFP的BA值    ：-10.754749792371635
RF_AE_BET_ECFP    :RMSD: 0.815514, P: 0.842119, R^2: 0.660657
fold= 8
>>>>>>>>>>>>>training.............
###############################################RF#####################################################
RF_BET的BA值：-11.427173145833043
RF_BET:RMSD: 1.039336, P: 0.772969, R^2: 0.577526
RF_AE的BA值 ：-11.199751217076356
RF_AE :RMSD: 0.999848, P: 0.811380, R^2: 0.609018
RF_ECFP的BA值 ：-10.938387650087146
RF_ECFP :RMSD: 0.935398, P: 0.820817, R^2: 0.657798
RF_AE_BET的BA值    ：-11.293786420742006
RF_AE_BET    :RMSD: 1.001323, P: 0.806891, R^2: 0.607863
RF_AE_ECFP的BA值    ：-11.063230519856535
RF_AE_ECFP    :RMSD: 0.948027, P: 0.828396, R^2: 0.648496
RF_BET_ECFP的BA值    ：-11.157265723522187
RF_BET_ECFP    :RMSD: 0.954793, P: 0.821253, R^2: 0.643461
RF_AE_BET_ECFP的BA值    ：-11.17142755470691
RF_AE_BET_ECFP    :RMSD: 0.960165, P: 0.825098, R^2: 0.639437
fold= 9
>>>>>>>>>>>>>training.............
###############################################RF#####################################################
RF_BET的BA值：-11.002004573465536
RF_BET:RMSD: 0.811835, P: 0.823933, R^2: 0.527014
RF_AE的BA值 ：-9.929432676410313
RF_AE :RMSD: 1.185987, P: 0.815406, R^2: -0.009422
RF_ECFP的BA值 ：-11.189747869412313
RF_ECFP :RMSD: 0.726284, P: 0.805882, R^2: 0.621448
RF_AE_BET的BA值    ：-10.451675903072465
RF_AE_BET    :RMSD: 0.965567, P: 0.845736, R^2: 0.330921
RF_AE_ECFP的BA值    ：-10.543925950927445
RF_AE_ECFP    :RMSD: 0.886533, P: 0.837124, R^2: 0.435970
RF_BET_ECFP的BA值    ：-10.995952915103175
RF_BET_ECFP    :RMSD: 0.733823, P: 0.835518, R^2: 0.613548
RF_AE_BET_ECFP的BA值    ：-10.631084354295247
RF_AE_BET_ECFP    :RMSD: 0.845504, P: 0.847684, R^2: 0.486968
fold= 10
>>>>>>>>>>>>>training.............
###############################################RF#####################################################
RF_BET的BA值：-10.98950559614382
RF_BET:RMSD: 1.095889, P: 0.523781, R^2: 0.034679
RF_AE的BA值 ：-9.68786959227334
RF_AE :RMSD: 0.983277, P: 0.526944, R^2: 0.222875
RF_ECFP的BA值 ：-11.096062081224245
RF_ECFP :RMSD: 1.060180, P: 0.616959, R^2: 0.096562
RF_AE_BET的BA值    ：-10.30731709081805
RF_AE_BET    :RMSD: 0.939400, P: 0.548092, R^2: 0.290684
RF_AE_ECFP的BA值    ：-10.284606698276278
RF_AE_ECFP    :RMSD: 0.890782, P: 0.616148, R^2: 0.362204
RF_BET_ECFP的BA值    ：-10.996310080789957
RF_BET_ECFP    :RMSD: 1.030399, P: 0.601567, R^2: 0.146606
RF_AE_BET_ECFP的BA值    ：-10.498659328638437
RF_AE_BET_ECFP    :RMSD: 0.922494, P: 0.602157, R^2: 0.315985
@@@@@@@@@@@@@@@@@@@@@@@@@@@@@@@@@@@@@@@@@@@最终结果@@@@@@@@@@@@@@@@@@@@@@@@@@@@@@@@@@@@@@@@@@@@@@@@@@
@@@@@@@@@@@@@@@@@@@@@@@@@@@@@@@@@@@@@@@@@@@最终结果@@@@@@@@@@@@@@@@@@@@@@@@@@@@@@@@@@@@@@@@@@@@@@@@@@
%%%%%%%%%%%%%%%%%%%%%%%%%%%%%%%%%%%%%%%%%%%RF%%%%%%%%%%%%%%%%%%%%%%%%%%%%%%%%%%%%%%%%%%%%%%%%%%%%%%
RF_BET:0-th Final RMSD: 0.899298, Final P: 0.766109, Final R^2: 0.581610
RF_AE :0-th Final RMSD: 1.009298, Final P: 0.720349, Final R^2: 0.472998
RF_ECFP :0-th Final RMSD: 0.861256, Final P: 0.785953, Final R^2: 0.616259
RF_AE_BET    :0-th Final RMSD: 0.914778, Final P: 0.775443, Final R^2: 0.567082
RF_AE_ECFP    :0-th Final RMSD: 0.876251, Final P: 0.795498, Final R^2: 0.602780
RF_BET_ECFP    :0-th Final RMSD: 0.846154, Final P: 0.798982, Final R^2: 0.629599
RF_AE_BET_ECFP    :0-th Final RMSD: 0.863666, Final P: 0.800998, Final R^2: 0.614109
0-th RF_AE的BA值 ：-11.359982
0-th RF_BET的BA值：-11.611698
0-th RF_ECFP的BA值 ：-11.473728
0-th RF_AE_BET的BA值：-11.485840
0-th RF_AE_ECFP的BA值    ：-11.343138
0-th RF_BET_ECFP的BA值    ：-11.507654
0-th RF_AE_BET_ECFP的BA值    ：-11.432658
total time: 1.9345300226079094 h
