size of data: (314,)
size of train size: 251
RF parameter
Namespace(n_estimators=10000, dataset='CHEMBL4029', max_depth=7, min_samples_split=3, min_samples_leaf=1, criterion='mse', random_seed=0)
fold= 1
>>>>>>>>>>>>>training.............
###############################################RF#####################################################
RF_BET的BA值：-10.10422687359291
RF_BET:RMSD: 1.155024, P: 0.663927, R^2: 0.386246
RF_AE的BA值 ：-10.367962566864286
RF_AE :RMSD: 1.200826, P: 0.614961, R^2: 0.336605
RF_ECFP的BA值 ：-10.181142588252708
RF_ECFP :RMSD: 0.940613, P: 0.772427, R^2: 0.592963
RF_AE_BET的BA值    ：-10.0729513848025
RF_AE_BET    :RMSD: 1.171316, P: 0.647531, R^2: 0.368809
RF_AE_ECFP的BA值    ：-10.175295107546866
RF_AE_ECFP    :RMSD: 1.041052, P: 0.725596, R^2: 0.501394
RF_BET_ECFP的BA值    ：-9.998647636644872
RF_BET_ECFP    :RMSD: 1.022048, P: 0.740009, R^2: 0.519432
RF_AE_BET_ECFP的BA值    ：-10.042843472611482
RF_AE_BET_ECFP    :RMSD: 1.071893, P: 0.712524, R^2: 0.471414
fold= 2
>>>>>>>>>>>>>training.............
###############################################RF#####################################################
RF_BET的BA值：-10.627340138414391
RF_BET:RMSD: 1.025323, P: 0.671365, R^2: 0.430727
RF_AE的BA值 ：-10.342158090343462
RF_AE :RMSD: 1.156689, P: 0.526317, R^2: 0.275511
RF_ECFP的BA值 ：-10.531685301397973
RF_ECFP :RMSD: 1.168675, P: 0.529279, R^2: 0.260418
RF_AE_BET的BA值    ：-10.484749114378927
RF_AE_BET    :RMSD: 1.076511, P: 0.618143, R^2: 0.372468
RF_AE_ECFP的BA值    ：-10.436921695870717
RF_AE_ECFP    :RMSD: 1.139665, P: 0.547593, R^2: 0.296679
RF_BET_ECFP的BA值    ：-10.579512719906182
RF_BET_ECFP    :RMSD: 1.059147, P: 0.634125, R^2: 0.392549
RF_AE_BET_ECFP的BA值    ：-10.500394510051942
RF_AE_BET_ECFP    :RMSD: 1.083359, P: 0.609014, R^2: 0.364459
fold= 3
>>>>>>>>>>>>>training.............
###############################################RF#####################################################
RF_BET的BA值：-10.598330690824824
RF_BET:RMSD: 1.201338, P: 0.644820, R^2: 0.311617
RF_AE的BA值 ：-10.327687313565054
RF_AE :RMSD: 1.119637, P: 0.734723, R^2: 0.402064
RF_ECFP的BA值 ：-10.346125836605866
RF_ECFP :RMSD: 1.162881, P: 0.643077, R^2: 0.354985
RF_AE_BET的BA值    ：-10.463009002194939
RF_AE_BET    :RMSD: 1.153552, P: 0.695542, R^2: 0.365291
RF_AE_ECFP的BA值    ：-10.325464390807948
RF_AE_ECFP    :RMSD: 1.120461, P: 0.698365, R^2: 0.401184
RF_BET_ECFP的BA值    ：-10.431559236009134
RF_BET_ECFP    :RMSD: 1.161910, P: 0.658726, R^2: 0.356061
RF_AE_BET_ECFP的BA值    ：-10.396935261861108
RF_AE_BET_ECFP    :RMSD: 1.139957, P: 0.688190, R^2: 0.380164
fold= 4
>>>>>>>>>>>>>training.............
###############################################RF#####################################################
RF_BET的BA值：-10.768505965459635
RF_BET:RMSD: 1.107917, P: 0.534942, R^2: 0.267884
RF_AE的BA值 ：-10.488767332034287
RF_AE :RMSD: 1.097373, P: 0.546900, R^2: 0.281752
RF_ECFP的BA值 ：-10.795433275317244
RF_ECFP :RMSD: 1.007480, P: 0.653487, R^2: 0.394606
RF_AE_BET的BA值    ：-10.628636648746962
RF_AE_BET    :RMSD: 1.088092, P: 0.551644, R^2: 0.293849
RF_AE_ECFP的BA值    ：-10.642100303675765
RF_AE_ECFP    :RMSD: 0.997654, P: 0.640333, R^2: 0.406357
RF_BET_ECFP的BA值    ：-10.78196962038844
RF_BET_ECFP    :RMSD: 1.015598, P: 0.626841, R^2: 0.384810
RF_AE_BET_ECFP的BA值    ：-10.68423552427039
RF_AE_BET_ECFP    :RMSD: 1.021767, P: 0.617526, R^2: 0.377314
fold= 5
>>>>>>>>>>>>>training.............
###############################################RF#####################################################
RF_BET的BA值：-10.254817749579736
RF_BET:RMSD: 1.258662, P: 0.630803, R^2: 0.301179
RF_AE的BA值 ：-9.89429075729434
RF_AE :RMSD: 1.280762, P: 0.657562, R^2: 0.276423
RF_ECFP的BA值 ：-10.431361965801898
RF_ECFP :RMSD: 1.335072, P: 0.528703, R^2: 0.213757
RF_AE_BET的BA值    ：-10.07455425343704
RF_AE_BET    :RMSD: 1.263928, P: 0.649326, R^2: 0.295320
RF_AE_ECFP的BA值    ：-10.131660852208784
RF_AE_ECFP    :RMSD: 1.284721, P: 0.591998, R^2: 0.271943
RF_BET_ECFP的BA值    ：-10.311924348351482
RF_BET_ECFP    :RMSD: 1.280499, P: 0.584692, R^2: 0.276721
RF_AE_BET_ECFP的BA值    ：-10.172713151332436
RF_AE_BET_ECFP    :RMSD: 1.271211, P: 0.610207, R^2: 0.287175
fold= 6
>>>>>>>>>>>>>training.............
###############################################RF#####################################################
RF_BET的BA值：-10.117657955308413
RF_BET:RMSD: 0.676028, P: 0.864101, R^2: 0.690192
RF_AE的BA值 ：-9.971347445184213
RF_AE :RMSD: 0.725030, P: 0.857360, R^2: 0.643652
RF_ECFP的BA值 ：-10.158450564510533
RF_ECFP :RMSD: 0.675989, P: 0.856897, R^2: 0.690228
RF_AE_BET的BA值    ：-10.044502700246312
RF_AE_BET    :RMSD: 0.694069, P: 0.866018, R^2: 0.673436
RF_AE_ECFP的BA值    ：-10.064899004847373
RF_AE_ECFP    :RMSD: 0.662990, P: 0.894820, R^2: 0.702027
RF_BET_ECFP的BA值    ：-10.138054259909474
RF_BET_ECFP    :RMSD: 0.632132, P: 0.898719, R^2: 0.729119
RF_AE_BET_ECFP的BA值    ：-10.08248532166772
RF_AE_BET_ECFP    :RMSD: 0.653526, P: 0.895976, R^2: 0.710473
fold= 7
>>>>>>>>>>>>>training.............
###############################################RF#####################################################
RF_BET的BA值：-10.619441535343793
RF_BET:RMSD: 0.658587, P: 0.846387, R^2: 0.671127
RF_AE的BA值 ：-10.396424827557492
RF_AE :RMSD: 0.681839, P: 0.869770, R^2: 0.647495
RF_ECFP的BA值 ：-10.664093351287784
RF_ECFP :RMSD: 0.711043, P: 0.788789, R^2: 0.616653
RF_AE_BET的BA值    ：-10.507933181450642
RF_AE_BET    :RMSD: 0.653386, P: 0.874300, R^2: 0.676301
RF_AE_ECFP的BA值    ：-10.530259089422639
RF_AE_ECFP    :RMSD: 0.653072, P: 0.861409, R^2: 0.676613
RF_BET_ECFP的BA值    ：-10.64176744331579
RF_BET_ECFP    :RMSD: 0.621828, P: 0.872469, R^2: 0.706815
RF_AE_BET_ECFP的BA值    ：-10.559986571396356
RF_AE_BET_ECFP    :RMSD: 0.628590, P: 0.884341, R^2: 0.700405
fold= 8
>>>>>>>>>>>>>training.............
###############################################RF#####################################################
RF_BET的BA值：-10.621918525905128
RF_BET:RMSD: 0.828933, P: 0.855506, R^2: 0.680227
RF_AE的BA值 ：-10.514798947290172
RF_AE :RMSD: 0.866772, P: 0.874161, R^2: 0.650366
RF_ECFP的BA值 ：-10.550385519582376
RF_ECFP :RMSD: 0.749494, P: 0.869456, R^2: 0.738580
RF_AE_BET的BA值    ：-10.535739390145238
RF_AE_BET    :RMSD: 0.835436, P: 0.872994, R^2: 0.675190
RF_AE_ECFP的BA值    ：-10.532592233436274
RF_AE_ECFP    :RMSD: 0.771296, P: 0.889240, R^2: 0.723150
RF_BET_ECFP的BA值    ：-10.566385471414819
RF_BET_ECFP    :RMSD: 0.764377, P: 0.876270, R^2: 0.728094
RF_AE_BET_ECFP的BA值    ：-10.527443732404995
RF_AE_BET_ECFP    :RMSD: 0.782327, P: 0.884406, R^2: 0.715174
fold= 9
>>>>>>>>>>>>>training.............
###############################################RF#####################################################
RF_BET的BA值：-10.172631865439671
RF_BET:RMSD: 1.053066, P: 0.642297, R^2: 0.362682
RF_AE的BA值 ：-10.298371302003943
RF_AE :RMSD: 1.044765, P: 0.631647, R^2: 0.372690
RF_ECFP的BA值 ：-10.412544627076635
RF_ECFP :RMSD: 0.951020, P: 0.701451, R^2: 0.480214
RF_AE_BET的BA值    ：-10.235501583721806
RF_AE_BET    :RMSD: 1.039469, P: 0.647545, R^2: 0.379033
RF_AE_ECFP的BA值    ：-10.355457964540289
RF_AE_ECFP    :RMSD: 0.969328, P: 0.696624, R^2: 0.460008
RF_BET_ECFP的BA值    ：-10.292588246258152
RF_BET_ECFP    :RMSD: 0.973865, P: 0.700455, R^2: 0.454942
RF_AE_BET_ECFP的BA值    ：-10.29451593150675
RF_AE_BET_ECFP    :RMSD: 0.987089, P: 0.690368, R^2: 0.440039
fold= 10
>>>>>>>>>>>>>training.............
###############################################RF#####################################################
RF_BET的BA值：-10.291624136242447
RF_BET:RMSD: 1.015139, P: 0.591968, R^2: 0.348921
RF_AE的BA值 ：-10.371089904326938
RF_AE :RMSD: 0.959456, P: 0.650875, R^2: 0.418389
RF_ECFP的BA值 ：-10.374410739020645
RF_ECFP :RMSD: 1.001903, P: 0.605617, R^2: 0.365789
RF_AE_BET的BA值    ：-10.192273542481843
RF_AE_BET    :RMSD: 0.979793, P: 0.629020, R^2: 0.393472
RF_AE_ECFP的BA值    ：-10.372750321673792
RF_AE_ECFP    :RMSD: 0.961044, P: 0.649220, R^2: 0.416462
RF_BET_ECFP的BA值    ：-10.229366772708534
RF_BET_ECFP    :RMSD: 0.989516, P: 0.617986, R^2: 0.381375
RF_AE_BET_ECFP的BA值    ：-10.237981434010472
RF_AE_BET_ECFP    :RMSD: 0.971602, P: 0.637768, R^2: 0.403571
@@@@@@@@@@@@@@@@@@@@@@@@@@@@@@@@@@@@@@@@@@@最终结果@@@@@@@@@@@@@@@@@@@@@@@@@@@@@@@@@@@@@@@@@@@@@@@@@@
@@@@@@@@@@@@@@@@@@@@@@@@@@@@@@@@@@@@@@@@@@@最终结果@@@@@@@@@@@@@@@@@@@@@@@@@@@@@@@@@@@@@@@@@@@@@@@@@@
%%%%%%%%%%%%%%%%%%%%%%%%%%%%%%%%%%%%%%%%%%%RF%%%%%%%%%%%%%%%%%%%%%%%%%%%%%%%%%%%%%%%%%%%%%%%%%%%%%%
RF_BET:0-th Final RMSD: 1.019152, Final P: 0.683215, Final R^2: 0.458381
RF_AE :0-th Final RMSD: 1.032638, Final P: 0.680520, Final R^2: 0.443953
RF_ECFP :0-th Final RMSD: 0.992704, Final P: 0.697444, Final R^2: 0.486127
RF_AE_BET    :0-th Final RMSD: 1.015859, Final P: 0.692754, Final R^2: 0.461876
RF_AE_ECFP    :0-th Final RMSD: 0.981489, Final P: 0.715001, Final R^2: 0.497673
RF_BET_ECFP    :0-th Final RMSD: 0.975172, Final P: 0.716152, Final R^2: 0.504118
RF_AE_BET_ECFP    :0-th Final RMSD: 0.982883, Final P: 0.716206, Final R^2: 0.496245
0-th RF_AE的BA值 ：-10.514799
0-th RF_BET的BA值：-10.768506
0-th RF_ECFP的BA值 ：-10.795433
0-th RF_AE_BET的BA值：-10.628637
0-th RF_AE_ECFP的BA值    ：-10.642100
0-th RF_BET_ECFP的BA值    ：-10.781970
0-th RF_AE_BET_ECFP的BA值    ：-10.684236
total time: 1.9611656567785476 h
